Trial 143 finished with value: 0.6734491278058161 and parameters: {'n_components': 10, 'max_depth': 10}. Best is trial 2 with value: 0.7649568505386313.
Trial 144 finished with value: 0.626272831686935 and parameters: {'n_components': 5, 'max_depth': 19}. Best is trial 2 with value: 0.7649568505386313.
Trial 150 finished with value: 0.6497916866753052 and parameters: {'n_components': 9, 'max_depth': 16}. Best is trial 2 with value: 0.7649568505386313.
Trial 137 finished with value: 0.6462124781425526 and parameters: {'n_components': 9, 'max_depth': 18}. Best is trial 2 with value: 0.7649568505386313.
Trial 149 finished with value: 0.6321693957776072 and parameters: {'n_components': 4, 'max_depth': 8}. Best is trial 2 with value: 0.7649568505386313.
Trial 154 finished with value: 0.7198241049468488 and parameters: {'n_components': 8, 'max_depth': 6}. Best is trial 2 with value: 0.7649568505386313.
Trial 155 finished with value: 0.2814194348080986 and parameters: {'n_components': 1, 'max_depth': 2}. Best is trial 2 with value: 0.7649568505386313.
Trial 156 finished with value: 0.6769559142937706 and parameters: {'n_components': 8, 'max_depth': 8}. Best is trial 2 with value: 0.7649568505386313.
Trial 153 finished with value: 0.7416184586068247 and parameters: {'n_components': 3, 'max_depth': 3}. Best is trial 2 with value: 0.7649568505386313.
Trial 151 finished with value: 0.6410897655839346 and parameters: {'n_components': 9, 'max_depth': 13}. Best is trial 2 with value: 0.7649568505386313.
Trial 148 finished with value: 0.5422484575502416 and parameters: {'n_components': 1, 'max_depth': 16}. Best is trial 2 with value: 0.7649568505386313.
Trial 158 finished with value: 0.6424633492505444 and parameters: {'n_components': 6, 'max_depth': 8}. Best is trial 2 with value: 0.7649568505386313.
Trial 162 finished with value: 0.5356330686639534 and parameters: {'n_components': 1, 'max_depth': 20}. Best is trial 2 with value: 0.7649568505386313.
Trial 159 finished with value: 0.625291075075172 and parameters: {'n_components': 3, 'max_depth': 2}. Best is trial 2 with value: 0.7649568505386313.
Trial 163 finished with value: 0.6442651246198509 and parameters: {'n_components': 8, 'max_depth': 10}. Best is trial 2 with value: 0.7649568505386313.
Trial 161 finished with value: 0.6079171976129114 and parameters: {'n_components': 4, 'max_depth': 19}. Best is trial 2 with value: 0.7649568505386313.
Trial 152 finished with value: 0.6709568831991705 and parameters: {'n_components': 5, 'max_depth': 8}. Best is trial 2 with value: 0.7649568505386313.
Trial 160 finished with value: 0.6301025033285812 and parameters: {'n_components': 7, 'max_depth': 13}. Best is trial 2 with value: 0.7649568505386313.
Trial 172 finished with value: 0.6301164296665076 and parameters: {'n_components': 6, 'max_depth': 10}. Best is trial 2 with value: 0.7649568505386313.
Trial 157 finished with value: 0.6324808867094426 and parameters: {'n_components': 5, 'max_depth': 11}. Best is trial 2 with value: 0.7649568505386313.
Trial 173 finished with value: 0.6223071966188012 and parameters: {'n_components': 5, 'max_depth': 2}. Best is trial 2 with value: 0.7649568505386313.
Trial 170 finished with value: 0.640710736259401 and parameters: {'n_components': 9, 'max_depth': 18}. Best is trial 2 with value: 0.7649568505386313.
Trial 164 finished with value: 0.6596939282503433 and parameters: {'n_components': 4, 'max_depth': 7}. Best is trial 2 with value: 0.7649568505386313.
Trial 171 finished with value: 0.657606398868316 and parameters: {'n_components': 11, 'max_depth': 11}. Best is trial 2 with value: 0.7649568505386313.
Trial 169 finished with value: 0.6297586769180112 and parameters: {'n_components': 6, 'max_depth': 14}. Best is trial 2 with value: 0.7649568505386313.
Trial 165 finished with value: 0.6308148241020983 and parameters: {'n_components': 4, 'max_depth': 10}. Best is trial 2 with value: 0.7649568505386313.
Trial 168 finished with value: 0.7196267953091018 and parameters: {'n_components': 8, 'max_depth': 6}. Best is trial 2 with value: 0.7649568505386313.
Trial 166 finished with value: 0.6409900507269063 and parameters: {'n_components': 6, 'max_depth': 8}. Best is trial 2 with value: 0.7649568505386313.
Trial 167 finished with value: 0.6109239616197192 and parameters: {'n_components': 3, 'max_depth': 13}. Best is trial 2 with value: 0.7649568505386313.
Trial 180 finished with value: 0.6546263094036058 and parameters: {'n_components': 5, 'max_depth': 9}. Best is trial 2 with value: 0.7649568505386313.
Trial 178 finished with value: 0.6870266780484894 and parameters: {'n_components': 11, 'max_depth': 8}. Best is trial 2 with value: 0.7649568505386313.
Trial 174 finished with value: 0.6643299709750509 and parameters: {'n_components': 5, 'max_depth': 7}. Best is trial 2 with value: 0.7649568505386313.
Trial 176 finished with value: 0.6317563967411574 and parameters: {'n_components': 5, 'max_depth': 9}. Best is trial 2 with value: 0.7649568505386313.
Trial 175 finished with value: 0.6652637813175384 and parameters: {'n_components': 10, 'max_depth': 8}. Best is trial 2 with value: 0.7649568505386313.
Trial 187 finished with value: 0.7648173933979423 and parameters: {'n_components': 2, 'max_depth': 4}. Best is trial 2 with value: 0.7649568505386313.
Trial 182 finished with value: 0.6468038693118385 and parameters: {'n_components': 7, 'max_depth': 18}. Best is trial 2 with value: 0.7649568505386313.
Trial 184 finished with value: 0.6913066187288833 and parameters: {'n_components': 10, 'max_depth': 8}. Best is trial 2 with value: 0.7649568505386313.
Trial 179 finished with value: 0.6990806737143305 and parameters: {'n_components': 6, 'max_depth': 6}. Best is trial 2 with value: 0.7649568505386313.
Trial 186 finished with value: 0.6512550267944103 and parameters: {'n_components': 7, 'max_depth': 8}. Best is trial 2 with value: 0.7649568505386313.
Trial 181 finished with value: 0.6585386133842819 and parameters: {'n_components': 2, 'max_depth': 10}. Best is trial 2 with value: 0.7649568505386313.
Trial 185 finished with value: 0.6213861766059996 and parameters: {'n_components': 9, 'max_depth': 20}. Best is trial 2 with value: 0.7649568505386313.
Trial 189 finished with value: 0.7640022858025428 and parameters: {'n_components': 11, 'max_depth': 4}. Best is trial 2 with value: 0.7649568505386313.
Trial 190 finished with value: 0.6848901825870944 and parameters: {'n_components': 11, 'max_depth': 14}. Best is trial 2 with value: 0.7649568505386313.
Trial 177 finished with value: 0.6712894670610653 and parameters: {'n_components': 6, 'max_depth': 10}. Best is trial 2 with value: 0.7649568505386313.
Trial 194 finished with value: 0.6206562312115802 and parameters: {'n_components': 2, 'max_depth': 2}. Best is trial 2 with value: 0.7649568505386313.
Trial 195 finished with value: 0.6363533473363693 and parameters: {'n_components': 5, 'max_depth': 16}. Best is trial 2 with value: 0.7649568505386313.
Trial 198 finished with value: 0.6317188579963773 and parameters: {'n_components': 8, 'max_depth': 15}. Best is trial 2 with value: 0.7649568505386313.
Trial 193 finished with value: 0.6412157531428339 and parameters: {'n_components': 2, 'max_depth': 10}. Best is trial 2 with value: 0.7649568505386313.
Trial 188 finished with value: 0.7109067256617191 and parameters: {'n_components': 8, 'max_depth': 6}. Best is trial 2 with value: 0.7649568505386313.
Trial 199 finished with value: 0.6660830718735335 and parameters: {'n_components': 4, 'max_depth': 7}. Best is trial 2 with value: 0.7649568505386313.
Trial 191 finished with value: 0.6223071966188012 and parameters: {'n_components': 4, 'max_depth': 2}. Best is trial 2 with value: 0.7649568505386313.
Trial 192 finished with value: 0.5532462123730317 and parameters: {'n_components': 1, 'max_depth': 13}. Best is trial 2 with value: 0.7649568505386313.
Trial 183 finished with value: 0.67313550804432 and parameters: {'n_components': 10, 'max_depth': 20}. Best is trial 2 with value: 0.7649568505386313.
Trial 197 finished with value: 0.6784939431254273 and parameters: {'n_components': 11, 'max_depth': 10}. Best is trial 2 with value: 0.7649568505386313.
Trial 196 finished with value: 0.6226342250524939 and parameters: {'n_components': 7, 'max_depth': 14}. Best is trial 2 with value: 0.7649568505386313.
