Trial 256 finished with value: 14.246993899345398 and parameters: {'reg_l1': 0.03161034791018813, 'reg_l2': 0.3175826854621545, 'learning_rate': 0.0001, 'dropout': 0.4588524169212487, 'batch_size': 32, 'encoder_layer0_unit': 352, 'encoder_layer1_unit': 480, 'encoder_layer2_unit': 160, 'encoder_layer3_unit': 128, 'encoder_z_mean_layer0_unit': 128, 'encoder_z_mean_layer1_unit': 96, 'encoder_z_log_var_layer0_unit': 32, 'encoder_z_log_var_layer1_unit': 64, 'decoder_layer0_unit': 352, 'decoder_layer1_unit': 256, 'decoder_layer2_unit': 384, 'decoder_layer3_unit': 32, 'decoder_layer4_unit': 192, 'decoder_layer5_unit': 480}. Best is trial 200 with value: 14.215638160705566.
Trial 257 finished with value: 112.85201072692871 and parameters: {'reg_l1': 0.16183925992016934, 'reg_l2': 0.8772472294458626, 'learning_rate': 0.0005, 'dropout': 0.49547718927357287, 'batch_size': 256, 'encoder_layer0_unit': 288, 'encoder_layer1_unit': 192, 'encoder_layer2_unit': 160, 'encoder_layer3_unit': 384, 'encoder_z_mean_layer0_unit': 64, 'encoder_z_mean_layer1_unit': 96, 'encoder_z_log_var_layer0_unit': 32, 'encoder_z_log_var_layer1_unit': 32, 'decoder_layer0_unit': 64, 'decoder_layer1_unit': 288, 'decoder_layer2_unit': 352, 'decoder_layer3_unit': 416, 'decoder_layer4_unit': 384, 'decoder_layer5_unit': 96}. Best is trial 200 with value: 14.215638160705566.
Trial 258 finished with value: 99.53018474578857 and parameters: {'reg_l1': 0.8430712866031749, 'reg_l2': 0.7832606363287895, 'learning_rate': 0.01, 'dropout': 0.07008925529683258, 'batch_size': 224, 'encoder_layer0_unit': 352, 'encoder_layer1_unit': 256, 'encoder_layer2_unit': 288, 'encoder_layer3_unit': 160, 'encoder_z_mean_layer0_unit': 64, 'encoder_z_mean_layer1_unit': 64, 'encoder_z_log_var_layer0_unit': 32, 'encoder_z_log_var_layer1_unit': 96, 'decoder_layer0_unit': 384, 'decoder_layer1_unit': 128, 'decoder_layer2_unit': 416, 'decoder_layer3_unit': 32, 'decoder_layer4_unit': 256, 'decoder_layer5_unit': 288}. Best is trial 200 with value: 14.215638160705566.
Trial 259 finished with value: 98.8284740447998 and parameters: {'reg_l1': 0.0745631098111299, 'reg_l2': 0.9332670302981434, 'learning_rate': 0.0005, 'dropout': 0.3924451675264581, 'batch_size': 224, 'encoder_layer0_unit': 224, 'encoder_layer1_unit': 352, 'encoder_layer2_unit': 256, 'encoder_layer3_unit': 256, 'encoder_z_mean_layer0_unit': 128, 'encoder_z_mean_layer1_unit': 96, 'encoder_z_log_var_layer0_unit': 64, 'encoder_z_log_var_layer1_unit': 128, 'decoder_layer0_unit': 128, 'decoder_layer1_unit': 256, 'decoder_layer2_unit': 288, 'decoder_layer3_unit': 32, 'decoder_layer4_unit': 32, 'decoder_layer5_unit': 256}. Best is trial 200 with value: 14.215638160705566.
Trial 260 finished with value: 112.83895111083984 and parameters: {'reg_l1': 0.6089876339258671, 'reg_l2': 0.8094622806004356, 'learning_rate': 0.01, 'dropout': 0.02479798601718991, 'batch_size': 256, 'encoder_layer0_unit': 288, 'encoder_layer1_unit': 480, 'encoder_layer2_unit': 192, 'encoder_layer3_unit': 416, 'encoder_z_mean_layer0_unit': 64, 'encoder_z_mean_layer1_unit': 64, 'encoder_z_log_var_layer0_unit': 64, 'encoder_z_log_var_layer1_unit': 32, 'decoder_layer0_unit': 224, 'decoder_layer1_unit': 320, 'decoder_layer2_unit': 96, 'decoder_layer3_unit': 384, 'decoder_layer4_unit': 352, 'decoder_layer5_unit': 352}. Best is trial 200 with value: 14.215638160705566.
Trial 261 finished with value: 85.03012466430664 and parameters: {'reg_l1': 0.04635189383500948, 'reg_l2': 0.12243253102935636, 'learning_rate': 0.0001, 'dropout': 0.18350717595344762, 'batch_size': 192, 'encoder_layer0_unit': 224, 'encoder_layer1_unit': 384, 'encoder_layer2_unit': 160, 'encoder_layer3_unit': 384, 'encoder_z_mean_layer0_unit': 32, 'encoder_z_mean_layer1_unit': 64, 'encoder_z_log_var_layer0_unit': 96, 'encoder_z_log_var_layer1_unit': 32, 'decoder_layer0_unit': 64, 'decoder_layer1_unit': 416, 'decoder_layer2_unit': 384, 'decoder_layer3_unit': 96, 'decoder_layer4_unit': 32, 'decoder_layer5_unit': 192}. Best is trial 200 with value: 14.215638160705566.
Trial 262 finished with value: 56.65566635131836 and parameters: {'reg_l1': 0.6380484627555542, 'reg_l2': 0.7493040624711743, 'learning_rate': 0.0001, 'dropout': 0.3926745327382512, 'batch_size': 128, 'encoder_layer0_unit': 448, 'encoder_layer1_unit': 160, 'encoder_layer2_unit': 352, 'encoder_layer3_unit': 320, 'encoder_z_mean_layer0_unit': 96, 'encoder_z_mean_layer1_unit': 128, 'encoder_z_log_var_layer0_unit': 32, 'encoder_z_log_var_layer1_unit': 96, 'decoder_layer0_unit': 384, 'decoder_layer1_unit': 128, 'decoder_layer2_unit': 448, 'decoder_layer3_unit': 192, 'decoder_layer4_unit': 288, 'decoder_layer5_unit': 128}. Best is trial 200 with value: 14.215638160705566.
Trial 263 finished with value: 28.433619022369385 and parameters: {'reg_l1': 0.8199895801561735, 'reg_l2': 0.14336818386535544, 'learning_rate': 0.0001, 'dropout': 0.2466667248564054, 'batch_size': 64, 'encoder_layer0_unit': 192, 'encoder_layer1_unit': 128, 'encoder_layer2_unit': 448, 'encoder_layer3_unit': 192, 'encoder_z_mean_layer0_unit': 32, 'encoder_z_mean_layer1_unit': 32, 'encoder_z_log_var_layer0_unit': 128, 'encoder_z_log_var_layer1_unit': 96, 'decoder_layer0_unit': 288, 'decoder_layer1_unit': 320, 'decoder_layer2_unit': 160, 'decoder_layer3_unit': 96, 'decoder_layer4_unit': 192, 'decoder_layer5_unit': 128}. Best is trial 200 with value: 14.215638160705566.
Trial 264 finished with value: 28.429373502731323 and parameters: {'reg_l1': 0.8228843204748247, 'reg_l2': 0.7238620164673624, 'learning_rate': 0.0001, 'dropout': 0.2539980935392505, 'batch_size': 64, 'encoder_layer0_unit': 480, 'encoder_layer1_unit': 256, 'encoder_layer2_unit': 448, 'encoder_layer3_unit': 416, 'encoder_z_mean_layer0_unit': 32, 'encoder_z_mean_layer1_unit': 128, 'encoder_z_log_var_layer0_unit': 32, 'encoder_z_log_var_layer1_unit': 128, 'decoder_layer0_unit': 448, 'decoder_layer1_unit': 128, 'decoder_layer2_unit': 96, 'decoder_layer3_unit': 160, 'decoder_layer4_unit': 384, 'decoder_layer5_unit': 416}. Best is trial 200 with value: 14.215638160705566.
Trial 265 finished with value: 28.45650362968445 and parameters: {'reg_l1': 0.5671287708627822, 'reg_l2': 0.0486133766947523, 'learning_rate': 0.0001, 'dropout': 0.4685618789105079, 'batch_size': 64, 'encoder_layer0_unit': 448, 'encoder_layer1_unit': 480, 'encoder_layer2_unit': 416, 'encoder_layer3_unit': 192, 'encoder_z_mean_layer0_unit': 32, 'encoder_z_mean_layer1_unit': 96, 'encoder_z_log_var_layer0_unit': 96, 'encoder_z_log_var_layer1_unit': 128, 'decoder_layer0_unit': 32, 'decoder_layer1_unit': 320, 'decoder_layer2_unit': 320, 'decoder_layer3_unit': 32, 'decoder_layer4_unit': 96, 'decoder_layer5_unit': 224}. Best is trial 200 with value: 14.215638160705566.
Trial 266 finished with value: 70.68561267852783 and parameters: {'reg_l1': 0.7451212434771171, 'reg_l2': 0.23727888116849383, 'learning_rate': 0.0005, 'dropout': 0.43987676394802083, 'batch_size': 160, 'encoder_layer0_unit': 416, 'encoder_layer1_unit': 256, 'encoder_layer2_unit': 160, 'encoder_layer3_unit': 288, 'encoder_z_mean_layer0_unit': 32, 'encoder_z_mean_layer1_unit': 128, 'encoder_z_log_var_layer0_unit': 32, 'encoder_z_log_var_layer1_unit': 32, 'decoder_layer0_unit': 320, 'decoder_layer1_unit': 192, 'decoder_layer2_unit': 320, 'decoder_layer3_unit': 96, 'decoder_layer4_unit': 320, 'decoder_layer5_unit': 480}. Best is trial 200 with value: 14.215638160705566.
Trial 267 finished with value: 28.442166328430176 and parameters: {'reg_l1': 0.2730772766035954, 'reg_l2': 0.7840529748698056, 'learning_rate': 0.005, 'dropout': 0.05171876404683062, 'batch_size': 64, 'encoder_layer0_unit': 256, 'encoder_layer1_unit': 160, 'encoder_layer2_unit': 320, 'encoder_layer3_unit': 448, 'encoder_z_mean_layer0_unit': 32, 'encoder_z_mean_layer1_unit': 64, 'encoder_z_log_var_layer0_unit': 96, 'encoder_z_log_var_layer1_unit': 32, 'decoder_layer0_unit': 224, 'decoder_layer1_unit': 224, 'decoder_layer2_unit': 224, 'decoder_layer3_unit': 448, 'decoder_layer4_unit': 384, 'decoder_layer5_unit': 128}. Best is trial 200 with value: 14.215638160705566.
Trial 268 finished with value: 84.78527736663818 and parameters: {'reg_l1': 0.38276084945528177, 'reg_l2': 0.6872799580920573, 'learning_rate': 0.001, 'dropout': 0.486893694558644, 'batch_size': 192, 'encoder_layer0_unit': 128, 'encoder_layer1_unit': 288, 'encoder_layer2_unit': 384, 'encoder_layer3_unit': 128, 'encoder_z_mean_layer0_unit': 128, 'encoder_z_mean_layer1_unit': 64, 'encoder_z_log_var_layer0_unit': 96, 'encoder_z_log_var_layer1_unit': 64, 'decoder_layer0_unit': 128, 'decoder_layer1_unit': 64, 'decoder_layer2_unit': 352, 'decoder_layer3_unit': 352, 'decoder_layer4_unit': 224, 'decoder_layer5_unit': 32}. Best is trial 200 with value: 14.215638160705566.
Trial 269 finished with value: 112.72900581359863 and parameters: {'reg_l1': 0.020968750597949448, 'reg_l2': 0.6170758233404514, 'learning_rate': 0.001, 'dropout': 0.1731968888270793, 'batch_size': 256, 'encoder_layer0_unit': 288, 'encoder_layer1_unit': 320, 'encoder_layer2_unit': 480, 'encoder_layer3_unit': 256, 'encoder_z_mean_layer0_unit': 32, 'encoder_z_mean_layer1_unit': 128, 'encoder_z_log_var_layer0_unit': 32, 'encoder_z_log_var_layer1_unit': 32, 'decoder_layer0_unit': 384, 'decoder_layer1_unit': 480, 'decoder_layer2_unit': 256, 'decoder_layer3_unit': 320, 'decoder_layer4_unit': 384, 'decoder_layer5_unit': 192}. Best is trial 200 with value: 14.215638160705566.
Trial 270 finished with value: 42.50001287460327 and parameters: {'reg_l1': 0.17646268250804176, 'reg_l2': 0.6989829612666874, 'learning_rate': 0.005, 'dropout': 0.4941207707724238, 'batch_size': 96, 'encoder_layer0_unit': 160, 'encoder_layer1_unit': 416, 'encoder_layer2_unit': 320, 'encoder_layer3_unit': 416, 'encoder_z_mean_layer0_unit': 64, 'encoder_z_mean_layer1_unit': 64, 'encoder_z_log_var_layer0_unit': 96, 'encoder_z_log_var_layer1_unit': 128, 'decoder_layer0_unit': 128, 'decoder_layer1_unit': 224, 'decoder_layer2_unit': 128, 'decoder_layer3_unit': 416, 'decoder_layer4_unit': 96, 'decoder_layer5_unit': 352}. Best is trial 200 with value: 14.215638160705566.
Trial 271 finished with value: 84.77919864654541 and parameters: {'reg_l1': 0.38846267838369974, 'reg_l2': 0.10813092362196342, 'learning_rate': 0.0005, 'dropout': 0.07791947191827753, 'batch_size': 192, 'encoder_layer0_unit': 416, 'encoder_layer1_unit': 224, 'encoder_layer2_unit': 128, 'encoder_layer3_unit': 480, 'encoder_z_mean_layer0_unit': 96, 'encoder_z_mean_layer1_unit': 96, 'encoder_z_log_var_layer0_unit': 32, 'encoder_z_log_var_layer1_unit': 128, 'decoder_layer0_unit': 224, 'decoder_layer1_unit': 320, 'decoder_layer2_unit': 480, 'decoder_layer3_unit': 416, 'decoder_layer4_unit': 416, 'decoder_layer5_unit': 160}. Best is trial 200 with value: 14.215638160705566.
Trial 272 finished with value: 84.36100387573242 and parameters: {'reg_l1': 0.3667131396647534, 'reg_l2': 0.3479486068233435, 'learning_rate': 0.01, 'dropout': 0.2663358734799315, 'batch_size': 192, 'encoder_layer0_unit': 192, 'encoder_layer1_unit': 192, 'encoder_layer2_unit': 224, 'encoder_layer3_unit': 288, 'encoder_z_mean_layer0_unit': 64, 'encoder_z_mean_layer1_unit': 96, 'encoder_z_log_var_layer0_unit': 96, 'encoder_z_log_var_layer1_unit': 64, 'decoder_layer0_unit': 64, 'decoder_layer1_unit': 256, 'decoder_layer2_unit': 192, 'decoder_layer3_unit': 256, 'decoder_layer4_unit': 96, 'decoder_layer5_unit': 416}. Best is trial 200 with value: 14.215638160705566.
Trial 273 finished with value: 85.30244445800781 and parameters: {'reg_l1': 0.45457499244394406, 'reg_l2': 0.4715678646451139, 'learning_rate': 0.01, 'dropout': 0.21741478876312814, 'batch_size': 192, 'encoder_layer0_unit': 384, 'encoder_layer1_unit': 416, 'encoder_layer2_unit': 128, 'encoder_layer3_unit': 192, 'encoder_z_mean_layer0_unit': 96, 'encoder_z_mean_layer1_unit': 64, 'encoder_z_log_var_layer0_unit': 32, 'encoder_z_log_var_layer1_unit': 96, 'decoder_layer0_unit': 224, 'decoder_layer1_unit': 320, 'decoder_layer2_unit': 128, 'decoder_layer3_unit': 64, 'decoder_layer4_unit': 416, 'decoder_layer5_unit': 416}. Best is trial 200 with value: 14.215638160705566.
Trial 274 finished with value: 14.218690156936646 and parameters: {'reg_l1': 0.8917572491490757, 'reg_l2': 0.28695078178427413, 'learning_rate': 0.0005, 'dropout': 0.12589595834901968, 'batch_size': 32, 'encoder_layer0_unit': 480, 'encoder_layer1_unit': 352, 'encoder_layer2_unit': 160, 'encoder_layer3_unit': 352, 'encoder_z_mean_layer0_unit': 128, 'encoder_z_mean_layer1_unit': 128, 'encoder_z_log_var_layer0_unit': 96, 'encoder_z_log_var_layer1_unit': 96, 'decoder_layer0_unit': 192, 'decoder_layer1_unit': 480, 'decoder_layer2_unit': 256, 'decoder_layer3_unit': 160, 'decoder_layer4_unit': 96, 'decoder_layer5_unit': 256}. Best is trial 200 with value: 14.215638160705566.
Trial 275 finished with value: 14.2207111120224 and parameters: {'reg_l1': 0.23466747938868648, 'reg_l2': 0.05253600438571515, 'learning_rate': 0.01, 'dropout': 0.3705015491190059, 'batch_size': 32, 'encoder_layer0_unit': 256, 'encoder_layer1_unit': 128, 'encoder_layer2_unit': 192, 'encoder_layer3_unit': 416, 'encoder_z_mean_layer0_unit': 128, 'encoder_z_mean_layer1_unit': 64, 'encoder_z_log_var_layer0_unit': 96, 'encoder_z_log_var_layer1_unit': 32, 'decoder_layer0_unit': 448, 'decoder_layer1_unit': 128, 'decoder_layer2_unit': 64, 'decoder_layer3_unit': 32, 'decoder_layer4_unit': 416, 'decoder_layer5_unit': 32}. Best is trial 200 with value: 14.215638160705566.
Trial 276 finished with value: 112.8100700378418 and parameters: {'reg_l1': 0.1947219995884879, 'reg_l2': 0.6932573327817755, 'learning_rate': 0.01, 'dropout': 0.1902689110936837, 'batch_size': 256, 'encoder_layer0_unit': 480, 'encoder_layer1_unit': 416, 'encoder_layer2_unit': 288, 'encoder_layer3_unit': 448, 'encoder_z_mean_layer0_unit': 96, 'encoder_z_mean_layer1_unit': 128, 'encoder_z_log_var_layer0_unit': 96, 'encoder_z_log_var_layer1_unit': 128, 'decoder_layer0_unit': 448, 'decoder_layer1_unit': 448, 'decoder_layer2_unit': 352, 'decoder_layer3_unit': 160, 'decoder_layer4_unit': 128, 'decoder_layer5_unit': 128}. Best is trial 200 with value: 14.215638160705566.
Trial 277 finished with value: 42.54171085357666 and parameters: {'reg_l1': 0.5784742188821084, 'reg_l2': 0.16246505982974335, 'learning_rate': 0.0005, 'dropout': 0.2704269438026443, 'batch_size': 96, 'encoder_layer0_unit': 448, 'encoder_layer1_unit': 288, 'encoder_layer2_unit': 288, 'encoder_layer3_unit': 352, 'encoder_z_mean_layer0_unit': 128, 'encoder_z_mean_layer1_unit': 128, 'encoder_z_log_var_layer0_unit': 128, 'encoder_z_log_var_layer1_unit': 128, 'decoder_layer0_unit': 192, 'decoder_layer1_unit': 480, 'decoder_layer2_unit': 384, 'decoder_layer3_unit': 192, 'decoder_layer4_unit': 416, 'decoder_layer5_unit': 128}. Best is trial 200 with value: 14.215638160705566.
Trial 278 finished with value: 28.4389169216156 and parameters: {'reg_l1': 0.9016393741884267, 'reg_l2': 0.9917418782389852, 'learning_rate': 0.0001, 'dropout': 0.3149134227246934, 'batch_size': 64, 'encoder_layer0_unit': 448, 'encoder_layer1_unit': 192, 'encoder_layer2_unit': 256, 'encoder_layer3_unit': 352, 'encoder_z_mean_layer0_unit': 32, 'encoder_z_mean_layer1_unit': 32, 'encoder_z_log_var_layer0_unit': 32, 'encoder_z_log_var_layer1_unit': 96, 'decoder_layer0_unit': 480, 'decoder_layer1_unit': 352, 'decoder_layer2_unit': 224, 'decoder_layer3_unit': 192, 'decoder_layer4_unit': 384, 'decoder_layer5_unit': 288}. Best is trial 200 with value: 14.215638160705566.
Trial 279 finished with value: 14.24002754688263 and parameters: {'reg_l1': 0.5786692943283335, 'reg_l2': 0.7640252192385597, 'learning_rate': 0.0001, 'dropout': 0.4678251998046633, 'batch_size': 32, 'encoder_layer0_unit': 352, 'encoder_layer1_unit': 384, 'encoder_layer2_unit': 160, 'encoder_layer3_unit': 416, 'encoder_z_mean_layer0_unit': 64, 'encoder_z_mean_layer1_unit': 64, 'encoder_z_log_var_layer0_unit': 128, 'encoder_z_log_var_layer1_unit': 32, 'decoder_layer0_unit': 96, 'decoder_layer1_unit': 128, 'decoder_layer2_unit': 416, 'decoder_layer3_unit': 480, 'decoder_layer4_unit': 416, 'decoder_layer5_unit': 320}. Best is trial 200 with value: 14.215638160705566.
Trial 280 finished with value: 28.449098825454712 and parameters: {'reg_l1': 0.3919027355421265, 'reg_l2': 0.2955851999943365, 'learning_rate': 0.0005, 'dropout': 0.13478704900678423, 'batch_size': 64, 'encoder_layer0_unit': 224, 'encoder_layer1_unit': 192, 'encoder_layer2_unit': 416, 'encoder_layer3_unit': 160, 'encoder_z_mean_layer0_unit': 96, 'encoder_z_mean_layer1_unit': 96, 'encoder_z_log_var_layer0_unit': 32, 'encoder_z_log_var_layer1_unit': 64, 'decoder_layer0_unit': 320, 'decoder_layer1_unit': 96, 'decoder_layer2_unit': 320, 'decoder_layer3_unit': 288, 'decoder_layer4_unit': 288, 'decoder_layer5_unit': 480}. Best is trial 200 with value: 14.215638160705566.
Trial 281 finished with value: 56.735026836395264 and parameters: {'reg_l1': 0.7356376784060528, 'reg_l2': 0.9043729613854504, 'learning_rate': 0.005, 'dropout': 0.3714405309453685, 'batch_size': 128, 'encoder_layer0_unit': 448, 'encoder_layer1_unit': 384, 'encoder_layer2_unit': 448, 'encoder_layer3_unit': 384, 'encoder_z_mean_layer0_unit': 64, 'encoder_z_mean_layer1_unit': 64, 'encoder_z_log_var_layer0_unit': 128, 'encoder_z_log_var_layer1_unit': 96, 'decoder_layer0_unit': 320, 'decoder_layer1_unit': 448, 'decoder_layer2_unit': 480, 'decoder_layer3_unit': 128, 'decoder_layer4_unit': 96, 'decoder_layer5_unit': 352}. Best is trial 200 with value: 14.215638160705566.
Trial 282 finished with value: 28.43914794921875 and parameters: {'reg_l1': 0.39518219488799855, 'reg_l2': 0.6231414547958024, 'learning_rate': 0.01, 'dropout': 0.1843416372899268, 'batch_size': 64, 'encoder_layer0_unit': 256, 'encoder_layer1_unit': 384, 'encoder_layer2_unit': 352, 'encoder_layer3_unit': 320, 'encoder_z_mean_layer0_unit': 32, 'encoder_z_mean_layer1_unit': 128, 'encoder_z_log_var_layer0_unit': 128, 'encoder_z_log_var_layer1_unit': 32, 'decoder_layer0_unit': 32, 'decoder_layer1_unit': 160, 'decoder_layer2_unit': 384, 'decoder_layer3_unit': 128, 'decoder_layer4_unit': 320, 'decoder_layer5_unit': 64}. Best is trial 200 with value: 14.215638160705566.
Trial 283 finished with value: 56.650935649871826 and parameters: {'reg_l1': 0.9938261128900472, 'reg_l2': 0.4085925323333349, 'learning_rate': 0.0005, 'dropout': 0.24175209161339178, 'batch_size': 128, 'encoder_layer0_unit': 128, 'encoder_layer1_unit': 416, 'encoder_layer2_unit': 416, 'encoder_layer3_unit': 128, 'encoder_z_mean_layer0_unit': 32, 'encoder_z_mean_layer1_unit': 128, 'encoder_z_log_var_layer0_unit': 64, 'encoder_z_log_var_layer1_unit': 96, 'decoder_layer0_unit': 480, 'decoder_layer1_unit': 192, 'decoder_layer2_unit': 320, 'decoder_layer3_unit': 160, 'decoder_layer4_unit': 416, 'decoder_layer5_unit': 288}. Best is trial 200 with value: 14.215638160705566.
Trial 284 finished with value: 98.84189319610596 and parameters: {'reg_l1': 0.6934030535430374, 'reg_l2': 0.4940158857317376, 'learning_rate': 0.005, 'dropout': 0.3315165167234046, 'batch_size': 224, 'encoder_layer0_unit': 448, 'encoder_layer1_unit': 448, 'encoder_layer2_unit': 352, 'encoder_layer3_unit': 480, 'encoder_z_mean_layer0_unit': 96, 'encoder_z_mean_layer1_unit': 64, 'encoder_z_log_var_layer0_unit': 64, 'encoder_z_log_var_layer1_unit': 96, 'decoder_layer0_unit': 288, 'decoder_layer1_unit': 96, 'decoder_layer2_unit': 256, 'decoder_layer3_unit': 320, 'decoder_layer4_unit': 224, 'decoder_layer5_unit': 64}. Best is trial 200 with value: 14.215638160705566.
Trial 285 finished with value: 28.433512687683105 and parameters: {'reg_l1': 0.31370466391096263, 'reg_l2': 0.21219370580589947, 'learning_rate': 0.0005, 'dropout': 0.43997743990052685, 'batch_size': 64, 'encoder_layer0_unit': 416, 'encoder_layer1_unit': 128, 'encoder_layer2_unit': 192, 'encoder_layer3_unit': 480, 'encoder_z_mean_layer0_unit': 32, 'encoder_z_mean_layer1_unit': 128, 'encoder_z_log_var_layer0_unit': 128, 'encoder_z_log_var_layer1_unit': 96, 'decoder_layer0_unit': 160, 'decoder_layer1_unit': 96, 'decoder_layer2_unit': 96, 'decoder_layer3_unit': 352, 'decoder_layer4_unit': 96, 'decoder_layer5_unit': 384}. Best is trial 200 with value: 14.215638160705566.
Trial 286 finished with value: 28.441258907318115 and parameters: {'reg_l1': 0.8598227338488541, 'reg_l2': 0.43199277510641476, 'learning_rate': 0.005, 'dropout': 0.010545231829082402, 'batch_size': 64, 'encoder_layer0_unit': 224, 'encoder_layer1_unit': 256, 'encoder_layer2_unit': 480, 'encoder_layer3_unit': 128, 'encoder_z_mean_layer0_unit': 32, 'encoder_z_mean_layer1_unit': 96, 'encoder_z_log_var_layer0_unit': 96, 'encoder_z_log_var_layer1_unit': 32, 'decoder_layer0_unit': 320, 'decoder_layer1_unit': 64, 'decoder_layer2_unit': 160, 'decoder_layer3_unit': 224, 'decoder_layer4_unit': 480, 'decoder_layer5_unit': 448}. Best is trial 200 with value: 14.215638160705566.
Trial 287 finished with value: 112.22985553741455 and parameters: {'reg_l1': 0.9220566997744782, 'reg_l2': 0.7294384962094255, 'learning_rate': 0.005, 'dropout': 0.4586378256310269, 'batch_size': 256, 'encoder_layer0_unit': 128, 'encoder_layer1_unit': 480, 'encoder_layer2_unit': 416, 'encoder_layer3_unit': 320, 'encoder_z_mean_layer0_unit': 64, 'encoder_z_mean_layer1_unit': 96, 'encoder_z_log_var_layer0_unit': 128, 'encoder_z_log_var_layer1_unit': 128, 'decoder_layer0_unit': 32, 'decoder_layer1_unit': 160, 'decoder_layer2_unit': 128, 'decoder_layer3_unit': 480, 'decoder_layer4_unit': 448, 'decoder_layer5_unit': 448}. Best is trial 200 with value: 14.215638160705566.
