Trial 384 finished with value: 56.62915325164795 and parameters: {'reg_l1': 0.30036384962863016, 'reg_l2': 0.1186103006766025, 'learning_rate': 0.0001, 'dropout': 0.2752790040575777, 'batch_size': 128, 'encoder_layer0_unit': 480, 'encoder_layer1_unit': 128, 'encoder_layer2_unit': 448, 'encoder_layer3_unit': 224, 'encoder_z_mean_layer0_unit': 128, 'encoder_z_mean_layer1_unit': 96, 'encoder_z_log_var_layer0_unit': 96, 'encoder_z_log_var_layer1_unit': 96, 'decoder_layer0_unit': 480, 'decoder_layer1_unit': 320, 'decoder_layer2_unit': 352, 'decoder_layer3_unit': 416, 'decoder_layer4_unit': 256, 'decoder_layer5_unit': 192}. Best is trial 366 with value: 14.215428233146667.
Trial 385 finished with value: 56.73948574066162 and parameters: {'reg_l1': 0.43303334725125175, 'reg_l2': 0.871914480975232, 'learning_rate': 0.0001, 'dropout': 0.3816248052905327, 'batch_size': 128, 'encoder_layer0_unit': 288, 'encoder_layer1_unit': 416, 'encoder_layer2_unit': 160, 'encoder_layer3_unit': 160, 'encoder_z_mean_layer0_unit': 96, 'encoder_z_mean_layer1_unit': 32, 'encoder_z_log_var_layer0_unit': 96, 'encoder_z_log_var_layer1_unit': 128, 'decoder_layer0_unit': 32, 'decoder_layer1_unit': 160, 'decoder_layer2_unit': 32, 'decoder_layer3_unit': 384, 'decoder_layer4_unit': 192, 'decoder_layer5_unit': 256}. Best is trial 366 with value: 14.215428233146667.
Trial 386 finished with value: 14.246240377426147 and parameters: {'reg_l1': 0.6465381257189838, 'reg_l2': 0.8580746714368496, 'learning_rate': 0.0001, 'dropout': 0.44080128070781477, 'batch_size': 32, 'encoder_layer0_unit': 160, 'encoder_layer1_unit': 480, 'encoder_layer2_unit': 416, 'encoder_layer3_unit': 320, 'encoder_z_mean_layer0_unit': 128, 'encoder_z_mean_layer1_unit': 64, 'encoder_z_log_var_layer0_unit': 64, 'encoder_z_log_var_layer1_unit': 64, 'decoder_layer0_unit': 288, 'decoder_layer1_unit': 480, 'decoder_layer2_unit': 320, 'decoder_layer3_unit': 416, 'decoder_layer4_unit': 32, 'decoder_layer5_unit': 32}. Best is trial 366 with value: 14.215428233146667.
Trial 387 finished with value: 28.440086841583252 and parameters: {'reg_l1': 0.09654648231972951, 'reg_l2': 0.5336551749891617, 'learning_rate': 0.001, 'dropout': 0.32996105039533424, 'batch_size': 64, 'encoder_layer0_unit': 384, 'encoder_layer1_unit': 256, 'encoder_layer2_unit': 480, 'encoder_layer3_unit': 256, 'encoder_z_mean_layer0_unit': 128, 'encoder_z_mean_layer1_unit': 128, 'encoder_z_log_var_layer0_unit': 96, 'encoder_z_log_var_layer1_unit': 64, 'decoder_layer0_unit': 448, 'decoder_layer1_unit': 160, 'decoder_layer2_unit': 256, 'decoder_layer3_unit': 416, 'decoder_layer4_unit': 288, 'decoder_layer5_unit': 384}. Best is trial 366 with value: 14.215428233146667.
Trial 388 finished with value: 112.30108165740967 and parameters: {'reg_l1': 0.9311025639409102, 'reg_l2': 0.8989811833204715, 'learning_rate': 0.001, 'dropout': 0.0005922364381290568, 'batch_size': 256, 'encoder_layer0_unit': 192, 'encoder_layer1_unit': 320, 'encoder_layer2_unit': 448, 'encoder_layer3_unit': 128, 'encoder_z_mean_layer0_unit': 128, 'encoder_z_mean_layer1_unit': 96, 'encoder_z_log_var_layer0_unit': 128, 'encoder_z_log_var_layer1_unit': 32, 'decoder_layer0_unit': 96, 'decoder_layer1_unit': 416, 'decoder_layer2_unit': 192, 'decoder_layer3_unit': 224, 'decoder_layer4_unit': 480, 'decoder_layer5_unit': 448}. Best is trial 366 with value: 14.215428233146667.
Trial 389 finished with value: 56.64049768447876 and parameters: {'reg_l1': 0.8301546258621417, 'reg_l2': 0.9920528382601389, 'learning_rate': 0.0005, 'dropout': 0.42758680965502205, 'batch_size': 128, 'encoder_layer0_unit': 224, 'encoder_layer1_unit': 320, 'encoder_layer2_unit': 256, 'encoder_layer3_unit': 480, 'encoder_z_mean_layer0_unit': 32, 'encoder_z_mean_layer1_unit': 64, 'encoder_z_log_var_layer0_unit': 96, 'encoder_z_log_var_layer1_unit': 64, 'decoder_layer0_unit': 256, 'decoder_layer1_unit': 352, 'decoder_layer2_unit': 128, 'decoder_layer3_unit': 160, 'decoder_layer4_unit': 192, 'decoder_layer5_unit': 128}. Best is trial 366 with value: 14.215428233146667.
Trial 390 finished with value: 42.57252502441406 and parameters: {'reg_l1': 0.6653830166010377, 'reg_l2': 0.6023682004003684, 'learning_rate': 0.001, 'dropout': 0.33748871679243664, 'batch_size': 96, 'encoder_layer0_unit': 128, 'encoder_layer1_unit': 320, 'encoder_layer2_unit': 320, 'encoder_layer3_unit': 288, 'encoder_z_mean_layer0_unit': 128, 'encoder_z_mean_layer1_unit': 32, 'encoder_z_log_var_layer0_unit': 128, 'encoder_z_log_var_layer1_unit': 64, 'decoder_layer0_unit': 352, 'decoder_layer1_unit': 192, 'decoder_layer2_unit': 32, 'decoder_layer3_unit': 32, 'decoder_layer4_unit': 320, 'decoder_layer5_unit': 128}. Best is trial 366 with value: 14.215428233146667.
Trial 391 finished with value: 70.56116485595703 and parameters: {'reg_l1': 0.537478455938312, 'reg_l2': 0.7316357796689763, 'learning_rate': 0.005, 'dropout': 0.3032516732779616, 'batch_size': 160, 'encoder_layer0_unit': 384, 'encoder_layer1_unit': 352, 'encoder_layer2_unit': 352, 'encoder_layer3_unit': 128, 'encoder_z_mean_layer0_unit': 64, 'encoder_z_mean_layer1_unit': 32, 'encoder_z_log_var_layer0_unit': 64, 'encoder_z_log_var_layer1_unit': 64, 'decoder_layer0_unit': 256, 'decoder_layer1_unit': 224, 'decoder_layer2_unit': 416, 'decoder_layer3_unit': 64, 'decoder_layer4_unit': 480, 'decoder_layer5_unit': 320}. Best is trial 366 with value: 14.215428233146667.
Trial 392 finished with value: 98.96212768554688 and parameters: {'reg_l1': 0.6411554017822044, 'reg_l2': 0.2806959680912845, 'learning_rate': 0.0001, 'dropout': 0.4505555636098132, 'batch_size': 224, 'encoder_layer0_unit': 160, 'encoder_layer1_unit': 384, 'encoder_layer2_unit': 352, 'encoder_layer3_unit': 416, 'encoder_z_mean_layer0_unit': 128, 'encoder_z_mean_layer1_unit': 64, 'encoder_z_log_var_layer0_unit': 96, 'encoder_z_log_var_layer1_unit': 96, 'decoder_layer0_unit': 384, 'decoder_layer1_unit': 416, 'decoder_layer2_unit': 128, 'decoder_layer3_unit': 192, 'decoder_layer4_unit': 448, 'decoder_layer5_unit': 320}. Best is trial 366 with value: 14.215428233146667.
Trial 393 finished with value: 28.43737006187439 and parameters: {'reg_l1': 0.906096020974989, 'reg_l2': 0.66725858656929, 'learning_rate': 0.01, 'dropout': 0.1758460988003308, 'batch_size': 64, 'encoder_layer0_unit': 128, 'encoder_layer1_unit': 256, 'encoder_layer2_unit': 448, 'encoder_layer3_unit': 160, 'encoder_z_mean_layer0_unit': 96, 'encoder_z_mean_layer1_unit': 32, 'encoder_z_log_var_layer0_unit': 96, 'encoder_z_log_var_layer1_unit': 96, 'decoder_layer0_unit': 416, 'decoder_layer1_unit': 128, 'decoder_layer2_unit': 128, 'decoder_layer3_unit': 224, 'decoder_layer4_unit': 32, 'decoder_layer5_unit': 224}. Best is trial 366 with value: 14.215428233146667.
Trial 394 finished with value: 14.217731595039368 and parameters: {'reg_l1': 0.2618599657515054, 'reg_l2': 0.304179497364074, 'learning_rate': 0.001, 'dropout': 0.30877733402248786, 'batch_size': 32, 'encoder_layer0_unit': 128, 'encoder_layer1_unit': 352, 'encoder_layer2_unit': 256, 'encoder_layer3_unit': 352, 'encoder_z_mean_layer0_unit': 32, 'encoder_z_mean_layer1_unit': 96, 'encoder_z_log_var_layer0_unit': 64, 'encoder_z_log_var_layer1_unit': 64, 'decoder_layer0_unit': 160, 'decoder_layer1_unit': 288, 'decoder_layer2_unit': 128, 'decoder_layer3_unit': 352, 'decoder_layer4_unit': 256, 'decoder_layer5_unit': 288}. Best is trial 366 with value: 14.215428233146667.
Trial 395 finished with value: 56.727498054504395 and parameters: {'reg_l1': 0.6316225932328108, 'reg_l2': 0.38739707972287674, 'learning_rate': 0.0001, 'dropout': 0.2589466981369706, 'batch_size': 128, 'encoder_layer0_unit': 448, 'encoder_layer1_unit': 224, 'encoder_layer2_unit': 160, 'encoder_layer3_unit': 160, 'encoder_z_mean_layer0_unit': 96, 'encoder_z_mean_layer1_unit': 32, 'encoder_z_log_var_layer0_unit': 96, 'encoder_z_log_var_layer1_unit': 32, 'decoder_layer0_unit': 96, 'decoder_layer1_unit': 224, 'decoder_layer2_unit': 320, 'decoder_layer3_unit': 352, 'decoder_layer4_unit': 192, 'decoder_layer5_unit': 224}. Best is trial 366 with value: 14.215428233146667.
Trial 396 finished with value: 42.588542461395264 and parameters: {'reg_l1': 0.44753456469527586, 'reg_l2': 0.19671806115822277, 'learning_rate': 0.0001, 'dropout': 0.15040265779625084, 'batch_size': 96, 'encoder_layer0_unit': 320, 'encoder_layer1_unit': 320, 'encoder_layer2_unit': 160, 'encoder_layer3_unit': 416, 'encoder_z_mean_layer0_unit': 32, 'encoder_z_mean_layer1_unit': 64, 'encoder_z_log_var_layer0_unit': 128, 'encoder_z_log_var_layer1_unit': 128, 'decoder_layer0_unit': 192, 'decoder_layer1_unit': 384, 'decoder_layer2_unit': 96, 'decoder_layer3_unit': 32, 'decoder_layer4_unit': 160, 'decoder_layer5_unit': 192}. Best is trial 366 with value: 14.215428233146667.
Trial 397 finished with value: 28.438677310943604 and parameters: {'reg_l1': 0.8049452732697062, 'reg_l2': 0.9231823883659203, 'learning_rate': 0.005, 'dropout': 0.061375128156690884, 'batch_size': 64, 'encoder_layer0_unit': 352, 'encoder_layer1_unit': 352, 'encoder_layer2_unit': 224, 'encoder_layer3_unit': 160, 'encoder_z_mean_layer0_unit': 96, 'encoder_z_mean_layer1_unit': 32, 'encoder_z_log_var_layer0_unit': 96, 'encoder_z_log_var_layer1_unit': 128, 'decoder_layer0_unit': 128, 'decoder_layer1_unit': 384, 'decoder_layer2_unit': 64, 'decoder_layer3_unit': 384, 'decoder_layer4_unit': 480, 'decoder_layer5_unit': 96}. Best is trial 366 with value: 14.215428233146667.
Trial 398 finished with value: 56.61405658721924 and parameters: {'reg_l1': 0.700303187584125, 'reg_l2': 0.24646166097182554, 'learning_rate': 0.0005, 'dropout': 0.1170687976310914, 'batch_size': 128, 'encoder_layer0_unit': 288, 'encoder_layer1_unit': 128, 'encoder_layer2_unit': 384, 'encoder_layer3_unit': 480, 'encoder_z_mean_layer0_unit': 96, 'encoder_z_mean_layer1_unit': 64, 'encoder_z_log_var_layer0_unit': 32, 'encoder_z_log_var_layer1_unit': 64, 'decoder_layer0_unit': 448, 'decoder_layer1_unit': 416, 'decoder_layer2_unit': 480, 'decoder_layer3_unit': 448, 'decoder_layer4_unit': 352, 'decoder_layer5_unit': 64}. Best is trial 366 with value: 14.215428233146667.
Trial 399 finished with value: 56.729960918426514 and parameters: {'reg_l1': 0.4374457354844037, 'reg_l2': 0.13031734593462796, 'learning_rate': 0.001, 'dropout': 0.33981818819973525, 'batch_size': 128, 'encoder_layer0_unit': 320, 'encoder_layer1_unit': 224, 'encoder_layer2_unit': 384, 'encoder_layer3_unit': 352, 'encoder_z_mean_layer0_unit': 128, 'encoder_z_mean_layer1_unit': 64, 'encoder_z_log_var_layer0_unit': 64, 'encoder_z_log_var_layer1_unit': 96, 'decoder_layer0_unit': 448, 'decoder_layer1_unit': 128, 'decoder_layer2_unit': 352, 'decoder_layer3_unit': 384, 'decoder_layer4_unit': 96, 'decoder_layer5_unit': 64}. Best is trial 366 with value: 14.215428233146667.
