Trial 128 finished with value: 42.651697635650635 and parameters: {'reg_l1': 0.24692729908169797, 'reg_l2': 0.0708226288786371, 'learning_rate': 0.001, 'dropout': 0.3410889162194495, 'batch_size': 96, 'encoder_layer0_unit': 448, 'encoder_layer1_unit': 224, 'encoder_layer2_unit': 192, 'encoder_layer3_unit': 480, 'encoder_z_mean_layer0_unit': 96, 'encoder_z_mean_layer1_unit': 64, 'encoder_z_log_var_layer0_unit': 96, 'encoder_z_log_var_layer1_unit': 32, 'decoder_layer0_unit': 416, 'decoder_layer1_unit': 192, 'decoder_layer2_unit': 480, 'decoder_layer3_unit': 224, 'decoder_layer4_unit': 352, 'decoder_layer5_unit': 416}. Best is trial 45 with value: 14.216556549072266.
Trial 129 finished with value: 42.63802433013916 and parameters: {'reg_l1': 0.241276903822218, 'reg_l2': 0.8605764742446286, 'learning_rate': 0.001, 'dropout': 0.29418277999038367, 'batch_size': 96, 'encoder_layer0_unit': 320, 'encoder_layer1_unit': 384, 'encoder_layer2_unit': 448, 'encoder_layer3_unit': 352, 'encoder_z_mean_layer0_unit': 32, 'encoder_z_mean_layer1_unit': 96, 'encoder_z_log_var_layer0_unit': 32, 'encoder_z_log_var_layer1_unit': 32, 'decoder_layer0_unit': 32, 'decoder_layer1_unit': 448, 'decoder_layer2_unit': 192, 'decoder_layer3_unit': 288, 'decoder_layer4_unit': 416, 'decoder_layer5_unit': 384}. Best is trial 45 with value: 14.216556549072266.
Trial 130 finished with value: 98.78736305236816 and parameters: {'reg_l1': 0.9417293968436513, 'reg_l2': 0.2995684240920842, 'learning_rate': 0.001, 'dropout': 0.15843859740711697, 'batch_size': 224, 'encoder_layer0_unit': 256, 'encoder_layer1_unit': 416, 'encoder_layer2_unit': 288, 'encoder_layer3_unit': 416, 'encoder_z_mean_layer0_unit': 64, 'encoder_z_mean_layer1_unit': 96, 'encoder_z_log_var_layer0_unit': 32, 'encoder_z_log_var_layer1_unit': 96, 'decoder_layer0_unit': 224, 'decoder_layer1_unit': 352, 'decoder_layer2_unit': 96, 'decoder_layer3_unit': 160, 'decoder_layer4_unit': 384, 'decoder_layer5_unit': 160}. Best is trial 45 with value: 14.216556549072266.
Trial 131 finished with value: 70.86294174194336 and parameters: {'reg_l1': 0.6306128292962649, 'reg_l2': 0.019058989024465345, 'learning_rate': 0.0001, 'dropout': 0.29258974285751316, 'batch_size': 160, 'encoder_layer0_unit': 224, 'encoder_layer1_unit': 128, 'encoder_layer2_unit': 480, 'encoder_layer3_unit': 288, 'encoder_z_mean_layer0_unit': 64, 'encoder_z_mean_layer1_unit': 64, 'encoder_z_log_var_layer0_unit': 96, 'encoder_z_log_var_layer1_unit': 64, 'decoder_layer0_unit': 64, 'decoder_layer1_unit': 352, 'decoder_layer2_unit': 448, 'decoder_layer3_unit': 224, 'decoder_layer4_unit': 448, 'decoder_layer5_unit': 288}. Best is trial 45 with value: 14.216556549072266.
Trial 132 finished with value: 84.79580497741699 and parameters: {'reg_l1': 0.009831356119896606, 'reg_l2': 0.5592857127013925, 'learning_rate': 0.0001, 'dropout': 0.2921079094141097, 'batch_size': 192, 'encoder_layer0_unit': 256, 'encoder_layer1_unit': 128, 'encoder_layer2_unit': 192, 'encoder_layer3_unit': 288, 'encoder_z_mean_layer0_unit': 96, 'encoder_z_mean_layer1_unit': 64, 'encoder_z_log_var_layer0_unit': 64, 'encoder_z_log_var_layer1_unit': 128, 'decoder_layer0_unit': 256, 'decoder_layer1_unit': 320, 'decoder_layer2_unit': 384, 'decoder_layer3_unit': 96, 'decoder_layer4_unit': 64, 'decoder_layer5_unit': 32}. Best is trial 45 with value: 14.216556549072266.
Trial 133 finished with value: 70.56210041046143 and parameters: {'reg_l1': 0.21502346650013382, 'reg_l2': 0.33708639255758455, 'learning_rate': 0.005, 'dropout': 0.07835713470913697, 'batch_size': 160, 'encoder_layer0_unit': 224, 'encoder_layer1_unit': 192, 'encoder_layer2_unit': 416, 'encoder_layer3_unit': 384, 'encoder_z_mean_layer0_unit': 64, 'encoder_z_mean_layer1_unit': 96, 'encoder_z_log_var_layer0_unit': 128, 'encoder_z_log_var_layer1_unit': 64, 'decoder_layer0_unit': 352, 'decoder_layer1_unit': 128, 'decoder_layer2_unit': 192, 'decoder_layer3_unit': 384, 'decoder_layer4_unit': 32, 'decoder_layer5_unit': 64}. Best is trial 45 with value: 14.216556549072266.
Trial 134 finished with value: 28.455718517303467 and parameters: {'reg_l1': 0.8011430920676007, 'reg_l2': 0.004082394667747513, 'learning_rate': 0.005, 'dropout': 0.4107746230779057, 'batch_size': 64, 'encoder_layer0_unit': 384, 'encoder_layer1_unit': 288, 'encoder_layer2_unit': 384, 'encoder_layer3_unit': 320, 'encoder_z_mean_layer0_unit': 64, 'encoder_z_mean_layer1_unit': 128, 'encoder_z_log_var_layer0_unit': 64, 'encoder_z_log_var_layer1_unit': 64, 'decoder_layer0_unit': 96, 'decoder_layer1_unit': 32, 'decoder_layer2_unit': 288, 'decoder_layer3_unit': 96, 'decoder_layer4_unit': 256, 'decoder_layer5_unit': 160}. Best is trial 45 with value: 14.216556549072266.
Trial 135 finished with value: 70.76204872131348 and parameters: {'reg_l1': 0.8093625018177663, 'reg_l2': 0.04543823858810769, 'learning_rate': 0.001, 'dropout': 0.21987397372558254, 'batch_size': 160, 'encoder_layer0_unit': 480, 'encoder_layer1_unit': 416, 'encoder_layer2_unit': 480, 'encoder_layer3_unit': 288, 'encoder_z_mean_layer0_unit': 128, 'encoder_z_mean_layer1_unit': 96, 'encoder_z_log_var_layer0_unit': 64, 'encoder_z_log_var_layer1_unit': 32, 'decoder_layer0_unit': 160, 'decoder_layer1_unit': 224, 'decoder_layer2_unit': 96, 'decoder_layer3_unit': 320, 'decoder_layer4_unit': 320, 'decoder_layer5_unit': 352}. Best is trial 45 with value: 14.216556549072266.
Trial 136 finished with value: 113.74828243255615 and parameters: {'reg_l1': 0.5255010998921834, 'reg_l2': 0.4827066901274296, 'learning_rate': 0.01, 'dropout': 0.12733617177130357, 'batch_size': 256, 'encoder_layer0_unit': 256, 'encoder_layer1_unit': 384, 'encoder_layer2_unit': 480, 'encoder_layer3_unit': 128, 'encoder_z_mean_layer0_unit': 128, 'encoder_z_mean_layer1_unit': 32, 'encoder_z_log_var_layer0_unit': 96, 'encoder_z_log_var_layer1_unit': 64, 'decoder_layer0_unit': 32, 'decoder_layer1_unit': 96, 'decoder_layer2_unit': 384, 'decoder_layer3_unit': 64, 'decoder_layer4_unit': 416, 'decoder_layer5_unit': 384}. Best is trial 45 with value: 14.216556549072266.
Trial 137 finished with value: 98.95991230010986 and parameters: {'reg_l1': 0.9540422077405102, 'reg_l2': 0.5685029953061552, 'learning_rate': 0.001, 'dropout': 0.4654916883847628, 'batch_size': 224, 'encoder_layer0_unit': 416, 'encoder_layer1_unit': 416, 'encoder_layer2_unit': 480, 'encoder_layer3_unit': 320, 'encoder_z_mean_layer0_unit': 64, 'encoder_z_mean_layer1_unit': 32, 'encoder_z_log_var_layer0_unit': 128, 'encoder_z_log_var_layer1_unit': 64, 'decoder_layer0_unit': 480, 'decoder_layer1_unit': 160, 'decoder_layer2_unit': 256, 'decoder_layer3_unit': 384, 'decoder_layer4_unit': 96, 'decoder_layer5_unit': 160}. Best is trial 45 with value: 14.216556549072266.
Trial 138 finished with value: 28.41041874885559 and parameters: {'reg_l1': 0.08415412517815868, 'reg_l2': 0.4347603017469621, 'learning_rate': 0.0001, 'dropout': 0.18854788494522706, 'batch_size': 64, 'encoder_layer0_unit': 288, 'encoder_layer1_unit': 256, 'encoder_layer2_unit': 352, 'encoder_layer3_unit': 192, 'encoder_z_mean_layer0_unit': 64, 'encoder_z_mean_layer1_unit': 96, 'encoder_z_log_var_layer0_unit': 32, 'encoder_z_log_var_layer1_unit': 32, 'decoder_layer0_unit': 160, 'decoder_layer1_unit': 384, 'decoder_layer2_unit': 160, 'decoder_layer3_unit': 416, 'decoder_layer4_unit': 192, 'decoder_layer5_unit': 64}. Best is trial 45 with value: 14.216556549072266.
Trial 139 finished with value: 98.58139133453369 and parameters: {'reg_l1': 0.5111491023022756, 'reg_l2': 0.5949404481383013, 'learning_rate': 0.001, 'dropout': 0.00908648787155858, 'batch_size': 224, 'encoder_layer0_unit': 416, 'encoder_layer1_unit': 128, 'encoder_layer2_unit': 288, 'encoder_layer3_unit': 288, 'encoder_z_mean_layer0_unit': 128, 'encoder_z_mean_layer1_unit': 128, 'encoder_z_log_var_layer0_unit': 32, 'encoder_z_log_var_layer1_unit': 96, 'decoder_layer0_unit': 32, 'decoder_layer1_unit': 288, 'decoder_layer2_unit': 448, 'decoder_layer3_unit': 192, 'decoder_layer4_unit': 448, 'decoder_layer5_unit': 384}. Best is trial 45 with value: 14.216556549072266.
Trial 140 finished with value: 112.93460845947266 and parameters: {'reg_l1': 0.37632659235750643, 'reg_l2': 0.1135312302094833, 'learning_rate': 0.0001, 'dropout': 0.40329142362160975, 'batch_size': 256, 'encoder_layer0_unit': 160, 'encoder_layer1_unit': 160, 'encoder_layer2_unit': 480, 'encoder_layer3_unit': 224, 'encoder_z_mean_layer0_unit': 32, 'encoder_z_mean_layer1_unit': 64, 'encoder_z_log_var_layer0_unit': 128, 'encoder_z_log_var_layer1_unit': 32, 'decoder_layer0_unit': 448, 'decoder_layer1_unit': 384, 'decoder_layer2_unit': 96, 'decoder_layer3_unit': 480, 'decoder_layer4_unit': 416, 'decoder_layer5_unit': 160}. Best is trial 45 with value: 14.216556549072266.
Trial 141 finished with value: 70.69095516204834 and parameters: {'reg_l1': 0.5306149512025657, 'reg_l2': 0.40703169919701754, 'learning_rate': 0.0001, 'dropout': 0.1829128277879794, 'batch_size': 160, 'encoder_layer0_unit': 448, 'encoder_layer1_unit': 416, 'encoder_layer2_unit': 160, 'encoder_layer3_unit': 352, 'encoder_z_mean_layer0_unit': 96, 'encoder_z_mean_layer1_unit': 32, 'encoder_z_log_var_layer0_unit': 96, 'encoder_z_log_var_layer1_unit': 64, 'decoder_layer0_unit': 416, 'decoder_layer1_unit': 288, 'decoder_layer2_unit': 128, 'decoder_layer3_unit': 32, 'decoder_layer4_unit': 480, 'decoder_layer5_unit': 160}. Best is trial 45 with value: 14.216556549072266.
Trial 142 finished with value: 28.447137355804443 and parameters: {'reg_l1': 0.7236901337679283, 'reg_l2': 0.18737785560992437, 'learning_rate': 0.005, 'dropout': 0.48196111286921456, 'batch_size': 64, 'encoder_layer0_unit': 416, 'encoder_layer1_unit': 448, 'encoder_layer2_unit': 480, 'encoder_layer3_unit': 256, 'encoder_z_mean_layer0_unit': 96, 'encoder_z_mean_layer1_unit': 96, 'encoder_z_log_var_layer0_unit': 64, 'encoder_z_log_var_layer1_unit': 128, 'decoder_layer0_unit': 256, 'decoder_layer1_unit': 352, 'decoder_layer2_unit': 288, 'decoder_layer3_unit': 160, 'decoder_layer4_unit': 320, 'decoder_layer5_unit': 96}. Best is trial 45 with value: 14.216556549072266.
Trial 143 finished with value: 99.01055908203125 and parameters: {'reg_l1': 0.7084686051359681, 'reg_l2': 0.9649054229781527, 'learning_rate': 0.0001, 'dropout': 0.26019765181819565, 'batch_size': 224, 'encoder_layer0_unit': 416, 'encoder_layer1_unit': 192, 'encoder_layer2_unit': 224, 'encoder_layer3_unit': 480, 'encoder_z_mean_layer0_unit': 128, 'encoder_z_mean_layer1_unit': 64, 'encoder_z_log_var_layer0_unit': 64, 'encoder_z_log_var_layer1_unit': 32, 'decoder_layer0_unit': 320, 'decoder_layer1_unit': 96, 'decoder_layer2_unit': 256, 'decoder_layer3_unit': 384, 'decoder_layer4_unit': 32, 'decoder_layer5_unit': 64}. Best is trial 45 with value: 14.216556549072266.
Trial 144 finished with value: 14.224852681159973 and parameters: {'reg_l1': 0.3733797879813462, 'reg_l2': 0.21233767066500064, 'learning_rate': 0.005, 'dropout': 0.3504932884912205, 'batch_size': 32, 'encoder_layer0_unit': 160, 'encoder_layer1_unit': 256, 'encoder_layer2_unit': 288, 'encoder_layer3_unit': 448, 'encoder_z_mean_layer0_unit': 96, 'encoder_z_mean_layer1_unit': 32, 'encoder_z_log_var_layer0_unit': 32, 'encoder_z_log_var_layer1_unit': 128, 'decoder_layer0_unit': 448, 'decoder_layer1_unit': 160, 'decoder_layer2_unit': 352, 'decoder_layer3_unit': 288, 'decoder_layer4_unit': 224, 'decoder_layer5_unit': 320}. Best is trial 45 with value: 14.216556549072266.
Trial 145 finished with value: 14.224888563156128 and parameters: {'reg_l1': 0.8399392357160568, 'reg_l2': 0.5134414230772739, 'learning_rate': 0.01, 'dropout': 0.3670987958978203, 'batch_size': 32, 'encoder_layer0_unit': 384, 'encoder_layer1_unit': 128, 'encoder_layer2_unit': 160, 'encoder_layer3_unit': 128, 'encoder_z_mean_layer0_unit': 96, 'encoder_z_mean_layer1_unit': 32, 'encoder_z_log_var_layer0_unit': 32, 'encoder_z_log_var_layer1_unit': 32, 'decoder_layer0_unit': 288, 'decoder_layer1_unit': 288, 'decoder_layer2_unit': 224, 'decoder_layer3_unit': 64, 'decoder_layer4_unit': 128, 'decoder_layer5_unit': 384}. Best is trial 45 with value: 14.216556549072266.
Trial 146 finished with value: 14.222111821174622 and parameters: {'reg_l1': 0.6627454822527336, 'reg_l2': 0.11371277447049699, 'learning_rate': 0.001, 'dropout': 0.050977612900989455, 'batch_size': 32, 'encoder_layer0_unit': 448, 'encoder_layer1_unit': 160, 'encoder_layer2_unit': 448, 'encoder_layer3_unit': 416, 'encoder_z_mean_layer0_unit': 128, 'encoder_z_mean_layer1_unit': 96, 'encoder_z_log_var_layer0_unit': 64, 'encoder_z_log_var_layer1_unit': 64, 'decoder_layer0_unit': 32, 'decoder_layer1_unit': 224, 'decoder_layer2_unit': 384, 'decoder_layer3_unit': 128, 'decoder_layer4_unit': 96, 'decoder_layer5_unit': 128}. Best is trial 45 with value: 14.216556549072266.
Trial 147 finished with value: 98.3458251953125 and parameters: {'reg_l1': 0.4134565865276846, 'reg_l2': 0.44883105466494233, 'learning_rate': 0.01, 'dropout': 0.4223970589248651, 'batch_size': 224, 'encoder_layer0_unit': 192, 'encoder_layer1_unit': 320, 'encoder_layer2_unit': 192, 'encoder_layer3_unit': 256, 'encoder_z_mean_layer0_unit': 96, 'encoder_z_mean_layer1_unit': 64, 'encoder_z_log_var_layer0_unit': 96, 'encoder_z_log_var_layer1_unit': 96, 'decoder_layer0_unit': 64, 'decoder_layer1_unit': 96, 'decoder_layer2_unit': 192, 'decoder_layer3_unit': 480, 'decoder_layer4_unit': 288, 'decoder_layer5_unit': 320}. Best is trial 45 with value: 14.216556549072266.
Trial 148 finished with value: 28.43038558959961 and parameters: {'reg_l1': 0.8158038349875889, 'reg_l2': 0.4962949986966497, 'learning_rate': 0.0005, 'dropout': 0.10737093942288145, 'batch_size': 64, 'encoder_layer0_unit': 352, 'encoder_layer1_unit': 448, 'encoder_layer2_unit': 448, 'encoder_layer3_unit': 288, 'encoder_z_mean_layer0_unit': 128, 'encoder_z_mean_layer1_unit': 128, 'encoder_z_log_var_layer0_unit': 96, 'encoder_z_log_var_layer1_unit': 128, 'decoder_layer0_unit': 352, 'decoder_layer1_unit': 256, 'decoder_layer2_unit': 352, 'decoder_layer3_unit': 448, 'decoder_layer4_unit': 64, 'decoder_layer5_unit': 320}. Best is trial 45 with value: 14.216556549072266.
Trial 149 finished with value: 112.22032451629639 and parameters: {'reg_l1': 0.8630437352060115, 'reg_l2': 0.8960171745666476, 'learning_rate': 0.01, 'dropout': 0.23042235979173958, 'batch_size': 256, 'encoder_layer0_unit': 480, 'encoder_layer1_unit': 256, 'encoder_layer2_unit': 480, 'encoder_layer3_unit': 448, 'encoder_z_mean_layer0_unit': 96, 'encoder_z_mean_layer1_unit': 128, 'encoder_z_log_var_layer0_unit': 128, 'encoder_z_log_var_layer1_unit': 128, 'decoder_layer0_unit': 192, 'decoder_layer1_unit': 64, 'decoder_layer2_unit': 64, 'decoder_layer3_unit': 288, 'decoder_layer4_unit': 32, 'decoder_layer5_unit': 448}. Best is trial 45 with value: 14.216556549072266.
Trial 150 finished with value: 70.63784980773926 and parameters: {'reg_l1': 0.838679160271251, 'reg_l2': 0.6189303506435117, 'learning_rate': 0.0005, 'dropout': 0.2953999324346563, 'batch_size': 160, 'encoder_layer0_unit': 352, 'encoder_layer1_unit': 384, 'encoder_layer2_unit': 192, 'encoder_layer3_unit': 192, 'encoder_z_mean_layer0_unit': 64, 'encoder_z_mean_layer1_unit': 96, 'encoder_z_log_var_layer0_unit': 96, 'encoder_z_log_var_layer1_unit': 32, 'decoder_layer0_unit': 32, 'decoder_layer1_unit': 64, 'decoder_layer2_unit': 480, 'decoder_layer3_unit': 128, 'decoder_layer4_unit': 320, 'decoder_layer5_unit': 96}. Best is trial 45 with value: 14.216556549072266.
Trial 151 finished with value: 84.82398223876953 and parameters: {'reg_l1': 0.8576792112584274, 'reg_l2': 0.25934387872326425, 'learning_rate': 0.0001, 'dropout': 0.01712348365580163, 'batch_size': 192, 'encoder_layer0_unit': 448, 'encoder_layer1_unit': 448, 'encoder_layer2_unit': 192, 'encoder_layer3_unit': 256, 'encoder_z_mean_layer0_unit': 64, 'encoder_z_mean_layer1_unit': 128, 'encoder_z_log_var_layer0_unit': 32, 'encoder_z_log_var_layer1_unit': 128, 'decoder_layer0_unit': 288, 'decoder_layer1_unit': 32, 'decoder_layer2_unit': 448, 'decoder_layer3_unit': 288, 'decoder_layer4_unit': 288, 'decoder_layer5_unit': 64}. Best is trial 45 with value: 14.216556549072266.
Trial 152 finished with value: 56.653894901275635 and parameters: {'reg_l1': 0.005266858821145193, 'reg_l2': 0.7307234423306015, 'learning_rate': 0.001, 'dropout': 0.24453021800492325, 'batch_size': 128, 'encoder_layer0_unit': 448, 'encoder_layer1_unit': 352, 'encoder_layer2_unit': 160, 'encoder_layer3_unit': 224, 'encoder_z_mean_layer0_unit': 64, 'encoder_z_mean_layer1_unit': 32, 'encoder_z_log_var_layer0_unit': 32, 'encoder_z_log_var_layer1_unit': 64, 'decoder_layer0_unit': 96, 'decoder_layer1_unit': 320, 'decoder_layer2_unit': 256, 'decoder_layer3_unit': 480, 'decoder_layer4_unit': 416, 'decoder_layer5_unit': 352}. Best is trial 45 with value: 14.216556549072266.
Trial 153 finished with value: 84.822998046875 and parameters: {'reg_l1': 0.6838056818123388, 'reg_l2': 0.5098992253162996, 'learning_rate': 0.0001, 'dropout': 0.2484729150124645, 'batch_size': 192, 'encoder_layer0_unit': 288, 'encoder_layer1_unit': 448, 'encoder_layer2_unit': 320, 'encoder_layer3_unit': 224, 'encoder_z_mean_layer0_unit': 64, 'encoder_z_mean_layer1_unit': 128, 'encoder_z_log_var_layer0_unit': 96, 'encoder_z_log_var_layer1_unit': 64, 'decoder_layer0_unit': 288, 'decoder_layer1_unit': 352, 'decoder_layer2_unit': 416, 'decoder_layer3_unit': 448, 'decoder_layer4_unit': 224, 'decoder_layer5_unit': 384}. Best is trial 45 with value: 14.216556549072266.
Trial 154 finished with value: 70.81533432006836 and parameters: {'reg_l1': 0.9745692663786892, 'reg_l2': 0.9683036450844472, 'learning_rate': 0.0001, 'dropout': 0.17771644248062485, 'batch_size': 160, 'encoder_layer0_unit': 480, 'encoder_layer1_unit': 256, 'encoder_layer2_unit': 224, 'encoder_layer3_unit': 128, 'encoder_z_mean_layer0_unit': 128, 'encoder_z_mean_layer1_unit': 32, 'encoder_z_log_var_layer0_unit': 32, 'encoder_z_log_var_layer1_unit': 64, 'decoder_layer0_unit': 192, 'decoder_layer1_unit': 160, 'decoder_layer2_unit': 448, 'decoder_layer3_unit': 224, 'decoder_layer4_unit': 416, 'decoder_layer5_unit': 384}. Best is trial 45 with value: 14.216556549072266.
Trial 155 finished with value: 98.98346900939941 and parameters: {'reg_l1': 0.5549517870320128, 'reg_l2': 0.2589867506908028, 'learning_rate': 0.0001, 'dropout': 0.013053465715310797, 'batch_size': 224, 'encoder_layer0_unit': 224, 'encoder_layer1_unit': 352, 'encoder_layer2_unit': 448, 'encoder_layer3_unit': 192, 'encoder_z_mean_layer0_unit': 96, 'encoder_z_mean_layer1_unit': 96, 'encoder_z_log_var_layer0_unit': 32, 'encoder_z_log_var_layer1_unit': 96, 'decoder_layer0_unit': 96, 'decoder_layer1_unit': 288, 'decoder_layer2_unit': 416, 'decoder_layer3_unit': 256, 'decoder_layer4_unit': 448, 'decoder_layer5_unit': 96}. Best is trial 45 with value: 14.216556549072266.
Trial 156 finished with value: 84.41385841369629 and parameters: {'reg_l1': 0.6609496883751077, 'reg_l2': 0.814371854166925, 'learning_rate': 0.001, 'dropout': 0.2810932868973428, 'batch_size': 192, 'encoder_layer0_unit': 160, 'encoder_layer1_unit': 160, 'encoder_layer2_unit': 224, 'encoder_layer3_unit': 224, 'encoder_z_mean_layer0_unit': 96, 'encoder_z_mean_layer1_unit': 64, 'encoder_z_log_var_layer0_unit': 64, 'encoder_z_log_var_layer1_unit': 64, 'decoder_layer0_unit': 32, 'decoder_layer1_unit': 352, 'decoder_layer2_unit': 448, 'decoder_layer3_unit': 160, 'decoder_layer4_unit': 256, 'decoder_layer5_unit': 224}. Best is trial 45 with value: 14.216556549072266.
Trial 157 finished with value: 42.534334659576416 and parameters: {'reg_l1': 0.8034843734162953, 'reg_l2': 0.061502086988823756, 'learning_rate': 0.0005, 'dropout': 0.07259370971156703, 'batch_size': 96, 'encoder_layer0_unit': 128, 'encoder_layer1_unit': 352, 'encoder_layer2_unit': 416, 'encoder_layer3_unit': 288, 'encoder_z_mean_layer0_unit': 32, 'encoder_z_mean_layer1_unit': 96, 'encoder_z_log_var_layer0_unit': 32, 'encoder_z_log_var_layer1_unit': 96, 'decoder_layer0_unit': 448, 'decoder_layer1_unit': 192, 'decoder_layer2_unit': 128, 'decoder_layer3_unit': 192, 'decoder_layer4_unit': 128, 'decoder_layer5_unit': 256}. Best is trial 45 with value: 14.216556549072266.
Trial 158 finished with value: 112.8468017578125 and parameters: {'reg_l1': 0.8782721448546258, 'reg_l2': 0.3353856081195934, 'learning_rate': 0.0001, 'dropout': 0.4217532019271257, 'batch_size': 256, 'encoder_layer0_unit': 480, 'encoder_layer1_unit': 192, 'encoder_layer2_unit': 416, 'encoder_layer3_unit': 160, 'encoder_z_mean_layer0_unit': 96, 'encoder_z_mean_layer1_unit': 128, 'encoder_z_log_var_layer0_unit': 32, 'encoder_z_log_var_layer1_unit': 32, 'decoder_layer0_unit': 480, 'decoder_layer1_unit': 352, 'decoder_layer2_unit': 32, 'decoder_layer3_unit': 480, 'decoder_layer4_unit': 224, 'decoder_layer5_unit': 320}. Best is trial 45 with value: 14.216556549072266.
Trial 159 finished with value: 28.445608615875244 and parameters: {'reg_l1': 0.19911426245149577, 'reg_l2': 0.37370840011843764, 'learning_rate': 0.0001, 'dropout': 0.4075251609387057, 'batch_size': 64, 'encoder_layer0_unit': 416, 'encoder_layer1_unit': 192, 'encoder_layer2_unit': 192, 'encoder_layer3_unit': 416, 'encoder_z_mean_layer0_unit': 32, 'encoder_z_mean_layer1_unit': 32, 'encoder_z_log_var_layer0_unit': 96, 'encoder_z_log_var_layer1_unit': 96, 'decoder_layer0_unit': 448, 'decoder_layer1_unit': 160, 'decoder_layer2_unit': 160, 'decoder_layer3_unit': 160, 'decoder_layer4_unit': 448, 'decoder_layer5_unit': 96}. Best is trial 45 with value: 14.216556549072266.
