Trial 256 finished with value: 14.22079610824585 and parameters: {'reg_l1': 0.960253810930669, 'reg_l2': 0.31339927603911344, 'learning_rate': 0.0005, 'dropout': 0.3665681543604678, 'batch_size': 32, 'encoder_layer0_unit': 416, 'encoder_layer1_unit': 448, 'encoder_layer2_unit': 288, 'encoder_layer3_unit': 480, 'encoder_z_mean_layer0_unit': 32, 'encoder_z_mean_layer1_unit': 64, 'encoder_z_log_var_layer0_unit': 64, 'encoder_z_log_var_layer1_unit': 96, 'decoder_layer0_unit': 96, 'decoder_layer1_unit': 288, 'decoder_layer2_unit': 320, 'decoder_layer3_unit': 352, 'decoder_layer4_unit': 320, 'decoder_layer5_unit': 64}. Best is trial 249 with value: 14.215713620185852.
Trial 257 finished with value: 42.51299476623535 and parameters: {'reg_l1': 0.10495368731620269, 'reg_l2': 0.9872623133822185, 'learning_rate': 0.0005, 'dropout': 0.07572905759998338, 'batch_size': 96, 'encoder_layer0_unit': 352, 'encoder_layer1_unit': 192, 'encoder_layer2_unit': 160, 'encoder_layer3_unit': 128, 'encoder_z_mean_layer0_unit': 32, 'encoder_z_mean_layer1_unit': 96, 'encoder_z_log_var_layer0_unit': 96, 'encoder_z_log_var_layer1_unit': 32, 'decoder_layer0_unit': 128, 'decoder_layer1_unit': 96, 'decoder_layer2_unit': 224, 'decoder_layer3_unit': 416, 'decoder_layer4_unit': 320, 'decoder_layer5_unit': 64}. Best is trial 249 with value: 14.215713620185852.
Trial 258 finished with value: 99.5322494506836 and parameters: {'reg_l1': 0.07326126099923724, 'reg_l2': 0.31845385876669197, 'learning_rate': 0.005, 'dropout': 0.26790686367577476, 'batch_size': 224, 'encoder_layer0_unit': 352, 'encoder_layer1_unit': 416, 'encoder_layer2_unit': 128, 'encoder_layer3_unit': 416, 'encoder_z_mean_layer0_unit': 32, 'encoder_z_mean_layer1_unit': 96, 'encoder_z_log_var_layer0_unit': 96, 'encoder_z_log_var_layer1_unit': 32, 'decoder_layer0_unit': 256, 'decoder_layer1_unit': 256, 'decoder_layer2_unit': 352, 'decoder_layer3_unit': 96, 'decoder_layer4_unit': 480, 'decoder_layer5_unit': 352}. Best is trial 249 with value: 14.215713620185852.
Trial 259 finished with value: 112.4772253036499 and parameters: {'reg_l1': 0.7338738091556315, 'reg_l2': 0.9902491543701951, 'learning_rate': 0.001, 'dropout': 0.20366131552938765, 'batch_size': 256, 'encoder_layer0_unit': 352, 'encoder_layer1_unit': 384, 'encoder_layer2_unit': 224, 'encoder_layer3_unit': 352, 'encoder_z_mean_layer0_unit': 64, 'encoder_z_mean_layer1_unit': 128, 'encoder_z_log_var_layer0_unit': 128, 'encoder_z_log_var_layer1_unit': 128, 'decoder_layer0_unit': 192, 'decoder_layer1_unit': 192, 'decoder_layer2_unit': 448, 'decoder_layer3_unit': 384, 'decoder_layer4_unit': 480, 'decoder_layer5_unit': 416}. Best is trial 249 with value: 14.215713620185852.
Trial 260 finished with value: 56.68291091918945 and parameters: {'reg_l1': 0.8980592303048693, 'reg_l2': 0.6601020807057485, 'learning_rate': 0.0001, 'dropout': 0.4344675348670865, 'batch_size': 128, 'encoder_layer0_unit': 224, 'encoder_layer1_unit': 352, 'encoder_layer2_unit': 320, 'encoder_layer3_unit': 480, 'encoder_z_mean_layer0_unit': 96, 'encoder_z_mean_layer1_unit': 128, 'encoder_z_log_var_layer0_unit': 64, 'encoder_z_log_var_layer1_unit': 96, 'decoder_layer0_unit': 416, 'decoder_layer1_unit': 160, 'decoder_layer2_unit': 32, 'decoder_layer3_unit': 64, 'decoder_layer4_unit': 96, 'decoder_layer5_unit': 160}. Best is trial 249 with value: 14.215713620185852.
Trial 261 finished with value: 42.655856132507324 and parameters: {'reg_l1': 0.778925257517604, 'reg_l2': 0.9111996679402993, 'learning_rate': 0.0001, 'dropout': 0.286116435528509, 'batch_size': 96, 'encoder_layer0_unit': 288, 'encoder_layer1_unit': 288, 'encoder_layer2_unit': 288, 'encoder_layer3_unit': 384, 'encoder_z_mean_layer0_unit': 64, 'encoder_z_mean_layer1_unit': 128, 'encoder_z_log_var_layer0_unit': 96, 'encoder_z_log_var_layer1_unit': 32, 'decoder_layer0_unit': 96, 'decoder_layer1_unit': 384, 'decoder_layer2_unit': 352, 'decoder_layer3_unit': 416, 'decoder_layer4_unit': 128, 'decoder_layer5_unit': 288}. Best is trial 249 with value: 14.215713620185852.
Trial 262 finished with value: 70.84927272796631 and parameters: {'reg_l1': 0.5223995682052291, 'reg_l2': 0.8234490816832308, 'learning_rate': 0.0001, 'dropout': 0.332410377000494, 'batch_size': 160, 'encoder_layer0_unit': 416, 'encoder_layer1_unit': 160, 'encoder_layer2_unit': 256, 'encoder_layer3_unit': 352, 'encoder_z_mean_layer0_unit': 32, 'encoder_z_mean_layer1_unit': 96, 'encoder_z_log_var_layer0_unit': 64, 'encoder_z_log_var_layer1_unit': 128, 'decoder_layer0_unit': 32, 'decoder_layer1_unit': 96, 'decoder_layer2_unit': 416, 'decoder_layer3_unit': 96, 'decoder_layer4_unit': 128, 'decoder_layer5_unit': 224}. Best is trial 249 with value: 14.215713620185852.
Trial 263 finished with value: 42.60068893432617 and parameters: {'reg_l1': 0.6211409477211383, 'reg_l2': 0.6393215345473485, 'learning_rate': 0.0005, 'dropout': 0.20549048474893805, 'batch_size': 96, 'encoder_layer0_unit': 352, 'encoder_layer1_unit': 192, 'encoder_layer2_unit': 224, 'encoder_layer3_unit': 352, 'encoder_z_mean_layer0_unit': 96, 'encoder_z_mean_layer1_unit': 32, 'encoder_z_log_var_layer0_unit': 128, 'encoder_z_log_var_layer1_unit': 128, 'decoder_layer0_unit': 96, 'decoder_layer1_unit': 352, 'decoder_layer2_unit': 448, 'decoder_layer3_unit': 480, 'decoder_layer4_unit': 480, 'decoder_layer5_unit': 64}. Best is trial 249 with value: 14.215713620185852.
Trial 264 finished with value: 28.47975182533264 and parameters: {'reg_l1': 0.6523837309115632, 'reg_l2': 0.3241402321391017, 'learning_rate': 0.0001, 'dropout': 0.08262827851094667, 'batch_size': 64, 'encoder_layer0_unit': 192, 'encoder_layer1_unit': 192, 'encoder_layer2_unit': 352, 'encoder_layer3_unit': 224, 'encoder_z_mean_layer0_unit': 96, 'encoder_z_mean_layer1_unit': 32, 'encoder_z_log_var_layer0_unit': 96, 'encoder_z_log_var_layer1_unit': 32, 'decoder_layer0_unit': 32, 'decoder_layer1_unit': 96, 'decoder_layer2_unit': 64, 'decoder_layer3_unit': 64, 'decoder_layer4_unit': 32, 'decoder_layer5_unit': 288}. Best is trial 249 with value: 14.215713620185852.
Trial 265 finished with value: 28.465275287628174 and parameters: {'reg_l1': 0.20985553375402288, 'reg_l2': 0.8073336597531338, 'learning_rate': 0.0005, 'dropout': 0.0851103592149896, 'batch_size': 64, 'encoder_layer0_unit': 256, 'encoder_layer1_unit': 384, 'encoder_layer2_unit': 384, 'encoder_layer3_unit': 256, 'encoder_z_mean_layer0_unit': 128, 'encoder_z_mean_layer1_unit': 128, 'encoder_z_log_var_layer0_unit': 128, 'encoder_z_log_var_layer1_unit': 128, 'decoder_layer0_unit': 480, 'decoder_layer1_unit': 352, 'decoder_layer2_unit': 224, 'decoder_layer3_unit': 480, 'decoder_layer4_unit': 96, 'decoder_layer5_unit': 96}. Best is trial 249 with value: 14.215713620185852.
Trial 266 finished with value: 28.45344853401184 and parameters: {'reg_l1': 0.38957240959734407, 'reg_l2': 0.18424590135583252, 'learning_rate': 0.001, 'dropout': 0.23122671240032305, 'batch_size': 64, 'encoder_layer0_unit': 320, 'encoder_layer1_unit': 448, 'encoder_layer2_unit': 384, 'encoder_layer3_unit': 416, 'encoder_z_mean_layer0_unit': 96, 'encoder_z_mean_layer1_unit': 96, 'encoder_z_log_var_layer0_unit': 128, 'encoder_z_log_var_layer1_unit': 128, 'decoder_layer0_unit': 128, 'decoder_layer1_unit': 480, 'decoder_layer2_unit': 192, 'decoder_layer3_unit': 160, 'decoder_layer4_unit': 96, 'decoder_layer5_unit': 224}. Best is trial 249 with value: 14.215713620185852.
Trial 267 finished with value: 56.55069065093994 and parameters: {'reg_l1': 0.18822044409064687, 'reg_l2': 0.5371310903670248, 'learning_rate': 0.01, 'dropout': 0.30957659872097926, 'batch_size': 128, 'encoder_layer0_unit': 352, 'encoder_layer1_unit': 192, 'encoder_layer2_unit': 448, 'encoder_layer3_unit': 448, 'encoder_z_mean_layer0_unit': 64, 'encoder_z_mean_layer1_unit': 32, 'encoder_z_log_var_layer0_unit': 96, 'encoder_z_log_var_layer1_unit': 64, 'decoder_layer0_unit': 256, 'decoder_layer1_unit': 480, 'decoder_layer2_unit': 288, 'decoder_layer3_unit': 320, 'decoder_layer4_unit': 448, 'decoder_layer5_unit': 192}. Best is trial 249 with value: 14.215713620185852.
Trial 268 finished with value: 42.50770044326782 and parameters: {'reg_l1': 0.5167391776197613, 'reg_l2': 0.23255955237033044, 'learning_rate': 0.005, 'dropout': 0.4673272644356577, 'batch_size': 96, 'encoder_layer0_unit': 128, 'encoder_layer1_unit': 480, 'encoder_layer2_unit': 160, 'encoder_layer3_unit': 480, 'encoder_z_mean_layer0_unit': 64, 'encoder_z_mean_layer1_unit': 128, 'encoder_z_log_var_layer0_unit': 96, 'encoder_z_log_var_layer1_unit': 128, 'decoder_layer0_unit': 288, 'decoder_layer1_unit': 256, 'decoder_layer2_unit': 256, 'decoder_layer3_unit': 224, 'decoder_layer4_unit': 288, 'decoder_layer5_unit': 288}. Best is trial 249 with value: 14.215713620185852.
Trial 269 finished with value: 28.44141960144043 and parameters: {'reg_l1': 0.4215141659606696, 'reg_l2': 0.7228052554175812, 'learning_rate': 0.0001, 'dropout': 0.2962563348812994, 'batch_size': 64, 'encoder_layer0_unit': 416, 'encoder_layer1_unit': 128, 'encoder_layer2_unit': 288, 'encoder_layer3_unit': 320, 'encoder_z_mean_layer0_unit': 32, 'encoder_z_mean_layer1_unit': 64, 'encoder_z_log_var_layer0_unit': 96, 'encoder_z_log_var_layer1_unit': 32, 'decoder_layer0_unit': 256, 'decoder_layer1_unit': 32, 'decoder_layer2_unit': 96, 'decoder_layer3_unit': 448, 'decoder_layer4_unit': 416, 'decoder_layer5_unit': 448}. Best is trial 249 with value: 14.215713620185852.
Trial 270 finished with value: 14.242459177970886 and parameters: {'reg_l1': 0.5445078842566561, 'reg_l2': 0.04937901580746773, 'learning_rate': 0.0001, 'dropout': 0.38078108889730516, 'batch_size': 32, 'encoder_layer0_unit': 288, 'encoder_layer1_unit': 448, 'encoder_layer2_unit': 256, 'encoder_layer3_unit': 288, 'encoder_z_mean_layer0_unit': 64, 'encoder_z_mean_layer1_unit': 128, 'encoder_z_log_var_layer0_unit': 128, 'encoder_z_log_var_layer1_unit': 96, 'decoder_layer0_unit': 416, 'decoder_layer1_unit': 256, 'decoder_layer2_unit': 384, 'decoder_layer3_unit': 192, 'decoder_layer4_unit': 352, 'decoder_layer5_unit': 64}. Best is trial 249 with value: 14.215713620185852.
Trial 271 finished with value: 56.56414842605591 and parameters: {'reg_l1': 0.2906740146661527, 'reg_l2': 0.5422985345612973, 'learning_rate': 0.005, 'dropout': 0.3713025615294637, 'batch_size': 128, 'encoder_layer0_unit': 320, 'encoder_layer1_unit': 288, 'encoder_layer2_unit': 288, 'encoder_layer3_unit': 256, 'encoder_z_mean_layer0_unit': 96, 'encoder_z_mean_layer1_unit': 32, 'encoder_z_log_var_layer0_unit': 96, 'encoder_z_log_var_layer1_unit': 96, 'decoder_layer0_unit': 64, 'decoder_layer1_unit': 32, 'decoder_layer2_unit': 352, 'decoder_layer3_unit': 224, 'decoder_layer4_unit': 192, 'decoder_layer5_unit': 480}. Best is trial 249 with value: 14.215713620185852.
Trial 272 finished with value: 113.75441360473633 and parameters: {'reg_l1': 0.37034412986118115, 'reg_l2': 0.46936375775247674, 'learning_rate': 0.01, 'dropout': 0.27225469996476503, 'batch_size': 256, 'encoder_layer0_unit': 480, 'encoder_layer1_unit': 224, 'encoder_layer2_unit': 160, 'encoder_layer3_unit': 224, 'encoder_z_mean_layer0_unit': 32, 'encoder_z_mean_layer1_unit': 64, 'encoder_z_log_var_layer0_unit': 32, 'encoder_z_log_var_layer1_unit': 64, 'decoder_layer0_unit': 224, 'decoder_layer1_unit': 416, 'decoder_layer2_unit': 320, 'decoder_layer3_unit': 448, 'decoder_layer4_unit': 288, 'decoder_layer5_unit': 224}. Best is trial 249 with value: 14.215713620185852.
Trial 273 finished with value: 112.4014892578125 and parameters: {'reg_l1': 0.7192601535850156, 'reg_l2': 0.29575142389784537, 'learning_rate': 0.005, 'dropout': 0.44423067137403316, 'batch_size': 256, 'encoder_layer0_unit': 416, 'encoder_layer1_unit': 192, 'encoder_layer2_unit': 320, 'encoder_layer3_unit': 320, 'encoder_z_mean_layer0_unit': 128, 'encoder_z_mean_layer1_unit': 96, 'encoder_z_log_var_layer0_unit': 64, 'encoder_z_log_var_layer1_unit': 32, 'decoder_layer0_unit': 352, 'decoder_layer1_unit': 288, 'decoder_layer2_unit': 352, 'decoder_layer3_unit': 160, 'decoder_layer4_unit': 288, 'decoder_layer5_unit': 224}. Best is trial 249 with value: 14.215713620185852.
Trial 274 finished with value: 56.51202726364136 and parameters: {'reg_l1': 0.6400334056634749, 'reg_l2': 0.4790635738146626, 'learning_rate': 0.01, 'dropout': 0.07165206986247247, 'batch_size': 128, 'encoder_layer0_unit': 288, 'encoder_layer1_unit': 288, 'encoder_layer2_unit': 416, 'encoder_layer3_unit': 448, 'encoder_z_mean_layer0_unit': 96, 'encoder_z_mean_layer1_unit': 128, 'encoder_z_log_var_layer0_unit': 96, 'encoder_z_log_var_layer1_unit': 96, 'decoder_layer0_unit': 96, 'decoder_layer1_unit': 160, 'decoder_layer2_unit': 96, 'decoder_layer3_unit': 224, 'decoder_layer4_unit': 256, 'decoder_layer5_unit': 416}. Best is trial 249 with value: 14.215713620185852.
Trial 275 finished with value: 56.85950946807861 and parameters: {'reg_l1': 0.8361772319576648, 'reg_l2': 0.8718708713098989, 'learning_rate': 0.01, 'dropout': 0.24175726270307762, 'batch_size': 128, 'encoder_layer0_unit': 384, 'encoder_layer1_unit': 192, 'encoder_layer2_unit': 224, 'encoder_layer3_unit': 256, 'encoder_z_mean_layer0_unit': 64, 'encoder_z_mean_layer1_unit': 128, 'encoder_z_log_var_layer0_unit': 128, 'encoder_z_log_var_layer1_unit': 32, 'decoder_layer0_unit': 288, 'decoder_layer1_unit': 384, 'decoder_layer2_unit': 320, 'decoder_layer3_unit': 448, 'decoder_layer4_unit': 416, 'decoder_layer5_unit': 320}. Best is trial 249 with value: 14.215713620185852.
Trial 276 finished with value: 70.70694923400879 and parameters: {'reg_l1': 0.08736689093624006, 'reg_l2': 0.8312195104408148, 'learning_rate': 0.0005, 'dropout': 0.3363253415861786, 'batch_size': 160, 'encoder_layer0_unit': 448, 'encoder_layer1_unit': 192, 'encoder_layer2_unit': 448, 'encoder_layer3_unit': 128, 'encoder_z_mean_layer0_unit': 32, 'encoder_z_mean_layer1_unit': 128, 'encoder_z_log_var_layer0_unit': 128, 'encoder_z_log_var_layer1_unit': 32, 'decoder_layer0_unit': 192, 'decoder_layer1_unit': 352, 'decoder_layer2_unit': 480, 'decoder_layer3_unit': 320, 'decoder_layer4_unit': 32, 'decoder_layer5_unit': 288}. Best is trial 249 with value: 14.215713620185852.
Trial 277 finished with value: 28.46991229057312 and parameters: {'reg_l1': 0.011502792458025435, 'reg_l2': 0.3170416867723126, 'learning_rate': 0.0001, 'dropout': 0.3386927581098495, 'batch_size': 64, 'encoder_layer0_unit': 320, 'encoder_layer1_unit': 128, 'encoder_layer2_unit': 320, 'encoder_layer3_unit': 224, 'encoder_z_mean_layer0_unit': 96, 'encoder_z_mean_layer1_unit': 96, 'encoder_z_log_var_layer0_unit': 128, 'encoder_z_log_var_layer1_unit': 32, 'decoder_layer0_unit': 288, 'decoder_layer1_unit': 320, 'decoder_layer2_unit': 256, 'decoder_layer3_unit': 288, 'decoder_layer4_unit': 352, 'decoder_layer5_unit': 128}. Best is trial 249 with value: 14.215713620185852.
Trial 278 finished with value: 112.8638162612915 and parameters: {'reg_l1': 0.9774505250302472, 'reg_l2': 0.08739503320358255, 'learning_rate': 0.0005, 'dropout': 0.02547228223274689, 'batch_size': 256, 'encoder_layer0_unit': 448, 'encoder_layer1_unit': 416, 'encoder_layer2_unit': 128, 'encoder_layer3_unit': 160, 'encoder_z_mean_layer0_unit': 128, 'encoder_z_mean_layer1_unit': 32, 'encoder_z_log_var_layer0_unit': 96, 'encoder_z_log_var_layer1_unit': 96, 'decoder_layer0_unit': 448, 'decoder_layer1_unit': 416, 'decoder_layer2_unit': 160, 'decoder_layer3_unit': 384, 'decoder_layer4_unit': 64, 'decoder_layer5_unit': 384}. Best is trial 249 with value: 14.215713620185852.
Trial 279 finished with value: 14.243203520774841 and parameters: {'reg_l1': 0.3994581641300077, 'reg_l2': 0.2852900295909856, 'learning_rate': 0.0001, 'dropout': 0.3987813520715241, 'batch_size': 32, 'encoder_layer0_unit': 384, 'encoder_layer1_unit': 160, 'encoder_layer2_unit': 192, 'encoder_layer3_unit': 352, 'encoder_z_mean_layer0_unit': 32, 'encoder_z_mean_layer1_unit': 64, 'encoder_z_log_var_layer0_unit': 96, 'encoder_z_log_var_layer1_unit': 64, 'decoder_layer0_unit': 192, 'decoder_layer1_unit': 384, 'decoder_layer2_unit': 32, 'decoder_layer3_unit': 480, 'decoder_layer4_unit': 352, 'decoder_layer5_unit': 352}. Best is trial 249 with value: 14.215713620185852.
Trial 280 finished with value: 112.73882293701172 and parameters: {'reg_l1': 0.6338082202485579, 'reg_l2': 0.6153130248073355, 'learning_rate': 0.001, 'dropout': 0.11875200493197824, 'batch_size': 256, 'encoder_layer0_unit': 320, 'encoder_layer1_unit': 224, 'encoder_layer2_unit': 320, 'encoder_layer3_unit': 384, 'encoder_z_mean_layer0_unit': 96, 'encoder_z_mean_layer1_unit': 128, 'encoder_z_log_var_layer0_unit': 32, 'encoder_z_log_var_layer1_unit': 128, 'decoder_layer0_unit': 64, 'decoder_layer1_unit': 96, 'decoder_layer2_unit': 448, 'decoder_layer3_unit': 192, 'decoder_layer4_unit': 384, 'decoder_layer5_unit': 32}. Best is trial 249 with value: 14.215713620185852.
Trial 281 finished with value: 84.36475086212158 and parameters: {'reg_l1': 0.9247980222010607, 'reg_l2': 0.8203098281424136, 'learning_rate': 0.005, 'dropout': 0.039415470576087575, 'batch_size': 192, 'encoder_layer0_unit': 480, 'encoder_layer1_unit': 128, 'encoder_layer2_unit': 352, 'encoder_layer3_unit': 448, 'encoder_z_mean_layer0_unit': 96, 'encoder_z_mean_layer1_unit': 96, 'encoder_z_log_var_layer0_unit': 128, 'encoder_z_log_var_layer1_unit': 32, 'decoder_layer0_unit': 384, 'decoder_layer1_unit': 96, 'decoder_layer2_unit': 96, 'decoder_layer3_unit': 128, 'decoder_layer4_unit': 256, 'decoder_layer5_unit': 224}. Best is trial 249 with value: 14.215713620185852.
Trial 282 finished with value: 42.55345678329468 and parameters: {'reg_l1': 0.708197199844705, 'reg_l2': 0.22992220897622406, 'learning_rate': 0.0005, 'dropout': 0.05144760022203648, 'batch_size': 96, 'encoder_layer0_unit': 448, 'encoder_layer1_unit': 320, 'encoder_layer2_unit': 128, 'encoder_layer3_unit': 256, 'encoder_z_mean_layer0_unit': 128, 'encoder_z_mean_layer1_unit': 32, 'encoder_z_log_var_layer0_unit': 96, 'encoder_z_log_var_layer1_unit': 64, 'decoder_layer0_unit': 96, 'decoder_layer1_unit': 480, 'decoder_layer2_unit': 448, 'decoder_layer3_unit': 448, 'decoder_layer4_unit': 96, 'decoder_layer5_unit': 32}. Best is trial 249 with value: 14.215713620185852.
Trial 283 finished with value: 84.73993682861328 and parameters: {'reg_l1': 0.9135730695809564, 'reg_l2': 0.03319027954973308, 'learning_rate': 0.0001, 'dropout': 0.20585045129579033, 'batch_size': 192, 'encoder_layer0_unit': 416, 'encoder_layer1_unit': 192, 'encoder_layer2_unit': 480, 'encoder_layer3_unit': 192, 'encoder_z_mean_layer0_unit': 64, 'encoder_z_mean_layer1_unit': 128, 'encoder_z_log_var_layer0_unit': 128, 'encoder_z_log_var_layer1_unit': 32, 'decoder_layer0_unit': 384, 'decoder_layer1_unit': 352, 'decoder_layer2_unit': 64, 'decoder_layer3_unit': 384, 'decoder_layer4_unit': 160, 'decoder_layer5_unit': 352}. Best is trial 249 with value: 14.215713620185852.
Trial 284 finished with value: 70.79266548156738 and parameters: {'reg_l1': 0.9037399704613057, 'reg_l2': 0.6359041299988807, 'learning_rate': 0.005, 'dropout': 0.18675993531812807, 'batch_size': 160, 'encoder_layer0_unit': 448, 'encoder_layer1_unit': 128, 'encoder_layer2_unit': 288, 'encoder_layer3_unit': 448, 'encoder_z_mean_layer0_unit': 32, 'encoder_z_mean_layer1_unit': 128, 'encoder_z_log_var_layer0_unit': 128, 'encoder_z_log_var_layer1_unit': 96, 'decoder_layer0_unit': 224, 'decoder_layer1_unit': 224, 'decoder_layer2_unit': 480, 'decoder_layer3_unit': 32, 'decoder_layer4_unit': 96, 'decoder_layer5_unit': 416}. Best is trial 249 with value: 14.215713620185852.
Trial 285 finished with value: 112.83065986633301 and parameters: {'reg_l1': 0.12330663407045206, 'reg_l2': 0.33666507767666254, 'learning_rate': 0.0001, 'dropout': 0.004431281596429193, 'batch_size': 256, 'encoder_layer0_unit': 480, 'encoder_layer1_unit': 352, 'encoder_layer2_unit': 128, 'encoder_layer3_unit': 416, 'encoder_z_mean_layer0_unit': 128, 'encoder_z_mean_layer1_unit': 32, 'encoder_z_log_var_layer0_unit': 96, 'encoder_z_log_var_layer1_unit': 64, 'decoder_layer0_unit': 256, 'decoder_layer1_unit': 448, 'decoder_layer2_unit': 128, 'decoder_layer3_unit': 192, 'decoder_layer4_unit': 160, 'decoder_layer5_unit': 64}. Best is trial 249 with value: 14.215713620185852.
Trial 286 finished with value: 84.7253246307373 and parameters: {'reg_l1': 0.3807334189919138, 'reg_l2': 0.9574943154509912, 'learning_rate': 0.001, 'dropout': 0.3769329679926392, 'batch_size': 192, 'encoder_layer0_unit': 320, 'encoder_layer1_unit': 448, 'encoder_layer2_unit': 320, 'encoder_layer3_unit': 256, 'encoder_z_mean_layer0_unit': 96, 'encoder_z_mean_layer1_unit': 96, 'encoder_z_log_var_layer0_unit': 32, 'encoder_z_log_var_layer1_unit': 128, 'decoder_layer0_unit': 416, 'decoder_layer1_unit': 128, 'decoder_layer2_unit': 320, 'decoder_layer3_unit': 256, 'decoder_layer4_unit': 128, 'decoder_layer5_unit': 288}. Best is trial 249 with value: 14.215713620185852.
Trial 287 finished with value: 14.226366400718689 and parameters: {'reg_l1': 0.18287975324651806, 'reg_l2': 0.8743484376892651, 'learning_rate': 0.001, 'dropout': 0.2711802378656374, 'batch_size': 32, 'encoder_layer0_unit': 288, 'encoder_layer1_unit': 288, 'encoder_layer2_unit': 416, 'encoder_layer3_unit': 352, 'encoder_z_mean_layer0_unit': 128, 'encoder_z_mean_layer1_unit': 96, 'encoder_z_log_var_layer0_unit': 64, 'encoder_z_log_var_layer1_unit': 64, 'decoder_layer0_unit': 32, 'decoder_layer1_unit': 32, 'decoder_layer2_unit': 32, 'decoder_layer3_unit': 352, 'decoder_layer4_unit': 192, 'decoder_layer5_unit': 320}. Best is trial 249 with value: 14.215713620185852.
