Trial 160 finished with value: 84.8291540145874 and parameters: {'reg_l1': 0.919915812979531, 'reg_l2': 0.8741624804615173, 'learning_rate': 0.0001, 'dropout': 0.000836238551475299, 'batch_size': 192, 'encoder_layer0_unit': 288, 'encoder_layer1_unit': 352, 'encoder_layer2_unit': 480, 'encoder_layer3_unit': 384, 'encoder_z_mean_layer0_unit': 32, 'encoder_z_mean_layer1_unit': 32, 'encoder_z_log_var_layer0_unit': 96, 'encoder_z_log_var_layer1_unit': 64, 'decoder_layer0_unit': 288, 'decoder_layer1_unit': 256, 'decoder_layer2_unit': 320, 'decoder_layer3_unit': 64, 'decoder_layer4_unit': 96, 'decoder_layer5_unit': 192}. Best is trial 45 with value: 14.216556549072266.
Trial 161 finished with value: 98.82778835296631 and parameters: {'reg_l1': 0.9767899205327321, 'reg_l2': 0.9619600312111563, 'learning_rate': 0.001, 'dropout': 0.2935931993343925, 'batch_size': 224, 'encoder_layer0_unit': 160, 'encoder_layer1_unit': 128, 'encoder_layer2_unit': 480, 'encoder_layer3_unit': 448, 'encoder_z_mean_layer0_unit': 32, 'encoder_z_mean_layer1_unit': 96, 'encoder_z_log_var_layer0_unit': 96, 'encoder_z_log_var_layer1_unit': 64, 'decoder_layer0_unit': 384, 'decoder_layer1_unit': 352, 'decoder_layer2_unit': 64, 'decoder_layer3_unit': 288, 'decoder_layer4_unit': 448, 'decoder_layer5_unit': 416}. Best is trial 45 with value: 14.216556549072266.
Trial 162 finished with value: 42.606605052948 and parameters: {'reg_l1': 0.6034203264244289, 'reg_l2': 0.9383290561756523, 'learning_rate': 0.0001, 'dropout': 0.2775639630864006, 'batch_size': 96, 'encoder_layer0_unit': 256, 'encoder_layer1_unit': 256, 'encoder_layer2_unit': 256, 'encoder_layer3_unit': 480, 'encoder_z_mean_layer0_unit': 128, 'encoder_z_mean_layer1_unit': 96, 'encoder_z_log_var_layer0_unit': 64, 'encoder_z_log_var_layer1_unit': 64, 'decoder_layer0_unit': 192, 'decoder_layer1_unit': 256, 'decoder_layer2_unit': 160, 'decoder_layer3_unit': 224, 'decoder_layer4_unit': 448, 'decoder_layer5_unit': 96}. Best is trial 45 with value: 14.216556549072266.
Trial 163 finished with value: 84.78240966796875 and parameters: {'reg_l1': 0.7299200435472357, 'reg_l2': 0.7208919537924915, 'learning_rate': 0.0005, 'dropout': 0.17139834093783224, 'batch_size': 192, 'encoder_layer0_unit': 416, 'encoder_layer1_unit': 480, 'encoder_layer2_unit': 224, 'encoder_layer3_unit': 352, 'encoder_z_mean_layer0_unit': 32, 'encoder_z_mean_layer1_unit': 32, 'encoder_z_log_var_layer0_unit': 32, 'encoder_z_log_var_layer1_unit': 96, 'decoder_layer0_unit': 256, 'decoder_layer1_unit': 416, 'decoder_layer2_unit': 256, 'decoder_layer3_unit': 320, 'decoder_layer4_unit': 160, 'decoder_layer5_unit': 480}. Best is trial 45 with value: 14.216556549072266.
Trial 164 finished with value: 70.71513271331787 and parameters: {'reg_l1': 0.4733541324383025, 'reg_l2': 0.03424495312352849, 'learning_rate': 0.0005, 'dropout': 0.27914037434348005, 'batch_size': 160, 'encoder_layer0_unit': 256, 'encoder_layer1_unit': 448, 'encoder_layer2_unit': 160, 'encoder_layer3_unit': 352, 'encoder_z_mean_layer0_unit': 96, 'encoder_z_mean_layer1_unit': 128, 'encoder_z_log_var_layer0_unit': 128, 'encoder_z_log_var_layer1_unit': 128, 'decoder_layer0_unit': 320, 'decoder_layer1_unit': 64, 'decoder_layer2_unit': 320, 'decoder_layer3_unit': 224, 'decoder_layer4_unit': 96, 'decoder_layer5_unit': 160}. Best is trial 45 with value: 14.216556549072266.
Trial 165 finished with value: 42.67852449417114 and parameters: {'reg_l1': 0.1638142690096286, 'reg_l2': 0.8476370284923412, 'learning_rate': 0.01, 'dropout': 0.28558967224168086, 'batch_size': 96, 'encoder_layer0_unit': 416, 'encoder_layer1_unit': 320, 'encoder_layer2_unit': 288, 'encoder_layer3_unit': 448, 'encoder_z_mean_layer0_unit': 128, 'encoder_z_mean_layer1_unit': 96, 'encoder_z_log_var_layer0_unit': 32, 'encoder_z_log_var_layer1_unit': 32, 'decoder_layer0_unit': 352, 'decoder_layer1_unit': 192, 'decoder_layer2_unit': 128, 'decoder_layer3_unit': 64, 'decoder_layer4_unit': 160, 'decoder_layer5_unit': 32}. Best is trial 45 with value: 14.216556549072266.
Trial 166 finished with value: 42.5310640335083 and parameters: {'reg_l1': 0.7150578692442252, 'reg_l2': 0.06676717206314609, 'learning_rate': 0.005, 'dropout': 0.15324174602915258, 'batch_size': 96, 'encoder_layer0_unit': 416, 'encoder_layer1_unit': 384, 'encoder_layer2_unit': 448, 'encoder_layer3_unit': 128, 'encoder_z_mean_layer0_unit': 96, 'encoder_z_mean_layer1_unit': 64, 'encoder_z_log_var_layer0_unit': 96, 'encoder_z_log_var_layer1_unit': 128, 'decoder_layer0_unit': 224, 'decoder_layer1_unit': 128, 'decoder_layer2_unit': 320, 'decoder_layer3_unit': 480, 'decoder_layer4_unit': 448, 'decoder_layer5_unit': 320}. Best is trial 45 with value: 14.216556549072266.
Trial 167 finished with value: 112.88561630249023 and parameters: {'reg_l1': 0.6186605066213267, 'reg_l2': 0.07764656156537508, 'learning_rate': 0.0001, 'dropout': 0.2075121424465109, 'batch_size': 256, 'encoder_layer0_unit': 480, 'encoder_layer1_unit': 416, 'encoder_layer2_unit': 128, 'encoder_layer3_unit': 320, 'encoder_z_mean_layer0_unit': 128, 'encoder_z_mean_layer1_unit': 64, 'encoder_z_log_var_layer0_unit': 64, 'encoder_z_log_var_layer1_unit': 64, 'decoder_layer0_unit': 320, 'decoder_layer1_unit': 256, 'decoder_layer2_unit': 160, 'decoder_layer3_unit': 480, 'decoder_layer4_unit': 416, 'decoder_layer5_unit': 352}. Best is trial 45 with value: 14.216556549072266.
Trial 168 finished with value: 42.558452129364014 and parameters: {'reg_l1': 0.5349789772015071, 'reg_l2': 0.5590752054100031, 'learning_rate': 0.0005, 'dropout': 0.36671238932849, 'batch_size': 96, 'encoder_layer0_unit': 416, 'encoder_layer1_unit': 480, 'encoder_layer2_unit': 288, 'encoder_layer3_unit': 160, 'encoder_z_mean_layer0_unit': 96, 'encoder_z_mean_layer1_unit': 64, 'encoder_z_log_var_layer0_unit': 64, 'encoder_z_log_var_layer1_unit': 32, 'decoder_layer0_unit': 128, 'decoder_layer1_unit': 384, 'decoder_layer2_unit': 416, 'decoder_layer3_unit': 352, 'decoder_layer4_unit': 384, 'decoder_layer5_unit': 192}. Best is trial 45 with value: 14.216556549072266.
Trial 169 finished with value: 28.442415475845337 and parameters: {'reg_l1': 0.6690424995151717, 'reg_l2': 0.49139277139621906, 'learning_rate': 0.01, 'dropout': 0.2181631492618344, 'batch_size': 64, 'encoder_layer0_unit': 288, 'encoder_layer1_unit': 384, 'encoder_layer2_unit': 416, 'encoder_layer3_unit': 448, 'encoder_z_mean_layer0_unit': 64, 'encoder_z_mean_layer1_unit': 64, 'encoder_z_log_var_layer0_unit': 128, 'encoder_z_log_var_layer1_unit': 128, 'decoder_layer0_unit': 352, 'decoder_layer1_unit': 128, 'decoder_layer2_unit': 480, 'decoder_layer3_unit': 480, 'decoder_layer4_unit': 384, 'decoder_layer5_unit': 416}. Best is trial 45 with value: 14.216556549072266.
Trial 170 finished with value: 98.85103607177734 and parameters: {'reg_l1': 0.17886493312269058, 'reg_l2': 0.974897309403395, 'learning_rate': 0.005, 'dropout': 0.1799091455414768, 'batch_size': 224, 'encoder_layer0_unit': 480, 'encoder_layer1_unit': 128, 'encoder_layer2_unit': 192, 'encoder_layer3_unit': 128, 'encoder_z_mean_layer0_unit': 32, 'encoder_z_mean_layer1_unit': 128, 'encoder_z_log_var_layer0_unit': 64, 'encoder_z_log_var_layer1_unit': 32, 'decoder_layer0_unit': 384, 'decoder_layer1_unit': 128, 'decoder_layer2_unit': 32, 'decoder_layer3_unit': 256, 'decoder_layer4_unit': 480, 'decoder_layer5_unit': 128}. Best is trial 45 with value: 14.216556549072266.
Trial 171 finished with value: 42.652705669403076 and parameters: {'reg_l1': 0.048577618812206014, 'reg_l2': 0.3519134496207563, 'learning_rate': 0.01, 'dropout': 0.31816359123235255, 'batch_size': 96, 'encoder_layer0_unit': 320, 'encoder_layer1_unit': 352, 'encoder_layer2_unit': 128, 'encoder_layer3_unit': 128, 'encoder_z_mean_layer0_unit': 32, 'encoder_z_mean_layer1_unit': 64, 'encoder_z_log_var_layer0_unit': 64, 'encoder_z_log_var_layer1_unit': 32, 'decoder_layer0_unit': 192, 'decoder_layer1_unit': 416, 'decoder_layer2_unit': 32, 'decoder_layer3_unit': 96, 'decoder_layer4_unit': 64, 'decoder_layer5_unit': 480}. Best is trial 45 with value: 14.216556549072266.
Trial 172 finished with value: 70.78868293762207 and parameters: {'reg_l1': 0.2667897972288771, 'reg_l2': 0.25949947067713774, 'learning_rate': 0.0005, 'dropout': 0.07190512767918028, 'batch_size': 160, 'encoder_layer0_unit': 416, 'encoder_layer1_unit': 160, 'encoder_layer2_unit': 320, 'encoder_layer3_unit': 192, 'encoder_z_mean_layer0_unit': 96, 'encoder_z_mean_layer1_unit': 32, 'encoder_z_log_var_layer0_unit': 64, 'encoder_z_log_var_layer1_unit': 64, 'decoder_layer0_unit': 96, 'decoder_layer1_unit': 192, 'decoder_layer2_unit': 320, 'decoder_layer3_unit': 352, 'decoder_layer4_unit': 448, 'decoder_layer5_unit': 224}. Best is trial 45 with value: 14.216556549072266.
Trial 173 finished with value: 56.87686061859131 and parameters: {'reg_l1': 0.848130997120648, 'reg_l2': 0.07181470307465265, 'learning_rate': 0.01, 'dropout': 0.12074701629828638, 'batch_size': 128, 'encoder_layer0_unit': 480, 'encoder_layer1_unit': 192, 'encoder_layer2_unit': 160, 'encoder_layer3_unit': 352, 'encoder_z_mean_layer0_unit': 32, 'encoder_z_mean_layer1_unit': 128, 'encoder_z_log_var_layer0_unit': 32, 'encoder_z_log_var_layer1_unit': 32, 'decoder_layer0_unit': 384, 'decoder_layer1_unit': 384, 'decoder_layer2_unit': 224, 'decoder_layer3_unit': 352, 'decoder_layer4_unit': 160, 'decoder_layer5_unit': 128}. Best is trial 45 with value: 14.216556549072266.
Trial 174 finished with value: 70.63548469543457 and parameters: {'reg_l1': 0.8735793470071461, 'reg_l2': 0.27622029282769867, 'learning_rate': 0.001, 'dropout': 0.43380444138676905, 'batch_size': 160, 'encoder_layer0_unit': 288, 'encoder_layer1_unit': 256, 'encoder_layer2_unit': 352, 'encoder_layer3_unit': 224, 'encoder_z_mean_layer0_unit': 64, 'encoder_z_mean_layer1_unit': 96, 'encoder_z_log_var_layer0_unit': 96, 'encoder_z_log_var_layer1_unit': 64, 'decoder_layer0_unit': 128, 'decoder_layer1_unit': 320, 'decoder_layer2_unit': 160, 'decoder_layer3_unit': 160, 'decoder_layer4_unit': 192, 'decoder_layer5_unit': 160}. Best is trial 45 with value: 14.216556549072266.
Trial 175 finished with value: 98.8209285736084 and parameters: {'reg_l1': 0.4136149874682832, 'reg_l2': 0.2640817848756052, 'learning_rate': 0.0001, 'dropout': 0.035259846879848455, 'batch_size': 224, 'encoder_layer0_unit': 352, 'encoder_layer1_unit': 192, 'encoder_layer2_unit': 352, 'encoder_layer3_unit': 128, 'encoder_z_mean_layer0_unit': 32, 'encoder_z_mean_layer1_unit': 64, 'encoder_z_log_var_layer0_unit': 32, 'encoder_z_log_var_layer1_unit': 96, 'decoder_layer0_unit': 192, 'decoder_layer1_unit': 64, 'decoder_layer2_unit': 480, 'decoder_layer3_unit': 192, 'decoder_layer4_unit': 288, 'decoder_layer5_unit': 160}. Best is trial 45 with value: 14.216556549072266.
Trial 176 finished with value: 42.51781988143921 and parameters: {'reg_l1': 0.12503888316062717, 'reg_l2': 0.6496662076798374, 'learning_rate': 0.01, 'dropout': 0.39777614026043157, 'batch_size': 96, 'encoder_layer0_unit': 192, 'encoder_layer1_unit': 224, 'encoder_layer2_unit': 160, 'encoder_layer3_unit': 224, 'encoder_z_mean_layer0_unit': 32, 'encoder_z_mean_layer1_unit': 32, 'encoder_z_log_var_layer0_unit': 128, 'encoder_z_log_var_layer1_unit': 32, 'decoder_layer0_unit': 160, 'decoder_layer1_unit': 224, 'decoder_layer2_unit': 224, 'decoder_layer3_unit': 32, 'decoder_layer4_unit': 64, 'decoder_layer5_unit': 64}. Best is trial 45 with value: 14.216556549072266.
Trial 177 finished with value: 98.91412162780762 and parameters: {'reg_l1': 0.1983468191878499, 'reg_l2': 0.9692186575721403, 'learning_rate': 0.0001, 'dropout': 0.4905733929541254, 'batch_size': 224, 'encoder_layer0_unit': 192, 'encoder_layer1_unit': 160, 'encoder_layer2_unit': 160, 'encoder_layer3_unit': 128, 'encoder_z_mean_layer0_unit': 64, 'encoder_z_mean_layer1_unit': 64, 'encoder_z_log_var_layer0_unit': 32, 'encoder_z_log_var_layer1_unit': 96, 'decoder_layer0_unit': 480, 'decoder_layer1_unit': 96, 'decoder_layer2_unit': 352, 'decoder_layer3_unit': 96, 'decoder_layer4_unit': 320, 'decoder_layer5_unit': 288}. Best is trial 45 with value: 14.216556549072266.
Trial 178 finished with value: 98.83503150939941 and parameters: {'reg_l1': 0.03764497651823595, 'reg_l2': 0.3338720834227157, 'learning_rate': 0.005, 'dropout': 0.15945990685940165, 'batch_size': 224, 'encoder_layer0_unit': 192, 'encoder_layer1_unit': 416, 'encoder_layer2_unit': 448, 'encoder_layer3_unit': 288, 'encoder_z_mean_layer0_unit': 96, 'encoder_z_mean_layer1_unit': 32, 'encoder_z_log_var_layer0_unit': 96, 'encoder_z_log_var_layer1_unit': 64, 'decoder_layer0_unit': 256, 'decoder_layer1_unit': 64, 'decoder_layer2_unit': 416, 'decoder_layer3_unit': 288, 'decoder_layer4_unit': 128, 'decoder_layer5_unit': 256}. Best is trial 45 with value: 14.216556549072266.
Trial 179 finished with value: 14.216573119163513 and parameters: {'reg_l1': 0.2578330882596255, 'reg_l2': 0.2913714016152773, 'learning_rate': 0.001, 'dropout': 0.33885906274619576, 'batch_size': 32, 'encoder_layer0_unit': 448, 'encoder_layer1_unit': 256, 'encoder_layer2_unit': 128, 'encoder_layer3_unit': 320, 'encoder_z_mean_layer0_unit': 64, 'encoder_z_mean_layer1_unit': 96, 'encoder_z_log_var_layer0_unit': 128, 'encoder_z_log_var_layer1_unit': 64, 'decoder_layer0_unit': 256, 'decoder_layer1_unit': 416, 'decoder_layer2_unit': 192, 'decoder_layer3_unit': 160, 'decoder_layer4_unit': 256, 'decoder_layer5_unit': 320}. Best is trial 45 with value: 14.216556549072266.
Trial 180 finished with value: 70.78178024291992 and parameters: {'reg_l1': 0.40004933787056374, 'reg_l2': 0.3729648179955688, 'learning_rate': 0.0001, 'dropout': 0.15058146878716783, 'batch_size': 160, 'encoder_layer0_unit': 224, 'encoder_layer1_unit': 288, 'encoder_layer2_unit': 192, 'encoder_layer3_unit': 128, 'encoder_z_mean_layer0_unit': 32, 'encoder_z_mean_layer1_unit': 64, 'encoder_z_log_var_layer0_unit': 32, 'encoder_z_log_var_layer1_unit': 32, 'decoder_layer0_unit': 320, 'decoder_layer1_unit': 192, 'decoder_layer2_unit': 96, 'decoder_layer3_unit': 384, 'decoder_layer4_unit': 352, 'decoder_layer5_unit': 192}. Best is trial 45 with value: 14.216556549072266.
Trial 181 finished with value: 42.58793544769287 and parameters: {'reg_l1': 0.26129625218346053, 'reg_l2': 0.4047705252366586, 'learning_rate': 0.0005, 'dropout': 0.23032693009977556, 'batch_size': 96, 'encoder_layer0_unit': 416, 'encoder_layer1_unit': 224, 'encoder_layer2_unit': 224, 'encoder_layer3_unit': 256, 'encoder_z_mean_layer0_unit': 128, 'encoder_z_mean_layer1_unit': 96, 'encoder_z_log_var_layer0_unit': 32, 'encoder_z_log_var_layer1_unit': 96, 'decoder_layer0_unit': 416, 'decoder_layer1_unit': 416, 'decoder_layer2_unit': 288, 'decoder_layer3_unit': 128, 'decoder_layer4_unit': 320, 'decoder_layer5_unit': 64}. Best is trial 45 with value: 14.216556549072266.
Trial 182 finished with value: 84.48877429962158 and parameters: {'reg_l1': 0.39810060985075846, 'reg_l2': 0.1580307874817013, 'learning_rate': 0.001, 'dropout': 0.3530670463937268, 'batch_size': 192, 'encoder_layer0_unit': 384, 'encoder_layer1_unit': 480, 'encoder_layer2_unit': 160, 'encoder_layer3_unit': 448, 'encoder_z_mean_layer0_unit': 64, 'encoder_z_mean_layer1_unit': 96, 'encoder_z_log_var_layer0_unit': 64, 'encoder_z_log_var_layer1_unit': 96, 'decoder_layer0_unit': 96, 'decoder_layer1_unit': 480, 'decoder_layer2_unit': 224, 'decoder_layer3_unit': 384, 'decoder_layer4_unit': 96, 'decoder_layer5_unit': 448}. Best is trial 45 with value: 14.216556549072266.
Trial 183 finished with value: 84.99706840515137 and parameters: {'reg_l1': 0.47822931897452914, 'reg_l2': 0.6586946551651398, 'learning_rate': 0.0001, 'dropout': 0.003212593376199002, 'batch_size': 192, 'encoder_layer0_unit': 416, 'encoder_layer1_unit': 352, 'encoder_layer2_unit': 352, 'encoder_layer3_unit': 320, 'encoder_z_mean_layer0_unit': 128, 'encoder_z_mean_layer1_unit': 96, 'encoder_z_log_var_layer0_unit': 96, 'encoder_z_log_var_layer1_unit': 128, 'decoder_layer0_unit': 64, 'decoder_layer1_unit': 480, 'decoder_layer2_unit': 320, 'decoder_layer3_unit': 320, 'decoder_layer4_unit': 256, 'decoder_layer5_unit': 480}. Best is trial 45 with value: 14.216556549072266.
Trial 184 finished with value: 14.218462586402893 and parameters: {'reg_l1': 0.23408038193553182, 'reg_l2': 0.7732758349404958, 'learning_rate': 0.001, 'dropout': 0.21834856852976253, 'batch_size': 32, 'encoder_layer0_unit': 384, 'encoder_layer1_unit': 192, 'encoder_layer2_unit': 480, 'encoder_layer3_unit': 448, 'encoder_z_mean_layer0_unit': 96, 'encoder_z_mean_layer1_unit': 96, 'encoder_z_log_var_layer0_unit': 128, 'encoder_z_log_var_layer1_unit': 128, 'decoder_layer0_unit': 416, 'decoder_layer1_unit': 320, 'decoder_layer2_unit': 160, 'decoder_layer3_unit': 256, 'decoder_layer4_unit': 352, 'decoder_layer5_unit': 384}. Best is trial 45 with value: 14.216556549072266.
Trial 185 finished with value: 84.68728065490723 and parameters: {'reg_l1': 0.004759682087879136, 'reg_l2': 0.5241431929001416, 'learning_rate': 0.001, 'dropout': 0.1697006170038572, 'batch_size': 192, 'encoder_layer0_unit': 320, 'encoder_layer1_unit': 416, 'encoder_layer2_unit': 192, 'encoder_layer3_unit': 256, 'encoder_z_mean_layer0_unit': 32, 'encoder_z_mean_layer1_unit': 128, 'encoder_z_log_var_layer0_unit': 64, 'encoder_z_log_var_layer1_unit': 64, 'decoder_layer0_unit': 384, 'decoder_layer1_unit': 416, 'decoder_layer2_unit': 64, 'decoder_layer3_unit': 96, 'decoder_layer4_unit': 128, 'decoder_layer5_unit': 288}. Best is trial 45 with value: 14.216556549072266.
Trial 186 finished with value: 112.83128833770752 and parameters: {'reg_l1': 0.1307689386090335, 'reg_l2': 0.09766922879039197, 'learning_rate': 0.0005, 'dropout': 0.22633600542374865, 'batch_size': 256, 'encoder_layer0_unit': 256, 'encoder_layer1_unit': 224, 'encoder_layer2_unit': 448, 'encoder_layer3_unit': 480, 'encoder_z_mean_layer0_unit': 128, 'encoder_z_mean_layer1_unit': 96, 'encoder_z_log_var_layer0_unit': 32, 'encoder_z_log_var_layer1_unit': 96, 'decoder_layer0_unit': 288, 'decoder_layer1_unit': 128, 'decoder_layer2_unit': 480, 'decoder_layer3_unit': 160, 'decoder_layer4_unit': 96, 'decoder_layer5_unit': 256}. Best is trial 45 with value: 14.216556549072266.
Trial 187 finished with value: 84.82738494873047 and parameters: {'reg_l1': 0.29590886225273716, 'reg_l2': 0.9583695477476665, 'learning_rate': 0.001, 'dropout': 0.03949755109579539, 'batch_size': 192, 'encoder_layer0_unit': 160, 'encoder_layer1_unit': 224, 'encoder_layer2_unit': 416, 'encoder_layer3_unit': 480, 'encoder_z_mean_layer0_unit': 32, 'encoder_z_mean_layer1_unit': 64, 'encoder_z_log_var_layer0_unit': 96, 'encoder_z_log_var_layer1_unit': 64, 'decoder_layer0_unit': 320, 'decoder_layer1_unit': 128, 'decoder_layer2_unit': 160, 'decoder_layer3_unit': 224, 'decoder_layer4_unit': 448, 'decoder_layer5_unit': 64}. Best is trial 45 with value: 14.216556549072266.
Trial 188 finished with value: 84.91762351989746 and parameters: {'reg_l1': 0.010849465363442556, 'reg_l2': 0.8608763186868053, 'learning_rate': 0.0001, 'dropout': 0.44980107445314976, 'batch_size': 192, 'encoder_layer0_unit': 160, 'encoder_layer1_unit': 128, 'encoder_layer2_unit': 256, 'encoder_layer3_unit': 160, 'encoder_z_mean_layer0_unit': 128, 'encoder_z_mean_layer1_unit': 64, 'encoder_z_log_var_layer0_unit': 32, 'encoder_z_log_var_layer1_unit': 64, 'decoder_layer0_unit': 96, 'decoder_layer1_unit': 384, 'decoder_layer2_unit': 416, 'decoder_layer3_unit': 160, 'decoder_layer4_unit': 288, 'decoder_layer5_unit': 64}. Best is trial 45 with value: 14.216556549072266.
Trial 189 finished with value: 42.56687545776367 and parameters: {'reg_l1': 0.04761216941938795, 'reg_l2': 0.8670962114824974, 'learning_rate': 0.0001, 'dropout': 0.15939816903491472, 'batch_size': 96, 'encoder_layer0_unit': 416, 'encoder_layer1_unit': 192, 'encoder_layer2_unit': 416, 'encoder_layer3_unit': 480, 'encoder_z_mean_layer0_unit': 96, 'encoder_z_mean_layer1_unit': 32, 'encoder_z_log_var_layer0_unit': 96, 'encoder_z_log_var_layer1_unit': 128, 'decoder_layer0_unit': 352, 'decoder_layer1_unit': 288, 'decoder_layer2_unit': 352, 'decoder_layer3_unit': 224, 'decoder_layer4_unit': 352, 'decoder_layer5_unit': 352}. Best is trial 45 with value: 14.216556549072266.
Trial 190 finished with value: 14.216514110565186 and parameters: {'reg_l1': 0.7425857143644675, 'reg_l2': 0.8122711450004669, 'learning_rate': 0.01, 'dropout': 0.4031656846487674, 'batch_size': 32, 'encoder_layer0_unit': 224, 'encoder_layer1_unit': 288, 'encoder_layer2_unit': 480, 'encoder_layer3_unit': 320, 'encoder_z_mean_layer0_unit': 32, 'encoder_z_mean_layer1_unit': 64, 'encoder_z_log_var_layer0_unit': 96, 'encoder_z_log_var_layer1_unit': 128, 'decoder_layer0_unit': 288, 'decoder_layer1_unit': 288, 'decoder_layer2_unit': 96, 'decoder_layer3_unit': 320, 'decoder_layer4_unit': 32, 'decoder_layer5_unit': 160}. Best is trial 190 with value: 14.216514110565186.
Trial 191 finished with value: 28.452122926712036 and parameters: {'reg_l1': 0.04213119555183287, 'reg_l2': 0.7182556223505236, 'learning_rate': 0.0005, 'dropout': 0.3048173749689356, 'batch_size': 64, 'encoder_layer0_unit': 160, 'encoder_layer1_unit': 256, 'encoder_layer2_unit': 384, 'encoder_layer3_unit': 384, 'encoder_z_mean_layer0_unit': 128, 'encoder_z_mean_layer1_unit': 128, 'encoder_z_log_var_layer0_unit': 96, 'encoder_z_log_var_layer1_unit': 64, 'decoder_layer0_unit': 160, 'decoder_layer1_unit': 128, 'decoder_layer2_unit': 96, 'decoder_layer3_unit': 416, 'decoder_layer4_unit': 448, 'decoder_layer5_unit': 160}. Best is trial 190 with value: 14.216514110565186.
