Trial 288 finished with value: 14.224086999893188 and parameters: {'reg_l1': 0.35429252662230637, 'reg_l2': 0.7953697397083037, 'learning_rate': 0.01, 'dropout': 0.04696447989421121, 'batch_size': 32, 'encoder_layer0_unit': 256, 'encoder_layer1_unit': 480, 'encoder_layer2_unit': 160, 'encoder_layer3_unit': 128, 'encoder_z_mean_layer0_unit': 96, 'encoder_z_mean_layer1_unit': 128, 'encoder_z_log_var_layer0_unit': 96, 'encoder_z_log_var_layer1_unit': 96, 'decoder_layer0_unit': 160, 'decoder_layer1_unit': 256, 'decoder_layer2_unit': 64, 'decoder_layer3_unit': 448, 'decoder_layer4_unit': 64, 'decoder_layer5_unit': 32}. Best is trial 200 with value: 14.215638160705566.
Trial 289 finished with value: 42.57964038848877 and parameters: {'reg_l1': 0.5298159528290172, 'reg_l2': 0.13897184868644819, 'learning_rate': 0.01, 'dropout': 0.2511583629957045, 'batch_size': 96, 'encoder_layer0_unit': 160, 'encoder_layer1_unit': 160, 'encoder_layer2_unit': 320, 'encoder_layer3_unit': 192, 'encoder_z_mean_layer0_unit': 128, 'encoder_z_mean_layer1_unit': 96, 'encoder_z_log_var_layer0_unit': 128, 'encoder_z_log_var_layer1_unit': 96, 'decoder_layer0_unit': 224, 'decoder_layer1_unit': 288, 'decoder_layer2_unit': 128, 'decoder_layer3_unit': 256, 'decoder_layer4_unit': 448, 'decoder_layer5_unit': 192}. Best is trial 200 with value: 14.215638160705566.
Trial 290 finished with value: 14.21682620048523 and parameters: {'reg_l1': 0.9079377422395501, 'reg_l2': 0.9143828162931884, 'learning_rate': 0.001, 'dropout': 0.3304990577566745, 'batch_size': 32, 'encoder_layer0_unit': 192, 'encoder_layer1_unit': 128, 'encoder_layer2_unit': 416, 'encoder_layer3_unit': 352, 'encoder_z_mean_layer0_unit': 64, 'encoder_z_mean_layer1_unit': 32, 'encoder_z_log_var_layer0_unit': 32, 'encoder_z_log_var_layer1_unit': 128, 'decoder_layer0_unit': 448, 'decoder_layer1_unit': 256, 'decoder_layer2_unit': 384, 'decoder_layer3_unit': 448, 'decoder_layer4_unit': 256, 'decoder_layer5_unit': 128}. Best is trial 200 with value: 14.215638160705566.
Trial 291 finished with value: 113.12838077545166 and parameters: {'reg_l1': 0.40938692547240896, 'reg_l2': 0.34959482181839996, 'learning_rate': 0.0001, 'dropout': 0.38441464086065424, 'batch_size': 256, 'encoder_layer0_unit': 224, 'encoder_layer1_unit': 480, 'encoder_layer2_unit': 448, 'encoder_layer3_unit': 384, 'encoder_z_mean_layer0_unit': 32, 'encoder_z_mean_layer1_unit': 128, 'encoder_z_log_var_layer0_unit': 96, 'encoder_z_log_var_layer1_unit': 32, 'decoder_layer0_unit': 64, 'decoder_layer1_unit': 288, 'decoder_layer2_unit': 192, 'decoder_layer3_unit': 320, 'decoder_layer4_unit': 96, 'decoder_layer5_unit': 352}. Best is trial 200 with value: 14.215638160705566.
Trial 292 finished with value: 56.80872964859009 and parameters: {'reg_l1': 0.29034163374130284, 'reg_l2': 0.7419384920391991, 'learning_rate': 0.005, 'dropout': 0.13468186286140343, 'batch_size': 128, 'encoder_layer0_unit': 128, 'encoder_layer1_unit': 288, 'encoder_layer2_unit': 320, 'encoder_layer3_unit': 384, 'encoder_z_mean_layer0_unit': 64, 'encoder_z_mean_layer1_unit': 128, 'encoder_z_log_var_layer0_unit': 32, 'encoder_z_log_var_layer1_unit': 64, 'decoder_layer0_unit': 320, 'decoder_layer1_unit': 320, 'decoder_layer2_unit': 64, 'decoder_layer3_unit': 256, 'decoder_layer4_unit': 384, 'decoder_layer5_unit': 416}. Best is trial 200 with value: 14.215638160705566.
Trial 293 finished with value: 56.62243366241455 and parameters: {'reg_l1': 0.7005219753161538, 'reg_l2': 0.7763844641395585, 'learning_rate': 0.0005, 'dropout': 0.03150590162471356, 'batch_size': 128, 'encoder_layer0_unit': 384, 'encoder_layer1_unit': 352, 'encoder_layer2_unit': 448, 'encoder_layer3_unit': 224, 'encoder_z_mean_layer0_unit': 64, 'encoder_z_mean_layer1_unit': 64, 'encoder_z_log_var_layer0_unit': 128, 'encoder_z_log_var_layer1_unit': 64, 'decoder_layer0_unit': 96, 'decoder_layer1_unit': 320, 'decoder_layer2_unit': 448, 'decoder_layer3_unit': 256, 'decoder_layer4_unit': 32, 'decoder_layer5_unit': 352}. Best is trial 200 with value: 14.215638160705566.
Trial 294 finished with value: 98.88371467590332 and parameters: {'reg_l1': 0.8957927993370514, 'reg_l2': 0.8125100283859545, 'learning_rate': 0.0005, 'dropout': 0.3076300292068998, 'batch_size': 224, 'encoder_layer0_unit': 256, 'encoder_layer1_unit': 128, 'encoder_layer2_unit': 480, 'encoder_layer3_unit': 320, 'encoder_z_mean_layer0_unit': 64, 'encoder_z_mean_layer1_unit': 32, 'encoder_z_log_var_layer0_unit': 32, 'encoder_z_log_var_layer1_unit': 96, 'decoder_layer0_unit': 96, 'decoder_layer1_unit': 480, 'decoder_layer2_unit': 416, 'decoder_layer3_unit': 480, 'decoder_layer4_unit': 448, 'decoder_layer5_unit': 352}. Best is trial 200 with value: 14.215638160705566.
Trial 295 finished with value: 42.52627229690552 and parameters: {'reg_l1': 0.7897144567318936, 'reg_l2': 0.39489467677933354, 'learning_rate': 0.0005, 'dropout': 0.06843867107768076, 'batch_size': 96, 'encoder_layer0_unit': 224, 'encoder_layer1_unit': 320, 'encoder_layer2_unit': 128, 'encoder_layer3_unit': 416, 'encoder_z_mean_layer0_unit': 64, 'encoder_z_mean_layer1_unit': 32, 'encoder_z_log_var_layer0_unit': 96, 'encoder_z_log_var_layer1_unit': 64, 'decoder_layer0_unit': 128, 'decoder_layer1_unit': 480, 'decoder_layer2_unit': 192, 'decoder_layer3_unit': 448, 'decoder_layer4_unit': 448, 'decoder_layer5_unit': 224}. Best is trial 200 with value: 14.215638160705566.
Trial 296 finished with value: 84.85507106781006 and parameters: {'reg_l1': 0.43293121758813946, 'reg_l2': 0.7885461538199541, 'learning_rate': 0.01, 'dropout': 0.43339264963329377, 'batch_size': 192, 'encoder_layer0_unit': 352, 'encoder_layer1_unit': 128, 'encoder_layer2_unit': 352, 'encoder_layer3_unit': 352, 'encoder_z_mean_layer0_unit': 128, 'encoder_z_mean_layer1_unit': 128, 'encoder_z_log_var_layer0_unit': 96, 'encoder_z_log_var_layer1_unit': 96, 'decoder_layer0_unit': 480, 'decoder_layer1_unit': 352, 'decoder_layer2_unit': 128, 'decoder_layer3_unit': 288, 'decoder_layer4_unit': 480, 'decoder_layer5_unit': 448}. Best is trial 200 with value: 14.215638160705566.
Trial 297 finished with value: 84.811448097229 and parameters: {'reg_l1': 0.25995287243646914, 'reg_l2': 0.5293212047803585, 'learning_rate': 0.0001, 'dropout': 0.03812808881272017, 'batch_size': 192, 'encoder_layer0_unit': 352, 'encoder_layer1_unit': 256, 'encoder_layer2_unit': 416, 'encoder_layer3_unit': 192, 'encoder_z_mean_layer0_unit': 96, 'encoder_z_mean_layer1_unit': 32, 'encoder_z_log_var_layer0_unit': 64, 'encoder_z_log_var_layer1_unit': 64, 'decoder_layer0_unit': 96, 'decoder_layer1_unit': 288, 'decoder_layer2_unit': 160, 'decoder_layer3_unit': 64, 'decoder_layer4_unit': 96, 'decoder_layer5_unit': 320}. Best is trial 200 with value: 14.215638160705566.
Trial 298 finished with value: 84.82487201690674 and parameters: {'reg_l1': 0.7158981028605195, 'reg_l2': 0.017454074160532795, 'learning_rate': 0.0005, 'dropout': 0.425339580692527, 'batch_size': 192, 'encoder_layer0_unit': 352, 'encoder_layer1_unit': 384, 'encoder_layer2_unit': 320, 'encoder_layer3_unit': 480, 'encoder_z_mean_layer0_unit': 32, 'encoder_z_mean_layer1_unit': 32, 'encoder_z_log_var_layer0_unit': 64, 'encoder_z_log_var_layer1_unit': 96, 'decoder_layer0_unit': 64, 'decoder_layer1_unit': 320, 'decoder_layer2_unit': 224, 'decoder_layer3_unit': 192, 'decoder_layer4_unit': 64, 'decoder_layer5_unit': 416}. Best is trial 200 with value: 14.215638160705566.
Trial 299 finished with value: 98.8840103149414 and parameters: {'reg_l1': 0.21311521657042587, 'reg_l2': 0.06523726145912434, 'learning_rate': 0.005, 'dropout': 0.12347080531980498, 'batch_size': 224, 'encoder_layer0_unit': 448, 'encoder_layer1_unit': 160, 'encoder_layer2_unit': 224, 'encoder_layer3_unit': 352, 'encoder_z_mean_layer0_unit': 96, 'encoder_z_mean_layer1_unit': 32, 'encoder_z_log_var_layer0_unit': 96, 'encoder_z_log_var_layer1_unit': 96, 'decoder_layer0_unit': 96, 'decoder_layer1_unit': 96, 'decoder_layer2_unit': 288, 'decoder_layer3_unit': 320, 'decoder_layer4_unit': 256, 'decoder_layer5_unit': 64}. Best is trial 200 with value: 14.215638160705566.
Trial 300 finished with value: 42.59685659408569 and parameters: {'reg_l1': 0.8086402103390171, 'reg_l2': 0.6226641256592911, 'learning_rate': 0.001, 'dropout': 0.34211910221846453, 'batch_size': 96, 'encoder_layer0_unit': 160, 'encoder_layer1_unit': 160, 'encoder_layer2_unit': 352, 'encoder_layer3_unit': 352, 'encoder_z_mean_layer0_unit': 128, 'encoder_z_mean_layer1_unit': 32, 'encoder_z_log_var_layer0_unit': 128, 'encoder_z_log_var_layer1_unit': 96, 'decoder_layer0_unit': 256, 'decoder_layer1_unit': 256, 'decoder_layer2_unit': 160, 'decoder_layer3_unit': 288, 'decoder_layer4_unit': 224, 'decoder_layer5_unit': 288}. Best is trial 200 with value: 14.215638160705566.
Trial 301 finished with value: 14.219414710998535 and parameters: {'reg_l1': 0.8204083613150412, 'reg_l2': 0.3766760020516823, 'learning_rate': 0.001, 'dropout': 0.4197622083411103, 'batch_size': 32, 'encoder_layer0_unit': 256, 'encoder_layer1_unit': 448, 'encoder_layer2_unit': 320, 'encoder_layer3_unit': 160, 'encoder_z_mean_layer0_unit': 64, 'encoder_z_mean_layer1_unit': 128, 'encoder_z_log_var_layer0_unit': 32, 'encoder_z_log_var_layer1_unit': 128, 'decoder_layer0_unit': 352, 'decoder_layer1_unit': 256, 'decoder_layer2_unit': 480, 'decoder_layer3_unit': 96, 'decoder_layer4_unit': 64, 'decoder_layer5_unit': 352}. Best is trial 200 with value: 14.215638160705566.
Trial 302 finished with value: 42.57984447479248 and parameters: {'reg_l1': 0.5693527333556339, 'reg_l2': 0.4175430633567452, 'learning_rate': 0.0005, 'dropout': 0.33492548309819986, 'batch_size': 96, 'encoder_layer0_unit': 448, 'encoder_layer1_unit': 128, 'encoder_layer2_unit': 320, 'encoder_layer3_unit': 128, 'encoder_z_mean_layer0_unit': 96, 'encoder_z_mean_layer1_unit': 32, 'encoder_z_log_var_layer0_unit': 128, 'encoder_z_log_var_layer1_unit': 128, 'decoder_layer0_unit': 384, 'decoder_layer1_unit': 288, 'decoder_layer2_unit': 224, 'decoder_layer3_unit': 224, 'decoder_layer4_unit': 256, 'decoder_layer5_unit': 480}. Best is trial 200 with value: 14.215638160705566.
Trial 303 finished with value: 28.447604417800903 and parameters: {'reg_l1': 0.49477791720589737, 'reg_l2': 0.48920127144835024, 'learning_rate': 0.005, 'dropout': 0.4608878595165682, 'batch_size': 64, 'encoder_layer0_unit': 128, 'encoder_layer1_unit': 352, 'encoder_layer2_unit': 352, 'encoder_layer3_unit': 384, 'encoder_z_mean_layer0_unit': 32, 'encoder_z_mean_layer1_unit': 32, 'encoder_z_log_var_layer0_unit': 64, 'encoder_z_log_var_layer1_unit': 96, 'decoder_layer0_unit': 480, 'decoder_layer1_unit': 192, 'decoder_layer2_unit': 256, 'decoder_layer3_unit': 384, 'decoder_layer4_unit': 192, 'decoder_layer5_unit': 448}. Best is trial 200 with value: 14.215638160705566.
Trial 304 finished with value: 112.66995525360107 and parameters: {'reg_l1': 0.6169246238524058, 'reg_l2': 0.2644124091464226, 'learning_rate': 0.001, 'dropout': 0.44406130074758876, 'batch_size': 256, 'encoder_layer0_unit': 256, 'encoder_layer1_unit': 224, 'encoder_layer2_unit': 352, 'encoder_layer3_unit': 128, 'encoder_z_mean_layer0_unit': 128, 'encoder_z_mean_layer1_unit': 64, 'encoder_z_log_var_layer0_unit': 96, 'encoder_z_log_var_layer1_unit': 128, 'decoder_layer0_unit': 320, 'decoder_layer1_unit': 96, 'decoder_layer2_unit': 160, 'decoder_layer3_unit': 416, 'decoder_layer4_unit': 160, 'decoder_layer5_unit': 480}. Best is trial 200 with value: 14.215638160705566.
Trial 305 finished with value: 98.37949752807617 and parameters: {'reg_l1': 0.36672998077370556, 'reg_l2': 0.9818609369931462, 'learning_rate': 0.01, 'dropout': 0.09371208288201477, 'batch_size': 224, 'encoder_layer0_unit': 384, 'encoder_layer1_unit': 128, 'encoder_layer2_unit': 256, 'encoder_layer3_unit': 416, 'encoder_z_mean_layer0_unit': 96, 'encoder_z_mean_layer1_unit': 64, 'encoder_z_log_var_layer0_unit': 32, 'encoder_z_log_var_layer1_unit': 64, 'decoder_layer0_unit': 160, 'decoder_layer1_unit': 320, 'decoder_layer2_unit': 416, 'decoder_layer3_unit': 160, 'decoder_layer4_unit': 384, 'decoder_layer5_unit': 128}. Best is trial 200 with value: 14.215638160705566.
Trial 306 finished with value: 42.50338411331177 and parameters: {'reg_l1': 0.5252388462875305, 'reg_l2': 0.5499852312591239, 'learning_rate': 0.01, 'dropout': 0.4559599690620063, 'batch_size': 96, 'encoder_layer0_unit': 384, 'encoder_layer1_unit': 256, 'encoder_layer2_unit': 416, 'encoder_layer3_unit': 480, 'encoder_z_mean_layer0_unit': 128, 'encoder_z_mean_layer1_unit': 96, 'encoder_z_log_var_layer0_unit': 128, 'encoder_z_log_var_layer1_unit': 96, 'decoder_layer0_unit': 64, 'decoder_layer1_unit': 416, 'decoder_layer2_unit': 416, 'decoder_layer3_unit': 416, 'decoder_layer4_unit': 288, 'decoder_layer5_unit': 288}. Best is trial 200 with value: 14.215638160705566.
Trial 307 finished with value: 112.20007133483887 and parameters: {'reg_l1': 0.8849163903979076, 'reg_l2': 0.41618087393603787, 'learning_rate': 0.005, 'dropout': 0.09484562093227233, 'batch_size': 256, 'encoder_layer0_unit': 192, 'encoder_layer1_unit': 480, 'encoder_layer2_unit': 288, 'encoder_layer3_unit': 416, 'encoder_z_mean_layer0_unit': 96, 'encoder_z_mean_layer1_unit': 128, 'encoder_z_log_var_layer0_unit': 96, 'encoder_z_log_var_layer1_unit': 32, 'decoder_layer0_unit': 192, 'decoder_layer1_unit': 384, 'decoder_layer2_unit': 160, 'decoder_layer3_unit': 480, 'decoder_layer4_unit': 128, 'decoder_layer5_unit': 480}. Best is trial 200 with value: 14.215638160705566.
Trial 308 finished with value: 84.77918815612793 and parameters: {'reg_l1': 0.599287272310725, 'reg_l2': 0.021996242297071533, 'learning_rate': 0.01, 'dropout': 0.4821853975273026, 'batch_size': 192, 'encoder_layer0_unit': 288, 'encoder_layer1_unit': 416, 'encoder_layer2_unit': 192, 'encoder_layer3_unit': 160, 'encoder_z_mean_layer0_unit': 32, 'encoder_z_mean_layer1_unit': 32, 'encoder_z_log_var_layer0_unit': 96, 'encoder_z_log_var_layer1_unit': 96, 'decoder_layer0_unit': 224, 'decoder_layer1_unit': 128, 'decoder_layer2_unit': 224, 'decoder_layer3_unit': 480, 'decoder_layer4_unit': 352, 'decoder_layer5_unit': 96}. Best is trial 200 with value: 14.215638160705566.
Trial 309 finished with value: 28.461501836776733 and parameters: {'reg_l1': 0.6256849252548009, 'reg_l2': 0.1912944943196606, 'learning_rate': 0.001, 'dropout': 0.48619036746104005, 'batch_size': 64, 'encoder_layer0_unit': 416, 'encoder_layer1_unit': 192, 'encoder_layer2_unit': 256, 'encoder_layer3_unit': 480, 'encoder_z_mean_layer0_unit': 64, 'encoder_z_mean_layer1_unit': 32, 'encoder_z_log_var_layer0_unit': 32, 'encoder_z_log_var_layer1_unit': 96, 'decoder_layer0_unit': 160, 'decoder_layer1_unit': 320, 'decoder_layer2_unit': 96, 'decoder_layer3_unit': 320, 'decoder_layer4_unit': 448, 'decoder_layer5_unit': 32}. Best is trial 200 with value: 14.215638160705566.
Trial 310 finished with value: 98.80755424499512 and parameters: {'reg_l1': 0.3738689580871962, 'reg_l2': 0.45415684957609337, 'learning_rate': 0.0001, 'dropout': 0.4375741100926724, 'batch_size': 224, 'encoder_layer0_unit': 384, 'encoder_layer1_unit': 160, 'encoder_layer2_unit': 480, 'encoder_layer3_unit': 160, 'encoder_z_mean_layer0_unit': 32, 'encoder_z_mean_layer1_unit': 96, 'encoder_z_log_var_layer0_unit': 128, 'encoder_z_log_var_layer1_unit': 32, 'decoder_layer0_unit': 32, 'decoder_layer1_unit': 224, 'decoder_layer2_unit': 128, 'decoder_layer3_unit': 288, 'decoder_layer4_unit': 384, 'decoder_layer5_unit': 160}. Best is trial 200 with value: 14.215638160705566.
Trial 311 finished with value: 28.435702800750732 and parameters: {'reg_l1': 0.03967754227937903, 'reg_l2': 0.23833490289166848, 'learning_rate': 0.01, 'dropout': 0.46679609038958014, 'batch_size': 64, 'encoder_layer0_unit': 320, 'encoder_layer1_unit': 160, 'encoder_layer2_unit': 480, 'encoder_layer3_unit': 448, 'encoder_z_mean_layer0_unit': 96, 'encoder_z_mean_layer1_unit': 64, 'encoder_z_log_var_layer0_unit': 96, 'encoder_z_log_var_layer1_unit': 64, 'decoder_layer0_unit': 96, 'decoder_layer1_unit': 352, 'decoder_layer2_unit': 64, 'decoder_layer3_unit': 256, 'decoder_layer4_unit': 320, 'decoder_layer5_unit': 416}. Best is trial 200 with value: 14.215638160705566.
Trial 312 finished with value: 42.62278175354004 and parameters: {'reg_l1': 0.12346992322708439, 'reg_l2': 0.35020889652695786, 'learning_rate': 0.0005, 'dropout': 0.38781459203480045, 'batch_size': 96, 'encoder_layer0_unit': 320, 'encoder_layer1_unit': 288, 'encoder_layer2_unit': 416, 'encoder_layer3_unit': 352, 'encoder_z_mean_layer0_unit': 64, 'encoder_z_mean_layer1_unit': 64, 'encoder_z_log_var_layer0_unit': 128, 'encoder_z_log_var_layer1_unit': 64, 'decoder_layer0_unit': 96, 'decoder_layer1_unit': 288, 'decoder_layer2_unit': 480, 'decoder_layer3_unit': 288, 'decoder_layer4_unit': 288, 'decoder_layer5_unit': 64}. Best is trial 200 with value: 14.215638160705566.
Trial 313 finished with value: 28.435662984848022 and parameters: {'reg_l1': 0.5816725942115621, 'reg_l2': 0.5078765883053331, 'learning_rate': 0.01, 'dropout': 0.1806017694727, 'batch_size': 64, 'encoder_layer0_unit': 128, 'encoder_layer1_unit': 416, 'encoder_layer2_unit': 128, 'encoder_layer3_unit': 416, 'encoder_z_mean_layer0_unit': 32, 'encoder_z_mean_layer1_unit': 32, 'encoder_z_log_var_layer0_unit': 64, 'encoder_z_log_var_layer1_unit': 64, 'decoder_layer0_unit': 384, 'decoder_layer1_unit': 32, 'decoder_layer2_unit': 320, 'decoder_layer3_unit': 32, 'decoder_layer4_unit': 480, 'decoder_layer5_unit': 352}. Best is trial 200 with value: 14.215638160705566.
Trial 314 finished with value: 112.83760070800781 and parameters: {'reg_l1': 0.4995040003654405, 'reg_l2': 0.40892788028516847, 'learning_rate': 0.01, 'dropout': 0.321456540312423, 'batch_size': 256, 'encoder_layer0_unit': 480, 'encoder_layer1_unit': 288, 'encoder_layer2_unit': 192, 'encoder_layer3_unit': 320, 'encoder_z_mean_layer0_unit': 128, 'encoder_z_mean_layer1_unit': 128, 'encoder_z_log_var_layer0_unit': 96, 'encoder_z_log_var_layer1_unit': 64, 'decoder_layer0_unit': 416, 'decoder_layer1_unit': 96, 'decoder_layer2_unit': 288, 'decoder_layer3_unit': 64, 'decoder_layer4_unit': 160, 'decoder_layer5_unit': 384}. Best is trial 200 with value: 14.215638160705566.
Trial 315 finished with value: 98.91737365722656 and parameters: {'reg_l1': 0.023761363085600284, 'reg_l2': 0.5888744340147435, 'learning_rate': 0.0001, 'dropout': 0.34794250407911603, 'batch_size': 224, 'encoder_layer0_unit': 128, 'encoder_layer1_unit': 224, 'encoder_layer2_unit': 288, 'encoder_layer3_unit': 288, 'encoder_z_mean_layer0_unit': 64, 'encoder_z_mean_layer1_unit': 32, 'encoder_z_log_var_layer0_unit': 128, 'encoder_z_log_var_layer1_unit': 96, 'decoder_layer0_unit': 64, 'decoder_layer1_unit': 448, 'decoder_layer2_unit': 352, 'decoder_layer3_unit': 416, 'decoder_layer4_unit': 128, 'decoder_layer5_unit': 32}. Best is trial 200 with value: 14.215638160705566.
Trial 316 finished with value: 42.567338943481445 and parameters: {'reg_l1': 0.7457766085917897, 'reg_l2': 0.24324510181069303, 'learning_rate': 0.0005, 'dropout': 0.4848803488184622, 'batch_size': 96, 'encoder_layer0_unit': 416, 'encoder_layer1_unit': 288, 'encoder_layer2_unit': 448, 'encoder_layer3_unit': 320, 'encoder_z_mean_layer0_unit': 64, 'encoder_z_mean_layer1_unit': 96, 'encoder_z_log_var_layer0_unit': 128, 'encoder_z_log_var_layer1_unit': 32, 'decoder_layer0_unit': 288, 'decoder_layer1_unit': 352, 'decoder_layer2_unit': 288, 'decoder_layer3_unit': 256, 'decoder_layer4_unit': 352, 'decoder_layer5_unit': 128}. Best is trial 200 with value: 14.215638160705566.
Trial 317 finished with value: 112.9646987915039 and parameters: {'reg_l1': 0.7775643315899865, 'reg_l2': 0.942758160898012, 'learning_rate': 0.01, 'dropout': 0.2756861202277882, 'batch_size': 256, 'encoder_layer0_unit': 256, 'encoder_layer1_unit': 160, 'encoder_layer2_unit': 224, 'encoder_layer3_unit': 192, 'encoder_z_mean_layer0_unit': 96, 'encoder_z_mean_layer1_unit': 64, 'encoder_z_log_var_layer0_unit': 128, 'encoder_z_log_var_layer1_unit': 128, 'decoder_layer0_unit': 288, 'decoder_layer1_unit': 96, 'decoder_layer2_unit': 288, 'decoder_layer3_unit': 192, 'decoder_layer4_unit': 192, 'decoder_layer5_unit': 96}. Best is trial 200 with value: 14.215638160705566.
Trial 318 finished with value: 14.218984603881836 and parameters: {'reg_l1': 0.1896881899485513, 'reg_l2': 0.4335311717683039, 'learning_rate': 0.0001, 'dropout': 0.34693942166806097, 'batch_size': 32, 'encoder_layer0_unit': 448, 'encoder_layer1_unit': 192, 'encoder_layer2_unit': 320, 'encoder_layer3_unit': 384, 'encoder_z_mean_layer0_unit': 96, 'encoder_z_mean_layer1_unit': 32, 'encoder_z_log_var_layer0_unit': 128, 'encoder_z_log_var_layer1_unit': 32, 'decoder_layer0_unit': 64, 'decoder_layer1_unit': 96, 'decoder_layer2_unit': 352, 'decoder_layer3_unit': 32, 'decoder_layer4_unit': 288, 'decoder_layer5_unit': 160}. Best is trial 200 with value: 14.215638160705566.
Trial 319 finished with value: 112.92556095123291 and parameters: {'reg_l1': 0.6348285249483877, 'reg_l2': 0.928513103707467, 'learning_rate': 0.0001, 'dropout': 0.15267480588157278, 'batch_size': 256, 'encoder_layer0_unit': 416, 'encoder_layer1_unit': 352, 'encoder_layer2_unit': 480, 'encoder_layer3_unit': 320, 'encoder_z_mean_layer0_unit': 96, 'encoder_z_mean_layer1_unit': 96, 'encoder_z_log_var_layer0_unit': 96, 'encoder_z_log_var_layer1_unit': 96, 'decoder_layer0_unit': 192, 'decoder_layer1_unit': 256, 'decoder_layer2_unit': 448, 'decoder_layer3_unit': 288, 'decoder_layer4_unit': 256, 'decoder_layer5_unit': 128}. Best is trial 200 with value: 14.215638160705566.
