Trial 64 finished with value: 84.78806114196777 and parameters: {'reg_l1': 0.9637432127670429, 'reg_l2': 0.42383438824143016, 'learning_rate': 0.0001, 'dropout': 0.07216960247806026, 'batch_size': 192, 'encoder_layer0_unit': 256, 'encoder_layer1_unit': 448, 'encoder_layer2_unit': 480, 'encoder_layer3_unit': 320, 'encoder_z_mean_layer0_unit': 128, 'encoder_z_mean_layer1_unit': 64, 'encoder_z_log_var_layer0_unit': 128, 'encoder_z_log_var_layer1_unit': 128, 'decoder_layer0_unit': 192, 'decoder_layer1_unit': 320, 'decoder_layer2_unit': 288, 'decoder_layer3_unit': 160, 'decoder_layer4_unit': 160, 'decoder_layer5_unit': 64}. Best is trial 14 with value: 14.216636776924133.
Trial 65 finished with value: 28.440627813339233 and parameters: {'reg_l1': 0.02893486306778814, 'reg_l2': 0.5381285622428258, 'learning_rate': 0.0005, 'dropout': 0.018602093312735823, 'batch_size': 64, 'encoder_layer0_unit': 160, 'encoder_layer1_unit': 256, 'encoder_layer2_unit': 384, 'encoder_layer3_unit': 320, 'encoder_z_mean_layer0_unit': 32, 'encoder_z_mean_layer1_unit': 128, 'encoder_z_log_var_layer0_unit': 96, 'encoder_z_log_var_layer1_unit': 64, 'decoder_layer0_unit': 192, 'decoder_layer1_unit': 288, 'decoder_layer2_unit': 352, 'decoder_layer3_unit': 32, 'decoder_layer4_unit': 96, 'decoder_layer5_unit': 64}. Best is trial 14 with value: 14.216636776924133.
Trial 66 finished with value: 112.8056869506836 and parameters: {'reg_l1': 0.5173054451535134, 'reg_l2': 0.7863072784584406, 'learning_rate': 0.001, 'dropout': 0.2510643055318617, 'batch_size': 256, 'encoder_layer0_unit': 128, 'encoder_layer1_unit': 320, 'encoder_layer2_unit': 128, 'encoder_layer3_unit': 192, 'encoder_z_mean_layer0_unit': 128, 'encoder_z_mean_layer1_unit': 128, 'encoder_z_log_var_layer0_unit': 128, 'encoder_z_log_var_layer1_unit': 32, 'decoder_layer0_unit': 288, 'decoder_layer1_unit': 288, 'decoder_layer2_unit': 32, 'decoder_layer3_unit': 224, 'decoder_layer4_unit': 192, 'decoder_layer5_unit': 320}. Best is trial 14 with value: 14.216636776924133.
Trial 67 finished with value: 28.45254421234131 and parameters: {'reg_l1': 0.18752902406551586, 'reg_l2': 0.578029446593575, 'learning_rate': 0.0001, 'dropout': 0.3466400046503929, 'batch_size': 64, 'encoder_layer0_unit': 352, 'encoder_layer1_unit': 320, 'encoder_layer2_unit': 480, 'encoder_layer3_unit': 288, 'encoder_z_mean_layer0_unit': 64, 'encoder_z_mean_layer1_unit': 64, 'encoder_z_log_var_layer0_unit': 128, 'encoder_z_log_var_layer1_unit': 128, 'decoder_layer0_unit': 128, 'decoder_layer1_unit': 320, 'decoder_layer2_unit': 128, 'decoder_layer3_unit': 224, 'decoder_layer4_unit': 32, 'decoder_layer5_unit': 128}. Best is trial 14 with value: 14.216636776924133.
Trial 68 finished with value: 56.68032884597778 and parameters: {'reg_l1': 0.4512451599409407, 'reg_l2': 0.062043739743035564, 'learning_rate': 0.0005, 'dropout': 0.107177770620065, 'batch_size': 128, 'encoder_layer0_unit': 160, 'encoder_layer1_unit': 160, 'encoder_layer2_unit': 160, 'encoder_layer3_unit': 480, 'encoder_z_mean_layer0_unit': 64, 'encoder_z_mean_layer1_unit': 128, 'encoder_z_log_var_layer0_unit': 96, 'encoder_z_log_var_layer1_unit': 128, 'decoder_layer0_unit': 64, 'decoder_layer1_unit': 32, 'decoder_layer2_unit': 160, 'decoder_layer3_unit': 128, 'decoder_layer4_unit': 160, 'decoder_layer5_unit': 448}. Best is trial 14 with value: 14.216636776924133.
Trial 69 finished with value: 14.236652374267578 and parameters: {'reg_l1': 0.8856933281542416, 'reg_l2': 0.8892592690150927, 'learning_rate': 0.0001, 'dropout': 0.2903649236054011, 'batch_size': 32, 'encoder_layer0_unit': 160, 'encoder_layer1_unit': 384, 'encoder_layer2_unit': 448, 'encoder_layer3_unit': 448, 'encoder_z_mean_layer0_unit': 128, 'encoder_z_mean_layer1_unit': 32, 'encoder_z_log_var_layer0_unit': 128, 'encoder_z_log_var_layer1_unit': 32, 'decoder_layer0_unit': 352, 'decoder_layer1_unit': 224, 'decoder_layer2_unit': 448, 'decoder_layer3_unit': 384, 'decoder_layer4_unit': 448, 'decoder_layer5_unit': 128}. Best is trial 14 with value: 14.216636776924133.
Trial 70 finished with value: 99.09979438781738 and parameters: {'reg_l1': 0.6983253685428492, 'reg_l2': 0.8080052579919001, 'learning_rate': 0.0005, 'dropout': 0.033071274477188606, 'batch_size': 224, 'encoder_layer0_unit': 352, 'encoder_layer1_unit': 224, 'encoder_layer2_unit': 480, 'encoder_layer3_unit': 224, 'encoder_z_mean_layer0_unit': 128, 'encoder_z_mean_layer1_unit': 64, 'encoder_z_log_var_layer0_unit': 96, 'encoder_z_log_var_layer1_unit': 32, 'decoder_layer0_unit': 96, 'decoder_layer1_unit': 288, 'decoder_layer2_unit': 96, 'decoder_layer3_unit': 352, 'decoder_layer4_unit': 384, 'decoder_layer5_unit': 96}. Best is trial 14 with value: 14.216636776924133.
Trial 71 finished with value: 84.71055507659912 and parameters: {'reg_l1': 0.6240653058030811, 'reg_l2': 0.8578504655449914, 'learning_rate': 0.005, 'dropout': 0.4058487806689402, 'batch_size': 192, 'encoder_layer0_unit': 288, 'encoder_layer1_unit': 288, 'encoder_layer2_unit': 160, 'encoder_layer3_unit': 320, 'encoder_z_mean_layer0_unit': 64, 'encoder_z_mean_layer1_unit': 128, 'encoder_z_log_var_layer0_unit': 32, 'encoder_z_log_var_layer1_unit': 32, 'decoder_layer0_unit': 352, 'decoder_layer1_unit': 128, 'decoder_layer2_unit': 256, 'decoder_layer3_unit': 480, 'decoder_layer4_unit': 160, 'decoder_layer5_unit': 352}. Best is trial 14 with value: 14.216636776924133.
Trial 72 finished with value: 98.9612922668457 and parameters: {'reg_l1': 0.3755626486415532, 'reg_l2': 0.5803541643463996, 'learning_rate': 0.0001, 'dropout': 0.3149466379277831, 'batch_size': 224, 'encoder_layer0_unit': 256, 'encoder_layer1_unit': 160, 'encoder_layer2_unit': 448, 'encoder_layer3_unit': 448, 'encoder_z_mean_layer0_unit': 96, 'encoder_z_mean_layer1_unit': 64, 'encoder_z_log_var_layer0_unit': 96, 'encoder_z_log_var_layer1_unit': 64, 'decoder_layer0_unit': 64, 'decoder_layer1_unit': 96, 'decoder_layer2_unit': 416, 'decoder_layer3_unit': 256, 'decoder_layer4_unit': 224, 'decoder_layer5_unit': 32}. Best is trial 14 with value: 14.216636776924133.
Trial 73 finished with value: 28.45407223701477 and parameters: {'reg_l1': 0.6287565379057121, 'reg_l2': 0.05839194688524729, 'learning_rate': 0.0005, 'dropout': 0.29589570671597215, 'batch_size': 64, 'encoder_layer0_unit': 256, 'encoder_layer1_unit': 192, 'encoder_layer2_unit': 288, 'encoder_layer3_unit': 128, 'encoder_z_mean_layer0_unit': 128, 'encoder_z_mean_layer1_unit': 128, 'encoder_z_log_var_layer0_unit': 32, 'encoder_z_log_var_layer1_unit': 96, 'decoder_layer0_unit': 352, 'decoder_layer1_unit': 128, 'decoder_layer2_unit': 256, 'decoder_layer3_unit': 128, 'decoder_layer4_unit': 448, 'decoder_layer5_unit': 384}. Best is trial 14 with value: 14.216636776924133.
Trial 74 finished with value: 84.87926197052002 and parameters: {'reg_l1': 0.9802938674878175, 'reg_l2': 0.394979266524899, 'learning_rate': 0.0001, 'dropout': 0.36639897335348476, 'batch_size': 192, 'encoder_layer0_unit': 448, 'encoder_layer1_unit': 192, 'encoder_layer2_unit': 448, 'encoder_layer3_unit': 480, 'encoder_z_mean_layer0_unit': 96, 'encoder_z_mean_layer1_unit': 128, 'encoder_z_log_var_layer0_unit': 96, 'encoder_z_log_var_layer1_unit': 64, 'decoder_layer0_unit': 480, 'decoder_layer1_unit': 320, 'decoder_layer2_unit': 224, 'decoder_layer3_unit': 192, 'decoder_layer4_unit': 448, 'decoder_layer5_unit': 224}. Best is trial 14 with value: 14.216636776924133.
Trial 75 finished with value: 14.218051314353943 and parameters: {'reg_l1': 0.05175660073921262, 'reg_l2': 0.09460377798276298, 'learning_rate': 0.0005, 'dropout': 0.2286884969031729, 'batch_size': 32, 'encoder_layer0_unit': 128, 'encoder_layer1_unit': 224, 'encoder_layer2_unit': 256, 'encoder_layer3_unit': 288, 'encoder_z_mean_layer0_unit': 128, 'encoder_z_mean_layer1_unit': 96, 'encoder_z_log_var_layer0_unit': 32, 'encoder_z_log_var_layer1_unit': 96, 'decoder_layer0_unit': 448, 'decoder_layer1_unit': 320, 'decoder_layer2_unit': 160, 'decoder_layer3_unit': 448, 'decoder_layer4_unit': 64, 'decoder_layer5_unit': 480}. Best is trial 14 with value: 14.216636776924133.
Trial 76 finished with value: 28.446449279785156 and parameters: {'reg_l1': 0.9997876851037792, 'reg_l2': 0.7565844308710752, 'learning_rate': 0.001, 'dropout': 0.059571385061482574, 'batch_size': 64, 'encoder_layer0_unit': 480, 'encoder_layer1_unit': 384, 'encoder_layer2_unit': 288, 'encoder_layer3_unit': 480, 'encoder_z_mean_layer0_unit': 128, 'encoder_z_mean_layer1_unit': 64, 'encoder_z_log_var_layer0_unit': 96, 'encoder_z_log_var_layer1_unit': 96, 'decoder_layer0_unit': 160, 'decoder_layer1_unit': 384, 'decoder_layer2_unit': 224, 'decoder_layer3_unit': 96, 'decoder_layer4_unit': 224, 'decoder_layer5_unit': 352}. Best is trial 14 with value: 14.216636776924133.
Trial 77 finished with value: 28.44914984703064 and parameters: {'reg_l1': 0.22129006596309697, 'reg_l2': 0.24554053571940604, 'learning_rate': 0.0001, 'dropout': 0.49779757188939977, 'batch_size': 64, 'encoder_layer0_unit': 224, 'encoder_layer1_unit': 320, 'encoder_layer2_unit': 384, 'encoder_layer3_unit': 384, 'encoder_z_mean_layer0_unit': 96, 'encoder_z_mean_layer1_unit': 64, 'encoder_z_log_var_layer0_unit': 96, 'encoder_z_log_var_layer1_unit': 128, 'decoder_layer0_unit': 352, 'decoder_layer1_unit': 192, 'decoder_layer2_unit': 192, 'decoder_layer3_unit': 224, 'decoder_layer4_unit': 448, 'decoder_layer5_unit': 96}. Best is trial 14 with value: 14.216636776924133.
Trial 78 finished with value: 112.87725448608398 and parameters: {'reg_l1': 0.8011150901689819, 'reg_l2': 0.3625848652140007, 'learning_rate': 0.005, 'dropout': 0.49492120455668326, 'batch_size': 256, 'encoder_layer0_unit': 416, 'encoder_layer1_unit': 320, 'encoder_layer2_unit': 320, 'encoder_layer3_unit': 160, 'encoder_z_mean_layer0_unit': 96, 'encoder_z_mean_layer1_unit': 96, 'encoder_z_log_var_layer0_unit': 64, 'encoder_z_log_var_layer1_unit': 32, 'decoder_layer0_unit': 352, 'decoder_layer1_unit': 256, 'decoder_layer2_unit': 192, 'decoder_layer3_unit': 288, 'decoder_layer4_unit': 256, 'decoder_layer5_unit': 288}. Best is trial 14 with value: 14.216636776924133.
Trial 79 finished with value: 56.62761926651001 and parameters: {'reg_l1': 0.2197436106256545, 'reg_l2': 0.3756588568587058, 'learning_rate': 0.005, 'dropout': 0.23624742438722884, 'batch_size': 128, 'encoder_layer0_unit': 480, 'encoder_layer1_unit': 160, 'encoder_layer2_unit': 160, 'encoder_layer3_unit': 320, 'encoder_z_mean_layer0_unit': 64, 'encoder_z_mean_layer1_unit': 96, 'encoder_z_log_var_layer0_unit': 32, 'encoder_z_log_var_layer1_unit': 32, 'decoder_layer0_unit': 192, 'decoder_layer1_unit': 96, 'decoder_layer2_unit': 96, 'decoder_layer3_unit': 96, 'decoder_layer4_unit': 32, 'decoder_layer5_unit': 448}. Best is trial 14 with value: 14.216636776924133.
Trial 80 finished with value: 112.79898929595947 and parameters: {'reg_l1': 0.7002623893784359, 'reg_l2': 0.6717531591244027, 'learning_rate': 0.0005, 'dropout': 0.05769163085115586, 'batch_size': 256, 'encoder_layer0_unit': 384, 'encoder_layer1_unit': 384, 'encoder_layer2_unit': 480, 'encoder_layer3_unit': 224, 'encoder_z_mean_layer0_unit': 64, 'encoder_z_mean_layer1_unit': 32, 'encoder_z_log_var_layer0_unit': 32, 'encoder_z_log_var_layer1_unit': 64, 'decoder_layer0_unit': 480, 'decoder_layer1_unit': 96, 'decoder_layer2_unit': 384, 'decoder_layer3_unit': 64, 'decoder_layer4_unit': 448, 'decoder_layer5_unit': 480}. Best is trial 14 with value: 14.216636776924133.
Trial 81 finished with value: 98.83496856689453 and parameters: {'reg_l1': 0.7701455280948196, 'reg_l2': 0.32436720319843126, 'learning_rate': 0.0001, 'dropout': 0.058544932364365365, 'batch_size': 224, 'encoder_layer0_unit': 256, 'encoder_layer1_unit': 448, 'encoder_layer2_unit': 352, 'encoder_layer3_unit': 192, 'encoder_z_mean_layer0_unit': 64, 'encoder_z_mean_layer1_unit': 32, 'encoder_z_log_var_layer0_unit': 128, 'encoder_z_log_var_layer1_unit': 64, 'decoder_layer0_unit': 416, 'decoder_layer1_unit': 96, 'decoder_layer2_unit': 352, 'decoder_layer3_unit': 160, 'decoder_layer4_unit': 96, 'decoder_layer5_unit': 448}. Best is trial 14 with value: 14.216636776924133.
Trial 82 finished with value: 42.634766578674316 and parameters: {'reg_l1': 0.5523856126501954, 'reg_l2': 0.2766477019089054, 'learning_rate': 0.0001, 'dropout': 0.3491402761814731, 'batch_size': 96, 'encoder_layer0_unit': 416, 'encoder_layer1_unit': 256, 'encoder_layer2_unit': 352, 'encoder_layer3_unit': 480, 'encoder_z_mean_layer0_unit': 128, 'encoder_z_mean_layer1_unit': 32, 'encoder_z_log_var_layer0_unit': 32, 'encoder_z_log_var_layer1_unit': 128, 'decoder_layer0_unit': 288, 'decoder_layer1_unit': 256, 'decoder_layer2_unit': 288, 'decoder_layer3_unit': 448, 'decoder_layer4_unit': 128, 'decoder_layer5_unit': 352}. Best is trial 14 with value: 14.216636776924133.
Trial 83 finished with value: 28.41265606880188 and parameters: {'reg_l1': 0.9726639262727643, 'reg_l2': 0.5948608285205512, 'learning_rate': 0.0005, 'dropout': 0.3624587321797289, 'batch_size': 64, 'encoder_layer0_unit': 480, 'encoder_layer1_unit': 416, 'encoder_layer2_unit': 352, 'encoder_layer3_unit': 320, 'encoder_z_mean_layer0_unit': 32, 'encoder_z_mean_layer1_unit': 128, 'encoder_z_log_var_layer0_unit': 128, 'encoder_z_log_var_layer1_unit': 32, 'decoder_layer0_unit': 224, 'decoder_layer1_unit': 96, 'decoder_layer2_unit': 96, 'decoder_layer3_unit': 192, 'decoder_layer4_unit': 224, 'decoder_layer5_unit': 32}. Best is trial 14 with value: 14.216636776924133.
Trial 84 finished with value: 28.43612504005432 and parameters: {'reg_l1': 0.7153600624393788, 'reg_l2': 0.23429604918517533, 'learning_rate': 0.0005, 'dropout': 0.41568019917308585, 'batch_size': 64, 'encoder_layer0_unit': 384, 'encoder_layer1_unit': 288, 'encoder_layer2_unit': 224, 'encoder_layer3_unit': 320, 'encoder_z_mean_layer0_unit': 64, 'encoder_z_mean_layer1_unit': 96, 'encoder_z_log_var_layer0_unit': 128, 'encoder_z_log_var_layer1_unit': 96, 'decoder_layer0_unit': 96, 'decoder_layer1_unit': 416, 'decoder_layer2_unit': 96, 'decoder_layer3_unit': 320, 'decoder_layer4_unit': 32, 'decoder_layer5_unit': 448}. Best is trial 14 with value: 14.216636776924133.
Trial 85 finished with value: 14.22467303276062 and parameters: {'reg_l1': 0.3036262850237694, 'reg_l2': 0.14260279173375412, 'learning_rate': 0.01, 'dropout': 0.49646203683604034, 'batch_size': 32, 'encoder_layer0_unit': 480, 'encoder_layer1_unit': 352, 'encoder_layer2_unit': 256, 'encoder_layer3_unit': 160, 'encoder_z_mean_layer0_unit': 128, 'encoder_z_mean_layer1_unit': 128, 'encoder_z_log_var_layer0_unit': 128, 'encoder_z_log_var_layer1_unit': 96, 'decoder_layer0_unit': 448, 'decoder_layer1_unit': 384, 'decoder_layer2_unit': 64, 'decoder_layer3_unit': 160, 'decoder_layer4_unit': 320, 'decoder_layer5_unit': 384}. Best is trial 14 with value: 14.216636776924133.
Trial 86 finished with value: 56.672308921813965 and parameters: {'reg_l1': 0.8957525647674601, 'reg_l2': 0.5278455520548723, 'learning_rate': 0.0005, 'dropout': 0.38726099546337306, 'batch_size': 128, 'encoder_layer0_unit': 352, 'encoder_layer1_unit': 128, 'encoder_layer2_unit': 288, 'encoder_layer3_unit': 128, 'encoder_z_mean_layer0_unit': 32, 'encoder_z_mean_layer1_unit': 32, 'encoder_z_log_var_layer0_unit': 96, 'encoder_z_log_var_layer1_unit': 128, 'decoder_layer0_unit': 96, 'decoder_layer1_unit': 224, 'decoder_layer2_unit': 448, 'decoder_layer3_unit': 480, 'decoder_layer4_unit': 352, 'decoder_layer5_unit': 160}. Best is trial 14 with value: 14.216636776924133.
Trial 87 finished with value: 84.79706954956055 and parameters: {'reg_l1': 0.10596180960778279, 'reg_l2': 0.7943948233611302, 'learning_rate': 0.005, 'dropout': 0.49043923030909214, 'batch_size': 192, 'encoder_layer0_unit': 224, 'encoder_layer1_unit': 288, 'encoder_layer2_unit': 224, 'encoder_layer3_unit': 384, 'encoder_z_mean_layer0_unit': 32, 'encoder_z_mean_layer1_unit': 32, 'encoder_z_log_var_layer0_unit': 32, 'encoder_z_log_var_layer1_unit': 96, 'decoder_layer0_unit': 224, 'decoder_layer1_unit': 352, 'decoder_layer2_unit': 480, 'decoder_layer3_unit': 352, 'decoder_layer4_unit': 192, 'decoder_layer5_unit': 352}. Best is trial 14 with value: 14.216636776924133.
Trial 88 finished with value: 56.736953258514404 and parameters: {'reg_l1': 0.1095436331061691, 'reg_l2': 0.9014142943626531, 'learning_rate': 0.01, 'dropout': 0.17680471384973245, 'batch_size': 128, 'encoder_layer0_unit': 416, 'encoder_layer1_unit': 352, 'encoder_layer2_unit': 448, 'encoder_layer3_unit': 160, 'encoder_z_mean_layer0_unit': 128, 'encoder_z_mean_layer1_unit': 64, 'encoder_z_log_var_layer0_unit': 96, 'encoder_z_log_var_layer1_unit': 96, 'decoder_layer0_unit': 384, 'decoder_layer1_unit': 192, 'decoder_layer2_unit': 64, 'decoder_layer3_unit': 416, 'decoder_layer4_unit': 192, 'decoder_layer5_unit': 320}. Best is trial 14 with value: 14.216636776924133.
Trial 89 finished with value: 28.436739206314087 and parameters: {'reg_l1': 0.8682125238745149, 'reg_l2': 0.11513197025999367, 'learning_rate': 0.005, 'dropout': 0.12320743006667201, 'batch_size': 64, 'encoder_layer0_unit': 320, 'encoder_layer1_unit': 448, 'encoder_layer2_unit': 352, 'encoder_layer3_unit': 416, 'encoder_z_mean_layer0_unit': 32, 'encoder_z_mean_layer1_unit': 64, 'encoder_z_log_var_layer0_unit': 128, 'encoder_z_log_var_layer1_unit': 32, 'decoder_layer0_unit': 192, 'decoder_layer1_unit': 320, 'decoder_layer2_unit': 224, 'decoder_layer3_unit': 352, 'decoder_layer4_unit': 288, 'decoder_layer5_unit': 448}. Best is trial 14 with value: 14.216636776924133.
Trial 90 finished with value: 14.22473955154419 and parameters: {'reg_l1': 0.770318681132249, 'reg_l2': 0.1051117780449411, 'learning_rate': 0.0001, 'dropout': 0.2111708316813199, 'batch_size': 32, 'encoder_layer0_unit': 288, 'encoder_layer1_unit': 480, 'encoder_layer2_unit': 384, 'encoder_layer3_unit': 352, 'encoder_z_mean_layer0_unit': 128, 'encoder_z_mean_layer1_unit': 32, 'encoder_z_log_var_layer0_unit': 64, 'encoder_z_log_var_layer1_unit': 128, 'decoder_layer0_unit': 256, 'decoder_layer1_unit': 192, 'decoder_layer2_unit': 384, 'decoder_layer3_unit': 288, 'decoder_layer4_unit': 416, 'decoder_layer5_unit': 384}. Best is trial 14 with value: 14.216636776924133.
Trial 91 finished with value: 112.9431562423706 and parameters: {'reg_l1': 0.7963465018643276, 'reg_l2': 0.3308666719365293, 'learning_rate': 0.0001, 'dropout': 0.1190018049293306, 'batch_size': 256, 'encoder_layer0_unit': 256, 'encoder_layer1_unit': 448, 'encoder_layer2_unit': 128, 'encoder_layer3_unit': 352, 'encoder_z_mean_layer0_unit': 32, 'encoder_z_mean_layer1_unit': 64, 'encoder_z_log_var_layer0_unit': 32, 'encoder_z_log_var_layer1_unit': 64, 'decoder_layer0_unit': 160, 'decoder_layer1_unit': 96, 'decoder_layer2_unit': 224, 'decoder_layer3_unit': 448, 'decoder_layer4_unit': 480, 'decoder_layer5_unit': 64}. Best is trial 14 with value: 14.216636776924133.
Trial 92 finished with value: 14.22377622127533 and parameters: {'reg_l1': 0.6632549486817936, 'reg_l2': 0.07476441410594481, 'learning_rate': 0.005, 'dropout': 0.3054275179355655, 'batch_size': 32, 'encoder_layer0_unit': 480, 'encoder_layer1_unit': 416, 'encoder_layer2_unit': 480, 'encoder_layer3_unit': 320, 'encoder_z_mean_layer0_unit': 64, 'encoder_z_mean_layer1_unit': 64, 'encoder_z_log_var_layer0_unit': 64, 'encoder_z_log_var_layer1_unit': 128, 'decoder_layer0_unit': 480, 'decoder_layer1_unit': 64, 'decoder_layer2_unit': 192, 'decoder_layer3_unit': 224, 'decoder_layer4_unit': 320, 'decoder_layer5_unit': 352}. Best is trial 14 with value: 14.216636776924133.
Trial 93 finished with value: 70.62563037872314 and parameters: {'reg_l1': 0.45414300958140563, 'reg_l2': 0.6476542876698325, 'learning_rate': 0.0001, 'dropout': 0.306094400050315, 'batch_size': 160, 'encoder_layer0_unit': 384, 'encoder_layer1_unit': 352, 'encoder_layer2_unit': 160, 'encoder_layer3_unit': 128, 'encoder_z_mean_layer0_unit': 32, 'encoder_z_mean_layer1_unit': 32, 'encoder_z_log_var_layer0_unit': 96, 'encoder_z_log_var_layer1_unit': 96, 'decoder_layer0_unit': 256, 'decoder_layer1_unit': 64, 'decoder_layer2_unit': 192, 'decoder_layer3_unit': 96, 'decoder_layer4_unit': 32, 'decoder_layer5_unit': 32}. Best is trial 14 with value: 14.216636776924133.
Trial 94 finished with value: 84.77108097076416 and parameters: {'reg_l1': 0.9678345073863766, 'reg_l2': 0.7332846589670685, 'learning_rate': 0.0001, 'dropout': 0.16046963452874763, 'batch_size': 192, 'encoder_layer0_unit': 352, 'encoder_layer1_unit': 352, 'encoder_layer2_unit': 160, 'encoder_layer3_unit': 480, 'encoder_z_mean_layer0_unit': 64, 'encoder_z_mean_layer1_unit': 32, 'encoder_z_log_var_layer0_unit': 96, 'encoder_z_log_var_layer1_unit': 32, 'decoder_layer0_unit': 416, 'decoder_layer1_unit': 448, 'decoder_layer2_unit': 320, 'decoder_layer3_unit': 64, 'decoder_layer4_unit': 192, 'decoder_layer5_unit': 320}. Best is trial 14 with value: 14.216636776924133.
Trial 95 finished with value: 28.460628747940063 and parameters: {'reg_l1': 0.04865074049491991, 'reg_l2': 0.6104922223109678, 'learning_rate': 0.005, 'dropout': 0.07066153531716352, 'batch_size': 64, 'encoder_layer0_unit': 192, 'encoder_layer1_unit': 160, 'encoder_layer2_unit': 448, 'encoder_layer3_unit': 384, 'encoder_z_mean_layer0_unit': 32, 'encoder_z_mean_layer1_unit': 64, 'encoder_z_log_var_layer0_unit': 128, 'encoder_z_log_var_layer1_unit': 96, 'decoder_layer0_unit': 160, 'decoder_layer1_unit': 64, 'decoder_layer2_unit': 448, 'decoder_layer3_unit': 32, 'decoder_layer4_unit': 352, 'decoder_layer5_unit': 416}. Best is trial 14 with value: 14.216636776924133.
