Trial 128 finished with value: 98.6808385848999 and parameters: {'reg_l1': 0.731679463603225, 'reg_l2': 0.6405314582732509, 'learning_rate': 0.01, 'dropout': 0.19344915311104155, 'batch_size': 224, 'encoder_layer0_unit': 384, 'encoder_layer1_unit': 128, 'encoder_layer2_unit': 448, 'encoder_layer3_unit': 320, 'encoder_z_mean_layer0_unit': 64, 'encoder_z_mean_layer1_unit': 64, 'encoder_z_log_var_layer0_unit': 128, 'encoder_z_log_var_layer1_unit': 96, 'decoder_layer0_unit': 352, 'decoder_layer1_unit': 32, 'decoder_layer2_unit': 128, 'decoder_layer3_unit': 96, 'decoder_layer4_unit': 64, 'decoder_layer5_unit': 352}. Best is trial 100 with value: 14.216595768928528.
Trial 129 finished with value: 84.73216152191162 and parameters: {'reg_l1': 0.7186304182604208, 'reg_l2': 0.8382569392942594, 'learning_rate': 0.001, 'dropout': 0.03239058968151276, 'batch_size': 192, 'encoder_layer0_unit': 384, 'encoder_layer1_unit': 480, 'encoder_layer2_unit': 160, 'encoder_layer3_unit': 320, 'encoder_z_mean_layer0_unit': 96, 'encoder_z_mean_layer1_unit': 32, 'encoder_z_log_var_layer0_unit': 128, 'encoder_z_log_var_layer1_unit': 128, 'decoder_layer0_unit': 224, 'decoder_layer1_unit': 224, 'decoder_layer2_unit': 288, 'decoder_layer3_unit': 160, 'decoder_layer4_unit': 480, 'decoder_layer5_unit': 480}. Best is trial 100 with value: 14.216595768928528.
Trial 130 finished with value: 98.96246433258057 and parameters: {'reg_l1': 0.574846298912813, 'reg_l2': 0.713803378068241, 'learning_rate': 0.0001, 'dropout': 0.37980940381452616, 'batch_size': 224, 'encoder_layer0_unit': 480, 'encoder_layer1_unit': 128, 'encoder_layer2_unit': 288, 'encoder_layer3_unit': 224, 'encoder_z_mean_layer0_unit': 128, 'encoder_z_mean_layer1_unit': 96, 'encoder_z_log_var_layer0_unit': 64, 'encoder_z_log_var_layer1_unit': 128, 'decoder_layer0_unit': 32, 'decoder_layer1_unit': 256, 'decoder_layer2_unit': 224, 'decoder_layer3_unit': 224, 'decoder_layer4_unit': 320, 'decoder_layer5_unit': 384}. Best is trial 100 with value: 14.216595768928528.
Trial 131 finished with value: 56.48426961898804 and parameters: {'reg_l1': 0.3171840956436095, 'reg_l2': 0.14502402478927212, 'learning_rate': 0.001, 'dropout': 0.4628844251391336, 'batch_size': 128, 'encoder_layer0_unit': 448, 'encoder_layer1_unit': 352, 'encoder_layer2_unit': 128, 'encoder_layer3_unit': 128, 'encoder_z_mean_layer0_unit': 96, 'encoder_z_mean_layer1_unit': 64, 'encoder_z_log_var_layer0_unit': 32, 'encoder_z_log_var_layer1_unit': 128, 'decoder_layer0_unit': 32, 'decoder_layer1_unit': 320, 'decoder_layer2_unit': 192, 'decoder_layer3_unit': 256, 'decoder_layer4_unit': 352, 'decoder_layer5_unit': 352}. Best is trial 100 with value: 14.216595768928528.
Trial 132 finished with value: 112.83686065673828 and parameters: {'reg_l1': 0.07047809454284981, 'reg_l2': 0.7144041037045586, 'learning_rate': 0.005, 'dropout': 0.04320593668478323, 'batch_size': 256, 'encoder_layer0_unit': 416, 'encoder_layer1_unit': 128, 'encoder_layer2_unit': 448, 'encoder_layer3_unit': 320, 'encoder_z_mean_layer0_unit': 128, 'encoder_z_mean_layer1_unit': 64, 'encoder_z_log_var_layer0_unit': 64, 'encoder_z_log_var_layer1_unit': 32, 'decoder_layer0_unit': 480, 'decoder_layer1_unit': 224, 'decoder_layer2_unit': 288, 'decoder_layer3_unit': 288, 'decoder_layer4_unit': 32, 'decoder_layer5_unit': 64}. Best is trial 100 with value: 14.216595768928528.
Trial 133 finished with value: 42.508997440338135 and parameters: {'reg_l1': 0.4053507169217312, 'reg_l2': 0.7544574320777451, 'learning_rate': 0.001, 'dropout': 0.3958928606364656, 'batch_size': 96, 'encoder_layer0_unit': 448, 'encoder_layer1_unit': 448, 'encoder_layer2_unit': 352, 'encoder_layer3_unit': 480, 'encoder_z_mean_layer0_unit': 32, 'encoder_z_mean_layer1_unit': 64, 'encoder_z_log_var_layer0_unit': 128, 'encoder_z_log_var_layer1_unit': 32, 'decoder_layer0_unit': 384, 'decoder_layer1_unit': 288, 'decoder_layer2_unit': 480, 'decoder_layer3_unit': 160, 'decoder_layer4_unit': 256, 'decoder_layer5_unit': 416}. Best is trial 100 with value: 14.216595768928528.
Trial 134 finished with value: 112.86259651184082 and parameters: {'reg_l1': 0.6828945788960216, 'reg_l2': 0.6167650789739773, 'learning_rate': 0.0005, 'dropout': 0.15823835531836927, 'batch_size': 256, 'encoder_layer0_unit': 320, 'encoder_layer1_unit': 384, 'encoder_layer2_unit': 288, 'encoder_layer3_unit': 192, 'encoder_z_mean_layer0_unit': 96, 'encoder_z_mean_layer1_unit': 96, 'encoder_z_log_var_layer0_unit': 96, 'encoder_z_log_var_layer1_unit': 64, 'decoder_layer0_unit': 64, 'decoder_layer1_unit': 288, 'decoder_layer2_unit': 32, 'decoder_layer3_unit': 288, 'decoder_layer4_unit': 64, 'decoder_layer5_unit': 64}. Best is trial 100 with value: 14.216595768928528.
Trial 135 finished with value: 98.94676303863525 and parameters: {'reg_l1': 0.06641545908903412, 'reg_l2': 0.8455407504281387, 'learning_rate': 0.001, 'dropout': 0.3463208549466108, 'batch_size': 224, 'encoder_layer0_unit': 448, 'encoder_layer1_unit': 256, 'encoder_layer2_unit': 192, 'encoder_layer3_unit': 352, 'encoder_z_mean_layer0_unit': 96, 'encoder_z_mean_layer1_unit': 64, 'encoder_z_log_var_layer0_unit': 96, 'encoder_z_log_var_layer1_unit': 64, 'decoder_layer0_unit': 192, 'decoder_layer1_unit': 416, 'decoder_layer2_unit': 192, 'decoder_layer3_unit': 224, 'decoder_layer4_unit': 320, 'decoder_layer5_unit': 288}. Best is trial 100 with value: 14.216595768928528.
Trial 136 finished with value: 28.448981761932373 and parameters: {'reg_l1': 0.5814779420336539, 'reg_l2': 0.34462998227470076, 'learning_rate': 0.0005, 'dropout': 0.4698064363406469, 'batch_size': 64, 'encoder_layer0_unit': 320, 'encoder_layer1_unit': 416, 'encoder_layer2_unit': 480, 'encoder_layer3_unit': 256, 'encoder_z_mean_layer0_unit': 64, 'encoder_z_mean_layer1_unit': 32, 'encoder_z_log_var_layer0_unit': 96, 'encoder_z_log_var_layer1_unit': 128, 'decoder_layer0_unit': 96, 'decoder_layer1_unit': 160, 'decoder_layer2_unit': 448, 'decoder_layer3_unit': 32, 'decoder_layer4_unit': 448, 'decoder_layer5_unit': 320}. Best is trial 100 with value: 14.216595768928528.
Trial 137 finished with value: 28.41895365715027 and parameters: {'reg_l1': 0.6804888107742783, 'reg_l2': 0.03980625732058851, 'learning_rate': 0.0001, 'dropout': 0.09278095464180258, 'batch_size': 64, 'encoder_layer0_unit': 192, 'encoder_layer1_unit': 416, 'encoder_layer2_unit': 480, 'encoder_layer3_unit': 288, 'encoder_z_mean_layer0_unit': 64, 'encoder_z_mean_layer1_unit': 32, 'encoder_z_log_var_layer0_unit': 96, 'encoder_z_log_var_layer1_unit': 128, 'decoder_layer0_unit': 96, 'decoder_layer1_unit': 480, 'decoder_layer2_unit': 448, 'decoder_layer3_unit': 288, 'decoder_layer4_unit': 480, 'decoder_layer5_unit': 160}. Best is trial 100 with value: 14.216595768928528.
Trial 138 finished with value: 84.4988660812378 and parameters: {'reg_l1': 0.7141564365308077, 'reg_l2': 0.4178644477365392, 'learning_rate': 0.01, 'dropout': 0.19158704116526232, 'batch_size': 192, 'encoder_layer0_unit': 256, 'encoder_layer1_unit': 160, 'encoder_layer2_unit': 160, 'encoder_layer3_unit': 320, 'encoder_z_mean_layer0_unit': 64, 'encoder_z_mean_layer1_unit': 96, 'encoder_z_log_var_layer0_unit': 96, 'encoder_z_log_var_layer1_unit': 96, 'decoder_layer0_unit': 96, 'decoder_layer1_unit': 224, 'decoder_layer2_unit': 256, 'decoder_layer3_unit': 192, 'decoder_layer4_unit': 256, 'decoder_layer5_unit': 224}. Best is trial 100 with value: 14.216595768928528.
Trial 139 finished with value: 112.91391277313232 and parameters: {'reg_l1': 0.9968358034622007, 'reg_l2': 0.8036422031162423, 'learning_rate': 0.001, 'dropout': 0.3299681451323909, 'batch_size': 256, 'encoder_layer0_unit': 256, 'encoder_layer1_unit': 288, 'encoder_layer2_unit': 352, 'encoder_layer3_unit': 320, 'encoder_z_mean_layer0_unit': 128, 'encoder_z_mean_layer1_unit': 64, 'encoder_z_log_var_layer0_unit': 128, 'encoder_z_log_var_layer1_unit': 128, 'decoder_layer0_unit': 480, 'decoder_layer1_unit': 352, 'decoder_layer2_unit': 192, 'decoder_layer3_unit': 256, 'decoder_layer4_unit': 384, 'decoder_layer5_unit': 256}. Best is trial 100 with value: 14.216595768928528.
Trial 140 finished with value: 28.45742392539978 and parameters: {'reg_l1': 0.9773132932754538, 'reg_l2': 0.3298148286118614, 'learning_rate': 0.0001, 'dropout': 0.06846117956825049, 'batch_size': 64, 'encoder_layer0_unit': 448, 'encoder_layer1_unit': 224, 'encoder_layer2_unit': 288, 'encoder_layer3_unit': 288, 'encoder_z_mean_layer0_unit': 96, 'encoder_z_mean_layer1_unit': 32, 'encoder_z_log_var_layer0_unit': 32, 'encoder_z_log_var_layer1_unit': 96, 'decoder_layer0_unit': 256, 'decoder_layer1_unit': 288, 'decoder_layer2_unit': 32, 'decoder_layer3_unit': 384, 'decoder_layer4_unit': 256, 'decoder_layer5_unit': 96}. Best is trial 100 with value: 14.216595768928528.
Trial 141 finished with value: 112.8804988861084 and parameters: {'reg_l1': 0.32396614470283824, 'reg_l2': 0.4515168111210158, 'learning_rate': 0.01, 'dropout': 0.0567800595878965, 'batch_size': 256, 'encoder_layer0_unit': 224, 'encoder_layer1_unit': 448, 'encoder_layer2_unit': 256, 'encoder_layer3_unit': 448, 'encoder_z_mean_layer0_unit': 128, 'encoder_z_mean_layer1_unit': 32, 'encoder_z_log_var_layer0_unit': 96, 'encoder_z_log_var_layer1_unit': 128, 'decoder_layer0_unit': 160, 'decoder_layer1_unit': 224, 'decoder_layer2_unit': 224, 'decoder_layer3_unit': 64, 'decoder_layer4_unit': 64, 'decoder_layer5_unit': 416}. Best is trial 100 with value: 14.216595768928528.
Trial 142 finished with value: 42.613205432891846 and parameters: {'reg_l1': 0.7132544438726346, 'reg_l2': 0.36734966782102585, 'learning_rate': 0.005, 'dropout': 0.24412082072090557, 'batch_size': 96, 'encoder_layer0_unit': 128, 'encoder_layer1_unit': 256, 'encoder_layer2_unit': 128, 'encoder_layer3_unit': 352, 'encoder_z_mean_layer0_unit': 64, 'encoder_z_mean_layer1_unit': 64, 'encoder_z_log_var_layer0_unit': 96, 'encoder_z_log_var_layer1_unit': 64, 'decoder_layer0_unit': 480, 'decoder_layer1_unit': 384, 'decoder_layer2_unit': 416, 'decoder_layer3_unit': 480, 'decoder_layer4_unit': 64, 'decoder_layer5_unit': 32}. Best is trial 100 with value: 14.216595768928528.
Trial 143 finished with value: 28.43923330307007 and parameters: {'reg_l1': 0.566238042211072, 'reg_l2': 0.6303352218681831, 'learning_rate': 0.0005, 'dropout': 0.414562574586576, 'batch_size': 64, 'encoder_layer0_unit': 288, 'encoder_layer1_unit': 384, 'encoder_layer2_unit': 288, 'encoder_layer3_unit': 128, 'encoder_z_mean_layer0_unit': 32, 'encoder_z_mean_layer1_unit': 64, 'encoder_z_log_var_layer0_unit': 96, 'encoder_z_log_var_layer1_unit': 32, 'decoder_layer0_unit': 320, 'decoder_layer1_unit': 384, 'decoder_layer2_unit': 160, 'decoder_layer3_unit': 288, 'decoder_layer4_unit': 160, 'decoder_layer5_unit': 352}. Best is trial 100 with value: 14.216595768928528.
Trial 144 finished with value: 14.227843523025513 and parameters: {'reg_l1': 0.6143949641470362, 'reg_l2': 0.18846522157775203, 'learning_rate': 0.0001, 'dropout': 0.08516918345541652, 'batch_size': 32, 'encoder_layer0_unit': 352, 'encoder_layer1_unit': 192, 'encoder_layer2_unit': 288, 'encoder_layer3_unit': 480, 'encoder_z_mean_layer0_unit': 32, 'encoder_z_mean_layer1_unit': 96, 'encoder_z_log_var_layer0_unit': 32, 'encoder_z_log_var_layer1_unit': 96, 'decoder_layer0_unit': 224, 'decoder_layer1_unit': 288, 'decoder_layer2_unit': 384, 'decoder_layer3_unit': 160, 'decoder_layer4_unit': 384, 'decoder_layer5_unit': 480}. Best is trial 100 with value: 14.216595768928528.
Trial 145 finished with value: 14.219048142433167 and parameters: {'reg_l1': 0.486870685077345, 'reg_l2': 0.224491397199875, 'learning_rate': 0.0005, 'dropout': 0.34670797024162325, 'batch_size': 32, 'encoder_layer0_unit': 384, 'encoder_layer1_unit': 448, 'encoder_layer2_unit': 352, 'encoder_layer3_unit': 352, 'encoder_z_mean_layer0_unit': 32, 'encoder_z_mean_layer1_unit': 64, 'encoder_z_log_var_layer0_unit': 128, 'encoder_z_log_var_layer1_unit': 32, 'decoder_layer0_unit': 384, 'decoder_layer1_unit': 64, 'decoder_layer2_unit': 256, 'decoder_layer3_unit': 96, 'decoder_layer4_unit': 96, 'decoder_layer5_unit': 256}. Best is trial 100 with value: 14.216595768928528.
Trial 146 finished with value: 70.70281505584717 and parameters: {'reg_l1': 0.8994824584937835, 'reg_l2': 0.13957767525380782, 'learning_rate': 0.0005, 'dropout': 0.2461919319212248, 'batch_size': 160, 'encoder_layer0_unit': 480, 'encoder_layer1_unit': 384, 'encoder_layer2_unit': 192, 'encoder_layer3_unit': 192, 'encoder_z_mean_layer0_unit': 96, 'encoder_z_mean_layer1_unit': 32, 'encoder_z_log_var_layer0_unit': 32, 'encoder_z_log_var_layer1_unit': 128, 'decoder_layer0_unit': 480, 'decoder_layer1_unit': 192, 'decoder_layer2_unit': 416, 'decoder_layer3_unit': 448, 'decoder_layer4_unit': 64, 'decoder_layer5_unit': 128}. Best is trial 100 with value: 14.216595768928528.
Trial 147 finished with value: 70.75749111175537 and parameters: {'reg_l1': 0.07155602751084478, 'reg_l2': 0.9403598155150821, 'learning_rate': 0.0005, 'dropout': 0.3998637447459604, 'batch_size': 160, 'encoder_layer0_unit': 128, 'encoder_layer1_unit': 160, 'encoder_layer2_unit': 352, 'encoder_layer3_unit': 480, 'encoder_z_mean_layer0_unit': 96, 'encoder_z_mean_layer1_unit': 128, 'encoder_z_log_var_layer0_unit': 64, 'encoder_z_log_var_layer1_unit': 32, 'decoder_layer0_unit': 160, 'decoder_layer1_unit': 288, 'decoder_layer2_unit': 224, 'decoder_layer3_unit': 320, 'decoder_layer4_unit': 320, 'decoder_layer5_unit': 416}. Best is trial 100 with value: 14.216595768928528.
Trial 148 finished with value: 28.452674388885498 and parameters: {'reg_l1': 0.6328337543183167, 'reg_l2': 0.6967043808993909, 'learning_rate': 0.001, 'dropout': 0.34609791160613285, 'batch_size': 64, 'encoder_layer0_unit': 224, 'encoder_layer1_unit': 160, 'encoder_layer2_unit': 128, 'encoder_layer3_unit': 192, 'encoder_z_mean_layer0_unit': 32, 'encoder_z_mean_layer1_unit': 32, 'encoder_z_log_var_layer0_unit': 128, 'encoder_z_log_var_layer1_unit': 32, 'decoder_layer0_unit': 224, 'decoder_layer1_unit': 288, 'decoder_layer2_unit': 416, 'decoder_layer3_unit': 128, 'decoder_layer4_unit': 32, 'decoder_layer5_unit': 96}. Best is trial 100 with value: 14.216595768928528.
Trial 149 finished with value: 112.81657600402832 and parameters: {'reg_l1': 0.4560709577968224, 'reg_l2': 0.6481886158039397, 'learning_rate': 0.0005, 'dropout': 0.30822272331709216, 'batch_size': 256, 'encoder_layer0_unit': 160, 'encoder_layer1_unit': 160, 'encoder_layer2_unit': 288, 'encoder_layer3_unit': 224, 'encoder_z_mean_layer0_unit': 96, 'encoder_z_mean_layer1_unit': 64, 'encoder_z_log_var_layer0_unit': 64, 'encoder_z_log_var_layer1_unit': 96, 'decoder_layer0_unit': 416, 'decoder_layer1_unit': 64, 'decoder_layer2_unit': 32, 'decoder_layer3_unit': 384, 'decoder_layer4_unit': 96, 'decoder_layer5_unit': 448}. Best is trial 100 with value: 14.216595768928528.
Trial 150 finished with value: 84.88866901397705 and parameters: {'reg_l1': 0.5135831373796547, 'reg_l2': 0.6233671232901357, 'learning_rate': 0.0001, 'dropout': 0.04415807837069036, 'batch_size': 192, 'encoder_layer0_unit': 224, 'encoder_layer1_unit': 288, 'encoder_layer2_unit': 224, 'encoder_layer3_unit': 416, 'encoder_z_mean_layer0_unit': 96, 'encoder_z_mean_layer1_unit': 128, 'encoder_z_log_var_layer0_unit': 64, 'encoder_z_log_var_layer1_unit': 128, 'decoder_layer0_unit': 320, 'decoder_layer1_unit': 352, 'decoder_layer2_unit': 64, 'decoder_layer3_unit': 320, 'decoder_layer4_unit': 384, 'decoder_layer5_unit': 256}. Best is trial 100 with value: 14.216595768928528.
Trial 151 finished with value: 98.86178302764893 and parameters: {'reg_l1': 0.5464470625184914, 'reg_l2': 0.7906298658981116, 'learning_rate': 0.001, 'dropout': 0.25460458464201624, 'batch_size': 224, 'encoder_layer0_unit': 320, 'encoder_layer1_unit': 352, 'encoder_layer2_unit': 160, 'encoder_layer3_unit': 320, 'encoder_z_mean_layer0_unit': 64, 'encoder_z_mean_layer1_unit': 64, 'encoder_z_log_var_layer0_unit': 96, 'encoder_z_log_var_layer1_unit': 32, 'decoder_layer0_unit': 320, 'decoder_layer1_unit': 352, 'decoder_layer2_unit': 64, 'decoder_layer3_unit': 160, 'decoder_layer4_unit': 224, 'decoder_layer5_unit': 192}. Best is trial 100 with value: 14.216595768928528.
Trial 152 finished with value: 112.93103790283203 and parameters: {'reg_l1': 0.07360117725986881, 'reg_l2': 0.3441291598618619, 'learning_rate': 0.0005, 'dropout': 0.2947846817182656, 'batch_size': 256, 'encoder_layer0_unit': 416, 'encoder_layer1_unit': 256, 'encoder_layer2_unit': 192, 'encoder_layer3_unit': 384, 'encoder_z_mean_layer0_unit': 32, 'encoder_z_mean_layer1_unit': 128, 'encoder_z_log_var_layer0_unit': 64, 'encoder_z_log_var_layer1_unit': 32, 'decoder_layer0_unit': 224, 'decoder_layer1_unit': 160, 'decoder_layer2_unit': 320, 'decoder_layer3_unit': 448, 'decoder_layer4_unit': 96, 'decoder_layer5_unit': 192}. Best is trial 100 with value: 14.216595768928528.
Trial 153 finished with value: 98.95856761932373 and parameters: {'reg_l1': 0.852999894994563, 'reg_l2': 0.7627834888433468, 'learning_rate': 0.0001, 'dropout': 0.3737046240072884, 'batch_size': 224, 'encoder_layer0_unit': 288, 'encoder_layer1_unit': 416, 'encoder_layer2_unit': 288, 'encoder_layer3_unit': 384, 'encoder_z_mean_layer0_unit': 64, 'encoder_z_mean_layer1_unit': 128, 'encoder_z_log_var_layer0_unit': 64, 'encoder_z_log_var_layer1_unit': 32, 'decoder_layer0_unit': 32, 'decoder_layer1_unit': 64, 'decoder_layer2_unit': 288, 'decoder_layer3_unit': 480, 'decoder_layer4_unit': 416, 'decoder_layer5_unit': 416}. Best is trial 100 with value: 14.216595768928528.
Trial 154 finished with value: 28.43634581565857 and parameters: {'reg_l1': 0.7053457863509621, 'reg_l2': 0.8165685292010029, 'learning_rate': 0.001, 'dropout': 0.08303077025359995, 'batch_size': 64, 'encoder_layer0_unit': 416, 'encoder_layer1_unit': 160, 'encoder_layer2_unit': 320, 'encoder_layer3_unit': 256, 'encoder_z_mean_layer0_unit': 128, 'encoder_z_mean_layer1_unit': 96, 'encoder_z_log_var_layer0_unit': 64, 'encoder_z_log_var_layer1_unit': 96, 'decoder_layer0_unit': 192, 'decoder_layer1_unit': 224, 'decoder_layer2_unit': 416, 'decoder_layer3_unit': 224, 'decoder_layer4_unit': 192, 'decoder_layer5_unit': 256}. Best is trial 100 with value: 14.216595768928528.
Trial 155 finished with value: 42.53309631347656 and parameters: {'reg_l1': 0.66415332326127, 'reg_l2': 0.11581005178330439, 'learning_rate': 0.005, 'dropout': 0.2422751882545368, 'batch_size': 96, 'encoder_layer0_unit': 320, 'encoder_layer1_unit': 384, 'encoder_layer2_unit': 288, 'encoder_layer3_unit': 160, 'encoder_z_mean_layer0_unit': 64, 'encoder_z_mean_layer1_unit': 32, 'encoder_z_log_var_layer0_unit': 64, 'encoder_z_log_var_layer1_unit': 32, 'decoder_layer0_unit': 320, 'decoder_layer1_unit': 448, 'decoder_layer2_unit': 384, 'decoder_layer3_unit': 288, 'decoder_layer4_unit': 96, 'decoder_layer5_unit': 160}. Best is trial 100 with value: 14.216595768928528.
Trial 156 finished with value: 42.58156681060791 and parameters: {'reg_l1': 0.09636921376158958, 'reg_l2': 0.4899837210051877, 'learning_rate': 0.001, 'dropout': 0.02243275955912527, 'batch_size': 96, 'encoder_layer0_unit': 288, 'encoder_layer1_unit': 320, 'encoder_layer2_unit': 160, 'encoder_layer3_unit': 192, 'encoder_z_mean_layer0_unit': 64, 'encoder_z_mean_layer1_unit': 96, 'encoder_z_log_var_layer0_unit': 128, 'encoder_z_log_var_layer1_unit': 64, 'decoder_layer0_unit': 384, 'decoder_layer1_unit': 416, 'decoder_layer2_unit': 64, 'decoder_layer3_unit': 192, 'decoder_layer4_unit': 448, 'decoder_layer5_unit': 192}. Best is trial 100 with value: 14.216595768928528.
Trial 157 finished with value: 98.95614719390869 and parameters: {'reg_l1': 0.3931104608226589, 'reg_l2': 0.5022461817192498, 'learning_rate': 0.0005, 'dropout': 0.4334227955435729, 'batch_size': 224, 'encoder_layer0_unit': 320, 'encoder_layer1_unit': 288, 'encoder_layer2_unit': 320, 'encoder_layer3_unit': 128, 'encoder_z_mean_layer0_unit': 96, 'encoder_z_mean_layer1_unit': 64, 'encoder_z_log_var_layer0_unit': 128, 'encoder_z_log_var_layer1_unit': 32, 'decoder_layer0_unit': 288, 'decoder_layer1_unit': 480, 'decoder_layer2_unit': 416, 'decoder_layer3_unit': 288, 'decoder_layer4_unit': 160, 'decoder_layer5_unit': 352}. Best is trial 100 with value: 14.216595768928528.
Trial 158 finished with value: 42.58208608627319 and parameters: {'reg_l1': 0.55307441920539, 'reg_l2': 0.6488818634159323, 'learning_rate': 0.0005, 'dropout': 0.35300294729767234, 'batch_size': 96, 'encoder_layer0_unit': 128, 'encoder_layer1_unit': 128, 'encoder_layer2_unit': 192, 'encoder_layer3_unit': 320, 'encoder_z_mean_layer0_unit': 64, 'encoder_z_mean_layer1_unit': 32, 'encoder_z_log_var_layer0_unit': 128, 'encoder_z_log_var_layer1_unit': 32, 'decoder_layer0_unit': 448, 'decoder_layer1_unit': 320, 'decoder_layer2_unit': 192, 'decoder_layer3_unit': 160, 'decoder_layer4_unit': 416, 'decoder_layer5_unit': 64}. Best is trial 100 with value: 14.216595768928528.
Trial 159 finished with value: 70.84971618652344 and parameters: {'reg_l1': 0.212354021078072, 'reg_l2': 0.5081023539755376, 'learning_rate': 0.005, 'dropout': 0.08133274032527793, 'batch_size': 160, 'encoder_layer0_unit': 352, 'encoder_layer1_unit': 128, 'encoder_layer2_unit': 352, 'encoder_layer3_unit': 352, 'encoder_z_mean_layer0_unit': 32, 'encoder_z_mean_layer1_unit': 32, 'encoder_z_log_var_layer0_unit': 96, 'encoder_z_log_var_layer1_unit': 128, 'decoder_layer0_unit': 448, 'decoder_layer1_unit': 480, 'decoder_layer2_unit': 384, 'decoder_layer3_unit': 192, 'decoder_layer4_unit': 32, 'decoder_layer5_unit': 448}. Best is trial 100 with value: 14.216595768928528.
