A new study created in RDB with name: timeSeries_withRoI_zdim30
Trial 0 finished with value: 28.409016609191895 and parameters: {'reg_l1': 0.23987971161758792, 'reg_l2': 0.9377774330059633, 'learning_rate': 0.0001, 'dropout': 0.07679769003662229, 'batch_size': 64, 'encoder_layer0_unit': 256, 'encoder_layer1_unit': 128, 'encoder_layer2_unit': 160, 'encoder_layer3_unit': 448, 'encoder_z_mean_layer0_unit': 128, 'encoder_z_mean_layer1_unit': 32, 'encoder_z_log_var_layer0_unit': 128, 'encoder_z_log_var_layer1_unit': 32, 'decoder_layer0_unit': 384, 'decoder_layer1_unit': 64, 'decoder_layer2_unit': 416, 'decoder_layer3_unit': 64, 'decoder_layer4_unit': 480, 'decoder_layer5_unit': 480}. Best is trial 0 with value: 28.409016609191895.
Trial 1 finished with value: 84.77454948425293 and parameters: {'reg_l1': 0.5376094263270152, 'reg_l2': 0.1488208667954697, 'learning_rate': 0.001, 'dropout': 0.2131827069880095, 'batch_size': 192, 'encoder_layer0_unit': 416, 'encoder_layer1_unit': 352, 'encoder_layer2_unit': 352, 'encoder_layer3_unit': 160, 'encoder_z_mean_layer0_unit': 32, 'encoder_z_mean_layer1_unit': 64, 'encoder_z_log_var_layer0_unit': 128, 'encoder_z_log_var_layer1_unit': 32, 'decoder_layer0_unit': 320, 'decoder_layer1_unit': 192, 'decoder_layer2_unit': 128, 'decoder_layer3_unit': 288, 'decoder_layer4_unit': 480, 'decoder_layer5_unit': 352}. Best is trial 0 with value: 28.409016609191895.
Trial 2 finished with value: 14.219014167785645 and parameters: {'reg_l1': 0.8659010150177426, 'reg_l2': 0.5476480689341231, 'learning_rate': 0.0005, 'dropout': 0.14556204747731144, 'batch_size': 32, 'encoder_layer0_unit': 416, 'encoder_layer1_unit': 288, 'encoder_layer2_unit': 224, 'encoder_layer3_unit': 192, 'encoder_z_mean_layer0_unit': 32, 'encoder_z_mean_layer1_unit': 64, 'encoder_z_log_var_layer0_unit': 32, 'encoder_z_log_var_layer1_unit': 96, 'decoder_layer0_unit': 32, 'decoder_layer1_unit': 416, 'decoder_layer2_unit': 128, 'decoder_layer3_unit': 256, 'decoder_layer4_unit': 352, 'decoder_layer5_unit': 416}. Best is trial 2 with value: 14.219014167785645.
Trial 3 finished with value: 99.52253150939941 and parameters: {'reg_l1': 0.9614083498287822, 'reg_l2': 0.5574853285116488, 'learning_rate': 0.005, 'dropout': 0.1342070948432223, 'batch_size': 224, 'encoder_layer0_unit': 448, 'encoder_layer1_unit': 480, 'encoder_layer2_unit': 128, 'encoder_layer3_unit': 192, 'encoder_z_mean_layer0_unit': 64, 'encoder_z_mean_layer1_unit': 32, 'encoder_z_log_var_layer0_unit': 32, 'encoder_z_log_var_layer1_unit': 128, 'decoder_layer0_unit': 128, 'decoder_layer1_unit': 416, 'decoder_layer2_unit': 448, 'decoder_layer3_unit': 448, 'decoder_layer4_unit': 128, 'decoder_layer5_unit': 192}. Best is trial 2 with value: 14.219014167785645.
Trial 4 finished with value: 42.567275524139404 and parameters: {'reg_l1': 0.1452334326124407, 'reg_l2': 0.8617646583303621, 'learning_rate': 0.001, 'dropout': 0.3441802849646586, 'batch_size': 96, 'encoder_layer0_unit': 288, 'encoder_layer1_unit': 448, 'encoder_layer2_unit': 384, 'encoder_layer3_unit': 448, 'encoder_z_mean_layer0_unit': 96, 'encoder_z_mean_layer1_unit': 32, 'encoder_z_log_var_layer0_unit': 128, 'encoder_z_log_var_layer1_unit': 32, 'decoder_layer0_unit': 160, 'decoder_layer1_unit': 96, 'decoder_layer2_unit': 128, 'decoder_layer3_unit': 352, 'decoder_layer4_unit': 192, 'decoder_layer5_unit': 160}. Best is trial 2 with value: 14.219014167785645.
Trial 5 finished with value: 70.70867443084717 and parameters: {'reg_l1': 0.7437587511422716, 'reg_l2': 0.1723572855041956, 'learning_rate': 0.0005, 'dropout': 0.3523511874819013, 'batch_size': 160, 'encoder_layer0_unit': 128, 'encoder_layer1_unit': 256, 'encoder_layer2_unit': 320, 'encoder_layer3_unit': 384, 'encoder_z_mean_layer0_unit': 64, 'encoder_z_mean_layer1_unit': 64, 'encoder_z_log_var_layer0_unit': 64, 'encoder_z_log_var_layer1_unit': 128, 'decoder_layer0_unit': 448, 'decoder_layer1_unit': 128, 'decoder_layer2_unit': 448, 'decoder_layer3_unit': 224, 'decoder_layer4_unit': 192, 'decoder_layer5_unit': 224}. Best is trial 2 with value: 14.219014167785645.
Trial 6 finished with value: 28.460659980773926 and parameters: {'reg_l1': 0.10839563665825724, 'reg_l2': 0.9585387940581652, 'learning_rate': 0.0005, 'dropout': 0.2230933701226424, 'batch_size': 64, 'encoder_layer0_unit': 224, 'encoder_layer1_unit': 416, 'encoder_layer2_unit': 320, 'encoder_layer3_unit': 480, 'encoder_z_mean_layer0_unit': 32, 'encoder_z_mean_layer1_unit': 128, 'encoder_z_log_var_layer0_unit': 32, 'encoder_z_log_var_layer1_unit': 128, 'decoder_layer0_unit': 128, 'decoder_layer1_unit': 192, 'decoder_layer2_unit': 160, 'decoder_layer3_unit': 352, 'decoder_layer4_unit': 288, 'decoder_layer5_unit': 32}. Best is trial 2 with value: 14.219014167785645.
Trial 7 finished with value: 112.93870449066162 and parameters: {'reg_l1': 0.8230998591816456, 'reg_l2': 0.9749953051125082, 'learning_rate': 0.01, 'dropout': 0.02555807848458652, 'batch_size': 256, 'encoder_layer0_unit': 256, 'encoder_layer1_unit': 448, 'encoder_layer2_unit': 224, 'encoder_layer3_unit': 128, 'encoder_z_mean_layer0_unit': 64, 'encoder_z_mean_layer1_unit': 32, 'encoder_z_log_var_layer0_unit': 64, 'encoder_z_log_var_layer1_unit': 128, 'decoder_layer0_unit': 320, 'decoder_layer1_unit': 480, 'decoder_layer2_unit': 384, 'decoder_layer3_unit': 448, 'decoder_layer4_unit': 352, 'decoder_layer5_unit': 224}. Best is trial 2 with value: 14.219014167785645.
Trial 8 finished with value: 56.569650173187256 and parameters: {'reg_l1': 0.8676226340926052, 'reg_l2': 0.6370135850045796, 'learning_rate': 0.01, 'dropout': 0.46589402626617665, 'batch_size': 128, 'encoder_layer0_unit': 320, 'encoder_layer1_unit': 384, 'encoder_layer2_unit': 416, 'encoder_layer3_unit': 384, 'encoder_z_mean_layer0_unit': 96, 'encoder_z_mean_layer1_unit': 128, 'encoder_z_log_var_layer0_unit': 64, 'encoder_z_log_var_layer1_unit': 64, 'decoder_layer0_unit': 288, 'decoder_layer1_unit': 128, 'decoder_layer2_unit': 160, 'decoder_layer3_unit': 448, 'decoder_layer4_unit': 480, 'decoder_layer5_unit': 32}. Best is trial 2 with value: 14.219014167785645.
Trial 9 finished with value: 14.220854640007019 and parameters: {'reg_l1': 0.07329347316837287, 'reg_l2': 0.009503650243873674, 'learning_rate': 0.001, 'dropout': 0.11767064302432262, 'batch_size': 32, 'encoder_layer0_unit': 256, 'encoder_layer1_unit': 384, 'encoder_layer2_unit': 448, 'encoder_layer3_unit': 480, 'encoder_z_mean_layer0_unit': 96, 'encoder_z_mean_layer1_unit': 32, 'encoder_z_log_var_layer0_unit': 32, 'encoder_z_log_var_layer1_unit': 32, 'decoder_layer0_unit': 416, 'decoder_layer1_unit': 32, 'decoder_layer2_unit': 352, 'decoder_layer3_unit': 256, 'decoder_layer4_unit': 192, 'decoder_layer5_unit': 352}. Best is trial 2 with value: 14.219014167785645.
Trial 10 finished with value: 14.218529462814331 and parameters: {'reg_l1': 0.5721353429615913, 'reg_l2': 0.7343713210668145, 'learning_rate': 0.0005, 'dropout': 0.4682799567467517, 'batch_size': 32, 'encoder_layer0_unit': 384, 'encoder_layer1_unit': 448, 'encoder_layer2_unit': 480, 'encoder_layer3_unit': 448, 'encoder_z_mean_layer0_unit': 64, 'encoder_z_mean_layer1_unit': 128, 'encoder_z_log_var_layer0_unit': 96, 'encoder_z_log_var_layer1_unit': 32, 'decoder_layer0_unit': 128, 'decoder_layer1_unit': 288, 'decoder_layer2_unit': 160, 'decoder_layer3_unit': 384, 'decoder_layer4_unit': 64, 'decoder_layer5_unit': 160}. Best is trial 10 with value: 14.218529462814331.
Trial 11 finished with value: 42.58406352996826 and parameters: {'reg_l1': 0.864372184460379, 'reg_l2': 0.9397876543344164, 'learning_rate': 0.001, 'dropout': 0.28184629938423167, 'batch_size': 96, 'encoder_layer0_unit': 384, 'encoder_layer1_unit': 480, 'encoder_layer2_unit': 224, 'encoder_layer3_unit': 448, 'encoder_z_mean_layer0_unit': 64, 'encoder_z_mean_layer1_unit': 96, 'encoder_z_log_var_layer0_unit': 96, 'encoder_z_log_var_layer1_unit': 32, 'decoder_layer0_unit': 448, 'decoder_layer1_unit': 480, 'decoder_layer2_unit': 128, 'decoder_layer3_unit': 288, 'decoder_layer4_unit': 256, 'decoder_layer5_unit': 480}. Best is trial 10 with value: 14.218529462814331.
Trial 12 finished with value: 112.20792770385742 and parameters: {'reg_l1': 0.20973135630499207, 'reg_l2': 0.7570687941395624, 'learning_rate': 0.01, 'dropout': 0.24960823031742452, 'batch_size': 256, 'encoder_layer0_unit': 224, 'encoder_layer1_unit': 480, 'encoder_layer2_unit': 192, 'encoder_layer3_unit': 288, 'encoder_z_mean_layer0_unit': 96, 'encoder_z_mean_layer1_unit': 96, 'encoder_z_log_var_layer0_unit': 64, 'encoder_z_log_var_layer1_unit': 64, 'decoder_layer0_unit': 320, 'decoder_layer1_unit': 224, 'decoder_layer2_unit': 160, 'decoder_layer3_unit': 192, 'decoder_layer4_unit': 448, 'decoder_layer5_unit': 96}. Best is trial 10 with value: 14.218529462814331.
Trial 13 finished with value: 28.466041803359985 and parameters: {'reg_l1': 0.14844777559587186, 'reg_l2': 0.7647266811776511, 'learning_rate': 0.0001, 'dropout': 0.12019245414220797, 'batch_size': 64, 'encoder_layer0_unit': 320, 'encoder_layer1_unit': 448, 'encoder_layer2_unit': 160, 'encoder_layer3_unit': 448, 'encoder_z_mean_layer0_unit': 32, 'encoder_z_mean_layer1_unit': 64, 'encoder_z_log_var_layer0_unit': 64, 'encoder_z_log_var_layer1_unit': 128, 'decoder_layer0_unit': 352, 'decoder_layer1_unit': 352, 'decoder_layer2_unit': 448, 'decoder_layer3_unit': 384, 'decoder_layer4_unit': 288, 'decoder_layer5_unit': 256}. Best is trial 10 with value: 14.218529462814331.
Trial 14 finished with value: 112.86106395721436 and parameters: {'reg_l1': 0.0316698497830763, 'reg_l2': 0.16931657489096819, 'learning_rate': 0.0001, 'dropout': 0.06148813251359858, 'batch_size': 256, 'encoder_layer0_unit': 128, 'encoder_layer1_unit': 416, 'encoder_layer2_unit': 384, 'encoder_layer3_unit': 256, 'encoder_z_mean_layer0_unit': 96, 'encoder_z_mean_layer1_unit': 32, 'encoder_z_log_var_layer0_unit': 64, 'encoder_z_log_var_layer1_unit': 32, 'decoder_layer0_unit': 480, 'decoder_layer1_unit': 64, 'decoder_layer2_unit': 480, 'decoder_layer3_unit': 352, 'decoder_layer4_unit': 160, 'decoder_layer5_unit': 352}. Best is trial 10 with value: 14.218529462814331.
Trial 15 finished with value: 28.44309711456299 and parameters: {'reg_l1': 0.617189904251623, 'reg_l2': 0.313521980800891, 'learning_rate': 0.001, 'dropout': 0.18600175405649233, 'batch_size': 64, 'encoder_layer0_unit': 160, 'encoder_layer1_unit': 320, 'encoder_layer2_unit': 288, 'encoder_layer3_unit': 480, 'encoder_z_mean_layer0_unit': 128, 'encoder_z_mean_layer1_unit': 32, 'encoder_z_log_var_layer0_unit': 128, 'encoder_z_log_var_layer1_unit': 32, 'decoder_layer0_unit': 416, 'decoder_layer1_unit': 160, 'decoder_layer2_unit': 96, 'decoder_layer3_unit': 96, 'decoder_layer4_unit': 192, 'decoder_layer5_unit': 192}. Best is trial 10 with value: 14.218529462814331.
Trial 16 finished with value: 84.75277614593506 and parameters: {'reg_l1': 0.020432084377659532, 'reg_l2': 0.10816151443658928, 'learning_rate': 0.0001, 'dropout': 0.37207803978615006, 'batch_size': 192, 'encoder_layer0_unit': 128, 'encoder_layer1_unit': 288, 'encoder_layer2_unit': 160, 'encoder_layer3_unit': 480, 'encoder_z_mean_layer0_unit': 32, 'encoder_z_mean_layer1_unit': 128, 'encoder_z_log_var_layer0_unit': 128, 'encoder_z_log_var_layer1_unit': 32, 'decoder_layer0_unit': 448, 'decoder_layer1_unit': 384, 'decoder_layer2_unit': 96, 'decoder_layer3_unit': 96, 'decoder_layer4_unit': 448, 'decoder_layer5_unit': 160}. Best is trial 10 with value: 14.218529462814331.
Trial 17 finished with value: 28.452293395996094 and parameters: {'reg_l1': 0.875179914047133, 'reg_l2': 0.16618412522068593, 'learning_rate': 0.001, 'dropout': 0.3222886389964412, 'batch_size': 64, 'encoder_layer0_unit': 416, 'encoder_layer1_unit': 416, 'encoder_layer2_unit': 128, 'encoder_layer3_unit': 224, 'encoder_z_mean_layer0_unit': 128, 'encoder_z_mean_layer1_unit': 64, 'encoder_z_log_var_layer0_unit': 32, 'encoder_z_log_var_layer1_unit': 128, 'decoder_layer0_unit': 32, 'decoder_layer1_unit': 96, 'decoder_layer2_unit': 96, 'decoder_layer3_unit': 448, 'decoder_layer4_unit': 224, 'decoder_layer5_unit': 96}. Best is trial 10 with value: 14.218529462814331.
Trial 18 finished with value: 70.76127815246582 and parameters: {'reg_l1': 0.20125854418594513, 'reg_l2': 0.5067922344732498, 'learning_rate': 0.001, 'dropout': 0.15387733598783304, 'batch_size': 160, 'encoder_layer0_unit': 416, 'encoder_layer1_unit': 480, 'encoder_layer2_unit': 448, 'encoder_layer3_unit': 224, 'encoder_z_mean_layer0_unit': 32, 'encoder_z_mean_layer1_unit': 32, 'encoder_z_log_var_layer0_unit': 64, 'encoder_z_log_var_layer1_unit': 32, 'decoder_layer0_unit': 128, 'decoder_layer1_unit': 416, 'decoder_layer2_unit': 448, 'decoder_layer3_unit': 64, 'decoder_layer4_unit': 384, 'decoder_layer5_unit': 32}. Best is trial 10 with value: 14.218529462814331.
Trial 19 finished with value: 28.436918020248413 and parameters: {'reg_l1': 0.114734549647454, 'reg_l2': 0.36002995194470444, 'learning_rate': 0.01, 'dropout': 0.16983706810249105, 'batch_size': 64, 'encoder_layer0_unit': 128, 'encoder_layer1_unit': 224, 'encoder_layer2_unit': 160, 'encoder_layer3_unit': 480, 'encoder_z_mean_layer0_unit': 32, 'encoder_z_mean_layer1_unit': 64, 'encoder_z_log_var_layer0_unit': 32, 'encoder_z_log_var_layer1_unit': 32, 'decoder_layer0_unit': 384, 'decoder_layer1_unit': 160, 'decoder_layer2_unit': 320, 'decoder_layer3_unit': 96, 'decoder_layer4_unit': 416, 'decoder_layer5_unit': 448}. Best is trial 10 with value: 14.218529462814331.
Trial 20 finished with value: 98.82291316986084 and parameters: {'reg_l1': 0.602182952516445, 'reg_l2': 0.9478188986619035, 'learning_rate': 0.0005, 'dropout': 0.17925385947095746, 'batch_size': 224, 'encoder_layer0_unit': 480, 'encoder_layer1_unit': 352, 'encoder_layer2_unit': 416, 'encoder_layer3_unit': 256, 'encoder_z_mean_layer0_unit': 64, 'encoder_z_mean_layer1_unit': 64, 'encoder_z_log_var_layer0_unit': 96, 'encoder_z_log_var_layer1_unit': 128, 'decoder_layer0_unit': 384, 'decoder_layer1_unit': 320, 'decoder_layer2_unit': 160, 'decoder_layer3_unit': 160, 'decoder_layer4_unit': 384, 'decoder_layer5_unit': 320}. Best is trial 10 with value: 14.218529462814331.
Trial 21 finished with value: 14.225150346755981 and parameters: {'reg_l1': 0.09358549794494109, 'reg_l2': 0.05382430365303614, 'learning_rate': 0.001, 'dropout': 0.3526534748702847, 'batch_size': 32, 'encoder_layer0_unit': 384, 'encoder_layer1_unit': 224, 'encoder_layer2_unit': 448, 'encoder_layer3_unit': 352, 'encoder_z_mean_layer0_unit': 32, 'encoder_z_mean_layer1_unit': 128, 'encoder_z_log_var_layer0_unit': 64, 'encoder_z_log_var_layer1_unit': 64, 'decoder_layer0_unit': 288, 'decoder_layer1_unit': 32, 'decoder_layer2_unit': 192, 'decoder_layer3_unit': 320, 'decoder_layer4_unit': 128, 'decoder_layer5_unit': 192}. Best is trial 10 with value: 14.218529462814331.
Trial 22 finished with value: 112.21454048156738 and parameters: {'reg_l1': 0.10101358719707443, 'reg_l2': 0.138801525404863, 'learning_rate': 0.005, 'dropout': 0.0333520368612189, 'batch_size': 256, 'encoder_layer0_unit': 224, 'encoder_layer1_unit': 416, 'encoder_layer2_unit': 416, 'encoder_layer3_unit': 480, 'encoder_z_mean_layer0_unit': 32, 'encoder_z_mean_layer1_unit': 32, 'encoder_z_log_var_layer0_unit': 64, 'encoder_z_log_var_layer1_unit': 96, 'decoder_layer0_unit': 96, 'decoder_layer1_unit': 64, 'decoder_layer2_unit': 288, 'decoder_layer3_unit': 480, 'decoder_layer4_unit': 224, 'decoder_layer5_unit': 384}. Best is trial 10 with value: 14.218529462814331.
Trial 23 failed with parameters: {'reg_l1': 0.7175220697875214, 'reg_l2': 0.9446603572218414, 'learning_rate': 0.01, 'dropout': 0.2265019301987632, 'batch_size': 32, 'encoder_layer0_unit': 384, 'encoder_layer1_unit': 480, 'encoder_layer2_unit': 224, 'encoder_layer3_unit': 256, 'encoder_z_mean_layer0_unit': 64, 'encoder_z_mean_layer1_unit': 64, 'encoder_z_log_var_layer0_unit': 128, 'encoder_z_log_var_layer1_unit': 64, 'decoder_layer0_unit': 480, 'decoder_layer1_unit': 160, 'decoder_layer2_unit': 32, 'decoder_layer3_unit': 128, 'decoder_layer4_unit': 32, 'decoder_layer5_unit': 416} because of the following error: The value nan is not acceptable..
Trial 23 failed with value nan.
Trial 24 finished with value: 70.69135284423828 and parameters: {'reg_l1': 0.3218651439451926, 'reg_l2': 0.7323348605432234, 'learning_rate': 0.001, 'dropout': 0.38304660200371615, 'batch_size': 160, 'encoder_layer0_unit': 480, 'encoder_layer1_unit': 320, 'encoder_layer2_unit': 480, 'encoder_layer3_unit': 320, 'encoder_z_mean_layer0_unit': 32, 'encoder_z_mean_layer1_unit': 128, 'encoder_z_log_var_layer0_unit': 96, 'encoder_z_log_var_layer1_unit': 32, 'decoder_layer0_unit': 352, 'decoder_layer1_unit': 32, 'decoder_layer2_unit': 96, 'decoder_layer3_unit': 96, 'decoder_layer4_unit': 256, 'decoder_layer5_unit': 448}. Best is trial 10 with value: 14.218529462814331.
Trial 25 finished with value: 98.95166206359863 and parameters: {'reg_l1': 0.7798336902274088, 'reg_l2': 0.6122171646737217, 'learning_rate': 0.0001, 'dropout': 0.15962612782604058, 'batch_size': 224, 'encoder_layer0_unit': 192, 'encoder_layer1_unit': 416, 'encoder_layer2_unit': 352, 'encoder_layer3_unit': 224, 'encoder_z_mean_layer0_unit': 64, 'encoder_z_mean_layer1_unit': 32, 'encoder_z_log_var_layer0_unit': 64, 'encoder_z_log_var_layer1_unit': 64, 'decoder_layer0_unit': 224, 'decoder_layer1_unit': 288, 'decoder_layer2_unit': 256, 'decoder_layer3_unit': 32, 'decoder_layer4_unit': 224, 'decoder_layer5_unit': 480}. Best is trial 10 with value: 14.218529462814331.
Trial 26 finished with value: 56.466493129730225 and parameters: {'reg_l1': 0.36827524625770514, 'reg_l2': 0.4696217829493726, 'learning_rate': 0.005, 'dropout': 0.178210531628769, 'batch_size': 128, 'encoder_layer0_unit': 256, 'encoder_layer1_unit': 480, 'encoder_layer2_unit': 320, 'encoder_layer3_unit': 480, 'encoder_z_mean_layer0_unit': 64, 'encoder_z_mean_layer1_unit': 128, 'encoder_z_log_var_layer0_unit': 128, 'encoder_z_log_var_layer1_unit': 64, 'decoder_layer0_unit': 160, 'decoder_layer1_unit': 480, 'decoder_layer2_unit': 288, 'decoder_layer3_unit': 64, 'decoder_layer4_unit': 192, 'decoder_layer5_unit': 256}. Best is trial 10 with value: 14.218529462814331.
Trial 27 finished with value: 14.221243977546692 and parameters: {'reg_l1': 0.5488372681659957, 'reg_l2': 0.3873251864319258, 'learning_rate': 0.01, 'dropout': 0.2721290947587347, 'batch_size': 32, 'encoder_layer0_unit': 224, 'encoder_layer1_unit': 384, 'encoder_layer2_unit': 352, 'encoder_layer3_unit': 480, 'encoder_z_mean_layer0_unit': 32, 'encoder_z_mean_layer1_unit': 64, 'encoder_z_log_var_layer0_unit': 64, 'encoder_z_log_var_layer1_unit': 32, 'decoder_layer0_unit': 32, 'decoder_layer1_unit': 480, 'decoder_layer2_unit': 96, 'decoder_layer3_unit': 224, 'decoder_layer4_unit': 128, 'decoder_layer5_unit': 256}. Best is trial 10 with value: 14.218529462814331.
Trial 28 finished with value: 28.428991079330444 and parameters: {'reg_l1': 0.7248613551963979, 'reg_l2': 0.3369857586995738, 'learning_rate': 0.0001, 'dropout': 0.20487353181588408, 'batch_size': 64, 'encoder_layer0_unit': 224, 'encoder_layer1_unit': 320, 'encoder_layer2_unit': 224, 'encoder_layer3_unit': 160, 'encoder_z_mean_layer0_unit': 128, 'encoder_z_mean_layer1_unit': 64, 'encoder_z_log_var_layer0_unit': 128, 'encoder_z_log_var_layer1_unit': 128, 'decoder_layer0_unit': 64, 'decoder_layer1_unit': 64, 'decoder_layer2_unit': 64, 'decoder_layer3_unit': 64, 'decoder_layer4_unit': 288, 'decoder_layer5_unit': 256}. Best is trial 10 with value: 14.218529462814331.
Trial 29 finished with value: 98.56408309936523 and parameters: {'reg_l1': 0.11608549135757429, 'reg_l2': 0.6872803389697324, 'learning_rate': 0.001, 'dropout': 0.0371017735421183, 'batch_size': 224, 'encoder_layer0_unit': 288, 'encoder_layer1_unit': 192, 'encoder_layer2_unit': 384, 'encoder_layer3_unit': 288, 'encoder_z_mean_layer0_unit': 128, 'encoder_z_mean_layer1_unit': 96, 'encoder_z_log_var_layer0_unit': 96, 'encoder_z_log_var_layer1_unit': 64, 'decoder_layer0_unit': 160, 'decoder_layer1_unit': 32, 'decoder_layer2_unit': 64, 'decoder_layer3_unit': 96, 'decoder_layer4_unit': 352, 'decoder_layer5_unit': 480}. Best is trial 10 with value: 14.218529462814331.
Trial 30 finished with value: 14.222134590148926 and parameters: {'reg_l1': 0.5639841116433079, 'reg_l2': 0.7028624468238628, 'learning_rate': 0.001, 'dropout': 0.4488775057716317, 'batch_size': 32, 'encoder_layer0_unit': 192, 'encoder_layer1_unit': 256, 'encoder_layer2_unit': 352, 'encoder_layer3_unit': 416, 'encoder_z_mean_layer0_unit': 96, 'encoder_z_mean_layer1_unit': 96, 'encoder_z_log_var_layer0_unit': 64, 'encoder_z_log_var_layer1_unit': 32, 'decoder_layer0_unit': 256, 'decoder_layer1_unit': 32, 'decoder_layer2_unit': 480, 'decoder_layer3_unit': 32, 'decoder_layer4_unit': 384, 'decoder_layer5_unit': 320}. Best is trial 10 with value: 14.218529462814331.
Trial 31 finished with value: 70.80427551269531 and parameters: {'reg_l1': 0.22002047466302577, 'reg_l2': 0.04905336249532799, 'learning_rate': 0.0005, 'dropout': 0.10776152651868431, 'batch_size': 160, 'encoder_layer0_unit': 288, 'encoder_layer1_unit': 160, 'encoder_layer2_unit': 192, 'encoder_layer3_unit': 192, 'encoder_z_mean_layer0_unit': 128, 'encoder_z_mean_layer1_unit': 96, 'encoder_z_log_var_layer0_unit': 32, 'encoder_z_log_var_layer1_unit': 96, 'decoder_layer0_unit': 448, 'decoder_layer1_unit': 32, 'decoder_layer2_unit': 352, 'decoder_layer3_unit': 128, 'decoder_layer4_unit': 32, 'decoder_layer5_unit': 224}. Best is trial 10 with value: 14.218529462814331.
