Trial 320 finished with value: 56.736063957214355 and parameters: {'reg_l1': 0.27750706589076535, 'reg_l2': 0.3000288849934507, 'learning_rate': 0.0001, 'dropout': 0.29265419015367744, 'batch_size': 128, 'encoder_layer0_unit': 480, 'encoder_layer1_unit': 416, 'encoder_layer2_unit': 480, 'encoder_layer3_unit': 352, 'encoder_z_mean_layer0_unit': 32, 'encoder_z_mean_layer1_unit': 128, 'encoder_z_log_var_layer0_unit': 64, 'encoder_z_log_var_layer1_unit': 32, 'decoder_layer0_unit': 288, 'decoder_layer1_unit': 64, 'decoder_layer2_unit': 224, 'decoder_layer3_unit': 320, 'decoder_layer4_unit': 224, 'decoder_layer5_unit': 448}. Best is trial 249 with value: 14.215713620185852.
Trial 321 finished with value: 112.27429389953613 and parameters: {'reg_l1': 0.7336946182696594, 'reg_l2': 0.4331461878892491, 'learning_rate': 0.01, 'dropout': 0.3856939035327329, 'batch_size': 256, 'encoder_layer0_unit': 224, 'encoder_layer1_unit': 192, 'encoder_layer2_unit': 288, 'encoder_layer3_unit': 256, 'encoder_z_mean_layer0_unit': 128, 'encoder_z_mean_layer1_unit': 96, 'encoder_z_log_var_layer0_unit': 32, 'encoder_z_log_var_layer1_unit': 96, 'decoder_layer0_unit': 448, 'decoder_layer1_unit': 480, 'decoder_layer2_unit': 384, 'decoder_layer3_unit': 480, 'decoder_layer4_unit': 288, 'decoder_layer5_unit': 96}. Best is trial 249 with value: 14.215713620185852.
Trial 322 finished with value: 28.459923028945923 and parameters: {'reg_l1': 0.8588167855782675, 'reg_l2': 0.5141210225157896, 'learning_rate': 0.01, 'dropout': 0.4700893089168054, 'batch_size': 64, 'encoder_layer0_unit': 416, 'encoder_layer1_unit': 160, 'encoder_layer2_unit': 160, 'encoder_layer3_unit': 288, 'encoder_z_mean_layer0_unit': 96, 'encoder_z_mean_layer1_unit': 64, 'encoder_z_log_var_layer0_unit': 128, 'encoder_z_log_var_layer1_unit': 128, 'decoder_layer0_unit': 192, 'decoder_layer1_unit': 480, 'decoder_layer2_unit': 256, 'decoder_layer3_unit': 64, 'decoder_layer4_unit': 448, 'decoder_layer5_unit': 384}. Best is trial 249 with value: 14.215713620185852.
Trial 323 finished with value: 112.85389709472656 and parameters: {'reg_l1': 0.2999126053428849, 'reg_l2': 0.8948701383612906, 'learning_rate': 0.005, 'dropout': 0.12042257357004843, 'batch_size': 256, 'encoder_layer0_unit': 160, 'encoder_layer1_unit': 416, 'encoder_layer2_unit': 384, 'encoder_layer3_unit': 160, 'encoder_z_mean_layer0_unit': 32, 'encoder_z_mean_layer1_unit': 32, 'encoder_z_log_var_layer0_unit': 96, 'encoder_z_log_var_layer1_unit': 128, 'decoder_layer0_unit': 352, 'decoder_layer1_unit': 224, 'decoder_layer2_unit': 32, 'decoder_layer3_unit': 320, 'decoder_layer4_unit': 160, 'decoder_layer5_unit': 448}. Best is trial 249 with value: 14.215713620185852.
Trial 324 finished with value: 42.48373794555664 and parameters: {'reg_l1': 0.2341764863585154, 'reg_l2': 0.24565107174649536, 'learning_rate': 0.005, 'dropout': 0.11531288933892542, 'batch_size': 96, 'encoder_layer0_unit': 224, 'encoder_layer1_unit': 384, 'encoder_layer2_unit': 416, 'encoder_layer3_unit': 288, 'encoder_z_mean_layer0_unit': 128, 'encoder_z_mean_layer1_unit': 128, 'encoder_z_log_var_layer0_unit': 96, 'encoder_z_log_var_layer1_unit': 64, 'decoder_layer0_unit': 160, 'decoder_layer1_unit': 288, 'decoder_layer2_unit': 256, 'decoder_layer3_unit': 160, 'decoder_layer4_unit': 416, 'decoder_layer5_unit': 288}. Best is trial 249 with value: 14.215713620185852.
Trial 325 finished with value: 14.219984769821167 and parameters: {'reg_l1': 0.3078275195512674, 'reg_l2': 0.25534290662739345, 'learning_rate': 0.0005, 'dropout': 0.41127225957158536, 'batch_size': 32, 'encoder_layer0_unit': 128, 'encoder_layer1_unit': 416, 'encoder_layer2_unit': 480, 'encoder_layer3_unit': 480, 'encoder_z_mean_layer0_unit': 128, 'encoder_z_mean_layer1_unit': 96, 'encoder_z_log_var_layer0_unit': 128, 'encoder_z_log_var_layer1_unit': 96, 'decoder_layer0_unit': 128, 'decoder_layer1_unit': 192, 'decoder_layer2_unit': 32, 'decoder_layer3_unit': 160, 'decoder_layer4_unit': 384, 'decoder_layer5_unit': 256}. Best is trial 249 with value: 14.215713620185852.
Trial 326 finished with value: 84.58606719970703 and parameters: {'reg_l1': 0.7715778791094972, 'reg_l2': 0.18110773638379085, 'learning_rate': 0.001, 'dropout': 0.3524153549590819, 'batch_size': 192, 'encoder_layer0_unit': 224, 'encoder_layer1_unit': 352, 'encoder_layer2_unit': 352, 'encoder_layer3_unit': 416, 'encoder_z_mean_layer0_unit': 96, 'encoder_z_mean_layer1_unit': 128, 'encoder_z_log_var_layer0_unit': 96, 'encoder_z_log_var_layer1_unit': 96, 'decoder_layer0_unit': 224, 'decoder_layer1_unit': 384, 'decoder_layer2_unit': 352, 'decoder_layer3_unit': 224, 'decoder_layer4_unit': 416, 'decoder_layer5_unit': 448}. Best is trial 249 with value: 14.215713620185852.
Trial 327 finished with value: 56.57601451873779 and parameters: {'reg_l1': 0.10745597623326253, 'reg_l2': 0.4830063374798166, 'learning_rate': 0.01, 'dropout': 0.2898430633617964, 'batch_size': 128, 'encoder_layer0_unit': 288, 'encoder_layer1_unit': 384, 'encoder_layer2_unit': 384, 'encoder_layer3_unit': 192, 'encoder_z_mean_layer0_unit': 64, 'encoder_z_mean_layer1_unit': 96, 'encoder_z_log_var_layer0_unit': 128, 'encoder_z_log_var_layer1_unit': 128, 'decoder_layer0_unit': 352, 'decoder_layer1_unit': 224, 'decoder_layer2_unit': 96, 'decoder_layer3_unit': 32, 'decoder_layer4_unit': 320, 'decoder_layer5_unit': 480}. Best is trial 249 with value: 14.215713620185852.
Trial 328 finished with value: 70.6264762878418 and parameters: {'reg_l1': 0.5867090926638828, 'reg_l2': 0.3945210509377497, 'learning_rate': 0.0005, 'dropout': 0.2878805972671689, 'batch_size': 160, 'encoder_layer0_unit': 480, 'encoder_layer1_unit': 448, 'encoder_layer2_unit': 320, 'encoder_layer3_unit': 256, 'encoder_z_mean_layer0_unit': 64, 'encoder_z_mean_layer1_unit': 96, 'encoder_z_log_var_layer0_unit': 32, 'encoder_z_log_var_layer1_unit': 64, 'decoder_layer0_unit': 416, 'decoder_layer1_unit': 384, 'decoder_layer2_unit': 352, 'decoder_layer3_unit': 64, 'decoder_layer4_unit': 96, 'decoder_layer5_unit': 352}. Best is trial 249 with value: 14.215713620185852.
Trial 329 finished with value: 14.216599225997925 and parameters: {'reg_l1': 0.015619600744229745, 'reg_l2': 0.031156106899907443, 'learning_rate': 0.0005, 'dropout': 0.48828034373302015, 'batch_size': 32, 'encoder_layer0_unit': 288, 'encoder_layer1_unit': 160, 'encoder_layer2_unit': 224, 'encoder_layer3_unit': 128, 'encoder_z_mean_layer0_unit': 64, 'encoder_z_mean_layer1_unit': 64, 'encoder_z_log_var_layer0_unit': 128, 'encoder_z_log_var_layer1_unit': 64, 'decoder_layer0_unit': 320, 'decoder_layer1_unit': 224, 'decoder_layer2_unit': 416, 'decoder_layer3_unit': 224, 'decoder_layer4_unit': 384, 'decoder_layer5_unit': 256}. Best is trial 249 with value: 14.215713620185852.
Trial 330 finished with value: 113.0438117980957 and parameters: {'reg_l1': 0.2022457878348637, 'reg_l2': 0.7983181973736743, 'learning_rate': 0.0001, 'dropout': 0.47992315935195906, 'batch_size': 256, 'encoder_layer0_unit': 416, 'encoder_layer1_unit': 416, 'encoder_layer2_unit': 224, 'encoder_layer3_unit': 224, 'encoder_z_mean_layer0_unit': 128, 'encoder_z_mean_layer1_unit': 128, 'encoder_z_log_var_layer0_unit': 32, 'encoder_z_log_var_layer1_unit': 128, 'decoder_layer0_unit': 256, 'decoder_layer1_unit': 32, 'decoder_layer2_unit': 32, 'decoder_layer3_unit': 224, 'decoder_layer4_unit': 128, 'decoder_layer5_unit': 416}. Best is trial 249 with value: 14.215713620185852.
Trial 331 finished with value: 28.456291675567627 and parameters: {'reg_l1': 0.5825161678866698, 'reg_l2': 0.6225745973444456, 'learning_rate': 0.001, 'dropout': 0.02125679906150424, 'batch_size': 64, 'encoder_layer0_unit': 352, 'encoder_layer1_unit': 224, 'encoder_layer2_unit': 160, 'encoder_layer3_unit': 192, 'encoder_z_mean_layer0_unit': 96, 'encoder_z_mean_layer1_unit': 64, 'encoder_z_log_var_layer0_unit': 96, 'encoder_z_log_var_layer1_unit': 128, 'decoder_layer0_unit': 416, 'decoder_layer1_unit': 320, 'decoder_layer2_unit': 288, 'decoder_layer3_unit': 384, 'decoder_layer4_unit': 160, 'decoder_layer5_unit': 288}. Best is trial 249 with value: 14.215713620185852.
Trial 332 finished with value: 112.2183027267456 and parameters: {'reg_l1': 0.7869511124769236, 'reg_l2': 0.5453718457991934, 'learning_rate': 0.01, 'dropout': 0.1575609703359428, 'batch_size': 256, 'encoder_layer0_unit': 416, 'encoder_layer1_unit': 352, 'encoder_layer2_unit': 192, 'encoder_layer3_unit': 480, 'encoder_z_mean_layer0_unit': 32, 'encoder_z_mean_layer1_unit': 64, 'encoder_z_log_var_layer0_unit': 128, 'encoder_z_log_var_layer1_unit': 128, 'decoder_layer0_unit': 32, 'decoder_layer1_unit': 256, 'decoder_layer2_unit': 64, 'decoder_layer3_unit': 320, 'decoder_layer4_unit': 64, 'decoder_layer5_unit': 256}. Best is trial 249 with value: 14.215713620185852.
Trial 333 finished with value: 71.10342311859131 and parameters: {'reg_l1': 0.08802457950155729, 'reg_l2': 0.8296589160964676, 'learning_rate': 0.01, 'dropout': 0.15210037762194506, 'batch_size': 160, 'encoder_layer0_unit': 416, 'encoder_layer1_unit': 224, 'encoder_layer2_unit': 224, 'encoder_layer3_unit': 224, 'encoder_z_mean_layer0_unit': 128, 'encoder_z_mean_layer1_unit': 64, 'encoder_z_log_var_layer0_unit': 96, 'encoder_z_log_var_layer1_unit': 32, 'decoder_layer0_unit': 96, 'decoder_layer1_unit': 224, 'decoder_layer2_unit': 352, 'decoder_layer3_unit': 64, 'decoder_layer4_unit': 352, 'decoder_layer5_unit': 64}. Best is trial 249 with value: 14.215713620185852.
Trial 334 finished with value: 42.68695831298828 and parameters: {'reg_l1': 0.009310682032106055, 'reg_l2': 0.2672785123210648, 'learning_rate': 0.005, 'dropout': 0.37288253275550254, 'batch_size': 96, 'encoder_layer0_unit': 192, 'encoder_layer1_unit': 320, 'encoder_layer2_unit': 256, 'encoder_layer3_unit': 256, 'encoder_z_mean_layer0_unit': 64, 'encoder_z_mean_layer1_unit': 32, 'encoder_z_log_var_layer0_unit': 32, 'encoder_z_log_var_layer1_unit': 96, 'decoder_layer0_unit': 352, 'decoder_layer1_unit': 96, 'decoder_layer2_unit': 416, 'decoder_layer3_unit': 416, 'decoder_layer4_unit': 448, 'decoder_layer5_unit': 288}. Best is trial 249 with value: 14.215713620185852.
Trial 335 finished with value: 112.88061809539795 and parameters: {'reg_l1': 0.7621537527127568, 'reg_l2': 0.47288310839202596, 'learning_rate': 0.0001, 'dropout': 0.12905614515025332, 'batch_size': 256, 'encoder_layer0_unit': 320, 'encoder_layer1_unit': 288, 'encoder_layer2_unit': 352, 'encoder_layer3_unit': 352, 'encoder_z_mean_layer0_unit': 128, 'encoder_z_mean_layer1_unit': 128, 'encoder_z_log_var_layer0_unit': 64, 'encoder_z_log_var_layer1_unit': 96, 'decoder_layer0_unit': 128, 'decoder_layer1_unit': 448, 'decoder_layer2_unit': 96, 'decoder_layer3_unit': 384, 'decoder_layer4_unit': 96, 'decoder_layer5_unit': 192}. Best is trial 249 with value: 14.215713620185852.
Trial 336 finished with value: 42.603736877441406 and parameters: {'reg_l1': 0.28155177822508415, 'reg_l2': 0.22544466147936493, 'learning_rate': 0.0001, 'dropout': 0.12654023928404579, 'batch_size': 96, 'encoder_layer0_unit': 160, 'encoder_layer1_unit': 480, 'encoder_layer2_unit': 416, 'encoder_layer3_unit': 288, 'encoder_z_mean_layer0_unit': 96, 'encoder_z_mean_layer1_unit': 128, 'encoder_z_log_var_layer0_unit': 64, 'encoder_z_log_var_layer1_unit': 96, 'decoder_layer0_unit': 288, 'decoder_layer1_unit': 224, 'decoder_layer2_unit': 96, 'decoder_layer3_unit': 384, 'decoder_layer4_unit': 320, 'decoder_layer5_unit': 384}. Best is trial 249 with value: 14.215713620185852.
Trial 337 finished with value: 42.60807704925537 and parameters: {'reg_l1': 0.7499474289212972, 'reg_l2': 0.8866767436937342, 'learning_rate': 0.0001, 'dropout': 0.047001681450417, 'batch_size': 96, 'encoder_layer0_unit': 128, 'encoder_layer1_unit': 256, 'encoder_layer2_unit': 256, 'encoder_layer3_unit': 160, 'encoder_z_mean_layer0_unit': 64, 'encoder_z_mean_layer1_unit': 32, 'encoder_z_log_var_layer0_unit': 128, 'encoder_z_log_var_layer1_unit': 64, 'decoder_layer0_unit': 32, 'decoder_layer1_unit': 128, 'decoder_layer2_unit': 64, 'decoder_layer3_unit': 256, 'decoder_layer4_unit': 448, 'decoder_layer5_unit': 480}. Best is trial 249 with value: 14.215713620185852.
Trial 338 finished with value: 98.89777660369873 and parameters: {'reg_l1': 0.1106516057468293, 'reg_l2': 0.9814082072011675, 'learning_rate': 0.0005, 'dropout': 0.48754208815037686, 'batch_size': 224, 'encoder_layer0_unit': 352, 'encoder_layer1_unit': 224, 'encoder_layer2_unit': 288, 'encoder_layer3_unit': 448, 'encoder_z_mean_layer0_unit': 96, 'encoder_z_mean_layer1_unit': 96, 'encoder_z_log_var_layer0_unit': 128, 'encoder_z_log_var_layer1_unit': 32, 'decoder_layer0_unit': 480, 'decoder_layer1_unit': 192, 'decoder_layer2_unit': 224, 'decoder_layer3_unit': 224, 'decoder_layer4_unit': 32, 'decoder_layer5_unit': 256}. Best is trial 249 with value: 14.215713620185852.
Trial 339 finished with value: 56.88324213027954 and parameters: {'reg_l1': 0.3764290594454849, 'reg_l2': 0.4722557122409936, 'learning_rate': 0.01, 'dropout': 0.24872130648882995, 'batch_size': 128, 'encoder_layer0_unit': 416, 'encoder_layer1_unit': 480, 'encoder_layer2_unit': 256, 'encoder_layer3_unit': 256, 'encoder_z_mean_layer0_unit': 96, 'encoder_z_mean_layer1_unit': 32, 'encoder_z_log_var_layer0_unit': 64, 'encoder_z_log_var_layer1_unit': 32, 'decoder_layer0_unit': 192, 'decoder_layer1_unit': 32, 'decoder_layer2_unit': 320, 'decoder_layer3_unit': 128, 'decoder_layer4_unit': 256, 'decoder_layer5_unit': 64}. Best is trial 249 with value: 14.215713620185852.
Trial 340 finished with value: 42.668270111083984 and parameters: {'reg_l1': 0.8745025757196389, 'reg_l2': 0.8885557035040734, 'learning_rate': 0.01, 'dropout': 0.41829246416442284, 'batch_size': 96, 'encoder_layer0_unit': 320, 'encoder_layer1_unit': 128, 'encoder_layer2_unit': 448, 'encoder_layer3_unit': 448, 'encoder_z_mean_layer0_unit': 32, 'encoder_z_mean_layer1_unit': 96, 'encoder_z_log_var_layer0_unit': 128, 'encoder_z_log_var_layer1_unit': 96, 'decoder_layer0_unit': 256, 'decoder_layer1_unit': 160, 'decoder_layer2_unit': 320, 'decoder_layer3_unit': 96, 'decoder_layer4_unit': 64, 'decoder_layer5_unit': 448}. Best is trial 249 with value: 14.215713620185852.
Trial 341 finished with value: 98.58518409729004 and parameters: {'reg_l1': 0.5753135952395239, 'reg_l2': 0.6808143086706142, 'learning_rate': 0.01, 'dropout': 0.23021839833595187, 'batch_size': 224, 'encoder_layer0_unit': 448, 'encoder_layer1_unit': 416, 'encoder_layer2_unit': 416, 'encoder_layer3_unit': 192, 'encoder_z_mean_layer0_unit': 64, 'encoder_z_mean_layer1_unit': 64, 'encoder_z_log_var_layer0_unit': 64, 'encoder_z_log_var_layer1_unit': 64, 'decoder_layer0_unit': 224, 'decoder_layer1_unit': 96, 'decoder_layer2_unit': 352, 'decoder_layer3_unit': 416, 'decoder_layer4_unit': 160, 'decoder_layer5_unit': 320}. Best is trial 249 with value: 14.215713620185852.
Trial 342 finished with value: 42.5869574546814 and parameters: {'reg_l1': 0.15974909335669707, 'reg_l2': 0.41014738611275625, 'learning_rate': 0.0005, 'dropout': 0.23804429141652522, 'batch_size': 96, 'encoder_layer0_unit': 128, 'encoder_layer1_unit': 256, 'encoder_layer2_unit': 416, 'encoder_layer3_unit': 128, 'encoder_z_mean_layer0_unit': 96, 'encoder_z_mean_layer1_unit': 128, 'encoder_z_log_var_layer0_unit': 96, 'encoder_z_log_var_layer1_unit': 96, 'decoder_layer0_unit': 320, 'decoder_layer1_unit': 192, 'decoder_layer2_unit': 192, 'decoder_layer3_unit': 32, 'decoder_layer4_unit': 320, 'decoder_layer5_unit': 32}. Best is trial 249 with value: 14.215713620185852.
Trial 343 finished with value: 28.484795570373535 and parameters: {'reg_l1': 0.9121030633549837, 'reg_l2': 0.9399229748273902, 'learning_rate': 0.0005, 'dropout': 0.33699793588920984, 'batch_size': 64, 'encoder_layer0_unit': 224, 'encoder_layer1_unit': 256, 'encoder_layer2_unit': 352, 'encoder_layer3_unit': 448, 'encoder_z_mean_layer0_unit': 64, 'encoder_z_mean_layer1_unit': 32, 'encoder_z_log_var_layer0_unit': 128, 'encoder_z_log_var_layer1_unit': 32, 'decoder_layer0_unit': 384, 'decoder_layer1_unit': 384, 'decoder_layer2_unit': 480, 'decoder_layer3_unit': 256, 'decoder_layer4_unit': 384, 'decoder_layer5_unit': 416}. Best is trial 249 with value: 14.215713620185852.
Trial 344 finished with value: 56.70252180099487 and parameters: {'reg_l1': 0.665737756991127, 'reg_l2': 0.3719649108546025, 'learning_rate': 0.0001, 'dropout': 0.2204068091026723, 'batch_size': 128, 'encoder_layer0_unit': 192, 'encoder_layer1_unit': 480, 'encoder_layer2_unit': 128, 'encoder_layer3_unit': 352, 'encoder_z_mean_layer0_unit': 128, 'encoder_z_mean_layer1_unit': 32, 'encoder_z_log_var_layer0_unit': 128, 'encoder_z_log_var_layer1_unit': 64, 'decoder_layer0_unit': 96, 'decoder_layer1_unit': 160, 'decoder_layer2_unit': 256, 'decoder_layer3_unit': 352, 'decoder_layer4_unit': 32, 'decoder_layer5_unit': 480}. Best is trial 249 with value: 14.215713620185852.
Trial 345 finished with value: 112.2926254272461 and parameters: {'reg_l1': 0.8343966310518262, 'reg_l2': 0.6847932663351778, 'learning_rate': 0.005, 'dropout': 0.3071719412787221, 'batch_size': 256, 'encoder_layer0_unit': 320, 'encoder_layer1_unit': 256, 'encoder_layer2_unit': 128, 'encoder_layer3_unit': 288, 'encoder_z_mean_layer0_unit': 96, 'encoder_z_mean_layer1_unit': 96, 'encoder_z_log_var_layer0_unit': 32, 'encoder_z_log_var_layer1_unit': 32, 'decoder_layer0_unit': 224, 'decoder_layer1_unit': 64, 'decoder_layer2_unit': 416, 'decoder_layer3_unit': 192, 'decoder_layer4_unit': 448, 'decoder_layer5_unit': 192}. Best is trial 249 with value: 14.215713620185852.
Trial 346 finished with value: 70.78153705596924 and parameters: {'reg_l1': 0.4551032964546051, 'reg_l2': 0.5966778088389705, 'learning_rate': 0.0005, 'dropout': 0.08225653124119486, 'batch_size': 160, 'encoder_layer0_unit': 352, 'encoder_layer1_unit': 160, 'encoder_layer2_unit': 128, 'encoder_layer3_unit': 480, 'encoder_z_mean_layer0_unit': 128, 'encoder_z_mean_layer1_unit': 128, 'encoder_z_log_var_layer0_unit': 96, 'encoder_z_log_var_layer1_unit': 128, 'decoder_layer0_unit': 384, 'decoder_layer1_unit': 224, 'decoder_layer2_unit': 448, 'decoder_layer3_unit': 96, 'decoder_layer4_unit': 416, 'decoder_layer5_unit': 320}. Best is trial 249 with value: 14.215713620185852.
Trial 347 finished with value: 28.42011260986328 and parameters: {'reg_l1': 0.4958189363094607, 'reg_l2': 0.359187964781826, 'learning_rate': 0.0001, 'dropout': 0.046473428399582684, 'batch_size': 64, 'encoder_layer0_unit': 384, 'encoder_layer1_unit': 320, 'encoder_layer2_unit': 192, 'encoder_layer3_unit': 224, 'encoder_z_mean_layer0_unit': 128, 'encoder_z_mean_layer1_unit': 32, 'encoder_z_log_var_layer0_unit': 128, 'encoder_z_log_var_layer1_unit': 32, 'decoder_layer0_unit': 288, 'decoder_layer1_unit': 192, 'decoder_layer2_unit': 256, 'decoder_layer3_unit': 160, 'decoder_layer4_unit': 288, 'decoder_layer5_unit': 320}. Best is trial 249 with value: 14.215713620185852.
Trial 348 finished with value: 14.216997027397156 and parameters: {'reg_l1': 0.555133568818342, 'reg_l2': 0.0400800063392901, 'learning_rate': 0.001, 'dropout': 0.252684339763461, 'batch_size': 32, 'encoder_layer0_unit': 384, 'encoder_layer1_unit': 288, 'encoder_layer2_unit': 128, 'encoder_layer3_unit': 128, 'encoder_z_mean_layer0_unit': 64, 'encoder_z_mean_layer1_unit': 96, 'encoder_z_log_var_layer0_unit': 128, 'encoder_z_log_var_layer1_unit': 32, 'decoder_layer0_unit': 256, 'decoder_layer1_unit': 160, 'decoder_layer2_unit': 384, 'decoder_layer3_unit': 416, 'decoder_layer4_unit': 416, 'decoder_layer5_unit': 128}. Best is trial 249 with value: 14.215713620185852.
Trial 349 finished with value: 42.63027048110962 and parameters: {'reg_l1': 0.41900620866990446, 'reg_l2': 0.055622703079740266, 'learning_rate': 0.0005, 'dropout': 0.38516446268852117, 'batch_size': 96, 'encoder_layer0_unit': 160, 'encoder_layer1_unit': 224, 'encoder_layer2_unit': 192, 'encoder_layer3_unit': 416, 'encoder_z_mean_layer0_unit': 32, 'encoder_z_mean_layer1_unit': 32, 'encoder_z_log_var_layer0_unit': 128, 'encoder_z_log_var_layer1_unit': 96, 'decoder_layer0_unit': 32, 'decoder_layer1_unit': 256, 'decoder_layer2_unit': 416, 'decoder_layer3_unit': 224, 'decoder_layer4_unit': 320, 'decoder_layer5_unit': 32}. Best is trial 249 with value: 14.215713620185852.
Trial 350 finished with value: 71.08364677429199 and parameters: {'reg_l1': 0.6193059226696587, 'reg_l2': 0.6325590172516031, 'learning_rate': 0.005, 'dropout': 0.3001773174099162, 'batch_size': 160, 'encoder_layer0_unit': 192, 'encoder_layer1_unit': 352, 'encoder_layer2_unit': 480, 'encoder_layer3_unit': 320, 'encoder_z_mean_layer0_unit': 32, 'encoder_z_mean_layer1_unit': 32, 'encoder_z_log_var_layer0_unit': 32, 'encoder_z_log_var_layer1_unit': 64, 'decoder_layer0_unit': 320, 'decoder_layer1_unit': 96, 'decoder_layer2_unit': 64, 'decoder_layer3_unit': 256, 'decoder_layer4_unit': 448, 'decoder_layer5_unit': 416}. Best is trial 249 with value: 14.215713620185852.
Trial 351 finished with value: 70.47534847259521 and parameters: {'reg_l1': 0.6493026949509035, 'reg_l2': 0.6442785265644454, 'learning_rate': 0.001, 'dropout': 0.13938649019808497, 'batch_size': 160, 'encoder_layer0_unit': 416, 'encoder_layer1_unit': 448, 'encoder_layer2_unit': 352, 'encoder_layer3_unit': 160, 'encoder_z_mean_layer0_unit': 128, 'encoder_z_mean_layer1_unit': 64, 'encoder_z_log_var_layer0_unit': 96, 'encoder_z_log_var_layer1_unit': 128, 'decoder_layer0_unit': 32, 'decoder_layer1_unit': 192, 'decoder_layer2_unit': 160, 'decoder_layer3_unit': 96, 'decoder_layer4_unit': 352, 'decoder_layer5_unit': 192}. Best is trial 249 with value: 14.215713620185852.
