Trial 240 finished with value: 112.27236366271973 and parameters: {'reg_l1': 0.593485342993436, 'reg_l2': 0.9918102308445461, 'learning_rate': 0.01, 'dropout': 0.49713401423423836, 'batch_size': 256, 'encoder_layer0_unit': 320, 'encoder_layer1_unit': 448, 'encoder_layer2_unit': 256, 'encoder_layer3_unit': 128, 'encoder_z_mean_layer0_unit': 128, 'encoder_z_mean_layer1_unit': 128, 'encoder_z_log_var_layer0_unit': 128, 'encoder_z_log_var_layer1_unit': 128, 'decoder_layer0_unit': 128, 'decoder_layer1_unit': 448, 'decoder_layer2_unit': 160, 'decoder_layer3_unit': 480, 'decoder_layer4_unit': 224, 'decoder_layer5_unit': 416}. Best is trial 190 with value: 14.216514110565186.
Trial 241 finished with value: 70.42202281951904 and parameters: {'reg_l1': 0.13948664302560498, 'reg_l2': 0.34272552317614424, 'learning_rate': 0.005, 'dropout': 0.29403466970710707, 'batch_size': 160, 'encoder_layer0_unit': 352, 'encoder_layer1_unit': 224, 'encoder_layer2_unit': 352, 'encoder_layer3_unit': 192, 'encoder_z_mean_layer0_unit': 64, 'encoder_z_mean_layer1_unit': 128, 'encoder_z_log_var_layer0_unit': 96, 'encoder_z_log_var_layer1_unit': 128, 'decoder_layer0_unit': 64, 'decoder_layer1_unit': 384, 'decoder_layer2_unit': 352, 'decoder_layer3_unit': 448, 'decoder_layer4_unit': 32, 'decoder_layer5_unit': 416}. Best is trial 190 with value: 14.216514110565186.
Trial 242 finished with value: 28.464072465896606 and parameters: {'reg_l1': 0.6305160782943368, 'reg_l2': 0.10066949443289697, 'learning_rate': 0.0001, 'dropout': 0.25875436266269275, 'batch_size': 64, 'encoder_layer0_unit': 256, 'encoder_layer1_unit': 192, 'encoder_layer2_unit': 480, 'encoder_layer3_unit': 192, 'encoder_z_mean_layer0_unit': 128, 'encoder_z_mean_layer1_unit': 96, 'encoder_z_log_var_layer0_unit': 64, 'encoder_z_log_var_layer1_unit': 64, 'decoder_layer0_unit': 352, 'decoder_layer1_unit': 288, 'decoder_layer2_unit': 96, 'decoder_layer3_unit': 160, 'decoder_layer4_unit': 480, 'decoder_layer5_unit': 224}. Best is trial 190 with value: 14.216514110565186.
Trial 243 finished with value: 14.216627478599548 and parameters: {'reg_l1': 0.7632402077244432, 'reg_l2': 0.29618593000700366, 'learning_rate': 0.001, 'dropout': 0.11196612115105364, 'batch_size': 32, 'encoder_layer0_unit': 192, 'encoder_layer1_unit': 448, 'encoder_layer2_unit': 128, 'encoder_layer3_unit': 224, 'encoder_z_mean_layer0_unit': 96, 'encoder_z_mean_layer1_unit': 32, 'encoder_z_log_var_layer0_unit': 128, 'encoder_z_log_var_layer1_unit': 128, 'decoder_layer0_unit': 64, 'decoder_layer1_unit': 352, 'decoder_layer2_unit': 352, 'decoder_layer3_unit': 448, 'decoder_layer4_unit': 448, 'decoder_layer5_unit': 224}. Best is trial 190 with value: 14.216514110565186.
Trial 244 finished with value: 112.86776542663574 and parameters: {'reg_l1': 0.2948341563682072, 'reg_l2': 0.9217719713789523, 'learning_rate': 0.0001, 'dropout': 0.4309602560367969, 'batch_size': 256, 'encoder_layer0_unit': 384, 'encoder_layer1_unit': 160, 'encoder_layer2_unit': 448, 'encoder_layer3_unit': 256, 'encoder_z_mean_layer0_unit': 96, 'encoder_z_mean_layer1_unit': 96, 'encoder_z_log_var_layer0_unit': 96, 'encoder_z_log_var_layer1_unit': 64, 'decoder_layer0_unit': 128, 'decoder_layer1_unit': 384, 'decoder_layer2_unit': 288, 'decoder_layer3_unit': 128, 'decoder_layer4_unit': 480, 'decoder_layer5_unit': 480}. Best is trial 190 with value: 14.216514110565186.
Trial 245 finished with value: 70.70702362060547 and parameters: {'reg_l1': 0.7515027570142886, 'reg_l2': 0.4499023240862112, 'learning_rate': 0.005, 'dropout': 0.07349930263608029, 'batch_size': 160, 'encoder_layer0_unit': 448, 'encoder_layer1_unit': 256, 'encoder_layer2_unit': 320, 'encoder_layer3_unit': 448, 'encoder_z_mean_layer0_unit': 32, 'encoder_z_mean_layer1_unit': 32, 'encoder_z_log_var_layer0_unit': 128, 'encoder_z_log_var_layer1_unit': 128, 'decoder_layer0_unit': 480, 'decoder_layer1_unit': 384, 'decoder_layer2_unit': 320, 'decoder_layer3_unit': 96, 'decoder_layer4_unit': 128, 'decoder_layer5_unit': 160}. Best is trial 190 with value: 14.216514110565186.
Trial 246 finished with value: 56.40350151062012 and parameters: {'reg_l1': 0.6871812124639034, 'reg_l2': 0.12384976023850525, 'learning_rate': 0.005, 'dropout': 0.3700740013665105, 'batch_size': 128, 'encoder_layer0_unit': 224, 'encoder_layer1_unit': 224, 'encoder_layer2_unit': 480, 'encoder_layer3_unit': 320, 'encoder_z_mean_layer0_unit': 96, 'encoder_z_mean_layer1_unit': 128, 'encoder_z_log_var_layer0_unit': 128, 'encoder_z_log_var_layer1_unit': 128, 'decoder_layer0_unit': 128, 'decoder_layer1_unit': 256, 'decoder_layer2_unit': 32, 'decoder_layer3_unit': 32, 'decoder_layer4_unit': 224, 'decoder_layer5_unit': 288}. Best is trial 190 with value: 14.216514110565186.
Trial 247 finished with value: 28.419000387191772 and parameters: {'reg_l1': 0.5836697447075317, 'reg_l2': 0.04174833463809846, 'learning_rate': 0.0001, 'dropout': 0.1343476904567797, 'batch_size': 64, 'encoder_layer0_unit': 480, 'encoder_layer1_unit': 416, 'encoder_layer2_unit': 448, 'encoder_layer3_unit': 224, 'encoder_z_mean_layer0_unit': 32, 'encoder_z_mean_layer1_unit': 32, 'encoder_z_log_var_layer0_unit': 32, 'encoder_z_log_var_layer1_unit': 96, 'decoder_layer0_unit': 416, 'decoder_layer1_unit': 160, 'decoder_layer2_unit': 96, 'decoder_layer3_unit': 64, 'decoder_layer4_unit': 32, 'decoder_layer5_unit': 480}. Best is trial 190 with value: 14.216514110565186.
Trial 248 finished with value: 112.92218780517578 and parameters: {'reg_l1': 0.685319486959348, 'reg_l2': 0.525713562843979, 'learning_rate': 0.0001, 'dropout': 0.3911288440312609, 'batch_size': 256, 'encoder_layer0_unit': 384, 'encoder_layer1_unit': 192, 'encoder_layer2_unit': 480, 'encoder_layer3_unit': 416, 'encoder_z_mean_layer0_unit': 96, 'encoder_z_mean_layer1_unit': 96, 'encoder_z_log_var_layer0_unit': 64, 'encoder_z_log_var_layer1_unit': 96, 'decoder_layer0_unit': 192, 'decoder_layer1_unit': 320, 'decoder_layer2_unit': 256, 'decoder_layer3_unit': 96, 'decoder_layer4_unit': 192, 'decoder_layer5_unit': 96}. Best is trial 190 with value: 14.216514110565186.
Trial 249 finished with value: 14.215713620185852 and parameters: {'reg_l1': 0.9938682064378883, 'reg_l2': 0.801718421067813, 'learning_rate': 0.0005, 'dropout': 0.24107386325108443, 'batch_size': 32, 'encoder_layer0_unit': 480, 'encoder_layer1_unit': 128, 'encoder_layer2_unit': 320, 'encoder_layer3_unit': 288, 'encoder_z_mean_layer0_unit': 64, 'encoder_z_mean_layer1_unit': 64, 'encoder_z_log_var_layer0_unit': 32, 'encoder_z_log_var_layer1_unit': 32, 'decoder_layer0_unit': 288, 'decoder_layer1_unit': 32, 'decoder_layer2_unit': 480, 'decoder_layer3_unit': 96, 'decoder_layer4_unit': 96, 'decoder_layer5_unit': 352}. Best is trial 249 with value: 14.215713620185852.
Trial 250 finished with value: 98.54732131958008 and parameters: {'reg_l1': 0.20682353125197117, 'reg_l2': 0.2884746698559376, 'learning_rate': 0.005, 'dropout': 0.4223654592409873, 'batch_size': 224, 'encoder_layer0_unit': 192, 'encoder_layer1_unit': 448, 'encoder_layer2_unit': 384, 'encoder_layer3_unit': 192, 'encoder_z_mean_layer0_unit': 64, 'encoder_z_mean_layer1_unit': 64, 'encoder_z_log_var_layer0_unit': 64, 'encoder_z_log_var_layer1_unit': 128, 'decoder_layer0_unit': 352, 'decoder_layer1_unit': 192, 'decoder_layer2_unit': 64, 'decoder_layer3_unit': 128, 'decoder_layer4_unit': 128, 'decoder_layer5_unit': 224}. Best is trial 249 with value: 14.215713620185852.
Trial 251 finished with value: 98.85940074920654 and parameters: {'reg_l1': 0.24014328460001166, 'reg_l2': 0.6073823674506857, 'learning_rate': 0.0001, 'dropout': 0.4160230006493786, 'batch_size': 224, 'encoder_layer0_unit': 416, 'encoder_layer1_unit': 288, 'encoder_layer2_unit': 192, 'encoder_layer3_unit': 288, 'encoder_z_mean_layer0_unit': 128, 'encoder_z_mean_layer1_unit': 64, 'encoder_z_log_var_layer0_unit': 128, 'encoder_z_log_var_layer1_unit': 96, 'decoder_layer0_unit': 160, 'decoder_layer1_unit': 64, 'decoder_layer2_unit': 480, 'decoder_layer3_unit': 224, 'decoder_layer4_unit': 192, 'decoder_layer5_unit': 352}. Best is trial 249 with value: 14.215713620185852.
Trial 252 finished with value: 113.74098777770996 and parameters: {'reg_l1': 0.5073197976426399, 'reg_l2': 0.0015530575555703363, 'learning_rate': 0.01, 'dropout': 0.06205911073558401, 'batch_size': 256, 'encoder_layer0_unit': 416, 'encoder_layer1_unit': 384, 'encoder_layer2_unit': 128, 'encoder_layer3_unit': 224, 'encoder_z_mean_layer0_unit': 64, 'encoder_z_mean_layer1_unit': 32, 'encoder_z_log_var_layer0_unit': 128, 'encoder_z_log_var_layer1_unit': 32, 'decoder_layer0_unit': 320, 'decoder_layer1_unit': 384, 'decoder_layer2_unit': 96, 'decoder_layer3_unit': 352, 'decoder_layer4_unit': 160, 'decoder_layer5_unit': 320}. Best is trial 249 with value: 14.215713620185852.
Trial 253 finished with value: 28.433289051055908 and parameters: {'reg_l1': 0.7341807064877771, 'reg_l2': 0.6517234628730025, 'learning_rate': 0.0001, 'dropout': 0.2576306200340809, 'batch_size': 64, 'encoder_layer0_unit': 320, 'encoder_layer1_unit': 160, 'encoder_layer2_unit': 224, 'encoder_layer3_unit': 480, 'encoder_z_mean_layer0_unit': 96, 'encoder_z_mean_layer1_unit': 64, 'encoder_z_log_var_layer0_unit': 32, 'encoder_z_log_var_layer1_unit': 96, 'decoder_layer0_unit': 64, 'decoder_layer1_unit': 416, 'decoder_layer2_unit': 352, 'decoder_layer3_unit': 320, 'decoder_layer4_unit': 192, 'decoder_layer5_unit': 128}. Best is trial 249 with value: 14.215713620185852.
Trial 254 finished with value: 14.221653461456299 and parameters: {'reg_l1': 0.05555658809023434, 'reg_l2': 0.35665658532493827, 'learning_rate': 0.005, 'dropout': 0.2427746597122752, 'batch_size': 32, 'encoder_layer0_unit': 128, 'encoder_layer1_unit': 224, 'encoder_layer2_unit': 480, 'encoder_layer3_unit': 320, 'encoder_z_mean_layer0_unit': 32, 'encoder_z_mean_layer1_unit': 128, 'encoder_z_log_var_layer0_unit': 128, 'encoder_z_log_var_layer1_unit': 64, 'decoder_layer0_unit': 224, 'decoder_layer1_unit': 288, 'decoder_layer2_unit': 480, 'decoder_layer3_unit': 96, 'decoder_layer4_unit': 416, 'decoder_layer5_unit': 160}. Best is trial 249 with value: 14.215713620185852.
Trial 255 finished with value: 84.50662422180176 and parameters: {'reg_l1': 0.14585022469510323, 'reg_l2': 0.48801315371190535, 'learning_rate': 0.005, 'dropout': 0.2872457423872362, 'batch_size': 192, 'encoder_layer0_unit': 192, 'encoder_layer1_unit': 224, 'encoder_layer2_unit': 224, 'encoder_layer3_unit': 352, 'encoder_z_mean_layer0_unit': 96, 'encoder_z_mean_layer1_unit': 128, 'encoder_z_log_var_layer0_unit': 96, 'encoder_z_log_var_layer1_unit': 96, 'decoder_layer0_unit': 192, 'decoder_layer1_unit': 256, 'decoder_layer2_unit': 224, 'decoder_layer3_unit': 224, 'decoder_layer4_unit': 416, 'decoder_layer5_unit': 416}. Best is trial 249 with value: 14.215713620185852.
Trial 256 finished with value: 14.22079610824585 and parameters: {'reg_l1': 0.960253810930669, 'reg_l2': 0.31339927603911344, 'learning_rate': 0.0005, 'dropout': 0.3665681543604678, 'batch_size': 32, 'encoder_layer0_unit': 416, 'encoder_layer1_unit': 448, 'encoder_layer2_unit': 288, 'encoder_layer3_unit': 480, 'encoder_z_mean_layer0_unit': 32, 'encoder_z_mean_layer1_unit': 64, 'encoder_z_log_var_layer0_unit': 64, 'encoder_z_log_var_layer1_unit': 96, 'decoder_layer0_unit': 96, 'decoder_layer1_unit': 288, 'decoder_layer2_unit': 320, 'decoder_layer3_unit': 352, 'decoder_layer4_unit': 320, 'decoder_layer5_unit': 64}. Best is trial 249 with value: 14.215713620185852.
Trial 257 finished with value: 42.51299476623535 and parameters: {'reg_l1': 0.10495368731620269, 'reg_l2': 0.9872623133822185, 'learning_rate': 0.0005, 'dropout': 0.07572905759998338, 'batch_size': 96, 'encoder_layer0_unit': 352, 'encoder_layer1_unit': 192, 'encoder_layer2_unit': 160, 'encoder_layer3_unit': 128, 'encoder_z_mean_layer0_unit': 32, 'encoder_z_mean_layer1_unit': 96, 'encoder_z_log_var_layer0_unit': 96, 'encoder_z_log_var_layer1_unit': 32, 'decoder_layer0_unit': 128, 'decoder_layer1_unit': 96, 'decoder_layer2_unit': 224, 'decoder_layer3_unit': 416, 'decoder_layer4_unit': 320, 'decoder_layer5_unit': 64}. Best is trial 249 with value: 14.215713620185852.
Trial 258 finished with value: 99.5322494506836 and parameters: {'reg_l1': 0.07326126099923724, 'reg_l2': 0.31845385876669197, 'learning_rate': 0.005, 'dropout': 0.26790686367577476, 'batch_size': 224, 'encoder_layer0_unit': 352, 'encoder_layer1_unit': 416, 'encoder_layer2_unit': 128, 'encoder_layer3_unit': 416, 'encoder_z_mean_layer0_unit': 32, 'encoder_z_mean_layer1_unit': 96, 'encoder_z_log_var_layer0_unit': 96, 'encoder_z_log_var_layer1_unit': 32, 'decoder_layer0_unit': 256, 'decoder_layer1_unit': 256, 'decoder_layer2_unit': 352, 'decoder_layer3_unit': 96, 'decoder_layer4_unit': 480, 'decoder_layer5_unit': 352}. Best is trial 249 with value: 14.215713620185852.
Trial 259 finished with value: 112.4772253036499 and parameters: {'reg_l1': 0.7338738091556315, 'reg_l2': 0.9902491543701951, 'learning_rate': 0.001, 'dropout': 0.20366131552938765, 'batch_size': 256, 'encoder_layer0_unit': 352, 'encoder_layer1_unit': 384, 'encoder_layer2_unit': 224, 'encoder_layer3_unit': 352, 'encoder_z_mean_layer0_unit': 64, 'encoder_z_mean_layer1_unit': 128, 'encoder_z_log_var_layer0_unit': 128, 'encoder_z_log_var_layer1_unit': 128, 'decoder_layer0_unit': 192, 'decoder_layer1_unit': 192, 'decoder_layer2_unit': 448, 'decoder_layer3_unit': 384, 'decoder_layer4_unit': 480, 'decoder_layer5_unit': 416}. Best is trial 249 with value: 14.215713620185852.
Trial 260 finished with value: 56.68291091918945 and parameters: {'reg_l1': 0.8980592303048693, 'reg_l2': 0.6601020807057485, 'learning_rate': 0.0001, 'dropout': 0.4344675348670865, 'batch_size': 128, 'encoder_layer0_unit': 224, 'encoder_layer1_unit': 352, 'encoder_layer2_unit': 320, 'encoder_layer3_unit': 480, 'encoder_z_mean_layer0_unit': 96, 'encoder_z_mean_layer1_unit': 128, 'encoder_z_log_var_layer0_unit': 64, 'encoder_z_log_var_layer1_unit': 96, 'decoder_layer0_unit': 416, 'decoder_layer1_unit': 160, 'decoder_layer2_unit': 32, 'decoder_layer3_unit': 64, 'decoder_layer4_unit': 96, 'decoder_layer5_unit': 160}. Best is trial 249 with value: 14.215713620185852.
Trial 261 finished with value: 42.655856132507324 and parameters: {'reg_l1': 0.778925257517604, 'reg_l2': 0.9111996679402993, 'learning_rate': 0.0001, 'dropout': 0.286116435528509, 'batch_size': 96, 'encoder_layer0_unit': 288, 'encoder_layer1_unit': 288, 'encoder_layer2_unit': 288, 'encoder_layer3_unit': 384, 'encoder_z_mean_layer0_unit': 64, 'encoder_z_mean_layer1_unit': 128, 'encoder_z_log_var_layer0_unit': 96, 'encoder_z_log_var_layer1_unit': 32, 'decoder_layer0_unit': 96, 'decoder_layer1_unit': 384, 'decoder_layer2_unit': 352, 'decoder_layer3_unit': 416, 'decoder_layer4_unit': 128, 'decoder_layer5_unit': 288}. Best is trial 249 with value: 14.215713620185852.
Trial 262 finished with value: 70.84927272796631 and parameters: {'reg_l1': 0.5223995682052291, 'reg_l2': 0.8234490816832308, 'learning_rate': 0.0001, 'dropout': 0.332410377000494, 'batch_size': 160, 'encoder_layer0_unit': 416, 'encoder_layer1_unit': 160, 'encoder_layer2_unit': 256, 'encoder_layer3_unit': 352, 'encoder_z_mean_layer0_unit': 32, 'encoder_z_mean_layer1_unit': 96, 'encoder_z_log_var_layer0_unit': 64, 'encoder_z_log_var_layer1_unit': 128, 'decoder_layer0_unit': 32, 'decoder_layer1_unit': 96, 'decoder_layer2_unit': 416, 'decoder_layer3_unit': 96, 'decoder_layer4_unit': 128, 'decoder_layer5_unit': 224}. Best is trial 249 with value: 14.215713620185852.
Trial 263 finished with value: 42.60068893432617 and parameters: {'reg_l1': 0.6211409477211383, 'reg_l2': 0.6393215345473485, 'learning_rate': 0.0005, 'dropout': 0.20549048474893805, 'batch_size': 96, 'encoder_layer0_unit': 352, 'encoder_layer1_unit': 192, 'encoder_layer2_unit': 224, 'encoder_layer3_unit': 352, 'encoder_z_mean_layer0_unit': 96, 'encoder_z_mean_layer1_unit': 32, 'encoder_z_log_var_layer0_unit': 128, 'encoder_z_log_var_layer1_unit': 128, 'decoder_layer0_unit': 96, 'decoder_layer1_unit': 352, 'decoder_layer2_unit': 448, 'decoder_layer3_unit': 480, 'decoder_layer4_unit': 480, 'decoder_layer5_unit': 64}. Best is trial 249 with value: 14.215713620185852.
Trial 264 finished with value: 28.47975182533264 and parameters: {'reg_l1': 0.6523837309115632, 'reg_l2': 0.3241402321391017, 'learning_rate': 0.0001, 'dropout': 0.08262827851094667, 'batch_size': 64, 'encoder_layer0_unit': 192, 'encoder_layer1_unit': 192, 'encoder_layer2_unit': 352, 'encoder_layer3_unit': 224, 'encoder_z_mean_layer0_unit': 96, 'encoder_z_mean_layer1_unit': 32, 'encoder_z_log_var_layer0_unit': 96, 'encoder_z_log_var_layer1_unit': 32, 'decoder_layer0_unit': 32, 'decoder_layer1_unit': 96, 'decoder_layer2_unit': 64, 'decoder_layer3_unit': 64, 'decoder_layer4_unit': 32, 'decoder_layer5_unit': 288}. Best is trial 249 with value: 14.215713620185852.
Trial 265 finished with value: 28.465275287628174 and parameters: {'reg_l1': 0.20985553375402288, 'reg_l2': 0.8073336597531338, 'learning_rate': 0.0005, 'dropout': 0.0851103592149896, 'batch_size': 64, 'encoder_layer0_unit': 256, 'encoder_layer1_unit': 384, 'encoder_layer2_unit': 384, 'encoder_layer3_unit': 256, 'encoder_z_mean_layer0_unit': 128, 'encoder_z_mean_layer1_unit': 128, 'encoder_z_log_var_layer0_unit': 128, 'encoder_z_log_var_layer1_unit': 128, 'decoder_layer0_unit': 480, 'decoder_layer1_unit': 352, 'decoder_layer2_unit': 224, 'decoder_layer3_unit': 480, 'decoder_layer4_unit': 96, 'decoder_layer5_unit': 96}. Best is trial 249 with value: 14.215713620185852.
Trial 266 finished with value: 28.45344853401184 and parameters: {'reg_l1': 0.38957240959734407, 'reg_l2': 0.18424590135583252, 'learning_rate': 0.001, 'dropout': 0.23122671240032305, 'batch_size': 64, 'encoder_layer0_unit': 320, 'encoder_layer1_unit': 448, 'encoder_layer2_unit': 384, 'encoder_layer3_unit': 416, 'encoder_z_mean_layer0_unit': 96, 'encoder_z_mean_layer1_unit': 96, 'encoder_z_log_var_layer0_unit': 128, 'encoder_z_log_var_layer1_unit': 128, 'decoder_layer0_unit': 128, 'decoder_layer1_unit': 480, 'decoder_layer2_unit': 192, 'decoder_layer3_unit': 160, 'decoder_layer4_unit': 96, 'decoder_layer5_unit': 224}. Best is trial 249 with value: 14.215713620185852.
Trial 267 finished with value: 56.55069065093994 and parameters: {'reg_l1': 0.18822044409064687, 'reg_l2': 0.5371310903670248, 'learning_rate': 0.01, 'dropout': 0.30957659872097926, 'batch_size': 128, 'encoder_layer0_unit': 352, 'encoder_layer1_unit': 192, 'encoder_layer2_unit': 448, 'encoder_layer3_unit': 448, 'encoder_z_mean_layer0_unit': 64, 'encoder_z_mean_layer1_unit': 32, 'encoder_z_log_var_layer0_unit': 96, 'encoder_z_log_var_layer1_unit': 64, 'decoder_layer0_unit': 256, 'decoder_layer1_unit': 480, 'decoder_layer2_unit': 288, 'decoder_layer3_unit': 320, 'decoder_layer4_unit': 448, 'decoder_layer5_unit': 192}. Best is trial 249 with value: 14.215713620185852.
Trial 268 finished with value: 42.50770044326782 and parameters: {'reg_l1': 0.5167391776197613, 'reg_l2': 0.23255955237033044, 'learning_rate': 0.005, 'dropout': 0.4673272644356577, 'batch_size': 96, 'encoder_layer0_unit': 128, 'encoder_layer1_unit': 480, 'encoder_layer2_unit': 160, 'encoder_layer3_unit': 480, 'encoder_z_mean_layer0_unit': 64, 'encoder_z_mean_layer1_unit': 128, 'encoder_z_log_var_layer0_unit': 96, 'encoder_z_log_var_layer1_unit': 128, 'decoder_layer0_unit': 288, 'decoder_layer1_unit': 256, 'decoder_layer2_unit': 256, 'decoder_layer3_unit': 224, 'decoder_layer4_unit': 288, 'decoder_layer5_unit': 288}. Best is trial 249 with value: 14.215713620185852.
Trial 269 finished with value: 28.44141960144043 and parameters: {'reg_l1': 0.4215141659606696, 'reg_l2': 0.7228052554175812, 'learning_rate': 0.0001, 'dropout': 0.2962563348812994, 'batch_size': 64, 'encoder_layer0_unit': 416, 'encoder_layer1_unit': 128, 'encoder_layer2_unit': 288, 'encoder_layer3_unit': 320, 'encoder_z_mean_layer0_unit': 32, 'encoder_z_mean_layer1_unit': 64, 'encoder_z_log_var_layer0_unit': 96, 'encoder_z_log_var_layer1_unit': 32, 'decoder_layer0_unit': 256, 'decoder_layer1_unit': 32, 'decoder_layer2_unit': 96, 'decoder_layer3_unit': 448, 'decoder_layer4_unit': 416, 'decoder_layer5_unit': 448}. Best is trial 249 with value: 14.215713620185852.
Trial 270 finished with value: 14.242459177970886 and parameters: {'reg_l1': 0.5445078842566561, 'reg_l2': 0.04937901580746773, 'learning_rate': 0.0001, 'dropout': 0.38078108889730516, 'batch_size': 32, 'encoder_layer0_unit': 288, 'encoder_layer1_unit': 448, 'encoder_layer2_unit': 256, 'encoder_layer3_unit': 288, 'encoder_z_mean_layer0_unit': 64, 'encoder_z_mean_layer1_unit': 128, 'encoder_z_log_var_layer0_unit': 128, 'encoder_z_log_var_layer1_unit': 96, 'decoder_layer0_unit': 416, 'decoder_layer1_unit': 256, 'decoder_layer2_unit': 384, 'decoder_layer3_unit': 192, 'decoder_layer4_unit': 352, 'decoder_layer5_unit': 64}. Best is trial 249 with value: 14.215713620185852.
Trial 271 finished with value: 56.56414842605591 and parameters: {'reg_l1': 0.2906740146661527, 'reg_l2': 0.5422985345612973, 'learning_rate': 0.005, 'dropout': 0.3713025615294637, 'batch_size': 128, 'encoder_layer0_unit': 320, 'encoder_layer1_unit': 288, 'encoder_layer2_unit': 288, 'encoder_layer3_unit': 256, 'encoder_z_mean_layer0_unit': 96, 'encoder_z_mean_layer1_unit': 32, 'encoder_z_log_var_layer0_unit': 96, 'encoder_z_log_var_layer1_unit': 96, 'decoder_layer0_unit': 64, 'decoder_layer1_unit': 32, 'decoder_layer2_unit': 352, 'decoder_layer3_unit': 224, 'decoder_layer4_unit': 192, 'decoder_layer5_unit': 480}. Best is trial 249 with value: 14.215713620185852.
