Trial 64 finished with value: 42.57280206680298 and parameters: {'reg_l1': 0.38500047625978506, 'reg_l2': 0.413642576248619, 'learning_rate': 0.0005, 'dropout': 0.02000255164724446, 'batch_size': 96, 'encoder_layer0_unit': 480, 'encoder_layer1_unit': 416, 'encoder_layer2_unit': 352, 'encoder_layer3_unit': 416, 'encoder_z_mean_layer0_unit': 32, 'encoder_z_mean_layer1_unit': 32, 'encoder_z_log_var_layer0_unit': 128, 'encoder_z_log_var_layer1_unit': 64, 'decoder_layer0_unit': 448, 'decoder_layer1_unit': 448, 'decoder_layer2_unit': 352, 'decoder_layer3_unit': 448, 'decoder_layer4_unit': 256, 'decoder_layer5_unit': 32}. Best is trial 45 with value: 14.216556549072266.
Trial 65 finished with value: 28.43762493133545 and parameters: {'reg_l1': 0.22639488359875592, 'reg_l2': 0.9151657640080991, 'learning_rate': 0.001, 'dropout': 0.12316532635913935, 'batch_size': 64, 'encoder_layer0_unit': 352, 'encoder_layer1_unit': 384, 'encoder_layer2_unit': 320, 'encoder_layer3_unit': 160, 'encoder_z_mean_layer0_unit': 32, 'encoder_z_mean_layer1_unit': 96, 'encoder_z_log_var_layer0_unit': 64, 'encoder_z_log_var_layer1_unit': 128, 'decoder_layer0_unit': 224, 'decoder_layer1_unit': 64, 'decoder_layer2_unit': 480, 'decoder_layer3_unit': 96, 'decoder_layer4_unit': 352, 'decoder_layer5_unit': 192}. Best is trial 45 with value: 14.216556549072266.
Trial 66 finished with value: 112.315016746521 and parameters: {'reg_l1': 0.3481448704600242, 'reg_l2': 0.5766797278438368, 'learning_rate': 0.005, 'dropout': 0.027302958059164883, 'batch_size': 256, 'encoder_layer0_unit': 256, 'encoder_layer1_unit': 352, 'encoder_layer2_unit': 480, 'encoder_layer3_unit': 288, 'encoder_z_mean_layer0_unit': 128, 'encoder_z_mean_layer1_unit': 128, 'encoder_z_log_var_layer0_unit': 32, 'encoder_z_log_var_layer1_unit': 96, 'decoder_layer0_unit': 32, 'decoder_layer1_unit': 64, 'decoder_layer2_unit': 352, 'decoder_layer3_unit': 160, 'decoder_layer4_unit': 224, 'decoder_layer5_unit': 256}. Best is trial 45 with value: 14.216556549072266.
Trial 67 finished with value: 71.07830142974854 and parameters: {'reg_l1': 0.5559275978710292, 'reg_l2': 0.9616900696005791, 'learning_rate': 0.01, 'dropout': 0.33464594919602686, 'batch_size': 160, 'encoder_layer0_unit': 256, 'encoder_layer1_unit': 224, 'encoder_layer2_unit': 352, 'encoder_layer3_unit': 320, 'encoder_z_mean_layer0_unit': 96, 'encoder_z_mean_layer1_unit': 32, 'encoder_z_log_var_layer0_unit': 64, 'encoder_z_log_var_layer1_unit': 128, 'decoder_layer0_unit': 64, 'decoder_layer1_unit': 352, 'decoder_layer2_unit': 480, 'decoder_layer3_unit': 288, 'decoder_layer4_unit': 480, 'decoder_layer5_unit': 192}. Best is trial 45 with value: 14.216556549072266.
Trial 68 finished with value: 56.65779256820679 and parameters: {'reg_l1': 0.5990240181060167, 'reg_l2': 0.06352268026409102, 'learning_rate': 0.0001, 'dropout': 0.34031700143923754, 'batch_size': 128, 'encoder_layer0_unit': 448, 'encoder_layer1_unit': 320, 'encoder_layer2_unit': 160, 'encoder_layer3_unit': 352, 'encoder_z_mean_layer0_unit': 64, 'encoder_z_mean_layer1_unit': 96, 'encoder_z_log_var_layer0_unit': 128, 'encoder_z_log_var_layer1_unit': 96, 'decoder_layer0_unit': 288, 'decoder_layer1_unit': 416, 'decoder_layer2_unit': 96, 'decoder_layer3_unit': 32, 'decoder_layer4_unit': 416, 'decoder_layer5_unit': 352}. Best is trial 45 with value: 14.216556549072266.
Trial 69 finished with value: 70.72136306762695 and parameters: {'reg_l1': 0.804392267944789, 'reg_l2': 0.10618513402355179, 'learning_rate': 0.0005, 'dropout': 0.3481521514036939, 'batch_size': 160, 'encoder_layer0_unit': 224, 'encoder_layer1_unit': 352, 'encoder_layer2_unit': 352, 'encoder_layer3_unit': 128, 'encoder_z_mean_layer0_unit': 32, 'encoder_z_mean_layer1_unit': 32, 'encoder_z_log_var_layer0_unit': 96, 'encoder_z_log_var_layer1_unit': 32, 'decoder_layer0_unit': 384, 'decoder_layer1_unit': 32, 'decoder_layer2_unit': 192, 'decoder_layer3_unit': 224, 'decoder_layer4_unit': 416, 'decoder_layer5_unit': 128}. Best is trial 45 with value: 14.216556549072266.
Trial 70 finished with value: 42.560465812683105 and parameters: {'reg_l1': 0.023746579373713383, 'reg_l2': 0.3475245855419641, 'learning_rate': 0.0001, 'dropout': 0.46234549229444316, 'batch_size': 96, 'encoder_layer0_unit': 352, 'encoder_layer1_unit': 448, 'encoder_layer2_unit': 160, 'encoder_layer3_unit': 352, 'encoder_z_mean_layer0_unit': 32, 'encoder_z_mean_layer1_unit': 64, 'encoder_z_log_var_layer0_unit': 96, 'encoder_z_log_var_layer1_unit': 32, 'decoder_layer0_unit': 320, 'decoder_layer1_unit': 160, 'decoder_layer2_unit': 320, 'decoder_layer3_unit': 160, 'decoder_layer4_unit': 384, 'decoder_layer5_unit': 320}. Best is trial 45 with value: 14.216556549072266.
Trial 71 finished with value: 112.41875076293945 and parameters: {'reg_l1': 0.9010370305055527, 'reg_l2': 0.6215944328951499, 'learning_rate': 0.001, 'dropout': 0.4391443289461647, 'batch_size': 256, 'encoder_layer0_unit': 128, 'encoder_layer1_unit': 448, 'encoder_layer2_unit': 288, 'encoder_layer3_unit': 256, 'encoder_z_mean_layer0_unit': 128, 'encoder_z_mean_layer1_unit': 128, 'encoder_z_log_var_layer0_unit': 64, 'encoder_z_log_var_layer1_unit': 32, 'decoder_layer0_unit': 480, 'decoder_layer1_unit': 192, 'decoder_layer2_unit': 160, 'decoder_layer3_unit': 416, 'decoder_layer4_unit': 192, 'decoder_layer5_unit': 448}. Best is trial 45 with value: 14.216556549072266.
Trial 72 finished with value: 98.90760898590088 and parameters: {'reg_l1': 0.23545721838807743, 'reg_l2': 0.3342081986705068, 'learning_rate': 0.0001, 'dropout': 0.47484861004722023, 'batch_size': 224, 'encoder_layer0_unit': 480, 'encoder_layer1_unit': 384, 'encoder_layer2_unit': 320, 'encoder_layer3_unit': 448, 'encoder_z_mean_layer0_unit': 128, 'encoder_z_mean_layer1_unit': 64, 'encoder_z_log_var_layer0_unit': 32, 'encoder_z_log_var_layer1_unit': 64, 'decoder_layer0_unit': 320, 'decoder_layer1_unit': 256, 'decoder_layer2_unit': 96, 'decoder_layer3_unit': 64, 'decoder_layer4_unit': 32, 'decoder_layer5_unit': 224}. Best is trial 45 with value: 14.216556549072266.
Trial 73 finished with value: 112.86485290527344 and parameters: {'reg_l1': 0.6330732965709752, 'reg_l2': 0.5805984384775755, 'learning_rate': 0.01, 'dropout': 0.3046889540649729, 'batch_size': 256, 'encoder_layer0_unit': 384, 'encoder_layer1_unit': 160, 'encoder_layer2_unit': 288, 'encoder_layer3_unit': 320, 'encoder_z_mean_layer0_unit': 32, 'encoder_z_mean_layer1_unit': 96, 'encoder_z_log_var_layer0_unit': 96, 'encoder_z_log_var_layer1_unit': 64, 'decoder_layer0_unit': 384, 'decoder_layer1_unit': 224, 'decoder_layer2_unit': 128, 'decoder_layer3_unit': 96, 'decoder_layer4_unit': 160, 'decoder_layer5_unit': 64}. Best is trial 45 with value: 14.216556549072266.
Trial 74 finished with value: 71.09537887573242 and parameters: {'reg_l1': 0.813614950071832, 'reg_l2': 0.022856036129675683, 'learning_rate': 0.005, 'dropout': 0.33086520338282566, 'batch_size': 160, 'encoder_layer0_unit': 416, 'encoder_layer1_unit': 160, 'encoder_layer2_unit': 384, 'encoder_layer3_unit': 256, 'encoder_z_mean_layer0_unit': 96, 'encoder_z_mean_layer1_unit': 128, 'encoder_z_log_var_layer0_unit': 96, 'encoder_z_log_var_layer1_unit': 32, 'decoder_layer0_unit': 192, 'decoder_layer1_unit': 96, 'decoder_layer2_unit': 288, 'decoder_layer3_unit': 256, 'decoder_layer4_unit': 224, 'decoder_layer5_unit': 352}. Best is trial 45 with value: 14.216556549072266.
Trial 75 finished with value: 28.44599485397339 and parameters: {'reg_l1': 0.7336418670700653, 'reg_l2': 0.6317613551233976, 'learning_rate': 0.01, 'dropout': 0.08295012915572686, 'batch_size': 64, 'encoder_layer0_unit': 256, 'encoder_layer1_unit': 352, 'encoder_layer2_unit': 448, 'encoder_layer3_unit': 480, 'encoder_z_mean_layer0_unit': 64, 'encoder_z_mean_layer1_unit': 96, 'encoder_z_log_var_layer0_unit': 128, 'encoder_z_log_var_layer1_unit': 64, 'decoder_layer0_unit': 64, 'decoder_layer1_unit': 416, 'decoder_layer2_unit': 480, 'decoder_layer3_unit': 224, 'decoder_layer4_unit': 96, 'decoder_layer5_unit': 416}. Best is trial 45 with value: 14.216556549072266.
Trial 76 finished with value: 98.92270088195801 and parameters: {'reg_l1': 0.1161915975256208, 'reg_l2': 0.972085847831275, 'learning_rate': 0.005, 'dropout': 0.27932453499797716, 'batch_size': 224, 'encoder_layer0_unit': 384, 'encoder_layer1_unit': 448, 'encoder_layer2_unit': 352, 'encoder_layer3_unit': 160, 'encoder_z_mean_layer0_unit': 32, 'encoder_z_mean_layer1_unit': 96, 'encoder_z_log_var_layer0_unit': 64, 'encoder_z_log_var_layer1_unit': 128, 'decoder_layer0_unit': 160, 'decoder_layer1_unit': 256, 'decoder_layer2_unit': 224, 'decoder_layer3_unit': 448, 'decoder_layer4_unit': 128, 'decoder_layer5_unit': 192}. Best is trial 45 with value: 14.216556549072266.
Trial 77 finished with value: 28.443481922149658 and parameters: {'reg_l1': 0.7640118655216489, 'reg_l2': 0.0959250539347889, 'learning_rate': 0.001, 'dropout': 0.41820873044074613, 'batch_size': 64, 'encoder_layer0_unit': 128, 'encoder_layer1_unit': 256, 'encoder_layer2_unit': 160, 'encoder_layer3_unit': 160, 'encoder_z_mean_layer0_unit': 32, 'encoder_z_mean_layer1_unit': 128, 'encoder_z_log_var_layer0_unit': 128, 'encoder_z_log_var_layer1_unit': 128, 'decoder_layer0_unit': 384, 'decoder_layer1_unit': 480, 'decoder_layer2_unit': 480, 'decoder_layer3_unit': 384, 'decoder_layer4_unit': 256, 'decoder_layer5_unit': 416}. Best is trial 45 with value: 14.216556549072266.
Trial 78 finished with value: 70.69476890563965 and parameters: {'reg_l1': 0.4424235908437394, 'reg_l2': 0.6853218130130722, 'learning_rate': 0.0005, 'dropout': 0.15266210198978547, 'batch_size': 160, 'encoder_layer0_unit': 416, 'encoder_layer1_unit': 256, 'encoder_layer2_unit': 160, 'encoder_layer3_unit': 160, 'encoder_z_mean_layer0_unit': 96, 'encoder_z_mean_layer1_unit': 64, 'encoder_z_log_var_layer0_unit': 64, 'encoder_z_log_var_layer1_unit': 96, 'decoder_layer0_unit': 288, 'decoder_layer1_unit': 224, 'decoder_layer2_unit': 96, 'decoder_layer3_unit': 288, 'decoder_layer4_unit': 256, 'decoder_layer5_unit': 384}. Best is trial 45 with value: 14.216556549072266.
Trial 79 finished with value: 70.71716213226318 and parameters: {'reg_l1': 0.7446240794542075, 'reg_l2': 0.8224609834000741, 'learning_rate': 0.001, 'dropout': 0.378984375532365, 'batch_size': 160, 'encoder_layer0_unit': 352, 'encoder_layer1_unit': 384, 'encoder_layer2_unit': 192, 'encoder_layer3_unit': 160, 'encoder_z_mean_layer0_unit': 64, 'encoder_z_mean_layer1_unit': 64, 'encoder_z_log_var_layer0_unit': 32, 'encoder_z_log_var_layer1_unit': 64, 'decoder_layer0_unit': 480, 'decoder_layer1_unit': 160, 'decoder_layer2_unit': 96, 'decoder_layer3_unit': 224, 'decoder_layer4_unit': 416, 'decoder_layer5_unit': 288}. Best is trial 45 with value: 14.216556549072266.
Trial 80 finished with value: 28.451478958129883 and parameters: {'reg_l1': 0.33896468405672653, 'reg_l2': 0.20739556021358163, 'learning_rate': 0.005, 'dropout': 0.19824048153391427, 'batch_size': 64, 'encoder_layer0_unit': 448, 'encoder_layer1_unit': 288, 'encoder_layer2_unit': 480, 'encoder_layer3_unit': 288, 'encoder_z_mean_layer0_unit': 64, 'encoder_z_mean_layer1_unit': 64, 'encoder_z_log_var_layer0_unit': 32, 'encoder_z_log_var_layer1_unit': 96, 'decoder_layer0_unit': 32, 'decoder_layer1_unit': 128, 'decoder_layer2_unit': 320, 'decoder_layer3_unit': 448, 'decoder_layer4_unit': 64, 'decoder_layer5_unit': 448}. Best is trial 45 with value: 14.216556549072266.
Trial 81 finished with value: 14.237089037895203 and parameters: {'reg_l1': 0.818002956906717, 'reg_l2': 0.9502545908135658, 'learning_rate': 0.0001, 'dropout': 0.06117583995993736, 'batch_size': 32, 'encoder_layer0_unit': 480, 'encoder_layer1_unit': 320, 'encoder_layer2_unit': 416, 'encoder_layer3_unit': 480, 'encoder_z_mean_layer0_unit': 32, 'encoder_z_mean_layer1_unit': 96, 'encoder_z_log_var_layer0_unit': 32, 'encoder_z_log_var_layer1_unit': 64, 'decoder_layer0_unit': 288, 'decoder_layer1_unit': 160, 'decoder_layer2_unit': 224, 'decoder_layer3_unit': 288, 'decoder_layer4_unit': 160, 'decoder_layer5_unit': 192}. Best is trial 45 with value: 14.216556549072266.
Trial 82 finished with value: 112.19865703582764 and parameters: {'reg_l1': 0.4041073364974407, 'reg_l2': 0.4811947721999501, 'learning_rate': 0.01, 'dropout': 0.43635661942329224, 'batch_size': 256, 'encoder_layer0_unit': 352, 'encoder_layer1_unit': 128, 'encoder_layer2_unit': 352, 'encoder_layer3_unit': 128, 'encoder_z_mean_layer0_unit': 96, 'encoder_z_mean_layer1_unit': 128, 'encoder_z_log_var_layer0_unit': 32, 'encoder_z_log_var_layer1_unit': 96, 'decoder_layer0_unit': 256, 'decoder_layer1_unit': 384, 'decoder_layer2_unit': 480, 'decoder_layer3_unit': 160, 'decoder_layer4_unit': 192, 'decoder_layer5_unit': 416}. Best is trial 45 with value: 14.216556549072266.
Trial 83 finished with value: 84.76046466827393 and parameters: {'reg_l1': 0.13234590210884867, 'reg_l2': 0.41957264740235967, 'learning_rate': 0.0005, 'dropout': 0.032007052599933306, 'batch_size': 192, 'encoder_layer0_unit': 320, 'encoder_layer1_unit': 320, 'encoder_layer2_unit': 128, 'encoder_layer3_unit': 480, 'encoder_z_mean_layer0_unit': 64, 'encoder_z_mean_layer1_unit': 64, 'encoder_z_log_var_layer0_unit': 64, 'encoder_z_log_var_layer1_unit': 96, 'decoder_layer0_unit': 320, 'decoder_layer1_unit': 160, 'decoder_layer2_unit': 416, 'decoder_layer3_unit': 288, 'decoder_layer4_unit': 320, 'decoder_layer5_unit': 320}. Best is trial 45 with value: 14.216556549072266.
Trial 84 finished with value: 42.634403228759766 and parameters: {'reg_l1': 0.7567347224960476, 'reg_l2': 0.42235502920088075, 'learning_rate': 0.0001, 'dropout': 0.07956418297440498, 'batch_size': 96, 'encoder_layer0_unit': 288, 'encoder_layer1_unit': 448, 'encoder_layer2_unit': 192, 'encoder_layer3_unit': 448, 'encoder_z_mean_layer0_unit': 32, 'encoder_z_mean_layer1_unit': 32, 'encoder_z_log_var_layer0_unit': 64, 'encoder_z_log_var_layer1_unit': 64, 'decoder_layer0_unit': 320, 'decoder_layer1_unit': 128, 'decoder_layer2_unit': 416, 'decoder_layer3_unit': 160, 'decoder_layer4_unit': 288, 'decoder_layer5_unit': 224}. Best is trial 45 with value: 14.216556549072266.
Trial 85 finished with value: 112.88508033752441 and parameters: {'reg_l1': 0.3760967446438076, 'reg_l2': 0.7955530629289677, 'learning_rate': 0.0005, 'dropout': 0.21631254036409525, 'batch_size': 256, 'encoder_layer0_unit': 160, 'encoder_layer1_unit': 224, 'encoder_layer2_unit': 352, 'encoder_layer3_unit': 480, 'encoder_z_mean_layer0_unit': 128, 'encoder_z_mean_layer1_unit': 128, 'encoder_z_log_var_layer0_unit': 96, 'encoder_z_log_var_layer1_unit': 128, 'decoder_layer0_unit': 320, 'decoder_layer1_unit': 32, 'decoder_layer2_unit': 64, 'decoder_layer3_unit': 448, 'decoder_layer4_unit': 384, 'decoder_layer5_unit': 352}. Best is trial 45 with value: 14.216556549072266.
Trial 86 finished with value: 14.217912912368774 and parameters: {'reg_l1': 0.972616264995853, 'reg_l2': 0.8402501153905182, 'learning_rate': 0.01, 'dropout': 0.4945340570610071, 'batch_size': 32, 'encoder_layer0_unit': 288, 'encoder_layer1_unit': 192, 'encoder_layer2_unit': 160, 'encoder_layer3_unit': 352, 'encoder_z_mean_layer0_unit': 32, 'encoder_z_mean_layer1_unit': 96, 'encoder_z_log_var_layer0_unit': 64, 'encoder_z_log_var_layer1_unit': 64, 'decoder_layer0_unit': 448, 'decoder_layer1_unit': 224, 'decoder_layer2_unit': 384, 'decoder_layer3_unit': 32, 'decoder_layer4_unit': 448, 'decoder_layer5_unit': 160}. Best is trial 45 with value: 14.216556549072266.
Trial 87 finished with value: 14.219359755516052 and parameters: {'reg_l1': 0.7507934095560659, 'reg_l2': 0.9495353192624688, 'learning_rate': 0.01, 'dropout': 0.30436092162195605, 'batch_size': 32, 'encoder_layer0_unit': 128, 'encoder_layer1_unit': 192, 'encoder_layer2_unit': 224, 'encoder_layer3_unit': 480, 'encoder_z_mean_layer0_unit': 128, 'encoder_z_mean_layer1_unit': 32, 'encoder_z_log_var_layer0_unit': 64, 'encoder_z_log_var_layer1_unit': 96, 'decoder_layer0_unit': 384, 'decoder_layer1_unit': 224, 'decoder_layer2_unit': 256, 'decoder_layer3_unit': 192, 'decoder_layer4_unit': 256, 'decoder_layer5_unit': 64}. Best is trial 45 with value: 14.216556549072266.
Trial 88 finished with value: 84.8665246963501 and parameters: {'reg_l1': 0.6532950818472385, 'reg_l2': 0.41463108737102905, 'learning_rate': 0.0005, 'dropout': 0.2695645741256249, 'batch_size': 192, 'encoder_layer0_unit': 160, 'encoder_layer1_unit': 352, 'encoder_layer2_unit': 256, 'encoder_layer3_unit': 128, 'encoder_z_mean_layer0_unit': 64, 'encoder_z_mean_layer1_unit': 32, 'encoder_z_log_var_layer0_unit': 128, 'encoder_z_log_var_layer1_unit': 128, 'decoder_layer0_unit': 384, 'decoder_layer1_unit': 320, 'decoder_layer2_unit': 32, 'decoder_layer3_unit': 64, 'decoder_layer4_unit': 256, 'decoder_layer5_unit': 384}. Best is trial 45 with value: 14.216556549072266.
Trial 89 finished with value: 70.80458164215088 and parameters: {'reg_l1': 0.8405978819337039, 'reg_l2': 0.6510910203581295, 'learning_rate': 0.001, 'dropout': 0.4226649681100132, 'batch_size': 160, 'encoder_layer0_unit': 480, 'encoder_layer1_unit': 416, 'encoder_layer2_unit': 256, 'encoder_layer3_unit': 352, 'encoder_z_mean_layer0_unit': 96, 'encoder_z_mean_layer1_unit': 96, 'encoder_z_log_var_layer0_unit': 96, 'encoder_z_log_var_layer1_unit': 64, 'decoder_layer0_unit': 448, 'decoder_layer1_unit': 416, 'decoder_layer2_unit': 320, 'decoder_layer3_unit': 96, 'decoder_layer4_unit': 480, 'decoder_layer5_unit': 160}. Best is trial 45 with value: 14.216556549072266.
Trial 90 finished with value: 98.72797966003418 and parameters: {'reg_l1': 0.7322565002718501, 'reg_l2': 0.5983697006472932, 'learning_rate': 0.001, 'dropout': 0.20078264179000077, 'batch_size': 224, 'encoder_layer0_unit': 160, 'encoder_layer1_unit': 160, 'encoder_layer2_unit': 128, 'encoder_layer3_unit': 288, 'encoder_z_mean_layer0_unit': 128, 'encoder_z_mean_layer1_unit': 64, 'encoder_z_log_var_layer0_unit': 64, 'encoder_z_log_var_layer1_unit': 32, 'decoder_layer0_unit': 288, 'decoder_layer1_unit': 480, 'decoder_layer2_unit': 416, 'decoder_layer3_unit': 352, 'decoder_layer4_unit': 320, 'decoder_layer5_unit': 384}. Best is trial 45 with value: 14.216556549072266.
Trial 91 finished with value: 112.42406749725342 and parameters: {'reg_l1': 0.7459505991075246, 'reg_l2': 0.5213184337772538, 'learning_rate': 0.001, 'dropout': 0.38156288853585574, 'batch_size': 256, 'encoder_layer0_unit': 320, 'encoder_layer1_unit': 416, 'encoder_layer2_unit': 480, 'encoder_layer3_unit': 224, 'encoder_z_mean_layer0_unit': 96, 'encoder_z_mean_layer1_unit': 128, 'encoder_z_log_var_layer0_unit': 32, 'encoder_z_log_var_layer1_unit': 64, 'decoder_layer0_unit': 32, 'decoder_layer1_unit': 160, 'decoder_layer2_unit': 128, 'decoder_layer3_unit': 224, 'decoder_layer4_unit': 320, 'decoder_layer5_unit': 64}. Best is trial 45 with value: 14.216556549072266.
Trial 92 finished with value: 56.72472810745239 and parameters: {'reg_l1': 0.23295541776824302, 'reg_l2': 0.8454541464201343, 'learning_rate': 0.0005, 'dropout': 0.49947492314438563, 'batch_size': 128, 'encoder_layer0_unit': 448, 'encoder_layer1_unit': 448, 'encoder_layer2_unit': 224, 'encoder_layer3_unit': 416, 'encoder_z_mean_layer0_unit': 96, 'encoder_z_mean_layer1_unit': 32, 'encoder_z_log_var_layer0_unit': 32, 'encoder_z_log_var_layer1_unit': 64, 'decoder_layer0_unit': 352, 'decoder_layer1_unit': 128, 'decoder_layer2_unit': 128, 'decoder_layer3_unit': 224, 'decoder_layer4_unit': 416, 'decoder_layer5_unit': 320}. Best is trial 45 with value: 14.216556549072266.
Trial 93 finished with value: 14.228744745254517 and parameters: {'reg_l1': 0.22772932018055692, 'reg_l2': 0.7825836286530643, 'learning_rate': 0.0001, 'dropout': 0.12118199935389651, 'batch_size': 32, 'encoder_layer0_unit': 224, 'encoder_layer1_unit': 384, 'encoder_layer2_unit': 480, 'encoder_layer3_unit': 416, 'encoder_z_mean_layer0_unit': 64, 'encoder_z_mean_layer1_unit': 96, 'encoder_z_log_var_layer0_unit': 32, 'encoder_z_log_var_layer1_unit': 128, 'decoder_layer0_unit': 448, 'decoder_layer1_unit': 384, 'decoder_layer2_unit': 320, 'decoder_layer3_unit': 416, 'decoder_layer4_unit': 128, 'decoder_layer5_unit': 288}. Best is trial 45 with value: 14.216556549072266.
Trial 94 finished with value: 71.09050559997559 and parameters: {'reg_l1': 0.20229195295256241, 'reg_l2': 0.937574869449889, 'learning_rate': 0.01, 'dropout': 0.19242344813733275, 'batch_size': 160, 'encoder_layer0_unit': 480, 'encoder_layer1_unit': 448, 'encoder_layer2_unit': 288, 'encoder_layer3_unit': 416, 'encoder_z_mean_layer0_unit': 32, 'encoder_z_mean_layer1_unit': 128, 'encoder_z_log_var_layer0_unit': 64, 'encoder_z_log_var_layer1_unit': 96, 'decoder_layer0_unit': 96, 'decoder_layer1_unit': 384, 'decoder_layer2_unit': 192, 'decoder_layer3_unit': 160, 'decoder_layer4_unit': 352, 'decoder_layer5_unit': 224}. Best is trial 45 with value: 14.216556549072266.
Trial 95 finished with value: 98.869553565979 and parameters: {'reg_l1': 0.24880664092647398, 'reg_l2': 0.28502495505961734, 'learning_rate': 0.005, 'dropout': 0.2651312414370423, 'batch_size': 224, 'encoder_layer0_unit': 480, 'encoder_layer1_unit': 384, 'encoder_layer2_unit': 352, 'encoder_layer3_unit': 416, 'encoder_z_mean_layer0_unit': 128, 'encoder_z_mean_layer1_unit': 32, 'encoder_z_log_var_layer0_unit': 64, 'encoder_z_log_var_layer1_unit': 32, 'decoder_layer0_unit': 224, 'decoder_layer1_unit': 480, 'decoder_layer2_unit': 416, 'decoder_layer3_unit': 64, 'decoder_layer4_unit': 288, 'decoder_layer5_unit': 288}. Best is trial 45 with value: 14.216556549072266.
