Trial 320 finished with value: 42.56887245178223 and parameters: {'reg_l1': 0.27589277930440315, 'reg_l2': 0.1166306260364508, 'learning_rate': 0.005, 'dropout': 0.1367094078389573, 'batch_size': 96, 'encoder_layer0_unit': 480, 'encoder_layer1_unit': 384, 'encoder_layer2_unit': 384, 'encoder_layer3_unit': 416, 'encoder_z_mean_layer0_unit': 64, 'encoder_z_mean_layer1_unit': 96, 'encoder_z_log_var_layer0_unit': 64, 'encoder_z_log_var_layer1_unit': 128, 'decoder_layer0_unit': 448, 'decoder_layer1_unit': 256, 'decoder_layer2_unit': 352, 'decoder_layer3_unit': 160, 'decoder_layer4_unit': 448, 'decoder_layer5_unit': 448}. Best is trial 200 with value: 14.215638160705566.
Trial 321 finished with value: 14.221741914749146 and parameters: {'reg_l1': 0.9915759839300489, 'reg_l2': 0.80707743328716, 'learning_rate': 0.005, 'dropout': 0.31161551548488536, 'batch_size': 32, 'encoder_layer0_unit': 256, 'encoder_layer1_unit': 128, 'encoder_layer2_unit': 352, 'encoder_layer3_unit': 448, 'encoder_z_mean_layer0_unit': 32, 'encoder_z_mean_layer1_unit': 32, 'encoder_z_log_var_layer0_unit': 32, 'encoder_z_log_var_layer1_unit': 64, 'decoder_layer0_unit': 352, 'decoder_layer1_unit': 480, 'decoder_layer2_unit': 448, 'decoder_layer3_unit': 256, 'decoder_layer4_unit': 288, 'decoder_layer5_unit': 256}. Best is trial 200 with value: 14.215638160705566.
Trial 322 finished with value: 84.93383026123047 and parameters: {'reg_l1': 0.4065120829177118, 'reg_l2': 0.9645670450677409, 'learning_rate': 0.01, 'dropout': 0.3811367522372457, 'batch_size': 192, 'encoder_layer0_unit': 160, 'encoder_layer1_unit': 448, 'encoder_layer2_unit': 224, 'encoder_layer3_unit': 352, 'encoder_z_mean_layer0_unit': 96, 'encoder_z_mean_layer1_unit': 128, 'encoder_z_log_var_layer0_unit': 64, 'encoder_z_log_var_layer1_unit': 128, 'decoder_layer0_unit': 352, 'decoder_layer1_unit': 384, 'decoder_layer2_unit': 480, 'decoder_layer3_unit': 480, 'decoder_layer4_unit': 480, 'decoder_layer5_unit': 288}. Best is trial 200 with value: 14.215638160705566.
Trial 323 finished with value: 112.88943862915039 and parameters: {'reg_l1': 0.9071117815969585, 'reg_l2': 0.6290336040249788, 'learning_rate': 0.005, 'dropout': 0.3563846904778586, 'batch_size': 256, 'encoder_layer0_unit': 448, 'encoder_layer1_unit': 288, 'encoder_layer2_unit': 160, 'encoder_layer3_unit': 160, 'encoder_z_mean_layer0_unit': 32, 'encoder_z_mean_layer1_unit': 32, 'encoder_z_log_var_layer0_unit': 96, 'encoder_z_log_var_layer1_unit': 96, 'decoder_layer0_unit': 384, 'decoder_layer1_unit': 352, 'decoder_layer2_unit': 480, 'decoder_layer3_unit': 352, 'decoder_layer4_unit': 128, 'decoder_layer5_unit': 160}. Best is trial 200 with value: 14.215638160705566.
Trial 324 finished with value: 112.78422737121582 and parameters: {'reg_l1': 0.20855955366693968, 'reg_l2': 0.07046181800877005, 'learning_rate': 0.0005, 'dropout': 0.49912158374533205, 'batch_size': 256, 'encoder_layer0_unit': 480, 'encoder_layer1_unit': 256, 'encoder_layer2_unit': 416, 'encoder_layer3_unit': 224, 'encoder_z_mean_layer0_unit': 32, 'encoder_z_mean_layer1_unit': 96, 'encoder_z_log_var_layer0_unit': 32, 'encoder_z_log_var_layer1_unit': 64, 'decoder_layer0_unit': 160, 'decoder_layer1_unit': 480, 'decoder_layer2_unit': 32, 'decoder_layer3_unit': 256, 'decoder_layer4_unit': 160, 'decoder_layer5_unit': 192}. Best is trial 200 with value: 14.215638160705566.
Trial 325 finished with value: 56.7048921585083 and parameters: {'reg_l1': 0.7906260248264179, 'reg_l2': 0.6463389346297187, 'learning_rate': 0.0001, 'dropout': 0.02190958770987289, 'batch_size': 128, 'encoder_layer0_unit': 448, 'encoder_layer1_unit': 416, 'encoder_layer2_unit': 128, 'encoder_layer3_unit': 160, 'encoder_z_mean_layer0_unit': 64, 'encoder_z_mean_layer1_unit': 96, 'encoder_z_log_var_layer0_unit': 96, 'encoder_z_log_var_layer1_unit': 32, 'decoder_layer0_unit': 448, 'decoder_layer1_unit': 224, 'decoder_layer2_unit': 384, 'decoder_layer3_unit': 64, 'decoder_layer4_unit': 448, 'decoder_layer5_unit': 256}. Best is trial 200 with value: 14.215638160705566.
Trial 326 finished with value: 42.60863780975342 and parameters: {'reg_l1': 0.403783530044185, 'reg_l2': 0.9603367221834032, 'learning_rate': 0.0005, 'dropout': 0.14839097532825773, 'batch_size': 96, 'encoder_layer0_unit': 288, 'encoder_layer1_unit': 224, 'encoder_layer2_unit': 160, 'encoder_layer3_unit': 256, 'encoder_z_mean_layer0_unit': 64, 'encoder_z_mean_layer1_unit': 64, 'encoder_z_log_var_layer0_unit': 128, 'encoder_z_log_var_layer1_unit': 128, 'decoder_layer0_unit': 448, 'decoder_layer1_unit': 480, 'decoder_layer2_unit': 256, 'decoder_layer3_unit': 320, 'decoder_layer4_unit': 256, 'decoder_layer5_unit': 480}. Best is trial 200 with value: 14.215638160705566.
Trial 327 finished with value: 28.4457688331604 and parameters: {'reg_l1': 0.27649449847945595, 'reg_l2': 0.10949215280828817, 'learning_rate': 0.0005, 'dropout': 0.41167505121515197, 'batch_size': 64, 'encoder_layer0_unit': 352, 'encoder_layer1_unit': 224, 'encoder_layer2_unit': 480, 'encoder_layer3_unit': 288, 'encoder_z_mean_layer0_unit': 128, 'encoder_z_mean_layer1_unit': 96, 'encoder_z_log_var_layer0_unit': 128, 'encoder_z_log_var_layer1_unit': 32, 'decoder_layer0_unit': 64, 'decoder_layer1_unit': 416, 'decoder_layer2_unit': 288, 'decoder_layer3_unit': 480, 'decoder_layer4_unit': 64, 'decoder_layer5_unit': 384}. Best is trial 200 with value: 14.215638160705566.
Trial 328 finished with value: 98.99650478363037 and parameters: {'reg_l1': 0.9024819547740748, 'reg_l2': 0.8113633609079267, 'learning_rate': 0.005, 'dropout': 0.09321853795324048, 'batch_size': 224, 'encoder_layer0_unit': 320, 'encoder_layer1_unit': 480, 'encoder_layer2_unit': 256, 'encoder_layer3_unit': 128, 'encoder_z_mean_layer0_unit': 128, 'encoder_z_mean_layer1_unit': 128, 'encoder_z_log_var_layer0_unit': 64, 'encoder_z_log_var_layer1_unit': 64, 'decoder_layer0_unit': 480, 'decoder_layer1_unit': 224, 'decoder_layer2_unit': 480, 'decoder_layer3_unit': 192, 'decoder_layer4_unit': 480, 'decoder_layer5_unit': 192}. Best is trial 200 with value: 14.215638160705566.
Trial 329 finished with value: 70.78857612609863 and parameters: {'reg_l1': 0.8130162154495103, 'reg_l2': 0.12083747335682193, 'learning_rate': 0.01, 'dropout': 0.3588223884352682, 'batch_size': 160, 'encoder_layer0_unit': 352, 'encoder_layer1_unit': 256, 'encoder_layer2_unit': 416, 'encoder_layer3_unit': 416, 'encoder_z_mean_layer0_unit': 64, 'encoder_z_mean_layer1_unit': 64, 'encoder_z_log_var_layer0_unit': 128, 'encoder_z_log_var_layer1_unit': 64, 'decoder_layer0_unit': 224, 'decoder_layer1_unit': 128, 'decoder_layer2_unit': 448, 'decoder_layer3_unit': 96, 'decoder_layer4_unit': 416, 'decoder_layer5_unit': 352}. Best is trial 200 with value: 14.215638160705566.
Trial 330 finished with value: 70.79081439971924 and parameters: {'reg_l1': 0.22865892828907075, 'reg_l2': 0.26208735544931305, 'learning_rate': 0.0005, 'dropout': 0.30955468360882304, 'batch_size': 160, 'encoder_layer0_unit': 192, 'encoder_layer1_unit': 416, 'encoder_layer2_unit': 192, 'encoder_layer3_unit': 256, 'encoder_z_mean_layer0_unit': 96, 'encoder_z_mean_layer1_unit': 32, 'encoder_z_log_var_layer0_unit': 96, 'encoder_z_log_var_layer1_unit': 128, 'decoder_layer0_unit': 192, 'decoder_layer1_unit': 64, 'decoder_layer2_unit': 416, 'decoder_layer3_unit': 352, 'decoder_layer4_unit': 288, 'decoder_layer5_unit': 192}. Best is trial 200 with value: 14.215638160705566.
Trial 331 finished with value: 28.438546180725098 and parameters: {'reg_l1': 0.46876318789784477, 'reg_l2': 0.534571851170294, 'learning_rate': 0.001, 'dropout': 0.46259049816446457, 'batch_size': 64, 'encoder_layer0_unit': 384, 'encoder_layer1_unit': 384, 'encoder_layer2_unit': 480, 'encoder_layer3_unit': 480, 'encoder_z_mean_layer0_unit': 64, 'encoder_z_mean_layer1_unit': 96, 'encoder_z_log_var_layer0_unit': 32, 'encoder_z_log_var_layer1_unit': 96, 'decoder_layer0_unit': 64, 'decoder_layer1_unit': 480, 'decoder_layer2_unit': 416, 'decoder_layer3_unit': 192, 'decoder_layer4_unit': 32, 'decoder_layer5_unit': 288}. Best is trial 200 with value: 14.215638160705566.
Trial 332 finished with value: 14.220760583877563 and parameters: {'reg_l1': 0.9581159116976669, 'reg_l2': 0.30751280243041934, 'learning_rate': 0.0005, 'dropout': 0.1174202838905935, 'batch_size': 32, 'encoder_layer0_unit': 480, 'encoder_layer1_unit': 480, 'encoder_layer2_unit': 256, 'encoder_layer3_unit': 288, 'encoder_z_mean_layer0_unit': 128, 'encoder_z_mean_layer1_unit': 96, 'encoder_z_log_var_layer0_unit': 128, 'encoder_z_log_var_layer1_unit': 128, 'decoder_layer0_unit': 128, 'decoder_layer1_unit': 416, 'decoder_layer2_unit': 448, 'decoder_layer3_unit': 224, 'decoder_layer4_unit': 352, 'decoder_layer5_unit': 320}. Best is trial 200 with value: 14.215638160705566.
Trial 333 finished with value: 28.485573053359985 and parameters: {'reg_l1': 0.44441221137533204, 'reg_l2': 0.35871536020132266, 'learning_rate': 0.0001, 'dropout': 0.32743032477305056, 'batch_size': 64, 'encoder_layer0_unit': 480, 'encoder_layer1_unit': 192, 'encoder_layer2_unit': 352, 'encoder_layer3_unit': 480, 'encoder_z_mean_layer0_unit': 96, 'encoder_z_mean_layer1_unit': 32, 'encoder_z_log_var_layer0_unit': 128, 'encoder_z_log_var_layer1_unit': 32, 'decoder_layer0_unit': 288, 'decoder_layer1_unit': 32, 'decoder_layer2_unit': 32, 'decoder_layer3_unit': 32, 'decoder_layer4_unit': 352, 'decoder_layer5_unit': 448}. Best is trial 200 with value: 14.215638160705566.
Trial 334 finished with value: 84.29437732696533 and parameters: {'reg_l1': 0.3654784972689954, 'reg_l2': 0.8804664785258082, 'learning_rate': 0.01, 'dropout': 0.44580085706574163, 'batch_size': 192, 'encoder_layer0_unit': 128, 'encoder_layer1_unit': 352, 'encoder_layer2_unit': 352, 'encoder_layer3_unit': 288, 'encoder_z_mean_layer0_unit': 64, 'encoder_z_mean_layer1_unit': 128, 'encoder_z_log_var_layer0_unit': 96, 'encoder_z_log_var_layer1_unit': 96, 'decoder_layer0_unit': 128, 'decoder_layer1_unit': 96, 'decoder_layer2_unit': 352, 'decoder_layer3_unit': 288, 'decoder_layer4_unit': 480, 'decoder_layer5_unit': 160}. Best is trial 200 with value: 14.215638160705566.
Trial 335 finished with value: 42.586756229400635 and parameters: {'reg_l1': 0.07534269724973797, 'reg_l2': 0.03923625875531955, 'learning_rate': 0.005, 'dropout': 0.10436329088489182, 'batch_size': 96, 'encoder_layer0_unit': 448, 'encoder_layer1_unit': 288, 'encoder_layer2_unit': 480, 'encoder_layer3_unit': 320, 'encoder_z_mean_layer0_unit': 128, 'encoder_z_mean_layer1_unit': 64, 'encoder_z_log_var_layer0_unit': 96, 'encoder_z_log_var_layer1_unit': 64, 'decoder_layer0_unit': 448, 'decoder_layer1_unit': 64, 'decoder_layer2_unit': 32, 'decoder_layer3_unit': 288, 'decoder_layer4_unit': 448, 'decoder_layer5_unit': 128}. Best is trial 200 with value: 14.215638160705566.
Trial 336 finished with value: 112.23768615722656 and parameters: {'reg_l1': 0.5218466940028627, 'reg_l2': 0.03464679617443556, 'learning_rate': 0.005, 'dropout': 0.40693470281066346, 'batch_size': 256, 'encoder_layer0_unit': 480, 'encoder_layer1_unit': 352, 'encoder_layer2_unit': 448, 'encoder_layer3_unit': 256, 'encoder_z_mean_layer0_unit': 64, 'encoder_z_mean_layer1_unit': 96, 'encoder_z_log_var_layer0_unit': 96, 'encoder_z_log_var_layer1_unit': 64, 'decoder_layer0_unit': 64, 'decoder_layer1_unit': 64, 'decoder_layer2_unit': 352, 'decoder_layer3_unit': 416, 'decoder_layer4_unit': 64, 'decoder_layer5_unit': 224}. Best is trial 200 with value: 14.215638160705566.
Trial 337 finished with value: 98.90701675415039 and parameters: {'reg_l1': 0.4112132868238756, 'reg_l2': 0.9920311291274873, 'learning_rate': 0.0005, 'dropout': 0.12837744226298548, 'batch_size': 224, 'encoder_layer0_unit': 416, 'encoder_layer1_unit': 192, 'encoder_layer2_unit': 352, 'encoder_layer3_unit': 480, 'encoder_z_mean_layer0_unit': 32, 'encoder_z_mean_layer1_unit': 128, 'encoder_z_log_var_layer0_unit': 64, 'encoder_z_log_var_layer1_unit': 64, 'decoder_layer0_unit': 160, 'decoder_layer1_unit': 256, 'decoder_layer2_unit': 32, 'decoder_layer3_unit': 160, 'decoder_layer4_unit': 320, 'decoder_layer5_unit': 224}. Best is trial 200 with value: 14.215638160705566.
Trial 338 finished with value: 28.466201782226562 and parameters: {'reg_l1': 0.9506510684492129, 'reg_l2': 0.1310605163321854, 'learning_rate': 0.001, 'dropout': 0.2556810949375798, 'batch_size': 64, 'encoder_layer0_unit': 128, 'encoder_layer1_unit': 320, 'encoder_layer2_unit': 160, 'encoder_layer3_unit': 384, 'encoder_z_mean_layer0_unit': 64, 'encoder_z_mean_layer1_unit': 32, 'encoder_z_log_var_layer0_unit': 64, 'encoder_z_log_var_layer1_unit': 64, 'decoder_layer0_unit': 288, 'decoder_layer1_unit': 384, 'decoder_layer2_unit': 64, 'decoder_layer3_unit': 384, 'decoder_layer4_unit': 64, 'decoder_layer5_unit': 64}. Best is trial 200 with value: 14.215638160705566.
Trial 339 finished with value: 14.217916131019592 and parameters: {'reg_l1': 0.9818119740058824, 'reg_l2': 0.3191257014838397, 'learning_rate': 0.001, 'dropout': 0.3209558933614801, 'batch_size': 32, 'encoder_layer0_unit': 192, 'encoder_layer1_unit': 384, 'encoder_layer2_unit': 128, 'encoder_layer3_unit': 416, 'encoder_z_mean_layer0_unit': 128, 'encoder_z_mean_layer1_unit': 96, 'encoder_z_log_var_layer0_unit': 64, 'encoder_z_log_var_layer1_unit': 64, 'decoder_layer0_unit': 288, 'decoder_layer1_unit': 352, 'decoder_layer2_unit': 64, 'decoder_layer3_unit': 320, 'decoder_layer4_unit': 384, 'decoder_layer5_unit': 448}. Best is trial 200 with value: 14.215638160705566.
Trial 340 finished with value: 42.65438461303711 and parameters: {'reg_l1': 0.10016552892510333, 'reg_l2': 0.7373271585835094, 'learning_rate': 0.01, 'dropout': 0.4638053834429417, 'batch_size': 96, 'encoder_layer0_unit': 448, 'encoder_layer1_unit': 256, 'encoder_layer2_unit': 256, 'encoder_layer3_unit': 288, 'encoder_z_mean_layer0_unit': 32, 'encoder_z_mean_layer1_unit': 96, 'encoder_z_log_var_layer0_unit': 96, 'encoder_z_log_var_layer1_unit': 128, 'decoder_layer0_unit': 64, 'decoder_layer1_unit': 384, 'decoder_layer2_unit': 192, 'decoder_layer3_unit': 352, 'decoder_layer4_unit': 352, 'decoder_layer5_unit': 160}. Best is trial 200 with value: 14.215638160705566.
Trial 341 finished with value: 112.88236141204834 and parameters: {'reg_l1': 0.2974849340965152, 'reg_l2': 0.7720567417987974, 'learning_rate': 0.0001, 'dropout': 0.29689073274455824, 'batch_size': 256, 'encoder_layer0_unit': 320, 'encoder_layer1_unit': 288, 'encoder_layer2_unit': 192, 'encoder_layer3_unit': 320, 'encoder_z_mean_layer0_unit': 64, 'encoder_z_mean_layer1_unit': 96, 'encoder_z_log_var_layer0_unit': 96, 'encoder_z_log_var_layer1_unit': 96, 'decoder_layer0_unit': 128, 'decoder_layer1_unit': 224, 'decoder_layer2_unit': 352, 'decoder_layer3_unit': 160, 'decoder_layer4_unit': 128, 'decoder_layer5_unit': 256}. Best is trial 200 with value: 14.215638160705566.
Trial 342 finished with value: 84.87579345703125 and parameters: {'reg_l1': 0.5308021603473562, 'reg_l2': 0.7937482460755202, 'learning_rate': 0.0001, 'dropout': 0.1043663912266069, 'batch_size': 192, 'encoder_layer0_unit': 448, 'encoder_layer1_unit': 256, 'encoder_layer2_unit': 352, 'encoder_layer3_unit': 128, 'encoder_z_mean_layer0_unit': 32, 'encoder_z_mean_layer1_unit': 64, 'encoder_z_log_var_layer0_unit': 64, 'encoder_z_log_var_layer1_unit': 96, 'decoder_layer0_unit': 256, 'decoder_layer1_unit': 288, 'decoder_layer2_unit': 32, 'decoder_layer3_unit': 160, 'decoder_layer4_unit': 320, 'decoder_layer5_unit': 288}. Best is trial 200 with value: 14.215638160705566.
Trial 343 finished with value: 56.5550012588501 and parameters: {'reg_l1': 0.6865257481530186, 'reg_l2': 0.01293106615754247, 'learning_rate': 0.01, 'dropout': 0.01432119984895397, 'batch_size': 128, 'encoder_layer0_unit': 480, 'encoder_layer1_unit': 288, 'encoder_layer2_unit': 352, 'encoder_layer3_unit': 224, 'encoder_z_mean_layer0_unit': 64, 'encoder_z_mean_layer1_unit': 64, 'encoder_z_log_var_layer0_unit': 128, 'encoder_z_log_var_layer1_unit': 96, 'decoder_layer0_unit': 32, 'decoder_layer1_unit': 320, 'decoder_layer2_unit': 480, 'decoder_layer3_unit': 160, 'decoder_layer4_unit': 32, 'decoder_layer5_unit': 224}. Best is trial 200 with value: 14.215638160705566.
Trial 344 finished with value: 112.92539024353027 and parameters: {'reg_l1': 0.7428988879184868, 'reg_l2': 0.8612337702175289, 'learning_rate': 0.0001, 'dropout': 0.13395925102088363, 'batch_size': 256, 'encoder_layer0_unit': 256, 'encoder_layer1_unit': 480, 'encoder_layer2_unit': 288, 'encoder_layer3_unit': 224, 'encoder_z_mean_layer0_unit': 64, 'encoder_z_mean_layer1_unit': 32, 'encoder_z_log_var_layer0_unit': 128, 'encoder_z_log_var_layer1_unit': 64, 'decoder_layer0_unit': 160, 'decoder_layer1_unit': 224, 'decoder_layer2_unit': 256, 'decoder_layer3_unit': 352, 'decoder_layer4_unit': 416, 'decoder_layer5_unit': 64}. Best is trial 200 with value: 14.215638160705566.
Trial 345 finished with value: 42.59522294998169 and parameters: {'reg_l1': 0.5201780336889543, 'reg_l2': 0.3017869658163713, 'learning_rate': 0.005, 'dropout': 0.3995627619896322, 'batch_size': 96, 'encoder_layer0_unit': 448, 'encoder_layer1_unit': 320, 'encoder_layer2_unit': 288, 'encoder_layer3_unit': 288, 'encoder_z_mean_layer0_unit': 32, 'encoder_z_mean_layer1_unit': 64, 'encoder_z_log_var_layer0_unit': 128, 'encoder_z_log_var_layer1_unit': 96, 'decoder_layer0_unit': 352, 'decoder_layer1_unit': 384, 'decoder_layer2_unit': 192, 'decoder_layer3_unit': 352, 'decoder_layer4_unit': 32, 'decoder_layer5_unit': 320}. Best is trial 200 with value: 14.215638160705566.
Trial 346 finished with value: 112.8533821105957 and parameters: {'reg_l1': 0.41961076925239726, 'reg_l2': 0.9359001054585216, 'learning_rate': 0.01, 'dropout': 0.046528565575567615, 'batch_size': 256, 'encoder_layer0_unit': 288, 'encoder_layer1_unit': 160, 'encoder_layer2_unit': 160, 'encoder_layer3_unit': 480, 'encoder_z_mean_layer0_unit': 32, 'encoder_z_mean_layer1_unit': 128, 'encoder_z_log_var_layer0_unit': 32, 'encoder_z_log_var_layer1_unit': 128, 'decoder_layer0_unit': 224, 'decoder_layer1_unit': 384, 'decoder_layer2_unit': 256, 'decoder_layer3_unit': 96, 'decoder_layer4_unit': 256, 'decoder_layer5_unit': 320}. Best is trial 200 with value: 14.215638160705566.
Trial 347 finished with value: 112.81255435943604 and parameters: {'reg_l1': 0.16870459480928446, 'reg_l2': 0.9664709555295585, 'learning_rate': 0.001, 'dropout': 0.4679348632992003, 'batch_size': 256, 'encoder_layer0_unit': 416, 'encoder_layer1_unit': 384, 'encoder_layer2_unit': 384, 'encoder_layer3_unit': 352, 'encoder_z_mean_layer0_unit': 128, 'encoder_z_mean_layer1_unit': 128, 'encoder_z_log_var_layer0_unit': 96, 'encoder_z_log_var_layer1_unit': 128, 'decoder_layer0_unit': 320, 'decoder_layer1_unit': 288, 'decoder_layer2_unit': 160, 'decoder_layer3_unit': 64, 'decoder_layer4_unit': 160, 'decoder_layer5_unit': 224}. Best is trial 200 with value: 14.215638160705566.
Trial 348 finished with value: 28.438143968582153 and parameters: {'reg_l1': 0.2731322650700103, 'reg_l2': 0.33094536059711743, 'learning_rate': 0.005, 'dropout': 0.33724253850855307, 'batch_size': 64, 'encoder_layer0_unit': 448, 'encoder_layer1_unit': 384, 'encoder_layer2_unit': 352, 'encoder_layer3_unit': 160, 'encoder_z_mean_layer0_unit': 32, 'encoder_z_mean_layer1_unit': 64, 'encoder_z_log_var_layer0_unit': 64, 'encoder_z_log_var_layer1_unit': 32, 'decoder_layer0_unit': 288, 'decoder_layer1_unit': 192, 'decoder_layer2_unit': 32, 'decoder_layer3_unit': 384, 'decoder_layer4_unit': 320, 'decoder_layer5_unit': 352}. Best is trial 200 with value: 14.215638160705566.
Trial 349 finished with value: 56.70548677444458 and parameters: {'reg_l1': 0.1760688216466667, 'reg_l2': 0.3216042318008836, 'learning_rate': 0.0005, 'dropout': 0.48614865298806453, 'batch_size': 128, 'encoder_layer0_unit': 288, 'encoder_layer1_unit': 480, 'encoder_layer2_unit': 448, 'encoder_layer3_unit': 320, 'encoder_z_mean_layer0_unit': 32, 'encoder_z_mean_layer1_unit': 64, 'encoder_z_log_var_layer0_unit': 32, 'encoder_z_log_var_layer1_unit': 96, 'decoder_layer0_unit': 96, 'decoder_layer1_unit': 64, 'decoder_layer2_unit': 224, 'decoder_layer3_unit': 480, 'decoder_layer4_unit': 256, 'decoder_layer5_unit': 32}. Best is trial 200 with value: 14.215638160705566.
Trial 350 finished with value: 112.89316844940186 and parameters: {'reg_l1': 0.7251754834285943, 'reg_l2': 0.6214885424237679, 'learning_rate': 0.0005, 'dropout': 0.20572033504581455, 'batch_size': 256, 'encoder_layer0_unit': 416, 'encoder_layer1_unit': 448, 'encoder_layer2_unit': 352, 'encoder_layer3_unit': 160, 'encoder_z_mean_layer0_unit': 32, 'encoder_z_mean_layer1_unit': 64, 'encoder_z_log_var_layer0_unit': 96, 'encoder_z_log_var_layer1_unit': 32, 'decoder_layer0_unit': 320, 'decoder_layer1_unit': 352, 'decoder_layer2_unit': 480, 'decoder_layer3_unit': 288, 'decoder_layer4_unit': 128, 'decoder_layer5_unit': 192}. Best is trial 200 with value: 14.215638160705566.
Trial 351 finished with value: 42.544002532958984 and parameters: {'reg_l1': 0.666013321492742, 'reg_l2': 0.43239797493306453, 'learning_rate': 0.001, 'dropout': 0.4668487260120675, 'batch_size': 96, 'encoder_layer0_unit': 160, 'encoder_layer1_unit': 384, 'encoder_layer2_unit': 352, 'encoder_layer3_unit': 224, 'encoder_z_mean_layer0_unit': 32, 'encoder_z_mean_layer1_unit': 96, 'encoder_z_log_var_layer0_unit': 96, 'encoder_z_log_var_layer1_unit': 64, 'decoder_layer0_unit': 256, 'decoder_layer1_unit': 352, 'decoder_layer2_unit': 160, 'decoder_layer3_unit': 448, 'decoder_layer4_unit': 160, 'decoder_layer5_unit': 320}. Best is trial 200 with value: 14.215638160705566.
