Trial 16 finished with value: 84.75277614593506 and parameters: {'reg_l1': 0.020432084377659532, 'reg_l2': 0.10816151443658928, 'learning_rate': 0.0001, 'dropout': 0.37207803978615006, 'batch_size': 192, 'encoder_layer0_unit': 128, 'encoder_layer1_unit': 288, 'encoder_layer2_unit': 160, 'encoder_layer3_unit': 480, 'encoder_z_mean_layer0_unit': 32, 'encoder_z_mean_layer1_unit': 128, 'encoder_z_log_var_layer0_unit': 128, 'encoder_z_log_var_layer1_unit': 32, 'decoder_layer0_unit': 448, 'decoder_layer1_unit': 384, 'decoder_layer2_unit': 96, 'decoder_layer3_unit': 96, 'decoder_layer4_unit': 448, 'decoder_layer5_unit': 160}. Best is trial 10 with value: 14.218529462814331.
Trial 17 finished with value: 28.452293395996094 and parameters: {'reg_l1': 0.875179914047133, 'reg_l2': 0.16618412522068593, 'learning_rate': 0.001, 'dropout': 0.3222886389964412, 'batch_size': 64, 'encoder_layer0_unit': 416, 'encoder_layer1_unit': 416, 'encoder_layer2_unit': 128, 'encoder_layer3_unit': 224, 'encoder_z_mean_layer0_unit': 128, 'encoder_z_mean_layer1_unit': 64, 'encoder_z_log_var_layer0_unit': 32, 'encoder_z_log_var_layer1_unit': 128, 'decoder_layer0_unit': 32, 'decoder_layer1_unit': 96, 'decoder_layer2_unit': 96, 'decoder_layer3_unit': 448, 'decoder_layer4_unit': 224, 'decoder_layer5_unit': 96}. Best is trial 10 with value: 14.218529462814331.
Trial 18 finished with value: 70.76127815246582 and parameters: {'reg_l1': 0.20125854418594513, 'reg_l2': 0.5067922344732498, 'learning_rate': 0.001, 'dropout': 0.15387733598783304, 'batch_size': 160, 'encoder_layer0_unit': 416, 'encoder_layer1_unit': 480, 'encoder_layer2_unit': 448, 'encoder_layer3_unit': 224, 'encoder_z_mean_layer0_unit': 32, 'encoder_z_mean_layer1_unit': 32, 'encoder_z_log_var_layer0_unit': 64, 'encoder_z_log_var_layer1_unit': 32, 'decoder_layer0_unit': 128, 'decoder_layer1_unit': 416, 'decoder_layer2_unit': 448, 'decoder_layer3_unit': 64, 'decoder_layer4_unit': 384, 'decoder_layer5_unit': 32}. Best is trial 10 with value: 14.218529462814331.
Trial 19 finished with value: 28.436918020248413 and parameters: {'reg_l1': 0.114734549647454, 'reg_l2': 0.36002995194470444, 'learning_rate': 0.01, 'dropout': 0.16983706810249105, 'batch_size': 64, 'encoder_layer0_unit': 128, 'encoder_layer1_unit': 224, 'encoder_layer2_unit': 160, 'encoder_layer3_unit': 480, 'encoder_z_mean_layer0_unit': 32, 'encoder_z_mean_layer1_unit': 64, 'encoder_z_log_var_layer0_unit': 32, 'encoder_z_log_var_layer1_unit': 32, 'decoder_layer0_unit': 384, 'decoder_layer1_unit': 160, 'decoder_layer2_unit': 320, 'decoder_layer3_unit': 96, 'decoder_layer4_unit': 416, 'decoder_layer5_unit': 448}. Best is trial 10 with value: 14.218529462814331.
Trial 20 finished with value: 98.82291316986084 and parameters: {'reg_l1': 0.602182952516445, 'reg_l2': 0.9478188986619035, 'learning_rate': 0.0005, 'dropout': 0.17925385947095746, 'batch_size': 224, 'encoder_layer0_unit': 480, 'encoder_layer1_unit': 352, 'encoder_layer2_unit': 416, 'encoder_layer3_unit': 256, 'encoder_z_mean_layer0_unit': 64, 'encoder_z_mean_layer1_unit': 64, 'encoder_z_log_var_layer0_unit': 96, 'encoder_z_log_var_layer1_unit': 128, 'decoder_layer0_unit': 384, 'decoder_layer1_unit': 320, 'decoder_layer2_unit': 160, 'decoder_layer3_unit': 160, 'decoder_layer4_unit': 384, 'decoder_layer5_unit': 320}. Best is trial 10 with value: 14.218529462814331.
Trial 21 finished with value: 14.225150346755981 and parameters: {'reg_l1': 0.09358549794494109, 'reg_l2': 0.05382430365303614, 'learning_rate': 0.001, 'dropout': 0.3526534748702847, 'batch_size': 32, 'encoder_layer0_unit': 384, 'encoder_layer1_unit': 224, 'encoder_layer2_unit': 448, 'encoder_layer3_unit': 352, 'encoder_z_mean_layer0_unit': 32, 'encoder_z_mean_layer1_unit': 128, 'encoder_z_log_var_layer0_unit': 64, 'encoder_z_log_var_layer1_unit': 64, 'decoder_layer0_unit': 288, 'decoder_layer1_unit': 32, 'decoder_layer2_unit': 192, 'decoder_layer3_unit': 320, 'decoder_layer4_unit': 128, 'decoder_layer5_unit': 192}. Best is trial 10 with value: 14.218529462814331.
Trial 22 finished with value: 112.21454048156738 and parameters: {'reg_l1': 0.10101358719707443, 'reg_l2': 0.138801525404863, 'learning_rate': 0.005, 'dropout': 0.0333520368612189, 'batch_size': 256, 'encoder_layer0_unit': 224, 'encoder_layer1_unit': 416, 'encoder_layer2_unit': 416, 'encoder_layer3_unit': 480, 'encoder_z_mean_layer0_unit': 32, 'encoder_z_mean_layer1_unit': 32, 'encoder_z_log_var_layer0_unit': 64, 'encoder_z_log_var_layer1_unit': 96, 'decoder_layer0_unit': 96, 'decoder_layer1_unit': 64, 'decoder_layer2_unit': 288, 'decoder_layer3_unit': 480, 'decoder_layer4_unit': 224, 'decoder_layer5_unit': 384}. Best is trial 10 with value: 14.218529462814331.
Trial 23 failed with parameters: {'reg_l1': 0.7175220697875214, 'reg_l2': 0.9446603572218414, 'learning_rate': 0.01, 'dropout': 0.2265019301987632, 'batch_size': 32, 'encoder_layer0_unit': 384, 'encoder_layer1_unit': 480, 'encoder_layer2_unit': 224, 'encoder_layer3_unit': 256, 'encoder_z_mean_layer0_unit': 64, 'encoder_z_mean_layer1_unit': 64, 'encoder_z_log_var_layer0_unit': 128, 'encoder_z_log_var_layer1_unit': 64, 'decoder_layer0_unit': 480, 'decoder_layer1_unit': 160, 'decoder_layer2_unit': 32, 'decoder_layer3_unit': 128, 'decoder_layer4_unit': 32, 'decoder_layer5_unit': 416} because of the following error: The value nan is not acceptable..
Trial 23 failed with value nan.
Trial 24 finished with value: 70.69135284423828 and parameters: {'reg_l1': 0.3218651439451926, 'reg_l2': 0.7323348605432234, 'learning_rate': 0.001, 'dropout': 0.38304660200371615, 'batch_size': 160, 'encoder_layer0_unit': 480, 'encoder_layer1_unit': 320, 'encoder_layer2_unit': 480, 'encoder_layer3_unit': 320, 'encoder_z_mean_layer0_unit': 32, 'encoder_z_mean_layer1_unit': 128, 'encoder_z_log_var_layer0_unit': 96, 'encoder_z_log_var_layer1_unit': 32, 'decoder_layer0_unit': 352, 'decoder_layer1_unit': 32, 'decoder_layer2_unit': 96, 'decoder_layer3_unit': 96, 'decoder_layer4_unit': 256, 'decoder_layer5_unit': 448}. Best is trial 10 with value: 14.218529462814331.
Trial 25 finished with value: 98.95166206359863 and parameters: {'reg_l1': 0.7798336902274088, 'reg_l2': 0.6122171646737217, 'learning_rate': 0.0001, 'dropout': 0.15962612782604058, 'batch_size': 224, 'encoder_layer0_unit': 192, 'encoder_layer1_unit': 416, 'encoder_layer2_unit': 352, 'encoder_layer3_unit': 224, 'encoder_z_mean_layer0_unit': 64, 'encoder_z_mean_layer1_unit': 32, 'encoder_z_log_var_layer0_unit': 64, 'encoder_z_log_var_layer1_unit': 64, 'decoder_layer0_unit': 224, 'decoder_layer1_unit': 288, 'decoder_layer2_unit': 256, 'decoder_layer3_unit': 32, 'decoder_layer4_unit': 224, 'decoder_layer5_unit': 480}. Best is trial 10 with value: 14.218529462814331.
Trial 26 finished with value: 56.466493129730225 and parameters: {'reg_l1': 0.36827524625770514, 'reg_l2': 0.4696217829493726, 'learning_rate': 0.005, 'dropout': 0.178210531628769, 'batch_size': 128, 'encoder_layer0_unit': 256, 'encoder_layer1_unit': 480, 'encoder_layer2_unit': 320, 'encoder_layer3_unit': 480, 'encoder_z_mean_layer0_unit': 64, 'encoder_z_mean_layer1_unit': 128, 'encoder_z_log_var_layer0_unit': 128, 'encoder_z_log_var_layer1_unit': 64, 'decoder_layer0_unit': 160, 'decoder_layer1_unit': 480, 'decoder_layer2_unit': 288, 'decoder_layer3_unit': 64, 'decoder_layer4_unit': 192, 'decoder_layer5_unit': 256}. Best is trial 10 with value: 14.218529462814331.
Trial 27 finished with value: 14.221243977546692 and parameters: {'reg_l1': 0.5488372681659957, 'reg_l2': 0.3873251864319258, 'learning_rate': 0.01, 'dropout': 0.2721290947587347, 'batch_size': 32, 'encoder_layer0_unit': 224, 'encoder_layer1_unit': 384, 'encoder_layer2_unit': 352, 'encoder_layer3_unit': 480, 'encoder_z_mean_layer0_unit': 32, 'encoder_z_mean_layer1_unit': 64, 'encoder_z_log_var_layer0_unit': 64, 'encoder_z_log_var_layer1_unit': 32, 'decoder_layer0_unit': 32, 'decoder_layer1_unit': 480, 'decoder_layer2_unit': 96, 'decoder_layer3_unit': 224, 'decoder_layer4_unit': 128, 'decoder_layer5_unit': 256}. Best is trial 10 with value: 14.218529462814331.
Trial 28 finished with value: 28.428991079330444 and parameters: {'reg_l1': 0.7248613551963979, 'reg_l2': 0.3369857586995738, 'learning_rate': 0.0001, 'dropout': 0.20487353181588408, 'batch_size': 64, 'encoder_layer0_unit': 224, 'encoder_layer1_unit': 320, 'encoder_layer2_unit': 224, 'encoder_layer3_unit': 160, 'encoder_z_mean_layer0_unit': 128, 'encoder_z_mean_layer1_unit': 64, 'encoder_z_log_var_layer0_unit': 128, 'encoder_z_log_var_layer1_unit': 128, 'decoder_layer0_unit': 64, 'decoder_layer1_unit': 64, 'decoder_layer2_unit': 64, 'decoder_layer3_unit': 64, 'decoder_layer4_unit': 288, 'decoder_layer5_unit': 256}. Best is trial 10 with value: 14.218529462814331.
Trial 29 finished with value: 98.56408309936523 and parameters: {'reg_l1': 0.11608549135757429, 'reg_l2': 0.6872803389697324, 'learning_rate': 0.001, 'dropout': 0.0371017735421183, 'batch_size': 224, 'encoder_layer0_unit': 288, 'encoder_layer1_unit': 192, 'encoder_layer2_unit': 384, 'encoder_layer3_unit': 288, 'encoder_z_mean_layer0_unit': 128, 'encoder_z_mean_layer1_unit': 96, 'encoder_z_log_var_layer0_unit': 96, 'encoder_z_log_var_layer1_unit': 64, 'decoder_layer0_unit': 160, 'decoder_layer1_unit': 32, 'decoder_layer2_unit': 64, 'decoder_layer3_unit': 96, 'decoder_layer4_unit': 352, 'decoder_layer5_unit': 480}. Best is trial 10 with value: 14.218529462814331.
Trial 30 finished with value: 14.222134590148926 and parameters: {'reg_l1': 0.5639841116433079, 'reg_l2': 0.7028624468238628, 'learning_rate': 0.001, 'dropout': 0.4488775057716317, 'batch_size': 32, 'encoder_layer0_unit': 192, 'encoder_layer1_unit': 256, 'encoder_layer2_unit': 352, 'encoder_layer3_unit': 416, 'encoder_z_mean_layer0_unit': 96, 'encoder_z_mean_layer1_unit': 96, 'encoder_z_log_var_layer0_unit': 64, 'encoder_z_log_var_layer1_unit': 32, 'decoder_layer0_unit': 256, 'decoder_layer1_unit': 32, 'decoder_layer2_unit': 480, 'decoder_layer3_unit': 32, 'decoder_layer4_unit': 384, 'decoder_layer5_unit': 320}. Best is trial 10 with value: 14.218529462814331.
Trial 31 finished with value: 70.80427551269531 and parameters: {'reg_l1': 0.22002047466302577, 'reg_l2': 0.04905336249532799, 'learning_rate': 0.0005, 'dropout': 0.10776152651868431, 'batch_size': 160, 'encoder_layer0_unit': 288, 'encoder_layer1_unit': 160, 'encoder_layer2_unit': 192, 'encoder_layer3_unit': 192, 'encoder_z_mean_layer0_unit': 128, 'encoder_z_mean_layer1_unit': 96, 'encoder_z_log_var_layer0_unit': 32, 'encoder_z_log_var_layer1_unit': 96, 'decoder_layer0_unit': 448, 'decoder_layer1_unit': 32, 'decoder_layer2_unit': 352, 'decoder_layer3_unit': 128, 'decoder_layer4_unit': 32, 'decoder_layer5_unit': 224}. Best is trial 10 with value: 14.218529462814331.
Trial 32 finished with value: 42.658206939697266 and parameters: {'reg_l1': 0.1893356633372375, 'reg_l2': 0.7669758874117834, 'learning_rate': 0.01, 'dropout': 0.31285240229468103, 'batch_size': 96, 'encoder_layer0_unit': 256, 'encoder_layer1_unit': 384, 'encoder_layer2_unit': 384, 'encoder_layer3_unit': 192, 'encoder_z_mean_layer0_unit': 96, 'encoder_z_mean_layer1_unit': 32, 'encoder_z_log_var_layer0_unit': 64, 'encoder_z_log_var_layer1_unit': 32, 'decoder_layer0_unit': 128, 'decoder_layer1_unit': 480, 'decoder_layer2_unit': 288, 'decoder_layer3_unit': 224, 'decoder_layer4_unit': 96, 'decoder_layer5_unit': 224}. Best is trial 10 with value: 14.218529462814331.
Trial 33 finished with value: 99.04954528808594 and parameters: {'reg_l1': 0.5236984981412637, 'reg_l2': 0.664217037038677, 'learning_rate': 0.0005, 'dropout': 0.11144108899469518, 'batch_size': 224, 'encoder_layer0_unit': 224, 'encoder_layer1_unit': 160, 'encoder_layer2_unit': 352, 'encoder_layer3_unit': 384, 'encoder_z_mean_layer0_unit': 32, 'encoder_z_mean_layer1_unit': 128, 'encoder_z_log_var_layer0_unit': 128, 'encoder_z_log_var_layer1_unit': 32, 'decoder_layer0_unit': 320, 'decoder_layer1_unit': 96, 'decoder_layer2_unit': 480, 'decoder_layer3_unit': 480, 'decoder_layer4_unit': 480, 'decoder_layer5_unit': 64}. Best is trial 10 with value: 14.218529462814331.
Trial 34 finished with value: 42.54608964920044 and parameters: {'reg_l1': 0.4638961969920633, 'reg_l2': 0.5444928880240212, 'learning_rate': 0.005, 'dropout': 0.39557344081867474, 'batch_size': 96, 'encoder_layer0_unit': 448, 'encoder_layer1_unit': 480, 'encoder_layer2_unit': 480, 'encoder_layer3_unit': 192, 'encoder_z_mean_layer0_unit': 96, 'encoder_z_mean_layer1_unit': 64, 'encoder_z_log_var_layer0_unit': 64, 'encoder_z_log_var_layer1_unit': 128, 'decoder_layer0_unit': 384, 'decoder_layer1_unit': 64, 'decoder_layer2_unit': 320, 'decoder_layer3_unit': 416, 'decoder_layer4_unit': 32, 'decoder_layer5_unit': 160}. Best is trial 10 with value: 14.218529462814331.
Trial 35 finished with value: 113.75185680389404 and parameters: {'reg_l1': 0.8180837110536495, 'reg_l2': 0.8232878257891749, 'learning_rate': 0.005, 'dropout': 0.4614723371368518, 'batch_size': 256, 'encoder_layer0_unit': 320, 'encoder_layer1_unit': 224, 'encoder_layer2_unit': 352, 'encoder_layer3_unit': 384, 'encoder_z_mean_layer0_unit': 128, 'encoder_z_mean_layer1_unit': 32, 'encoder_z_log_var_layer0_unit': 64, 'encoder_z_log_var_layer1_unit': 96, 'decoder_layer0_unit': 448, 'decoder_layer1_unit': 416, 'decoder_layer2_unit': 32, 'decoder_layer3_unit': 96, 'decoder_layer4_unit': 352, 'decoder_layer5_unit': 480}. Best is trial 10 with value: 14.218529462814331.
Trial 36 finished with value: 84.47199153900146 and parameters: {'reg_l1': 0.767913548271544, 'reg_l2': 0.1787453871686432, 'learning_rate': 0.005, 'dropout': 0.030762939358242536, 'batch_size': 192, 'encoder_layer0_unit': 160, 'encoder_layer1_unit': 384, 'encoder_layer2_unit': 224, 'encoder_layer3_unit': 192, 'encoder_z_mean_layer0_unit': 128, 'encoder_z_mean_layer1_unit': 128, 'encoder_z_log_var_layer0_unit': 96, 'encoder_z_log_var_layer1_unit': 32, 'decoder_layer0_unit': 128, 'decoder_layer1_unit': 352, 'decoder_layer2_unit': 352, 'decoder_layer3_unit': 384, 'decoder_layer4_unit': 352, 'decoder_layer5_unit': 160}. Best is trial 10 with value: 14.218529462814331.
Trial 37 finished with value: 14.220120668411255 and parameters: {'reg_l1': 0.12866769602359673, 'reg_l2': 0.07884752680400442, 'learning_rate': 0.001, 'dropout': 0.27713367478950074, 'batch_size': 32, 'encoder_layer0_unit': 288, 'encoder_layer1_unit': 192, 'encoder_layer2_unit': 416, 'encoder_layer3_unit': 288, 'encoder_z_mean_layer0_unit': 128, 'encoder_z_mean_layer1_unit': 32, 'encoder_z_log_var_layer0_unit': 128, 'encoder_z_log_var_layer1_unit': 64, 'decoder_layer0_unit': 480, 'decoder_layer1_unit': 416, 'decoder_layer2_unit': 128, 'decoder_layer3_unit': 448, 'decoder_layer4_unit': 32, 'decoder_layer5_unit': 160}. Best is trial 10 with value: 14.218529462814331.
Trial 38 finished with value: 28.445148944854736 and parameters: {'reg_l1': 0.0530766697935523, 'reg_l2': 0.9514550516495588, 'learning_rate': 0.005, 'dropout': 0.40183974622877855, 'batch_size': 64, 'encoder_layer0_unit': 384, 'encoder_layer1_unit': 224, 'encoder_layer2_unit': 192, 'encoder_layer3_unit': 256, 'encoder_z_mean_layer0_unit': 64, 'encoder_z_mean_layer1_unit': 32, 'encoder_z_log_var_layer0_unit': 32, 'encoder_z_log_var_layer1_unit': 32, 'decoder_layer0_unit': 448, 'decoder_layer1_unit': 64, 'decoder_layer2_unit': 224, 'decoder_layer3_unit': 96, 'decoder_layer4_unit': 320, 'decoder_layer5_unit': 480}. Best is trial 10 with value: 14.218529462814331.
Trial 39 finished with value: 14.220605969429016 and parameters: {'reg_l1': 0.8487811132287245, 'reg_l2': 0.06364333137587819, 'learning_rate': 0.01, 'dropout': 0.07013961406371289, 'batch_size': 32, 'encoder_layer0_unit': 352, 'encoder_layer1_unit': 128, 'encoder_layer2_unit': 192, 'encoder_layer3_unit': 416, 'encoder_z_mean_layer0_unit': 32, 'encoder_z_mean_layer1_unit': 128, 'encoder_z_log_var_layer0_unit': 128, 'encoder_z_log_var_layer1_unit': 64, 'decoder_layer0_unit': 32, 'decoder_layer1_unit': 480, 'decoder_layer2_unit': 160, 'decoder_layer3_unit': 160, 'decoder_layer4_unit': 96, 'decoder_layer5_unit': 32}. Best is trial 10 with value: 14.218529462814331.
Trial 40 finished with value: 42.52756404876709 and parameters: {'reg_l1': 0.6956216926843706, 'reg_l2': 0.5816249195176418, 'learning_rate': 0.0005, 'dropout': 0.03485866376312674, 'batch_size': 96, 'encoder_layer0_unit': 320, 'encoder_layer1_unit': 160, 'encoder_layer2_unit': 352, 'encoder_layer3_unit': 288, 'encoder_z_mean_layer0_unit': 128, 'encoder_z_mean_layer1_unit': 32, 'encoder_z_log_var_layer0_unit': 96, 'encoder_z_log_var_layer1_unit': 96, 'decoder_layer0_unit': 256, 'decoder_layer1_unit': 160, 'decoder_layer2_unit': 480, 'decoder_layer3_unit': 448, 'decoder_layer4_unit': 192, 'decoder_layer5_unit': 416}. Best is trial 10 with value: 14.218529462814331.
Trial 41 finished with value: 98.37055683135986 and parameters: {'reg_l1': 0.05122854564678958, 'reg_l2': 0.4046405061630448, 'learning_rate': 0.005, 'dropout': 0.4650137206358836, 'batch_size': 224, 'encoder_layer0_unit': 416, 'encoder_layer1_unit': 480, 'encoder_layer2_unit': 416, 'encoder_layer3_unit': 384, 'encoder_z_mean_layer0_unit': 128, 'encoder_z_mean_layer1_unit': 64, 'encoder_z_log_var_layer0_unit': 128, 'encoder_z_log_var_layer1_unit': 96, 'decoder_layer0_unit': 160, 'decoder_layer1_unit': 480, 'decoder_layer2_unit': 480, 'decoder_layer3_unit': 96, 'decoder_layer4_unit': 288, 'decoder_layer5_unit': 416}. Best is trial 10 with value: 14.218529462814331.
Trial 42 finished with value: 70.81965160369873 and parameters: {'reg_l1': 0.5278684921920893, 'reg_l2': 0.3042157210522912, 'learning_rate': 0.0001, 'dropout': 0.49560048322436184, 'batch_size': 160, 'encoder_layer0_unit': 224, 'encoder_layer1_unit': 320, 'encoder_layer2_unit': 384, 'encoder_layer3_unit': 448, 'encoder_z_mean_layer0_unit': 128, 'encoder_z_mean_layer1_unit': 96, 'encoder_z_log_var_layer0_unit': 96, 'encoder_z_log_var_layer1_unit': 128, 'decoder_layer0_unit': 96, 'decoder_layer1_unit': 224, 'decoder_layer2_unit': 352, 'decoder_layer3_unit': 416, 'decoder_layer4_unit': 352, 'decoder_layer5_unit': 256}. Best is trial 10 with value: 14.218529462814331.
Trial 43 finished with value: 84.93408966064453 and parameters: {'reg_l1': 0.6960571653420026, 'reg_l2': 0.9198471802386874, 'learning_rate': 0.0001, 'dropout': 0.4579003250163046, 'batch_size': 192, 'encoder_layer0_unit': 320, 'encoder_layer1_unit': 128, 'encoder_layer2_unit': 192, 'encoder_layer3_unit': 128, 'encoder_z_mean_layer0_unit': 32, 'encoder_z_mean_layer1_unit': 64, 'encoder_z_log_var_layer0_unit': 32, 'encoder_z_log_var_layer1_unit': 128, 'decoder_layer0_unit': 224, 'decoder_layer1_unit': 320, 'decoder_layer2_unit': 320, 'decoder_layer3_unit': 64, 'decoder_layer4_unit': 64, 'decoder_layer5_unit': 160}. Best is trial 10 with value: 14.218529462814331.
Trial 44 finished with value: 99.0058650970459 and parameters: {'reg_l1': 0.6279135133947353, 'reg_l2': 0.5270026590429184, 'learning_rate': 0.0005, 'dropout': 0.3714797994050374, 'batch_size': 224, 'encoder_layer0_unit': 160, 'encoder_layer1_unit': 224, 'encoder_layer2_unit': 224, 'encoder_layer3_unit': 288, 'encoder_z_mean_layer0_unit': 32, 'encoder_z_mean_layer1_unit': 128, 'encoder_z_log_var_layer0_unit': 64, 'encoder_z_log_var_layer1_unit': 64, 'decoder_layer0_unit': 288, 'decoder_layer1_unit': 384, 'decoder_layer2_unit': 64, 'decoder_layer3_unit': 64, 'decoder_layer4_unit': 416, 'decoder_layer5_unit': 352}. Best is trial 10 with value: 14.218529462814331.
Trial 45 finished with value: 14.216556549072266 and parameters: {'reg_l1': 0.3199860689621037, 'reg_l2': 0.20470505021517804, 'learning_rate': 0.0005, 'dropout': 0.3819763663981487, 'batch_size': 32, 'encoder_layer0_unit': 128, 'encoder_layer1_unit': 384, 'encoder_layer2_unit': 352, 'encoder_layer3_unit': 416, 'encoder_z_mean_layer0_unit': 32, 'encoder_z_mean_layer1_unit': 64, 'encoder_z_log_var_layer0_unit': 96, 'encoder_z_log_var_layer1_unit': 128, 'decoder_layer0_unit': 320, 'decoder_layer1_unit': 160, 'decoder_layer2_unit': 352, 'decoder_layer3_unit': 224, 'decoder_layer4_unit': 32, 'decoder_layer5_unit': 416}. Best is trial 45 with value: 14.216556549072266.
Trial 46 finished with value: 84.34596824645996 and parameters: {'reg_l1': 0.36247224074155804, 'reg_l2': 0.4227465637076979, 'learning_rate': 0.005, 'dropout': 0.20442337619290368, 'batch_size': 192, 'encoder_layer0_unit': 160, 'encoder_layer1_unit': 384, 'encoder_layer2_unit': 192, 'encoder_layer3_unit': 160, 'encoder_z_mean_layer0_unit': 64, 'encoder_z_mean_layer1_unit': 96, 'encoder_z_log_var_layer0_unit': 32, 'encoder_z_log_var_layer1_unit': 64, 'decoder_layer0_unit': 352, 'decoder_layer1_unit': 320, 'decoder_layer2_unit': 416, 'decoder_layer3_unit': 320, 'decoder_layer4_unit': 192, 'decoder_layer5_unit': 352}. Best is trial 45 with value: 14.216556549072266.
Trial 47 finished with value: 98.29817008972168 and parameters: {'reg_l1': 0.4502092150139171, 'reg_l2': 0.5463143824510814, 'learning_rate': 0.005, 'dropout': 0.1783789757418598, 'batch_size': 224, 'encoder_layer0_unit': 128, 'encoder_layer1_unit': 192, 'encoder_layer2_unit': 352, 'encoder_layer3_unit': 192, 'encoder_z_mean_layer0_unit': 32, 'encoder_z_mean_layer1_unit': 128, 'encoder_z_log_var_layer0_unit': 64, 'encoder_z_log_var_layer1_unit': 32, 'decoder_layer0_unit': 32, 'decoder_layer1_unit': 256, 'decoder_layer2_unit': 64, 'decoder_layer3_unit': 192, 'decoder_layer4_unit': 384, 'decoder_layer5_unit': 480}. Best is trial 45 with value: 14.216556549072266.
