Trial 176 finished with value: 42.51781988143921 and parameters: {'reg_l1': 0.12503888316062717, 'reg_l2': 0.6496662076798374, 'learning_rate': 0.01, 'dropout': 0.39777614026043157, 'batch_size': 96, 'encoder_layer0_unit': 192, 'encoder_layer1_unit': 224, 'encoder_layer2_unit': 160, 'encoder_layer3_unit': 224, 'encoder_z_mean_layer0_unit': 32, 'encoder_z_mean_layer1_unit': 32, 'encoder_z_log_var_layer0_unit': 128, 'encoder_z_log_var_layer1_unit': 32, 'decoder_layer0_unit': 160, 'decoder_layer1_unit': 224, 'decoder_layer2_unit': 224, 'decoder_layer3_unit': 32, 'decoder_layer4_unit': 64, 'decoder_layer5_unit': 64}. Best is trial 45 with value: 14.216556549072266.
Trial 177 finished with value: 98.91412162780762 and parameters: {'reg_l1': 0.1983468191878499, 'reg_l2': 0.9692186575721403, 'learning_rate': 0.0001, 'dropout': 0.4905733929541254, 'batch_size': 224, 'encoder_layer0_unit': 192, 'encoder_layer1_unit': 160, 'encoder_layer2_unit': 160, 'encoder_layer3_unit': 128, 'encoder_z_mean_layer0_unit': 64, 'encoder_z_mean_layer1_unit': 64, 'encoder_z_log_var_layer0_unit': 32, 'encoder_z_log_var_layer1_unit': 96, 'decoder_layer0_unit': 480, 'decoder_layer1_unit': 96, 'decoder_layer2_unit': 352, 'decoder_layer3_unit': 96, 'decoder_layer4_unit': 320, 'decoder_layer5_unit': 288}. Best is trial 45 with value: 14.216556549072266.
Trial 178 finished with value: 98.83503150939941 and parameters: {'reg_l1': 0.03764497651823595, 'reg_l2': 0.3338720834227157, 'learning_rate': 0.005, 'dropout': 0.15945990685940165, 'batch_size': 224, 'encoder_layer0_unit': 192, 'encoder_layer1_unit': 416, 'encoder_layer2_unit': 448, 'encoder_layer3_unit': 288, 'encoder_z_mean_layer0_unit': 96, 'encoder_z_mean_layer1_unit': 32, 'encoder_z_log_var_layer0_unit': 96, 'encoder_z_log_var_layer1_unit': 64, 'decoder_layer0_unit': 256, 'decoder_layer1_unit': 64, 'decoder_layer2_unit': 416, 'decoder_layer3_unit': 288, 'decoder_layer4_unit': 128, 'decoder_layer5_unit': 256}. Best is trial 45 with value: 14.216556549072266.
Trial 179 finished with value: 14.216573119163513 and parameters: {'reg_l1': 0.2578330882596255, 'reg_l2': 0.2913714016152773, 'learning_rate': 0.001, 'dropout': 0.33885906274619576, 'batch_size': 32, 'encoder_layer0_unit': 448, 'encoder_layer1_unit': 256, 'encoder_layer2_unit': 128, 'encoder_layer3_unit': 320, 'encoder_z_mean_layer0_unit': 64, 'encoder_z_mean_layer1_unit': 96, 'encoder_z_log_var_layer0_unit': 128, 'encoder_z_log_var_layer1_unit': 64, 'decoder_layer0_unit': 256, 'decoder_layer1_unit': 416, 'decoder_layer2_unit': 192, 'decoder_layer3_unit': 160, 'decoder_layer4_unit': 256, 'decoder_layer5_unit': 320}. Best is trial 45 with value: 14.216556549072266.
Trial 180 finished with value: 70.78178024291992 and parameters: {'reg_l1': 0.40004933787056374, 'reg_l2': 0.3729648179955688, 'learning_rate': 0.0001, 'dropout': 0.15058146878716783, 'batch_size': 160, 'encoder_layer0_unit': 224, 'encoder_layer1_unit': 288, 'encoder_layer2_unit': 192, 'encoder_layer3_unit': 128, 'encoder_z_mean_layer0_unit': 32, 'encoder_z_mean_layer1_unit': 64, 'encoder_z_log_var_layer0_unit': 32, 'encoder_z_log_var_layer1_unit': 32, 'decoder_layer0_unit': 320, 'decoder_layer1_unit': 192, 'decoder_layer2_unit': 96, 'decoder_layer3_unit': 384, 'decoder_layer4_unit': 352, 'decoder_layer5_unit': 192}. Best is trial 45 with value: 14.216556549072266.
Trial 181 finished with value: 42.58793544769287 and parameters: {'reg_l1': 0.26129625218346053, 'reg_l2': 0.4047705252366586, 'learning_rate': 0.0005, 'dropout': 0.23032693009977556, 'batch_size': 96, 'encoder_layer0_unit': 416, 'encoder_layer1_unit': 224, 'encoder_layer2_unit': 224, 'encoder_layer3_unit': 256, 'encoder_z_mean_layer0_unit': 128, 'encoder_z_mean_layer1_unit': 96, 'encoder_z_log_var_layer0_unit': 32, 'encoder_z_log_var_layer1_unit': 96, 'decoder_layer0_unit': 416, 'decoder_layer1_unit': 416, 'decoder_layer2_unit': 288, 'decoder_layer3_unit': 128, 'decoder_layer4_unit': 320, 'decoder_layer5_unit': 64}. Best is trial 45 with value: 14.216556549072266.
Trial 182 finished with value: 84.48877429962158 and parameters: {'reg_l1': 0.39810060985075846, 'reg_l2': 0.1580307874817013, 'learning_rate': 0.001, 'dropout': 0.3530670463937268, 'batch_size': 192, 'encoder_layer0_unit': 384, 'encoder_layer1_unit': 480, 'encoder_layer2_unit': 160, 'encoder_layer3_unit': 448, 'encoder_z_mean_layer0_unit': 64, 'encoder_z_mean_layer1_unit': 96, 'encoder_z_log_var_layer0_unit': 64, 'encoder_z_log_var_layer1_unit': 96, 'decoder_layer0_unit': 96, 'decoder_layer1_unit': 480, 'decoder_layer2_unit': 224, 'decoder_layer3_unit': 384, 'decoder_layer4_unit': 96, 'decoder_layer5_unit': 448}. Best is trial 45 with value: 14.216556549072266.
Trial 183 finished with value: 84.99706840515137 and parameters: {'reg_l1': 0.47822931897452914, 'reg_l2': 0.6586946551651398, 'learning_rate': 0.0001, 'dropout': 0.003212593376199002, 'batch_size': 192, 'encoder_layer0_unit': 416, 'encoder_layer1_unit': 352, 'encoder_layer2_unit': 352, 'encoder_layer3_unit': 320, 'encoder_z_mean_layer0_unit': 128, 'encoder_z_mean_layer1_unit': 96, 'encoder_z_log_var_layer0_unit': 96, 'encoder_z_log_var_layer1_unit': 128, 'decoder_layer0_unit': 64, 'decoder_layer1_unit': 480, 'decoder_layer2_unit': 320, 'decoder_layer3_unit': 320, 'decoder_layer4_unit': 256, 'decoder_layer5_unit': 480}. Best is trial 45 with value: 14.216556549072266.
Trial 184 finished with value: 14.218462586402893 and parameters: {'reg_l1': 0.23408038193553182, 'reg_l2': 0.7732758349404958, 'learning_rate': 0.001, 'dropout': 0.21834856852976253, 'batch_size': 32, 'encoder_layer0_unit': 384, 'encoder_layer1_unit': 192, 'encoder_layer2_unit': 480, 'encoder_layer3_unit': 448, 'encoder_z_mean_layer0_unit': 96, 'encoder_z_mean_layer1_unit': 96, 'encoder_z_log_var_layer0_unit': 128, 'encoder_z_log_var_layer1_unit': 128, 'decoder_layer0_unit': 416, 'decoder_layer1_unit': 320, 'decoder_layer2_unit': 160, 'decoder_layer3_unit': 256, 'decoder_layer4_unit': 352, 'decoder_layer5_unit': 384}. Best is trial 45 with value: 14.216556549072266.
Trial 185 finished with value: 84.68728065490723 and parameters: {'reg_l1': 0.004759682087879136, 'reg_l2': 0.5241431929001416, 'learning_rate': 0.001, 'dropout': 0.1697006170038572, 'batch_size': 192, 'encoder_layer0_unit': 320, 'encoder_layer1_unit': 416, 'encoder_layer2_unit': 192, 'encoder_layer3_unit': 256, 'encoder_z_mean_layer0_unit': 32, 'encoder_z_mean_layer1_unit': 128, 'encoder_z_log_var_layer0_unit': 64, 'encoder_z_log_var_layer1_unit': 64, 'decoder_layer0_unit': 384, 'decoder_layer1_unit': 416, 'decoder_layer2_unit': 64, 'decoder_layer3_unit': 96, 'decoder_layer4_unit': 128, 'decoder_layer5_unit': 288}. Best is trial 45 with value: 14.216556549072266.
Trial 186 finished with value: 112.83128833770752 and parameters: {'reg_l1': 0.1307689386090335, 'reg_l2': 0.09766922879039197, 'learning_rate': 0.0005, 'dropout': 0.22633600542374865, 'batch_size': 256, 'encoder_layer0_unit': 256, 'encoder_layer1_unit': 224, 'encoder_layer2_unit': 448, 'encoder_layer3_unit': 480, 'encoder_z_mean_layer0_unit': 128, 'encoder_z_mean_layer1_unit': 96, 'encoder_z_log_var_layer0_unit': 32, 'encoder_z_log_var_layer1_unit': 96, 'decoder_layer0_unit': 288, 'decoder_layer1_unit': 128, 'decoder_layer2_unit': 480, 'decoder_layer3_unit': 160, 'decoder_layer4_unit': 96, 'decoder_layer5_unit': 256}. Best is trial 45 with value: 14.216556549072266.
Trial 187 finished with value: 84.82738494873047 and parameters: {'reg_l1': 0.29590886225273716, 'reg_l2': 0.9583695477476665, 'learning_rate': 0.001, 'dropout': 0.03949755109579539, 'batch_size': 192, 'encoder_layer0_unit': 160, 'encoder_layer1_unit': 224, 'encoder_layer2_unit': 416, 'encoder_layer3_unit': 480, 'encoder_z_mean_layer0_unit': 32, 'encoder_z_mean_layer1_unit': 64, 'encoder_z_log_var_layer0_unit': 96, 'encoder_z_log_var_layer1_unit': 64, 'decoder_layer0_unit': 320, 'decoder_layer1_unit': 128, 'decoder_layer2_unit': 160, 'decoder_layer3_unit': 224, 'decoder_layer4_unit': 448, 'decoder_layer5_unit': 64}. Best is trial 45 with value: 14.216556549072266.
Trial 188 finished with value: 84.91762351989746 and parameters: {'reg_l1': 0.010849465363442556, 'reg_l2': 0.8608763186868053, 'learning_rate': 0.0001, 'dropout': 0.44980107445314976, 'batch_size': 192, 'encoder_layer0_unit': 160, 'encoder_layer1_unit': 128, 'encoder_layer2_unit': 256, 'encoder_layer3_unit': 160, 'encoder_z_mean_layer0_unit': 128, 'encoder_z_mean_layer1_unit': 64, 'encoder_z_log_var_layer0_unit': 32, 'encoder_z_log_var_layer1_unit': 64, 'decoder_layer0_unit': 96, 'decoder_layer1_unit': 384, 'decoder_layer2_unit': 416, 'decoder_layer3_unit': 160, 'decoder_layer4_unit': 288, 'decoder_layer5_unit': 64}. Best is trial 45 with value: 14.216556549072266.
Trial 189 finished with value: 42.56687545776367 and parameters: {'reg_l1': 0.04761216941938795, 'reg_l2': 0.8670962114824974, 'learning_rate': 0.0001, 'dropout': 0.15939816903491472, 'batch_size': 96, 'encoder_layer0_unit': 416, 'encoder_layer1_unit': 192, 'encoder_layer2_unit': 416, 'encoder_layer3_unit': 480, 'encoder_z_mean_layer0_unit': 96, 'encoder_z_mean_layer1_unit': 32, 'encoder_z_log_var_layer0_unit': 96, 'encoder_z_log_var_layer1_unit': 128, 'decoder_layer0_unit': 352, 'decoder_layer1_unit': 288, 'decoder_layer2_unit': 352, 'decoder_layer3_unit': 224, 'decoder_layer4_unit': 352, 'decoder_layer5_unit': 352}. Best is trial 45 with value: 14.216556549072266.
Trial 190 finished with value: 14.216514110565186 and parameters: {'reg_l1': 0.7425857143644675, 'reg_l2': 0.8122711450004669, 'learning_rate': 0.01, 'dropout': 0.4031656846487674, 'batch_size': 32, 'encoder_layer0_unit': 224, 'encoder_layer1_unit': 288, 'encoder_layer2_unit': 480, 'encoder_layer3_unit': 320, 'encoder_z_mean_layer0_unit': 32, 'encoder_z_mean_layer1_unit': 64, 'encoder_z_log_var_layer0_unit': 96, 'encoder_z_log_var_layer1_unit': 128, 'decoder_layer0_unit': 288, 'decoder_layer1_unit': 288, 'decoder_layer2_unit': 96, 'decoder_layer3_unit': 320, 'decoder_layer4_unit': 32, 'decoder_layer5_unit': 160}. Best is trial 190 with value: 14.216514110565186.
Trial 191 finished with value: 28.452122926712036 and parameters: {'reg_l1': 0.04213119555183287, 'reg_l2': 0.7182556223505236, 'learning_rate': 0.0005, 'dropout': 0.3048173749689356, 'batch_size': 64, 'encoder_layer0_unit': 160, 'encoder_layer1_unit': 256, 'encoder_layer2_unit': 384, 'encoder_layer3_unit': 384, 'encoder_z_mean_layer0_unit': 128, 'encoder_z_mean_layer1_unit': 128, 'encoder_z_log_var_layer0_unit': 96, 'encoder_z_log_var_layer1_unit': 64, 'decoder_layer0_unit': 160, 'decoder_layer1_unit': 128, 'decoder_layer2_unit': 96, 'decoder_layer3_unit': 416, 'decoder_layer4_unit': 448, 'decoder_layer5_unit': 160}. Best is trial 190 with value: 14.216514110565186.
Trial 192 finished with value: 98.91970157623291 and parameters: {'reg_l1': 0.4430139668565418, 'reg_l2': 0.049563415954750334, 'learning_rate': 0.01, 'dropout': 0.23734831131164807, 'batch_size': 224, 'encoder_layer0_unit': 320, 'encoder_layer1_unit': 192, 'encoder_layer2_unit': 352, 'encoder_layer3_unit': 160, 'encoder_z_mean_layer0_unit': 32, 'encoder_z_mean_layer1_unit': 128, 'encoder_z_log_var_layer0_unit': 96, 'encoder_z_log_var_layer1_unit': 96, 'decoder_layer0_unit': 288, 'decoder_layer1_unit': 128, 'decoder_layer2_unit': 160, 'decoder_layer3_unit': 64, 'decoder_layer4_unit': 448, 'decoder_layer5_unit': 288}. Best is trial 190 with value: 14.216514110565186.
Trial 193 finished with value: 14.246282577514648 and parameters: {'reg_l1': 0.430997659269597, 'reg_l2': 0.658409609838382, 'learning_rate': 0.0001, 'dropout': 0.08412453901432382, 'batch_size': 32, 'encoder_layer0_unit': 160, 'encoder_layer1_unit': 384, 'encoder_layer2_unit': 416, 'encoder_layer3_unit': 192, 'encoder_z_mean_layer0_unit': 96, 'encoder_z_mean_layer1_unit': 64, 'encoder_z_log_var_layer0_unit': 64, 'encoder_z_log_var_layer1_unit': 64, 'decoder_layer0_unit': 352, 'decoder_layer1_unit': 96, 'decoder_layer2_unit': 192, 'decoder_layer3_unit': 416, 'decoder_layer4_unit': 480, 'decoder_layer5_unit': 192}. Best is trial 190 with value: 14.216514110565186.
Trial 194 finished with value: 85.31744289398193 and parameters: {'reg_l1': 0.187935865630112, 'reg_l2': 0.4796698280208117, 'learning_rate': 0.01, 'dropout': 0.1763911224509337, 'batch_size': 192, 'encoder_layer0_unit': 448, 'encoder_layer1_unit': 480, 'encoder_layer2_unit': 288, 'encoder_layer3_unit': 416, 'encoder_z_mean_layer0_unit': 64, 'encoder_z_mean_layer1_unit': 128, 'encoder_z_log_var_layer0_unit': 96, 'encoder_z_log_var_layer1_unit': 32, 'decoder_layer0_unit': 288, 'decoder_layer1_unit': 288, 'decoder_layer2_unit': 128, 'decoder_layer3_unit': 320, 'decoder_layer4_unit': 384, 'decoder_layer5_unit': 64}. Best is trial 190 with value: 14.216514110565186.
Trial 195 finished with value: 112.84789180755615 and parameters: {'reg_l1': 0.9873173381567075, 'reg_l2': 0.828431412569796, 'learning_rate': 0.01, 'dropout': 0.110427951235188, 'batch_size': 256, 'encoder_layer0_unit': 160, 'encoder_layer1_unit': 416, 'encoder_layer2_unit': 320, 'encoder_layer3_unit': 448, 'encoder_z_mean_layer0_unit': 32, 'encoder_z_mean_layer1_unit': 64, 'encoder_z_log_var_layer0_unit': 96, 'encoder_z_log_var_layer1_unit': 128, 'decoder_layer0_unit': 448, 'decoder_layer1_unit': 288, 'decoder_layer2_unit': 320, 'decoder_layer3_unit': 256, 'decoder_layer4_unit': 416, 'decoder_layer5_unit': 64}. Best is trial 190 with value: 14.216514110565186.
Trial 196 finished with value: 99.52348613739014 and parameters: {'reg_l1': 0.5820710493110256, 'reg_l2': 0.7369581868495731, 'learning_rate': 0.01, 'dropout': 0.4608846117157226, 'batch_size': 224, 'encoder_layer0_unit': 224, 'encoder_layer1_unit': 192, 'encoder_layer2_unit': 192, 'encoder_layer3_unit': 224, 'encoder_z_mean_layer0_unit': 32, 'encoder_z_mean_layer1_unit': 128, 'encoder_z_log_var_layer0_unit': 96, 'encoder_z_log_var_layer1_unit': 64, 'decoder_layer0_unit': 448, 'decoder_layer1_unit': 160, 'decoder_layer2_unit': 480, 'decoder_layer3_unit': 192, 'decoder_layer4_unit': 352, 'decoder_layer5_unit': 64}. Best is trial 190 with value: 14.216514110565186.
Trial 197 finished with value: 14.217543840408325 and parameters: {'reg_l1': 0.16128810904655366, 'reg_l2': 0.49273000498399633, 'learning_rate': 0.0005, 'dropout': 0.12587672704670017, 'batch_size': 32, 'encoder_layer0_unit': 256, 'encoder_layer1_unit': 256, 'encoder_layer2_unit': 192, 'encoder_layer3_unit': 160, 'encoder_z_mean_layer0_unit': 64, 'encoder_z_mean_layer1_unit': 64, 'encoder_z_log_var_layer0_unit': 96, 'encoder_z_log_var_layer1_unit': 32, 'decoder_layer0_unit': 32, 'decoder_layer1_unit': 160, 'decoder_layer2_unit': 480, 'decoder_layer3_unit': 64, 'decoder_layer4_unit': 96, 'decoder_layer5_unit': 320}. Best is trial 190 with value: 14.216514110565186.
Trial 198 finished with value: 70.72079658508301 and parameters: {'reg_l1': 0.4168931243653198, 'reg_l2': 0.20112865012886383, 'learning_rate': 0.001, 'dropout': 0.378309620126874, 'batch_size': 160, 'encoder_layer0_unit': 384, 'encoder_layer1_unit': 352, 'encoder_layer2_unit': 416, 'encoder_layer3_unit': 480, 'encoder_z_mean_layer0_unit': 128, 'encoder_z_mean_layer1_unit': 128, 'encoder_z_log_var_layer0_unit': 96, 'encoder_z_log_var_layer1_unit': 32, 'decoder_layer0_unit': 480, 'decoder_layer1_unit': 96, 'decoder_layer2_unit': 128, 'decoder_layer3_unit': 96, 'decoder_layer4_unit': 416, 'decoder_layer5_unit': 384}. Best is trial 190 with value: 14.216514110565186.
Trial 199 finished with value: 28.44235324859619 and parameters: {'reg_l1': 0.5442680361194504, 'reg_l2': 0.9237039397687942, 'learning_rate': 0.005, 'dropout': 0.09331410094452591, 'batch_size': 64, 'encoder_layer0_unit': 320, 'encoder_layer1_unit': 352, 'encoder_layer2_unit': 256, 'encoder_layer3_unit': 192, 'encoder_z_mean_layer0_unit': 96, 'encoder_z_mean_layer1_unit': 64, 'encoder_z_log_var_layer0_unit': 64, 'encoder_z_log_var_layer1_unit': 32, 'decoder_layer0_unit': 192, 'decoder_layer1_unit': 288, 'decoder_layer2_unit': 288, 'decoder_layer3_unit': 480, 'decoder_layer4_unit': 160, 'decoder_layer5_unit': 480}. Best is trial 190 with value: 14.216514110565186.
Trial 200 finished with value: 56.70902395248413 and parameters: {'reg_l1': 0.7911052514189625, 'reg_l2': 0.6228815764097634, 'learning_rate': 0.0005, 'dropout': 0.2781903602709322, 'batch_size': 128, 'encoder_layer0_unit': 448, 'encoder_layer1_unit': 416, 'encoder_layer2_unit': 384, 'encoder_layer3_unit': 416, 'encoder_z_mean_layer0_unit': 128, 'encoder_z_mean_layer1_unit': 64, 'encoder_z_log_var_layer0_unit': 32, 'encoder_z_log_var_layer1_unit': 128, 'decoder_layer0_unit': 192, 'decoder_layer1_unit': 416, 'decoder_layer2_unit': 256, 'decoder_layer3_unit': 448, 'decoder_layer4_unit': 288, 'decoder_layer5_unit': 288}. Best is trial 190 with value: 14.216514110565186.
Trial 201 finished with value: 112.82177448272705 and parameters: {'reg_l1': 0.48036640562033284, 'reg_l2': 0.13797192750378284, 'learning_rate': 0.0001, 'dropout': 0.46072001438571897, 'batch_size': 256, 'encoder_layer0_unit': 224, 'encoder_layer1_unit': 416, 'encoder_layer2_unit': 416, 'encoder_layer3_unit': 384, 'encoder_z_mean_layer0_unit': 96, 'encoder_z_mean_layer1_unit': 96, 'encoder_z_log_var_layer0_unit': 128, 'encoder_z_log_var_layer1_unit': 96, 'decoder_layer0_unit': 416, 'decoder_layer1_unit': 480, 'decoder_layer2_unit': 416, 'decoder_layer3_unit': 384, 'decoder_layer4_unit': 64, 'decoder_layer5_unit': 224}. Best is trial 190 with value: 14.216514110565186.
Trial 202 finished with value: 99.00174140930176 and parameters: {'reg_l1': 0.7735507452381143, 'reg_l2': 0.12372268697748012, 'learning_rate': 0.01, 'dropout': 0.46021423934431444, 'batch_size': 224, 'encoder_layer0_unit': 128, 'encoder_layer1_unit': 192, 'encoder_layer2_unit': 192, 'encoder_layer3_unit': 352, 'encoder_z_mean_layer0_unit': 128, 'encoder_z_mean_layer1_unit': 32, 'encoder_z_log_var_layer0_unit': 96, 'encoder_z_log_var_layer1_unit': 32, 'decoder_layer0_unit': 352, 'decoder_layer1_unit': 352, 'decoder_layer2_unit': 192, 'decoder_layer3_unit': 128, 'decoder_layer4_unit': 128, 'decoder_layer5_unit': 480}. Best is trial 190 with value: 14.216514110565186.
Trial 203 finished with value: 14.216951966285706 and parameters: {'reg_l1': 0.3218714967484, 'reg_l2': 0.04451169177323788, 'learning_rate': 0.01, 'dropout': 0.12093511181167022, 'batch_size': 32, 'encoder_layer0_unit': 128, 'encoder_layer1_unit': 416, 'encoder_layer2_unit': 480, 'encoder_layer3_unit': 224, 'encoder_z_mean_layer0_unit': 128, 'encoder_z_mean_layer1_unit': 128, 'encoder_z_log_var_layer0_unit': 64, 'encoder_z_log_var_layer1_unit': 32, 'decoder_layer0_unit': 128, 'decoder_layer1_unit': 96, 'decoder_layer2_unit': 352, 'decoder_layer3_unit': 256, 'decoder_layer4_unit': 192, 'decoder_layer5_unit': 192}. Best is trial 190 with value: 14.216514110565186.
Trial 204 finished with value: 70.76620674133301 and parameters: {'reg_l1': 0.29259038549294203, 'reg_l2': 0.905486262668036, 'learning_rate': 0.0005, 'dropout': 0.10604575189131865, 'batch_size': 160, 'encoder_layer0_unit': 224, 'encoder_layer1_unit': 288, 'encoder_layer2_unit': 288, 'encoder_layer3_unit': 288, 'encoder_z_mean_layer0_unit': 96, 'encoder_z_mean_layer1_unit': 32, 'encoder_z_log_var_layer0_unit': 128, 'encoder_z_log_var_layer1_unit': 32, 'decoder_layer0_unit': 224, 'decoder_layer1_unit': 480, 'decoder_layer2_unit': 96, 'decoder_layer3_unit': 352, 'decoder_layer4_unit': 288, 'decoder_layer5_unit': 192}. Best is trial 190 with value: 14.216514110565186.
Trial 205 finished with value: 112.89856910705566 and parameters: {'reg_l1': 0.9762112906938449, 'reg_l2': 0.03172701354240759, 'learning_rate': 0.0001, 'dropout': 0.4640557248190339, 'batch_size': 256, 'encoder_layer0_unit': 256, 'encoder_layer1_unit': 320, 'encoder_layer2_unit': 384, 'encoder_layer3_unit': 320, 'encoder_z_mean_layer0_unit': 96, 'encoder_z_mean_layer1_unit': 128, 'encoder_z_log_var_layer0_unit': 128, 'encoder_z_log_var_layer1_unit': 64, 'decoder_layer0_unit': 384, 'decoder_layer1_unit': 160, 'decoder_layer2_unit': 128, 'decoder_layer3_unit': 192, 'decoder_layer4_unit': 96, 'decoder_layer5_unit': 256}. Best is trial 190 with value: 14.216514110565186.
Trial 206 finished with value: 28.450056552886963 and parameters: {'reg_l1': 0.3675755739057154, 'reg_l2': 0.7622268325539598, 'learning_rate': 0.0001, 'dropout': 0.03458411417641477, 'batch_size': 64, 'encoder_layer0_unit': 416, 'encoder_layer1_unit': 384, 'encoder_layer2_unit': 224, 'encoder_layer3_unit': 448, 'encoder_z_mean_layer0_unit': 96, 'encoder_z_mean_layer1_unit': 128, 'encoder_z_log_var_layer0_unit': 128, 'encoder_z_log_var_layer1_unit': 96, 'decoder_layer0_unit': 96, 'decoder_layer1_unit': 448, 'decoder_layer2_unit': 288, 'decoder_layer3_unit': 288, 'decoder_layer4_unit': 288, 'decoder_layer5_unit': 256}. Best is trial 190 with value: 14.216514110565186.
Trial 207 finished with value: 42.55717849731445 and parameters: {'reg_l1': 0.9167038372782678, 'reg_l2': 0.05585213440589165, 'learning_rate': 0.0005, 'dropout': 0.18455361531711983, 'batch_size': 96, 'encoder_layer0_unit': 416, 'encoder_layer1_unit': 448, 'encoder_layer2_unit': 160, 'encoder_layer3_unit': 224, 'encoder_z_mean_layer0_unit': 128, 'encoder_z_mean_layer1_unit': 96, 'encoder_z_log_var_layer0_unit': 96, 'encoder_z_log_var_layer1_unit': 64, 'decoder_layer0_unit': 32, 'decoder_layer1_unit': 384, 'decoder_layer2_unit': 32, 'decoder_layer3_unit': 192, 'decoder_layer4_unit': 128, 'decoder_layer5_unit': 64}. Best is trial 190 with value: 14.216514110565186.
