Trial 352 finished with value: 28.43989109992981 and parameters: {'reg_l1': 0.39681771356665274, 'reg_l2': 0.38547076753318843, 'learning_rate': 0.01, 'dropout': 0.14422559217216535, 'batch_size': 64, 'encoder_layer0_unit': 288, 'encoder_layer1_unit': 160, 'encoder_layer2_unit': 192, 'encoder_layer3_unit': 128, 'encoder_z_mean_layer0_unit': 96, 'encoder_z_mean_layer1_unit': 128, 'encoder_z_log_var_layer0_unit': 32, 'encoder_z_log_var_layer1_unit': 128, 'decoder_layer0_unit': 352, 'decoder_layer1_unit': 480, 'decoder_layer2_unit': 320, 'decoder_layer3_unit': 384, 'decoder_layer4_unit': 352, 'decoder_layer5_unit': 224}. Best is trial 249 with value: 14.215713620185852.
Trial 353 finished with value: 112.85573291778564 and parameters: {'reg_l1': 0.38437327128019994, 'reg_l2': 0.45303984941241515, 'learning_rate': 0.01, 'dropout': 0.19511105229316195, 'batch_size': 256, 'encoder_layer0_unit': 352, 'encoder_layer1_unit': 448, 'encoder_layer2_unit': 128, 'encoder_layer3_unit': 352, 'encoder_z_mean_layer0_unit': 64, 'encoder_z_mean_layer1_unit': 128, 'encoder_z_log_var_layer0_unit': 96, 'encoder_z_log_var_layer1_unit': 128, 'decoder_layer0_unit': 160, 'decoder_layer1_unit': 416, 'decoder_layer2_unit': 128, 'decoder_layer3_unit': 384, 'decoder_layer4_unit': 128, 'decoder_layer5_unit': 320}. Best is trial 249 with value: 14.215713620185852.
Trial 354 finished with value: 70.73751640319824 and parameters: {'reg_l1': 0.6792945376811896, 'reg_l2': 0.6363726946814348, 'learning_rate': 0.001, 'dropout': 0.12376956990690563, 'batch_size': 160, 'encoder_layer0_unit': 320, 'encoder_layer1_unit': 352, 'encoder_layer2_unit': 416, 'encoder_layer3_unit': 352, 'encoder_z_mean_layer0_unit': 64, 'encoder_z_mean_layer1_unit': 128, 'encoder_z_log_var_layer0_unit': 128, 'encoder_z_log_var_layer1_unit': 64, 'decoder_layer0_unit': 320, 'decoder_layer1_unit': 320, 'decoder_layer2_unit': 352, 'decoder_layer3_unit': 96, 'decoder_layer4_unit': 96, 'decoder_layer5_unit': 160}. Best is trial 249 with value: 14.215713620185852.
Trial 355 finished with value: 14.216705560684204 and parameters: {'reg_l1': 0.8113119037293294, 'reg_l2': 0.7929537466789183, 'learning_rate': 0.01, 'dropout': 0.24209663441724905, 'batch_size': 32, 'encoder_layer0_unit': 416, 'encoder_layer1_unit': 288, 'encoder_layer2_unit': 160, 'encoder_layer3_unit': 224, 'encoder_z_mean_layer0_unit': 96, 'encoder_z_mean_layer1_unit': 96, 'encoder_z_log_var_layer0_unit': 96, 'encoder_z_log_var_layer1_unit': 64, 'decoder_layer0_unit': 96, 'decoder_layer1_unit': 480, 'decoder_layer2_unit': 384, 'decoder_layer3_unit': 256, 'decoder_layer4_unit': 192, 'decoder_layer5_unit': 480}. Best is trial 249 with value: 14.215713620185852.
Trial 356 finished with value: 70.71532440185547 and parameters: {'reg_l1': 0.3886949844336497, 'reg_l2': 0.5128494889904681, 'learning_rate': 0.001, 'dropout': 0.36401959085708335, 'batch_size': 160, 'encoder_layer0_unit': 160, 'encoder_layer1_unit': 480, 'encoder_layer2_unit': 448, 'encoder_layer3_unit': 320, 'encoder_z_mean_layer0_unit': 128, 'encoder_z_mean_layer1_unit': 32, 'encoder_z_log_var_layer0_unit': 96, 'encoder_z_log_var_layer1_unit': 32, 'decoder_layer0_unit': 448, 'decoder_layer1_unit': 352, 'decoder_layer2_unit': 96, 'decoder_layer3_unit': 256, 'decoder_layer4_unit': 288, 'decoder_layer5_unit': 288}. Best is trial 249 with value: 14.215713620185852.
Trial 357 finished with value: 99.53323268890381 and parameters: {'reg_l1': 0.11038470566692071, 'reg_l2': 0.318732206236222, 'learning_rate': 0.01, 'dropout': 0.4118329292184415, 'batch_size': 224, 'encoder_layer0_unit': 384, 'encoder_layer1_unit': 448, 'encoder_layer2_unit': 320, 'encoder_layer3_unit': 480, 'encoder_z_mean_layer0_unit': 64, 'encoder_z_mean_layer1_unit': 96, 'encoder_z_log_var_layer0_unit': 128, 'encoder_z_log_var_layer1_unit': 32, 'decoder_layer0_unit': 160, 'decoder_layer1_unit': 64, 'decoder_layer2_unit': 128, 'decoder_layer3_unit': 192, 'decoder_layer4_unit': 288, 'decoder_layer5_unit': 256}. Best is trial 249 with value: 14.215713620185852.
Trial 358 finished with value: 14.221825242042542 and parameters: {'reg_l1': 0.17990175425010957, 'reg_l2': 0.3162137620968084, 'learning_rate': 0.01, 'dropout': 0.043002974683001405, 'batch_size': 32, 'encoder_layer0_unit': 224, 'encoder_layer1_unit': 160, 'encoder_layer2_unit': 224, 'encoder_layer3_unit': 384, 'encoder_z_mean_layer0_unit': 96, 'encoder_z_mean_layer1_unit': 32, 'encoder_z_log_var_layer0_unit': 96, 'encoder_z_log_var_layer1_unit': 64, 'decoder_layer0_unit': 96, 'decoder_layer1_unit': 192, 'decoder_layer2_unit': 480, 'decoder_layer3_unit': 128, 'decoder_layer4_unit': 448, 'decoder_layer5_unit': 288}. Best is trial 249 with value: 14.215713620185852.
Trial 359 finished with value: 70.78779602050781 and parameters: {'reg_l1': 0.34916868900097486, 'reg_l2': 0.6546243371612935, 'learning_rate': 0.001, 'dropout': 0.15677317015547898, 'batch_size': 160, 'encoder_layer0_unit': 288, 'encoder_layer1_unit': 320, 'encoder_layer2_unit': 288, 'encoder_layer3_unit': 224, 'encoder_z_mean_layer0_unit': 32, 'encoder_z_mean_layer1_unit': 64, 'encoder_z_log_var_layer0_unit': 32, 'encoder_z_log_var_layer1_unit': 64, 'decoder_layer0_unit': 256, 'decoder_layer1_unit': 224, 'decoder_layer2_unit': 224, 'decoder_layer3_unit': 384, 'decoder_layer4_unit': 32, 'decoder_layer5_unit': 32}. Best is trial 249 with value: 14.215713620185852.
Trial 360 finished with value: 98.8872709274292 and parameters: {'reg_l1': 0.3192853167667946, 'reg_l2': 0.7169715294964459, 'learning_rate': 0.01, 'dropout': 0.3672972084789454, 'batch_size': 224, 'encoder_layer0_unit': 448, 'encoder_layer1_unit': 256, 'encoder_layer2_unit': 448, 'encoder_layer3_unit': 320, 'encoder_z_mean_layer0_unit': 96, 'encoder_z_mean_layer1_unit': 64, 'encoder_z_log_var_layer0_unit': 96, 'encoder_z_log_var_layer1_unit': 96, 'decoder_layer0_unit': 448, 'decoder_layer1_unit': 480, 'decoder_layer2_unit': 128, 'decoder_layer3_unit': 320, 'decoder_layer4_unit': 288, 'decoder_layer5_unit': 448}. Best is trial 249 with value: 14.215713620185852.
Trial 361 finished with value: 42.46622705459595 and parameters: {'reg_l1': 0.587832008156162, 'reg_l2': 0.343949005494229, 'learning_rate': 0.01, 'dropout': 0.038803499493432314, 'batch_size': 96, 'encoder_layer0_unit': 320, 'encoder_layer1_unit': 256, 'encoder_layer2_unit': 448, 'encoder_layer3_unit': 320, 'encoder_z_mean_layer0_unit': 128, 'encoder_z_mean_layer1_unit': 128, 'encoder_z_log_var_layer0_unit': 32, 'encoder_z_log_var_layer1_unit': 64, 'decoder_layer0_unit': 256, 'decoder_layer1_unit': 96, 'decoder_layer2_unit': 320, 'decoder_layer3_unit': 416, 'decoder_layer4_unit': 448, 'decoder_layer5_unit': 128}. Best is trial 249 with value: 14.215713620185852.
Trial 362 finished with value: 56.589659214019775 and parameters: {'reg_l1': 0.10492407644120516, 'reg_l2': 0.05528520068706788, 'learning_rate': 0.005, 'dropout': 0.019795392271319767, 'batch_size': 128, 'encoder_layer0_unit': 448, 'encoder_layer1_unit': 128, 'encoder_layer2_unit': 160, 'encoder_layer3_unit': 288, 'encoder_z_mean_layer0_unit': 96, 'encoder_z_mean_layer1_unit': 128, 'encoder_z_log_var_layer0_unit': 64, 'encoder_z_log_var_layer1_unit': 64, 'decoder_layer0_unit': 320, 'decoder_layer1_unit': 128, 'decoder_layer2_unit': 128, 'decoder_layer3_unit': 160, 'decoder_layer4_unit': 320, 'decoder_layer5_unit': 192}. Best is trial 249 with value: 14.215713620185852.
Trial 363 finished with value: 56.89307117462158 and parameters: {'reg_l1': 0.9268745670468593, 'reg_l2': 0.07168198648386548, 'learning_rate': 0.005, 'dropout': 0.2645536520712662, 'batch_size': 128, 'encoder_layer0_unit': 224, 'encoder_layer1_unit': 288, 'encoder_layer2_unit': 160, 'encoder_layer3_unit': 448, 'encoder_z_mean_layer0_unit': 32, 'encoder_z_mean_layer1_unit': 64, 'encoder_z_log_var_layer0_unit': 128, 'encoder_z_log_var_layer1_unit': 64, 'decoder_layer0_unit': 192, 'decoder_layer1_unit': 160, 'decoder_layer2_unit': 320, 'decoder_layer3_unit': 64, 'decoder_layer4_unit': 384, 'decoder_layer5_unit': 192}. Best is trial 249 with value: 14.215713620185852.
Trial 364 finished with value: 14.223573684692383 and parameters: {'reg_l1': 0.692107400950947, 'reg_l2': 0.7143534443221196, 'learning_rate': 0.001, 'dropout': 0.32436177422783957, 'batch_size': 32, 'encoder_layer0_unit': 192, 'encoder_layer1_unit': 480, 'encoder_layer2_unit': 256, 'encoder_layer3_unit': 224, 'encoder_z_mean_layer0_unit': 96, 'encoder_z_mean_layer1_unit': 96, 'encoder_z_log_var_layer0_unit': 64, 'encoder_z_log_var_layer1_unit': 32, 'decoder_layer0_unit': 160, 'decoder_layer1_unit': 128, 'decoder_layer2_unit': 96, 'decoder_layer3_unit': 32, 'decoder_layer4_unit': 128, 'decoder_layer5_unit': 288}. Best is trial 249 with value: 14.215713620185852.
Trial 365 finished with value: 98.46289730072021 and parameters: {'reg_l1': 0.45474610504901514, 'reg_l2': 0.45834765990223625, 'learning_rate': 0.01, 'dropout': 0.15545169997868513, 'batch_size': 224, 'encoder_layer0_unit': 320, 'encoder_layer1_unit': 224, 'encoder_layer2_unit': 416, 'encoder_layer3_unit': 224, 'encoder_z_mean_layer0_unit': 96, 'encoder_z_mean_layer1_unit': 128, 'encoder_z_log_var_layer0_unit': 128, 'encoder_z_log_var_layer1_unit': 128, 'decoder_layer0_unit': 416, 'decoder_layer1_unit': 256, 'decoder_layer2_unit': 96, 'decoder_layer3_unit': 224, 'decoder_layer4_unit': 224, 'decoder_layer5_unit': 64}. Best is trial 249 with value: 14.215713620185852.
Trial 366 finished with value: 14.215428233146667 and parameters: {'reg_l1': 0.485455192285578, 'reg_l2': 0.98730813444936, 'learning_rate': 0.005, 'dropout': 0.2777419617451029, 'batch_size': 32, 'encoder_layer0_unit': 288, 'encoder_layer1_unit': 352, 'encoder_layer2_unit': 448, 'encoder_layer3_unit': 352, 'encoder_z_mean_layer0_unit': 32, 'encoder_z_mean_layer1_unit': 64, 'encoder_z_log_var_layer0_unit': 128, 'encoder_z_log_var_layer1_unit': 64, 'decoder_layer0_unit': 64, 'decoder_layer1_unit': 416, 'decoder_layer2_unit': 320, 'decoder_layer3_unit': 384, 'decoder_layer4_unit': 32, 'decoder_layer5_unit': 416}. Best is trial 366 with value: 14.215428233146667.
Trial 367 finished with value: 70.77326011657715 and parameters: {'reg_l1': 0.35312202895151945, 'reg_l2': 0.25953313718108906, 'learning_rate': 0.0001, 'dropout': 0.2974797552248529, 'batch_size': 160, 'encoder_layer0_unit': 352, 'encoder_layer1_unit': 320, 'encoder_layer2_unit': 160, 'encoder_layer3_unit': 288, 'encoder_z_mean_layer0_unit': 32, 'encoder_z_mean_layer1_unit': 96, 'encoder_z_log_var_layer0_unit': 128, 'encoder_z_log_var_layer1_unit': 96, 'decoder_layer0_unit': 448, 'decoder_layer1_unit': 128, 'decoder_layer2_unit': 96, 'decoder_layer3_unit': 416, 'decoder_layer4_unit': 96, 'decoder_layer5_unit': 384}. Best is trial 366 with value: 14.215428233146667.
Trial 368 finished with value: 28.42565608024597 and parameters: {'reg_l1': 0.11427726288923468, 'reg_l2': 0.19733873669939028, 'learning_rate': 0.0001, 'dropout': 0.05730787058154663, 'batch_size': 64, 'encoder_layer0_unit': 160, 'encoder_layer1_unit': 192, 'encoder_layer2_unit': 256, 'encoder_layer3_unit': 416, 'encoder_z_mean_layer0_unit': 96, 'encoder_z_mean_layer1_unit': 64, 'encoder_z_log_var_layer0_unit': 96, 'encoder_z_log_var_layer1_unit': 96, 'decoder_layer0_unit': 256, 'decoder_layer1_unit': 448, 'decoder_layer2_unit': 288, 'decoder_layer3_unit': 64, 'decoder_layer4_unit': 32, 'decoder_layer5_unit': 384}. Best is trial 366 with value: 14.215428233146667.
Trial 369 finished with value: 112.792160987854 and parameters: {'reg_l1': 0.2902666285551515, 'reg_l2': 0.8959909062850224, 'learning_rate': 0.0005, 'dropout': 0.14330500824935488, 'batch_size': 256, 'encoder_layer0_unit': 384, 'encoder_layer1_unit': 224, 'encoder_layer2_unit': 352, 'encoder_layer3_unit': 320, 'encoder_z_mean_layer0_unit': 64, 'encoder_z_mean_layer1_unit': 96, 'encoder_z_log_var_layer0_unit': 32, 'encoder_z_log_var_layer1_unit': 32, 'decoder_layer0_unit': 448, 'decoder_layer1_unit': 256, 'decoder_layer2_unit': 160, 'decoder_layer3_unit': 352, 'decoder_layer4_unit': 192, 'decoder_layer5_unit': 96}. Best is trial 366 with value: 14.215428233146667.
Trial 370 finished with value: 56.89422273635864 and parameters: {'reg_l1': 0.6609282330225972, 'reg_l2': 0.7342476371209553, 'learning_rate': 0.005, 'dropout': 0.36532700008568075, 'batch_size': 128, 'encoder_layer0_unit': 192, 'encoder_layer1_unit': 416, 'encoder_layer2_unit': 416, 'encoder_layer3_unit': 160, 'encoder_z_mean_layer0_unit': 32, 'encoder_z_mean_layer1_unit': 128, 'encoder_z_log_var_layer0_unit': 32, 'encoder_z_log_var_layer1_unit': 128, 'decoder_layer0_unit': 224, 'decoder_layer1_unit': 160, 'decoder_layer2_unit': 416, 'decoder_layer3_unit': 352, 'decoder_layer4_unit': 320, 'decoder_layer5_unit': 384}. Best is trial 366 with value: 14.215428233146667.
Trial 371 finished with value: 28.43201470375061 and parameters: {'reg_l1': 0.38069907259126223, 'reg_l2': 0.04349409740040566, 'learning_rate': 0.01, 'dropout': 0.20160096201797267, 'batch_size': 64, 'encoder_layer0_unit': 288, 'encoder_layer1_unit': 128, 'encoder_layer2_unit': 128, 'encoder_layer3_unit': 256, 'encoder_z_mean_layer0_unit': 64, 'encoder_z_mean_layer1_unit': 32, 'encoder_z_log_var_layer0_unit': 64, 'encoder_z_log_var_layer1_unit': 32, 'decoder_layer0_unit': 288, 'decoder_layer1_unit': 384, 'decoder_layer2_unit': 64, 'decoder_layer3_unit': 96, 'decoder_layer4_unit': 480, 'decoder_layer5_unit': 416}. Best is trial 366 with value: 14.215428233146667.
Trial 372 finished with value: 14.246211409568787 and parameters: {'reg_l1': 0.34529185554897135, 'reg_l2': 0.9065345389820407, 'learning_rate': 0.0001, 'dropout': 0.1573940112136964, 'batch_size': 32, 'encoder_layer0_unit': 352, 'encoder_layer1_unit': 320, 'encoder_layer2_unit': 352, 'encoder_layer3_unit': 384, 'encoder_z_mean_layer0_unit': 128, 'encoder_z_mean_layer1_unit': 96, 'encoder_z_log_var_layer0_unit': 32, 'encoder_z_log_var_layer1_unit': 128, 'decoder_layer0_unit': 224, 'decoder_layer1_unit': 416, 'decoder_layer2_unit': 288, 'decoder_layer3_unit': 480, 'decoder_layer4_unit': 32, 'decoder_layer5_unit': 480}. Best is trial 366 with value: 14.215428233146667.
Trial 373 finished with value: 28.43144392967224 and parameters: {'reg_l1': 0.20805767799963348, 'reg_l2': 0.9001318221502511, 'learning_rate': 0.0005, 'dropout': 0.09760069339895211, 'batch_size': 64, 'encoder_layer0_unit': 160, 'encoder_layer1_unit': 384, 'encoder_layer2_unit': 224, 'encoder_layer3_unit': 480, 'encoder_z_mean_layer0_unit': 64, 'encoder_z_mean_layer1_unit': 128, 'encoder_z_log_var_layer0_unit': 128, 'encoder_z_log_var_layer1_unit': 96, 'decoder_layer0_unit': 352, 'decoder_layer1_unit': 192, 'decoder_layer2_unit': 320, 'decoder_layer3_unit': 352, 'decoder_layer4_unit': 384, 'decoder_layer5_unit': 128}. Best is trial 366 with value: 14.215428233146667.
Trial 374 finished with value: 98.89468669891357 and parameters: {'reg_l1': 0.17090069974297162, 'reg_l2': 0.9634282917698302, 'learning_rate': 0.0005, 'dropout': 0.21485924833014963, 'batch_size': 224, 'encoder_layer0_unit': 352, 'encoder_layer1_unit': 448, 'encoder_layer2_unit': 480, 'encoder_layer3_unit': 288, 'encoder_z_mean_layer0_unit': 32, 'encoder_z_mean_layer1_unit': 64, 'encoder_z_log_var_layer0_unit': 128, 'encoder_z_log_var_layer1_unit': 32, 'decoder_layer0_unit': 160, 'decoder_layer1_unit': 288, 'decoder_layer2_unit': 384, 'decoder_layer3_unit': 96, 'decoder_layer4_unit': 320, 'decoder_layer5_unit': 352}. Best is trial 366 with value: 14.215428233146667.
Trial 375 finished with value: 14.234312176704407 and parameters: {'reg_l1': 0.6791673326663227, 'reg_l2': 0.9322515839617511, 'learning_rate': 0.0001, 'dropout': 0.18303269001701938, 'batch_size': 32, 'encoder_layer0_unit': 480, 'encoder_layer1_unit': 320, 'encoder_layer2_unit': 256, 'encoder_layer3_unit': 224, 'encoder_z_mean_layer0_unit': 96, 'encoder_z_mean_layer1_unit': 96, 'encoder_z_log_var_layer0_unit': 64, 'encoder_z_log_var_layer1_unit': 32, 'decoder_layer0_unit': 128, 'decoder_layer1_unit': 64, 'decoder_layer2_unit': 192, 'decoder_layer3_unit': 192, 'decoder_layer4_unit': 288, 'decoder_layer5_unit': 448}. Best is trial 366 with value: 14.215428233146667.
Trial 376 finished with value: 70.82833766937256 and parameters: {'reg_l1': 0.3164672122539032, 'reg_l2': 0.5795133104854938, 'learning_rate': 0.0001, 'dropout': 0.4760466736879375, 'batch_size': 160, 'encoder_layer0_unit': 352, 'encoder_layer1_unit': 192, 'encoder_layer2_unit': 480, 'encoder_layer3_unit': 224, 'encoder_z_mean_layer0_unit': 32, 'encoder_z_mean_layer1_unit': 96, 'encoder_z_log_var_layer0_unit': 32, 'encoder_z_log_var_layer1_unit': 128, 'decoder_layer0_unit': 96, 'decoder_layer1_unit': 384, 'decoder_layer2_unit': 64, 'decoder_layer3_unit': 32, 'decoder_layer4_unit': 96, 'decoder_layer5_unit': 320}. Best is trial 366 with value: 14.215428233146667.
Trial 377 finished with value: 42.68416166305542 and parameters: {'reg_l1': 0.2862036300722508, 'reg_l2': 0.8487944898202917, 'learning_rate': 0.0001, 'dropout': 0.0995289863866819, 'batch_size': 96, 'encoder_layer0_unit': 256, 'encoder_layer1_unit': 192, 'encoder_layer2_unit': 448, 'encoder_layer3_unit': 160, 'encoder_z_mean_layer0_unit': 128, 'encoder_z_mean_layer1_unit': 96, 'encoder_z_log_var_layer0_unit': 64, 'encoder_z_log_var_layer1_unit': 32, 'decoder_layer0_unit': 64, 'decoder_layer1_unit': 32, 'decoder_layer2_unit': 352, 'decoder_layer3_unit': 224, 'decoder_layer4_unit': 256, 'decoder_layer5_unit': 160}. Best is trial 366 with value: 14.215428233146667.
Trial 378 finished with value: 70.76769733428955 and parameters: {'reg_l1': 0.3620253380521812, 'reg_l2': 0.6451685196901209, 'learning_rate': 0.005, 'dropout': 0.4352971945128497, 'batch_size': 160, 'encoder_layer0_unit': 256, 'encoder_layer1_unit': 160, 'encoder_layer2_unit': 224, 'encoder_layer3_unit': 384, 'encoder_z_mean_layer0_unit': 128, 'encoder_z_mean_layer1_unit': 32, 'encoder_z_log_var_layer0_unit': 64, 'encoder_z_log_var_layer1_unit': 32, 'decoder_layer0_unit': 128, 'decoder_layer1_unit': 32, 'decoder_layer2_unit': 320, 'decoder_layer3_unit': 192, 'decoder_layer4_unit': 480, 'decoder_layer5_unit': 96}. Best is trial 366 with value: 14.215428233146667.
Trial 379 finished with value: 14.232329249382019 and parameters: {'reg_l1': 0.6156322449646849, 'reg_l2': 0.5196903046354984, 'learning_rate': 0.001, 'dropout': 0.14878461566696954, 'batch_size': 32, 'encoder_layer0_unit': 160, 'encoder_layer1_unit': 128, 'encoder_layer2_unit': 128, 'encoder_layer3_unit': 480, 'encoder_z_mean_layer0_unit': 128, 'encoder_z_mean_layer1_unit': 32, 'encoder_z_log_var_layer0_unit': 128, 'encoder_z_log_var_layer1_unit': 128, 'decoder_layer0_unit': 32, 'decoder_layer1_unit': 32, 'decoder_layer2_unit': 160, 'decoder_layer3_unit': 288, 'decoder_layer4_unit': 352, 'decoder_layer5_unit': 96}. Best is trial 366 with value: 14.215428233146667.
Trial 380 finished with value: 28.42493486404419 and parameters: {'reg_l1': 0.2846101331571974, 'reg_l2': 0.8624836656892735, 'learning_rate': 0.0005, 'dropout': 0.3010459757002663, 'batch_size': 64, 'encoder_layer0_unit': 416, 'encoder_layer1_unit': 352, 'encoder_layer2_unit': 288, 'encoder_layer3_unit': 160, 'encoder_z_mean_layer0_unit': 96, 'encoder_z_mean_layer1_unit': 96, 'encoder_z_log_var_layer0_unit': 64, 'encoder_z_log_var_layer1_unit': 32, 'decoder_layer0_unit': 352, 'decoder_layer1_unit': 480, 'decoder_layer2_unit': 416, 'decoder_layer3_unit': 96, 'decoder_layer4_unit': 384, 'decoder_layer5_unit': 160}. Best is trial 366 with value: 14.215428233146667.
Trial 381 finished with value: 112.30468273162842 and parameters: {'reg_l1': 0.738702473955846, 'reg_l2': 0.822827161258536, 'learning_rate': 0.01, 'dropout': 0.27665568259852674, 'batch_size': 256, 'encoder_layer0_unit': 416, 'encoder_layer1_unit': 192, 'encoder_layer2_unit': 448, 'encoder_layer3_unit': 256, 'encoder_z_mean_layer0_unit': 64, 'encoder_z_mean_layer1_unit': 64, 'encoder_z_log_var_layer0_unit': 128, 'encoder_z_log_var_layer1_unit': 128, 'decoder_layer0_unit': 96, 'decoder_layer1_unit': 192, 'decoder_layer2_unit': 256, 'decoder_layer3_unit': 32, 'decoder_layer4_unit': 448, 'decoder_layer5_unit': 320}. Best is trial 366 with value: 14.215428233146667.
Trial 382 finished with value: 56.75362253189087 and parameters: {'reg_l1': 0.2309405718613936, 'reg_l2': 0.3833272170748919, 'learning_rate': 0.0001, 'dropout': 0.035558518590869725, 'batch_size': 128, 'encoder_layer0_unit': 320, 'encoder_layer1_unit': 384, 'encoder_layer2_unit': 480, 'encoder_layer3_unit': 128, 'encoder_z_mean_layer0_unit': 96, 'encoder_z_mean_layer1_unit': 64, 'encoder_z_log_var_layer0_unit': 32, 'encoder_z_log_var_layer1_unit': 128, 'decoder_layer0_unit': 448, 'decoder_layer1_unit': 384, 'decoder_layer2_unit': 224, 'decoder_layer3_unit': 448, 'decoder_layer4_unit': 224, 'decoder_layer5_unit': 160}. Best is trial 366 with value: 14.215428233146667.
Trial 383 finished with value: 14.224304437637329 and parameters: {'reg_l1': 0.8528638879263962, 'reg_l2': 0.2100561938257376, 'learning_rate': 0.0005, 'dropout': 0.022102678167077894, 'batch_size': 32, 'encoder_layer0_unit': 352, 'encoder_layer1_unit': 224, 'encoder_layer2_unit': 384, 'encoder_layer3_unit': 288, 'encoder_z_mean_layer0_unit': 64, 'encoder_z_mean_layer1_unit': 64, 'encoder_z_log_var_layer0_unit': 128, 'encoder_z_log_var_layer1_unit': 96, 'decoder_layer0_unit': 160, 'decoder_layer1_unit': 128, 'decoder_layer2_unit': 448, 'decoder_layer3_unit': 128, 'decoder_layer4_unit': 448, 'decoder_layer5_unit': 480}. Best is trial 366 with value: 14.215428233146667.
