Trial 192 finished with value: 42.624696254730225 and parameters: {'reg_l1': 0.7102649784255578, 'reg_l2': 0.01109367967428021, 'learning_rate': 0.001, 'dropout': 0.11999514370121578, 'batch_size': 96, 'encoder_layer0_unit': 256, 'encoder_layer1_unit': 288, 'encoder_layer2_unit': 352, 'encoder_layer3_unit': 320, 'encoder_z_mean_layer0_unit': 64, 'encoder_z_mean_layer1_unit': 128, 'encoder_z_log_var_layer0_unit': 32, 'encoder_z_log_var_layer1_unit': 96, 'decoder_layer0_unit': 96, 'decoder_layer1_unit': 384, 'decoder_layer2_unit': 256, 'decoder_layer3_unit': 64, 'decoder_layer4_unit': 192, 'decoder_layer5_unit': 416}. Best is trial 100 with value: 14.216595768928528.
Trial 193 finished with value: 70.85219192504883 and parameters: {'reg_l1': 0.5530763184086355, 'reg_l2': 0.7309776029017652, 'learning_rate': 0.001, 'dropout': 0.33438935857838176, 'batch_size': 160, 'encoder_layer0_unit': 480, 'encoder_layer1_unit': 352, 'encoder_layer2_unit': 448, 'encoder_layer3_unit': 320, 'encoder_z_mean_layer0_unit': 128, 'encoder_z_mean_layer1_unit': 64, 'encoder_z_log_var_layer0_unit': 32, 'encoder_z_log_var_layer1_unit': 96, 'decoder_layer0_unit': 288, 'decoder_layer1_unit': 352, 'decoder_layer2_unit': 32, 'decoder_layer3_unit': 288, 'decoder_layer4_unit': 64, 'decoder_layer5_unit': 320}. Best is trial 100 with value: 14.216595768928528.
Trial 194 finished with value: 98.88351821899414 and parameters: {'reg_l1': 0.8708073915367168, 'reg_l2': 0.9803997966109237, 'learning_rate': 0.0005, 'dropout': 0.25634742925458703, 'batch_size': 224, 'encoder_layer0_unit': 384, 'encoder_layer1_unit': 160, 'encoder_layer2_unit': 192, 'encoder_layer3_unit': 288, 'encoder_z_mean_layer0_unit': 128, 'encoder_z_mean_layer1_unit': 32, 'encoder_z_log_var_layer0_unit': 64, 'encoder_z_log_var_layer1_unit': 64, 'decoder_layer0_unit': 480, 'decoder_layer1_unit': 160, 'decoder_layer2_unit': 96, 'decoder_layer3_unit': 352, 'decoder_layer4_unit': 192, 'decoder_layer5_unit': 64}. Best is trial 100 with value: 14.216595768928528.
Trial 195 finished with value: 56.87426042556763 and parameters: {'reg_l1': 0.43757014766975466, 'reg_l2': 0.9475631997381161, 'learning_rate': 0.01, 'dropout': 0.18092718354665077, 'batch_size': 128, 'encoder_layer0_unit': 448, 'encoder_layer1_unit': 320, 'encoder_layer2_unit': 384, 'encoder_layer3_unit': 480, 'encoder_z_mean_layer0_unit': 32, 'encoder_z_mean_layer1_unit': 96, 'encoder_z_log_var_layer0_unit': 128, 'encoder_z_log_var_layer1_unit': 32, 'decoder_layer0_unit': 224, 'decoder_layer1_unit': 384, 'decoder_layer2_unit': 32, 'decoder_layer3_unit': 96, 'decoder_layer4_unit': 64, 'decoder_layer5_unit': 448}. Best is trial 100 with value: 14.216595768928528.
Trial 196 finished with value: 113.04129791259766 and parameters: {'reg_l1': 0.9003250473149892, 'reg_l2': 0.45332952911135316, 'learning_rate': 0.0001, 'dropout': 0.17172733686918484, 'batch_size': 256, 'encoder_layer0_unit': 128, 'encoder_layer1_unit': 384, 'encoder_layer2_unit': 448, 'encoder_layer3_unit': 160, 'encoder_z_mean_layer0_unit': 32, 'encoder_z_mean_layer1_unit': 96, 'encoder_z_log_var_layer0_unit': 32, 'encoder_z_log_var_layer1_unit': 64, 'decoder_layer0_unit': 128, 'decoder_layer1_unit': 192, 'decoder_layer2_unit': 96, 'decoder_layer3_unit': 352, 'decoder_layer4_unit': 320, 'decoder_layer5_unit': 160}. Best is trial 100 with value: 14.216595768928528.
Trial 197 finished with value: 28.4638032913208 and parameters: {'reg_l1': 0.3705865698610583, 'reg_l2': 0.09610991886610798, 'learning_rate': 0.001, 'dropout': 0.28923714977492343, 'batch_size': 64, 'encoder_layer0_unit': 160, 'encoder_layer1_unit': 288, 'encoder_layer2_unit': 480, 'encoder_layer3_unit': 416, 'encoder_z_mean_layer0_unit': 96, 'encoder_z_mean_layer1_unit': 32, 'encoder_z_log_var_layer0_unit': 32, 'encoder_z_log_var_layer1_unit': 64, 'decoder_layer0_unit': 64, 'decoder_layer1_unit': 384, 'decoder_layer2_unit': 96, 'decoder_layer3_unit': 480, 'decoder_layer4_unit': 320, 'decoder_layer5_unit': 192}. Best is trial 100 with value: 14.216595768928528.
Trial 198 finished with value: 84.84257698059082 and parameters: {'reg_l1': 0.06596392055508171, 'reg_l2': 0.03395413704439054, 'learning_rate': 0.01, 'dropout': 0.4686574174138828, 'batch_size': 192, 'encoder_layer0_unit': 448, 'encoder_layer1_unit': 480, 'encoder_layer2_unit': 416, 'encoder_layer3_unit': 288, 'encoder_z_mean_layer0_unit': 96, 'encoder_z_mean_layer1_unit': 64, 'encoder_z_log_var_layer0_unit': 96, 'encoder_z_log_var_layer1_unit': 96, 'decoder_layer0_unit': 320, 'decoder_layer1_unit': 288, 'decoder_layer2_unit': 480, 'decoder_layer3_unit': 448, 'decoder_layer4_unit': 224, 'decoder_layer5_unit': 96}. Best is trial 100 with value: 14.216595768928528.
Trial 199 finished with value: 42.5118088722229 and parameters: {'reg_l1': 0.8493023187669552, 'reg_l2': 0.9904804610381688, 'learning_rate': 0.0005, 'dropout': 0.4529427164195226, 'batch_size': 96, 'encoder_layer0_unit': 384, 'encoder_layer1_unit': 352, 'encoder_layer2_unit': 256, 'encoder_layer3_unit': 192, 'encoder_z_mean_layer0_unit': 32, 'encoder_z_mean_layer1_unit': 128, 'encoder_z_log_var_layer0_unit': 64, 'encoder_z_log_var_layer1_unit': 64, 'decoder_layer0_unit': 32, 'decoder_layer1_unit': 32, 'decoder_layer2_unit': 160, 'decoder_layer3_unit': 224, 'decoder_layer4_unit': 160, 'decoder_layer5_unit': 288}. Best is trial 100 with value: 14.216595768928528.
Trial 200 finished with value: 14.215638160705566 and parameters: {'reg_l1': 0.02425695725276744, 'reg_l2': 0.8655962555809179, 'learning_rate': 0.001, 'dropout': 0.3763158609202247, 'batch_size': 32, 'encoder_layer0_unit': 384, 'encoder_layer1_unit': 192, 'encoder_layer2_unit': 224, 'encoder_layer3_unit': 224, 'encoder_z_mean_layer0_unit': 64, 'encoder_z_mean_layer1_unit': 128, 'encoder_z_log_var_layer0_unit': 64, 'encoder_z_log_var_layer1_unit': 128, 'decoder_layer0_unit': 224, 'decoder_layer1_unit': 256, 'decoder_layer2_unit': 320, 'decoder_layer3_unit': 64, 'decoder_layer4_unit': 128, 'decoder_layer5_unit': 32}. Best is trial 200 with value: 14.215638160705566.
Trial 201 finished with value: 70.39481258392334 and parameters: {'reg_l1': 0.06262933581235319, 'reg_l2': 0.4778891126781102, 'learning_rate': 0.01, 'dropout': 0.17012014463865238, 'batch_size': 160, 'encoder_layer0_unit': 352, 'encoder_layer1_unit': 384, 'encoder_layer2_unit': 128, 'encoder_layer3_unit': 128, 'encoder_z_mean_layer0_unit': 64, 'encoder_z_mean_layer1_unit': 64, 'encoder_z_log_var_layer0_unit': 64, 'encoder_z_log_var_layer1_unit': 96, 'decoder_layer0_unit': 224, 'decoder_layer1_unit': 160, 'decoder_layer2_unit': 160, 'decoder_layer3_unit': 64, 'decoder_layer4_unit': 416, 'decoder_layer5_unit': 192}. Best is trial 200 with value: 14.215638160705566.
Trial 202 finished with value: 70.84343242645264 and parameters: {'reg_l1': 0.43292622464450614, 'reg_l2': 0.9813639260776451, 'learning_rate': 0.0005, 'dropout': 0.32628923011304656, 'batch_size': 160, 'encoder_layer0_unit': 128, 'encoder_layer1_unit': 384, 'encoder_layer2_unit': 288, 'encoder_layer3_unit': 288, 'encoder_z_mean_layer0_unit': 32, 'encoder_z_mean_layer1_unit': 96, 'encoder_z_log_var_layer0_unit': 64, 'encoder_z_log_var_layer1_unit': 96, 'decoder_layer0_unit': 448, 'decoder_layer1_unit': 32, 'decoder_layer2_unit': 288, 'decoder_layer3_unit': 480, 'decoder_layer4_unit': 480, 'decoder_layer5_unit': 416}. Best is trial 200 with value: 14.215638160705566.
Trial 203 finished with value: 71.09242534637451 and parameters: {'reg_l1': 0.37207227238599405, 'reg_l2': 0.22585622181494291, 'learning_rate': 0.01, 'dropout': 0.44843011687458895, 'batch_size': 160, 'encoder_layer0_unit': 448, 'encoder_layer1_unit': 480, 'encoder_layer2_unit': 480, 'encoder_layer3_unit': 320, 'encoder_z_mean_layer0_unit': 96, 'encoder_z_mean_layer1_unit': 32, 'encoder_z_log_var_layer0_unit': 128, 'encoder_z_log_var_layer1_unit': 32, 'decoder_layer0_unit': 384, 'decoder_layer1_unit': 128, 'decoder_layer2_unit': 192, 'decoder_layer3_unit': 32, 'decoder_layer4_unit': 192, 'decoder_layer5_unit': 128}. Best is trial 200 with value: 14.215638160705566.
Trial 204 finished with value: 112.8228816986084 and parameters: {'reg_l1': 0.12752255911479904, 'reg_l2': 0.25153790859342784, 'learning_rate': 0.005, 'dropout': 0.011218629227347898, 'batch_size': 256, 'encoder_layer0_unit': 256, 'encoder_layer1_unit': 224, 'encoder_layer2_unit': 320, 'encoder_layer3_unit': 256, 'encoder_z_mean_layer0_unit': 64, 'encoder_z_mean_layer1_unit': 96, 'encoder_z_log_var_layer0_unit': 32, 'encoder_z_log_var_layer1_unit': 64, 'decoder_layer0_unit': 384, 'decoder_layer1_unit': 416, 'decoder_layer2_unit': 448, 'decoder_layer3_unit': 160, 'decoder_layer4_unit': 64, 'decoder_layer5_unit': 352}. Best is trial 200 with value: 14.215638160705566.
Trial 205 finished with value: 112.77100086212158 and parameters: {'reg_l1': 0.5050834012532631, 'reg_l2': 0.05465144545808709, 'learning_rate': 0.01, 'dropout': 0.22847874480972608, 'batch_size': 256, 'encoder_layer0_unit': 224, 'encoder_layer1_unit': 256, 'encoder_layer2_unit': 160, 'encoder_layer3_unit': 416, 'encoder_z_mean_layer0_unit': 64, 'encoder_z_mean_layer1_unit': 128, 'encoder_z_log_var_layer0_unit': 64, 'encoder_z_log_var_layer1_unit': 96, 'decoder_layer0_unit': 64, 'decoder_layer1_unit': 32, 'decoder_layer2_unit': 128, 'decoder_layer3_unit': 96, 'decoder_layer4_unit': 256, 'decoder_layer5_unit': 384}. Best is trial 200 with value: 14.215638160705566.
Trial 206 finished with value: 84.87697315216064 and parameters: {'reg_l1': 0.9551964602868996, 'reg_l2': 0.2427304048967498, 'learning_rate': 0.005, 'dropout': 0.24205611733569016, 'batch_size': 192, 'encoder_layer0_unit': 448, 'encoder_layer1_unit': 288, 'encoder_layer2_unit': 256, 'encoder_layer3_unit': 128, 'encoder_z_mean_layer0_unit': 32, 'encoder_z_mean_layer1_unit': 128, 'encoder_z_log_var_layer0_unit': 96, 'encoder_z_log_var_layer1_unit': 64, 'decoder_layer0_unit': 480, 'decoder_layer1_unit': 384, 'decoder_layer2_unit': 256, 'decoder_layer3_unit': 64, 'decoder_layer4_unit': 192, 'decoder_layer5_unit': 320}. Best is trial 200 with value: 14.215638160705566.
Trial 207 finished with value: 56.686649322509766 and parameters: {'reg_l1': 0.8850688122312715, 'reg_l2': 0.9287317301152636, 'learning_rate': 0.01, 'dropout': 0.4870137594021479, 'batch_size': 128, 'encoder_layer0_unit': 384, 'encoder_layer1_unit': 128, 'encoder_layer2_unit': 192, 'encoder_layer3_unit': 224, 'encoder_z_mean_layer0_unit': 32, 'encoder_z_mean_layer1_unit': 64, 'encoder_z_log_var_layer0_unit': 128, 'encoder_z_log_var_layer1_unit': 96, 'decoder_layer0_unit': 352, 'decoder_layer1_unit': 320, 'decoder_layer2_unit': 384, 'decoder_layer3_unit': 416, 'decoder_layer4_unit': 352, 'decoder_layer5_unit': 192}. Best is trial 200 with value: 14.215638160705566.
Trial 208 finished with value: 70.81277847290039 and parameters: {'reg_l1': 0.6674697503358401, 'reg_l2': 0.9032685819767047, 'learning_rate': 0.0001, 'dropout': 0.483455273741327, 'batch_size': 160, 'encoder_layer0_unit': 416, 'encoder_layer1_unit': 384, 'encoder_layer2_unit': 256, 'encoder_layer3_unit': 480, 'encoder_z_mean_layer0_unit': 96, 'encoder_z_mean_layer1_unit': 128, 'encoder_z_log_var_layer0_unit': 96, 'encoder_z_log_var_layer1_unit': 128, 'decoder_layer0_unit': 64, 'decoder_layer1_unit': 32, 'decoder_layer2_unit': 448, 'decoder_layer3_unit': 64, 'decoder_layer4_unit': 384, 'decoder_layer5_unit': 448}. Best is trial 200 with value: 14.215638160705566.
Trial 209 finished with value: 84.70080471038818 and parameters: {'reg_l1': 0.1990432589041935, 'reg_l2': 0.0022071056038827086, 'learning_rate': 0.005, 'dropout': 0.14642935421142728, 'batch_size': 192, 'encoder_layer0_unit': 448, 'encoder_layer1_unit': 448, 'encoder_layer2_unit': 128, 'encoder_layer3_unit': 480, 'encoder_z_mean_layer0_unit': 96, 'encoder_z_mean_layer1_unit': 32, 'encoder_z_log_var_layer0_unit': 96, 'encoder_z_log_var_layer1_unit': 64, 'decoder_layer0_unit': 224, 'decoder_layer1_unit': 288, 'decoder_layer2_unit': 32, 'decoder_layer3_unit': 96, 'decoder_layer4_unit': 32, 'decoder_layer5_unit': 416}. Best is trial 200 with value: 14.215638160705566.
Trial 210 finished with value: 112.7988691329956 and parameters: {'reg_l1': 0.0724795921695236, 'reg_l2': 0.24552445692810654, 'learning_rate': 0.0001, 'dropout': 0.2902898783463791, 'batch_size': 256, 'encoder_layer0_unit': 416, 'encoder_layer1_unit': 160, 'encoder_layer2_unit': 352, 'encoder_layer3_unit': 160, 'encoder_z_mean_layer0_unit': 128, 'encoder_z_mean_layer1_unit': 64, 'encoder_z_log_var_layer0_unit': 32, 'encoder_z_log_var_layer1_unit': 96, 'decoder_layer0_unit': 416, 'decoder_layer1_unit': 384, 'decoder_layer2_unit': 160, 'decoder_layer3_unit': 320, 'decoder_layer4_unit': 352, 'decoder_layer5_unit': 288}. Best is trial 200 with value: 14.215638160705566.
Trial 211 finished with value: 14.222795486450195 and parameters: {'reg_l1': 0.029631180656929712, 'reg_l2': 0.20093841226607112, 'learning_rate': 0.001, 'dropout': 0.0691349860632246, 'batch_size': 32, 'encoder_layer0_unit': 128, 'encoder_layer1_unit': 320, 'encoder_layer2_unit': 320, 'encoder_layer3_unit': 256, 'encoder_z_mean_layer0_unit': 96, 'encoder_z_mean_layer1_unit': 96, 'encoder_z_log_var_layer0_unit': 32, 'encoder_z_log_var_layer1_unit': 96, 'decoder_layer0_unit': 480, 'decoder_layer1_unit': 64, 'decoder_layer2_unit': 192, 'decoder_layer3_unit': 96, 'decoder_layer4_unit': 416, 'decoder_layer5_unit': 96}. Best is trial 200 with value: 14.215638160705566.
Trial 212 finished with value: 70.4315538406372 and parameters: {'reg_l1': 0.13668015910996978, 'reg_l2': 0.35597545594882407, 'learning_rate': 0.005, 'dropout': 0.047713994551181804, 'batch_size': 160, 'encoder_layer0_unit': 160, 'encoder_layer1_unit': 224, 'encoder_layer2_unit': 288, 'encoder_layer3_unit': 128, 'encoder_z_mean_layer0_unit': 64, 'encoder_z_mean_layer1_unit': 64, 'encoder_z_log_var_layer0_unit': 128, 'encoder_z_log_var_layer1_unit': 96, 'decoder_layer0_unit': 32, 'decoder_layer1_unit': 320, 'decoder_layer2_unit': 448, 'decoder_layer3_unit': 320, 'decoder_layer4_unit': 128, 'decoder_layer5_unit': 352}. Best is trial 200 with value: 14.215638160705566.
Trial 213 finished with value: 56.716492652893066 and parameters: {'reg_l1': 0.4753520011668624, 'reg_l2': 0.11880871964063966, 'learning_rate': 0.001, 'dropout': 0.2830828496923312, 'batch_size': 128, 'encoder_layer0_unit': 128, 'encoder_layer1_unit': 384, 'encoder_layer2_unit': 448, 'encoder_layer3_unit': 416, 'encoder_z_mean_layer0_unit': 64, 'encoder_z_mean_layer1_unit': 32, 'encoder_z_log_var_layer0_unit': 64, 'encoder_z_log_var_layer1_unit': 96, 'decoder_layer0_unit': 288, 'decoder_layer1_unit': 128, 'decoder_layer2_unit': 288, 'decoder_layer3_unit': 384, 'decoder_layer4_unit': 224, 'decoder_layer5_unit': 480}. Best is trial 200 with value: 14.215638160705566.
Trial 214 finished with value: 42.649324893951416 and parameters: {'reg_l1': 0.8295646296226568, 'reg_l2': 0.5090234683167352, 'learning_rate': 0.01, 'dropout': 0.29090938792669474, 'batch_size': 96, 'encoder_layer0_unit': 352, 'encoder_layer1_unit': 352, 'encoder_layer2_unit': 448, 'encoder_layer3_unit': 288, 'encoder_z_mean_layer0_unit': 32, 'encoder_z_mean_layer1_unit': 96, 'encoder_z_log_var_layer0_unit': 32, 'encoder_z_log_var_layer1_unit': 64, 'decoder_layer0_unit': 480, 'decoder_layer1_unit': 288, 'decoder_layer2_unit': 352, 'decoder_layer3_unit': 256, 'decoder_layer4_unit': 448, 'decoder_layer5_unit': 256}. Best is trial 200 with value: 14.215638160705566.
Trial 215 finished with value: 42.621657848358154 and parameters: {'reg_l1': 0.39864944940925373, 'reg_l2': 0.10237808100382062, 'learning_rate': 0.005, 'dropout': 0.11435429322289431, 'batch_size': 96, 'encoder_layer0_unit': 192, 'encoder_layer1_unit': 320, 'encoder_layer2_unit': 320, 'encoder_layer3_unit': 416, 'encoder_z_mean_layer0_unit': 128, 'encoder_z_mean_layer1_unit': 32, 'encoder_z_log_var_layer0_unit': 128, 'encoder_z_log_var_layer1_unit': 128, 'decoder_layer0_unit': 384, 'decoder_layer1_unit': 32, 'decoder_layer2_unit': 192, 'decoder_layer3_unit': 192, 'decoder_layer4_unit': 256, 'decoder_layer5_unit': 352}. Best is trial 200 with value: 14.215638160705566.
Trial 216 finished with value: 14.218791007995605 and parameters: {'reg_l1': 0.060019822917159904, 'reg_l2': 0.01739887739984003, 'learning_rate': 0.005, 'dropout': 0.39332221721599775, 'batch_size': 32, 'encoder_layer0_unit': 416, 'encoder_layer1_unit': 480, 'encoder_layer2_unit': 416, 'encoder_layer3_unit': 448, 'encoder_z_mean_layer0_unit': 96, 'encoder_z_mean_layer1_unit': 64, 'encoder_z_log_var_layer0_unit': 32, 'encoder_z_log_var_layer1_unit': 64, 'decoder_layer0_unit': 224, 'decoder_layer1_unit': 320, 'decoder_layer2_unit': 448, 'decoder_layer3_unit': 448, 'decoder_layer4_unit': 288, 'decoder_layer5_unit': 320}. Best is trial 200 with value: 14.215638160705566.
Trial 217 finished with value: 14.21813189983368 and parameters: {'reg_l1': 0.3145573594194496, 'reg_l2': 0.006283860192900836, 'learning_rate': 0.001, 'dropout': 0.3257975161616703, 'batch_size': 32, 'encoder_layer0_unit': 352, 'encoder_layer1_unit': 192, 'encoder_layer2_unit': 384, 'encoder_layer3_unit': 160, 'encoder_z_mean_layer0_unit': 128, 'encoder_z_mean_layer1_unit': 64, 'encoder_z_log_var_layer0_unit': 32, 'encoder_z_log_var_layer1_unit': 128, 'decoder_layer0_unit': 416, 'decoder_layer1_unit': 224, 'decoder_layer2_unit': 352, 'decoder_layer3_unit': 160, 'decoder_layer4_unit': 128, 'decoder_layer5_unit': 64}. Best is trial 200 with value: 14.215638160705566.
Trial 218 finished with value: 112.81061363220215 and parameters: {'reg_l1': 0.41761869286862274, 'reg_l2': 0.9500220992062448, 'learning_rate': 0.005, 'dropout': 0.15276358938415252, 'batch_size': 256, 'encoder_layer0_unit': 160, 'encoder_layer1_unit': 224, 'encoder_layer2_unit': 320, 'encoder_layer3_unit': 288, 'encoder_z_mean_layer0_unit': 64, 'encoder_z_mean_layer1_unit': 96, 'encoder_z_log_var_layer0_unit': 96, 'encoder_z_log_var_layer1_unit': 96, 'decoder_layer0_unit': 160, 'decoder_layer1_unit': 192, 'decoder_layer2_unit': 64, 'decoder_layer3_unit': 160, 'decoder_layer4_unit': 192, 'decoder_layer5_unit': 384}. Best is trial 200 with value: 14.215638160705566.
Trial 219 finished with value: 56.86191272735596 and parameters: {'reg_l1': 0.24994247213191023, 'reg_l2': 0.1724577111368375, 'learning_rate': 0.01, 'dropout': 0.4095183420521723, 'batch_size': 128, 'encoder_layer0_unit': 480, 'encoder_layer1_unit': 288, 'encoder_layer2_unit': 128, 'encoder_layer3_unit': 320, 'encoder_z_mean_layer0_unit': 96, 'encoder_z_mean_layer1_unit': 32, 'encoder_z_log_var_layer0_unit': 32, 'encoder_z_log_var_layer1_unit': 128, 'decoder_layer0_unit': 224, 'decoder_layer1_unit': 320, 'decoder_layer2_unit': 416, 'decoder_layer3_unit': 256, 'decoder_layer4_unit': 416, 'decoder_layer5_unit': 384}. Best is trial 200 with value: 14.215638160705566.
Trial 220 finished with value: 99.02236080169678 and parameters: {'reg_l1': 0.002784470684265239, 'reg_l2': 0.8180343345817135, 'learning_rate': 0.0001, 'dropout': 0.4266875143405282, 'batch_size': 224, 'encoder_layer0_unit': 128, 'encoder_layer1_unit': 128, 'encoder_layer2_unit': 320, 'encoder_layer3_unit': 288, 'encoder_z_mean_layer0_unit': 96, 'encoder_z_mean_layer1_unit': 128, 'encoder_z_log_var_layer0_unit': 64, 'encoder_z_log_var_layer1_unit': 96, 'decoder_layer0_unit': 32, 'decoder_layer1_unit': 192, 'decoder_layer2_unit': 288, 'decoder_layer3_unit': 224, 'decoder_layer4_unit': 64, 'decoder_layer5_unit': 32}. Best is trial 200 with value: 14.215638160705566.
Trial 221 finished with value: 28.45375657081604 and parameters: {'reg_l1': 0.674743187744546, 'reg_l2': 0.7822825706579739, 'learning_rate': 0.0005, 'dropout': 0.1898322065571677, 'batch_size': 64, 'encoder_layer0_unit': 224, 'encoder_layer1_unit': 416, 'encoder_layer2_unit': 480, 'encoder_layer3_unit': 160, 'encoder_z_mean_layer0_unit': 64, 'encoder_z_mean_layer1_unit': 32, 'encoder_z_log_var_layer0_unit': 32, 'encoder_z_log_var_layer1_unit': 96, 'decoder_layer0_unit': 384, 'decoder_layer1_unit': 192, 'decoder_layer2_unit': 160, 'decoder_layer3_unit': 256, 'decoder_layer4_unit': 448, 'decoder_layer5_unit': 256}. Best is trial 200 with value: 14.215638160705566.
Trial 222 finished with value: 42.503549098968506 and parameters: {'reg_l1': 0.695186513276503, 'reg_l2': 0.32592565684328245, 'learning_rate': 0.001, 'dropout': 0.13566679145038024, 'batch_size': 96, 'encoder_layer0_unit': 192, 'encoder_layer1_unit': 192, 'encoder_layer2_unit': 384, 'encoder_layer3_unit': 160, 'encoder_z_mean_layer0_unit': 128, 'encoder_z_mean_layer1_unit': 32, 'encoder_z_log_var_layer0_unit': 128, 'encoder_z_log_var_layer1_unit': 32, 'decoder_layer0_unit': 128, 'decoder_layer1_unit': 32, 'decoder_layer2_unit': 448, 'decoder_layer3_unit': 480, 'decoder_layer4_unit': 128, 'decoder_layer5_unit': 128}. Best is trial 200 with value: 14.215638160705566.
Trial 223 finished with value: 28.442817449569702 and parameters: {'reg_l1': 0.7501663959981997, 'reg_l2': 0.1482184046115833, 'learning_rate': 0.01, 'dropout': 0.3194479631192396, 'batch_size': 64, 'encoder_layer0_unit': 288, 'encoder_layer1_unit': 416, 'encoder_layer2_unit': 416, 'encoder_layer3_unit': 288, 'encoder_z_mean_layer0_unit': 96, 'encoder_z_mean_layer1_unit': 32, 'encoder_z_log_var_layer0_unit': 64, 'encoder_z_log_var_layer1_unit': 32, 'decoder_layer0_unit': 128, 'decoder_layer1_unit': 64, 'decoder_layer2_unit': 256, 'decoder_layer3_unit': 160, 'decoder_layer4_unit': 128, 'decoder_layer5_unit': 128}. Best is trial 200 with value: 14.215638160705566.
