Trial 288 finished with value: 70.75275325775146 and parameters: {'reg_l1': 0.01721555474043801, 'reg_l2': 0.6185599040231599, 'learning_rate': 0.0001, 'dropout': 0.45378585043957315, 'batch_size': 160, 'encoder_layer0_unit': 160, 'encoder_layer1_unit': 320, 'encoder_layer2_unit': 448, 'encoder_layer3_unit': 384, 'encoder_z_mean_layer0_unit': 96, 'encoder_z_mean_layer1_unit': 96, 'encoder_z_log_var_layer0_unit': 128, 'encoder_z_log_var_layer1_unit': 128, 'decoder_layer0_unit': 352, 'decoder_layer1_unit': 448, 'decoder_layer2_unit': 320, 'decoder_layer3_unit': 256, 'decoder_layer4_unit': 96, 'decoder_layer5_unit': 416}. Best is trial 249 with value: 14.215713620185852.
Trial 289 finished with value: 70.62088394165039 and parameters: {'reg_l1': 0.6111179704680694, 'reg_l2': 0.7959025665443262, 'learning_rate': 0.005, 'dropout': 0.19313479542321665, 'batch_size': 160, 'encoder_layer0_unit': 256, 'encoder_layer1_unit': 288, 'encoder_layer2_unit': 448, 'encoder_layer3_unit': 448, 'encoder_z_mean_layer0_unit': 64, 'encoder_z_mean_layer1_unit': 96, 'encoder_z_log_var_layer0_unit': 128, 'encoder_z_log_var_layer1_unit': 96, 'decoder_layer0_unit': 96, 'decoder_layer1_unit': 128, 'decoder_layer2_unit': 224, 'decoder_layer3_unit': 352, 'decoder_layer4_unit': 128, 'decoder_layer5_unit': 96}. Best is trial 249 with value: 14.215713620185852.
Trial 290 finished with value: 70.8323278427124 and parameters: {'reg_l1': 0.788326858712231, 'reg_l2': 0.5621854792870675, 'learning_rate': 0.0005, 'dropout': 0.24836866605683688, 'batch_size': 160, 'encoder_layer0_unit': 128, 'encoder_layer1_unit': 288, 'encoder_layer2_unit': 480, 'encoder_layer3_unit': 416, 'encoder_z_mean_layer0_unit': 32, 'encoder_z_mean_layer1_unit': 32, 'encoder_z_log_var_layer0_unit': 32, 'encoder_z_log_var_layer1_unit': 64, 'decoder_layer0_unit': 128, 'decoder_layer1_unit': 192, 'decoder_layer2_unit': 320, 'decoder_layer3_unit': 288, 'decoder_layer4_unit': 256, 'decoder_layer5_unit': 448}. Best is trial 249 with value: 14.215713620185852.
Trial 291 finished with value: 112.2197847366333 and parameters: {'reg_l1': 0.6193617047333141, 'reg_l2': 0.9052539615948485, 'learning_rate': 0.01, 'dropout': 0.1847021457769657, 'batch_size': 256, 'encoder_layer0_unit': 192, 'encoder_layer1_unit': 320, 'encoder_layer2_unit': 288, 'encoder_layer3_unit': 192, 'encoder_z_mean_layer0_unit': 96, 'encoder_z_mean_layer1_unit': 32, 'encoder_z_log_var_layer0_unit': 96, 'encoder_z_log_var_layer1_unit': 128, 'decoder_layer0_unit': 32, 'decoder_layer1_unit': 416, 'decoder_layer2_unit': 32, 'decoder_layer3_unit': 352, 'decoder_layer4_unit': 256, 'decoder_layer5_unit': 320}. Best is trial 249 with value: 14.215713620185852.
Trial 292 finished with value: 84.45589828491211 and parameters: {'reg_l1': 0.6882472412373432, 'reg_l2': 0.12101034278133083, 'learning_rate': 0.005, 'dropout': 0.2273701889247826, 'batch_size': 192, 'encoder_layer0_unit': 448, 'encoder_layer1_unit': 352, 'encoder_layer2_unit': 320, 'encoder_layer3_unit': 480, 'encoder_z_mean_layer0_unit': 96, 'encoder_z_mean_layer1_unit': 64, 'encoder_z_log_var_layer0_unit': 128, 'encoder_z_log_var_layer1_unit': 128, 'decoder_layer0_unit': 128, 'decoder_layer1_unit': 256, 'decoder_layer2_unit': 320, 'decoder_layer3_unit': 448, 'decoder_layer4_unit': 352, 'decoder_layer5_unit': 256}. Best is trial 249 with value: 14.215713620185852.
Trial 293 finished with value: 98.83090496063232 and parameters: {'reg_l1': 0.6013171712224022, 'reg_l2': 0.3693587496451114, 'learning_rate': 0.0001, 'dropout': 0.4237339318088373, 'batch_size': 224, 'encoder_layer0_unit': 416, 'encoder_layer1_unit': 256, 'encoder_layer2_unit': 448, 'encoder_layer3_unit': 352, 'encoder_z_mean_layer0_unit': 96, 'encoder_z_mean_layer1_unit': 128, 'encoder_z_log_var_layer0_unit': 32, 'encoder_z_log_var_layer1_unit': 96, 'decoder_layer0_unit': 480, 'decoder_layer1_unit': 480, 'decoder_layer2_unit': 96, 'decoder_layer3_unit': 448, 'decoder_layer4_unit': 224, 'decoder_layer5_unit': 128}. Best is trial 249 with value: 14.215713620185852.
Trial 294 finished with value: 28.452656745910645 and parameters: {'reg_l1': 0.4418222096566823, 'reg_l2': 0.4094380420204049, 'learning_rate': 0.01, 'dropout': 0.20195850337874427, 'batch_size': 64, 'encoder_layer0_unit': 256, 'encoder_layer1_unit': 480, 'encoder_layer2_unit': 160, 'encoder_layer3_unit': 224, 'encoder_z_mean_layer0_unit': 32, 'encoder_z_mean_layer1_unit': 96, 'encoder_z_log_var_layer0_unit': 128, 'encoder_z_log_var_layer1_unit': 32, 'decoder_layer0_unit': 160, 'decoder_layer1_unit': 256, 'decoder_layer2_unit': 416, 'decoder_layer3_unit': 288, 'decoder_layer4_unit': 320, 'decoder_layer5_unit': 32}. Best is trial 249 with value: 14.215713620185852.
Trial 295 finished with value: 112.62815952301025 and parameters: {'reg_l1': 0.7325893143665778, 'reg_l2': 0.6791578752105034, 'learning_rate': 0.0005, 'dropout': 0.41211266291689597, 'batch_size': 256, 'encoder_layer0_unit': 352, 'encoder_layer1_unit': 192, 'encoder_layer2_unit': 320, 'encoder_layer3_unit': 192, 'encoder_z_mean_layer0_unit': 128, 'encoder_z_mean_layer1_unit': 128, 'encoder_z_log_var_layer0_unit': 32, 'encoder_z_log_var_layer1_unit': 32, 'decoder_layer0_unit': 256, 'decoder_layer1_unit': 128, 'decoder_layer2_unit': 352, 'decoder_layer3_unit': 96, 'decoder_layer4_unit': 128, 'decoder_layer5_unit': 32}. Best is trial 249 with value: 14.215713620185852.
Trial 296 finished with value: 98.910888671875 and parameters: {'reg_l1': 0.44925938550988065, 'reg_l2': 0.7764057503879757, 'learning_rate': 0.0001, 'dropout': 0.4395603090838937, 'batch_size': 224, 'encoder_layer0_unit': 224, 'encoder_layer1_unit': 224, 'encoder_layer2_unit': 320, 'encoder_layer3_unit': 416, 'encoder_z_mean_layer0_unit': 64, 'encoder_z_mean_layer1_unit': 128, 'encoder_z_log_var_layer0_unit': 64, 'encoder_z_log_var_layer1_unit': 32, 'decoder_layer0_unit': 384, 'decoder_layer1_unit': 32, 'decoder_layer2_unit': 128, 'decoder_layer3_unit': 480, 'decoder_layer4_unit': 96, 'decoder_layer5_unit': 480}. Best is trial 249 with value: 14.215713620185852.
Trial 297 finished with value: 28.42860722541809 and parameters: {'reg_l1': 0.07416300719560387, 'reg_l2': 0.39766390340327784, 'learning_rate': 0.0001, 'dropout': 0.2538031886882277, 'batch_size': 64, 'encoder_layer0_unit': 288, 'encoder_layer1_unit': 352, 'encoder_layer2_unit': 320, 'encoder_layer3_unit': 192, 'encoder_z_mean_layer0_unit': 64, 'encoder_z_mean_layer1_unit': 32, 'encoder_z_log_var_layer0_unit': 32, 'encoder_z_log_var_layer1_unit': 32, 'decoder_layer0_unit': 160, 'decoder_layer1_unit': 256, 'decoder_layer2_unit': 96, 'decoder_layer3_unit': 384, 'decoder_layer4_unit': 416, 'decoder_layer5_unit': 96}. Best is trial 249 with value: 14.215713620185852.
Trial 298 finished with value: 28.452975511550903 and parameters: {'reg_l1': 0.11159184910472131, 'reg_l2': 0.39700086097174336, 'learning_rate': 0.0005, 'dropout': 0.46827664079311404, 'batch_size': 64, 'encoder_layer0_unit': 352, 'encoder_layer1_unit': 416, 'encoder_layer2_unit': 416, 'encoder_layer3_unit': 288, 'encoder_z_mean_layer0_unit': 128, 'encoder_z_mean_layer1_unit': 32, 'encoder_z_log_var_layer0_unit': 96, 'encoder_z_log_var_layer1_unit': 32, 'decoder_layer0_unit': 384, 'decoder_layer1_unit': 480, 'decoder_layer2_unit': 64, 'decoder_layer3_unit': 160, 'decoder_layer4_unit': 352, 'decoder_layer5_unit': 128}. Best is trial 249 with value: 14.215713620185852.
Trial 299 finished with value: 71.08137798309326 and parameters: {'reg_l1': 0.35991856292629887, 'reg_l2': 0.1902675748203686, 'learning_rate': 0.01, 'dropout': 0.35313064527088317, 'batch_size': 160, 'encoder_layer0_unit': 288, 'encoder_layer1_unit': 416, 'encoder_layer2_unit': 128, 'encoder_layer3_unit': 288, 'encoder_z_mean_layer0_unit': 128, 'encoder_z_mean_layer1_unit': 96, 'encoder_z_log_var_layer0_unit': 32, 'encoder_z_log_var_layer1_unit': 128, 'decoder_layer0_unit': 96, 'decoder_layer1_unit': 128, 'decoder_layer2_unit': 64, 'decoder_layer3_unit': 448, 'decoder_layer4_unit': 96, 'decoder_layer5_unit': 288}. Best is trial 249 with value: 14.215713620185852.
Trial 300 finished with value: 71.08729648590088 and parameters: {'reg_l1': 0.99104310492778, 'reg_l2': 0.642109048507934, 'learning_rate': 0.01, 'dropout': 0.37343991107562796, 'batch_size': 160, 'encoder_layer0_unit': 256, 'encoder_layer1_unit': 224, 'encoder_layer2_unit': 256, 'encoder_layer3_unit': 384, 'encoder_z_mean_layer0_unit': 32, 'encoder_z_mean_layer1_unit': 128, 'encoder_z_log_var_layer0_unit': 64, 'encoder_z_log_var_layer1_unit': 96, 'decoder_layer0_unit': 352, 'decoder_layer1_unit': 384, 'decoder_layer2_unit': 160, 'decoder_layer3_unit': 160, 'decoder_layer4_unit': 224, 'decoder_layer5_unit': 288}. Best is trial 249 with value: 14.215713620185852.
Trial 301 finished with value: 98.35417366027832 and parameters: {'reg_l1': 0.40852535716760396, 'reg_l2': 0.7568557250262069, 'learning_rate': 0.005, 'dropout': 0.375920764281082, 'batch_size': 224, 'encoder_layer0_unit': 416, 'encoder_layer1_unit': 416, 'encoder_layer2_unit': 192, 'encoder_layer3_unit': 128, 'encoder_z_mean_layer0_unit': 96, 'encoder_z_mean_layer1_unit': 128, 'encoder_z_log_var_layer0_unit': 32, 'encoder_z_log_var_layer1_unit': 96, 'decoder_layer0_unit': 32, 'decoder_layer1_unit': 416, 'decoder_layer2_unit': 64, 'decoder_layer3_unit': 128, 'decoder_layer4_unit': 288, 'decoder_layer5_unit': 480}. Best is trial 249 with value: 14.215713620185852.
Trial 302 finished with value: 98.91763687133789 and parameters: {'reg_l1': 0.758061753769571, 'reg_l2': 0.47696309537790804, 'learning_rate': 0.005, 'dropout': 0.1507709548436706, 'batch_size': 224, 'encoder_layer0_unit': 224, 'encoder_layer1_unit': 352, 'encoder_layer2_unit': 448, 'encoder_layer3_unit': 224, 'encoder_z_mean_layer0_unit': 32, 'encoder_z_mean_layer1_unit': 64, 'encoder_z_log_var_layer0_unit': 64, 'encoder_z_log_var_layer1_unit': 128, 'decoder_layer0_unit': 352, 'decoder_layer1_unit': 256, 'decoder_layer2_unit': 384, 'decoder_layer3_unit': 96, 'decoder_layer4_unit': 448, 'decoder_layer5_unit': 256}. Best is trial 249 with value: 14.215713620185852.
Trial 303 finished with value: 42.56772804260254 and parameters: {'reg_l1': 0.6416967100385658, 'reg_l2': 0.1618188517771365, 'learning_rate': 0.001, 'dropout': 0.22798224794687288, 'batch_size': 96, 'encoder_layer0_unit': 256, 'encoder_layer1_unit': 480, 'encoder_layer2_unit': 288, 'encoder_layer3_unit': 128, 'encoder_z_mean_layer0_unit': 128, 'encoder_z_mean_layer1_unit': 32, 'encoder_z_log_var_layer0_unit': 64, 'encoder_z_log_var_layer1_unit': 96, 'decoder_layer0_unit': 96, 'decoder_layer1_unit': 320, 'decoder_layer2_unit': 224, 'decoder_layer3_unit': 480, 'decoder_layer4_unit': 96, 'decoder_layer5_unit': 192}. Best is trial 249 with value: 14.215713620185852.
Trial 304 finished with value: 112.8188886642456 and parameters: {'reg_l1': 0.8693673571406055, 'reg_l2': 0.7153648529852099, 'learning_rate': 0.001, 'dropout': 0.09715574448839409, 'batch_size': 256, 'encoder_layer0_unit': 352, 'encoder_layer1_unit': 480, 'encoder_layer2_unit': 480, 'encoder_layer3_unit': 384, 'encoder_z_mean_layer0_unit': 128, 'encoder_z_mean_layer1_unit': 32, 'encoder_z_log_var_layer0_unit': 96, 'encoder_z_log_var_layer1_unit': 128, 'decoder_layer0_unit': 416, 'decoder_layer1_unit': 384, 'decoder_layer2_unit': 352, 'decoder_layer3_unit': 288, 'decoder_layer4_unit': 192, 'decoder_layer5_unit': 448}. Best is trial 249 with value: 14.215713620185852.
Trial 305 finished with value: 112.2565221786499 and parameters: {'reg_l1': 0.8774093431381315, 'reg_l2': 0.22795594062746838, 'learning_rate': 0.005, 'dropout': 0.32041231540163423, 'batch_size': 256, 'encoder_layer0_unit': 256, 'encoder_layer1_unit': 480, 'encoder_layer2_unit': 160, 'encoder_layer3_unit': 352, 'encoder_z_mean_layer0_unit': 128, 'encoder_z_mean_layer1_unit': 96, 'encoder_z_log_var_layer0_unit': 32, 'encoder_z_log_var_layer1_unit': 96, 'decoder_layer0_unit': 384, 'decoder_layer1_unit': 288, 'decoder_layer2_unit': 416, 'decoder_layer3_unit': 320, 'decoder_layer4_unit': 448, 'decoder_layer5_unit': 128}. Best is trial 249 with value: 14.215713620185852.
Trial 306 finished with value: 56.45534658432007 and parameters: {'reg_l1': 0.2860744583860545, 'reg_l2': 0.7124703919489329, 'learning_rate': 0.01, 'dropout': 0.19291995266113832, 'batch_size': 128, 'encoder_layer0_unit': 384, 'encoder_layer1_unit': 416, 'encoder_layer2_unit': 288, 'encoder_layer3_unit': 416, 'encoder_z_mean_layer0_unit': 96, 'encoder_z_mean_layer1_unit': 128, 'encoder_z_log_var_layer0_unit': 96, 'encoder_z_log_var_layer1_unit': 64, 'decoder_layer0_unit': 192, 'decoder_layer1_unit': 32, 'decoder_layer2_unit': 224, 'decoder_layer3_unit': 480, 'decoder_layer4_unit': 480, 'decoder_layer5_unit': 416}. Best is trial 249 with value: 14.215713620185852.
Trial 307 finished with value: 56.68984079360962 and parameters: {'reg_l1': 0.9664993178902206, 'reg_l2': 0.4431026337689338, 'learning_rate': 0.0005, 'dropout': 0.0929073507316115, 'batch_size': 128, 'encoder_layer0_unit': 480, 'encoder_layer1_unit': 320, 'encoder_layer2_unit': 224, 'encoder_layer3_unit': 160, 'encoder_z_mean_layer0_unit': 96, 'encoder_z_mean_layer1_unit': 96, 'encoder_z_log_var_layer0_unit': 96, 'encoder_z_log_var_layer1_unit': 128, 'decoder_layer0_unit': 448, 'decoder_layer1_unit': 256, 'decoder_layer2_unit': 224, 'decoder_layer3_unit': 128, 'decoder_layer4_unit': 192, 'decoder_layer5_unit': 384}. Best is trial 249 with value: 14.215713620185852.
Trial 308 finished with value: 84.76878833770752 and parameters: {'reg_l1': 0.5217842149882554, 'reg_l2': 0.06422515210091573, 'learning_rate': 0.0001, 'dropout': 0.02852973460478958, 'batch_size': 192, 'encoder_layer0_unit': 384, 'encoder_layer1_unit': 448, 'encoder_layer2_unit': 416, 'encoder_layer3_unit': 320, 'encoder_z_mean_layer0_unit': 64, 'encoder_z_mean_layer1_unit': 128, 'encoder_z_log_var_layer0_unit': 32, 'encoder_z_log_var_layer1_unit': 32, 'decoder_layer0_unit': 320, 'decoder_layer1_unit': 448, 'decoder_layer2_unit': 64, 'decoder_layer3_unit': 32, 'decoder_layer4_unit': 352, 'decoder_layer5_unit': 480}. Best is trial 249 with value: 14.215713620185852.
Trial 309 finished with value: 56.712684631347656 and parameters: {'reg_l1': 0.37997531427686915, 'reg_l2': 0.8896275867781085, 'learning_rate': 0.0005, 'dropout': 0.2026935313094846, 'batch_size': 128, 'encoder_layer0_unit': 448, 'encoder_layer1_unit': 416, 'encoder_layer2_unit': 320, 'encoder_layer3_unit': 480, 'encoder_z_mean_layer0_unit': 96, 'encoder_z_mean_layer1_unit': 64, 'encoder_z_log_var_layer0_unit': 64, 'encoder_z_log_var_layer1_unit': 64, 'decoder_layer0_unit': 224, 'decoder_layer1_unit': 416, 'decoder_layer2_unit': 96, 'decoder_layer3_unit': 288, 'decoder_layer4_unit': 480, 'decoder_layer5_unit': 448}. Best is trial 249 with value: 14.215713620185852.
Trial 310 finished with value: 56.57260990142822 and parameters: {'reg_l1': 0.2568122447546666, 'reg_l2': 0.2261421505975829, 'learning_rate': 0.01, 'dropout': 0.03911278001827917, 'batch_size': 128, 'encoder_layer0_unit': 224, 'encoder_layer1_unit': 448, 'encoder_layer2_unit': 128, 'encoder_layer3_unit': 288, 'encoder_z_mean_layer0_unit': 96, 'encoder_z_mean_layer1_unit': 96, 'encoder_z_log_var_layer0_unit': 96, 'encoder_z_log_var_layer1_unit': 128, 'decoder_layer0_unit': 416, 'decoder_layer1_unit': 320, 'decoder_layer2_unit': 96, 'decoder_layer3_unit': 288, 'decoder_layer4_unit': 224, 'decoder_layer5_unit': 32}. Best is trial 249 with value: 14.215713620185852.
Trial 311 finished with value: 56.67015552520752 and parameters: {'reg_l1': 0.9100258267893776, 'reg_l2': 0.6629889447054756, 'learning_rate': 0.0005, 'dropout': 0.47442961118737725, 'batch_size': 128, 'encoder_layer0_unit': 416, 'encoder_layer1_unit': 448, 'encoder_layer2_unit': 288, 'encoder_layer3_unit': 384, 'encoder_z_mean_layer0_unit': 32, 'encoder_z_mean_layer1_unit': 128, 'encoder_z_log_var_layer0_unit': 64, 'encoder_z_log_var_layer1_unit': 32, 'decoder_layer0_unit': 448, 'decoder_layer1_unit': 128, 'decoder_layer2_unit': 448, 'decoder_layer3_unit': 416, 'decoder_layer4_unit': 384, 'decoder_layer5_unit': 64}. Best is trial 249 with value: 14.215713620185852.
Trial 312 finished with value: 28.46647071838379 and parameters: {'reg_l1': 0.4039562489738434, 'reg_l2': 0.5653560706435838, 'learning_rate': 0.005, 'dropout': 0.07295166940587416, 'batch_size': 64, 'encoder_layer0_unit': 256, 'encoder_layer1_unit': 160, 'encoder_layer2_unit': 416, 'encoder_layer3_unit': 448, 'encoder_z_mean_layer0_unit': 128, 'encoder_z_mean_layer1_unit': 128, 'encoder_z_log_var_layer0_unit': 96, 'encoder_z_log_var_layer1_unit': 128, 'decoder_layer0_unit': 128, 'decoder_layer1_unit': 256, 'decoder_layer2_unit': 384, 'decoder_layer3_unit': 224, 'decoder_layer4_unit': 192, 'decoder_layer5_unit': 224}. Best is trial 249 with value: 14.215713620185852.
Trial 313 finished with value: 14.221076369285583 and parameters: {'reg_l1': 0.0907957998066573, 'reg_l2': 0.7813260716237342, 'learning_rate': 0.0005, 'dropout': 0.04034120859730295, 'batch_size': 32, 'encoder_layer0_unit': 160, 'encoder_layer1_unit': 448, 'encoder_layer2_unit': 320, 'encoder_layer3_unit': 288, 'encoder_z_mean_layer0_unit': 32, 'encoder_z_mean_layer1_unit': 32, 'encoder_z_log_var_layer0_unit': 96, 'encoder_z_log_var_layer1_unit': 32, 'decoder_layer0_unit': 96, 'decoder_layer1_unit': 224, 'decoder_layer2_unit': 480, 'decoder_layer3_unit': 192, 'decoder_layer4_unit': 416, 'decoder_layer5_unit': 416}. Best is trial 249 with value: 14.215713620185852.
Trial 314 finished with value: 84.58439636230469 and parameters: {'reg_l1': 0.7271213751166604, 'reg_l2': 0.9895386006198544, 'learning_rate': 0.0005, 'dropout': 0.06857507449840561, 'batch_size': 192, 'encoder_layer0_unit': 384, 'encoder_layer1_unit': 448, 'encoder_layer2_unit': 224, 'encoder_layer3_unit': 224, 'encoder_z_mean_layer0_unit': 128, 'encoder_z_mean_layer1_unit': 64, 'encoder_z_log_var_layer0_unit': 128, 'encoder_z_log_var_layer1_unit': 128, 'decoder_layer0_unit': 32, 'decoder_layer1_unit': 224, 'decoder_layer2_unit': 128, 'decoder_layer3_unit': 256, 'decoder_layer4_unit': 160, 'decoder_layer5_unit': 352}. Best is trial 249 with value: 14.215713620185852.
Trial 315 finished with value: 42.49195194244385 and parameters: {'reg_l1': 0.841662518102624, 'reg_l2': 0.430248456888626, 'learning_rate': 0.005, 'dropout': 0.42230635035829645, 'batch_size': 96, 'encoder_layer0_unit': 160, 'encoder_layer1_unit': 448, 'encoder_layer2_unit': 352, 'encoder_layer3_unit': 192, 'encoder_z_mean_layer0_unit': 64, 'encoder_z_mean_layer1_unit': 96, 'encoder_z_log_var_layer0_unit': 128, 'encoder_z_log_var_layer1_unit': 96, 'decoder_layer0_unit': 416, 'decoder_layer1_unit': 448, 'decoder_layer2_unit': 96, 'decoder_layer3_unit': 288, 'decoder_layer4_unit': 480, 'decoder_layer5_unit': 128}. Best is trial 249 with value: 14.215713620185852.
Trial 316 finished with value: 14.21688997745514 and parameters: {'reg_l1': 0.6441679592942303, 'reg_l2': 0.5523851681378132, 'learning_rate': 0.001, 'dropout': 0.2876478627125227, 'batch_size': 32, 'encoder_layer0_unit': 192, 'encoder_layer1_unit': 352, 'encoder_layer2_unit': 288, 'encoder_layer3_unit': 384, 'encoder_z_mean_layer0_unit': 96, 'encoder_z_mean_layer1_unit': 96, 'encoder_z_log_var_layer0_unit': 128, 'encoder_z_log_var_layer1_unit': 96, 'decoder_layer0_unit': 480, 'decoder_layer1_unit': 384, 'decoder_layer2_unit': 416, 'decoder_layer3_unit': 256, 'decoder_layer4_unit': 32, 'decoder_layer5_unit': 224}. Best is trial 249 with value: 14.215713620185852.
Trial 317 finished with value: 56.641969203948975 and parameters: {'reg_l1': 0.34808342854672314, 'reg_l2': 0.8548547629495749, 'learning_rate': 0.0001, 'dropout': 0.05601550149575624, 'batch_size': 128, 'encoder_layer0_unit': 288, 'encoder_layer1_unit': 288, 'encoder_layer2_unit': 352, 'encoder_layer3_unit': 288, 'encoder_z_mean_layer0_unit': 32, 'encoder_z_mean_layer1_unit': 32, 'encoder_z_log_var_layer0_unit': 64, 'encoder_z_log_var_layer1_unit': 64, 'decoder_layer0_unit': 384, 'decoder_layer1_unit': 256, 'decoder_layer2_unit': 32, 'decoder_layer3_unit': 128, 'decoder_layer4_unit': 160, 'decoder_layer5_unit': 64}. Best is trial 249 with value: 14.215713620185852.
Trial 318 finished with value: 14.223957061767578 and parameters: {'reg_l1': 0.8764920563768809, 'reg_l2': 0.5715200706575565, 'learning_rate': 0.001, 'dropout': 0.4074813205769253, 'batch_size': 32, 'encoder_layer0_unit': 224, 'encoder_layer1_unit': 480, 'encoder_layer2_unit': 288, 'encoder_layer3_unit': 256, 'encoder_z_mean_layer0_unit': 96, 'encoder_z_mean_layer1_unit': 96, 'encoder_z_log_var_layer0_unit': 128, 'encoder_z_log_var_layer1_unit': 64, 'decoder_layer0_unit': 256, 'decoder_layer1_unit': 416, 'decoder_layer2_unit': 448, 'decoder_layer3_unit': 320, 'decoder_layer4_unit': 256, 'decoder_layer5_unit': 384}. Best is trial 249 with value: 14.215713620185852.
Trial 319 finished with value: 28.46230411529541 and parameters: {'reg_l1': 0.7827580528066298, 'reg_l2': 0.22846964503404144, 'learning_rate': 0.0005, 'dropout': 0.07771831631481935, 'batch_size': 64, 'encoder_layer0_unit': 256, 'encoder_layer1_unit': 384, 'encoder_layer2_unit': 480, 'encoder_layer3_unit': 480, 'encoder_z_mean_layer0_unit': 128, 'encoder_z_mean_layer1_unit': 128, 'encoder_z_log_var_layer0_unit': 32, 'encoder_z_log_var_layer1_unit': 96, 'decoder_layer0_unit': 288, 'decoder_layer1_unit': 64, 'decoder_layer2_unit': 160, 'decoder_layer3_unit': 288, 'decoder_layer4_unit': 416, 'decoder_layer5_unit': 384}. Best is trial 249 with value: 14.215713620185852.
