A new study created in RDB with name: timeSeries_withRoI_zdim20
Trial 0 finished with value: 28.4436457157135 and parameters: {'reg_l1': 0.11766776290505865, 'reg_l2': 0.27244727502017885, 'learning_rate': 0.0001, 'dropout': 0.003994481805853323, 'batch_size': 64, 'encoder_layer0_unit': 320, 'encoder_layer1_unit': 256, 'encoder_layer2_unit': 224, 'encoder_layer3_unit': 352, 'encoder_z_mean_layer0_unit': 128, 'encoder_z_mean_layer1_unit': 128, 'encoder_z_log_var_layer0_unit': 32, 'encoder_z_log_var_layer1_unit': 96, 'decoder_layer0_unit': 352, 'decoder_layer1_unit': 96, 'decoder_layer2_unit': 320, 'decoder_layer3_unit': 128, 'decoder_layer4_unit': 256, 'decoder_layer5_unit': 480}. Best is trial 0 with value: 28.4436457157135.
Trial 1 finished with value: 56.64179039001465 and parameters: {'reg_l1': 0.21829239903287512, 'reg_l2': 0.9072678960891947, 'learning_rate': 0.001, 'dropout': 0.492154137963691, 'batch_size': 128, 'encoder_layer0_unit': 288, 'encoder_layer1_unit': 256, 'encoder_layer2_unit': 384, 'encoder_layer3_unit': 320, 'encoder_z_mean_layer0_unit': 32, 'encoder_z_mean_layer1_unit': 96, 'encoder_z_log_var_layer0_unit': 32, 'encoder_z_log_var_layer1_unit': 32, 'decoder_layer0_unit': 416, 'decoder_layer1_unit': 352, 'decoder_layer2_unit': 256, 'decoder_layer3_unit': 320, 'decoder_layer4_unit': 64, 'decoder_layer5_unit': 352}. Best is trial 0 with value: 28.4436457157135.
Trial 2 finished with value: 42.63311576843262 and parameters: {'reg_l1': 0.037603192328990676, 'reg_l2': 0.15007701056128364, 'learning_rate': 0.001, 'dropout': 0.301176039284928, 'batch_size': 96, 'encoder_layer0_unit': 448, 'encoder_layer1_unit': 128, 'encoder_layer2_unit': 224, 'encoder_layer3_unit': 192, 'encoder_z_mean_layer0_unit': 64, 'encoder_z_mean_layer1_unit': 32, 'encoder_z_log_var_layer0_unit': 64, 'encoder_z_log_var_layer1_unit': 32, 'decoder_layer0_unit': 224, 'decoder_layer1_unit': 288, 'decoder_layer2_unit': 384, 'decoder_layer3_unit': 256, 'decoder_layer4_unit': 224, 'decoder_layer5_unit': 96}. Best is trial 0 with value: 28.4436457157135.
Trial 3 finished with value: 112.90216541290283 and parameters: {'reg_l1': 0.515446447178107, 'reg_l2': 0.5090104970992133, 'learning_rate': 0.001, 'dropout': 0.3855357570243289, 'batch_size': 256, 'encoder_layer0_unit': 448, 'encoder_layer1_unit': 416, 'encoder_layer2_unit': 256, 'encoder_layer3_unit': 352, 'encoder_z_mean_layer0_unit': 32, 'encoder_z_mean_layer1_unit': 32, 'encoder_z_log_var_layer0_unit': 128, 'encoder_z_log_var_layer1_unit': 64, 'decoder_layer0_unit': 96, 'decoder_layer1_unit': 32, 'decoder_layer2_unit': 288, 'decoder_layer3_unit': 224, 'decoder_layer4_unit': 480, 'decoder_layer5_unit': 96}. Best is trial 0 with value: 28.4436457157135.
Trial 4 finished with value: 84.36202621459961 and parameters: {'reg_l1': 0.4616799966270785, 'reg_l2': 0.6862446387369772, 'learning_rate': 0.005, 'dropout': 0.30279715384979017, 'batch_size': 192, 'encoder_layer0_unit': 480, 'encoder_layer1_unit': 256, 'encoder_layer2_unit': 192, 'encoder_layer3_unit': 352, 'encoder_z_mean_layer0_unit': 96, 'encoder_z_mean_layer1_unit': 96, 'encoder_z_log_var_layer0_unit': 32, 'encoder_z_log_var_layer1_unit': 96, 'decoder_layer0_unit': 32, 'decoder_layer1_unit': 448, 'decoder_layer2_unit': 384, 'decoder_layer3_unit': 480, 'decoder_layer4_unit': 32, 'decoder_layer5_unit': 192}. Best is trial 0 with value: 28.4436457157135.
Trial 5 finished with value: 56.71888828277588 and parameters: {'reg_l1': 0.38325783578040173, 'reg_l2': 0.2323201458438069, 'learning_rate': 0.001, 'dropout': 0.12245917485670577, 'batch_size': 128, 'encoder_layer0_unit': 416, 'encoder_layer1_unit': 192, 'encoder_layer2_unit': 352, 'encoder_layer3_unit': 224, 'encoder_z_mean_layer0_unit': 32, 'encoder_z_mean_layer1_unit': 32, 'encoder_z_log_var_layer0_unit': 128, 'encoder_z_log_var_layer1_unit': 64, 'decoder_layer0_unit': 320, 'decoder_layer1_unit': 96, 'decoder_layer2_unit': 448, 'decoder_layer3_unit': 352, 'decoder_layer4_unit': 352, 'decoder_layer5_unit': 96}. Best is trial 0 with value: 28.4436457157135.
Trial 6 finished with value: 28.448335886001587 and parameters: {'reg_l1': 0.9203221429634197, 'reg_l2': 0.7870056806004365, 'learning_rate': 0.005, 'dropout': 0.04841474453173761, 'batch_size': 64, 'encoder_layer0_unit': 448, 'encoder_layer1_unit': 480, 'encoder_layer2_unit': 256, 'encoder_layer3_unit': 480, 'encoder_z_mean_layer0_unit': 64, 'encoder_z_mean_layer1_unit': 128, 'encoder_z_log_var_layer0_unit': 64, 'encoder_z_log_var_layer1_unit': 32, 'decoder_layer0_unit': 32, 'decoder_layer1_unit': 480, 'decoder_layer2_unit': 128, 'decoder_layer3_unit': 192, 'decoder_layer4_unit': 480, 'decoder_layer5_unit': 320}. Best is trial 0 with value: 28.4436457157135.
Trial 7 finished with value: 112.84880638122559 and parameters: {'reg_l1': 0.3934736880014823, 'reg_l2': 0.08798830906527533, 'learning_rate': 0.001, 'dropout': 0.2353119621348686, 'batch_size': 256, 'encoder_layer0_unit': 192, 'encoder_layer1_unit': 384, 'encoder_layer2_unit': 480, 'encoder_layer3_unit': 128, 'encoder_z_mean_layer0_unit': 128, 'encoder_z_mean_layer1_unit': 32, 'encoder_z_log_var_layer0_unit': 128, 'encoder_z_log_var_layer1_unit': 32, 'decoder_layer0_unit': 64, 'decoder_layer1_unit': 384, 'decoder_layer2_unit': 384, 'decoder_layer3_unit': 384, 'decoder_layer4_unit': 416, 'decoder_layer5_unit': 224}. Best is trial 0 with value: 28.4436457157135.
Trial 8 finished with value: 28.437601804733276 and parameters: {'reg_l1': 0.9225741046750463, 'reg_l2': 0.22350991439306378, 'learning_rate': 0.01, 'dropout': 0.4259783403597986, 'batch_size': 64, 'encoder_layer0_unit': 192, 'encoder_layer1_unit': 224, 'encoder_layer2_unit': 128, 'encoder_layer3_unit': 416, 'encoder_z_mean_layer0_unit': 64, 'encoder_z_mean_layer1_unit': 96, 'encoder_z_log_var_layer0_unit': 32, 'encoder_z_log_var_layer1_unit': 128, 'decoder_layer0_unit': 320, 'decoder_layer1_unit': 480, 'decoder_layer2_unit': 128, 'decoder_layer3_unit': 320, 'decoder_layer4_unit': 288, 'decoder_layer5_unit': 320}. Best is trial 8 with value: 28.437601804733276.
Trial 9 finished with value: 28.47237253189087 and parameters: {'reg_l1': 0.40389815751138713, 'reg_l2': 0.1293849377578471, 'learning_rate': 0.0005, 'dropout': 0.3684391790079546, 'batch_size': 64, 'encoder_layer0_unit': 416, 'encoder_layer1_unit': 128, 'encoder_layer2_unit': 320, 'encoder_layer3_unit': 288, 'encoder_z_mean_layer0_unit': 64, 'encoder_z_mean_layer1_unit': 96, 'encoder_z_log_var_layer0_unit': 32, 'encoder_z_log_var_layer1_unit': 32, 'decoder_layer0_unit': 416, 'decoder_layer1_unit': 480, 'decoder_layer2_unit': 192, 'decoder_layer3_unit': 416, 'decoder_layer4_unit': 416, 'decoder_layer5_unit': 416}. Best is trial 8 with value: 28.437601804733276.
Trial 10 finished with value: 56.595630168914795 and parameters: {'reg_l1': 0.187704722510728, 'reg_l2': 0.27761425880168156, 'learning_rate': 0.0005, 'dropout': 0.042674947109510475, 'batch_size': 128, 'encoder_layer0_unit': 352, 'encoder_layer1_unit': 480, 'encoder_layer2_unit': 288, 'encoder_layer3_unit': 480, 'encoder_z_mean_layer0_unit': 128, 'encoder_z_mean_layer1_unit': 128, 'encoder_z_log_var_layer0_unit': 64, 'encoder_z_log_var_layer1_unit': 96, 'decoder_layer0_unit': 480, 'decoder_layer1_unit': 384, 'decoder_layer2_unit': 256, 'decoder_layer3_unit': 96, 'decoder_layer4_unit': 480, 'decoder_layer5_unit': 128}. Best is trial 8 with value: 28.437601804733276.
Trial 11 finished with value: 84.49596500396729 and parameters: {'reg_l1': 0.9350083302867905, 'reg_l2': 0.5775074347046287, 'learning_rate': 0.005, 'dropout': 0.2142898434506002, 'batch_size': 192, 'encoder_layer0_unit': 128, 'encoder_layer1_unit': 256, 'encoder_layer2_unit': 320, 'encoder_layer3_unit': 480, 'encoder_z_mean_layer0_unit': 128, 'encoder_z_mean_layer1_unit': 64, 'encoder_z_log_var_layer0_unit': 128, 'encoder_z_log_var_layer1_unit': 96, 'decoder_layer0_unit': 224, 'decoder_layer1_unit': 96, 'decoder_layer2_unit': 352, 'decoder_layer3_unit': 64, 'decoder_layer4_unit': 320, 'decoder_layer5_unit': 416}. Best is trial 8 with value: 28.437601804733276.
Trial 12 finished with value: 112.83649730682373 and parameters: {'reg_l1': 0.09160159894693665, 'reg_l2': 0.36536129120099037, 'learning_rate': 0.001, 'dropout': 0.08197925016242552, 'batch_size': 256, 'encoder_layer0_unit': 384, 'encoder_layer1_unit': 352, 'encoder_layer2_unit': 288, 'encoder_layer3_unit': 128, 'encoder_z_mean_layer0_unit': 96, 'encoder_z_mean_layer1_unit': 32, 'encoder_z_log_var_layer0_unit': 96, 'encoder_z_log_var_layer1_unit': 64, 'decoder_layer0_unit': 480, 'decoder_layer1_unit': 32, 'decoder_layer2_unit': 384, 'decoder_layer3_unit': 64, 'decoder_layer4_unit': 192, 'decoder_layer5_unit': 64}. Best is trial 8 with value: 28.437601804733276.
Trial 13 finished with value: 70.69741821289062 and parameters: {'reg_l1': 0.38794367944282393, 'reg_l2': 0.4481506744035184, 'learning_rate': 0.001, 'dropout': 0.4678066196658295, 'batch_size': 160, 'encoder_layer0_unit': 128, 'encoder_layer1_unit': 448, 'encoder_layer2_unit': 416, 'encoder_layer3_unit': 224, 'encoder_z_mean_layer0_unit': 96, 'encoder_z_mean_layer1_unit': 32, 'encoder_z_log_var_layer0_unit': 128, 'encoder_z_log_var_layer1_unit': 96, 'decoder_layer0_unit': 64, 'decoder_layer1_unit': 192, 'decoder_layer2_unit': 384, 'decoder_layer3_unit': 320, 'decoder_layer4_unit': 192, 'decoder_layer5_unit': 416}. Best is trial 8 with value: 28.437601804733276.
Trial 14 finished with value: 14.216636776924133 and parameters: {'reg_l1': 0.6189881082136672, 'reg_l2': 0.6268079450707027, 'learning_rate': 0.0005, 'dropout': 0.17179965006808495, 'batch_size': 32, 'encoder_layer0_unit': 288, 'encoder_layer1_unit': 416, 'encoder_layer2_unit': 480, 'encoder_layer3_unit': 160, 'encoder_z_mean_layer0_unit': 64, 'encoder_z_mean_layer1_unit': 128, 'encoder_z_log_var_layer0_unit': 64, 'encoder_z_log_var_layer1_unit': 128, 'decoder_layer0_unit': 32, 'decoder_layer1_unit': 288, 'decoder_layer2_unit': 480, 'decoder_layer3_unit': 256, 'decoder_layer4_unit': 192, 'decoder_layer5_unit': 192}. Best is trial 14 with value: 14.216636776924133.
Trial 15 finished with value: 42.6451416015625 and parameters: {'reg_l1': 0.6431951069966548, 'reg_l2': 0.1441641656696725, 'learning_rate': 0.01, 'dropout': 0.3591243021738735, 'batch_size': 96, 'encoder_layer0_unit': 384, 'encoder_layer1_unit': 320, 'encoder_layer2_unit': 384, 'encoder_layer3_unit': 352, 'encoder_z_mean_layer0_unit': 64, 'encoder_z_mean_layer1_unit': 128, 'encoder_z_log_var_layer0_unit': 32, 'encoder_z_log_var_layer1_unit': 32, 'decoder_layer0_unit': 256, 'decoder_layer1_unit': 384, 'decoder_layer2_unit': 416, 'decoder_layer3_unit': 320, 'decoder_layer4_unit': 224, 'decoder_layer5_unit': 256}. Best is trial 14 with value: 14.216636776924133.
Trial 16 finished with value: 98.87977695465088 and parameters: {'reg_l1': 0.8606303341873028, 'reg_l2': 0.8630143569369959, 'learning_rate': 0.0005, 'dropout': 0.1915808009615516, 'batch_size': 224, 'encoder_layer0_unit': 352, 'encoder_layer1_unit': 192, 'encoder_layer2_unit': 320, 'encoder_layer3_unit': 160, 'encoder_z_mean_layer0_unit': 64, 'encoder_z_mean_layer1_unit': 32, 'encoder_z_log_var_layer0_unit': 32, 'encoder_z_log_var_layer1_unit': 96, 'decoder_layer0_unit': 256, 'decoder_layer1_unit': 416, 'decoder_layer2_unit': 224, 'decoder_layer3_unit': 288, 'decoder_layer4_unit': 416, 'decoder_layer5_unit': 128}. Best is trial 14 with value: 14.216636776924133.
Trial 17 finished with value: 84.77123737335205 and parameters: {'reg_l1': 0.09586146898022863, 'reg_l2': 0.07154633068549898, 'learning_rate': 0.01, 'dropout': 0.1893033618297395, 'batch_size': 192, 'encoder_layer0_unit': 416, 'encoder_layer1_unit': 160, 'encoder_layer2_unit': 288, 'encoder_layer3_unit': 320, 'encoder_z_mean_layer0_unit': 96, 'encoder_z_mean_layer1_unit': 128, 'encoder_z_log_var_layer0_unit': 96, 'encoder_z_log_var_layer1_unit': 64, 'decoder_layer0_unit': 288, 'decoder_layer1_unit': 384, 'decoder_layer2_unit': 96, 'decoder_layer3_unit': 160, 'decoder_layer4_unit': 288, 'decoder_layer5_unit': 448}. Best is trial 14 with value: 14.216636776924133.
Trial 18 finished with value: 84.97299194335938 and parameters: {'reg_l1': 0.04297572462772725, 'reg_l2': 0.24538515270139283, 'learning_rate': 0.0001, 'dropout': 0.4263172892880635, 'batch_size': 192, 'encoder_layer0_unit': 416, 'encoder_layer1_unit': 320, 'encoder_layer2_unit': 384, 'encoder_layer3_unit': 320, 'encoder_z_mean_layer0_unit': 64, 'encoder_z_mean_layer1_unit': 64, 'encoder_z_log_var_layer0_unit': 32, 'encoder_z_log_var_layer1_unit': 128, 'decoder_layer0_unit': 32, 'decoder_layer1_unit': 160, 'decoder_layer2_unit': 480, 'decoder_layer3_unit': 448, 'decoder_layer4_unit': 288, 'decoder_layer5_unit': 192}. Best is trial 14 with value: 14.216636776924133.
Trial 19 finished with value: 84.87729740142822 and parameters: {'reg_l1': 0.11692458713813147, 'reg_l2': 0.46807161370030215, 'learning_rate': 0.01, 'dropout': 0.12822521450814217, 'batch_size': 192, 'encoder_layer0_unit': 352, 'encoder_layer1_unit': 384, 'encoder_layer2_unit': 416, 'encoder_layer3_unit': 224, 'encoder_z_mean_layer0_unit': 128, 'encoder_z_mean_layer1_unit': 128, 'encoder_z_log_var_layer0_unit': 128, 'encoder_z_log_var_layer1_unit': 64, 'decoder_layer0_unit': 384, 'decoder_layer1_unit': 224, 'decoder_layer2_unit': 384, 'decoder_layer3_unit': 192, 'decoder_layer4_unit': 320, 'decoder_layer5_unit': 128}. Best is trial 14 with value: 14.216636776924133.
Trial 20 finished with value: 70.7333631515503 and parameters: {'reg_l1': 0.4286324187350695, 'reg_l2': 0.569773241679145, 'learning_rate': 0.001, 'dropout': 0.4015172953446885, 'batch_size': 160, 'encoder_layer0_unit': 448, 'encoder_layer1_unit': 160, 'encoder_layer2_unit': 448, 'encoder_layer3_unit': 416, 'encoder_z_mean_layer0_unit': 96, 'encoder_z_mean_layer1_unit': 64, 'encoder_z_log_var_layer0_unit': 128, 'encoder_z_log_var_layer1_unit': 128, 'decoder_layer0_unit': 352, 'decoder_layer1_unit': 320, 'decoder_layer2_unit': 384, 'decoder_layer3_unit': 160, 'decoder_layer4_unit': 96, 'decoder_layer5_unit': 480}. Best is trial 14 with value: 14.216636776924133.
Trial 21 finished with value: 84.48409366607666 and parameters: {'reg_l1': 0.4122034338108115, 'reg_l2': 0.14994378425289623, 'learning_rate': 0.005, 'dropout': 0.19865376079839342, 'batch_size': 192, 'encoder_layer0_unit': 352, 'encoder_layer1_unit': 128, 'encoder_layer2_unit': 256, 'encoder_layer3_unit': 320, 'encoder_z_mean_layer0_unit': 64, 'encoder_z_mean_layer1_unit': 96, 'encoder_z_log_var_layer0_unit': 96, 'encoder_z_log_var_layer1_unit': 64, 'decoder_layer0_unit': 192, 'decoder_layer1_unit': 320, 'decoder_layer2_unit': 480, 'decoder_layer3_unit': 128, 'decoder_layer4_unit': 288, 'decoder_layer5_unit': 352}. Best is trial 14 with value: 14.216636776924133.
Trial 22 finished with value: 42.51099920272827 and parameters: {'reg_l1': 0.8616180004510499, 'reg_l2': 0.9345386808446419, 'learning_rate': 0.001, 'dropout': 0.3612867836514677, 'batch_size': 96, 'encoder_layer0_unit': 384, 'encoder_layer1_unit': 256, 'encoder_layer2_unit': 192, 'encoder_layer3_unit': 352, 'encoder_z_mean_layer0_unit': 128, 'encoder_z_mean_layer1_unit': 128, 'encoder_z_log_var_layer0_unit': 96, 'encoder_z_log_var_layer1_unit': 64, 'decoder_layer0_unit': 224, 'decoder_layer1_unit': 160, 'decoder_layer2_unit': 480, 'decoder_layer3_unit': 32, 'decoder_layer4_unit': 416, 'decoder_layer5_unit': 128}. Best is trial 14 with value: 14.216636776924133.
Trial 23 finished with value: 56.69683361053467 and parameters: {'reg_l1': 0.9163833095429104, 'reg_l2': 0.5362665841994028, 'learning_rate': 0.001, 'dropout': 0.38729759353474363, 'batch_size': 128, 'encoder_layer0_unit': 256, 'encoder_layer1_unit': 384, 'encoder_layer2_unit': 320, 'encoder_layer3_unit': 128, 'encoder_z_mean_layer0_unit': 96, 'encoder_z_mean_layer1_unit': 128, 'encoder_z_log_var_layer0_unit': 128, 'encoder_z_log_var_layer1_unit': 128, 'decoder_layer0_unit': 192, 'decoder_layer1_unit': 256, 'decoder_layer2_unit': 448, 'decoder_layer3_unit': 416, 'decoder_layer4_unit': 224, 'decoder_layer5_unit': 480}. Best is trial 14 with value: 14.216636776924133.
Trial 24 finished with value: 98.60852146148682 and parameters: {'reg_l1': 0.26298406367061666, 'reg_l2': 0.24012165178563727, 'learning_rate': 0.01, 'dropout': 0.017499227252923688, 'batch_size': 224, 'encoder_layer0_unit': 384, 'encoder_layer1_unit': 192, 'encoder_layer2_unit': 256, 'encoder_layer3_unit': 320, 'encoder_z_mean_layer0_unit': 32, 'encoder_z_mean_layer1_unit': 32, 'encoder_z_log_var_layer0_unit': 96, 'encoder_z_log_var_layer1_unit': 96, 'decoder_layer0_unit': 288, 'decoder_layer1_unit': 352, 'decoder_layer2_unit': 480, 'decoder_layer3_unit': 32, 'decoder_layer4_unit': 352, 'decoder_layer5_unit': 480}. Best is trial 14 with value: 14.216636776924133.
Trial 25 finished with value: 56.64430236816406 and parameters: {'reg_l1': 0.09657236837729855, 'reg_l2': 0.6873214770133681, 'learning_rate': 0.005, 'dropout': 0.30639719153889133, 'batch_size': 128, 'encoder_layer0_unit': 320, 'encoder_layer1_unit': 160, 'encoder_layer2_unit': 288, 'encoder_layer3_unit': 448, 'encoder_z_mean_layer0_unit': 32, 'encoder_z_mean_layer1_unit': 128, 'encoder_z_log_var_layer0_unit': 64, 'encoder_z_log_var_layer1_unit': 128, 'decoder_layer0_unit': 192, 'decoder_layer1_unit': 480, 'decoder_layer2_unit': 192, 'decoder_layer3_unit': 448, 'decoder_layer4_unit': 256, 'decoder_layer5_unit': 192}. Best is trial 14 with value: 14.216636776924133.
Trial 26 finished with value: 14.230066418647766 and parameters: {'reg_l1': 0.9137153081158983, 'reg_l2': 0.7699100564661713, 'learning_rate': 0.0001, 'dropout': 0.4099212202958283, 'batch_size': 32, 'encoder_layer0_unit': 288, 'encoder_layer1_unit': 256, 'encoder_layer2_unit': 192, 'encoder_layer3_unit': 128, 'encoder_z_mean_layer0_unit': 32, 'encoder_z_mean_layer1_unit': 32, 'encoder_z_log_var_layer0_unit': 128, 'encoder_z_log_var_layer1_unit': 32, 'decoder_layer0_unit': 480, 'decoder_layer1_unit': 416, 'decoder_layer2_unit': 96, 'decoder_layer3_unit': 288, 'decoder_layer4_unit': 160, 'decoder_layer5_unit': 352}. Best is trial 14 with value: 14.216636776924133.
Trial 27 finished with value: 84.45854759216309 and parameters: {'reg_l1': 0.24771248935153867, 'reg_l2': 0.10910943778615845, 'learning_rate': 0.005, 'dropout': 0.03147353326627822, 'batch_size': 192, 'encoder_layer0_unit': 448, 'encoder_layer1_unit': 192, 'encoder_layer2_unit': 256, 'encoder_layer3_unit': 352, 'encoder_z_mean_layer0_unit': 96, 'encoder_z_mean_layer1_unit': 128, 'encoder_z_log_var_layer0_unit': 32, 'encoder_z_log_var_layer1_unit': 64, 'decoder_layer0_unit': 192, 'decoder_layer1_unit': 448, 'decoder_layer2_unit': 384, 'decoder_layer3_unit': 224, 'decoder_layer4_unit': 480, 'decoder_layer5_unit': 192}. Best is trial 14 with value: 14.216636776924133.
Trial 28 finished with value: 112.87145042419434 and parameters: {'reg_l1': 0.13713199578908064, 'reg_l2': 0.0038857090425784557, 'learning_rate': 0.005, 'dropout': 0.15416477916309235, 'batch_size': 256, 'encoder_layer0_unit': 480, 'encoder_layer1_unit': 128, 'encoder_layer2_unit': 160, 'encoder_layer3_unit': 160, 'encoder_z_mean_layer0_unit': 32, 'encoder_z_mean_layer1_unit': 32, 'encoder_z_log_var_layer0_unit': 32, 'encoder_z_log_var_layer1_unit': 32, 'decoder_layer0_unit': 128, 'decoder_layer1_unit': 96, 'decoder_layer2_unit': 416, 'decoder_layer3_unit': 128, 'decoder_layer4_unit': 128, 'decoder_layer5_unit': 320}. Best is trial 14 with value: 14.216636776924133.
Trial 29 finished with value: 28.44054651260376 and parameters: {'reg_l1': 0.5196417664431204, 'reg_l2': 0.6419169193985701, 'learning_rate': 0.005, 'dropout': 0.20189913668691295, 'batch_size': 64, 'encoder_layer0_unit': 128, 'encoder_layer1_unit': 256, 'encoder_layer2_unit': 480, 'encoder_layer3_unit': 480, 'encoder_z_mean_layer0_unit': 64, 'encoder_z_mean_layer1_unit': 64, 'encoder_z_log_var_layer0_unit': 128, 'encoder_z_log_var_layer1_unit': 128, 'decoder_layer0_unit': 416, 'decoder_layer1_unit': 288, 'decoder_layer2_unit': 128, 'decoder_layer3_unit': 256, 'decoder_layer4_unit': 320, 'decoder_layer5_unit': 480}. Best is trial 14 with value: 14.216636776924133.
Trial 30 finished with value: 112.82298374176025 and parameters: {'reg_l1': 0.35366956471457955, 'reg_l2': 0.9829877304583995, 'learning_rate': 0.005, 'dropout': 0.1251748193618208, 'batch_size': 256, 'encoder_layer0_unit': 384, 'encoder_layer1_unit': 448, 'encoder_layer2_unit': 288, 'encoder_layer3_unit': 192, 'encoder_z_mean_layer0_unit': 32, 'encoder_z_mean_layer1_unit': 128, 'encoder_z_log_var_layer0_unit': 32, 'encoder_z_log_var_layer1_unit': 32, 'decoder_layer0_unit': 128, 'decoder_layer1_unit': 320, 'decoder_layer2_unit': 256, 'decoder_layer3_unit': 32, 'decoder_layer4_unit': 256, 'decoder_layer5_unit': 256}. Best is trial 14 with value: 14.216636776924133.
Trial 31 finished with value: 84.90485572814941 and parameters: {'reg_l1': 0.9261838217409487, 'reg_l2': 0.8534360256466702, 'learning_rate': 0.0001, 'dropout': 0.13499725137276092, 'batch_size': 192, 'encoder_layer0_unit': 192, 'encoder_layer1_unit': 224, 'encoder_layer2_unit': 192, 'encoder_layer3_unit': 128, 'encoder_z_mean_layer0_unit': 128, 'encoder_z_mean_layer1_unit': 128, 'encoder_z_log_var_layer0_unit': 64, 'encoder_z_log_var_layer1_unit': 64, 'decoder_layer0_unit': 96, 'decoder_layer1_unit': 160, 'decoder_layer2_unit': 128, 'decoder_layer3_unit': 320, 'decoder_layer4_unit': 448, 'decoder_layer5_unit': 384}. Best is trial 14 with value: 14.216636776924133.
