Trial 272 finished with value: 113.75441360473633 and parameters: {'reg_l1': 0.37034412986118115, 'reg_l2': 0.46936375775247674, 'learning_rate': 0.01, 'dropout': 0.27225469996476503, 'batch_size': 256, 'encoder_layer0_unit': 480, 'encoder_layer1_unit': 224, 'encoder_layer2_unit': 160, 'encoder_layer3_unit': 224, 'encoder_z_mean_layer0_unit': 32, 'encoder_z_mean_layer1_unit': 64, 'encoder_z_log_var_layer0_unit': 32, 'encoder_z_log_var_layer1_unit': 64, 'decoder_layer0_unit': 224, 'decoder_layer1_unit': 416, 'decoder_layer2_unit': 320, 'decoder_layer3_unit': 448, 'decoder_layer4_unit': 288, 'decoder_layer5_unit': 224}. Best is trial 249 with value: 14.215713620185852.
Trial 273 finished with value: 112.4014892578125 and parameters: {'reg_l1': 0.7192601535850156, 'reg_l2': 0.29575142389784537, 'learning_rate': 0.005, 'dropout': 0.44423067137403316, 'batch_size': 256, 'encoder_layer0_unit': 416, 'encoder_layer1_unit': 192, 'encoder_layer2_unit': 320, 'encoder_layer3_unit': 320, 'encoder_z_mean_layer0_unit': 128, 'encoder_z_mean_layer1_unit': 96, 'encoder_z_log_var_layer0_unit': 64, 'encoder_z_log_var_layer1_unit': 32, 'decoder_layer0_unit': 352, 'decoder_layer1_unit': 288, 'decoder_layer2_unit': 352, 'decoder_layer3_unit': 160, 'decoder_layer4_unit': 288, 'decoder_layer5_unit': 224}. Best is trial 249 with value: 14.215713620185852.
Trial 274 finished with value: 56.51202726364136 and parameters: {'reg_l1': 0.6400334056634749, 'reg_l2': 0.4790635738146626, 'learning_rate': 0.01, 'dropout': 0.07165206986247247, 'batch_size': 128, 'encoder_layer0_unit': 288, 'encoder_layer1_unit': 288, 'encoder_layer2_unit': 416, 'encoder_layer3_unit': 448, 'encoder_z_mean_layer0_unit': 96, 'encoder_z_mean_layer1_unit': 128, 'encoder_z_log_var_layer0_unit': 96, 'encoder_z_log_var_layer1_unit': 96, 'decoder_layer0_unit': 96, 'decoder_layer1_unit': 160, 'decoder_layer2_unit': 96, 'decoder_layer3_unit': 224, 'decoder_layer4_unit': 256, 'decoder_layer5_unit': 416}. Best is trial 249 with value: 14.215713620185852.
Trial 275 finished with value: 56.85950946807861 and parameters: {'reg_l1': 0.8361772319576648, 'reg_l2': 0.8718708713098989, 'learning_rate': 0.01, 'dropout': 0.24175726270307762, 'batch_size': 128, 'encoder_layer0_unit': 384, 'encoder_layer1_unit': 192, 'encoder_layer2_unit': 224, 'encoder_layer3_unit': 256, 'encoder_z_mean_layer0_unit': 64, 'encoder_z_mean_layer1_unit': 128, 'encoder_z_log_var_layer0_unit': 128, 'encoder_z_log_var_layer1_unit': 32, 'decoder_layer0_unit': 288, 'decoder_layer1_unit': 384, 'decoder_layer2_unit': 320, 'decoder_layer3_unit': 448, 'decoder_layer4_unit': 416, 'decoder_layer5_unit': 320}. Best is trial 249 with value: 14.215713620185852.
Trial 276 finished with value: 70.70694923400879 and parameters: {'reg_l1': 0.08736689093624006, 'reg_l2': 0.8312195104408148, 'learning_rate': 0.0005, 'dropout': 0.3363253415861786, 'batch_size': 160, 'encoder_layer0_unit': 448, 'encoder_layer1_unit': 192, 'encoder_layer2_unit': 448, 'encoder_layer3_unit': 128, 'encoder_z_mean_layer0_unit': 32, 'encoder_z_mean_layer1_unit': 128, 'encoder_z_log_var_layer0_unit': 128, 'encoder_z_log_var_layer1_unit': 32, 'decoder_layer0_unit': 192, 'decoder_layer1_unit': 352, 'decoder_layer2_unit': 480, 'decoder_layer3_unit': 320, 'decoder_layer4_unit': 32, 'decoder_layer5_unit': 288}. Best is trial 249 with value: 14.215713620185852.
Trial 277 finished with value: 28.46991229057312 and parameters: {'reg_l1': 0.011502792458025435, 'reg_l2': 0.3170416867723126, 'learning_rate': 0.0001, 'dropout': 0.3386927581098495, 'batch_size': 64, 'encoder_layer0_unit': 320, 'encoder_layer1_unit': 128, 'encoder_layer2_unit': 320, 'encoder_layer3_unit': 224, 'encoder_z_mean_layer0_unit': 96, 'encoder_z_mean_layer1_unit': 96, 'encoder_z_log_var_layer0_unit': 128, 'encoder_z_log_var_layer1_unit': 32, 'decoder_layer0_unit': 288, 'decoder_layer1_unit': 320, 'decoder_layer2_unit': 256, 'decoder_layer3_unit': 288, 'decoder_layer4_unit': 352, 'decoder_layer5_unit': 128}. Best is trial 249 with value: 14.215713620185852.
Trial 278 finished with value: 112.8638162612915 and parameters: {'reg_l1': 0.9774505250302472, 'reg_l2': 0.08739503320358255, 'learning_rate': 0.0005, 'dropout': 0.02547228223274689, 'batch_size': 256, 'encoder_layer0_unit': 448, 'encoder_layer1_unit': 416, 'encoder_layer2_unit': 128, 'encoder_layer3_unit': 160, 'encoder_z_mean_layer0_unit': 128, 'encoder_z_mean_layer1_unit': 32, 'encoder_z_log_var_layer0_unit': 96, 'encoder_z_log_var_layer1_unit': 96, 'decoder_layer0_unit': 448, 'decoder_layer1_unit': 416, 'decoder_layer2_unit': 160, 'decoder_layer3_unit': 384, 'decoder_layer4_unit': 64, 'decoder_layer5_unit': 384}. Best is trial 249 with value: 14.215713620185852.
Trial 279 finished with value: 14.243203520774841 and parameters: {'reg_l1': 0.3994581641300077, 'reg_l2': 0.2852900295909856, 'learning_rate': 0.0001, 'dropout': 0.3987813520715241, 'batch_size': 32, 'encoder_layer0_unit': 384, 'encoder_layer1_unit': 160, 'encoder_layer2_unit': 192, 'encoder_layer3_unit': 352, 'encoder_z_mean_layer0_unit': 32, 'encoder_z_mean_layer1_unit': 64, 'encoder_z_log_var_layer0_unit': 96, 'encoder_z_log_var_layer1_unit': 64, 'decoder_layer0_unit': 192, 'decoder_layer1_unit': 384, 'decoder_layer2_unit': 32, 'decoder_layer3_unit': 480, 'decoder_layer4_unit': 352, 'decoder_layer5_unit': 352}. Best is trial 249 with value: 14.215713620185852.
Trial 280 finished with value: 112.73882293701172 and parameters: {'reg_l1': 0.6338082202485579, 'reg_l2': 0.6153130248073355, 'learning_rate': 0.001, 'dropout': 0.11875200493197824, 'batch_size': 256, 'encoder_layer0_unit': 320, 'encoder_layer1_unit': 224, 'encoder_layer2_unit': 320, 'encoder_layer3_unit': 384, 'encoder_z_mean_layer0_unit': 96, 'encoder_z_mean_layer1_unit': 128, 'encoder_z_log_var_layer0_unit': 32, 'encoder_z_log_var_layer1_unit': 128, 'decoder_layer0_unit': 64, 'decoder_layer1_unit': 96, 'decoder_layer2_unit': 448, 'decoder_layer3_unit': 192, 'decoder_layer4_unit': 384, 'decoder_layer5_unit': 32}. Best is trial 249 with value: 14.215713620185852.
Trial 281 finished with value: 84.36475086212158 and parameters: {'reg_l1': 0.9247980222010607, 'reg_l2': 0.8203098281424136, 'learning_rate': 0.005, 'dropout': 0.039415470576087575, 'batch_size': 192, 'encoder_layer0_unit': 480, 'encoder_layer1_unit': 128, 'encoder_layer2_unit': 352, 'encoder_layer3_unit': 448, 'encoder_z_mean_layer0_unit': 96, 'encoder_z_mean_layer1_unit': 96, 'encoder_z_log_var_layer0_unit': 128, 'encoder_z_log_var_layer1_unit': 32, 'decoder_layer0_unit': 384, 'decoder_layer1_unit': 96, 'decoder_layer2_unit': 96, 'decoder_layer3_unit': 128, 'decoder_layer4_unit': 256, 'decoder_layer5_unit': 224}. Best is trial 249 with value: 14.215713620185852.
Trial 282 finished with value: 42.55345678329468 and parameters: {'reg_l1': 0.708197199844705, 'reg_l2': 0.22992220897622406, 'learning_rate': 0.0005, 'dropout': 0.05144760022203648, 'batch_size': 96, 'encoder_layer0_unit': 448, 'encoder_layer1_unit': 320, 'encoder_layer2_unit': 128, 'encoder_layer3_unit': 256, 'encoder_z_mean_layer0_unit': 128, 'encoder_z_mean_layer1_unit': 32, 'encoder_z_log_var_layer0_unit': 96, 'encoder_z_log_var_layer1_unit': 64, 'decoder_layer0_unit': 96, 'decoder_layer1_unit': 480, 'decoder_layer2_unit': 448, 'decoder_layer3_unit': 448, 'decoder_layer4_unit': 96, 'decoder_layer5_unit': 32}. Best is trial 249 with value: 14.215713620185852.
Trial 283 finished with value: 84.73993682861328 and parameters: {'reg_l1': 0.9135730695809564, 'reg_l2': 0.03319027954973308, 'learning_rate': 0.0001, 'dropout': 0.20585045129579033, 'batch_size': 192, 'encoder_layer0_unit': 416, 'encoder_layer1_unit': 192, 'encoder_layer2_unit': 480, 'encoder_layer3_unit': 192, 'encoder_z_mean_layer0_unit': 64, 'encoder_z_mean_layer1_unit': 128, 'encoder_z_log_var_layer0_unit': 128, 'encoder_z_log_var_layer1_unit': 32, 'decoder_layer0_unit': 384, 'decoder_layer1_unit': 352, 'decoder_layer2_unit': 64, 'decoder_layer3_unit': 384, 'decoder_layer4_unit': 160, 'decoder_layer5_unit': 352}. Best is trial 249 with value: 14.215713620185852.
Trial 284 finished with value: 70.79266548156738 and parameters: {'reg_l1': 0.9037399704613057, 'reg_l2': 0.6359041299988807, 'learning_rate': 0.005, 'dropout': 0.18675993531812807, 'batch_size': 160, 'encoder_layer0_unit': 448, 'encoder_layer1_unit': 128, 'encoder_layer2_unit': 288, 'encoder_layer3_unit': 448, 'encoder_z_mean_layer0_unit': 32, 'encoder_z_mean_layer1_unit': 128, 'encoder_z_log_var_layer0_unit': 128, 'encoder_z_log_var_layer1_unit': 96, 'decoder_layer0_unit': 224, 'decoder_layer1_unit': 224, 'decoder_layer2_unit': 480, 'decoder_layer3_unit': 32, 'decoder_layer4_unit': 96, 'decoder_layer5_unit': 416}. Best is trial 249 with value: 14.215713620185852.
Trial 285 finished with value: 112.83065986633301 and parameters: {'reg_l1': 0.12330663407045206, 'reg_l2': 0.33666507767666254, 'learning_rate': 0.0001, 'dropout': 0.004431281596429193, 'batch_size': 256, 'encoder_layer0_unit': 480, 'encoder_layer1_unit': 352, 'encoder_layer2_unit': 128, 'encoder_layer3_unit': 416, 'encoder_z_mean_layer0_unit': 128, 'encoder_z_mean_layer1_unit': 32, 'encoder_z_log_var_layer0_unit': 96, 'encoder_z_log_var_layer1_unit': 64, 'decoder_layer0_unit': 256, 'decoder_layer1_unit': 448, 'decoder_layer2_unit': 128, 'decoder_layer3_unit': 192, 'decoder_layer4_unit': 160, 'decoder_layer5_unit': 64}. Best is trial 249 with value: 14.215713620185852.
Trial 286 finished with value: 84.7253246307373 and parameters: {'reg_l1': 0.3807334189919138, 'reg_l2': 0.9574943154509912, 'learning_rate': 0.001, 'dropout': 0.3769329679926392, 'batch_size': 192, 'encoder_layer0_unit': 320, 'encoder_layer1_unit': 448, 'encoder_layer2_unit': 320, 'encoder_layer3_unit': 256, 'encoder_z_mean_layer0_unit': 96, 'encoder_z_mean_layer1_unit': 96, 'encoder_z_log_var_layer0_unit': 32, 'encoder_z_log_var_layer1_unit': 128, 'decoder_layer0_unit': 416, 'decoder_layer1_unit': 128, 'decoder_layer2_unit': 320, 'decoder_layer3_unit': 256, 'decoder_layer4_unit': 128, 'decoder_layer5_unit': 288}. Best is trial 249 with value: 14.215713620185852.
Trial 287 finished with value: 14.226366400718689 and parameters: {'reg_l1': 0.18287975324651806, 'reg_l2': 0.8743484376892651, 'learning_rate': 0.001, 'dropout': 0.2711802378656374, 'batch_size': 32, 'encoder_layer0_unit': 288, 'encoder_layer1_unit': 288, 'encoder_layer2_unit': 416, 'encoder_layer3_unit': 352, 'encoder_z_mean_layer0_unit': 128, 'encoder_z_mean_layer1_unit': 96, 'encoder_z_log_var_layer0_unit': 64, 'encoder_z_log_var_layer1_unit': 64, 'decoder_layer0_unit': 32, 'decoder_layer1_unit': 32, 'decoder_layer2_unit': 32, 'decoder_layer3_unit': 352, 'decoder_layer4_unit': 192, 'decoder_layer5_unit': 320}. Best is trial 249 with value: 14.215713620185852.
Trial 288 finished with value: 70.75275325775146 and parameters: {'reg_l1': 0.01721555474043801, 'reg_l2': 0.6185599040231599, 'learning_rate': 0.0001, 'dropout': 0.45378585043957315, 'batch_size': 160, 'encoder_layer0_unit': 160, 'encoder_layer1_unit': 320, 'encoder_layer2_unit': 448, 'encoder_layer3_unit': 384, 'encoder_z_mean_layer0_unit': 96, 'encoder_z_mean_layer1_unit': 96, 'encoder_z_log_var_layer0_unit': 128, 'encoder_z_log_var_layer1_unit': 128, 'decoder_layer0_unit': 352, 'decoder_layer1_unit': 448, 'decoder_layer2_unit': 320, 'decoder_layer3_unit': 256, 'decoder_layer4_unit': 96, 'decoder_layer5_unit': 416}. Best is trial 249 with value: 14.215713620185852.
Trial 289 finished with value: 70.62088394165039 and parameters: {'reg_l1': 0.6111179704680694, 'reg_l2': 0.7959025665443262, 'learning_rate': 0.005, 'dropout': 0.19313479542321665, 'batch_size': 160, 'encoder_layer0_unit': 256, 'encoder_layer1_unit': 288, 'encoder_layer2_unit': 448, 'encoder_layer3_unit': 448, 'encoder_z_mean_layer0_unit': 64, 'encoder_z_mean_layer1_unit': 96, 'encoder_z_log_var_layer0_unit': 128, 'encoder_z_log_var_layer1_unit': 96, 'decoder_layer0_unit': 96, 'decoder_layer1_unit': 128, 'decoder_layer2_unit': 224, 'decoder_layer3_unit': 352, 'decoder_layer4_unit': 128, 'decoder_layer5_unit': 96}. Best is trial 249 with value: 14.215713620185852.
Trial 290 finished with value: 70.8323278427124 and parameters: {'reg_l1': 0.788326858712231, 'reg_l2': 0.5621854792870675, 'learning_rate': 0.0005, 'dropout': 0.24836866605683688, 'batch_size': 160, 'encoder_layer0_unit': 128, 'encoder_layer1_unit': 288, 'encoder_layer2_unit': 480, 'encoder_layer3_unit': 416, 'encoder_z_mean_layer0_unit': 32, 'encoder_z_mean_layer1_unit': 32, 'encoder_z_log_var_layer0_unit': 32, 'encoder_z_log_var_layer1_unit': 64, 'decoder_layer0_unit': 128, 'decoder_layer1_unit': 192, 'decoder_layer2_unit': 320, 'decoder_layer3_unit': 288, 'decoder_layer4_unit': 256, 'decoder_layer5_unit': 448}. Best is trial 249 with value: 14.215713620185852.
Trial 291 finished with value: 112.2197847366333 and parameters: {'reg_l1': 0.6193617047333141, 'reg_l2': 0.9052539615948485, 'learning_rate': 0.01, 'dropout': 0.1847021457769657, 'batch_size': 256, 'encoder_layer0_unit': 192, 'encoder_layer1_unit': 320, 'encoder_layer2_unit': 288, 'encoder_layer3_unit': 192, 'encoder_z_mean_layer0_unit': 96, 'encoder_z_mean_layer1_unit': 32, 'encoder_z_log_var_layer0_unit': 96, 'encoder_z_log_var_layer1_unit': 128, 'decoder_layer0_unit': 32, 'decoder_layer1_unit': 416, 'decoder_layer2_unit': 32, 'decoder_layer3_unit': 352, 'decoder_layer4_unit': 256, 'decoder_layer5_unit': 320}. Best is trial 249 with value: 14.215713620185852.
Trial 292 finished with value: 84.45589828491211 and parameters: {'reg_l1': 0.6882472412373432, 'reg_l2': 0.12101034278133083, 'learning_rate': 0.005, 'dropout': 0.2273701889247826, 'batch_size': 192, 'encoder_layer0_unit': 448, 'encoder_layer1_unit': 352, 'encoder_layer2_unit': 320, 'encoder_layer3_unit': 480, 'encoder_z_mean_layer0_unit': 96, 'encoder_z_mean_layer1_unit': 64, 'encoder_z_log_var_layer0_unit': 128, 'encoder_z_log_var_layer1_unit': 128, 'decoder_layer0_unit': 128, 'decoder_layer1_unit': 256, 'decoder_layer2_unit': 320, 'decoder_layer3_unit': 448, 'decoder_layer4_unit': 352, 'decoder_layer5_unit': 256}. Best is trial 249 with value: 14.215713620185852.
Trial 293 finished with value: 98.83090496063232 and parameters: {'reg_l1': 0.6013171712224022, 'reg_l2': 0.3693587496451114, 'learning_rate': 0.0001, 'dropout': 0.4237339318088373, 'batch_size': 224, 'encoder_layer0_unit': 416, 'encoder_layer1_unit': 256, 'encoder_layer2_unit': 448, 'encoder_layer3_unit': 352, 'encoder_z_mean_layer0_unit': 96, 'encoder_z_mean_layer1_unit': 128, 'encoder_z_log_var_layer0_unit': 32, 'encoder_z_log_var_layer1_unit': 96, 'decoder_layer0_unit': 480, 'decoder_layer1_unit': 480, 'decoder_layer2_unit': 96, 'decoder_layer3_unit': 448, 'decoder_layer4_unit': 224, 'decoder_layer5_unit': 128}. Best is trial 249 with value: 14.215713620185852.
Trial 294 finished with value: 28.452656745910645 and parameters: {'reg_l1': 0.4418222096566823, 'reg_l2': 0.4094380420204049, 'learning_rate': 0.01, 'dropout': 0.20195850337874427, 'batch_size': 64, 'encoder_layer0_unit': 256, 'encoder_layer1_unit': 480, 'encoder_layer2_unit': 160, 'encoder_layer3_unit': 224, 'encoder_z_mean_layer0_unit': 32, 'encoder_z_mean_layer1_unit': 96, 'encoder_z_log_var_layer0_unit': 128, 'encoder_z_log_var_layer1_unit': 32, 'decoder_layer0_unit': 160, 'decoder_layer1_unit': 256, 'decoder_layer2_unit': 416, 'decoder_layer3_unit': 288, 'decoder_layer4_unit': 320, 'decoder_layer5_unit': 32}. Best is trial 249 with value: 14.215713620185852.
Trial 295 finished with value: 112.62815952301025 and parameters: {'reg_l1': 0.7325893143665778, 'reg_l2': 0.6791578752105034, 'learning_rate': 0.0005, 'dropout': 0.41211266291689597, 'batch_size': 256, 'encoder_layer0_unit': 352, 'encoder_layer1_unit': 192, 'encoder_layer2_unit': 320, 'encoder_layer3_unit': 192, 'encoder_z_mean_layer0_unit': 128, 'encoder_z_mean_layer1_unit': 128, 'encoder_z_log_var_layer0_unit': 32, 'encoder_z_log_var_layer1_unit': 32, 'decoder_layer0_unit': 256, 'decoder_layer1_unit': 128, 'decoder_layer2_unit': 352, 'decoder_layer3_unit': 96, 'decoder_layer4_unit': 128, 'decoder_layer5_unit': 32}. Best is trial 249 with value: 14.215713620185852.
Trial 296 finished with value: 98.910888671875 and parameters: {'reg_l1': 0.44925938550988065, 'reg_l2': 0.7764057503879757, 'learning_rate': 0.0001, 'dropout': 0.4395603090838937, 'batch_size': 224, 'encoder_layer0_unit': 224, 'encoder_layer1_unit': 224, 'encoder_layer2_unit': 320, 'encoder_layer3_unit': 416, 'encoder_z_mean_layer0_unit': 64, 'encoder_z_mean_layer1_unit': 128, 'encoder_z_log_var_layer0_unit': 64, 'encoder_z_log_var_layer1_unit': 32, 'decoder_layer0_unit': 384, 'decoder_layer1_unit': 32, 'decoder_layer2_unit': 128, 'decoder_layer3_unit': 480, 'decoder_layer4_unit': 96, 'decoder_layer5_unit': 480}. Best is trial 249 with value: 14.215713620185852.
Trial 297 finished with value: 28.42860722541809 and parameters: {'reg_l1': 0.07416300719560387, 'reg_l2': 0.39766390340327784, 'learning_rate': 0.0001, 'dropout': 0.2538031886882277, 'batch_size': 64, 'encoder_layer0_unit': 288, 'encoder_layer1_unit': 352, 'encoder_layer2_unit': 320, 'encoder_layer3_unit': 192, 'encoder_z_mean_layer0_unit': 64, 'encoder_z_mean_layer1_unit': 32, 'encoder_z_log_var_layer0_unit': 32, 'encoder_z_log_var_layer1_unit': 32, 'decoder_layer0_unit': 160, 'decoder_layer1_unit': 256, 'decoder_layer2_unit': 96, 'decoder_layer3_unit': 384, 'decoder_layer4_unit': 416, 'decoder_layer5_unit': 96}. Best is trial 249 with value: 14.215713620185852.
Trial 298 finished with value: 28.452975511550903 and parameters: {'reg_l1': 0.11159184910472131, 'reg_l2': 0.39700086097174336, 'learning_rate': 0.0005, 'dropout': 0.46827664079311404, 'batch_size': 64, 'encoder_layer0_unit': 352, 'encoder_layer1_unit': 416, 'encoder_layer2_unit': 416, 'encoder_layer3_unit': 288, 'encoder_z_mean_layer0_unit': 128, 'encoder_z_mean_layer1_unit': 32, 'encoder_z_log_var_layer0_unit': 96, 'encoder_z_log_var_layer1_unit': 32, 'decoder_layer0_unit': 384, 'decoder_layer1_unit': 480, 'decoder_layer2_unit': 64, 'decoder_layer3_unit': 160, 'decoder_layer4_unit': 352, 'decoder_layer5_unit': 128}. Best is trial 249 with value: 14.215713620185852.
Trial 299 finished with value: 71.08137798309326 and parameters: {'reg_l1': 0.35991856292629887, 'reg_l2': 0.1902675748203686, 'learning_rate': 0.01, 'dropout': 0.35313064527088317, 'batch_size': 160, 'encoder_layer0_unit': 288, 'encoder_layer1_unit': 416, 'encoder_layer2_unit': 128, 'encoder_layer3_unit': 288, 'encoder_z_mean_layer0_unit': 128, 'encoder_z_mean_layer1_unit': 96, 'encoder_z_log_var_layer0_unit': 32, 'encoder_z_log_var_layer1_unit': 128, 'decoder_layer0_unit': 96, 'decoder_layer1_unit': 128, 'decoder_layer2_unit': 64, 'decoder_layer3_unit': 448, 'decoder_layer4_unit': 96, 'decoder_layer5_unit': 288}. Best is trial 249 with value: 14.215713620185852.
Trial 300 finished with value: 71.08729648590088 and parameters: {'reg_l1': 0.99104310492778, 'reg_l2': 0.642109048507934, 'learning_rate': 0.01, 'dropout': 0.37343991107562796, 'batch_size': 160, 'encoder_layer0_unit': 256, 'encoder_layer1_unit': 224, 'encoder_layer2_unit': 256, 'encoder_layer3_unit': 384, 'encoder_z_mean_layer0_unit': 32, 'encoder_z_mean_layer1_unit': 128, 'encoder_z_log_var_layer0_unit': 64, 'encoder_z_log_var_layer1_unit': 96, 'decoder_layer0_unit': 352, 'decoder_layer1_unit': 384, 'decoder_layer2_unit': 160, 'decoder_layer3_unit': 160, 'decoder_layer4_unit': 224, 'decoder_layer5_unit': 288}. Best is trial 249 with value: 14.215713620185852.
Trial 301 finished with value: 98.35417366027832 and parameters: {'reg_l1': 0.40852535716760396, 'reg_l2': 0.7568557250262069, 'learning_rate': 0.005, 'dropout': 0.375920764281082, 'batch_size': 224, 'encoder_layer0_unit': 416, 'encoder_layer1_unit': 416, 'encoder_layer2_unit': 192, 'encoder_layer3_unit': 128, 'encoder_z_mean_layer0_unit': 96, 'encoder_z_mean_layer1_unit': 128, 'encoder_z_log_var_layer0_unit': 32, 'encoder_z_log_var_layer1_unit': 96, 'decoder_layer0_unit': 32, 'decoder_layer1_unit': 416, 'decoder_layer2_unit': 64, 'decoder_layer3_unit': 128, 'decoder_layer4_unit': 288, 'decoder_layer5_unit': 480}. Best is trial 249 with value: 14.215713620185852.
Trial 302 finished with value: 98.91763687133789 and parameters: {'reg_l1': 0.758061753769571, 'reg_l2': 0.47696309537790804, 'learning_rate': 0.005, 'dropout': 0.1507709548436706, 'batch_size': 224, 'encoder_layer0_unit': 224, 'encoder_layer1_unit': 352, 'encoder_layer2_unit': 448, 'encoder_layer3_unit': 224, 'encoder_z_mean_layer0_unit': 32, 'encoder_z_mean_layer1_unit': 64, 'encoder_z_log_var_layer0_unit': 64, 'encoder_z_log_var_layer1_unit': 128, 'decoder_layer0_unit': 352, 'decoder_layer1_unit': 256, 'decoder_layer2_unit': 384, 'decoder_layer3_unit': 96, 'decoder_layer4_unit': 448, 'decoder_layer5_unit': 256}. Best is trial 249 with value: 14.215713620185852.
Trial 303 finished with value: 42.56772804260254 and parameters: {'reg_l1': 0.6416967100385658, 'reg_l2': 0.1618188517771365, 'learning_rate': 0.001, 'dropout': 0.22798224794687288, 'batch_size': 96, 'encoder_layer0_unit': 256, 'encoder_layer1_unit': 480, 'encoder_layer2_unit': 288, 'encoder_layer3_unit': 128, 'encoder_z_mean_layer0_unit': 128, 'encoder_z_mean_layer1_unit': 32, 'encoder_z_log_var_layer0_unit': 64, 'encoder_z_log_var_layer1_unit': 96, 'decoder_layer0_unit': 96, 'decoder_layer1_unit': 320, 'decoder_layer2_unit': 224, 'decoder_layer3_unit': 480, 'decoder_layer4_unit': 96, 'decoder_layer5_unit': 192}. Best is trial 249 with value: 14.215713620185852.
