Trial 192 finished with value: 98.91970157623291 and parameters: {'reg_l1': 0.4430139668565418, 'reg_l2': 0.049563415954750334, 'learning_rate': 0.01, 'dropout': 0.23734831131164807, 'batch_size': 224, 'encoder_layer0_unit': 320, 'encoder_layer1_unit': 192, 'encoder_layer2_unit': 352, 'encoder_layer3_unit': 160, 'encoder_z_mean_layer0_unit': 32, 'encoder_z_mean_layer1_unit': 128, 'encoder_z_log_var_layer0_unit': 96, 'encoder_z_log_var_layer1_unit': 96, 'decoder_layer0_unit': 288, 'decoder_layer1_unit': 128, 'decoder_layer2_unit': 160, 'decoder_layer3_unit': 64, 'decoder_layer4_unit': 448, 'decoder_layer5_unit': 288}. Best is trial 190 with value: 14.216514110565186.
Trial 193 finished with value: 14.246282577514648 and parameters: {'reg_l1': 0.430997659269597, 'reg_l2': 0.658409609838382, 'learning_rate': 0.0001, 'dropout': 0.08412453901432382, 'batch_size': 32, 'encoder_layer0_unit': 160, 'encoder_layer1_unit': 384, 'encoder_layer2_unit': 416, 'encoder_layer3_unit': 192, 'encoder_z_mean_layer0_unit': 96, 'encoder_z_mean_layer1_unit': 64, 'encoder_z_log_var_layer0_unit': 64, 'encoder_z_log_var_layer1_unit': 64, 'decoder_layer0_unit': 352, 'decoder_layer1_unit': 96, 'decoder_layer2_unit': 192, 'decoder_layer3_unit': 416, 'decoder_layer4_unit': 480, 'decoder_layer5_unit': 192}. Best is trial 190 with value: 14.216514110565186.
Trial 194 finished with value: 85.31744289398193 and parameters: {'reg_l1': 0.187935865630112, 'reg_l2': 0.4796698280208117, 'learning_rate': 0.01, 'dropout': 0.1763911224509337, 'batch_size': 192, 'encoder_layer0_unit': 448, 'encoder_layer1_unit': 480, 'encoder_layer2_unit': 288, 'encoder_layer3_unit': 416, 'encoder_z_mean_layer0_unit': 64, 'encoder_z_mean_layer1_unit': 128, 'encoder_z_log_var_layer0_unit': 96, 'encoder_z_log_var_layer1_unit': 32, 'decoder_layer0_unit': 288, 'decoder_layer1_unit': 288, 'decoder_layer2_unit': 128, 'decoder_layer3_unit': 320, 'decoder_layer4_unit': 384, 'decoder_layer5_unit': 64}. Best is trial 190 with value: 14.216514110565186.
Trial 195 finished with value: 112.84789180755615 and parameters: {'reg_l1': 0.9873173381567075, 'reg_l2': 0.828431412569796, 'learning_rate': 0.01, 'dropout': 0.110427951235188, 'batch_size': 256, 'encoder_layer0_unit': 160, 'encoder_layer1_unit': 416, 'encoder_layer2_unit': 320, 'encoder_layer3_unit': 448, 'encoder_z_mean_layer0_unit': 32, 'encoder_z_mean_layer1_unit': 64, 'encoder_z_log_var_layer0_unit': 96, 'encoder_z_log_var_layer1_unit': 128, 'decoder_layer0_unit': 448, 'decoder_layer1_unit': 288, 'decoder_layer2_unit': 320, 'decoder_layer3_unit': 256, 'decoder_layer4_unit': 416, 'decoder_layer5_unit': 64}. Best is trial 190 with value: 14.216514110565186.
Trial 196 finished with value: 99.52348613739014 and parameters: {'reg_l1': 0.5820710493110256, 'reg_l2': 0.7369581868495731, 'learning_rate': 0.01, 'dropout': 0.4608846117157226, 'batch_size': 224, 'encoder_layer0_unit': 224, 'encoder_layer1_unit': 192, 'encoder_layer2_unit': 192, 'encoder_layer3_unit': 224, 'encoder_z_mean_layer0_unit': 32, 'encoder_z_mean_layer1_unit': 128, 'encoder_z_log_var_layer0_unit': 96, 'encoder_z_log_var_layer1_unit': 64, 'decoder_layer0_unit': 448, 'decoder_layer1_unit': 160, 'decoder_layer2_unit': 480, 'decoder_layer3_unit': 192, 'decoder_layer4_unit': 352, 'decoder_layer5_unit': 64}. Best is trial 190 with value: 14.216514110565186.
Trial 197 finished with value: 14.217543840408325 and parameters: {'reg_l1': 0.16128810904655366, 'reg_l2': 0.49273000498399633, 'learning_rate': 0.0005, 'dropout': 0.12587672704670017, 'batch_size': 32, 'encoder_layer0_unit': 256, 'encoder_layer1_unit': 256, 'encoder_layer2_unit': 192, 'encoder_layer3_unit': 160, 'encoder_z_mean_layer0_unit': 64, 'encoder_z_mean_layer1_unit': 64, 'encoder_z_log_var_layer0_unit': 96, 'encoder_z_log_var_layer1_unit': 32, 'decoder_layer0_unit': 32, 'decoder_layer1_unit': 160, 'decoder_layer2_unit': 480, 'decoder_layer3_unit': 64, 'decoder_layer4_unit': 96, 'decoder_layer5_unit': 320}. Best is trial 190 with value: 14.216514110565186.
Trial 198 finished with value: 70.72079658508301 and parameters: {'reg_l1': 0.4168931243653198, 'reg_l2': 0.20112865012886383, 'learning_rate': 0.001, 'dropout': 0.378309620126874, 'batch_size': 160, 'encoder_layer0_unit': 384, 'encoder_layer1_unit': 352, 'encoder_layer2_unit': 416, 'encoder_layer3_unit': 480, 'encoder_z_mean_layer0_unit': 128, 'encoder_z_mean_layer1_unit': 128, 'encoder_z_log_var_layer0_unit': 96, 'encoder_z_log_var_layer1_unit': 32, 'decoder_layer0_unit': 480, 'decoder_layer1_unit': 96, 'decoder_layer2_unit': 128, 'decoder_layer3_unit': 96, 'decoder_layer4_unit': 416, 'decoder_layer5_unit': 384}. Best is trial 190 with value: 14.216514110565186.
Trial 199 finished with value: 28.44235324859619 and parameters: {'reg_l1': 0.5442680361194504, 'reg_l2': 0.9237039397687942, 'learning_rate': 0.005, 'dropout': 0.09331410094452591, 'batch_size': 64, 'encoder_layer0_unit': 320, 'encoder_layer1_unit': 352, 'encoder_layer2_unit': 256, 'encoder_layer3_unit': 192, 'encoder_z_mean_layer0_unit': 96, 'encoder_z_mean_layer1_unit': 64, 'encoder_z_log_var_layer0_unit': 64, 'encoder_z_log_var_layer1_unit': 32, 'decoder_layer0_unit': 192, 'decoder_layer1_unit': 288, 'decoder_layer2_unit': 288, 'decoder_layer3_unit': 480, 'decoder_layer4_unit': 160, 'decoder_layer5_unit': 480}. Best is trial 190 with value: 14.216514110565186.
Trial 200 finished with value: 56.70902395248413 and parameters: {'reg_l1': 0.7911052514189625, 'reg_l2': 0.6228815764097634, 'learning_rate': 0.0005, 'dropout': 0.2781903602709322, 'batch_size': 128, 'encoder_layer0_unit': 448, 'encoder_layer1_unit': 416, 'encoder_layer2_unit': 384, 'encoder_layer3_unit': 416, 'encoder_z_mean_layer0_unit': 128, 'encoder_z_mean_layer1_unit': 64, 'encoder_z_log_var_layer0_unit': 32, 'encoder_z_log_var_layer1_unit': 128, 'decoder_layer0_unit': 192, 'decoder_layer1_unit': 416, 'decoder_layer2_unit': 256, 'decoder_layer3_unit': 448, 'decoder_layer4_unit': 288, 'decoder_layer5_unit': 288}. Best is trial 190 with value: 14.216514110565186.
Trial 201 finished with value: 112.82177448272705 and parameters: {'reg_l1': 0.48036640562033284, 'reg_l2': 0.13797192750378284, 'learning_rate': 0.0001, 'dropout': 0.46072001438571897, 'batch_size': 256, 'encoder_layer0_unit': 224, 'encoder_layer1_unit': 416, 'encoder_layer2_unit': 416, 'encoder_layer3_unit': 384, 'encoder_z_mean_layer0_unit': 96, 'encoder_z_mean_layer1_unit': 96, 'encoder_z_log_var_layer0_unit': 128, 'encoder_z_log_var_layer1_unit': 96, 'decoder_layer0_unit': 416, 'decoder_layer1_unit': 480, 'decoder_layer2_unit': 416, 'decoder_layer3_unit': 384, 'decoder_layer4_unit': 64, 'decoder_layer5_unit': 224}. Best is trial 190 with value: 14.216514110565186.
Trial 202 finished with value: 99.00174140930176 and parameters: {'reg_l1': 0.7735507452381143, 'reg_l2': 0.12372268697748012, 'learning_rate': 0.01, 'dropout': 0.46021423934431444, 'batch_size': 224, 'encoder_layer0_unit': 128, 'encoder_layer1_unit': 192, 'encoder_layer2_unit': 192, 'encoder_layer3_unit': 352, 'encoder_z_mean_layer0_unit': 128, 'encoder_z_mean_layer1_unit': 32, 'encoder_z_log_var_layer0_unit': 96, 'encoder_z_log_var_layer1_unit': 32, 'decoder_layer0_unit': 352, 'decoder_layer1_unit': 352, 'decoder_layer2_unit': 192, 'decoder_layer3_unit': 128, 'decoder_layer4_unit': 128, 'decoder_layer5_unit': 480}. Best is trial 190 with value: 14.216514110565186.
Trial 203 finished with value: 14.216951966285706 and parameters: {'reg_l1': 0.3218714967484, 'reg_l2': 0.04451169177323788, 'learning_rate': 0.01, 'dropout': 0.12093511181167022, 'batch_size': 32, 'encoder_layer0_unit': 128, 'encoder_layer1_unit': 416, 'encoder_layer2_unit': 480, 'encoder_layer3_unit': 224, 'encoder_z_mean_layer0_unit': 128, 'encoder_z_mean_layer1_unit': 128, 'encoder_z_log_var_layer0_unit': 64, 'encoder_z_log_var_layer1_unit': 32, 'decoder_layer0_unit': 128, 'decoder_layer1_unit': 96, 'decoder_layer2_unit': 352, 'decoder_layer3_unit': 256, 'decoder_layer4_unit': 192, 'decoder_layer5_unit': 192}. Best is trial 190 with value: 14.216514110565186.
Trial 204 finished with value: 70.76620674133301 and parameters: {'reg_l1': 0.29259038549294203, 'reg_l2': 0.905486262668036, 'learning_rate': 0.0005, 'dropout': 0.10604575189131865, 'batch_size': 160, 'encoder_layer0_unit': 224, 'encoder_layer1_unit': 288, 'encoder_layer2_unit': 288, 'encoder_layer3_unit': 288, 'encoder_z_mean_layer0_unit': 96, 'encoder_z_mean_layer1_unit': 32, 'encoder_z_log_var_layer0_unit': 128, 'encoder_z_log_var_layer1_unit': 32, 'decoder_layer0_unit': 224, 'decoder_layer1_unit': 480, 'decoder_layer2_unit': 96, 'decoder_layer3_unit': 352, 'decoder_layer4_unit': 288, 'decoder_layer5_unit': 192}. Best is trial 190 with value: 14.216514110565186.
Trial 205 finished with value: 112.89856910705566 and parameters: {'reg_l1': 0.9762112906938449, 'reg_l2': 0.03172701354240759, 'learning_rate': 0.0001, 'dropout': 0.4640557248190339, 'batch_size': 256, 'encoder_layer0_unit': 256, 'encoder_layer1_unit': 320, 'encoder_layer2_unit': 384, 'encoder_layer3_unit': 320, 'encoder_z_mean_layer0_unit': 96, 'encoder_z_mean_layer1_unit': 128, 'encoder_z_log_var_layer0_unit': 128, 'encoder_z_log_var_layer1_unit': 64, 'decoder_layer0_unit': 384, 'decoder_layer1_unit': 160, 'decoder_layer2_unit': 128, 'decoder_layer3_unit': 192, 'decoder_layer4_unit': 96, 'decoder_layer5_unit': 256}. Best is trial 190 with value: 14.216514110565186.
Trial 206 finished with value: 28.450056552886963 and parameters: {'reg_l1': 0.3675755739057154, 'reg_l2': 0.7622268325539598, 'learning_rate': 0.0001, 'dropout': 0.03458411417641477, 'batch_size': 64, 'encoder_layer0_unit': 416, 'encoder_layer1_unit': 384, 'encoder_layer2_unit': 224, 'encoder_layer3_unit': 448, 'encoder_z_mean_layer0_unit': 96, 'encoder_z_mean_layer1_unit': 128, 'encoder_z_log_var_layer0_unit': 128, 'encoder_z_log_var_layer1_unit': 96, 'decoder_layer0_unit': 96, 'decoder_layer1_unit': 448, 'decoder_layer2_unit': 288, 'decoder_layer3_unit': 288, 'decoder_layer4_unit': 288, 'decoder_layer5_unit': 256}. Best is trial 190 with value: 14.216514110565186.
Trial 207 finished with value: 42.55717849731445 and parameters: {'reg_l1': 0.9167038372782678, 'reg_l2': 0.05585213440589165, 'learning_rate': 0.0005, 'dropout': 0.18455361531711983, 'batch_size': 96, 'encoder_layer0_unit': 416, 'encoder_layer1_unit': 448, 'encoder_layer2_unit': 160, 'encoder_layer3_unit': 224, 'encoder_z_mean_layer0_unit': 128, 'encoder_z_mean_layer1_unit': 96, 'encoder_z_log_var_layer0_unit': 96, 'encoder_z_log_var_layer1_unit': 64, 'decoder_layer0_unit': 32, 'decoder_layer1_unit': 384, 'decoder_layer2_unit': 32, 'decoder_layer3_unit': 192, 'decoder_layer4_unit': 128, 'decoder_layer5_unit': 64}. Best is trial 190 with value: 14.216514110565186.
Trial 208 finished with value: 42.660911560058594 and parameters: {'reg_l1': 0.045235862719270825, 'reg_l2': 0.8244853236874408, 'learning_rate': 0.005, 'dropout': 0.4994395465171972, 'batch_size': 96, 'encoder_layer0_unit': 416, 'encoder_layer1_unit': 224, 'encoder_layer2_unit': 448, 'encoder_layer3_unit': 416, 'encoder_z_mean_layer0_unit': 128, 'encoder_z_mean_layer1_unit': 32, 'encoder_z_log_var_layer0_unit': 64, 'encoder_z_log_var_layer1_unit': 32, 'decoder_layer0_unit': 320, 'decoder_layer1_unit': 352, 'decoder_layer2_unit': 448, 'decoder_layer3_unit': 320, 'decoder_layer4_unit': 160, 'decoder_layer5_unit': 288}. Best is trial 190 with value: 14.216514110565186.
Trial 209 finished with value: 56.694098472595215 and parameters: {'reg_l1': 0.977661253173519, 'reg_l2': 0.7824060039513838, 'learning_rate': 0.005, 'dropout': 0.16212193717460044, 'batch_size': 128, 'encoder_layer0_unit': 416, 'encoder_layer1_unit': 320, 'encoder_layer2_unit': 128, 'encoder_layer3_unit': 256, 'encoder_z_mean_layer0_unit': 32, 'encoder_z_mean_layer1_unit': 64, 'encoder_z_log_var_layer0_unit': 64, 'encoder_z_log_var_layer1_unit': 64, 'decoder_layer0_unit': 384, 'decoder_layer1_unit': 192, 'decoder_layer2_unit': 224, 'decoder_layer3_unit': 320, 'decoder_layer4_unit': 448, 'decoder_layer5_unit': 96}. Best is trial 190 with value: 14.216514110565186.
Trial 210 finished with value: 14.218896746635437 and parameters: {'reg_l1': 0.4599101385194586, 'reg_l2': 0.712843425266527, 'learning_rate': 0.001, 'dropout': 0.03417127715460322, 'batch_size': 32, 'encoder_layer0_unit': 480, 'encoder_layer1_unit': 416, 'encoder_layer2_unit': 480, 'encoder_layer3_unit': 448, 'encoder_z_mean_layer0_unit': 32, 'encoder_z_mean_layer1_unit': 64, 'encoder_z_log_var_layer0_unit': 64, 'encoder_z_log_var_layer1_unit': 128, 'decoder_layer0_unit': 96, 'decoder_layer1_unit': 128, 'decoder_layer2_unit': 352, 'decoder_layer3_unit': 256, 'decoder_layer4_unit': 160, 'decoder_layer5_unit': 416}. Best is trial 190 with value: 14.216514110565186.
Trial 211 finished with value: 112.83413124084473 and parameters: {'reg_l1': 0.7284410239405622, 'reg_l2': 0.8856096590225433, 'learning_rate': 0.0001, 'dropout': 0.14146501270960116, 'batch_size': 256, 'encoder_layer0_unit': 256, 'encoder_layer1_unit': 448, 'encoder_layer2_unit': 352, 'encoder_layer3_unit': 448, 'encoder_z_mean_layer0_unit': 64, 'encoder_z_mean_layer1_unit': 128, 'encoder_z_log_var_layer0_unit': 128, 'encoder_z_log_var_layer1_unit': 96, 'decoder_layer0_unit': 480, 'decoder_layer1_unit': 416, 'decoder_layer2_unit': 160, 'decoder_layer3_unit': 256, 'decoder_layer4_unit': 64, 'decoder_layer5_unit': 352}. Best is trial 190 with value: 14.216514110565186.
Trial 212 finished with value: 70.78472805023193 and parameters: {'reg_l1': 0.850632780289633, 'reg_l2': 0.9383852041431913, 'learning_rate': 0.0001, 'dropout': 0.14386633064051108, 'batch_size': 160, 'encoder_layer0_unit': 352, 'encoder_layer1_unit': 480, 'encoder_layer2_unit': 320, 'encoder_layer3_unit': 320, 'encoder_z_mean_layer0_unit': 96, 'encoder_z_mean_layer1_unit': 96, 'encoder_z_log_var_layer0_unit': 32, 'encoder_z_log_var_layer1_unit': 64, 'decoder_layer0_unit': 32, 'decoder_layer1_unit': 320, 'decoder_layer2_unit': 320, 'decoder_layer3_unit': 128, 'decoder_layer4_unit': 480, 'decoder_layer5_unit': 480}. Best is trial 190 with value: 14.216514110565186.
Trial 213 finished with value: 84.9574327468872 and parameters: {'reg_l1': 0.9450339106387953, 'reg_l2': 0.4781555740655973, 'learning_rate': 0.0001, 'dropout': 0.41275021561343844, 'batch_size': 192, 'encoder_layer0_unit': 192, 'encoder_layer1_unit': 480, 'encoder_layer2_unit': 384, 'encoder_layer3_unit': 192, 'encoder_z_mean_layer0_unit': 128, 'encoder_z_mean_layer1_unit': 32, 'encoder_z_log_var_layer0_unit': 128, 'encoder_z_log_var_layer1_unit': 96, 'decoder_layer0_unit': 64, 'decoder_layer1_unit': 160, 'decoder_layer2_unit': 96, 'decoder_layer3_unit': 416, 'decoder_layer4_unit': 384, 'decoder_layer5_unit': 288}. Best is trial 190 with value: 14.216514110565186.
Trial 214 finished with value: 56.86868238449097 and parameters: {'reg_l1': 0.7190680879968253, 'reg_l2': 0.5943428244670932, 'learning_rate': 0.01, 'dropout': 0.32410209468744255, 'batch_size': 128, 'encoder_layer0_unit': 352, 'encoder_layer1_unit': 448, 'encoder_layer2_unit': 288, 'encoder_layer3_unit': 128, 'encoder_z_mean_layer0_unit': 64, 'encoder_z_mean_layer1_unit': 32, 'encoder_z_log_var_layer0_unit': 96, 'encoder_z_log_var_layer1_unit': 32, 'decoder_layer0_unit': 480, 'decoder_layer1_unit': 32, 'decoder_layer2_unit': 352, 'decoder_layer3_unit': 224, 'decoder_layer4_unit': 288, 'decoder_layer5_unit': 448}. Best is trial 190 with value: 14.216514110565186.
Trial 215 finished with value: 71.08750247955322 and parameters: {'reg_l1': 0.6847033497223756, 'reg_l2': 0.11685382279884748, 'learning_rate': 0.01, 'dropout': 0.39314378069109335, 'batch_size': 160, 'encoder_layer0_unit': 160, 'encoder_layer1_unit': 192, 'encoder_layer2_unit': 256, 'encoder_layer3_unit': 448, 'encoder_z_mean_layer0_unit': 32, 'encoder_z_mean_layer1_unit': 128, 'encoder_z_log_var_layer0_unit': 96, 'encoder_z_log_var_layer1_unit': 32, 'decoder_layer0_unit': 160, 'decoder_layer1_unit': 96, 'decoder_layer2_unit': 96, 'decoder_layer3_unit': 96, 'decoder_layer4_unit': 32, 'decoder_layer5_unit': 416}. Best is trial 190 with value: 14.216514110565186.
Trial 216 finished with value: 14.226415276527405 and parameters: {'reg_l1': 0.11937336900627082, 'reg_l2': 0.6289086898622362, 'learning_rate': 0.005, 'dropout': 0.06913915460886288, 'batch_size': 32, 'encoder_layer0_unit': 256, 'encoder_layer1_unit': 352, 'encoder_layer2_unit': 480, 'encoder_layer3_unit': 256, 'encoder_z_mean_layer0_unit': 128, 'encoder_z_mean_layer1_unit': 64, 'encoder_z_log_var_layer0_unit': 96, 'encoder_z_log_var_layer1_unit': 64, 'decoder_layer0_unit': 96, 'decoder_layer1_unit': 320, 'decoder_layer2_unit': 128, 'decoder_layer3_unit': 320, 'decoder_layer4_unit': 448, 'decoder_layer5_unit': 224}. Best is trial 190 with value: 14.216514110565186.
Trial 217 finished with value: 28.449545860290527 and parameters: {'reg_l1': 0.952066658108869, 'reg_l2': 0.7548457041327754, 'learning_rate': 0.005, 'dropout': 0.15732212604399415, 'batch_size': 64, 'encoder_layer0_unit': 480, 'encoder_layer1_unit': 320, 'encoder_layer2_unit': 320, 'encoder_layer3_unit': 416, 'encoder_z_mean_layer0_unit': 32, 'encoder_z_mean_layer1_unit': 32, 'encoder_z_log_var_layer0_unit': 64, 'encoder_z_log_var_layer1_unit': 128, 'decoder_layer0_unit': 448, 'decoder_layer1_unit': 32, 'decoder_layer2_unit': 128, 'decoder_layer3_unit': 288, 'decoder_layer4_unit': 128, 'decoder_layer5_unit': 384}. Best is trial 190 with value: 14.216514110565186.
Trial 218 finished with value: 56.71369028091431 and parameters: {'reg_l1': 0.3590948050518642, 'reg_l2': 0.3457953839758069, 'learning_rate': 0.0001, 'dropout': 0.3522960549948649, 'batch_size': 128, 'encoder_layer0_unit': 480, 'encoder_layer1_unit': 224, 'encoder_layer2_unit': 416, 'encoder_layer3_unit': 256, 'encoder_z_mean_layer0_unit': 32, 'encoder_z_mean_layer1_unit': 32, 'encoder_z_log_var_layer0_unit': 128, 'encoder_z_log_var_layer1_unit': 64, 'decoder_layer0_unit': 416, 'decoder_layer1_unit': 288, 'decoder_layer2_unit': 128, 'decoder_layer3_unit': 256, 'decoder_layer4_unit': 480, 'decoder_layer5_unit': 128}. Best is trial 190 with value: 14.216514110565186.
Trial 219 finished with value: 42.52127027511597 and parameters: {'reg_l1': 0.14554617914448176, 'reg_l2': 0.39159736170737536, 'learning_rate': 0.01, 'dropout': 0.3681999186861054, 'batch_size': 96, 'encoder_layer0_unit': 128, 'encoder_layer1_unit': 224, 'encoder_layer2_unit': 480, 'encoder_layer3_unit': 288, 'encoder_z_mean_layer0_unit': 128, 'encoder_z_mean_layer1_unit': 96, 'encoder_z_log_var_layer0_unit': 128, 'encoder_z_log_var_layer1_unit': 96, 'decoder_layer0_unit': 384, 'decoder_layer1_unit': 352, 'decoder_layer2_unit': 352, 'decoder_layer3_unit': 320, 'decoder_layer4_unit': 192, 'decoder_layer5_unit': 416}. Best is trial 190 with value: 14.216514110565186.
Trial 220 finished with value: 56.43628787994385 and parameters: {'reg_l1': 0.7633347937797498, 'reg_l2': 0.017337436727825617, 'learning_rate': 0.005, 'dropout': 0.036476290523537847, 'batch_size': 128, 'encoder_layer0_unit': 384, 'encoder_layer1_unit': 480, 'encoder_layer2_unit': 160, 'encoder_layer3_unit': 256, 'encoder_z_mean_layer0_unit': 64, 'encoder_z_mean_layer1_unit': 64, 'encoder_z_log_var_layer0_unit': 96, 'encoder_z_log_var_layer1_unit': 128, 'decoder_layer0_unit': 224, 'decoder_layer1_unit': 224, 'decoder_layer2_unit': 224, 'decoder_layer3_unit': 224, 'decoder_layer4_unit': 480, 'decoder_layer5_unit': 416}. Best is trial 190 with value: 14.216514110565186.
Trial 221 finished with value: 56.496257305145264 and parameters: {'reg_l1': 0.3659232873948949, 'reg_l2': 0.37391568254600693, 'learning_rate': 0.01, 'dropout': 0.48651048201493396, 'batch_size': 128, 'encoder_layer0_unit': 128, 'encoder_layer1_unit': 160, 'encoder_layer2_unit': 448, 'encoder_layer3_unit': 480, 'encoder_z_mean_layer0_unit': 96, 'encoder_z_mean_layer1_unit': 96, 'encoder_z_log_var_layer0_unit': 96, 'encoder_z_log_var_layer1_unit': 32, 'decoder_layer0_unit': 256, 'decoder_layer1_unit': 64, 'decoder_layer2_unit': 224, 'decoder_layer3_unit': 256, 'decoder_layer4_unit': 128, 'decoder_layer5_unit': 256}. Best is trial 190 with value: 14.216514110565186.
Trial 222 finished with value: 28.435794591903687 and parameters: {'reg_l1': 0.17889842290838232, 'reg_l2': 0.6081170801711566, 'learning_rate': 0.01, 'dropout': 0.285188051037214, 'batch_size': 64, 'encoder_layer0_unit': 416, 'encoder_layer1_unit': 416, 'encoder_layer2_unit': 288, 'encoder_layer3_unit': 480, 'encoder_z_mean_layer0_unit': 96, 'encoder_z_mean_layer1_unit': 96, 'encoder_z_log_var_layer0_unit': 32, 'encoder_z_log_var_layer1_unit': 96, 'decoder_layer0_unit': 64, 'decoder_layer1_unit': 480, 'decoder_layer2_unit': 256, 'decoder_layer3_unit': 192, 'decoder_layer4_unit': 288, 'decoder_layer5_unit': 384}. Best is trial 190 with value: 14.216514110565186.
Trial 223 finished with value: 112.88539600372314 and parameters: {'reg_l1': 0.701909042539237, 'reg_l2': 0.4703597226670916, 'learning_rate': 0.0005, 'dropout': 0.416833522301242, 'batch_size': 256, 'encoder_layer0_unit': 352, 'encoder_layer1_unit': 256, 'encoder_layer2_unit': 192, 'encoder_layer3_unit': 384, 'encoder_z_mean_layer0_unit': 96, 'encoder_z_mean_layer1_unit': 32, 'encoder_z_log_var_layer0_unit': 96, 'encoder_z_log_var_layer1_unit': 96, 'decoder_layer0_unit': 480, 'decoder_layer1_unit': 32, 'decoder_layer2_unit': 320, 'decoder_layer3_unit': 480, 'decoder_layer4_unit': 256, 'decoder_layer5_unit': 384}. Best is trial 190 with value: 14.216514110565186.
