Trial 336 finished with value: 42.603736877441406 and parameters: {'reg_l1': 0.28155177822508415, 'reg_l2': 0.22544466147936493, 'learning_rate': 0.0001, 'dropout': 0.12654023928404579, 'batch_size': 96, 'encoder_layer0_unit': 160, 'encoder_layer1_unit': 480, 'encoder_layer2_unit': 416, 'encoder_layer3_unit': 288, 'encoder_z_mean_layer0_unit': 96, 'encoder_z_mean_layer1_unit': 128, 'encoder_z_log_var_layer0_unit': 64, 'encoder_z_log_var_layer1_unit': 96, 'decoder_layer0_unit': 288, 'decoder_layer1_unit': 224, 'decoder_layer2_unit': 96, 'decoder_layer3_unit': 384, 'decoder_layer4_unit': 320, 'decoder_layer5_unit': 384}. Best is trial 249 with value: 14.215713620185852.
Trial 337 finished with value: 42.60807704925537 and parameters: {'reg_l1': 0.7499474289212972, 'reg_l2': 0.8866767436937342, 'learning_rate': 0.0001, 'dropout': 0.047001681450417, 'batch_size': 96, 'encoder_layer0_unit': 128, 'encoder_layer1_unit': 256, 'encoder_layer2_unit': 256, 'encoder_layer3_unit': 160, 'encoder_z_mean_layer0_unit': 64, 'encoder_z_mean_layer1_unit': 32, 'encoder_z_log_var_layer0_unit': 128, 'encoder_z_log_var_layer1_unit': 64, 'decoder_layer0_unit': 32, 'decoder_layer1_unit': 128, 'decoder_layer2_unit': 64, 'decoder_layer3_unit': 256, 'decoder_layer4_unit': 448, 'decoder_layer5_unit': 480}. Best is trial 249 with value: 14.215713620185852.
Trial 338 finished with value: 98.89777660369873 and parameters: {'reg_l1': 0.1106516057468293, 'reg_l2': 0.9814082072011675, 'learning_rate': 0.0005, 'dropout': 0.48754208815037686, 'batch_size': 224, 'encoder_layer0_unit': 352, 'encoder_layer1_unit': 224, 'encoder_layer2_unit': 288, 'encoder_layer3_unit': 448, 'encoder_z_mean_layer0_unit': 96, 'encoder_z_mean_layer1_unit': 96, 'encoder_z_log_var_layer0_unit': 128, 'encoder_z_log_var_layer1_unit': 32, 'decoder_layer0_unit': 480, 'decoder_layer1_unit': 192, 'decoder_layer2_unit': 224, 'decoder_layer3_unit': 224, 'decoder_layer4_unit': 32, 'decoder_layer5_unit': 256}. Best is trial 249 with value: 14.215713620185852.
Trial 339 finished with value: 56.88324213027954 and parameters: {'reg_l1': 0.3764290594454849, 'reg_l2': 0.4722557122409936, 'learning_rate': 0.01, 'dropout': 0.24872130648882995, 'batch_size': 128, 'encoder_layer0_unit': 416, 'encoder_layer1_unit': 480, 'encoder_layer2_unit': 256, 'encoder_layer3_unit': 256, 'encoder_z_mean_layer0_unit': 96, 'encoder_z_mean_layer1_unit': 32, 'encoder_z_log_var_layer0_unit': 64, 'encoder_z_log_var_layer1_unit': 32, 'decoder_layer0_unit': 192, 'decoder_layer1_unit': 32, 'decoder_layer2_unit': 320, 'decoder_layer3_unit': 128, 'decoder_layer4_unit': 256, 'decoder_layer5_unit': 64}. Best is trial 249 with value: 14.215713620185852.
Trial 340 finished with value: 42.668270111083984 and parameters: {'reg_l1': 0.8745025757196389, 'reg_l2': 0.8885557035040734, 'learning_rate': 0.01, 'dropout': 0.41829246416442284, 'batch_size': 96, 'encoder_layer0_unit': 320, 'encoder_layer1_unit': 128, 'encoder_layer2_unit': 448, 'encoder_layer3_unit': 448, 'encoder_z_mean_layer0_unit': 32, 'encoder_z_mean_layer1_unit': 96, 'encoder_z_log_var_layer0_unit': 128, 'encoder_z_log_var_layer1_unit': 96, 'decoder_layer0_unit': 256, 'decoder_layer1_unit': 160, 'decoder_layer2_unit': 320, 'decoder_layer3_unit': 96, 'decoder_layer4_unit': 64, 'decoder_layer5_unit': 448}. Best is trial 249 with value: 14.215713620185852.
Trial 341 finished with value: 98.58518409729004 and parameters: {'reg_l1': 0.5753135952395239, 'reg_l2': 0.6808143086706142, 'learning_rate': 0.01, 'dropout': 0.23021839833595187, 'batch_size': 224, 'encoder_layer0_unit': 448, 'encoder_layer1_unit': 416, 'encoder_layer2_unit': 416, 'encoder_layer3_unit': 192, 'encoder_z_mean_layer0_unit': 64, 'encoder_z_mean_layer1_unit': 64, 'encoder_z_log_var_layer0_unit': 64, 'encoder_z_log_var_layer1_unit': 64, 'decoder_layer0_unit': 224, 'decoder_layer1_unit': 96, 'decoder_layer2_unit': 352, 'decoder_layer3_unit': 416, 'decoder_layer4_unit': 160, 'decoder_layer5_unit': 320}. Best is trial 249 with value: 14.215713620185852.
Trial 342 finished with value: 42.5869574546814 and parameters: {'reg_l1': 0.15974909335669707, 'reg_l2': 0.41014738611275625, 'learning_rate': 0.0005, 'dropout': 0.23804429141652522, 'batch_size': 96, 'encoder_layer0_unit': 128, 'encoder_layer1_unit': 256, 'encoder_layer2_unit': 416, 'encoder_layer3_unit': 128, 'encoder_z_mean_layer0_unit': 96, 'encoder_z_mean_layer1_unit': 128, 'encoder_z_log_var_layer0_unit': 96, 'encoder_z_log_var_layer1_unit': 96, 'decoder_layer0_unit': 320, 'decoder_layer1_unit': 192, 'decoder_layer2_unit': 192, 'decoder_layer3_unit': 32, 'decoder_layer4_unit': 320, 'decoder_layer5_unit': 32}. Best is trial 249 with value: 14.215713620185852.
Trial 343 finished with value: 28.484795570373535 and parameters: {'reg_l1': 0.9121030633549837, 'reg_l2': 0.9399229748273902, 'learning_rate': 0.0005, 'dropout': 0.33699793588920984, 'batch_size': 64, 'encoder_layer0_unit': 224, 'encoder_layer1_unit': 256, 'encoder_layer2_unit': 352, 'encoder_layer3_unit': 448, 'encoder_z_mean_layer0_unit': 64, 'encoder_z_mean_layer1_unit': 32, 'encoder_z_log_var_layer0_unit': 128, 'encoder_z_log_var_layer1_unit': 32, 'decoder_layer0_unit': 384, 'decoder_layer1_unit': 384, 'decoder_layer2_unit': 480, 'decoder_layer3_unit': 256, 'decoder_layer4_unit': 384, 'decoder_layer5_unit': 416}. Best is trial 249 with value: 14.215713620185852.
Trial 344 finished with value: 56.70252180099487 and parameters: {'reg_l1': 0.665737756991127, 'reg_l2': 0.3719649108546025, 'learning_rate': 0.0001, 'dropout': 0.2204068091026723, 'batch_size': 128, 'encoder_layer0_unit': 192, 'encoder_layer1_unit': 480, 'encoder_layer2_unit': 128, 'encoder_layer3_unit': 352, 'encoder_z_mean_layer0_unit': 128, 'encoder_z_mean_layer1_unit': 32, 'encoder_z_log_var_layer0_unit': 128, 'encoder_z_log_var_layer1_unit': 64, 'decoder_layer0_unit': 96, 'decoder_layer1_unit': 160, 'decoder_layer2_unit': 256, 'decoder_layer3_unit': 352, 'decoder_layer4_unit': 32, 'decoder_layer5_unit': 480}. Best is trial 249 with value: 14.215713620185852.
Trial 345 finished with value: 112.2926254272461 and parameters: {'reg_l1': 0.8343966310518262, 'reg_l2': 0.6847932663351778, 'learning_rate': 0.005, 'dropout': 0.3071719412787221, 'batch_size': 256, 'encoder_layer0_unit': 320, 'encoder_layer1_unit': 256, 'encoder_layer2_unit': 128, 'encoder_layer3_unit': 288, 'encoder_z_mean_layer0_unit': 96, 'encoder_z_mean_layer1_unit': 96, 'encoder_z_log_var_layer0_unit': 32, 'encoder_z_log_var_layer1_unit': 32, 'decoder_layer0_unit': 224, 'decoder_layer1_unit': 64, 'decoder_layer2_unit': 416, 'decoder_layer3_unit': 192, 'decoder_layer4_unit': 448, 'decoder_layer5_unit': 192}. Best is trial 249 with value: 14.215713620185852.
Trial 346 finished with value: 70.78153705596924 and parameters: {'reg_l1': 0.4551032964546051, 'reg_l2': 0.5966778088389705, 'learning_rate': 0.0005, 'dropout': 0.08225653124119486, 'batch_size': 160, 'encoder_layer0_unit': 352, 'encoder_layer1_unit': 160, 'encoder_layer2_unit': 128, 'encoder_layer3_unit': 480, 'encoder_z_mean_layer0_unit': 128, 'encoder_z_mean_layer1_unit': 128, 'encoder_z_log_var_layer0_unit': 96, 'encoder_z_log_var_layer1_unit': 128, 'decoder_layer0_unit': 384, 'decoder_layer1_unit': 224, 'decoder_layer2_unit': 448, 'decoder_layer3_unit': 96, 'decoder_layer4_unit': 416, 'decoder_layer5_unit': 320}. Best is trial 249 with value: 14.215713620185852.
Trial 347 finished with value: 28.42011260986328 and parameters: {'reg_l1': 0.4958189363094607, 'reg_l2': 0.359187964781826, 'learning_rate': 0.0001, 'dropout': 0.046473428399582684, 'batch_size': 64, 'encoder_layer0_unit': 384, 'encoder_layer1_unit': 320, 'encoder_layer2_unit': 192, 'encoder_layer3_unit': 224, 'encoder_z_mean_layer0_unit': 128, 'encoder_z_mean_layer1_unit': 32, 'encoder_z_log_var_layer0_unit': 128, 'encoder_z_log_var_layer1_unit': 32, 'decoder_layer0_unit': 288, 'decoder_layer1_unit': 192, 'decoder_layer2_unit': 256, 'decoder_layer3_unit': 160, 'decoder_layer4_unit': 288, 'decoder_layer5_unit': 320}. Best is trial 249 with value: 14.215713620185852.
Trial 348 finished with value: 14.216997027397156 and parameters: {'reg_l1': 0.555133568818342, 'reg_l2': 0.0400800063392901, 'learning_rate': 0.001, 'dropout': 0.252684339763461, 'batch_size': 32, 'encoder_layer0_unit': 384, 'encoder_layer1_unit': 288, 'encoder_layer2_unit': 128, 'encoder_layer3_unit': 128, 'encoder_z_mean_layer0_unit': 64, 'encoder_z_mean_layer1_unit': 96, 'encoder_z_log_var_layer0_unit': 128, 'encoder_z_log_var_layer1_unit': 32, 'decoder_layer0_unit': 256, 'decoder_layer1_unit': 160, 'decoder_layer2_unit': 384, 'decoder_layer3_unit': 416, 'decoder_layer4_unit': 416, 'decoder_layer5_unit': 128}. Best is trial 249 with value: 14.215713620185852.
Trial 349 finished with value: 42.63027048110962 and parameters: {'reg_l1': 0.41900620866990446, 'reg_l2': 0.055622703079740266, 'learning_rate': 0.0005, 'dropout': 0.38516446268852117, 'batch_size': 96, 'encoder_layer0_unit': 160, 'encoder_layer1_unit': 224, 'encoder_layer2_unit': 192, 'encoder_layer3_unit': 416, 'encoder_z_mean_layer0_unit': 32, 'encoder_z_mean_layer1_unit': 32, 'encoder_z_log_var_layer0_unit': 128, 'encoder_z_log_var_layer1_unit': 96, 'decoder_layer0_unit': 32, 'decoder_layer1_unit': 256, 'decoder_layer2_unit': 416, 'decoder_layer3_unit': 224, 'decoder_layer4_unit': 320, 'decoder_layer5_unit': 32}. Best is trial 249 with value: 14.215713620185852.
Trial 350 finished with value: 71.08364677429199 and parameters: {'reg_l1': 0.6193059226696587, 'reg_l2': 0.6325590172516031, 'learning_rate': 0.005, 'dropout': 0.3001773174099162, 'batch_size': 160, 'encoder_layer0_unit': 192, 'encoder_layer1_unit': 352, 'encoder_layer2_unit': 480, 'encoder_layer3_unit': 320, 'encoder_z_mean_layer0_unit': 32, 'encoder_z_mean_layer1_unit': 32, 'encoder_z_log_var_layer0_unit': 32, 'encoder_z_log_var_layer1_unit': 64, 'decoder_layer0_unit': 320, 'decoder_layer1_unit': 96, 'decoder_layer2_unit': 64, 'decoder_layer3_unit': 256, 'decoder_layer4_unit': 448, 'decoder_layer5_unit': 416}. Best is trial 249 with value: 14.215713620185852.
Trial 351 finished with value: 70.47534847259521 and parameters: {'reg_l1': 0.6493026949509035, 'reg_l2': 0.6442785265644454, 'learning_rate': 0.001, 'dropout': 0.13938649019808497, 'batch_size': 160, 'encoder_layer0_unit': 416, 'encoder_layer1_unit': 448, 'encoder_layer2_unit': 352, 'encoder_layer3_unit': 160, 'encoder_z_mean_layer0_unit': 128, 'encoder_z_mean_layer1_unit': 64, 'encoder_z_log_var_layer0_unit': 96, 'encoder_z_log_var_layer1_unit': 128, 'decoder_layer0_unit': 32, 'decoder_layer1_unit': 192, 'decoder_layer2_unit': 160, 'decoder_layer3_unit': 96, 'decoder_layer4_unit': 352, 'decoder_layer5_unit': 192}. Best is trial 249 with value: 14.215713620185852.
Trial 352 finished with value: 28.43989109992981 and parameters: {'reg_l1': 0.39681771356665274, 'reg_l2': 0.38547076753318843, 'learning_rate': 0.01, 'dropout': 0.14422559217216535, 'batch_size': 64, 'encoder_layer0_unit': 288, 'encoder_layer1_unit': 160, 'encoder_layer2_unit': 192, 'encoder_layer3_unit': 128, 'encoder_z_mean_layer0_unit': 96, 'encoder_z_mean_layer1_unit': 128, 'encoder_z_log_var_layer0_unit': 32, 'encoder_z_log_var_layer1_unit': 128, 'decoder_layer0_unit': 352, 'decoder_layer1_unit': 480, 'decoder_layer2_unit': 320, 'decoder_layer3_unit': 384, 'decoder_layer4_unit': 352, 'decoder_layer5_unit': 224}. Best is trial 249 with value: 14.215713620185852.
Trial 353 finished with value: 112.85573291778564 and parameters: {'reg_l1': 0.38437327128019994, 'reg_l2': 0.45303984941241515, 'learning_rate': 0.01, 'dropout': 0.19511105229316195, 'batch_size': 256, 'encoder_layer0_unit': 352, 'encoder_layer1_unit': 448, 'encoder_layer2_unit': 128, 'encoder_layer3_unit': 352, 'encoder_z_mean_layer0_unit': 64, 'encoder_z_mean_layer1_unit': 128, 'encoder_z_log_var_layer0_unit': 96, 'encoder_z_log_var_layer1_unit': 128, 'decoder_layer0_unit': 160, 'decoder_layer1_unit': 416, 'decoder_layer2_unit': 128, 'decoder_layer3_unit': 384, 'decoder_layer4_unit': 128, 'decoder_layer5_unit': 320}. Best is trial 249 with value: 14.215713620185852.
Trial 354 finished with value: 70.73751640319824 and parameters: {'reg_l1': 0.6792945376811896, 'reg_l2': 0.6363726946814348, 'learning_rate': 0.001, 'dropout': 0.12376956990690563, 'batch_size': 160, 'encoder_layer0_unit': 320, 'encoder_layer1_unit': 352, 'encoder_layer2_unit': 416, 'encoder_layer3_unit': 352, 'encoder_z_mean_layer0_unit': 64, 'encoder_z_mean_layer1_unit': 128, 'encoder_z_log_var_layer0_unit': 128, 'encoder_z_log_var_layer1_unit': 64, 'decoder_layer0_unit': 320, 'decoder_layer1_unit': 320, 'decoder_layer2_unit': 352, 'decoder_layer3_unit': 96, 'decoder_layer4_unit': 96, 'decoder_layer5_unit': 160}. Best is trial 249 with value: 14.215713620185852.
Trial 355 finished with value: 14.216705560684204 and parameters: {'reg_l1': 0.8113119037293294, 'reg_l2': 0.7929537466789183, 'learning_rate': 0.01, 'dropout': 0.24209663441724905, 'batch_size': 32, 'encoder_layer0_unit': 416, 'encoder_layer1_unit': 288, 'encoder_layer2_unit': 160, 'encoder_layer3_unit': 224, 'encoder_z_mean_layer0_unit': 96, 'encoder_z_mean_layer1_unit': 96, 'encoder_z_log_var_layer0_unit': 96, 'encoder_z_log_var_layer1_unit': 64, 'decoder_layer0_unit': 96, 'decoder_layer1_unit': 480, 'decoder_layer2_unit': 384, 'decoder_layer3_unit': 256, 'decoder_layer4_unit': 192, 'decoder_layer5_unit': 480}. Best is trial 249 with value: 14.215713620185852.
Trial 356 finished with value: 70.71532440185547 and parameters: {'reg_l1': 0.3886949844336497, 'reg_l2': 0.5128494889904681, 'learning_rate': 0.001, 'dropout': 0.36401959085708335, 'batch_size': 160, 'encoder_layer0_unit': 160, 'encoder_layer1_unit': 480, 'encoder_layer2_unit': 448, 'encoder_layer3_unit': 320, 'encoder_z_mean_layer0_unit': 128, 'encoder_z_mean_layer1_unit': 32, 'encoder_z_log_var_layer0_unit': 96, 'encoder_z_log_var_layer1_unit': 32, 'decoder_layer0_unit': 448, 'decoder_layer1_unit': 352, 'decoder_layer2_unit': 96, 'decoder_layer3_unit': 256, 'decoder_layer4_unit': 288, 'decoder_layer5_unit': 288}. Best is trial 249 with value: 14.215713620185852.
Trial 357 finished with value: 99.53323268890381 and parameters: {'reg_l1': 0.11038470566692071, 'reg_l2': 0.318732206236222, 'learning_rate': 0.01, 'dropout': 0.4118329292184415, 'batch_size': 224, 'encoder_layer0_unit': 384, 'encoder_layer1_unit': 448, 'encoder_layer2_unit': 320, 'encoder_layer3_unit': 480, 'encoder_z_mean_layer0_unit': 64, 'encoder_z_mean_layer1_unit': 96, 'encoder_z_log_var_layer0_unit': 128, 'encoder_z_log_var_layer1_unit': 32, 'decoder_layer0_unit': 160, 'decoder_layer1_unit': 64, 'decoder_layer2_unit': 128, 'decoder_layer3_unit': 192, 'decoder_layer4_unit': 288, 'decoder_layer5_unit': 256}. Best is trial 249 with value: 14.215713620185852.
Trial 358 finished with value: 14.221825242042542 and parameters: {'reg_l1': 0.17990175425010957, 'reg_l2': 0.3162137620968084, 'learning_rate': 0.01, 'dropout': 0.043002974683001405, 'batch_size': 32, 'encoder_layer0_unit': 224, 'encoder_layer1_unit': 160, 'encoder_layer2_unit': 224, 'encoder_layer3_unit': 384, 'encoder_z_mean_layer0_unit': 96, 'encoder_z_mean_layer1_unit': 32, 'encoder_z_log_var_layer0_unit': 96, 'encoder_z_log_var_layer1_unit': 64, 'decoder_layer0_unit': 96, 'decoder_layer1_unit': 192, 'decoder_layer2_unit': 480, 'decoder_layer3_unit': 128, 'decoder_layer4_unit': 448, 'decoder_layer5_unit': 288}. Best is trial 249 with value: 14.215713620185852.
Trial 359 finished with value: 70.78779602050781 and parameters: {'reg_l1': 0.34916868900097486, 'reg_l2': 0.6546243371612935, 'learning_rate': 0.001, 'dropout': 0.15677317015547898, 'batch_size': 160, 'encoder_layer0_unit': 288, 'encoder_layer1_unit': 320, 'encoder_layer2_unit': 288, 'encoder_layer3_unit': 224, 'encoder_z_mean_layer0_unit': 32, 'encoder_z_mean_layer1_unit': 64, 'encoder_z_log_var_layer0_unit': 32, 'encoder_z_log_var_layer1_unit': 64, 'decoder_layer0_unit': 256, 'decoder_layer1_unit': 224, 'decoder_layer2_unit': 224, 'decoder_layer3_unit': 384, 'decoder_layer4_unit': 32, 'decoder_layer5_unit': 32}. Best is trial 249 with value: 14.215713620185852.
Trial 360 finished with value: 98.8872709274292 and parameters: {'reg_l1': 0.3192853167667946, 'reg_l2': 0.7169715294964459, 'learning_rate': 0.01, 'dropout': 0.3672972084789454, 'batch_size': 224, 'encoder_layer0_unit': 448, 'encoder_layer1_unit': 256, 'encoder_layer2_unit': 448, 'encoder_layer3_unit': 320, 'encoder_z_mean_layer0_unit': 96, 'encoder_z_mean_layer1_unit': 64, 'encoder_z_log_var_layer0_unit': 96, 'encoder_z_log_var_layer1_unit': 96, 'decoder_layer0_unit': 448, 'decoder_layer1_unit': 480, 'decoder_layer2_unit': 128, 'decoder_layer3_unit': 320, 'decoder_layer4_unit': 288, 'decoder_layer5_unit': 448}. Best is trial 249 with value: 14.215713620185852.
Trial 361 finished with value: 42.46622705459595 and parameters: {'reg_l1': 0.587832008156162, 'reg_l2': 0.343949005494229, 'learning_rate': 0.01, 'dropout': 0.038803499493432314, 'batch_size': 96, 'encoder_layer0_unit': 320, 'encoder_layer1_unit': 256, 'encoder_layer2_unit': 448, 'encoder_layer3_unit': 320, 'encoder_z_mean_layer0_unit': 128, 'encoder_z_mean_layer1_unit': 128, 'encoder_z_log_var_layer0_unit': 32, 'encoder_z_log_var_layer1_unit': 64, 'decoder_layer0_unit': 256, 'decoder_layer1_unit': 96, 'decoder_layer2_unit': 320, 'decoder_layer3_unit': 416, 'decoder_layer4_unit': 448, 'decoder_layer5_unit': 128}. Best is trial 249 with value: 14.215713620185852.
Trial 362 finished with value: 56.589659214019775 and parameters: {'reg_l1': 0.10492407644120516, 'reg_l2': 0.05528520068706788, 'learning_rate': 0.005, 'dropout': 0.019795392271319767, 'batch_size': 128, 'encoder_layer0_unit': 448, 'encoder_layer1_unit': 128, 'encoder_layer2_unit': 160, 'encoder_layer3_unit': 288, 'encoder_z_mean_layer0_unit': 96, 'encoder_z_mean_layer1_unit': 128, 'encoder_z_log_var_layer0_unit': 64, 'encoder_z_log_var_layer1_unit': 64, 'decoder_layer0_unit': 320, 'decoder_layer1_unit': 128, 'decoder_layer2_unit': 128, 'decoder_layer3_unit': 160, 'decoder_layer4_unit': 320, 'decoder_layer5_unit': 192}. Best is trial 249 with value: 14.215713620185852.
Trial 363 finished with value: 56.89307117462158 and parameters: {'reg_l1': 0.9268745670468593, 'reg_l2': 0.07168198648386548, 'learning_rate': 0.005, 'dropout': 0.2645536520712662, 'batch_size': 128, 'encoder_layer0_unit': 224, 'encoder_layer1_unit': 288, 'encoder_layer2_unit': 160, 'encoder_layer3_unit': 448, 'encoder_z_mean_layer0_unit': 32, 'encoder_z_mean_layer1_unit': 64, 'encoder_z_log_var_layer0_unit': 128, 'encoder_z_log_var_layer1_unit': 64, 'decoder_layer0_unit': 192, 'decoder_layer1_unit': 160, 'decoder_layer2_unit': 320, 'decoder_layer3_unit': 64, 'decoder_layer4_unit': 384, 'decoder_layer5_unit': 192}. Best is trial 249 with value: 14.215713620185852.
Trial 364 finished with value: 14.223573684692383 and parameters: {'reg_l1': 0.692107400950947, 'reg_l2': 0.7143534443221196, 'learning_rate': 0.001, 'dropout': 0.32436177422783957, 'batch_size': 32, 'encoder_layer0_unit': 192, 'encoder_layer1_unit': 480, 'encoder_layer2_unit': 256, 'encoder_layer3_unit': 224, 'encoder_z_mean_layer0_unit': 96, 'encoder_z_mean_layer1_unit': 96, 'encoder_z_log_var_layer0_unit': 64, 'encoder_z_log_var_layer1_unit': 32, 'decoder_layer0_unit': 160, 'decoder_layer1_unit': 128, 'decoder_layer2_unit': 96, 'decoder_layer3_unit': 32, 'decoder_layer4_unit': 128, 'decoder_layer5_unit': 288}. Best is trial 249 with value: 14.215713620185852.
Trial 365 finished with value: 98.46289730072021 and parameters: {'reg_l1': 0.45474610504901514, 'reg_l2': 0.45834765990223625, 'learning_rate': 0.01, 'dropout': 0.15545169997868513, 'batch_size': 224, 'encoder_layer0_unit': 320, 'encoder_layer1_unit': 224, 'encoder_layer2_unit': 416, 'encoder_layer3_unit': 224, 'encoder_z_mean_layer0_unit': 96, 'encoder_z_mean_layer1_unit': 128, 'encoder_z_log_var_layer0_unit': 128, 'encoder_z_log_var_layer1_unit': 128, 'decoder_layer0_unit': 416, 'decoder_layer1_unit': 256, 'decoder_layer2_unit': 96, 'decoder_layer3_unit': 224, 'decoder_layer4_unit': 224, 'decoder_layer5_unit': 64}. Best is trial 249 with value: 14.215713620185852.
Trial 366 finished with value: 14.215428233146667 and parameters: {'reg_l1': 0.485455192285578, 'reg_l2': 0.98730813444936, 'learning_rate': 0.005, 'dropout': 0.2777419617451029, 'batch_size': 32, 'encoder_layer0_unit': 288, 'encoder_layer1_unit': 352, 'encoder_layer2_unit': 448, 'encoder_layer3_unit': 352, 'encoder_z_mean_layer0_unit': 32, 'encoder_z_mean_layer1_unit': 64, 'encoder_z_log_var_layer0_unit': 128, 'encoder_z_log_var_layer1_unit': 64, 'decoder_layer0_unit': 64, 'decoder_layer1_unit': 416, 'decoder_layer2_unit': 320, 'decoder_layer3_unit': 384, 'decoder_layer4_unit': 32, 'decoder_layer5_unit': 416}. Best is trial 366 with value: 14.215428233146667.
Trial 367 finished with value: 70.77326011657715 and parameters: {'reg_l1': 0.35312202895151945, 'reg_l2': 0.25953313718108906, 'learning_rate': 0.0001, 'dropout': 0.2974797552248529, 'batch_size': 160, 'encoder_layer0_unit': 352, 'encoder_layer1_unit': 320, 'encoder_layer2_unit': 160, 'encoder_layer3_unit': 288, 'encoder_z_mean_layer0_unit': 32, 'encoder_z_mean_layer1_unit': 96, 'encoder_z_log_var_layer0_unit': 128, 'encoder_z_log_var_layer1_unit': 96, 'decoder_layer0_unit': 448, 'decoder_layer1_unit': 128, 'decoder_layer2_unit': 96, 'decoder_layer3_unit': 416, 'decoder_layer4_unit': 96, 'decoder_layer5_unit': 384}. Best is trial 366 with value: 14.215428233146667.
