Trial 32 finished with value: 42.658206939697266 and parameters: {'reg_l1': 0.1893356633372375, 'reg_l2': 0.7669758874117834, 'learning_rate': 0.01, 'dropout': 0.31285240229468103, 'batch_size': 96, 'encoder_layer0_unit': 256, 'encoder_layer1_unit': 384, 'encoder_layer2_unit': 384, 'encoder_layer3_unit': 192, 'encoder_z_mean_layer0_unit': 96, 'encoder_z_mean_layer1_unit': 32, 'encoder_z_log_var_layer0_unit': 64, 'encoder_z_log_var_layer1_unit': 32, 'decoder_layer0_unit': 128, 'decoder_layer1_unit': 480, 'decoder_layer2_unit': 288, 'decoder_layer3_unit': 224, 'decoder_layer4_unit': 96, 'decoder_layer5_unit': 224}. Best is trial 10 with value: 14.218529462814331.
Trial 33 finished with value: 99.04954528808594 and parameters: {'reg_l1': 0.5236984981412637, 'reg_l2': 0.664217037038677, 'learning_rate': 0.0005, 'dropout': 0.11144108899469518, 'batch_size': 224, 'encoder_layer0_unit': 224, 'encoder_layer1_unit': 160, 'encoder_layer2_unit': 352, 'encoder_layer3_unit': 384, 'encoder_z_mean_layer0_unit': 32, 'encoder_z_mean_layer1_unit': 128, 'encoder_z_log_var_layer0_unit': 128, 'encoder_z_log_var_layer1_unit': 32, 'decoder_layer0_unit': 320, 'decoder_layer1_unit': 96, 'decoder_layer2_unit': 480, 'decoder_layer3_unit': 480, 'decoder_layer4_unit': 480, 'decoder_layer5_unit': 64}. Best is trial 10 with value: 14.218529462814331.
Trial 34 finished with value: 42.54608964920044 and parameters: {'reg_l1': 0.4638961969920633, 'reg_l2': 0.5444928880240212, 'learning_rate': 0.005, 'dropout': 0.39557344081867474, 'batch_size': 96, 'encoder_layer0_unit': 448, 'encoder_layer1_unit': 480, 'encoder_layer2_unit': 480, 'encoder_layer3_unit': 192, 'encoder_z_mean_layer0_unit': 96, 'encoder_z_mean_layer1_unit': 64, 'encoder_z_log_var_layer0_unit': 64, 'encoder_z_log_var_layer1_unit': 128, 'decoder_layer0_unit': 384, 'decoder_layer1_unit': 64, 'decoder_layer2_unit': 320, 'decoder_layer3_unit': 416, 'decoder_layer4_unit': 32, 'decoder_layer5_unit': 160}. Best is trial 10 with value: 14.218529462814331.
Trial 35 finished with value: 113.75185680389404 and parameters: {'reg_l1': 0.8180837110536495, 'reg_l2': 0.8232878257891749, 'learning_rate': 0.005, 'dropout': 0.4614723371368518, 'batch_size': 256, 'encoder_layer0_unit': 320, 'encoder_layer1_unit': 224, 'encoder_layer2_unit': 352, 'encoder_layer3_unit': 384, 'encoder_z_mean_layer0_unit': 128, 'encoder_z_mean_layer1_unit': 32, 'encoder_z_log_var_layer0_unit': 64, 'encoder_z_log_var_layer1_unit': 96, 'decoder_layer0_unit': 448, 'decoder_layer1_unit': 416, 'decoder_layer2_unit': 32, 'decoder_layer3_unit': 96, 'decoder_layer4_unit': 352, 'decoder_layer5_unit': 480}. Best is trial 10 with value: 14.218529462814331.
Trial 36 finished with value: 84.47199153900146 and parameters: {'reg_l1': 0.767913548271544, 'reg_l2': 0.1787453871686432, 'learning_rate': 0.005, 'dropout': 0.030762939358242536, 'batch_size': 192, 'encoder_layer0_unit': 160, 'encoder_layer1_unit': 384, 'encoder_layer2_unit': 224, 'encoder_layer3_unit': 192, 'encoder_z_mean_layer0_unit': 128, 'encoder_z_mean_layer1_unit': 128, 'encoder_z_log_var_layer0_unit': 96, 'encoder_z_log_var_layer1_unit': 32, 'decoder_layer0_unit': 128, 'decoder_layer1_unit': 352, 'decoder_layer2_unit': 352, 'decoder_layer3_unit': 384, 'decoder_layer4_unit': 352, 'decoder_layer5_unit': 160}. Best is trial 10 with value: 14.218529462814331.
Trial 37 finished with value: 14.220120668411255 and parameters: {'reg_l1': 0.12866769602359673, 'reg_l2': 0.07884752680400442, 'learning_rate': 0.001, 'dropout': 0.27713367478950074, 'batch_size': 32, 'encoder_layer0_unit': 288, 'encoder_layer1_unit': 192, 'encoder_layer2_unit': 416, 'encoder_layer3_unit': 288, 'encoder_z_mean_layer0_unit': 128, 'encoder_z_mean_layer1_unit': 32, 'encoder_z_log_var_layer0_unit': 128, 'encoder_z_log_var_layer1_unit': 64, 'decoder_layer0_unit': 480, 'decoder_layer1_unit': 416, 'decoder_layer2_unit': 128, 'decoder_layer3_unit': 448, 'decoder_layer4_unit': 32, 'decoder_layer5_unit': 160}. Best is trial 10 with value: 14.218529462814331.
Trial 38 finished with value: 28.445148944854736 and parameters: {'reg_l1': 0.0530766697935523, 'reg_l2': 0.9514550516495588, 'learning_rate': 0.005, 'dropout': 0.40183974622877855, 'batch_size': 64, 'encoder_layer0_unit': 384, 'encoder_layer1_unit': 224, 'encoder_layer2_unit': 192, 'encoder_layer3_unit': 256, 'encoder_z_mean_layer0_unit': 64, 'encoder_z_mean_layer1_unit': 32, 'encoder_z_log_var_layer0_unit': 32, 'encoder_z_log_var_layer1_unit': 32, 'decoder_layer0_unit': 448, 'decoder_layer1_unit': 64, 'decoder_layer2_unit': 224, 'decoder_layer3_unit': 96, 'decoder_layer4_unit': 320, 'decoder_layer5_unit': 480}. Best is trial 10 with value: 14.218529462814331.
Trial 39 finished with value: 14.220605969429016 and parameters: {'reg_l1': 0.8487811132287245, 'reg_l2': 0.06364333137587819, 'learning_rate': 0.01, 'dropout': 0.07013961406371289, 'batch_size': 32, 'encoder_layer0_unit': 352, 'encoder_layer1_unit': 128, 'encoder_layer2_unit': 192, 'encoder_layer3_unit': 416, 'encoder_z_mean_layer0_unit': 32, 'encoder_z_mean_layer1_unit': 128, 'encoder_z_log_var_layer0_unit': 128, 'encoder_z_log_var_layer1_unit': 64, 'decoder_layer0_unit': 32, 'decoder_layer1_unit': 480, 'decoder_layer2_unit': 160, 'decoder_layer3_unit': 160, 'decoder_layer4_unit': 96, 'decoder_layer5_unit': 32}. Best is trial 10 with value: 14.218529462814331.
Trial 40 finished with value: 42.52756404876709 and parameters: {'reg_l1': 0.6956216926843706, 'reg_l2': 0.5816249195176418, 'learning_rate': 0.0005, 'dropout': 0.03485866376312674, 'batch_size': 96, 'encoder_layer0_unit': 320, 'encoder_layer1_unit': 160, 'encoder_layer2_unit': 352, 'encoder_layer3_unit': 288, 'encoder_z_mean_layer0_unit': 128, 'encoder_z_mean_layer1_unit': 32, 'encoder_z_log_var_layer0_unit': 96, 'encoder_z_log_var_layer1_unit': 96, 'decoder_layer0_unit': 256, 'decoder_layer1_unit': 160, 'decoder_layer2_unit': 480, 'decoder_layer3_unit': 448, 'decoder_layer4_unit': 192, 'decoder_layer5_unit': 416}. Best is trial 10 with value: 14.218529462814331.
Trial 41 finished with value: 98.37055683135986 and parameters: {'reg_l1': 0.05122854564678958, 'reg_l2': 0.4046405061630448, 'learning_rate': 0.005, 'dropout': 0.4650137206358836, 'batch_size': 224, 'encoder_layer0_unit': 416, 'encoder_layer1_unit': 480, 'encoder_layer2_unit': 416, 'encoder_layer3_unit': 384, 'encoder_z_mean_layer0_unit': 128, 'encoder_z_mean_layer1_unit': 64, 'encoder_z_log_var_layer0_unit': 128, 'encoder_z_log_var_layer1_unit': 96, 'decoder_layer0_unit': 160, 'decoder_layer1_unit': 480, 'decoder_layer2_unit': 480, 'decoder_layer3_unit': 96, 'decoder_layer4_unit': 288, 'decoder_layer5_unit': 416}. Best is trial 10 with value: 14.218529462814331.
Trial 42 finished with value: 70.81965160369873 and parameters: {'reg_l1': 0.5278684921920893, 'reg_l2': 0.3042157210522912, 'learning_rate': 0.0001, 'dropout': 0.49560048322436184, 'batch_size': 160, 'encoder_layer0_unit': 224, 'encoder_layer1_unit': 320, 'encoder_layer2_unit': 384, 'encoder_layer3_unit': 448, 'encoder_z_mean_layer0_unit': 128, 'encoder_z_mean_layer1_unit': 96, 'encoder_z_log_var_layer0_unit': 96, 'encoder_z_log_var_layer1_unit': 128, 'decoder_layer0_unit': 96, 'decoder_layer1_unit': 224, 'decoder_layer2_unit': 352, 'decoder_layer3_unit': 416, 'decoder_layer4_unit': 352, 'decoder_layer5_unit': 256}. Best is trial 10 with value: 14.218529462814331.
Trial 43 finished with value: 84.93408966064453 and parameters: {'reg_l1': 0.6960571653420026, 'reg_l2': 0.9198471802386874, 'learning_rate': 0.0001, 'dropout': 0.4579003250163046, 'batch_size': 192, 'encoder_layer0_unit': 320, 'encoder_layer1_unit': 128, 'encoder_layer2_unit': 192, 'encoder_layer3_unit': 128, 'encoder_z_mean_layer0_unit': 32, 'encoder_z_mean_layer1_unit': 64, 'encoder_z_log_var_layer0_unit': 32, 'encoder_z_log_var_layer1_unit': 128, 'decoder_layer0_unit': 224, 'decoder_layer1_unit': 320, 'decoder_layer2_unit': 320, 'decoder_layer3_unit': 64, 'decoder_layer4_unit': 64, 'decoder_layer5_unit': 160}. Best is trial 10 with value: 14.218529462814331.
Trial 44 finished with value: 99.0058650970459 and parameters: {'reg_l1': 0.6279135133947353, 'reg_l2': 0.5270026590429184, 'learning_rate': 0.0005, 'dropout': 0.3714797994050374, 'batch_size': 224, 'encoder_layer0_unit': 160, 'encoder_layer1_unit': 224, 'encoder_layer2_unit': 224, 'encoder_layer3_unit': 288, 'encoder_z_mean_layer0_unit': 32, 'encoder_z_mean_layer1_unit': 128, 'encoder_z_log_var_layer0_unit': 64, 'encoder_z_log_var_layer1_unit': 64, 'decoder_layer0_unit': 288, 'decoder_layer1_unit': 384, 'decoder_layer2_unit': 64, 'decoder_layer3_unit': 64, 'decoder_layer4_unit': 416, 'decoder_layer5_unit': 352}. Best is trial 10 with value: 14.218529462814331.
Trial 45 finished with value: 14.216556549072266 and parameters: {'reg_l1': 0.3199860689621037, 'reg_l2': 0.20470505021517804, 'learning_rate': 0.0005, 'dropout': 0.3819763663981487, 'batch_size': 32, 'encoder_layer0_unit': 128, 'encoder_layer1_unit': 384, 'encoder_layer2_unit': 352, 'encoder_layer3_unit': 416, 'encoder_z_mean_layer0_unit': 32, 'encoder_z_mean_layer1_unit': 64, 'encoder_z_log_var_layer0_unit': 96, 'encoder_z_log_var_layer1_unit': 128, 'decoder_layer0_unit': 320, 'decoder_layer1_unit': 160, 'decoder_layer2_unit': 352, 'decoder_layer3_unit': 224, 'decoder_layer4_unit': 32, 'decoder_layer5_unit': 416}. Best is trial 45 with value: 14.216556549072266.
Trial 46 finished with value: 84.34596824645996 and parameters: {'reg_l1': 0.36247224074155804, 'reg_l2': 0.4227465637076979, 'learning_rate': 0.005, 'dropout': 0.20442337619290368, 'batch_size': 192, 'encoder_layer0_unit': 160, 'encoder_layer1_unit': 384, 'encoder_layer2_unit': 192, 'encoder_layer3_unit': 160, 'encoder_z_mean_layer0_unit': 64, 'encoder_z_mean_layer1_unit': 96, 'encoder_z_log_var_layer0_unit': 32, 'encoder_z_log_var_layer1_unit': 64, 'decoder_layer0_unit': 352, 'decoder_layer1_unit': 320, 'decoder_layer2_unit': 416, 'decoder_layer3_unit': 320, 'decoder_layer4_unit': 192, 'decoder_layer5_unit': 352}. Best is trial 45 with value: 14.216556549072266.
Trial 47 finished with value: 98.29817008972168 and parameters: {'reg_l1': 0.4502092150139171, 'reg_l2': 0.5463143824510814, 'learning_rate': 0.005, 'dropout': 0.1783789757418598, 'batch_size': 224, 'encoder_layer0_unit': 128, 'encoder_layer1_unit': 192, 'encoder_layer2_unit': 352, 'encoder_layer3_unit': 192, 'encoder_z_mean_layer0_unit': 32, 'encoder_z_mean_layer1_unit': 128, 'encoder_z_log_var_layer0_unit': 64, 'encoder_z_log_var_layer1_unit': 32, 'decoder_layer0_unit': 32, 'decoder_layer1_unit': 256, 'decoder_layer2_unit': 64, 'decoder_layer3_unit': 192, 'decoder_layer4_unit': 384, 'decoder_layer5_unit': 480}. Best is trial 45 with value: 14.216556549072266.
Trial 48 finished with value: 99.06847381591797 and parameters: {'reg_l1': 0.3819538598664498, 'reg_l2': 0.10527043785005685, 'learning_rate': 0.0001, 'dropout': 0.05481608960902157, 'batch_size': 224, 'encoder_layer0_unit': 384, 'encoder_layer1_unit': 128, 'encoder_layer2_unit': 480, 'encoder_layer3_unit': 288, 'encoder_z_mean_layer0_unit': 64, 'encoder_z_mean_layer1_unit': 32, 'encoder_z_log_var_layer0_unit': 128, 'encoder_z_log_var_layer1_unit': 96, 'decoder_layer0_unit': 32, 'decoder_layer1_unit': 320, 'decoder_layer2_unit': 320, 'decoder_layer3_unit': 96, 'decoder_layer4_unit': 32, 'decoder_layer5_unit': 96}. Best is trial 45 with value: 14.216556549072266.
Trial 49 finished with value: 14.219149708747864 and parameters: {'reg_l1': 0.0798873640862543, 'reg_l2': 0.03828642157832396, 'learning_rate': 0.0005, 'dropout': 0.11798218354737822, 'batch_size': 32, 'encoder_layer0_unit': 320, 'encoder_layer1_unit': 224, 'encoder_layer2_unit': 224, 'encoder_layer3_unit': 224, 'encoder_z_mean_layer0_unit': 128, 'encoder_z_mean_layer1_unit': 96, 'encoder_z_log_var_layer0_unit': 64, 'encoder_z_log_var_layer1_unit': 96, 'decoder_layer0_unit': 64, 'decoder_layer1_unit': 192, 'decoder_layer2_unit': 32, 'decoder_layer3_unit': 96, 'decoder_layer4_unit': 160, 'decoder_layer5_unit': 352}. Best is trial 45 with value: 14.216556549072266.
Trial 50 finished with value: 99.39621162414551 and parameters: {'reg_l1': 0.06912540781844645, 'reg_l2': 0.01799998513140133, 'learning_rate': 0.001, 'dropout': 0.06242191632368871, 'batch_size': 224, 'encoder_layer0_unit': 384, 'encoder_layer1_unit': 320, 'encoder_layer2_unit': 160, 'encoder_layer3_unit': 416, 'encoder_z_mean_layer0_unit': 96, 'encoder_z_mean_layer1_unit': 32, 'encoder_z_log_var_layer0_unit': 64, 'encoder_z_log_var_layer1_unit': 32, 'decoder_layer0_unit': 416, 'decoder_layer1_unit': 448, 'decoder_layer2_unit': 192, 'decoder_layer3_unit': 160, 'decoder_layer4_unit': 160, 'decoder_layer5_unit': 64}. Best is trial 45 with value: 14.216556549072266.
Trial 51 finished with value: 14.218150973320007 and parameters: {'reg_l1': 0.6163693311620002, 'reg_l2': 0.7183898580922681, 'learning_rate': 0.01, 'dropout': 0.07044758801922496, 'batch_size': 32, 'encoder_layer0_unit': 352, 'encoder_layer1_unit': 224, 'encoder_layer2_unit': 160, 'encoder_layer3_unit': 256, 'encoder_z_mean_layer0_unit': 128, 'encoder_z_mean_layer1_unit': 96, 'encoder_z_log_var_layer0_unit': 96, 'encoder_z_log_var_layer1_unit': 32, 'decoder_layer0_unit': 256, 'decoder_layer1_unit': 448, 'decoder_layer2_unit': 416, 'decoder_layer3_unit': 224, 'decoder_layer4_unit': 416, 'decoder_layer5_unit': 448}. Best is trial 45 with value: 14.216556549072266.
Trial 52 finished with value: 28.445970058441162 and parameters: {'reg_l1': 0.49512567533303875, 'reg_l2': 0.6165077344955774, 'learning_rate': 0.005, 'dropout': 0.0709618244834695, 'batch_size': 64, 'encoder_layer0_unit': 128, 'encoder_layer1_unit': 224, 'encoder_layer2_unit': 448, 'encoder_layer3_unit': 480, 'encoder_z_mean_layer0_unit': 64, 'encoder_z_mean_layer1_unit': 128, 'encoder_z_log_var_layer0_unit': 96, 'encoder_z_log_var_layer1_unit': 128, 'decoder_layer0_unit': 160, 'decoder_layer1_unit': 64, 'decoder_layer2_unit': 352, 'decoder_layer3_unit': 128, 'decoder_layer4_unit': 256, 'decoder_layer5_unit': 384}. Best is trial 45 with value: 14.216556549072266.
Trial 53 finished with value: 28.473418712615967 and parameters: {'reg_l1': 0.3884043032666341, 'reg_l2': 0.08623345678556826, 'learning_rate': 0.001, 'dropout': 0.29054417443206376, 'batch_size': 64, 'encoder_layer0_unit': 128, 'encoder_layer1_unit': 448, 'encoder_layer2_unit': 320, 'encoder_layer3_unit': 480, 'encoder_z_mean_layer0_unit': 128, 'encoder_z_mean_layer1_unit': 64, 'encoder_z_log_var_layer0_unit': 64, 'encoder_z_log_var_layer1_unit': 64, 'decoder_layer0_unit': 128, 'decoder_layer1_unit': 352, 'decoder_layer2_unit': 128, 'decoder_layer3_unit': 384, 'decoder_layer4_unit': 32, 'decoder_layer5_unit': 480}. Best is trial 45 with value: 14.216556549072266.
Trial 54 finished with value: 70.79399681091309 and parameters: {'reg_l1': 0.4626600540434107, 'reg_l2': 0.2664469509160655, 'learning_rate': 0.0005, 'dropout': 0.2256746615664399, 'batch_size': 160, 'encoder_layer0_unit': 448, 'encoder_layer1_unit': 288, 'encoder_layer2_unit': 480, 'encoder_layer3_unit': 160, 'encoder_z_mean_layer0_unit': 32, 'encoder_z_mean_layer1_unit': 64, 'encoder_z_log_var_layer0_unit': 32, 'encoder_z_log_var_layer1_unit': 128, 'decoder_layer0_unit': 192, 'decoder_layer1_unit': 64, 'decoder_layer2_unit': 224, 'decoder_layer3_unit': 256, 'decoder_layer4_unit': 128, 'decoder_layer5_unit': 448}. Best is trial 45 with value: 14.216556549072266.
Trial 55 finished with value: 42.57615089416504 and parameters: {'reg_l1': 0.10111496898255168, 'reg_l2': 0.31784965888441186, 'learning_rate': 0.0005, 'dropout': 0.23560376356374518, 'batch_size': 96, 'encoder_layer0_unit': 128, 'encoder_layer1_unit': 224, 'encoder_layer2_unit': 352, 'encoder_layer3_unit': 192, 'encoder_z_mean_layer0_unit': 128, 'encoder_z_mean_layer1_unit': 32, 'encoder_z_log_var_layer0_unit': 128, 'encoder_z_log_var_layer1_unit': 128, 'decoder_layer0_unit': 352, 'decoder_layer1_unit': 288, 'decoder_layer2_unit': 160, 'decoder_layer3_unit': 480, 'decoder_layer4_unit': 32, 'decoder_layer5_unit': 320}. Best is trial 45 with value: 14.216556549072266.
Trial 56 finished with value: 42.55713891983032 and parameters: {'reg_l1': 0.7769717226175852, 'reg_l2': 0.40765637200200544, 'learning_rate': 0.001, 'dropout': 0.062382323875697476, 'batch_size': 96, 'encoder_layer0_unit': 160, 'encoder_layer1_unit': 256, 'encoder_layer2_unit': 224, 'encoder_layer3_unit': 480, 'encoder_z_mean_layer0_unit': 64, 'encoder_z_mean_layer1_unit': 64, 'encoder_z_log_var_layer0_unit': 64, 'encoder_z_log_var_layer1_unit': 96, 'decoder_layer0_unit': 32, 'decoder_layer1_unit': 96, 'decoder_layer2_unit': 416, 'decoder_layer3_unit': 480, 'decoder_layer4_unit': 288, 'decoder_layer5_unit': 160}. Best is trial 45 with value: 14.216556549072266.
Trial 57 finished with value: 98.96479988098145 and parameters: {'reg_l1': 0.8374399118324124, 'reg_l2': 0.11257924313094392, 'learning_rate': 0.001, 'dropout': 0.3526827630584072, 'batch_size': 224, 'encoder_layer0_unit': 480, 'encoder_layer1_unit': 320, 'encoder_layer2_unit': 320, 'encoder_layer3_unit': 192, 'encoder_z_mean_layer0_unit': 32, 'encoder_z_mean_layer1_unit': 96, 'encoder_z_log_var_layer0_unit': 32, 'encoder_z_log_var_layer1_unit': 96, 'decoder_layer0_unit': 128, 'decoder_layer1_unit': 288, 'decoder_layer2_unit': 256, 'decoder_layer3_unit': 480, 'decoder_layer4_unit': 64, 'decoder_layer5_unit': 352}. Best is trial 45 with value: 14.216556549072266.
Trial 58 finished with value: 98.80281066894531 and parameters: {'reg_l1': 0.8809218632577464, 'reg_l2': 0.4931644046263247, 'learning_rate': 0.0005, 'dropout': 0.15484811473278304, 'batch_size': 224, 'encoder_layer0_unit': 256, 'encoder_layer1_unit': 128, 'encoder_layer2_unit': 256, 'encoder_layer3_unit': 128, 'encoder_z_mean_layer0_unit': 64, 'encoder_z_mean_layer1_unit': 32, 'encoder_z_log_var_layer0_unit': 32, 'encoder_z_log_var_layer1_unit': 96, 'decoder_layer0_unit': 32, 'decoder_layer1_unit': 192, 'decoder_layer2_unit': 96, 'decoder_layer3_unit': 384, 'decoder_layer4_unit': 320, 'decoder_layer5_unit': 352}. Best is trial 45 with value: 14.216556549072266.
Trial 59 finished with value: 56.70157766342163 and parameters: {'reg_l1': 0.48024084092581865, 'reg_l2': 0.008689739523636275, 'learning_rate': 0.0001, 'dropout': 0.15085686996230985, 'batch_size': 128, 'encoder_layer0_unit': 320, 'encoder_layer1_unit': 320, 'encoder_layer2_unit': 416, 'encoder_layer3_unit': 192, 'encoder_z_mean_layer0_unit': 32, 'encoder_z_mean_layer1_unit': 64, 'encoder_z_log_var_layer0_unit': 96, 'encoder_z_log_var_layer1_unit': 64, 'decoder_layer0_unit': 480, 'decoder_layer1_unit': 128, 'decoder_layer2_unit': 64, 'decoder_layer3_unit': 480, 'decoder_layer4_unit': 192, 'decoder_layer5_unit': 192}. Best is trial 45 with value: 14.216556549072266.
Trial 60 finished with value: 112.28527164459229 and parameters: {'reg_l1': 0.8944663097529817, 'reg_l2': 0.25105012420876416, 'learning_rate': 0.01, 'dropout': 0.024470532499444864, 'batch_size': 256, 'encoder_layer0_unit': 448, 'encoder_layer1_unit': 448, 'encoder_layer2_unit': 384, 'encoder_layer3_unit': 416, 'encoder_z_mean_layer0_unit': 96, 'encoder_z_mean_layer1_unit': 128, 'encoder_z_log_var_layer0_unit': 128, 'encoder_z_log_var_layer1_unit': 64, 'decoder_layer0_unit': 288, 'decoder_layer1_unit': 128, 'decoder_layer2_unit': 192, 'decoder_layer3_unit': 448, 'decoder_layer4_unit': 480, 'decoder_layer5_unit': 32}. Best is trial 45 with value: 14.216556549072266.
Trial 61 finished with value: 70.89943313598633 and parameters: {'reg_l1': 0.4888744296427069, 'reg_l2': 0.420752475560903, 'learning_rate': 0.01, 'dropout': 0.20342728567325857, 'batch_size': 160, 'encoder_layer0_unit': 160, 'encoder_layer1_unit': 224, 'encoder_layer2_unit': 320, 'encoder_layer3_unit': 448, 'encoder_z_mean_layer0_unit': 32, 'encoder_z_mean_layer1_unit': 96, 'encoder_z_log_var_layer0_unit': 128, 'encoder_z_log_var_layer1_unit': 128, 'decoder_layer0_unit': 352, 'decoder_layer1_unit': 256, 'decoder_layer2_unit': 96, 'decoder_layer3_unit': 384, 'decoder_layer4_unit': 384, 'decoder_layer5_unit': 448}. Best is trial 45 with value: 14.216556549072266.
Trial 62 finished with value: 56.70027446746826 and parameters: {'reg_l1': 0.7113952243375693, 'reg_l2': 0.745664230545483, 'learning_rate': 0.0001, 'dropout': 0.32763042138144033, 'batch_size': 128, 'encoder_layer0_unit': 480, 'encoder_layer1_unit': 416, 'encoder_layer2_unit': 416, 'encoder_layer3_unit': 320, 'encoder_z_mean_layer0_unit': 96, 'encoder_z_mean_layer1_unit': 128, 'encoder_z_log_var_layer0_unit': 128, 'encoder_z_log_var_layer1_unit': 64, 'decoder_layer0_unit': 256, 'decoder_layer1_unit': 256, 'decoder_layer2_unit': 384, 'decoder_layer3_unit': 160, 'decoder_layer4_unit': 480, 'decoder_layer5_unit': 192}. Best is trial 45 with value: 14.216556549072266.
Trial 63 finished with value: 84.74724102020264 and parameters: {'reg_l1': 0.7612249031471457, 'reg_l2': 0.45445373009393986, 'learning_rate': 0.001, 'dropout': 0.31325353689691476, 'batch_size': 192, 'encoder_layer0_unit': 384, 'encoder_layer1_unit': 416, 'encoder_layer2_unit': 384, 'encoder_layer3_unit': 128, 'encoder_z_mean_layer0_unit': 128, 'encoder_z_mean_layer1_unit': 32, 'encoder_z_log_var_layer0_unit': 128, 'encoder_z_log_var_layer1_unit': 128, 'decoder_layer0_unit': 256, 'decoder_layer1_unit': 192, 'decoder_layer2_unit': 256, 'decoder_layer3_unit': 96, 'decoder_layer4_unit': 448, 'decoder_layer5_unit': 128}. Best is trial 45 with value: 14.216556549072266.
