Trial 352 finished with value: 113.00178909301758 and parameters: {'reg_l1': 0.18448208140955846, 'reg_l2': 0.6939005857830033, 'learning_rate': 0.0001, 'dropout': 0.06509991388117942, 'batch_size': 256, 'encoder_layer0_unit': 128, 'encoder_layer1_unit': 288, 'encoder_layer2_unit': 160, 'encoder_layer3_unit': 192, 'encoder_z_mean_layer0_unit': 64, 'encoder_z_mean_layer1_unit': 128, 'encoder_z_log_var_layer0_unit': 96, 'encoder_z_log_var_layer1_unit': 128, 'decoder_layer0_unit': 64, 'decoder_layer1_unit': 320, 'decoder_layer2_unit': 96, 'decoder_layer3_unit': 352, 'decoder_layer4_unit': 416, 'decoder_layer5_unit': 192}. Best is trial 200 with value: 14.215638160705566.
Trial 353 finished with value: 99.12892723083496 and parameters: {'reg_l1': 0.05291346605678915, 'reg_l2': 0.5647975512313442, 'learning_rate': 0.01, 'dropout': 0.2653748488292095, 'batch_size': 224, 'encoder_layer0_unit': 480, 'encoder_layer1_unit': 320, 'encoder_layer2_unit': 448, 'encoder_layer3_unit': 352, 'encoder_z_mean_layer0_unit': 64, 'encoder_z_mean_layer1_unit': 64, 'encoder_z_log_var_layer0_unit': 128, 'encoder_z_log_var_layer1_unit': 128, 'decoder_layer0_unit': 480, 'decoder_layer1_unit': 64, 'decoder_layer2_unit': 384, 'decoder_layer3_unit': 448, 'decoder_layer4_unit': 288, 'decoder_layer5_unit': 192}. Best is trial 200 with value: 14.215638160705566.
Trial 354 finished with value: 28.402400016784668 and parameters: {'reg_l1': 0.17940612332903805, 'reg_l2': 0.5324678888279909, 'learning_rate': 0.0001, 'dropout': 0.39920972732085036, 'batch_size': 64, 'encoder_layer0_unit': 480, 'encoder_layer1_unit': 128, 'encoder_layer2_unit': 416, 'encoder_layer3_unit': 448, 'encoder_z_mean_layer0_unit': 128, 'encoder_z_mean_layer1_unit': 32, 'encoder_z_log_var_layer0_unit': 128, 'encoder_z_log_var_layer1_unit': 128, 'decoder_layer0_unit': 224, 'decoder_layer1_unit': 96, 'decoder_layer2_unit': 160, 'decoder_layer3_unit': 320, 'decoder_layer4_unit': 384, 'decoder_layer5_unit': 96}. Best is trial 200 with value: 14.215638160705566.
Trial 355 finished with value: 84.78955078125 and parameters: {'reg_l1': 0.5384779157140945, 'reg_l2': 0.23254785880594087, 'learning_rate': 0.001, 'dropout': 0.47930549956630775, 'batch_size': 192, 'encoder_layer0_unit': 288, 'encoder_layer1_unit': 192, 'encoder_layer2_unit': 480, 'encoder_layer3_unit': 416, 'encoder_z_mean_layer0_unit': 32, 'encoder_z_mean_layer1_unit': 32, 'encoder_z_log_var_layer0_unit': 128, 'encoder_z_log_var_layer1_unit': 128, 'decoder_layer0_unit': 224, 'decoder_layer1_unit': 480, 'decoder_layer2_unit': 96, 'decoder_layer3_unit': 416, 'decoder_layer4_unit': 256, 'decoder_layer5_unit': 224}. Best is trial 200 with value: 14.215638160705566.
Trial 356 finished with value: 70.69196605682373 and parameters: {'reg_l1': 0.2237668261802115, 'reg_l2': 0.2829695374286134, 'learning_rate': 0.001, 'dropout': 0.2622494051612156, 'batch_size': 160, 'encoder_layer0_unit': 320, 'encoder_layer1_unit': 416, 'encoder_layer2_unit': 352, 'encoder_layer3_unit': 128, 'encoder_z_mean_layer0_unit': 64, 'encoder_z_mean_layer1_unit': 32, 'encoder_z_log_var_layer0_unit': 64, 'encoder_z_log_var_layer1_unit': 96, 'decoder_layer0_unit': 320, 'decoder_layer1_unit': 224, 'decoder_layer2_unit': 320, 'decoder_layer3_unit': 96, 'decoder_layer4_unit': 416, 'decoder_layer5_unit': 480}. Best is trial 200 with value: 14.215638160705566.
Trial 357 finished with value: 28.43446183204651 and parameters: {'reg_l1': 0.8986701289103972, 'reg_l2': 0.413235455012143, 'learning_rate': 0.0001, 'dropout': 0.007585963842593024, 'batch_size': 64, 'encoder_layer0_unit': 416, 'encoder_layer1_unit': 256, 'encoder_layer2_unit': 352, 'encoder_layer3_unit': 416, 'encoder_z_mean_layer0_unit': 96, 'encoder_z_mean_layer1_unit': 32, 'encoder_z_log_var_layer0_unit': 32, 'encoder_z_log_var_layer1_unit': 32, 'decoder_layer0_unit': 320, 'decoder_layer1_unit': 448, 'decoder_layer2_unit': 352, 'decoder_layer3_unit': 352, 'decoder_layer4_unit': 416, 'decoder_layer5_unit': 128}. Best is trial 200 with value: 14.215638160705566.
Trial 358 finished with value: 56.65318441390991 and parameters: {'reg_l1': 0.8292165548310237, 'reg_l2': 0.0039052665690229027, 'learning_rate': 0.005, 'dropout': 0.17253335452271806, 'batch_size': 128, 'encoder_layer0_unit': 320, 'encoder_layer1_unit': 160, 'encoder_layer2_unit': 352, 'encoder_layer3_unit': 160, 'encoder_z_mean_layer0_unit': 64, 'encoder_z_mean_layer1_unit': 32, 'encoder_z_log_var_layer0_unit': 96, 'encoder_z_log_var_layer1_unit': 64, 'decoder_layer0_unit': 480, 'decoder_layer1_unit': 160, 'decoder_layer2_unit': 160, 'decoder_layer3_unit': 320, 'decoder_layer4_unit': 96, 'decoder_layer5_unit': 224}. Best is trial 200 with value: 14.215638160705566.
Trial 359 finished with value: 99.52057266235352 and parameters: {'reg_l1': 0.8147431830538339, 'reg_l2': 0.8580541265924113, 'learning_rate': 0.005, 'dropout': 0.358558284071345, 'batch_size': 224, 'encoder_layer0_unit': 480, 'encoder_layer1_unit': 192, 'encoder_layer2_unit': 128, 'encoder_layer3_unit': 160, 'encoder_z_mean_layer0_unit': 128, 'encoder_z_mean_layer1_unit': 96, 'encoder_z_log_var_layer0_unit': 128, 'encoder_z_log_var_layer1_unit': 32, 'decoder_layer0_unit': 96, 'decoder_layer1_unit': 352, 'decoder_layer2_unit': 448, 'decoder_layer3_unit': 320, 'decoder_layer4_unit': 64, 'decoder_layer5_unit': 320}. Best is trial 200 with value: 14.215638160705566.
Trial 360 finished with value: 112.72465133666992 and parameters: {'reg_l1': 0.033262746220535266, 'reg_l2': 0.6048296007090075, 'learning_rate': 0.01, 'dropout': 0.052081791362465824, 'batch_size': 256, 'encoder_layer0_unit': 128, 'encoder_layer1_unit': 192, 'encoder_layer2_unit': 288, 'encoder_layer3_unit': 448, 'encoder_z_mean_layer0_unit': 64, 'encoder_z_mean_layer1_unit': 64, 'encoder_z_log_var_layer0_unit': 128, 'encoder_z_log_var_layer1_unit': 96, 'decoder_layer0_unit': 352, 'decoder_layer1_unit': 320, 'decoder_layer2_unit': 64, 'decoder_layer3_unit': 96, 'decoder_layer4_unit': 160, 'decoder_layer5_unit': 224}. Best is trial 200 with value: 14.215638160705566.
Trial 361 finished with value: 42.55615425109863 and parameters: {'reg_l1': 0.8794510854537587, 'reg_l2': 0.8577620498375228, 'learning_rate': 0.01, 'dropout': 0.2257205636650247, 'batch_size': 96, 'encoder_layer0_unit': 352, 'encoder_layer1_unit': 224, 'encoder_layer2_unit': 160, 'encoder_layer3_unit': 352, 'encoder_z_mean_layer0_unit': 96, 'encoder_z_mean_layer1_unit': 32, 'encoder_z_log_var_layer0_unit': 96, 'encoder_z_log_var_layer1_unit': 96, 'decoder_layer0_unit': 256, 'decoder_layer1_unit': 96, 'decoder_layer2_unit': 64, 'decoder_layer3_unit': 128, 'decoder_layer4_unit': 288, 'decoder_layer5_unit': 192}. Best is trial 200 with value: 14.215638160705566.
Trial 362 finished with value: 98.8449354171753 and parameters: {'reg_l1': 0.8844394520261201, 'reg_l2': 0.92439884685005, 'learning_rate': 0.01, 'dropout': 0.39604073402858947, 'batch_size': 224, 'encoder_layer0_unit': 256, 'encoder_layer1_unit': 480, 'encoder_layer2_unit': 416, 'encoder_layer3_unit': 160, 'encoder_z_mean_layer0_unit': 128, 'encoder_z_mean_layer1_unit': 64, 'encoder_z_log_var_layer0_unit': 32, 'encoder_z_log_var_layer1_unit': 128, 'decoder_layer0_unit': 320, 'decoder_layer1_unit': 384, 'decoder_layer2_unit': 128, 'decoder_layer3_unit': 64, 'decoder_layer4_unit': 256, 'decoder_layer5_unit': 256}. Best is trial 200 with value: 14.215638160705566.
Trial 363 finished with value: 42.57601833343506 and parameters: {'reg_l1': 0.5513949076057479, 'reg_l2': 0.08108636414745818, 'learning_rate': 0.005, 'dropout': 0.22395047311992655, 'batch_size': 96, 'encoder_layer0_unit': 416, 'encoder_layer1_unit': 256, 'encoder_layer2_unit': 160, 'encoder_layer3_unit': 128, 'encoder_z_mean_layer0_unit': 96, 'encoder_z_mean_layer1_unit': 64, 'encoder_z_log_var_layer0_unit': 64, 'encoder_z_log_var_layer1_unit': 96, 'decoder_layer0_unit': 128, 'decoder_layer1_unit': 352, 'decoder_layer2_unit': 416, 'decoder_layer3_unit': 416, 'decoder_layer4_unit': 256, 'decoder_layer5_unit': 288}. Best is trial 200 with value: 14.215638160705566.
Trial 364 finished with value: 56.87756013870239 and parameters: {'reg_l1': 0.702094168240611, 'reg_l2': 0.452545827316431, 'learning_rate': 0.01, 'dropout': 0.2510686392437848, 'batch_size': 128, 'encoder_layer0_unit': 128, 'encoder_layer1_unit': 128, 'encoder_layer2_unit': 448, 'encoder_layer3_unit': 480, 'encoder_z_mean_layer0_unit': 96, 'encoder_z_mean_layer1_unit': 32, 'encoder_z_log_var_layer0_unit': 32, 'encoder_z_log_var_layer1_unit': 96, 'decoder_layer0_unit': 256, 'decoder_layer1_unit': 416, 'decoder_layer2_unit': 64, 'decoder_layer3_unit': 32, 'decoder_layer4_unit': 224, 'decoder_layer5_unit': 160}. Best is trial 200 with value: 14.215638160705566.
Trial 365 finished with value: 56.685187339782715 and parameters: {'reg_l1': 0.3421190714029577, 'reg_l2': 0.050214694442988206, 'learning_rate': 0.0005, 'dropout': 0.23314081250085444, 'batch_size': 128, 'encoder_layer0_unit': 448, 'encoder_layer1_unit': 288, 'encoder_layer2_unit': 480, 'encoder_layer3_unit': 448, 'encoder_z_mean_layer0_unit': 32, 'encoder_z_mean_layer1_unit': 96, 'encoder_z_log_var_layer0_unit': 32, 'encoder_z_log_var_layer1_unit': 64, 'decoder_layer0_unit': 160, 'decoder_layer1_unit': 160, 'decoder_layer2_unit': 416, 'decoder_layer3_unit': 256, 'decoder_layer4_unit': 64, 'decoder_layer5_unit': 96}. Best is trial 200 with value: 14.215638160705566.
Trial 366 finished with value: 84.51209163665771 and parameters: {'reg_l1': 0.27875685900823377, 'reg_l2': 0.7488933410978628, 'learning_rate': 0.01, 'dropout': 0.019007181892038705, 'batch_size': 192, 'encoder_layer0_unit': 288, 'encoder_layer1_unit': 256, 'encoder_layer2_unit': 128, 'encoder_layer3_unit': 288, 'encoder_z_mean_layer0_unit': 96, 'encoder_z_mean_layer1_unit': 96, 'encoder_z_log_var_layer0_unit': 32, 'encoder_z_log_var_layer1_unit': 96, 'decoder_layer0_unit': 192, 'decoder_layer1_unit': 416, 'decoder_layer2_unit': 96, 'decoder_layer3_unit': 384, 'decoder_layer4_unit': 256, 'decoder_layer5_unit': 416}. Best is trial 200 with value: 14.215638160705566.
Trial 367 finished with value: 84.78698444366455 and parameters: {'reg_l1': 0.22599008055336423, 'reg_l2': 0.05022614937786052, 'learning_rate': 0.001, 'dropout': 0.1900514520712393, 'batch_size': 192, 'encoder_layer0_unit': 224, 'encoder_layer1_unit': 192, 'encoder_layer2_unit': 128, 'encoder_layer3_unit': 320, 'encoder_z_mean_layer0_unit': 128, 'encoder_z_mean_layer1_unit': 128, 'encoder_z_log_var_layer0_unit': 32, 'encoder_z_log_var_layer1_unit': 32, 'decoder_layer0_unit': 256, 'decoder_layer1_unit': 160, 'decoder_layer2_unit': 416, 'decoder_layer3_unit': 64, 'decoder_layer4_unit': 32, 'decoder_layer5_unit': 32}. Best is trial 200 with value: 14.215638160705566.
Trial 368 finished with value: 70.78085422515869 and parameters: {'reg_l1': 0.137835651137443, 'reg_l2': 0.19577141529490216, 'learning_rate': 0.0001, 'dropout': 0.3685978420922665, 'batch_size': 160, 'encoder_layer0_unit': 320, 'encoder_layer1_unit': 352, 'encoder_layer2_unit': 480, 'encoder_layer3_unit': 224, 'encoder_z_mean_layer0_unit': 128, 'encoder_z_mean_layer1_unit': 64, 'encoder_z_log_var_layer0_unit': 32, 'encoder_z_log_var_layer1_unit': 96, 'decoder_layer0_unit': 384, 'decoder_layer1_unit': 480, 'decoder_layer2_unit': 32, 'decoder_layer3_unit': 288, 'decoder_layer4_unit': 128, 'decoder_layer5_unit': 256}. Best is trial 200 with value: 14.215638160705566.
Trial 369 finished with value: 70.45273685455322 and parameters: {'reg_l1': 0.32353021321976716, 'reg_l2': 0.12597173614376367, 'learning_rate': 0.005, 'dropout': 0.08360016250590552, 'batch_size': 160, 'encoder_layer0_unit': 224, 'encoder_layer1_unit': 256, 'encoder_layer2_unit': 416, 'encoder_layer3_unit': 288, 'encoder_z_mean_layer0_unit': 96, 'encoder_z_mean_layer1_unit': 128, 'encoder_z_log_var_layer0_unit': 96, 'encoder_z_log_var_layer1_unit': 32, 'decoder_layer0_unit': 224, 'decoder_layer1_unit': 128, 'decoder_layer2_unit': 416, 'decoder_layer3_unit': 128, 'decoder_layer4_unit': 480, 'decoder_layer5_unit': 320}. Best is trial 200 with value: 14.215638160705566.
Trial 370 finished with value: 56.69300937652588 and parameters: {'reg_l1': 0.5970343990202323, 'reg_l2': 0.7373187527232755, 'learning_rate': 0.0001, 'dropout': 0.4012080628757064, 'batch_size': 128, 'encoder_layer0_unit': 384, 'encoder_layer1_unit': 480, 'encoder_layer2_unit': 160, 'encoder_layer3_unit': 352, 'encoder_z_mean_layer0_unit': 128, 'encoder_z_mean_layer1_unit': 32, 'encoder_z_log_var_layer0_unit': 128, 'encoder_z_log_var_layer1_unit': 32, 'decoder_layer0_unit': 128, 'decoder_layer1_unit': 64, 'decoder_layer2_unit': 160, 'decoder_layer3_unit': 256, 'decoder_layer4_unit': 96, 'decoder_layer5_unit': 256}. Best is trial 200 with value: 14.215638160705566.
Trial 371 finished with value: 14.21950614452362 and parameters: {'reg_l1': 0.9519660848299424, 'reg_l2': 0.32443535851534233, 'learning_rate': 0.001, 'dropout': 0.1493189231945598, 'batch_size': 32, 'encoder_layer0_unit': 352, 'encoder_layer1_unit': 224, 'encoder_layer2_unit': 352, 'encoder_layer3_unit': 224, 'encoder_z_mean_layer0_unit': 96, 'encoder_z_mean_layer1_unit': 128, 'encoder_z_log_var_layer0_unit': 128, 'encoder_z_log_var_layer1_unit': 64, 'decoder_layer0_unit': 256, 'decoder_layer1_unit': 384, 'decoder_layer2_unit': 416, 'decoder_layer3_unit': 224, 'decoder_layer4_unit': 352, 'decoder_layer5_unit': 480}. Best is trial 200 with value: 14.215638160705566.
Trial 372 finished with value: 84.73180294036865 and parameters: {'reg_l1': 0.0066207224599981185, 'reg_l2': 0.9548278441678498, 'learning_rate': 0.01, 'dropout': 0.41693732550084617, 'batch_size': 192, 'encoder_layer0_unit': 448, 'encoder_layer1_unit': 416, 'encoder_layer2_unit': 320, 'encoder_layer3_unit': 384, 'encoder_z_mean_layer0_unit': 32, 'encoder_z_mean_layer1_unit': 32, 'encoder_z_log_var_layer0_unit': 64, 'encoder_z_log_var_layer1_unit': 128, 'decoder_layer0_unit': 448, 'decoder_layer1_unit': 64, 'decoder_layer2_unit': 64, 'decoder_layer3_unit': 448, 'decoder_layer4_unit': 224, 'decoder_layer5_unit': 288}. Best is trial 200 with value: 14.215638160705566.
Trial 373 finished with value: 98.82642078399658 and parameters: {'reg_l1': 0.07610088174809904, 'reg_l2': 0.4817579629443629, 'learning_rate': 0.0001, 'dropout': 0.4154757376704424, 'batch_size': 224, 'encoder_layer0_unit': 352, 'encoder_layer1_unit': 384, 'encoder_layer2_unit': 160, 'encoder_layer3_unit': 160, 'encoder_z_mean_layer0_unit': 32, 'encoder_z_mean_layer1_unit': 32, 'encoder_z_log_var_layer0_unit': 32, 'encoder_z_log_var_layer1_unit': 96, 'decoder_layer0_unit': 256, 'decoder_layer1_unit': 256, 'decoder_layer2_unit': 320, 'decoder_layer3_unit': 416, 'decoder_layer4_unit': 320, 'decoder_layer5_unit': 128}. Best is trial 200 with value: 14.215638160705566.
Trial 374 finished with value: 84.8276777267456 and parameters: {'reg_l1': 0.9122786470103433, 'reg_l2': 0.3120164074741242, 'learning_rate': 0.005, 'dropout': 0.3739929752180024, 'batch_size': 192, 'encoder_layer0_unit': 384, 'encoder_layer1_unit': 288, 'encoder_layer2_unit': 288, 'encoder_layer3_unit': 256, 'encoder_z_mean_layer0_unit': 32, 'encoder_z_mean_layer1_unit': 64, 'encoder_z_log_var_layer0_unit': 96, 'encoder_z_log_var_layer1_unit': 32, 'decoder_layer0_unit': 448, 'decoder_layer1_unit': 192, 'decoder_layer2_unit': 64, 'decoder_layer3_unit': 448, 'decoder_layer4_unit': 448, 'decoder_layer5_unit': 256}. Best is trial 200 with value: 14.215638160705566.
Trial 375 finished with value: 112.78181266784668 and parameters: {'reg_l1': 0.41423299650163126, 'reg_l2': 0.3492000388577575, 'learning_rate': 0.0005, 'dropout': 0.493050011226226, 'batch_size': 256, 'encoder_layer0_unit': 160, 'encoder_layer1_unit': 352, 'encoder_layer2_unit': 192, 'encoder_layer3_unit': 448, 'encoder_z_mean_layer0_unit': 64, 'encoder_z_mean_layer1_unit': 32, 'encoder_z_log_var_layer0_unit': 96, 'encoder_z_log_var_layer1_unit': 128, 'decoder_layer0_unit': 288, 'decoder_layer1_unit': 384, 'decoder_layer2_unit': 320, 'decoder_layer3_unit': 320, 'decoder_layer4_unit': 352, 'decoder_layer5_unit': 448}. Best is trial 200 with value: 14.215638160705566.
Trial 376 finished with value: 56.690964698791504 and parameters: {'reg_l1': 0.4952533585964468, 'reg_l2': 0.7252616117075555, 'learning_rate': 0.005, 'dropout': 0.42309164145589856, 'batch_size': 128, 'encoder_layer0_unit': 384, 'encoder_layer1_unit': 224, 'encoder_layer2_unit': 128, 'encoder_layer3_unit': 288, 'encoder_z_mean_layer0_unit': 32, 'encoder_z_mean_layer1_unit': 64, 'encoder_z_log_var_layer0_unit': 64, 'encoder_z_log_var_layer1_unit': 96, 'decoder_layer0_unit': 224, 'decoder_layer1_unit': 32, 'decoder_layer2_unit': 256, 'decoder_layer3_unit': 224, 'decoder_layer4_unit': 192, 'decoder_layer5_unit': 96}. Best is trial 200 with value: 14.215638160705566.
Trial 377 finished with value: 70.79814720153809 and parameters: {'reg_l1': 0.7366362545597207, 'reg_l2': 0.9124961664566901, 'learning_rate': 0.0001, 'dropout': 0.20622239960835115, 'batch_size': 160, 'encoder_layer0_unit': 288, 'encoder_layer1_unit': 288, 'encoder_layer2_unit': 416, 'encoder_layer3_unit': 320, 'encoder_z_mean_layer0_unit': 128, 'encoder_z_mean_layer1_unit': 96, 'encoder_z_log_var_layer0_unit': 128, 'encoder_z_log_var_layer1_unit': 96, 'decoder_layer0_unit': 96, 'decoder_layer1_unit': 256, 'decoder_layer2_unit': 32, 'decoder_layer3_unit': 160, 'decoder_layer4_unit': 288, 'decoder_layer5_unit': 288}. Best is trial 200 with value: 14.215638160705566.
Trial 378 finished with value: 70.81843566894531 and parameters: {'reg_l1': 0.8338359029673917, 'reg_l2': 0.7041818086305164, 'learning_rate': 0.001, 'dropout': 0.12429751389656707, 'batch_size': 160, 'encoder_layer0_unit': 416, 'encoder_layer1_unit': 448, 'encoder_layer2_unit': 448, 'encoder_layer3_unit': 256, 'encoder_z_mean_layer0_unit': 96, 'encoder_z_mean_layer1_unit': 64, 'encoder_z_log_var_layer0_unit': 96, 'encoder_z_log_var_layer1_unit': 64, 'decoder_layer0_unit': 480, 'decoder_layer1_unit': 320, 'decoder_layer2_unit': 480, 'decoder_layer3_unit': 256, 'decoder_layer4_unit': 224, 'decoder_layer5_unit': 128}. Best is trial 200 with value: 14.215638160705566.
Trial 379 finished with value: 14.218800783157349 and parameters: {'reg_l1': 0.00274226404202782, 'reg_l2': 0.9017875837728523, 'learning_rate': 0.005, 'dropout': 0.2614844324568381, 'batch_size': 32, 'encoder_layer0_unit': 352, 'encoder_layer1_unit': 320, 'encoder_layer2_unit': 416, 'encoder_layer3_unit': 320, 'encoder_z_mean_layer0_unit': 32, 'encoder_z_mean_layer1_unit': 128, 'encoder_z_log_var_layer0_unit': 96, 'encoder_z_log_var_layer1_unit': 128, 'decoder_layer0_unit': 160, 'decoder_layer1_unit': 32, 'decoder_layer2_unit': 320, 'decoder_layer3_unit': 128, 'decoder_layer4_unit': 480, 'decoder_layer5_unit': 352}. Best is trial 200 with value: 14.215638160705566.
Trial 380 finished with value: 42.57226848602295 and parameters: {'reg_l1': 0.9612513003776207, 'reg_l2': 0.3536647757194551, 'learning_rate': 0.0001, 'dropout': 0.06733432140484397, 'batch_size': 96, 'encoder_layer0_unit': 224, 'encoder_layer1_unit': 288, 'encoder_layer2_unit': 384, 'encoder_layer3_unit': 480, 'encoder_z_mean_layer0_unit': 64, 'encoder_z_mean_layer1_unit': 64, 'encoder_z_log_var_layer0_unit': 96, 'encoder_z_log_var_layer1_unit': 32, 'decoder_layer0_unit': 96, 'decoder_layer1_unit': 160, 'decoder_layer2_unit': 480, 'decoder_layer3_unit': 64, 'decoder_layer4_unit': 416, 'decoder_layer5_unit': 416}. Best is trial 200 with value: 14.215638160705566.
Trial 381 finished with value: 70.74874019622803 and parameters: {'reg_l1': 0.8477187874509647, 'reg_l2': 0.4609122810893168, 'learning_rate': 0.001, 'dropout': 0.47576561231730297, 'batch_size': 160, 'encoder_layer0_unit': 192, 'encoder_layer1_unit': 352, 'encoder_layer2_unit': 480, 'encoder_layer3_unit': 352, 'encoder_z_mean_layer0_unit': 64, 'encoder_z_mean_layer1_unit': 64, 'encoder_z_log_var_layer0_unit': 128, 'encoder_z_log_var_layer1_unit': 128, 'decoder_layer0_unit': 480, 'decoder_layer1_unit': 288, 'decoder_layer2_unit': 448, 'decoder_layer3_unit': 320, 'decoder_layer4_unit': 384, 'decoder_layer5_unit': 128}. Best is trial 200 with value: 14.215638160705566.
Trial 382 finished with value: 42.65233278274536 and parameters: {'reg_l1': 0.1274527829868507, 'reg_l2': 0.4222609637562952, 'learning_rate': 0.01, 'dropout': 0.4486314644656516, 'batch_size': 96, 'encoder_layer0_unit': 192, 'encoder_layer1_unit': 288, 'encoder_layer2_unit': 384, 'encoder_layer3_unit': 416, 'encoder_z_mean_layer0_unit': 96, 'encoder_z_mean_layer1_unit': 32, 'encoder_z_log_var_layer0_unit': 32, 'encoder_z_log_var_layer1_unit': 64, 'decoder_layer0_unit': 224, 'decoder_layer1_unit': 288, 'decoder_layer2_unit': 224, 'decoder_layer3_unit': 256, 'decoder_layer4_unit': 32, 'decoder_layer5_unit': 448}. Best is trial 200 with value: 14.215638160705566.
Trial 383 finished with value: 42.60029315948486 and parameters: {'reg_l1': 0.5288365606023376, 'reg_l2': 0.17125185990156488, 'learning_rate': 0.001, 'dropout': 0.2890078834534741, 'batch_size': 96, 'encoder_layer0_unit': 160, 'encoder_layer1_unit': 160, 'encoder_layer2_unit': 352, 'encoder_layer3_unit': 352, 'encoder_z_mean_layer0_unit': 32, 'encoder_z_mean_layer1_unit': 64, 'encoder_z_log_var_layer0_unit': 128, 'encoder_z_log_var_layer1_unit': 128, 'decoder_layer0_unit': 160, 'decoder_layer1_unit': 288, 'decoder_layer2_unit': 416, 'decoder_layer3_unit': 224, 'decoder_layer4_unit': 352, 'decoder_layer5_unit': 160}. Best is trial 200 with value: 14.215638160705566.
