Trial 160 finished with value: 70.74656677246094 and parameters: {'reg_l1': 0.9944940742360128, 'reg_l2': 0.003959871953500227, 'learning_rate': 0.0001, 'dropout': 0.4381509274642138, 'batch_size': 160, 'encoder_layer0_unit': 128, 'encoder_layer1_unit': 320, 'encoder_layer2_unit': 288, 'encoder_layer3_unit': 128, 'encoder_z_mean_layer0_unit': 96, 'encoder_z_mean_layer1_unit': 64, 'encoder_z_log_var_layer0_unit': 32, 'encoder_z_log_var_layer1_unit': 96, 'decoder_layer0_unit': 192, 'decoder_layer1_unit': 128, 'decoder_layer2_unit': 320, 'decoder_layer3_unit': 96, 'decoder_layer4_unit': 448, 'decoder_layer5_unit': 256}. Best is trial 100 with value: 14.216595768928528.
Trial 161 finished with value: 84.77988243103027 and parameters: {'reg_l1': 0.45463921469036495, 'reg_l2': 0.2998923206351355, 'learning_rate': 0.001, 'dropout': 0.4417039399536019, 'batch_size': 192, 'encoder_layer0_unit': 128, 'encoder_layer1_unit': 288, 'encoder_layer2_unit': 384, 'encoder_layer3_unit': 192, 'encoder_z_mean_layer0_unit': 64, 'encoder_z_mean_layer1_unit': 64, 'encoder_z_log_var_layer0_unit': 64, 'encoder_z_log_var_layer1_unit': 32, 'decoder_layer0_unit': 256, 'decoder_layer1_unit': 416, 'decoder_layer2_unit': 160, 'decoder_layer3_unit': 96, 'decoder_layer4_unit': 192, 'decoder_layer5_unit': 96}. Best is trial 100 with value: 14.216595768928528.
Trial 162 finished with value: 84.80909824371338 and parameters: {'reg_l1': 0.04134062633636615, 'reg_l2': 0.19768767095201745, 'learning_rate': 0.005, 'dropout': 0.43314257287911445, 'batch_size': 192, 'encoder_layer0_unit': 224, 'encoder_layer1_unit': 224, 'encoder_layer2_unit': 416, 'encoder_layer3_unit': 416, 'encoder_z_mean_layer0_unit': 128, 'encoder_z_mean_layer1_unit': 64, 'encoder_z_log_var_layer0_unit': 32, 'encoder_z_log_var_layer1_unit': 32, 'decoder_layer0_unit': 224, 'decoder_layer1_unit': 384, 'decoder_layer2_unit': 288, 'decoder_layer3_unit': 288, 'decoder_layer4_unit': 352, 'decoder_layer5_unit': 192}. Best is trial 100 with value: 14.216595768928528.
Trial 163 finished with value: 42.66579627990723 and parameters: {'reg_l1': 0.10975542964106155, 'reg_l2': 0.6103878146680057, 'learning_rate': 0.01, 'dropout': 0.49526698690643, 'batch_size': 96, 'encoder_layer0_unit': 320, 'encoder_layer1_unit': 192, 'encoder_layer2_unit': 416, 'encoder_layer3_unit': 384, 'encoder_z_mean_layer0_unit': 128, 'encoder_z_mean_layer1_unit': 64, 'encoder_z_log_var_layer0_unit': 32, 'encoder_z_log_var_layer1_unit': 96, 'decoder_layer0_unit': 480, 'decoder_layer1_unit': 416, 'decoder_layer2_unit': 160, 'decoder_layer3_unit': 480, 'decoder_layer4_unit': 64, 'decoder_layer5_unit': 480}. Best is trial 100 with value: 14.216595768928528.
Trial 164 finished with value: 98.35004234313965 and parameters: {'reg_l1': 0.5019600276263457, 'reg_l2': 0.9512893081678924, 'learning_rate': 0.005, 'dropout': 0.4102282506151636, 'batch_size': 224, 'encoder_layer0_unit': 384, 'encoder_layer1_unit': 352, 'encoder_layer2_unit': 416, 'encoder_layer3_unit': 192, 'encoder_z_mean_layer0_unit': 128, 'encoder_z_mean_layer1_unit': 128, 'encoder_z_log_var_layer0_unit': 96, 'encoder_z_log_var_layer1_unit': 32, 'decoder_layer0_unit': 96, 'decoder_layer1_unit': 384, 'decoder_layer2_unit': 480, 'decoder_layer3_unit': 160, 'decoder_layer4_unit': 160, 'decoder_layer5_unit': 320}. Best is trial 100 with value: 14.216595768928528.
Trial 165 finished with value: 71.08843326568604 and parameters: {'reg_l1': 0.3490789522684741, 'reg_l2': 0.12983296954605117, 'learning_rate': 0.01, 'dropout': 0.20731754979018985, 'batch_size': 160, 'encoder_layer0_unit': 352, 'encoder_layer1_unit': 416, 'encoder_layer2_unit': 128, 'encoder_layer3_unit': 448, 'encoder_z_mean_layer0_unit': 128, 'encoder_z_mean_layer1_unit': 32, 'encoder_z_log_var_layer0_unit': 128, 'encoder_z_log_var_layer1_unit': 64, 'decoder_layer0_unit': 352, 'decoder_layer1_unit': 96, 'decoder_layer2_unit': 320, 'decoder_layer3_unit': 256, 'decoder_layer4_unit': 32, 'decoder_layer5_unit': 128}. Best is trial 100 with value: 14.216595768928528.
Trial 166 finished with value: 42.567259788513184 and parameters: {'reg_l1': 0.023948293617145122, 'reg_l2': 0.26057915681803645, 'learning_rate': 0.001, 'dropout': 0.3511714103984886, 'batch_size': 96, 'encoder_layer0_unit': 448, 'encoder_layer1_unit': 320, 'encoder_layer2_unit': 128, 'encoder_layer3_unit': 128, 'encoder_z_mean_layer0_unit': 96, 'encoder_z_mean_layer1_unit': 128, 'encoder_z_log_var_layer0_unit': 96, 'encoder_z_log_var_layer1_unit': 128, 'decoder_layer0_unit': 448, 'decoder_layer1_unit': 64, 'decoder_layer2_unit': 416, 'decoder_layer3_unit': 320, 'decoder_layer4_unit': 224, 'decoder_layer5_unit': 288}. Best is trial 100 with value: 14.216595768928528.
Trial 167 finished with value: 70.87836742401123 and parameters: {'reg_l1': 0.4710130871931717, 'reg_l2': 0.7580129775533297, 'learning_rate': 0.005, 'dropout': 0.06495650948817161, 'batch_size': 160, 'encoder_layer0_unit': 192, 'encoder_layer1_unit': 320, 'encoder_layer2_unit': 384, 'encoder_layer3_unit': 288, 'encoder_z_mean_layer0_unit': 96, 'encoder_z_mean_layer1_unit': 64, 'encoder_z_log_var_layer0_unit': 64, 'encoder_z_log_var_layer1_unit': 128, 'decoder_layer0_unit': 480, 'decoder_layer1_unit': 320, 'decoder_layer2_unit': 128, 'decoder_layer3_unit': 448, 'decoder_layer4_unit': 224, 'decoder_layer5_unit': 64}. Best is trial 100 with value: 14.216595768928528.
Trial 168 finished with value: 56.867088317871094 and parameters: {'reg_l1': 0.530188050035259, 'reg_l2': 0.8636188211794257, 'learning_rate': 0.005, 'dropout': 0.08362119757838093, 'batch_size': 128, 'encoder_layer0_unit': 160, 'encoder_layer1_unit': 352, 'encoder_layer2_unit': 480, 'encoder_layer3_unit': 224, 'encoder_z_mean_layer0_unit': 32, 'encoder_z_mean_layer1_unit': 64, 'encoder_z_log_var_layer0_unit': 96, 'encoder_z_log_var_layer1_unit': 32, 'decoder_layer0_unit': 480, 'decoder_layer1_unit': 96, 'decoder_layer2_unit': 256, 'decoder_layer3_unit': 96, 'decoder_layer4_unit': 192, 'decoder_layer5_unit': 480}. Best is trial 100 with value: 14.216595768928528.
Trial 169 finished with value: 42.526899337768555 and parameters: {'reg_l1': 0.8533803487110725, 'reg_l2': 0.6643238045560731, 'learning_rate': 0.01, 'dropout': 0.47249681346805394, 'batch_size': 96, 'encoder_layer0_unit': 128, 'encoder_layer1_unit': 160, 'encoder_layer2_unit': 448, 'encoder_layer3_unit': 320, 'encoder_z_mean_layer0_unit': 96, 'encoder_z_mean_layer1_unit': 32, 'encoder_z_log_var_layer0_unit': 96, 'encoder_z_log_var_layer1_unit': 128, 'decoder_layer0_unit': 256, 'decoder_layer1_unit': 224, 'decoder_layer2_unit': 224, 'decoder_layer3_unit': 352, 'decoder_layer4_unit': 224, 'decoder_layer5_unit': 256}. Best is trial 100 with value: 14.216595768928528.
Trial 170 finished with value: 28.449387311935425 and parameters: {'reg_l1': 0.37473130118248665, 'reg_l2': 0.5533245163049776, 'learning_rate': 0.0005, 'dropout': 0.3442890971787535, 'batch_size': 64, 'encoder_layer0_unit': 448, 'encoder_layer1_unit': 352, 'encoder_layer2_unit': 384, 'encoder_layer3_unit': 128, 'encoder_z_mean_layer0_unit': 64, 'encoder_z_mean_layer1_unit': 64, 'encoder_z_log_var_layer0_unit': 32, 'encoder_z_log_var_layer1_unit': 128, 'decoder_layer0_unit': 480, 'decoder_layer1_unit': 160, 'decoder_layer2_unit': 384, 'decoder_layer3_unit': 288, 'decoder_layer4_unit': 64, 'decoder_layer5_unit': 384}. Best is trial 100 with value: 14.216595768928528.
Trial 171 finished with value: 70.63000869750977 and parameters: {'reg_l1': 0.35552926189609146, 'reg_l2': 0.346059608732335, 'learning_rate': 0.005, 'dropout': 0.3627834068718653, 'batch_size': 160, 'encoder_layer0_unit': 352, 'encoder_layer1_unit': 160, 'encoder_layer2_unit': 288, 'encoder_layer3_unit': 224, 'encoder_z_mean_layer0_unit': 128, 'encoder_z_mean_layer1_unit': 128, 'encoder_z_log_var_layer0_unit': 32, 'encoder_z_log_var_layer1_unit': 64, 'decoder_layer0_unit': 192, 'decoder_layer1_unit': 192, 'decoder_layer2_unit': 64, 'decoder_layer3_unit': 128, 'decoder_layer4_unit': 416, 'decoder_layer5_unit': 480}. Best is trial 100 with value: 14.216595768928528.
Trial 172 finished with value: 112.22376251220703 and parameters: {'reg_l1': 0.3570442099854424, 'reg_l2': 0.8142703567017473, 'learning_rate': 0.005, 'dropout': 0.2977736457250212, 'batch_size': 256, 'encoder_layer0_unit': 416, 'encoder_layer1_unit': 256, 'encoder_layer2_unit': 448, 'encoder_layer3_unit': 160, 'encoder_z_mean_layer0_unit': 96, 'encoder_z_mean_layer1_unit': 96, 'encoder_z_log_var_layer0_unit': 64, 'encoder_z_log_var_layer1_unit': 32, 'decoder_layer0_unit': 32, 'decoder_layer1_unit': 96, 'decoder_layer2_unit': 64, 'decoder_layer3_unit': 480, 'decoder_layer4_unit': 64, 'decoder_layer5_unit': 224}. Best is trial 100 with value: 14.216595768928528.
Trial 173 finished with value: 112.92644500732422 and parameters: {'reg_l1': 0.1741817943111741, 'reg_l2': 0.4567036038622849, 'learning_rate': 0.001, 'dropout': 0.01628148539591051, 'batch_size': 256, 'encoder_layer0_unit': 256, 'encoder_layer1_unit': 192, 'encoder_layer2_unit': 160, 'encoder_layer3_unit': 480, 'encoder_z_mean_layer0_unit': 96, 'encoder_z_mean_layer1_unit': 128, 'encoder_z_log_var_layer0_unit': 96, 'encoder_z_log_var_layer1_unit': 64, 'decoder_layer0_unit': 416, 'decoder_layer1_unit': 160, 'decoder_layer2_unit': 480, 'decoder_layer3_unit': 160, 'decoder_layer4_unit': 352, 'decoder_layer5_unit': 224}. Best is trial 100 with value: 14.216595768928528.
Trial 174 finished with value: 42.646403312683105 and parameters: {'reg_l1': 0.9852239348301318, 'reg_l2': 0.4297429067324612, 'learning_rate': 0.01, 'dropout': 0.19245310166407886, 'batch_size': 96, 'encoder_layer0_unit': 128, 'encoder_layer1_unit': 352, 'encoder_layer2_unit': 288, 'encoder_layer3_unit': 448, 'encoder_z_mean_layer0_unit': 128, 'encoder_z_mean_layer1_unit': 64, 'encoder_z_log_var_layer0_unit': 32, 'encoder_z_log_var_layer1_unit': 32, 'decoder_layer0_unit': 288, 'decoder_layer1_unit': 160, 'decoder_layer2_unit': 416, 'decoder_layer3_unit': 320, 'decoder_layer4_unit': 192, 'decoder_layer5_unit': 352}. Best is trial 100 with value: 14.216595768928528.
Trial 175 finished with value: 98.92418575286865 and parameters: {'reg_l1': 0.5801823545055915, 'reg_l2': 0.00045239109937544875, 'learning_rate': 0.01, 'dropout': 0.3181497868893675, 'batch_size': 224, 'encoder_layer0_unit': 480, 'encoder_layer1_unit': 320, 'encoder_layer2_unit': 384, 'encoder_layer3_unit': 128, 'encoder_z_mean_layer0_unit': 32, 'encoder_z_mean_layer1_unit': 96, 'encoder_z_log_var_layer0_unit': 64, 'encoder_z_log_var_layer1_unit': 96, 'decoder_layer0_unit': 256, 'decoder_layer1_unit': 448, 'decoder_layer2_unit': 64, 'decoder_layer3_unit': 192, 'decoder_layer4_unit': 416, 'decoder_layer5_unit': 192}. Best is trial 100 with value: 14.216595768928528.
Trial 176 finished with value: 42.60469102859497 and parameters: {'reg_l1': 0.1318289895732837, 'reg_l2': 0.23834255026212403, 'learning_rate': 0.0001, 'dropout': 0.30110646071819586, 'batch_size': 96, 'encoder_layer0_unit': 480, 'encoder_layer1_unit': 384, 'encoder_layer2_unit': 384, 'encoder_layer3_unit': 416, 'encoder_z_mean_layer0_unit': 32, 'encoder_z_mean_layer1_unit': 32, 'encoder_z_log_var_layer0_unit': 64, 'encoder_z_log_var_layer1_unit': 64, 'decoder_layer0_unit': 32, 'decoder_layer1_unit': 256, 'decoder_layer2_unit': 160, 'decoder_layer3_unit': 288, 'decoder_layer4_unit': 480, 'decoder_layer5_unit': 64}. Best is trial 100 with value: 14.216595768928528.
Trial 177 finished with value: 56.53565549850464 and parameters: {'reg_l1': 0.9838566538455589, 'reg_l2': 0.33808514352400376, 'learning_rate': 0.005, 'dropout': 0.0753738797812949, 'batch_size': 128, 'encoder_layer0_unit': 352, 'encoder_layer1_unit': 256, 'encoder_layer2_unit': 288, 'encoder_layer3_unit': 192, 'encoder_z_mean_layer0_unit': 64, 'encoder_z_mean_layer1_unit': 96, 'encoder_z_log_var_layer0_unit': 128, 'encoder_z_log_var_layer1_unit': 32, 'decoder_layer0_unit': 448, 'decoder_layer1_unit': 480, 'decoder_layer2_unit': 64, 'decoder_layer3_unit': 128, 'decoder_layer4_unit': 320, 'decoder_layer5_unit': 160}. Best is trial 100 with value: 14.216595768928528.
Trial 178 finished with value: 70.73853874206543 and parameters: {'reg_l1': 0.11203241205201919, 'reg_l2': 0.5942661432567332, 'learning_rate': 0.0001, 'dropout': 0.2967836379307858, 'batch_size': 160, 'encoder_layer0_unit': 128, 'encoder_layer1_unit': 256, 'encoder_layer2_unit': 480, 'encoder_layer3_unit': 448, 'encoder_z_mean_layer0_unit': 96, 'encoder_z_mean_layer1_unit': 64, 'encoder_z_log_var_layer0_unit': 128, 'encoder_z_log_var_layer1_unit': 32, 'decoder_layer0_unit': 256, 'decoder_layer1_unit': 320, 'decoder_layer2_unit': 384, 'decoder_layer3_unit': 96, 'decoder_layer4_unit': 128, 'decoder_layer5_unit': 288}. Best is trial 100 with value: 14.216595768928528.
Trial 179 finished with value: 98.95669078826904 and parameters: {'reg_l1': 0.6057868313051679, 'reg_l2': 0.6288351696192471, 'learning_rate': 0.001, 'dropout': 0.26100992239297865, 'batch_size': 224, 'encoder_layer0_unit': 160, 'encoder_layer1_unit': 160, 'encoder_layer2_unit': 224, 'encoder_layer3_unit': 288, 'encoder_z_mean_layer0_unit': 32, 'encoder_z_mean_layer1_unit': 32, 'encoder_z_log_var_layer0_unit': 128, 'encoder_z_log_var_layer1_unit': 128, 'decoder_layer0_unit': 480, 'decoder_layer1_unit': 320, 'decoder_layer2_unit': 192, 'decoder_layer3_unit': 224, 'decoder_layer4_unit': 416, 'decoder_layer5_unit': 96}. Best is trial 100 with value: 14.216595768928528.
Trial 180 finished with value: 84.89936923980713 and parameters: {'reg_l1': 0.5040076411056523, 'reg_l2': 0.206710533536142, 'learning_rate': 0.0005, 'dropout': 0.10452817324617453, 'batch_size': 192, 'encoder_layer0_unit': 256, 'encoder_layer1_unit': 256, 'encoder_layer2_unit': 128, 'encoder_layer3_unit': 128, 'encoder_z_mean_layer0_unit': 32, 'encoder_z_mean_layer1_unit': 64, 'encoder_z_log_var_layer0_unit': 128, 'encoder_z_log_var_layer1_unit': 32, 'decoder_layer0_unit': 384, 'decoder_layer1_unit': 192, 'decoder_layer2_unit': 192, 'decoder_layer3_unit': 416, 'decoder_layer4_unit': 32, 'decoder_layer5_unit': 96}. Best is trial 100 with value: 14.216595768928528.
Trial 181 finished with value: 70.7406358718872 and parameters: {'reg_l1': 0.1822941119505227, 'reg_l2': 0.8819893169481654, 'learning_rate': 0.0005, 'dropout': 0.0329021706243694, 'batch_size': 160, 'encoder_layer0_unit': 352, 'encoder_layer1_unit': 128, 'encoder_layer2_unit': 448, 'encoder_layer3_unit': 160, 'encoder_z_mean_layer0_unit': 128, 'encoder_z_mean_layer1_unit': 96, 'encoder_z_log_var_layer0_unit': 32, 'encoder_z_log_var_layer1_unit': 32, 'decoder_layer0_unit': 384, 'decoder_layer1_unit': 32, 'decoder_layer2_unit': 192, 'decoder_layer3_unit': 96, 'decoder_layer4_unit': 256, 'decoder_layer5_unit': 160}. Best is trial 100 with value: 14.216595768928528.
Trial 182 finished with value: 14.233965158462524 and parameters: {'reg_l1': 0.38974149283185766, 'reg_l2': 0.4011578018970555, 'learning_rate': 0.0001, 'dropout': 0.3773685241577091, 'batch_size': 32, 'encoder_layer0_unit': 480, 'encoder_layer1_unit': 384, 'encoder_layer2_unit': 480, 'encoder_layer3_unit': 160, 'encoder_z_mean_layer0_unit': 128, 'encoder_z_mean_layer1_unit': 128, 'encoder_z_log_var_layer0_unit': 128, 'encoder_z_log_var_layer1_unit': 32, 'decoder_layer0_unit': 192, 'decoder_layer1_unit': 448, 'decoder_layer2_unit': 128, 'decoder_layer3_unit': 64, 'decoder_layer4_unit': 352, 'decoder_layer5_unit': 224}. Best is trial 100 with value: 14.216595768928528.
Trial 183 finished with value: 42.5414776802063 and parameters: {'reg_l1': 0.22212626299130367, 'reg_l2': 0.1442734025461847, 'learning_rate': 0.001, 'dropout': 0.16419284824655572, 'batch_size': 96, 'encoder_layer0_unit': 480, 'encoder_layer1_unit': 256, 'encoder_layer2_unit': 480, 'encoder_layer3_unit': 416, 'encoder_z_mean_layer0_unit': 96, 'encoder_z_mean_layer1_unit': 128, 'encoder_z_log_var_layer0_unit': 96, 'encoder_z_log_var_layer1_unit': 64, 'decoder_layer0_unit': 192, 'decoder_layer1_unit': 128, 'decoder_layer2_unit': 416, 'decoder_layer3_unit': 256, 'decoder_layer4_unit': 96, 'decoder_layer5_unit': 480}. Best is trial 100 with value: 14.216595768928528.
Trial 184 finished with value: 70.70008659362793 and parameters: {'reg_l1': 0.7256631558321185, 'reg_l2': 0.7803392036908343, 'learning_rate': 0.001, 'dropout': 0.2148297611198311, 'batch_size': 160, 'encoder_layer0_unit': 384, 'encoder_layer1_unit': 416, 'encoder_layer2_unit': 160, 'encoder_layer3_unit': 256, 'encoder_z_mean_layer0_unit': 96, 'encoder_z_mean_layer1_unit': 32, 'encoder_z_log_var_layer0_unit': 96, 'encoder_z_log_var_layer1_unit': 128, 'decoder_layer0_unit': 480, 'decoder_layer1_unit': 96, 'decoder_layer2_unit': 416, 'decoder_layer3_unit': 256, 'decoder_layer4_unit': 160, 'decoder_layer5_unit': 96}. Best is trial 100 with value: 14.216595768928528.
Trial 185 finished with value: 112.77935600280762 and parameters: {'reg_l1': 0.2845312119926162, 'reg_l2': 0.0032548452733118793, 'learning_rate': 0.001, 'dropout': 0.2586707907502815, 'batch_size': 256, 'encoder_layer0_unit': 160, 'encoder_layer1_unit': 128, 'encoder_layer2_unit': 320, 'encoder_layer3_unit': 352, 'encoder_z_mean_layer0_unit': 128, 'encoder_z_mean_layer1_unit': 32, 'encoder_z_log_var_layer0_unit': 32, 'encoder_z_log_var_layer1_unit': 96, 'decoder_layer0_unit': 128, 'decoder_layer1_unit': 32, 'decoder_layer2_unit': 192, 'decoder_layer3_unit': 288, 'decoder_layer4_unit': 96, 'decoder_layer5_unit': 352}. Best is trial 100 with value: 14.216595768928528.
Trial 186 finished with value: 84.80659866333008 and parameters: {'reg_l1': 0.12677970500979685, 'reg_l2': 0.7529947924792942, 'learning_rate': 0.001, 'dropout': 0.49983303228212594, 'batch_size': 192, 'encoder_layer0_unit': 480, 'encoder_layer1_unit': 224, 'encoder_layer2_unit': 416, 'encoder_layer3_unit': 416, 'encoder_z_mean_layer0_unit': 96, 'encoder_z_mean_layer1_unit': 128, 'encoder_z_log_var_layer0_unit': 32, 'encoder_z_log_var_layer1_unit': 64, 'decoder_layer0_unit': 352, 'decoder_layer1_unit': 160, 'decoder_layer2_unit': 32, 'decoder_layer3_unit': 416, 'decoder_layer4_unit': 448, 'decoder_layer5_unit': 448}. Best is trial 100 with value: 14.216595768928528.
Trial 187 finished with value: 84.57710266113281 and parameters: {'reg_l1': 0.6510860045275157, 'reg_l2': 0.01276789091327013, 'learning_rate': 0.001, 'dropout': 0.3257047393623477, 'batch_size': 192, 'encoder_layer0_unit': 384, 'encoder_layer1_unit': 128, 'encoder_layer2_unit': 224, 'encoder_layer3_unit': 416, 'encoder_z_mean_layer0_unit': 64, 'encoder_z_mean_layer1_unit': 64, 'encoder_z_log_var_layer0_unit': 32, 'encoder_z_log_var_layer1_unit': 128, 'decoder_layer0_unit': 32, 'decoder_layer1_unit': 288, 'decoder_layer2_unit': 160, 'decoder_layer3_unit': 32, 'decoder_layer4_unit': 480, 'decoder_layer5_unit': 32}. Best is trial 100 with value: 14.216595768928528.
Trial 188 finished with value: 14.2181715965271 and parameters: {'reg_l1': 0.2141802829953544, 'reg_l2': 0.04282194307068232, 'learning_rate': 0.001, 'dropout': 0.15084384012842728, 'batch_size': 32, 'encoder_layer0_unit': 320, 'encoder_layer1_unit': 384, 'encoder_layer2_unit': 416, 'encoder_layer3_unit': 160, 'encoder_z_mean_layer0_unit': 96, 'encoder_z_mean_layer1_unit': 32, 'encoder_z_log_var_layer0_unit': 64, 'encoder_z_log_var_layer1_unit': 32, 'decoder_layer0_unit': 288, 'decoder_layer1_unit': 320, 'decoder_layer2_unit': 192, 'decoder_layer3_unit': 480, 'decoder_layer4_unit': 64, 'decoder_layer5_unit': 128}. Best is trial 100 with value: 14.216595768928528.
Trial 189 finished with value: 14.219483733177185 and parameters: {'reg_l1': 0.8349160657076725, 'reg_l2': 0.2247515256306296, 'learning_rate': 0.001, 'dropout': 0.41875684518650047, 'batch_size': 32, 'encoder_layer0_unit': 128, 'encoder_layer1_unit': 128, 'encoder_layer2_unit': 256, 'encoder_layer3_unit': 288, 'encoder_z_mean_layer0_unit': 32, 'encoder_z_mean_layer1_unit': 128, 'encoder_z_log_var_layer0_unit': 96, 'encoder_z_log_var_layer1_unit': 96, 'decoder_layer0_unit': 64, 'decoder_layer1_unit': 160, 'decoder_layer2_unit': 480, 'decoder_layer3_unit': 32, 'decoder_layer4_unit': 192, 'decoder_layer5_unit': 384}. Best is trial 100 with value: 14.216595768928528.
Trial 190 finished with value: 42.56257200241089 and parameters: {'reg_l1': 0.2602331685334234, 'reg_l2': 0.6383724272890909, 'learning_rate': 0.001, 'dropout': 0.3702884805079321, 'batch_size': 96, 'encoder_layer0_unit': 192, 'encoder_layer1_unit': 352, 'encoder_layer2_unit': 352, 'encoder_layer3_unit': 256, 'encoder_z_mean_layer0_unit': 32, 'encoder_z_mean_layer1_unit': 32, 'encoder_z_log_var_layer0_unit': 128, 'encoder_z_log_var_layer1_unit': 64, 'decoder_layer0_unit': 160, 'decoder_layer1_unit': 480, 'decoder_layer2_unit': 96, 'decoder_layer3_unit': 96, 'decoder_layer4_unit': 256, 'decoder_layer5_unit': 128}. Best is trial 100 with value: 14.216595768928528.
Trial 191 finished with value: 56.679601192474365 and parameters: {'reg_l1': 0.3568617024603231, 'reg_l2': 0.8387871714970984, 'learning_rate': 0.0005, 'dropout': 0.14277850762851646, 'batch_size': 128, 'encoder_layer0_unit': 160, 'encoder_layer1_unit': 480, 'encoder_layer2_unit': 192, 'encoder_layer3_unit': 448, 'encoder_z_mean_layer0_unit': 64, 'encoder_z_mean_layer1_unit': 128, 'encoder_z_log_var_layer0_unit': 64, 'encoder_z_log_var_layer1_unit': 64, 'decoder_layer0_unit': 352, 'decoder_layer1_unit': 320, 'decoder_layer2_unit': 480, 'decoder_layer3_unit': 32, 'decoder_layer4_unit': 64, 'decoder_layer5_unit': 320}. Best is trial 100 with value: 14.216595768928528.
