Trial 208 finished with value: 42.660911560058594 and parameters: {'reg_l1': 0.045235862719270825, 'reg_l2': 0.8244853236874408, 'learning_rate': 0.005, 'dropout': 0.4994395465171972, 'batch_size': 96, 'encoder_layer0_unit': 416, 'encoder_layer1_unit': 224, 'encoder_layer2_unit': 448, 'encoder_layer3_unit': 416, 'encoder_z_mean_layer0_unit': 128, 'encoder_z_mean_layer1_unit': 32, 'encoder_z_log_var_layer0_unit': 64, 'encoder_z_log_var_layer1_unit': 32, 'decoder_layer0_unit': 320, 'decoder_layer1_unit': 352, 'decoder_layer2_unit': 448, 'decoder_layer3_unit': 320, 'decoder_layer4_unit': 160, 'decoder_layer5_unit': 288}. Best is trial 190 with value: 14.216514110565186.
Trial 209 finished with value: 56.694098472595215 and parameters: {'reg_l1': 0.977661253173519, 'reg_l2': 0.7824060039513838, 'learning_rate': 0.005, 'dropout': 0.16212193717460044, 'batch_size': 128, 'encoder_layer0_unit': 416, 'encoder_layer1_unit': 320, 'encoder_layer2_unit': 128, 'encoder_layer3_unit': 256, 'encoder_z_mean_layer0_unit': 32, 'encoder_z_mean_layer1_unit': 64, 'encoder_z_log_var_layer0_unit': 64, 'encoder_z_log_var_layer1_unit': 64, 'decoder_layer0_unit': 384, 'decoder_layer1_unit': 192, 'decoder_layer2_unit': 224, 'decoder_layer3_unit': 320, 'decoder_layer4_unit': 448, 'decoder_layer5_unit': 96}. Best is trial 190 with value: 14.216514110565186.
Trial 210 finished with value: 14.218896746635437 and parameters: {'reg_l1': 0.4599101385194586, 'reg_l2': 0.712843425266527, 'learning_rate': 0.001, 'dropout': 0.03417127715460322, 'batch_size': 32, 'encoder_layer0_unit': 480, 'encoder_layer1_unit': 416, 'encoder_layer2_unit': 480, 'encoder_layer3_unit': 448, 'encoder_z_mean_layer0_unit': 32, 'encoder_z_mean_layer1_unit': 64, 'encoder_z_log_var_layer0_unit': 64, 'encoder_z_log_var_layer1_unit': 128, 'decoder_layer0_unit': 96, 'decoder_layer1_unit': 128, 'decoder_layer2_unit': 352, 'decoder_layer3_unit': 256, 'decoder_layer4_unit': 160, 'decoder_layer5_unit': 416}. Best is trial 190 with value: 14.216514110565186.
Trial 211 finished with value: 112.83413124084473 and parameters: {'reg_l1': 0.7284410239405622, 'reg_l2': 0.8856096590225433, 'learning_rate': 0.0001, 'dropout': 0.14146501270960116, 'batch_size': 256, 'encoder_layer0_unit': 256, 'encoder_layer1_unit': 448, 'encoder_layer2_unit': 352, 'encoder_layer3_unit': 448, 'encoder_z_mean_layer0_unit': 64, 'encoder_z_mean_layer1_unit': 128, 'encoder_z_log_var_layer0_unit': 128, 'encoder_z_log_var_layer1_unit': 96, 'decoder_layer0_unit': 480, 'decoder_layer1_unit': 416, 'decoder_layer2_unit': 160, 'decoder_layer3_unit': 256, 'decoder_layer4_unit': 64, 'decoder_layer5_unit': 352}. Best is trial 190 with value: 14.216514110565186.
Trial 212 finished with value: 70.78472805023193 and parameters: {'reg_l1': 0.850632780289633, 'reg_l2': 0.9383852041431913, 'learning_rate': 0.0001, 'dropout': 0.14386633064051108, 'batch_size': 160, 'encoder_layer0_unit': 352, 'encoder_layer1_unit': 480, 'encoder_layer2_unit': 320, 'encoder_layer3_unit': 320, 'encoder_z_mean_layer0_unit': 96, 'encoder_z_mean_layer1_unit': 96, 'encoder_z_log_var_layer0_unit': 32, 'encoder_z_log_var_layer1_unit': 64, 'decoder_layer0_unit': 32, 'decoder_layer1_unit': 320, 'decoder_layer2_unit': 320, 'decoder_layer3_unit': 128, 'decoder_layer4_unit': 480, 'decoder_layer5_unit': 480}. Best is trial 190 with value: 14.216514110565186.
Trial 213 finished with value: 84.9574327468872 and parameters: {'reg_l1': 0.9450339106387953, 'reg_l2': 0.4781555740655973, 'learning_rate': 0.0001, 'dropout': 0.41275021561343844, 'batch_size': 192, 'encoder_layer0_unit': 192, 'encoder_layer1_unit': 480, 'encoder_layer2_unit': 384, 'encoder_layer3_unit': 192, 'encoder_z_mean_layer0_unit': 128, 'encoder_z_mean_layer1_unit': 32, 'encoder_z_log_var_layer0_unit': 128, 'encoder_z_log_var_layer1_unit': 96, 'decoder_layer0_unit': 64, 'decoder_layer1_unit': 160, 'decoder_layer2_unit': 96, 'decoder_layer3_unit': 416, 'decoder_layer4_unit': 384, 'decoder_layer5_unit': 288}. Best is trial 190 with value: 14.216514110565186.
Trial 214 finished with value: 56.86868238449097 and parameters: {'reg_l1': 0.7190680879968253, 'reg_l2': 0.5943428244670932, 'learning_rate': 0.01, 'dropout': 0.32410209468744255, 'batch_size': 128, 'encoder_layer0_unit': 352, 'encoder_layer1_unit': 448, 'encoder_layer2_unit': 288, 'encoder_layer3_unit': 128, 'encoder_z_mean_layer0_unit': 64, 'encoder_z_mean_layer1_unit': 32, 'encoder_z_log_var_layer0_unit': 96, 'encoder_z_log_var_layer1_unit': 32, 'decoder_layer0_unit': 480, 'decoder_layer1_unit': 32, 'decoder_layer2_unit': 352, 'decoder_layer3_unit': 224, 'decoder_layer4_unit': 288, 'decoder_layer5_unit': 448}. Best is trial 190 with value: 14.216514110565186.
Trial 215 finished with value: 71.08750247955322 and parameters: {'reg_l1': 0.6847033497223756, 'reg_l2': 0.11685382279884748, 'learning_rate': 0.01, 'dropout': 0.39314378069109335, 'batch_size': 160, 'encoder_layer0_unit': 160, 'encoder_layer1_unit': 192, 'encoder_layer2_unit': 256, 'encoder_layer3_unit': 448, 'encoder_z_mean_layer0_unit': 32, 'encoder_z_mean_layer1_unit': 128, 'encoder_z_log_var_layer0_unit': 96, 'encoder_z_log_var_layer1_unit': 32, 'decoder_layer0_unit': 160, 'decoder_layer1_unit': 96, 'decoder_layer2_unit': 96, 'decoder_layer3_unit': 96, 'decoder_layer4_unit': 32, 'decoder_layer5_unit': 416}. Best is trial 190 with value: 14.216514110565186.
Trial 216 finished with value: 14.226415276527405 and parameters: {'reg_l1': 0.11937336900627082, 'reg_l2': 0.6289086898622362, 'learning_rate': 0.005, 'dropout': 0.06913915460886288, 'batch_size': 32, 'encoder_layer0_unit': 256, 'encoder_layer1_unit': 352, 'encoder_layer2_unit': 480, 'encoder_layer3_unit': 256, 'encoder_z_mean_layer0_unit': 128, 'encoder_z_mean_layer1_unit': 64, 'encoder_z_log_var_layer0_unit': 96, 'encoder_z_log_var_layer1_unit': 64, 'decoder_layer0_unit': 96, 'decoder_layer1_unit': 320, 'decoder_layer2_unit': 128, 'decoder_layer3_unit': 320, 'decoder_layer4_unit': 448, 'decoder_layer5_unit': 224}. Best is trial 190 with value: 14.216514110565186.
Trial 217 finished with value: 28.449545860290527 and parameters: {'reg_l1': 0.952066658108869, 'reg_l2': 0.7548457041327754, 'learning_rate': 0.005, 'dropout': 0.15732212604399415, 'batch_size': 64, 'encoder_layer0_unit': 480, 'encoder_layer1_unit': 320, 'encoder_layer2_unit': 320, 'encoder_layer3_unit': 416, 'encoder_z_mean_layer0_unit': 32, 'encoder_z_mean_layer1_unit': 32, 'encoder_z_log_var_layer0_unit': 64, 'encoder_z_log_var_layer1_unit': 128, 'decoder_layer0_unit': 448, 'decoder_layer1_unit': 32, 'decoder_layer2_unit': 128, 'decoder_layer3_unit': 288, 'decoder_layer4_unit': 128, 'decoder_layer5_unit': 384}. Best is trial 190 with value: 14.216514110565186.
Trial 218 finished with value: 56.71369028091431 and parameters: {'reg_l1': 0.3590948050518642, 'reg_l2': 0.3457953839758069, 'learning_rate': 0.0001, 'dropout': 0.3522960549948649, 'batch_size': 128, 'encoder_layer0_unit': 480, 'encoder_layer1_unit': 224, 'encoder_layer2_unit': 416, 'encoder_layer3_unit': 256, 'encoder_z_mean_layer0_unit': 32, 'encoder_z_mean_layer1_unit': 32, 'encoder_z_log_var_layer0_unit': 128, 'encoder_z_log_var_layer1_unit': 64, 'decoder_layer0_unit': 416, 'decoder_layer1_unit': 288, 'decoder_layer2_unit': 128, 'decoder_layer3_unit': 256, 'decoder_layer4_unit': 480, 'decoder_layer5_unit': 128}. Best is trial 190 with value: 14.216514110565186.
Trial 219 finished with value: 42.52127027511597 and parameters: {'reg_l1': 0.14554617914448176, 'reg_l2': 0.39159736170737536, 'learning_rate': 0.01, 'dropout': 0.3681999186861054, 'batch_size': 96, 'encoder_layer0_unit': 128, 'encoder_layer1_unit': 224, 'encoder_layer2_unit': 480, 'encoder_layer3_unit': 288, 'encoder_z_mean_layer0_unit': 128, 'encoder_z_mean_layer1_unit': 96, 'encoder_z_log_var_layer0_unit': 128, 'encoder_z_log_var_layer1_unit': 96, 'decoder_layer0_unit': 384, 'decoder_layer1_unit': 352, 'decoder_layer2_unit': 352, 'decoder_layer3_unit': 320, 'decoder_layer4_unit': 192, 'decoder_layer5_unit': 416}. Best is trial 190 with value: 14.216514110565186.
Trial 220 finished with value: 56.43628787994385 and parameters: {'reg_l1': 0.7633347937797498, 'reg_l2': 0.017337436727825617, 'learning_rate': 0.005, 'dropout': 0.036476290523537847, 'batch_size': 128, 'encoder_layer0_unit': 384, 'encoder_layer1_unit': 480, 'encoder_layer2_unit': 160, 'encoder_layer3_unit': 256, 'encoder_z_mean_layer0_unit': 64, 'encoder_z_mean_layer1_unit': 64, 'encoder_z_log_var_layer0_unit': 96, 'encoder_z_log_var_layer1_unit': 128, 'decoder_layer0_unit': 224, 'decoder_layer1_unit': 224, 'decoder_layer2_unit': 224, 'decoder_layer3_unit': 224, 'decoder_layer4_unit': 480, 'decoder_layer5_unit': 416}. Best is trial 190 with value: 14.216514110565186.
Trial 221 finished with value: 56.496257305145264 and parameters: {'reg_l1': 0.3659232873948949, 'reg_l2': 0.37391568254600693, 'learning_rate': 0.01, 'dropout': 0.48651048201493396, 'batch_size': 128, 'encoder_layer0_unit': 128, 'encoder_layer1_unit': 160, 'encoder_layer2_unit': 448, 'encoder_layer3_unit': 480, 'encoder_z_mean_layer0_unit': 96, 'encoder_z_mean_layer1_unit': 96, 'encoder_z_log_var_layer0_unit': 96, 'encoder_z_log_var_layer1_unit': 32, 'decoder_layer0_unit': 256, 'decoder_layer1_unit': 64, 'decoder_layer2_unit': 224, 'decoder_layer3_unit': 256, 'decoder_layer4_unit': 128, 'decoder_layer5_unit': 256}. Best is trial 190 with value: 14.216514110565186.
Trial 222 finished with value: 28.435794591903687 and parameters: {'reg_l1': 0.17889842290838232, 'reg_l2': 0.6081170801711566, 'learning_rate': 0.01, 'dropout': 0.285188051037214, 'batch_size': 64, 'encoder_layer0_unit': 416, 'encoder_layer1_unit': 416, 'encoder_layer2_unit': 288, 'encoder_layer3_unit': 480, 'encoder_z_mean_layer0_unit': 96, 'encoder_z_mean_layer1_unit': 96, 'encoder_z_log_var_layer0_unit': 32, 'encoder_z_log_var_layer1_unit': 96, 'decoder_layer0_unit': 64, 'decoder_layer1_unit': 480, 'decoder_layer2_unit': 256, 'decoder_layer3_unit': 192, 'decoder_layer4_unit': 288, 'decoder_layer5_unit': 384}. Best is trial 190 with value: 14.216514110565186.
Trial 223 finished with value: 112.88539600372314 and parameters: {'reg_l1': 0.701909042539237, 'reg_l2': 0.4703597226670916, 'learning_rate': 0.0005, 'dropout': 0.416833522301242, 'batch_size': 256, 'encoder_layer0_unit': 352, 'encoder_layer1_unit': 256, 'encoder_layer2_unit': 192, 'encoder_layer3_unit': 384, 'encoder_z_mean_layer0_unit': 96, 'encoder_z_mean_layer1_unit': 32, 'encoder_z_log_var_layer0_unit': 96, 'encoder_z_log_var_layer1_unit': 96, 'decoder_layer0_unit': 480, 'decoder_layer1_unit': 32, 'decoder_layer2_unit': 320, 'decoder_layer3_unit': 480, 'decoder_layer4_unit': 256, 'decoder_layer5_unit': 384}. Best is trial 190 with value: 14.216514110565186.
Trial 224 finished with value: 42.518951416015625 and parameters: {'reg_l1': 0.16201219657492605, 'reg_l2': 0.1795202327735298, 'learning_rate': 0.01, 'dropout': 0.16831507566583503, 'batch_size': 96, 'encoder_layer0_unit': 192, 'encoder_layer1_unit': 480, 'encoder_layer2_unit': 160, 'encoder_layer3_unit': 448, 'encoder_z_mean_layer0_unit': 128, 'encoder_z_mean_layer1_unit': 128, 'encoder_z_log_var_layer0_unit': 128, 'encoder_z_log_var_layer1_unit': 96, 'decoder_layer0_unit': 480, 'decoder_layer1_unit': 224, 'decoder_layer2_unit': 32, 'decoder_layer3_unit': 32, 'decoder_layer4_unit': 320, 'decoder_layer5_unit': 64}. Best is trial 190 with value: 14.216514110565186.
Trial 225 finished with value: 42.549214363098145 and parameters: {'reg_l1': 0.6994380578016811, 'reg_l2': 0.3520894987549389, 'learning_rate': 0.0001, 'dropout': 0.10421663901930794, 'batch_size': 96, 'encoder_layer0_unit': 160, 'encoder_layer1_unit': 256, 'encoder_layer2_unit': 288, 'encoder_layer3_unit': 480, 'encoder_z_mean_layer0_unit': 32, 'encoder_z_mean_layer1_unit': 128, 'encoder_z_log_var_layer0_unit': 128, 'encoder_z_log_var_layer1_unit': 96, 'decoder_layer0_unit': 256, 'decoder_layer1_unit': 480, 'decoder_layer2_unit': 96, 'decoder_layer3_unit': 192, 'decoder_layer4_unit': 320, 'decoder_layer5_unit': 32}. Best is trial 190 with value: 14.216514110565186.
Trial 226 finished with value: 98.95441150665283 and parameters: {'reg_l1': 0.6939753545975654, 'reg_l2': 0.8675732792078681, 'learning_rate': 0.0001, 'dropout': 0.2997506109409937, 'batch_size': 224, 'encoder_layer0_unit': 288, 'encoder_layer1_unit': 384, 'encoder_layer2_unit': 480, 'encoder_layer3_unit': 256, 'encoder_z_mean_layer0_unit': 128, 'encoder_z_mean_layer1_unit': 32, 'encoder_z_log_var_layer0_unit': 64, 'encoder_z_log_var_layer1_unit': 96, 'decoder_layer0_unit': 224, 'decoder_layer1_unit': 384, 'decoder_layer2_unit': 192, 'decoder_layer3_unit': 192, 'decoder_layer4_unit': 320, 'decoder_layer5_unit': 160}. Best is trial 190 with value: 14.216514110565186.
Trial 227 finished with value: 28.46967124938965 and parameters: {'reg_l1': 0.945012403858126, 'reg_l2': 0.7675227472525795, 'learning_rate': 0.0005, 'dropout': 0.315106826091043, 'batch_size': 64, 'encoder_layer0_unit': 288, 'encoder_layer1_unit': 384, 'encoder_layer2_unit': 480, 'encoder_layer3_unit': 224, 'encoder_z_mean_layer0_unit': 64, 'encoder_z_mean_layer1_unit': 32, 'encoder_z_log_var_layer0_unit': 96, 'encoder_z_log_var_layer1_unit': 64, 'decoder_layer0_unit': 448, 'decoder_layer1_unit': 256, 'decoder_layer2_unit': 416, 'decoder_layer3_unit': 288, 'decoder_layer4_unit': 32, 'decoder_layer5_unit': 416}. Best is trial 190 with value: 14.216514110565186.
Trial 228 finished with value: 98.85690784454346 and parameters: {'reg_l1': 0.06061951159156698, 'reg_l2': 0.2691238105764886, 'learning_rate': 0.0005, 'dropout': 0.020749028881224818, 'batch_size': 224, 'encoder_layer0_unit': 384, 'encoder_layer1_unit': 224, 'encoder_layer2_unit': 448, 'encoder_layer3_unit': 288, 'encoder_z_mean_layer0_unit': 32, 'encoder_z_mean_layer1_unit': 96, 'encoder_z_log_var_layer0_unit': 128, 'encoder_z_log_var_layer1_unit': 32, 'decoder_layer0_unit': 384, 'decoder_layer1_unit': 320, 'decoder_layer2_unit': 96, 'decoder_layer3_unit': 96, 'decoder_layer4_unit': 480, 'decoder_layer5_unit': 256}. Best is trial 190 with value: 14.216514110565186.
Trial 229 finished with value: 14.245549082756042 and parameters: {'reg_l1': 0.3763296759604978, 'reg_l2': 0.34577421741939063, 'learning_rate': 0.0001, 'dropout': 0.14684560983113382, 'batch_size': 32, 'encoder_layer0_unit': 352, 'encoder_layer1_unit': 256, 'encoder_layer2_unit': 320, 'encoder_layer3_unit': 288, 'encoder_z_mean_layer0_unit': 64, 'encoder_z_mean_layer1_unit': 96, 'encoder_z_log_var_layer0_unit': 128, 'encoder_z_log_var_layer1_unit': 96, 'decoder_layer0_unit': 288, 'decoder_layer1_unit': 256, 'decoder_layer2_unit': 160, 'decoder_layer3_unit': 352, 'decoder_layer4_unit': 224, 'decoder_layer5_unit': 416}. Best is trial 190 with value: 14.216514110565186.
Trial 230 finished with value: 28.447412729263306 and parameters: {'reg_l1': 0.44501559285549197, 'reg_l2': 0.054570115593172486, 'learning_rate': 0.01, 'dropout': 0.31427537455753884, 'batch_size': 64, 'encoder_layer0_unit': 416, 'encoder_layer1_unit': 224, 'encoder_layer2_unit': 352, 'encoder_layer3_unit': 128, 'encoder_z_mean_layer0_unit': 64, 'encoder_z_mean_layer1_unit': 128, 'encoder_z_log_var_layer0_unit': 32, 'encoder_z_log_var_layer1_unit': 128, 'decoder_layer0_unit': 448, 'decoder_layer1_unit': 352, 'decoder_layer2_unit': 288, 'decoder_layer3_unit': 480, 'decoder_layer4_unit': 192, 'decoder_layer5_unit': 352}. Best is trial 190 with value: 14.216514110565186.
Trial 231 finished with value: 28.43285870552063 and parameters: {'reg_l1': 0.928382955466997, 'reg_l2': 0.6030840319905766, 'learning_rate': 0.005, 'dropout': 0.31469654436830913, 'batch_size': 64, 'encoder_layer0_unit': 384, 'encoder_layer1_unit': 160, 'encoder_layer2_unit': 128, 'encoder_layer3_unit': 480, 'encoder_z_mean_layer0_unit': 128, 'encoder_z_mean_layer1_unit': 64, 'encoder_z_log_var_layer0_unit': 128, 'encoder_z_log_var_layer1_unit': 64, 'decoder_layer0_unit': 192, 'decoder_layer1_unit': 416, 'decoder_layer2_unit': 320, 'decoder_layer3_unit': 224, 'decoder_layer4_unit': 96, 'decoder_layer5_unit': 256}. Best is trial 190 with value: 14.216514110565186.
Trial 232 finished with value: 28.425957441329956 and parameters: {'reg_l1': 0.7462528451756606, 'reg_l2': 0.7300129287809174, 'learning_rate': 0.0005, 'dropout': 0.2866803104051562, 'batch_size': 64, 'encoder_layer0_unit': 448, 'encoder_layer1_unit': 480, 'encoder_layer2_unit': 160, 'encoder_layer3_unit': 256, 'encoder_z_mean_layer0_unit': 96, 'encoder_z_mean_layer1_unit': 128, 'encoder_z_log_var_layer0_unit': 32, 'encoder_z_log_var_layer1_unit': 96, 'decoder_layer0_unit': 32, 'decoder_layer1_unit': 480, 'decoder_layer2_unit': 96, 'decoder_layer3_unit': 480, 'decoder_layer4_unit': 384, 'decoder_layer5_unit': 480}. Best is trial 190 with value: 14.216514110565186.
Trial 233 finished with value: 112.99660110473633 and parameters: {'reg_l1': 0.4189871085074711, 'reg_l2': 0.32265838784774226, 'learning_rate': 0.0001, 'dropout': 0.36192890638290176, 'batch_size': 256, 'encoder_layer0_unit': 160, 'encoder_layer1_unit': 128, 'encoder_layer2_unit': 288, 'encoder_layer3_unit': 288, 'encoder_z_mean_layer0_unit': 128, 'encoder_z_mean_layer1_unit': 128, 'encoder_z_log_var_layer0_unit': 96, 'encoder_z_log_var_layer1_unit': 32, 'decoder_layer0_unit': 32, 'decoder_layer1_unit': 384, 'decoder_layer2_unit': 192, 'decoder_layer3_unit': 384, 'decoder_layer4_unit': 480, 'decoder_layer5_unit': 416}. Best is trial 190 with value: 14.216514110565186.
Trial 234 finished with value: 98.83781337738037 and parameters: {'reg_l1': 0.5026305728929419, 'reg_l2': 0.06790907711073901, 'learning_rate': 0.0001, 'dropout': 0.24346831849980777, 'batch_size': 224, 'encoder_layer0_unit': 320, 'encoder_layer1_unit': 320, 'encoder_layer2_unit': 160, 'encoder_layer3_unit': 192, 'encoder_z_mean_layer0_unit': 64, 'encoder_z_mean_layer1_unit': 32, 'encoder_z_log_var_layer0_unit': 96, 'encoder_z_log_var_layer1_unit': 64, 'decoder_layer0_unit': 320, 'decoder_layer1_unit': 256, 'decoder_layer2_unit': 352, 'decoder_layer3_unit': 160, 'decoder_layer4_unit': 320, 'decoder_layer5_unit': 384}. Best is trial 190 with value: 14.216514110565186.
Trial 235 finished with value: 112.23033428192139 and parameters: {'reg_l1': 0.40161894268355847, 'reg_l2': 0.8833662793313173, 'learning_rate': 0.01, 'dropout': 0.10747522924270037, 'batch_size': 256, 'encoder_layer0_unit': 352, 'encoder_layer1_unit': 224, 'encoder_layer2_unit': 480, 'encoder_layer3_unit': 288, 'encoder_z_mean_layer0_unit': 64, 'encoder_z_mean_layer1_unit': 64, 'encoder_z_log_var_layer0_unit': 96, 'encoder_z_log_var_layer1_unit': 128, 'decoder_layer0_unit': 288, 'decoder_layer1_unit': 352, 'decoder_layer2_unit': 224, 'decoder_layer3_unit': 96, 'decoder_layer4_unit': 448, 'decoder_layer5_unit': 480}. Best is trial 190 with value: 14.216514110565186.
Trial 236 finished with value: 112.46244621276855 and parameters: {'reg_l1': 0.5267419500262803, 'reg_l2': 0.6018875992671753, 'learning_rate': 0.0005, 'dropout': 0.25583849463974395, 'batch_size': 256, 'encoder_layer0_unit': 384, 'encoder_layer1_unit': 128, 'encoder_layer2_unit': 352, 'encoder_layer3_unit': 160, 'encoder_z_mean_layer0_unit': 96, 'encoder_z_mean_layer1_unit': 128, 'encoder_z_log_var_layer0_unit': 32, 'encoder_z_log_var_layer1_unit': 64, 'decoder_layer0_unit': 32, 'decoder_layer1_unit': 352, 'decoder_layer2_unit': 64, 'decoder_layer3_unit': 448, 'decoder_layer4_unit': 160, 'decoder_layer5_unit': 288}. Best is trial 190 with value: 14.216514110565186.
Trial 237 finished with value: 98.91594696044922 and parameters: {'reg_l1': 0.2606508441818648, 'reg_l2': 0.34783662170816776, 'learning_rate': 0.0005, 'dropout': 0.411923981574872, 'batch_size': 224, 'encoder_layer0_unit': 320, 'encoder_layer1_unit': 352, 'encoder_layer2_unit': 352, 'encoder_layer3_unit': 256, 'encoder_z_mean_layer0_unit': 64, 'encoder_z_mean_layer1_unit': 96, 'encoder_z_log_var_layer0_unit': 96, 'encoder_z_log_var_layer1_unit': 32, 'decoder_layer0_unit': 384, 'decoder_layer1_unit': 352, 'decoder_layer2_unit': 416, 'decoder_layer3_unit': 224, 'decoder_layer4_unit': 320, 'decoder_layer5_unit': 96}. Best is trial 190 with value: 14.216514110565186.
Trial 238 finished with value: 28.43497061729431 and parameters: {'reg_l1': 0.9551502252467815, 'reg_l2': 0.09500399697057638, 'learning_rate': 0.0005, 'dropout': 0.21972657063438117, 'batch_size': 64, 'encoder_layer0_unit': 256, 'encoder_layer1_unit': 192, 'encoder_layer2_unit': 160, 'encoder_layer3_unit': 416, 'encoder_z_mean_layer0_unit': 128, 'encoder_z_mean_layer1_unit': 64, 'encoder_z_log_var_layer0_unit': 128, 'encoder_z_log_var_layer1_unit': 64, 'decoder_layer0_unit': 352, 'decoder_layer1_unit': 64, 'decoder_layer2_unit': 160, 'decoder_layer3_unit': 384, 'decoder_layer4_unit': 160, 'decoder_layer5_unit': 32}. Best is trial 190 with value: 14.216514110565186.
Trial 239 finished with value: 14.221683025360107 and parameters: {'reg_l1': 0.6464729888431388, 'reg_l2': 0.6021073822706404, 'learning_rate': 0.001, 'dropout': 0.29924968510739247, 'batch_size': 32, 'encoder_layer0_unit': 160, 'encoder_layer1_unit': 416, 'encoder_layer2_unit': 256, 'encoder_layer3_unit': 480, 'encoder_z_mean_layer0_unit': 32, 'encoder_z_mean_layer1_unit': 96, 'encoder_z_log_var_layer0_unit': 96, 'encoder_z_log_var_layer1_unit': 128, 'decoder_layer0_unit': 160, 'decoder_layer1_unit': 160, 'decoder_layer2_unit': 160, 'decoder_layer3_unit': 224, 'decoder_layer4_unit': 128, 'decoder_layer5_unit': 352}. Best is trial 190 with value: 14.216514110565186.
