Trial 224 finished with value: 70.82819843292236 and parameters: {'reg_l1': 0.30439533961841836, 'reg_l2': 0.5841137915192056, 'learning_rate': 0.0001, 'dropout': 0.479312085146075, 'batch_size': 160, 'encoder_layer0_unit': 448, 'encoder_layer1_unit': 416, 'encoder_layer2_unit': 128, 'encoder_layer3_unit': 288, 'encoder_z_mean_layer0_unit': 64, 'encoder_z_mean_layer1_unit': 64, 'encoder_z_log_var_layer0_unit': 64, 'encoder_z_log_var_layer1_unit': 64, 'decoder_layer0_unit': 64, 'decoder_layer1_unit': 32, 'decoder_layer2_unit': 256, 'decoder_layer3_unit': 128, 'decoder_layer4_unit': 256, 'decoder_layer5_unit': 288}. Best is trial 200 with value: 14.215638160705566.
Trial 225 finished with value: 99.54066371917725 and parameters: {'reg_l1': 0.1567870470496533, 'reg_l2': 0.2447526264724399, 'learning_rate': 0.01, 'dropout': 0.06704170683043253, 'batch_size': 224, 'encoder_layer0_unit': 384, 'encoder_layer1_unit': 352, 'encoder_layer2_unit': 320, 'encoder_layer3_unit': 448, 'encoder_z_mean_layer0_unit': 32, 'encoder_z_mean_layer1_unit': 96, 'encoder_z_log_var_layer0_unit': 32, 'encoder_z_log_var_layer1_unit': 64, 'decoder_layer0_unit': 192, 'decoder_layer1_unit': 96, 'decoder_layer2_unit': 384, 'decoder_layer3_unit': 96, 'decoder_layer4_unit': 96, 'decoder_layer5_unit': 256}. Best is trial 200 with value: 14.215638160705566.
Trial 226 finished with value: 14.222767353057861 and parameters: {'reg_l1': 0.2575193573771929, 'reg_l2': 0.33714687319660197, 'learning_rate': 0.005, 'dropout': 0.3169385266836731, 'batch_size': 32, 'encoder_layer0_unit': 192, 'encoder_layer1_unit': 256, 'encoder_layer2_unit': 128, 'encoder_layer3_unit': 480, 'encoder_z_mean_layer0_unit': 128, 'encoder_z_mean_layer1_unit': 64, 'encoder_z_log_var_layer0_unit': 96, 'encoder_z_log_var_layer1_unit': 128, 'decoder_layer0_unit': 448, 'decoder_layer1_unit': 64, 'decoder_layer2_unit': 128, 'decoder_layer3_unit': 32, 'decoder_layer4_unit': 224, 'decoder_layer5_unit': 480}. Best is trial 200 with value: 14.215638160705566.
Trial 227 finished with value: 113.0124626159668 and parameters: {'reg_l1': 0.7409576709741333, 'reg_l2': 0.5144458153486698, 'learning_rate': 0.0001, 'dropout': 0.4594725826718991, 'batch_size': 256, 'encoder_layer0_unit': 128, 'encoder_layer1_unit': 320, 'encoder_layer2_unit': 416, 'encoder_layer3_unit': 320, 'encoder_z_mean_layer0_unit': 64, 'encoder_z_mean_layer1_unit': 128, 'encoder_z_log_var_layer0_unit': 32, 'encoder_z_log_var_layer1_unit': 96, 'decoder_layer0_unit': 192, 'decoder_layer1_unit': 448, 'decoder_layer2_unit': 128, 'decoder_layer3_unit': 128, 'decoder_layer4_unit': 288, 'decoder_layer5_unit': 352}. Best is trial 200 with value: 14.215638160705566.
Trial 228 finished with value: 98.96232318878174 and parameters: {'reg_l1': 0.5544075671844603, 'reg_l2': 0.5578423701626966, 'learning_rate': 0.0001, 'dropout': 0.0769054182945565, 'batch_size': 224, 'encoder_layer0_unit': 416, 'encoder_layer1_unit': 288, 'encoder_layer2_unit': 256, 'encoder_layer3_unit': 320, 'encoder_z_mean_layer0_unit': 64, 'encoder_z_mean_layer1_unit': 64, 'encoder_z_log_var_layer0_unit': 64, 'encoder_z_log_var_layer1_unit': 128, 'decoder_layer0_unit': 64, 'decoder_layer1_unit': 320, 'decoder_layer2_unit': 256, 'decoder_layer3_unit': 352, 'decoder_layer4_unit': 224, 'decoder_layer5_unit': 448}. Best is trial 200 with value: 14.215638160705566.
Trial 229 finished with value: 42.65855026245117 and parameters: {'reg_l1': 0.18629559250532157, 'reg_l2': 0.546072140703663, 'learning_rate': 0.005, 'dropout': 0.3267566442101007, 'batch_size': 96, 'encoder_layer0_unit': 320, 'encoder_layer1_unit': 288, 'encoder_layer2_unit': 416, 'encoder_layer3_unit': 320, 'encoder_z_mean_layer0_unit': 128, 'encoder_z_mean_layer1_unit': 32, 'encoder_z_log_var_layer0_unit': 64, 'encoder_z_log_var_layer1_unit': 32, 'decoder_layer0_unit': 128, 'decoder_layer1_unit': 96, 'decoder_layer2_unit': 352, 'decoder_layer3_unit': 160, 'decoder_layer4_unit': 320, 'decoder_layer5_unit': 128}. Best is trial 200 with value: 14.215638160705566.
Trial 230 finished with value: 84.71501541137695 and parameters: {'reg_l1': 0.6481096721351097, 'reg_l2': 0.6333659147537776, 'learning_rate': 0.01, 'dropout': 0.4519215652424812, 'batch_size': 192, 'encoder_layer0_unit': 480, 'encoder_layer1_unit': 288, 'encoder_layer2_unit': 256, 'encoder_layer3_unit': 128, 'encoder_z_mean_layer0_unit': 64, 'encoder_z_mean_layer1_unit': 128, 'encoder_z_log_var_layer0_unit': 32, 'encoder_z_log_var_layer1_unit': 64, 'decoder_layer0_unit': 320, 'decoder_layer1_unit': 480, 'decoder_layer2_unit': 192, 'decoder_layer3_unit': 128, 'decoder_layer4_unit': 384, 'decoder_layer5_unit': 128}. Best is trial 200 with value: 14.215638160705566.
Trial 231 finished with value: 28.44646716117859 and parameters: {'reg_l1': 0.5957581205704879, 'reg_l2': 0.24971457262925467, 'learning_rate': 0.001, 'dropout': 0.4998512633161992, 'batch_size': 64, 'encoder_layer0_unit': 448, 'encoder_layer1_unit': 288, 'encoder_layer2_unit': 384, 'encoder_layer3_unit': 480, 'encoder_z_mean_layer0_unit': 96, 'encoder_z_mean_layer1_unit': 128, 'encoder_z_log_var_layer0_unit': 64, 'encoder_z_log_var_layer1_unit': 128, 'decoder_layer0_unit': 288, 'decoder_layer1_unit': 128, 'decoder_layer2_unit': 32, 'decoder_layer3_unit': 32, 'decoder_layer4_unit': 480, 'decoder_layer5_unit': 32}. Best is trial 200 with value: 14.215638160705566.
Trial 232 finished with value: 14.23291790485382 and parameters: {'reg_l1': 0.005239088200327591, 'reg_l2': 0.5961685358088711, 'learning_rate': 0.005, 'dropout': 0.1611652770438436, 'batch_size': 32, 'encoder_layer0_unit': 128, 'encoder_layer1_unit': 288, 'encoder_layer2_unit': 224, 'encoder_layer3_unit': 448, 'encoder_z_mean_layer0_unit': 64, 'encoder_z_mean_layer1_unit': 64, 'encoder_z_log_var_layer0_unit': 32, 'encoder_z_log_var_layer1_unit': 128, 'decoder_layer0_unit': 320, 'decoder_layer1_unit': 288, 'decoder_layer2_unit': 256, 'decoder_layer3_unit': 352, 'decoder_layer4_unit': 480, 'decoder_layer5_unit': 416}. Best is trial 200 with value: 14.215638160705566.
Trial 233 finished with value: 84.78791046142578 and parameters: {'reg_l1': 0.037803447226809284, 'reg_l2': 0.572862758778161, 'learning_rate': 0.001, 'dropout': 0.31822830737925745, 'batch_size': 192, 'encoder_layer0_unit': 320, 'encoder_layer1_unit': 160, 'encoder_layer2_unit': 160, 'encoder_layer3_unit': 128, 'encoder_z_mean_layer0_unit': 32, 'encoder_z_mean_layer1_unit': 96, 'encoder_z_log_var_layer0_unit': 96, 'encoder_z_log_var_layer1_unit': 32, 'decoder_layer0_unit': 288, 'decoder_layer1_unit': 224, 'decoder_layer2_unit': 256, 'decoder_layer3_unit': 416, 'decoder_layer4_unit': 128, 'decoder_layer5_unit': 480}. Best is trial 200 with value: 14.215638160705566.
Trial 234 finished with value: 28.439899444580078 and parameters: {'reg_l1': 0.7688356801250944, 'reg_l2': 0.17318442598709782, 'learning_rate': 0.005, 'dropout': 0.3848238764985795, 'batch_size': 64, 'encoder_layer0_unit': 448, 'encoder_layer1_unit': 256, 'encoder_layer2_unit': 384, 'encoder_layer3_unit': 224, 'encoder_z_mean_layer0_unit': 64, 'encoder_z_mean_layer1_unit': 32, 'encoder_z_log_var_layer0_unit': 32, 'encoder_z_log_var_layer1_unit': 128, 'decoder_layer0_unit': 288, 'decoder_layer1_unit': 256, 'decoder_layer2_unit': 128, 'decoder_layer3_unit': 352, 'decoder_layer4_unit': 480, 'decoder_layer5_unit': 320}. Best is trial 200 with value: 14.215638160705566.
Trial 235 finished with value: 70.75657367706299 and parameters: {'reg_l1': 0.09239195464468075, 'reg_l2': 0.08117939891411818, 'learning_rate': 0.01, 'dropout': 0.31137245397243074, 'batch_size': 160, 'encoder_layer0_unit': 224, 'encoder_layer1_unit': 352, 'encoder_layer2_unit': 288, 'encoder_layer3_unit': 416, 'encoder_z_mean_layer0_unit': 64, 'encoder_z_mean_layer1_unit': 128, 'encoder_z_log_var_layer0_unit': 128, 'encoder_z_log_var_layer1_unit': 96, 'decoder_layer0_unit': 128, 'decoder_layer1_unit': 64, 'decoder_layer2_unit': 128, 'decoder_layer3_unit': 416, 'decoder_layer4_unit': 224, 'decoder_layer5_unit': 448}. Best is trial 200 with value: 14.215638160705566.
Trial 236 finished with value: 112.85953330993652 and parameters: {'reg_l1': 0.44766668608973414, 'reg_l2': 0.791748519468474, 'learning_rate': 0.0005, 'dropout': 0.18958216617465623, 'batch_size': 256, 'encoder_layer0_unit': 480, 'encoder_layer1_unit': 288, 'encoder_layer2_unit': 320, 'encoder_layer3_unit': 224, 'encoder_z_mean_layer0_unit': 96, 'encoder_z_mean_layer1_unit': 128, 'encoder_z_log_var_layer0_unit': 96, 'encoder_z_log_var_layer1_unit': 128, 'decoder_layer0_unit': 448, 'decoder_layer1_unit': 128, 'decoder_layer2_unit': 384, 'decoder_layer3_unit': 320, 'decoder_layer4_unit': 288, 'decoder_layer5_unit': 320}. Best is trial 200 with value: 14.215638160705566.
Trial 237 finished with value: 56.607330322265625 and parameters: {'reg_l1': 0.909383139740311, 'reg_l2': 0.29129127598891236, 'learning_rate': 0.001, 'dropout': 0.23403490173742558, 'batch_size': 128, 'encoder_layer0_unit': 160, 'encoder_layer1_unit': 416, 'encoder_layer2_unit': 224, 'encoder_layer3_unit': 448, 'encoder_z_mean_layer0_unit': 96, 'encoder_z_mean_layer1_unit': 64, 'encoder_z_log_var_layer0_unit': 64, 'encoder_z_log_var_layer1_unit': 32, 'decoder_layer0_unit': 448, 'decoder_layer1_unit': 160, 'decoder_layer2_unit': 96, 'decoder_layer3_unit': 64, 'decoder_layer4_unit': 192, 'decoder_layer5_unit': 160}. Best is trial 200 with value: 14.215638160705566.
Trial 238 finished with value: 14.217052817344666 and parameters: {'reg_l1': 0.11870306144402387, 'reg_l2': 0.368839379616377, 'learning_rate': 0.005, 'dropout': 0.3092688530140147, 'batch_size': 32, 'encoder_layer0_unit': 256, 'encoder_layer1_unit': 416, 'encoder_layer2_unit': 288, 'encoder_layer3_unit': 160, 'encoder_z_mean_layer0_unit': 64, 'encoder_z_mean_layer1_unit': 32, 'encoder_z_log_var_layer0_unit': 32, 'encoder_z_log_var_layer1_unit': 96, 'decoder_layer0_unit': 416, 'decoder_layer1_unit': 416, 'decoder_layer2_unit': 96, 'decoder_layer3_unit': 480, 'decoder_layer4_unit': 320, 'decoder_layer5_unit': 160}. Best is trial 200 with value: 14.215638160705566.
Trial 239 finished with value: 56.61065626144409 and parameters: {'reg_l1': 0.5017721659988085, 'reg_l2': 0.07870444718567304, 'learning_rate': 0.01, 'dropout': 0.32061545171247235, 'batch_size': 128, 'encoder_layer0_unit': 160, 'encoder_layer1_unit': 320, 'encoder_layer2_unit': 288, 'encoder_layer3_unit': 288, 'encoder_z_mean_layer0_unit': 96, 'encoder_z_mean_layer1_unit': 32, 'encoder_z_log_var_layer0_unit': 64, 'encoder_z_log_var_layer1_unit': 32, 'decoder_layer0_unit': 64, 'decoder_layer1_unit': 448, 'decoder_layer2_unit': 384, 'decoder_layer3_unit': 448, 'decoder_layer4_unit': 320, 'decoder_layer5_unit': 160}. Best is trial 200 with value: 14.215638160705566.
Trial 240 finished with value: 98.90381336212158 and parameters: {'reg_l1': 0.5322521117542164, 'reg_l2': 0.1817348166272721, 'learning_rate': 0.001, 'dropout': 0.2389940659548631, 'batch_size': 224, 'encoder_layer0_unit': 416, 'encoder_layer1_unit': 448, 'encoder_layer2_unit': 160, 'encoder_layer3_unit': 448, 'encoder_z_mean_layer0_unit': 128, 'encoder_z_mean_layer1_unit': 96, 'encoder_z_log_var_layer0_unit': 96, 'encoder_z_log_var_layer1_unit': 128, 'decoder_layer0_unit': 224, 'decoder_layer1_unit': 64, 'decoder_layer2_unit': 64, 'decoder_layer3_unit': 256, 'decoder_layer4_unit': 256, 'decoder_layer5_unit': 32}. Best is trial 200 with value: 14.215638160705566.
Trial 241 finished with value: 98.8096113204956 and parameters: {'reg_l1': 0.8117499452587728, 'reg_l2': 0.6571373647201479, 'learning_rate': 0.001, 'dropout': 0.44214688861028634, 'batch_size': 224, 'encoder_layer0_unit': 192, 'encoder_layer1_unit': 384, 'encoder_layer2_unit': 288, 'encoder_layer3_unit': 128, 'encoder_z_mean_layer0_unit': 128, 'encoder_z_mean_layer1_unit': 96, 'encoder_z_log_var_layer0_unit': 128, 'encoder_z_log_var_layer1_unit': 64, 'decoder_layer0_unit': 448, 'decoder_layer1_unit': 352, 'decoder_layer2_unit': 352, 'decoder_layer3_unit': 192, 'decoder_layer4_unit': 480, 'decoder_layer5_unit': 320}. Best is trial 200 with value: 14.215638160705566.
Trial 242 finished with value: 70.78155517578125 and parameters: {'reg_l1': 0.3332110113114308, 'reg_l2': 0.5881822913739095, 'learning_rate': 0.0001, 'dropout': 0.11106934173055716, 'batch_size': 160, 'encoder_layer0_unit': 480, 'encoder_layer1_unit': 480, 'encoder_layer2_unit': 384, 'encoder_layer3_unit': 224, 'encoder_z_mean_layer0_unit': 128, 'encoder_z_mean_layer1_unit': 32, 'encoder_z_log_var_layer0_unit': 128, 'encoder_z_log_var_layer1_unit': 32, 'decoder_layer0_unit': 96, 'decoder_layer1_unit': 320, 'decoder_layer2_unit': 32, 'decoder_layer3_unit': 256, 'decoder_layer4_unit': 352, 'decoder_layer5_unit': 160}. Best is trial 200 with value: 14.215638160705566.
Trial 243 finished with value: 112.73754501342773 and parameters: {'reg_l1': 0.9751371171279294, 'reg_l2': 0.8384040719111405, 'learning_rate': 0.01, 'dropout': 0.16881062788405093, 'batch_size': 256, 'encoder_layer0_unit': 288, 'encoder_layer1_unit': 480, 'encoder_layer2_unit': 448, 'encoder_layer3_unit': 224, 'encoder_z_mean_layer0_unit': 64, 'encoder_z_mean_layer1_unit': 128, 'encoder_z_log_var_layer0_unit': 96, 'encoder_z_log_var_layer1_unit': 32, 'decoder_layer0_unit': 160, 'decoder_layer1_unit': 224, 'decoder_layer2_unit': 320, 'decoder_layer3_unit': 288, 'decoder_layer4_unit': 352, 'decoder_layer5_unit': 320}. Best is trial 200 with value: 14.215638160705566.
Trial 244 finished with value: 71.08685493469238 and parameters: {'reg_l1': 0.40674799685728014, 'reg_l2': 0.2622152312430158, 'learning_rate': 0.01, 'dropout': 0.31780126071505566, 'batch_size': 160, 'encoder_layer0_unit': 224, 'encoder_layer1_unit': 384, 'encoder_layer2_unit': 320, 'encoder_layer3_unit': 480, 'encoder_z_mean_layer0_unit': 32, 'encoder_z_mean_layer1_unit': 96, 'encoder_z_log_var_layer0_unit': 96, 'encoder_z_log_var_layer1_unit': 32, 'decoder_layer0_unit': 480, 'decoder_layer1_unit': 448, 'decoder_layer2_unit': 352, 'decoder_layer3_unit': 160, 'decoder_layer4_unit': 128, 'decoder_layer5_unit': 384}. Best is trial 200 with value: 14.215638160705566.
Trial 245 finished with value: 14.239588022232056 and parameters: {'reg_l1': 0.30368635501895525, 'reg_l2': 0.0022951553944249303, 'learning_rate': 0.0001, 'dropout': 0.3212134802150409, 'batch_size': 32, 'encoder_layer0_unit': 224, 'encoder_layer1_unit': 352, 'encoder_layer2_unit': 288, 'encoder_layer3_unit': 384, 'encoder_z_mean_layer0_unit': 96, 'encoder_z_mean_layer1_unit': 64, 'encoder_z_log_var_layer0_unit': 128, 'encoder_z_log_var_layer1_unit': 64, 'decoder_layer0_unit': 256, 'decoder_layer1_unit': 96, 'decoder_layer2_unit': 256, 'decoder_layer3_unit': 192, 'decoder_layer4_unit': 416, 'decoder_layer5_unit': 32}. Best is trial 200 with value: 14.215638160705566.
Trial 246 finished with value: 70.84867191314697 and parameters: {'reg_l1': 0.2731729351196568, 'reg_l2': 0.25355874352698315, 'learning_rate': 0.0001, 'dropout': 0.41789015840293353, 'batch_size': 160, 'encoder_layer0_unit': 288, 'encoder_layer1_unit': 480, 'encoder_layer2_unit': 416, 'encoder_layer3_unit': 288, 'encoder_z_mean_layer0_unit': 128, 'encoder_z_mean_layer1_unit': 96, 'encoder_z_log_var_layer0_unit': 64, 'encoder_z_log_var_layer1_unit': 96, 'decoder_layer0_unit': 64, 'decoder_layer1_unit': 256, 'decoder_layer2_unit': 384, 'decoder_layer3_unit': 32, 'decoder_layer4_unit': 320, 'decoder_layer5_unit': 416}. Best is trial 200 with value: 14.215638160705566.
Trial 247 finished with value: 98.94774913787842 and parameters: {'reg_l1': 0.9371148989993469, 'reg_l2': 0.4497773044916371, 'learning_rate': 0.001, 'dropout': 0.22856965358165837, 'batch_size': 224, 'encoder_layer0_unit': 256, 'encoder_layer1_unit': 160, 'encoder_layer2_unit': 352, 'encoder_layer3_unit': 256, 'encoder_z_mean_layer0_unit': 96, 'encoder_z_mean_layer1_unit': 32, 'encoder_z_log_var_layer0_unit': 128, 'encoder_z_log_var_layer1_unit': 64, 'decoder_layer0_unit': 64, 'decoder_layer1_unit': 160, 'decoder_layer2_unit': 192, 'decoder_layer3_unit': 320, 'decoder_layer4_unit': 256, 'decoder_layer5_unit': 192}. Best is trial 200 with value: 14.215638160705566.
Trial 248 finished with value: 112.94523525238037 and parameters: {'reg_l1': 0.7777511218489198, 'reg_l2': 0.7064158062495748, 'learning_rate': 0.0001, 'dropout': 0.20086769279193212, 'batch_size': 256, 'encoder_layer0_unit': 128, 'encoder_layer1_unit': 192, 'encoder_layer2_unit': 352, 'encoder_layer3_unit': 384, 'encoder_z_mean_layer0_unit': 96, 'encoder_z_mean_layer1_unit': 32, 'encoder_z_log_var_layer0_unit': 64, 'encoder_z_log_var_layer1_unit': 32, 'decoder_layer0_unit': 64, 'decoder_layer1_unit': 320, 'decoder_layer2_unit': 352, 'decoder_layer3_unit': 416, 'decoder_layer4_unit': 64, 'decoder_layer5_unit': 160}. Best is trial 200 with value: 14.215638160705566.
Trial 249 finished with value: 42.56232309341431 and parameters: {'reg_l1': 0.012017666466775045, 'reg_l2': 0.08890295448991514, 'learning_rate': 0.001, 'dropout': 0.08305896835925491, 'batch_size': 96, 'encoder_layer0_unit': 480, 'encoder_layer1_unit': 448, 'encoder_layer2_unit': 384, 'encoder_layer3_unit': 128, 'encoder_z_mean_layer0_unit': 32, 'encoder_z_mean_layer1_unit': 96, 'encoder_z_log_var_layer0_unit': 96, 'encoder_z_log_var_layer1_unit': 64, 'decoder_layer0_unit': 320, 'decoder_layer1_unit': 160, 'decoder_layer2_unit': 128, 'decoder_layer3_unit': 64, 'decoder_layer4_unit': 96, 'decoder_layer5_unit': 384}. Best is trial 200 with value: 14.215638160705566.
Trial 250 finished with value: 56.62327766418457 and parameters: {'reg_l1': 0.35627896292888317, 'reg_l2': 0.789976945336923, 'learning_rate': 0.0005, 'dropout': 0.21349851624762356, 'batch_size': 128, 'encoder_layer0_unit': 320, 'encoder_layer1_unit': 160, 'encoder_layer2_unit': 320, 'encoder_layer3_unit': 160, 'encoder_z_mean_layer0_unit': 64, 'encoder_z_mean_layer1_unit': 32, 'encoder_z_log_var_layer0_unit': 96, 'encoder_z_log_var_layer1_unit': 64, 'decoder_layer0_unit': 160, 'decoder_layer1_unit': 416, 'decoder_layer2_unit': 384, 'decoder_layer3_unit': 64, 'decoder_layer4_unit': 384, 'decoder_layer5_unit': 320}. Best is trial 200 with value: 14.215638160705566.
Trial 251 finished with value: 56.622050285339355 and parameters: {'reg_l1': 0.41048682803533365, 'reg_l2': 0.6532239891707342, 'learning_rate': 0.0001, 'dropout': 0.43052549215129854, 'batch_size': 128, 'encoder_layer0_unit': 448, 'encoder_layer1_unit': 224, 'encoder_layer2_unit': 480, 'encoder_layer3_unit': 320, 'encoder_z_mean_layer0_unit': 32, 'encoder_z_mean_layer1_unit': 32, 'encoder_z_log_var_layer0_unit': 64, 'encoder_z_log_var_layer1_unit': 64, 'decoder_layer0_unit': 416, 'decoder_layer1_unit': 384, 'decoder_layer2_unit': 224, 'decoder_layer3_unit': 416, 'decoder_layer4_unit': 448, 'decoder_layer5_unit': 448}. Best is trial 200 with value: 14.215638160705566.
Trial 252 finished with value: 42.555506229400635 and parameters: {'reg_l1': 0.9385079188395735, 'reg_l2': 0.03908899677126787, 'learning_rate': 0.0001, 'dropout': 0.36323184811703496, 'batch_size': 96, 'encoder_layer0_unit': 128, 'encoder_layer1_unit': 480, 'encoder_layer2_unit': 224, 'encoder_layer3_unit': 128, 'encoder_z_mean_layer0_unit': 32, 'encoder_z_mean_layer1_unit': 32, 'encoder_z_log_var_layer0_unit': 96, 'encoder_z_log_var_layer1_unit': 96, 'decoder_layer0_unit': 128, 'decoder_layer1_unit': 480, 'decoder_layer2_unit': 480, 'decoder_layer3_unit': 64, 'decoder_layer4_unit': 320, 'decoder_layer5_unit': 256}. Best is trial 200 with value: 14.215638160705566.
Trial 253 finished with value: 42.547624588012695 and parameters: {'reg_l1': 0.052305750162540465, 'reg_l2': 0.31062081734589253, 'learning_rate': 0.01, 'dropout': 0.009786662433682869, 'batch_size': 96, 'encoder_layer0_unit': 384, 'encoder_layer1_unit': 416, 'encoder_layer2_unit': 256, 'encoder_layer3_unit': 480, 'encoder_z_mean_layer0_unit': 128, 'encoder_z_mean_layer1_unit': 96, 'encoder_z_log_var_layer0_unit': 64, 'encoder_z_log_var_layer1_unit': 32, 'decoder_layer0_unit': 320, 'decoder_layer1_unit': 416, 'decoder_layer2_unit': 384, 'decoder_layer3_unit': 160, 'decoder_layer4_unit': 160, 'decoder_layer5_unit': 256}. Best is trial 200 with value: 14.215638160705566.
Trial 254 finished with value: 42.58686685562134 and parameters: {'reg_l1': 0.4327964167719154, 'reg_l2': 0.1998307502587262, 'learning_rate': 0.001, 'dropout': 0.339029168973449, 'batch_size': 96, 'encoder_layer0_unit': 288, 'encoder_layer1_unit': 448, 'encoder_layer2_unit': 416, 'encoder_layer3_unit': 384, 'encoder_z_mean_layer0_unit': 64, 'encoder_z_mean_layer1_unit': 32, 'encoder_z_log_var_layer0_unit': 64, 'encoder_z_log_var_layer1_unit': 128, 'decoder_layer0_unit': 96, 'decoder_layer1_unit': 192, 'decoder_layer2_unit': 288, 'decoder_layer3_unit': 480, 'decoder_layer4_unit': 320, 'decoder_layer5_unit': 480}. Best is trial 200 with value: 14.215638160705566.
Trial 255 finished with value: 14.21938157081604 and parameters: {'reg_l1': 0.12772408204826924, 'reg_l2': 0.019051521737402988, 'learning_rate': 0.01, 'dropout': 0.2884138011562024, 'batch_size': 32, 'encoder_layer0_unit': 416, 'encoder_layer1_unit': 448, 'encoder_layer2_unit': 224, 'encoder_layer3_unit': 192, 'encoder_z_mean_layer0_unit': 128, 'encoder_z_mean_layer1_unit': 32, 'encoder_z_log_var_layer0_unit': 64, 'encoder_z_log_var_layer1_unit': 96, 'decoder_layer0_unit': 416, 'decoder_layer1_unit': 384, 'decoder_layer2_unit': 480, 'decoder_layer3_unit': 64, 'decoder_layer4_unit': 192, 'decoder_layer5_unit': 416}. Best is trial 200 with value: 14.215638160705566.
