Trial 48 finished with value: 99.06847381591797 and parameters: {'reg_l1': 0.3819538598664498, 'reg_l2': 0.10527043785005685, 'learning_rate': 0.0001, 'dropout': 0.05481608960902157, 'batch_size': 224, 'encoder_layer0_unit': 384, 'encoder_layer1_unit': 128, 'encoder_layer2_unit': 480, 'encoder_layer3_unit': 288, 'encoder_z_mean_layer0_unit': 64, 'encoder_z_mean_layer1_unit': 32, 'encoder_z_log_var_layer0_unit': 128, 'encoder_z_log_var_layer1_unit': 96, 'decoder_layer0_unit': 32, 'decoder_layer1_unit': 320, 'decoder_layer2_unit': 320, 'decoder_layer3_unit': 96, 'decoder_layer4_unit': 32, 'decoder_layer5_unit': 96}. Best is trial 45 with value: 14.216556549072266.
Trial 49 finished with value: 14.219149708747864 and parameters: {'reg_l1': 0.0798873640862543, 'reg_l2': 0.03828642157832396, 'learning_rate': 0.0005, 'dropout': 0.11798218354737822, 'batch_size': 32, 'encoder_layer0_unit': 320, 'encoder_layer1_unit': 224, 'encoder_layer2_unit': 224, 'encoder_layer3_unit': 224, 'encoder_z_mean_layer0_unit': 128, 'encoder_z_mean_layer1_unit': 96, 'encoder_z_log_var_layer0_unit': 64, 'encoder_z_log_var_layer1_unit': 96, 'decoder_layer0_unit': 64, 'decoder_layer1_unit': 192, 'decoder_layer2_unit': 32, 'decoder_layer3_unit': 96, 'decoder_layer4_unit': 160, 'decoder_layer5_unit': 352}. Best is trial 45 with value: 14.216556549072266.
Trial 50 finished with value: 99.39621162414551 and parameters: {'reg_l1': 0.06912540781844645, 'reg_l2': 0.01799998513140133, 'learning_rate': 0.001, 'dropout': 0.06242191632368871, 'batch_size': 224, 'encoder_layer0_unit': 384, 'encoder_layer1_unit': 320, 'encoder_layer2_unit': 160, 'encoder_layer3_unit': 416, 'encoder_z_mean_layer0_unit': 96, 'encoder_z_mean_layer1_unit': 32, 'encoder_z_log_var_layer0_unit': 64, 'encoder_z_log_var_layer1_unit': 32, 'decoder_layer0_unit': 416, 'decoder_layer1_unit': 448, 'decoder_layer2_unit': 192, 'decoder_layer3_unit': 160, 'decoder_layer4_unit': 160, 'decoder_layer5_unit': 64}. Best is trial 45 with value: 14.216556549072266.
Trial 51 finished with value: 14.218150973320007 and parameters: {'reg_l1': 0.6163693311620002, 'reg_l2': 0.7183898580922681, 'learning_rate': 0.01, 'dropout': 0.07044758801922496, 'batch_size': 32, 'encoder_layer0_unit': 352, 'encoder_layer1_unit': 224, 'encoder_layer2_unit': 160, 'encoder_layer3_unit': 256, 'encoder_z_mean_layer0_unit': 128, 'encoder_z_mean_layer1_unit': 96, 'encoder_z_log_var_layer0_unit': 96, 'encoder_z_log_var_layer1_unit': 32, 'decoder_layer0_unit': 256, 'decoder_layer1_unit': 448, 'decoder_layer2_unit': 416, 'decoder_layer3_unit': 224, 'decoder_layer4_unit': 416, 'decoder_layer5_unit': 448}. Best is trial 45 with value: 14.216556549072266.
Trial 52 finished with value: 28.445970058441162 and parameters: {'reg_l1': 0.49512567533303875, 'reg_l2': 0.6165077344955774, 'learning_rate': 0.005, 'dropout': 0.0709618244834695, 'batch_size': 64, 'encoder_layer0_unit': 128, 'encoder_layer1_unit': 224, 'encoder_layer2_unit': 448, 'encoder_layer3_unit': 480, 'encoder_z_mean_layer0_unit': 64, 'encoder_z_mean_layer1_unit': 128, 'encoder_z_log_var_layer0_unit': 96, 'encoder_z_log_var_layer1_unit': 128, 'decoder_layer0_unit': 160, 'decoder_layer1_unit': 64, 'decoder_layer2_unit': 352, 'decoder_layer3_unit': 128, 'decoder_layer4_unit': 256, 'decoder_layer5_unit': 384}. Best is trial 45 with value: 14.216556549072266.
Trial 53 finished with value: 28.473418712615967 and parameters: {'reg_l1': 0.3884043032666341, 'reg_l2': 0.08623345678556826, 'learning_rate': 0.001, 'dropout': 0.29054417443206376, 'batch_size': 64, 'encoder_layer0_unit': 128, 'encoder_layer1_unit': 448, 'encoder_layer2_unit': 320, 'encoder_layer3_unit': 480, 'encoder_z_mean_layer0_unit': 128, 'encoder_z_mean_layer1_unit': 64, 'encoder_z_log_var_layer0_unit': 64, 'encoder_z_log_var_layer1_unit': 64, 'decoder_layer0_unit': 128, 'decoder_layer1_unit': 352, 'decoder_layer2_unit': 128, 'decoder_layer3_unit': 384, 'decoder_layer4_unit': 32, 'decoder_layer5_unit': 480}. Best is trial 45 with value: 14.216556549072266.
Trial 54 finished with value: 70.79399681091309 and parameters: {'reg_l1': 0.4626600540434107, 'reg_l2': 0.2664469509160655, 'learning_rate': 0.0005, 'dropout': 0.2256746615664399, 'batch_size': 160, 'encoder_layer0_unit': 448, 'encoder_layer1_unit': 288, 'encoder_layer2_unit': 480, 'encoder_layer3_unit': 160, 'encoder_z_mean_layer0_unit': 32, 'encoder_z_mean_layer1_unit': 64, 'encoder_z_log_var_layer0_unit': 32, 'encoder_z_log_var_layer1_unit': 128, 'decoder_layer0_unit': 192, 'decoder_layer1_unit': 64, 'decoder_layer2_unit': 224, 'decoder_layer3_unit': 256, 'decoder_layer4_unit': 128, 'decoder_layer5_unit': 448}. Best is trial 45 with value: 14.216556549072266.
Trial 55 finished with value: 42.57615089416504 and parameters: {'reg_l1': 0.10111496898255168, 'reg_l2': 0.31784965888441186, 'learning_rate': 0.0005, 'dropout': 0.23560376356374518, 'batch_size': 96, 'encoder_layer0_unit': 128, 'encoder_layer1_unit': 224, 'encoder_layer2_unit': 352, 'encoder_layer3_unit': 192, 'encoder_z_mean_layer0_unit': 128, 'encoder_z_mean_layer1_unit': 32, 'encoder_z_log_var_layer0_unit': 128, 'encoder_z_log_var_layer1_unit': 128, 'decoder_layer0_unit': 352, 'decoder_layer1_unit': 288, 'decoder_layer2_unit': 160, 'decoder_layer3_unit': 480, 'decoder_layer4_unit': 32, 'decoder_layer5_unit': 320}. Best is trial 45 with value: 14.216556549072266.
Trial 56 finished with value: 42.55713891983032 and parameters: {'reg_l1': 0.7769717226175852, 'reg_l2': 0.40765637200200544, 'learning_rate': 0.001, 'dropout': 0.062382323875697476, 'batch_size': 96, 'encoder_layer0_unit': 160, 'encoder_layer1_unit': 256, 'encoder_layer2_unit': 224, 'encoder_layer3_unit': 480, 'encoder_z_mean_layer0_unit': 64, 'encoder_z_mean_layer1_unit': 64, 'encoder_z_log_var_layer0_unit': 64, 'encoder_z_log_var_layer1_unit': 96, 'decoder_layer0_unit': 32, 'decoder_layer1_unit': 96, 'decoder_layer2_unit': 416, 'decoder_layer3_unit': 480, 'decoder_layer4_unit': 288, 'decoder_layer5_unit': 160}. Best is trial 45 with value: 14.216556549072266.
Trial 57 finished with value: 98.96479988098145 and parameters: {'reg_l1': 0.8374399118324124, 'reg_l2': 0.11257924313094392, 'learning_rate': 0.001, 'dropout': 0.3526827630584072, 'batch_size': 224, 'encoder_layer0_unit': 480, 'encoder_layer1_unit': 320, 'encoder_layer2_unit': 320, 'encoder_layer3_unit': 192, 'encoder_z_mean_layer0_unit': 32, 'encoder_z_mean_layer1_unit': 96, 'encoder_z_log_var_layer0_unit': 32, 'encoder_z_log_var_layer1_unit': 96, 'decoder_layer0_unit': 128, 'decoder_layer1_unit': 288, 'decoder_layer2_unit': 256, 'decoder_layer3_unit': 480, 'decoder_layer4_unit': 64, 'decoder_layer5_unit': 352}. Best is trial 45 with value: 14.216556549072266.
Trial 58 finished with value: 98.80281066894531 and parameters: {'reg_l1': 0.8809218632577464, 'reg_l2': 0.4931644046263247, 'learning_rate': 0.0005, 'dropout': 0.15484811473278304, 'batch_size': 224, 'encoder_layer0_unit': 256, 'encoder_layer1_unit': 128, 'encoder_layer2_unit': 256, 'encoder_layer3_unit': 128, 'encoder_z_mean_layer0_unit': 64, 'encoder_z_mean_layer1_unit': 32, 'encoder_z_log_var_layer0_unit': 32, 'encoder_z_log_var_layer1_unit': 96, 'decoder_layer0_unit': 32, 'decoder_layer1_unit': 192, 'decoder_layer2_unit': 96, 'decoder_layer3_unit': 384, 'decoder_layer4_unit': 320, 'decoder_layer5_unit': 352}. Best is trial 45 with value: 14.216556549072266.
Trial 59 finished with value: 56.70157766342163 and parameters: {'reg_l1': 0.48024084092581865, 'reg_l2': 0.008689739523636275, 'learning_rate': 0.0001, 'dropout': 0.15085686996230985, 'batch_size': 128, 'encoder_layer0_unit': 320, 'encoder_layer1_unit': 320, 'encoder_layer2_unit': 416, 'encoder_layer3_unit': 192, 'encoder_z_mean_layer0_unit': 32, 'encoder_z_mean_layer1_unit': 64, 'encoder_z_log_var_layer0_unit': 96, 'encoder_z_log_var_layer1_unit': 64, 'decoder_layer0_unit': 480, 'decoder_layer1_unit': 128, 'decoder_layer2_unit': 64, 'decoder_layer3_unit': 480, 'decoder_layer4_unit': 192, 'decoder_layer5_unit': 192}. Best is trial 45 with value: 14.216556549072266.
Trial 60 finished with value: 112.28527164459229 and parameters: {'reg_l1': 0.8944663097529817, 'reg_l2': 0.25105012420876416, 'learning_rate': 0.01, 'dropout': 0.024470532499444864, 'batch_size': 256, 'encoder_layer0_unit': 448, 'encoder_layer1_unit': 448, 'encoder_layer2_unit': 384, 'encoder_layer3_unit': 416, 'encoder_z_mean_layer0_unit': 96, 'encoder_z_mean_layer1_unit': 128, 'encoder_z_log_var_layer0_unit': 128, 'encoder_z_log_var_layer1_unit': 64, 'decoder_layer0_unit': 288, 'decoder_layer1_unit': 128, 'decoder_layer2_unit': 192, 'decoder_layer3_unit': 448, 'decoder_layer4_unit': 480, 'decoder_layer5_unit': 32}. Best is trial 45 with value: 14.216556549072266.
Trial 61 finished with value: 70.89943313598633 and parameters: {'reg_l1': 0.4888744296427069, 'reg_l2': 0.420752475560903, 'learning_rate': 0.01, 'dropout': 0.20342728567325857, 'batch_size': 160, 'encoder_layer0_unit': 160, 'encoder_layer1_unit': 224, 'encoder_layer2_unit': 320, 'encoder_layer3_unit': 448, 'encoder_z_mean_layer0_unit': 32, 'encoder_z_mean_layer1_unit': 96, 'encoder_z_log_var_layer0_unit': 128, 'encoder_z_log_var_layer1_unit': 128, 'decoder_layer0_unit': 352, 'decoder_layer1_unit': 256, 'decoder_layer2_unit': 96, 'decoder_layer3_unit': 384, 'decoder_layer4_unit': 384, 'decoder_layer5_unit': 448}. Best is trial 45 with value: 14.216556549072266.
Trial 62 finished with value: 56.70027446746826 and parameters: {'reg_l1': 0.7113952243375693, 'reg_l2': 0.745664230545483, 'learning_rate': 0.0001, 'dropout': 0.32763042138144033, 'batch_size': 128, 'encoder_layer0_unit': 480, 'encoder_layer1_unit': 416, 'encoder_layer2_unit': 416, 'encoder_layer3_unit': 320, 'encoder_z_mean_layer0_unit': 96, 'encoder_z_mean_layer1_unit': 128, 'encoder_z_log_var_layer0_unit': 128, 'encoder_z_log_var_layer1_unit': 64, 'decoder_layer0_unit': 256, 'decoder_layer1_unit': 256, 'decoder_layer2_unit': 384, 'decoder_layer3_unit': 160, 'decoder_layer4_unit': 480, 'decoder_layer5_unit': 192}. Best is trial 45 with value: 14.216556549072266.
Trial 63 finished with value: 84.74724102020264 and parameters: {'reg_l1': 0.7612249031471457, 'reg_l2': 0.45445373009393986, 'learning_rate': 0.001, 'dropout': 0.31325353689691476, 'batch_size': 192, 'encoder_layer0_unit': 384, 'encoder_layer1_unit': 416, 'encoder_layer2_unit': 384, 'encoder_layer3_unit': 128, 'encoder_z_mean_layer0_unit': 128, 'encoder_z_mean_layer1_unit': 32, 'encoder_z_log_var_layer0_unit': 128, 'encoder_z_log_var_layer1_unit': 128, 'decoder_layer0_unit': 256, 'decoder_layer1_unit': 192, 'decoder_layer2_unit': 256, 'decoder_layer3_unit': 96, 'decoder_layer4_unit': 448, 'decoder_layer5_unit': 128}. Best is trial 45 with value: 14.216556549072266.
Trial 64 finished with value: 42.57280206680298 and parameters: {'reg_l1': 0.38500047625978506, 'reg_l2': 0.413642576248619, 'learning_rate': 0.0005, 'dropout': 0.02000255164724446, 'batch_size': 96, 'encoder_layer0_unit': 480, 'encoder_layer1_unit': 416, 'encoder_layer2_unit': 352, 'encoder_layer3_unit': 416, 'encoder_z_mean_layer0_unit': 32, 'encoder_z_mean_layer1_unit': 32, 'encoder_z_log_var_layer0_unit': 128, 'encoder_z_log_var_layer1_unit': 64, 'decoder_layer0_unit': 448, 'decoder_layer1_unit': 448, 'decoder_layer2_unit': 352, 'decoder_layer3_unit': 448, 'decoder_layer4_unit': 256, 'decoder_layer5_unit': 32}. Best is trial 45 with value: 14.216556549072266.
Trial 65 finished with value: 28.43762493133545 and parameters: {'reg_l1': 0.22639488359875592, 'reg_l2': 0.9151657640080991, 'learning_rate': 0.001, 'dropout': 0.12316532635913935, 'batch_size': 64, 'encoder_layer0_unit': 352, 'encoder_layer1_unit': 384, 'encoder_layer2_unit': 320, 'encoder_layer3_unit': 160, 'encoder_z_mean_layer0_unit': 32, 'encoder_z_mean_layer1_unit': 96, 'encoder_z_log_var_layer0_unit': 64, 'encoder_z_log_var_layer1_unit': 128, 'decoder_layer0_unit': 224, 'decoder_layer1_unit': 64, 'decoder_layer2_unit': 480, 'decoder_layer3_unit': 96, 'decoder_layer4_unit': 352, 'decoder_layer5_unit': 192}. Best is trial 45 with value: 14.216556549072266.
Trial 66 finished with value: 112.315016746521 and parameters: {'reg_l1': 0.3481448704600242, 'reg_l2': 0.5766797278438368, 'learning_rate': 0.005, 'dropout': 0.027302958059164883, 'batch_size': 256, 'encoder_layer0_unit': 256, 'encoder_layer1_unit': 352, 'encoder_layer2_unit': 480, 'encoder_layer3_unit': 288, 'encoder_z_mean_layer0_unit': 128, 'encoder_z_mean_layer1_unit': 128, 'encoder_z_log_var_layer0_unit': 32, 'encoder_z_log_var_layer1_unit': 96, 'decoder_layer0_unit': 32, 'decoder_layer1_unit': 64, 'decoder_layer2_unit': 352, 'decoder_layer3_unit': 160, 'decoder_layer4_unit': 224, 'decoder_layer5_unit': 256}. Best is trial 45 with value: 14.216556549072266.
Trial 67 finished with value: 71.07830142974854 and parameters: {'reg_l1': 0.5559275978710292, 'reg_l2': 0.9616900696005791, 'learning_rate': 0.01, 'dropout': 0.33464594919602686, 'batch_size': 160, 'encoder_layer0_unit': 256, 'encoder_layer1_unit': 224, 'encoder_layer2_unit': 352, 'encoder_layer3_unit': 320, 'encoder_z_mean_layer0_unit': 96, 'encoder_z_mean_layer1_unit': 32, 'encoder_z_log_var_layer0_unit': 64, 'encoder_z_log_var_layer1_unit': 128, 'decoder_layer0_unit': 64, 'decoder_layer1_unit': 352, 'decoder_layer2_unit': 480, 'decoder_layer3_unit': 288, 'decoder_layer4_unit': 480, 'decoder_layer5_unit': 192}. Best is trial 45 with value: 14.216556549072266.
Trial 68 finished with value: 56.65779256820679 and parameters: {'reg_l1': 0.5990240181060167, 'reg_l2': 0.06352268026409102, 'learning_rate': 0.0001, 'dropout': 0.34031700143923754, 'batch_size': 128, 'encoder_layer0_unit': 448, 'encoder_layer1_unit': 320, 'encoder_layer2_unit': 160, 'encoder_layer3_unit': 352, 'encoder_z_mean_layer0_unit': 64, 'encoder_z_mean_layer1_unit': 96, 'encoder_z_log_var_layer0_unit': 128, 'encoder_z_log_var_layer1_unit': 96, 'decoder_layer0_unit': 288, 'decoder_layer1_unit': 416, 'decoder_layer2_unit': 96, 'decoder_layer3_unit': 32, 'decoder_layer4_unit': 416, 'decoder_layer5_unit': 352}. Best is trial 45 with value: 14.216556549072266.
Trial 69 finished with value: 70.72136306762695 and parameters: {'reg_l1': 0.804392267944789, 'reg_l2': 0.10618513402355179, 'learning_rate': 0.0005, 'dropout': 0.3481521514036939, 'batch_size': 160, 'encoder_layer0_unit': 224, 'encoder_layer1_unit': 352, 'encoder_layer2_unit': 352, 'encoder_layer3_unit': 128, 'encoder_z_mean_layer0_unit': 32, 'encoder_z_mean_layer1_unit': 32, 'encoder_z_log_var_layer0_unit': 96, 'encoder_z_log_var_layer1_unit': 32, 'decoder_layer0_unit': 384, 'decoder_layer1_unit': 32, 'decoder_layer2_unit': 192, 'decoder_layer3_unit': 224, 'decoder_layer4_unit': 416, 'decoder_layer5_unit': 128}. Best is trial 45 with value: 14.216556549072266.
Trial 70 finished with value: 42.560465812683105 and parameters: {'reg_l1': 0.023746579373713383, 'reg_l2': 0.3475245855419641, 'learning_rate': 0.0001, 'dropout': 0.46234549229444316, 'batch_size': 96, 'encoder_layer0_unit': 352, 'encoder_layer1_unit': 448, 'encoder_layer2_unit': 160, 'encoder_layer3_unit': 352, 'encoder_z_mean_layer0_unit': 32, 'encoder_z_mean_layer1_unit': 64, 'encoder_z_log_var_layer0_unit': 96, 'encoder_z_log_var_layer1_unit': 32, 'decoder_layer0_unit': 320, 'decoder_layer1_unit': 160, 'decoder_layer2_unit': 320, 'decoder_layer3_unit': 160, 'decoder_layer4_unit': 384, 'decoder_layer5_unit': 320}. Best is trial 45 with value: 14.216556549072266.
Trial 71 finished with value: 112.41875076293945 and parameters: {'reg_l1': 0.9010370305055527, 'reg_l2': 0.6215944328951499, 'learning_rate': 0.001, 'dropout': 0.4391443289461647, 'batch_size': 256, 'encoder_layer0_unit': 128, 'encoder_layer1_unit': 448, 'encoder_layer2_unit': 288, 'encoder_layer3_unit': 256, 'encoder_z_mean_layer0_unit': 128, 'encoder_z_mean_layer1_unit': 128, 'encoder_z_log_var_layer0_unit': 64, 'encoder_z_log_var_layer1_unit': 32, 'decoder_layer0_unit': 480, 'decoder_layer1_unit': 192, 'decoder_layer2_unit': 160, 'decoder_layer3_unit': 416, 'decoder_layer4_unit': 192, 'decoder_layer5_unit': 448}. Best is trial 45 with value: 14.216556549072266.
Trial 72 finished with value: 98.90760898590088 and parameters: {'reg_l1': 0.23545721838807743, 'reg_l2': 0.3342081986705068, 'learning_rate': 0.0001, 'dropout': 0.47484861004722023, 'batch_size': 224, 'encoder_layer0_unit': 480, 'encoder_layer1_unit': 384, 'encoder_layer2_unit': 320, 'encoder_layer3_unit': 448, 'encoder_z_mean_layer0_unit': 128, 'encoder_z_mean_layer1_unit': 64, 'encoder_z_log_var_layer0_unit': 32, 'encoder_z_log_var_layer1_unit': 64, 'decoder_layer0_unit': 320, 'decoder_layer1_unit': 256, 'decoder_layer2_unit': 96, 'decoder_layer3_unit': 64, 'decoder_layer4_unit': 32, 'decoder_layer5_unit': 224}. Best is trial 45 with value: 14.216556549072266.
Trial 73 finished with value: 112.86485290527344 and parameters: {'reg_l1': 0.6330732965709752, 'reg_l2': 0.5805984384775755, 'learning_rate': 0.01, 'dropout': 0.3046889540649729, 'batch_size': 256, 'encoder_layer0_unit': 384, 'encoder_layer1_unit': 160, 'encoder_layer2_unit': 288, 'encoder_layer3_unit': 320, 'encoder_z_mean_layer0_unit': 32, 'encoder_z_mean_layer1_unit': 96, 'encoder_z_log_var_layer0_unit': 96, 'encoder_z_log_var_layer1_unit': 64, 'decoder_layer0_unit': 384, 'decoder_layer1_unit': 224, 'decoder_layer2_unit': 128, 'decoder_layer3_unit': 96, 'decoder_layer4_unit': 160, 'decoder_layer5_unit': 64}. Best is trial 45 with value: 14.216556549072266.
Trial 74 finished with value: 71.09537887573242 and parameters: {'reg_l1': 0.813614950071832, 'reg_l2': 0.022856036129675683, 'learning_rate': 0.005, 'dropout': 0.33086520338282566, 'batch_size': 160, 'encoder_layer0_unit': 416, 'encoder_layer1_unit': 160, 'encoder_layer2_unit': 384, 'encoder_layer3_unit': 256, 'encoder_z_mean_layer0_unit': 96, 'encoder_z_mean_layer1_unit': 128, 'encoder_z_log_var_layer0_unit': 96, 'encoder_z_log_var_layer1_unit': 32, 'decoder_layer0_unit': 192, 'decoder_layer1_unit': 96, 'decoder_layer2_unit': 288, 'decoder_layer3_unit': 256, 'decoder_layer4_unit': 224, 'decoder_layer5_unit': 352}. Best is trial 45 with value: 14.216556549072266.
Trial 75 finished with value: 28.44599485397339 and parameters: {'reg_l1': 0.7336418670700653, 'reg_l2': 0.6317613551233976, 'learning_rate': 0.01, 'dropout': 0.08295012915572686, 'batch_size': 64, 'encoder_layer0_unit': 256, 'encoder_layer1_unit': 352, 'encoder_layer2_unit': 448, 'encoder_layer3_unit': 480, 'encoder_z_mean_layer0_unit': 64, 'encoder_z_mean_layer1_unit': 96, 'encoder_z_log_var_layer0_unit': 128, 'encoder_z_log_var_layer1_unit': 64, 'decoder_layer0_unit': 64, 'decoder_layer1_unit': 416, 'decoder_layer2_unit': 480, 'decoder_layer3_unit': 224, 'decoder_layer4_unit': 96, 'decoder_layer5_unit': 416}. Best is trial 45 with value: 14.216556549072266.
Trial 76 finished with value: 98.92270088195801 and parameters: {'reg_l1': 0.1161915975256208, 'reg_l2': 0.972085847831275, 'learning_rate': 0.005, 'dropout': 0.27932453499797716, 'batch_size': 224, 'encoder_layer0_unit': 384, 'encoder_layer1_unit': 448, 'encoder_layer2_unit': 352, 'encoder_layer3_unit': 160, 'encoder_z_mean_layer0_unit': 32, 'encoder_z_mean_layer1_unit': 96, 'encoder_z_log_var_layer0_unit': 64, 'encoder_z_log_var_layer1_unit': 128, 'decoder_layer0_unit': 160, 'decoder_layer1_unit': 256, 'decoder_layer2_unit': 224, 'decoder_layer3_unit': 448, 'decoder_layer4_unit': 128, 'decoder_layer5_unit': 192}. Best is trial 45 with value: 14.216556549072266.
Trial 77 finished with value: 28.443481922149658 and parameters: {'reg_l1': 0.7640118655216489, 'reg_l2': 0.0959250539347889, 'learning_rate': 0.001, 'dropout': 0.41820873044074613, 'batch_size': 64, 'encoder_layer0_unit': 128, 'encoder_layer1_unit': 256, 'encoder_layer2_unit': 160, 'encoder_layer3_unit': 160, 'encoder_z_mean_layer0_unit': 32, 'encoder_z_mean_layer1_unit': 128, 'encoder_z_log_var_layer0_unit': 128, 'encoder_z_log_var_layer1_unit': 128, 'decoder_layer0_unit': 384, 'decoder_layer1_unit': 480, 'decoder_layer2_unit': 480, 'decoder_layer3_unit': 384, 'decoder_layer4_unit': 256, 'decoder_layer5_unit': 416}. Best is trial 45 with value: 14.216556549072266.
Trial 78 finished with value: 70.69476890563965 and parameters: {'reg_l1': 0.4424235908437394, 'reg_l2': 0.6853218130130722, 'learning_rate': 0.0005, 'dropout': 0.15266210198978547, 'batch_size': 160, 'encoder_layer0_unit': 416, 'encoder_layer1_unit': 256, 'encoder_layer2_unit': 160, 'encoder_layer3_unit': 160, 'encoder_z_mean_layer0_unit': 96, 'encoder_z_mean_layer1_unit': 64, 'encoder_z_log_var_layer0_unit': 64, 'encoder_z_log_var_layer1_unit': 96, 'decoder_layer0_unit': 288, 'decoder_layer1_unit': 224, 'decoder_layer2_unit': 96, 'decoder_layer3_unit': 288, 'decoder_layer4_unit': 256, 'decoder_layer5_unit': 384}. Best is trial 45 with value: 14.216556549072266.
Trial 79 finished with value: 70.71716213226318 and parameters: {'reg_l1': 0.7446240794542075, 'reg_l2': 0.8224609834000741, 'learning_rate': 0.001, 'dropout': 0.378984375532365, 'batch_size': 160, 'encoder_layer0_unit': 352, 'encoder_layer1_unit': 384, 'encoder_layer2_unit': 192, 'encoder_layer3_unit': 160, 'encoder_z_mean_layer0_unit': 64, 'encoder_z_mean_layer1_unit': 64, 'encoder_z_log_var_layer0_unit': 32, 'encoder_z_log_var_layer1_unit': 64, 'decoder_layer0_unit': 480, 'decoder_layer1_unit': 160, 'decoder_layer2_unit': 96, 'decoder_layer3_unit': 224, 'decoder_layer4_unit': 416, 'decoder_layer5_unit': 288}. Best is trial 45 with value: 14.216556549072266.
