Trial 144 finished with value: 14.224852681159973 and parameters: {'reg_l1': 0.3733797879813462, 'reg_l2': 0.21233767066500064, 'learning_rate': 0.005, 'dropout': 0.3504932884912205, 'batch_size': 32, 'encoder_layer0_unit': 160, 'encoder_layer1_unit': 256, 'encoder_layer2_unit': 288, 'encoder_layer3_unit': 448, 'encoder_z_mean_layer0_unit': 96, 'encoder_z_mean_layer1_unit': 32, 'encoder_z_log_var_layer0_unit': 32, 'encoder_z_log_var_layer1_unit': 128, 'decoder_layer0_unit': 448, 'decoder_layer1_unit': 160, 'decoder_layer2_unit': 352, 'decoder_layer3_unit': 288, 'decoder_layer4_unit': 224, 'decoder_layer5_unit': 320}. Best is trial 45 with value: 14.216556549072266.
Trial 145 finished with value: 14.224888563156128 and parameters: {'reg_l1': 0.8399392357160568, 'reg_l2': 0.5134414230772739, 'learning_rate': 0.01, 'dropout': 0.3670987958978203, 'batch_size': 32, 'encoder_layer0_unit': 384, 'encoder_layer1_unit': 128, 'encoder_layer2_unit': 160, 'encoder_layer3_unit': 128, 'encoder_z_mean_layer0_unit': 96, 'encoder_z_mean_layer1_unit': 32, 'encoder_z_log_var_layer0_unit': 32, 'encoder_z_log_var_layer1_unit': 32, 'decoder_layer0_unit': 288, 'decoder_layer1_unit': 288, 'decoder_layer2_unit': 224, 'decoder_layer3_unit': 64, 'decoder_layer4_unit': 128, 'decoder_layer5_unit': 384}. Best is trial 45 with value: 14.216556549072266.
Trial 146 finished with value: 14.222111821174622 and parameters: {'reg_l1': 0.6627454822527336, 'reg_l2': 0.11371277447049699, 'learning_rate': 0.001, 'dropout': 0.050977612900989455, 'batch_size': 32, 'encoder_layer0_unit': 448, 'encoder_layer1_unit': 160, 'encoder_layer2_unit': 448, 'encoder_layer3_unit': 416, 'encoder_z_mean_layer0_unit': 128, 'encoder_z_mean_layer1_unit': 96, 'encoder_z_log_var_layer0_unit': 64, 'encoder_z_log_var_layer1_unit': 64, 'decoder_layer0_unit': 32, 'decoder_layer1_unit': 224, 'decoder_layer2_unit': 384, 'decoder_layer3_unit': 128, 'decoder_layer4_unit': 96, 'decoder_layer5_unit': 128}. Best is trial 45 with value: 14.216556549072266.
Trial 147 finished with value: 98.3458251953125 and parameters: {'reg_l1': 0.4134565865276846, 'reg_l2': 0.44883105466494233, 'learning_rate': 0.01, 'dropout': 0.4223970589248651, 'batch_size': 224, 'encoder_layer0_unit': 192, 'encoder_layer1_unit': 320, 'encoder_layer2_unit': 192, 'encoder_layer3_unit': 256, 'encoder_z_mean_layer0_unit': 96, 'encoder_z_mean_layer1_unit': 64, 'encoder_z_log_var_layer0_unit': 96, 'encoder_z_log_var_layer1_unit': 96, 'decoder_layer0_unit': 64, 'decoder_layer1_unit': 96, 'decoder_layer2_unit': 192, 'decoder_layer3_unit': 480, 'decoder_layer4_unit': 288, 'decoder_layer5_unit': 320}. Best is trial 45 with value: 14.216556549072266.
Trial 148 finished with value: 28.43038558959961 and parameters: {'reg_l1': 0.8158038349875889, 'reg_l2': 0.4962949986966497, 'learning_rate': 0.0005, 'dropout': 0.10737093942288145, 'batch_size': 64, 'encoder_layer0_unit': 352, 'encoder_layer1_unit': 448, 'encoder_layer2_unit': 448, 'encoder_layer3_unit': 288, 'encoder_z_mean_layer0_unit': 128, 'encoder_z_mean_layer1_unit': 128, 'encoder_z_log_var_layer0_unit': 96, 'encoder_z_log_var_layer1_unit': 128, 'decoder_layer0_unit': 352, 'decoder_layer1_unit': 256, 'decoder_layer2_unit': 352, 'decoder_layer3_unit': 448, 'decoder_layer4_unit': 64, 'decoder_layer5_unit': 320}. Best is trial 45 with value: 14.216556549072266.
Trial 149 finished with value: 112.22032451629639 and parameters: {'reg_l1': 0.8630437352060115, 'reg_l2': 0.8960171745666476, 'learning_rate': 0.01, 'dropout': 0.23042235979173958, 'batch_size': 256, 'encoder_layer0_unit': 480, 'encoder_layer1_unit': 256, 'encoder_layer2_unit': 480, 'encoder_layer3_unit': 448, 'encoder_z_mean_layer0_unit': 96, 'encoder_z_mean_layer1_unit': 128, 'encoder_z_log_var_layer0_unit': 128, 'encoder_z_log_var_layer1_unit': 128, 'decoder_layer0_unit': 192, 'decoder_layer1_unit': 64, 'decoder_layer2_unit': 64, 'decoder_layer3_unit': 288, 'decoder_layer4_unit': 32, 'decoder_layer5_unit': 448}. Best is trial 45 with value: 14.216556549072266.
Trial 150 finished with value: 70.63784980773926 and parameters: {'reg_l1': 0.838679160271251, 'reg_l2': 0.6189303506435117, 'learning_rate': 0.0005, 'dropout': 0.2953999324346563, 'batch_size': 160, 'encoder_layer0_unit': 352, 'encoder_layer1_unit': 384, 'encoder_layer2_unit': 192, 'encoder_layer3_unit': 192, 'encoder_z_mean_layer0_unit': 64, 'encoder_z_mean_layer1_unit': 96, 'encoder_z_log_var_layer0_unit': 96, 'encoder_z_log_var_layer1_unit': 32, 'decoder_layer0_unit': 32, 'decoder_layer1_unit': 64, 'decoder_layer2_unit': 480, 'decoder_layer3_unit': 128, 'decoder_layer4_unit': 320, 'decoder_layer5_unit': 96}. Best is trial 45 with value: 14.216556549072266.
Trial 151 finished with value: 84.82398223876953 and parameters: {'reg_l1': 0.8576792112584274, 'reg_l2': 0.25934387872326425, 'learning_rate': 0.0001, 'dropout': 0.01712348365580163, 'batch_size': 192, 'encoder_layer0_unit': 448, 'encoder_layer1_unit': 448, 'encoder_layer2_unit': 192, 'encoder_layer3_unit': 256, 'encoder_z_mean_layer0_unit': 64, 'encoder_z_mean_layer1_unit': 128, 'encoder_z_log_var_layer0_unit': 32, 'encoder_z_log_var_layer1_unit': 128, 'decoder_layer0_unit': 288, 'decoder_layer1_unit': 32, 'decoder_layer2_unit': 448, 'decoder_layer3_unit': 288, 'decoder_layer4_unit': 288, 'decoder_layer5_unit': 64}. Best is trial 45 with value: 14.216556549072266.
Trial 152 finished with value: 56.653894901275635 and parameters: {'reg_l1': 0.005266858821145193, 'reg_l2': 0.7307234423306015, 'learning_rate': 0.001, 'dropout': 0.24453021800492325, 'batch_size': 128, 'encoder_layer0_unit': 448, 'encoder_layer1_unit': 352, 'encoder_layer2_unit': 160, 'encoder_layer3_unit': 224, 'encoder_z_mean_layer0_unit': 64, 'encoder_z_mean_layer1_unit': 32, 'encoder_z_log_var_layer0_unit': 32, 'encoder_z_log_var_layer1_unit': 64, 'decoder_layer0_unit': 96, 'decoder_layer1_unit': 320, 'decoder_layer2_unit': 256, 'decoder_layer3_unit': 480, 'decoder_layer4_unit': 416, 'decoder_layer5_unit': 352}. Best is trial 45 with value: 14.216556549072266.
Trial 153 finished with value: 84.822998046875 and parameters: {'reg_l1': 0.6838056818123388, 'reg_l2': 0.5098992253162996, 'learning_rate': 0.0001, 'dropout': 0.2484729150124645, 'batch_size': 192, 'encoder_layer0_unit': 288, 'encoder_layer1_unit': 448, 'encoder_layer2_unit': 320, 'encoder_layer3_unit': 224, 'encoder_z_mean_layer0_unit': 64, 'encoder_z_mean_layer1_unit': 128, 'encoder_z_log_var_layer0_unit': 96, 'encoder_z_log_var_layer1_unit': 64, 'decoder_layer0_unit': 288, 'decoder_layer1_unit': 352, 'decoder_layer2_unit': 416, 'decoder_layer3_unit': 448, 'decoder_layer4_unit': 224, 'decoder_layer5_unit': 384}. Best is trial 45 with value: 14.216556549072266.
Trial 154 finished with value: 70.81533432006836 and parameters: {'reg_l1': 0.9745692663786892, 'reg_l2': 0.9683036450844472, 'learning_rate': 0.0001, 'dropout': 0.17771644248062485, 'batch_size': 160, 'encoder_layer0_unit': 480, 'encoder_layer1_unit': 256, 'encoder_layer2_unit': 224, 'encoder_layer3_unit': 128, 'encoder_z_mean_layer0_unit': 128, 'encoder_z_mean_layer1_unit': 32, 'encoder_z_log_var_layer0_unit': 32, 'encoder_z_log_var_layer1_unit': 64, 'decoder_layer0_unit': 192, 'decoder_layer1_unit': 160, 'decoder_layer2_unit': 448, 'decoder_layer3_unit': 224, 'decoder_layer4_unit': 416, 'decoder_layer5_unit': 384}. Best is trial 45 with value: 14.216556549072266.
Trial 155 finished with value: 98.98346900939941 and parameters: {'reg_l1': 0.5549517870320128, 'reg_l2': 0.2589867506908028, 'learning_rate': 0.0001, 'dropout': 0.013053465715310797, 'batch_size': 224, 'encoder_layer0_unit': 224, 'encoder_layer1_unit': 352, 'encoder_layer2_unit': 448, 'encoder_layer3_unit': 192, 'encoder_z_mean_layer0_unit': 96, 'encoder_z_mean_layer1_unit': 96, 'encoder_z_log_var_layer0_unit': 32, 'encoder_z_log_var_layer1_unit': 96, 'decoder_layer0_unit': 96, 'decoder_layer1_unit': 288, 'decoder_layer2_unit': 416, 'decoder_layer3_unit': 256, 'decoder_layer4_unit': 448, 'decoder_layer5_unit': 96}. Best is trial 45 with value: 14.216556549072266.
Trial 156 finished with value: 84.41385841369629 and parameters: {'reg_l1': 0.6609496883751077, 'reg_l2': 0.814371854166925, 'learning_rate': 0.001, 'dropout': 0.2810932868973428, 'batch_size': 192, 'encoder_layer0_unit': 160, 'encoder_layer1_unit': 160, 'encoder_layer2_unit': 224, 'encoder_layer3_unit': 224, 'encoder_z_mean_layer0_unit': 96, 'encoder_z_mean_layer1_unit': 64, 'encoder_z_log_var_layer0_unit': 64, 'encoder_z_log_var_layer1_unit': 64, 'decoder_layer0_unit': 32, 'decoder_layer1_unit': 352, 'decoder_layer2_unit': 448, 'decoder_layer3_unit': 160, 'decoder_layer4_unit': 256, 'decoder_layer5_unit': 224}. Best is trial 45 with value: 14.216556549072266.
Trial 157 finished with value: 42.534334659576416 and parameters: {'reg_l1': 0.8034843734162953, 'reg_l2': 0.061502086988823756, 'learning_rate': 0.0005, 'dropout': 0.07259370971156703, 'batch_size': 96, 'encoder_layer0_unit': 128, 'encoder_layer1_unit': 352, 'encoder_layer2_unit': 416, 'encoder_layer3_unit': 288, 'encoder_z_mean_layer0_unit': 32, 'encoder_z_mean_layer1_unit': 96, 'encoder_z_log_var_layer0_unit': 32, 'encoder_z_log_var_layer1_unit': 96, 'decoder_layer0_unit': 448, 'decoder_layer1_unit': 192, 'decoder_layer2_unit': 128, 'decoder_layer3_unit': 192, 'decoder_layer4_unit': 128, 'decoder_layer5_unit': 256}. Best is trial 45 with value: 14.216556549072266.
Trial 158 finished with value: 112.8468017578125 and parameters: {'reg_l1': 0.8782721448546258, 'reg_l2': 0.3353856081195934, 'learning_rate': 0.0001, 'dropout': 0.4217532019271257, 'batch_size': 256, 'encoder_layer0_unit': 480, 'encoder_layer1_unit': 192, 'encoder_layer2_unit': 416, 'encoder_layer3_unit': 160, 'encoder_z_mean_layer0_unit': 96, 'encoder_z_mean_layer1_unit': 128, 'encoder_z_log_var_layer0_unit': 32, 'encoder_z_log_var_layer1_unit': 32, 'decoder_layer0_unit': 480, 'decoder_layer1_unit': 352, 'decoder_layer2_unit': 32, 'decoder_layer3_unit': 480, 'decoder_layer4_unit': 224, 'decoder_layer5_unit': 320}. Best is trial 45 with value: 14.216556549072266.
Trial 159 finished with value: 28.445608615875244 and parameters: {'reg_l1': 0.19911426245149577, 'reg_l2': 0.37370840011843764, 'learning_rate': 0.0001, 'dropout': 0.4075251609387057, 'batch_size': 64, 'encoder_layer0_unit': 416, 'encoder_layer1_unit': 192, 'encoder_layer2_unit': 192, 'encoder_layer3_unit': 416, 'encoder_z_mean_layer0_unit': 32, 'encoder_z_mean_layer1_unit': 32, 'encoder_z_log_var_layer0_unit': 96, 'encoder_z_log_var_layer1_unit': 96, 'decoder_layer0_unit': 448, 'decoder_layer1_unit': 160, 'decoder_layer2_unit': 160, 'decoder_layer3_unit': 160, 'decoder_layer4_unit': 448, 'decoder_layer5_unit': 96}. Best is trial 45 with value: 14.216556549072266.
Trial 160 finished with value: 84.8291540145874 and parameters: {'reg_l1': 0.919915812979531, 'reg_l2': 0.8741624804615173, 'learning_rate': 0.0001, 'dropout': 0.000836238551475299, 'batch_size': 192, 'encoder_layer0_unit': 288, 'encoder_layer1_unit': 352, 'encoder_layer2_unit': 480, 'encoder_layer3_unit': 384, 'encoder_z_mean_layer0_unit': 32, 'encoder_z_mean_layer1_unit': 32, 'encoder_z_log_var_layer0_unit': 96, 'encoder_z_log_var_layer1_unit': 64, 'decoder_layer0_unit': 288, 'decoder_layer1_unit': 256, 'decoder_layer2_unit': 320, 'decoder_layer3_unit': 64, 'decoder_layer4_unit': 96, 'decoder_layer5_unit': 192}. Best is trial 45 with value: 14.216556549072266.
Trial 161 finished with value: 98.82778835296631 and parameters: {'reg_l1': 0.9767899205327321, 'reg_l2': 0.9619600312111563, 'learning_rate': 0.001, 'dropout': 0.2935931993343925, 'batch_size': 224, 'encoder_layer0_unit': 160, 'encoder_layer1_unit': 128, 'encoder_layer2_unit': 480, 'encoder_layer3_unit': 448, 'encoder_z_mean_layer0_unit': 32, 'encoder_z_mean_layer1_unit': 96, 'encoder_z_log_var_layer0_unit': 96, 'encoder_z_log_var_layer1_unit': 64, 'decoder_layer0_unit': 384, 'decoder_layer1_unit': 352, 'decoder_layer2_unit': 64, 'decoder_layer3_unit': 288, 'decoder_layer4_unit': 448, 'decoder_layer5_unit': 416}. Best is trial 45 with value: 14.216556549072266.
Trial 162 finished with value: 42.606605052948 and parameters: {'reg_l1': 0.6034203264244289, 'reg_l2': 0.9383290561756523, 'learning_rate': 0.0001, 'dropout': 0.2775639630864006, 'batch_size': 96, 'encoder_layer0_unit': 256, 'encoder_layer1_unit': 256, 'encoder_layer2_unit': 256, 'encoder_layer3_unit': 480, 'encoder_z_mean_layer0_unit': 128, 'encoder_z_mean_layer1_unit': 96, 'encoder_z_log_var_layer0_unit': 64, 'encoder_z_log_var_layer1_unit': 64, 'decoder_layer0_unit': 192, 'decoder_layer1_unit': 256, 'decoder_layer2_unit': 160, 'decoder_layer3_unit': 224, 'decoder_layer4_unit': 448, 'decoder_layer5_unit': 96}. Best is trial 45 with value: 14.216556549072266.
Trial 163 finished with value: 84.78240966796875 and parameters: {'reg_l1': 0.7299200435472357, 'reg_l2': 0.7208919537924915, 'learning_rate': 0.0005, 'dropout': 0.17139834093783224, 'batch_size': 192, 'encoder_layer0_unit': 416, 'encoder_layer1_unit': 480, 'encoder_layer2_unit': 224, 'encoder_layer3_unit': 352, 'encoder_z_mean_layer0_unit': 32, 'encoder_z_mean_layer1_unit': 32, 'encoder_z_log_var_layer0_unit': 32, 'encoder_z_log_var_layer1_unit': 96, 'decoder_layer0_unit': 256, 'decoder_layer1_unit': 416, 'decoder_layer2_unit': 256, 'decoder_layer3_unit': 320, 'decoder_layer4_unit': 160, 'decoder_layer5_unit': 480}. Best is trial 45 with value: 14.216556549072266.
Trial 164 finished with value: 70.71513271331787 and parameters: {'reg_l1': 0.4733541324383025, 'reg_l2': 0.03424495312352849, 'learning_rate': 0.0005, 'dropout': 0.27914037434348005, 'batch_size': 160, 'encoder_layer0_unit': 256, 'encoder_layer1_unit': 448, 'encoder_layer2_unit': 160, 'encoder_layer3_unit': 352, 'encoder_z_mean_layer0_unit': 96, 'encoder_z_mean_layer1_unit': 128, 'encoder_z_log_var_layer0_unit': 128, 'encoder_z_log_var_layer1_unit': 128, 'decoder_layer0_unit': 320, 'decoder_layer1_unit': 64, 'decoder_layer2_unit': 320, 'decoder_layer3_unit': 224, 'decoder_layer4_unit': 96, 'decoder_layer5_unit': 160}. Best is trial 45 with value: 14.216556549072266.
Trial 165 finished with value: 42.67852449417114 and parameters: {'reg_l1': 0.1638142690096286, 'reg_l2': 0.8476370284923412, 'learning_rate': 0.01, 'dropout': 0.28558967224168086, 'batch_size': 96, 'encoder_layer0_unit': 416, 'encoder_layer1_unit': 320, 'encoder_layer2_unit': 288, 'encoder_layer3_unit': 448, 'encoder_z_mean_layer0_unit': 128, 'encoder_z_mean_layer1_unit': 96, 'encoder_z_log_var_layer0_unit': 32, 'encoder_z_log_var_layer1_unit': 32, 'decoder_layer0_unit': 352, 'decoder_layer1_unit': 192, 'decoder_layer2_unit': 128, 'decoder_layer3_unit': 64, 'decoder_layer4_unit': 160, 'decoder_layer5_unit': 32}. Best is trial 45 with value: 14.216556549072266.
Trial 166 finished with value: 42.5310640335083 and parameters: {'reg_l1': 0.7150578692442252, 'reg_l2': 0.06676717206314609, 'learning_rate': 0.005, 'dropout': 0.15324174602915258, 'batch_size': 96, 'encoder_layer0_unit': 416, 'encoder_layer1_unit': 384, 'encoder_layer2_unit': 448, 'encoder_layer3_unit': 128, 'encoder_z_mean_layer0_unit': 96, 'encoder_z_mean_layer1_unit': 64, 'encoder_z_log_var_layer0_unit': 96, 'encoder_z_log_var_layer1_unit': 128, 'decoder_layer0_unit': 224, 'decoder_layer1_unit': 128, 'decoder_layer2_unit': 320, 'decoder_layer3_unit': 480, 'decoder_layer4_unit': 448, 'decoder_layer5_unit': 320}. Best is trial 45 with value: 14.216556549072266.
Trial 167 finished with value: 112.88561630249023 and parameters: {'reg_l1': 0.6186605066213267, 'reg_l2': 0.07764656156537508, 'learning_rate': 0.0001, 'dropout': 0.2075121424465109, 'batch_size': 256, 'encoder_layer0_unit': 480, 'encoder_layer1_unit': 416, 'encoder_layer2_unit': 128, 'encoder_layer3_unit': 320, 'encoder_z_mean_layer0_unit': 128, 'encoder_z_mean_layer1_unit': 64, 'encoder_z_log_var_layer0_unit': 64, 'encoder_z_log_var_layer1_unit': 64, 'decoder_layer0_unit': 320, 'decoder_layer1_unit': 256, 'decoder_layer2_unit': 160, 'decoder_layer3_unit': 480, 'decoder_layer4_unit': 416, 'decoder_layer5_unit': 352}. Best is trial 45 with value: 14.216556549072266.
Trial 168 finished with value: 42.558452129364014 and parameters: {'reg_l1': 0.5349789772015071, 'reg_l2': 0.5590752054100031, 'learning_rate': 0.0005, 'dropout': 0.36671238932849, 'batch_size': 96, 'encoder_layer0_unit': 416, 'encoder_layer1_unit': 480, 'encoder_layer2_unit': 288, 'encoder_layer3_unit': 160, 'encoder_z_mean_layer0_unit': 96, 'encoder_z_mean_layer1_unit': 64, 'encoder_z_log_var_layer0_unit': 64, 'encoder_z_log_var_layer1_unit': 32, 'decoder_layer0_unit': 128, 'decoder_layer1_unit': 384, 'decoder_layer2_unit': 416, 'decoder_layer3_unit': 352, 'decoder_layer4_unit': 384, 'decoder_layer5_unit': 192}. Best is trial 45 with value: 14.216556549072266.
Trial 169 finished with value: 28.442415475845337 and parameters: {'reg_l1': 0.6690424995151717, 'reg_l2': 0.49139277139621906, 'learning_rate': 0.01, 'dropout': 0.2181631492618344, 'batch_size': 64, 'encoder_layer0_unit': 288, 'encoder_layer1_unit': 384, 'encoder_layer2_unit': 416, 'encoder_layer3_unit': 448, 'encoder_z_mean_layer0_unit': 64, 'encoder_z_mean_layer1_unit': 64, 'encoder_z_log_var_layer0_unit': 128, 'encoder_z_log_var_layer1_unit': 128, 'decoder_layer0_unit': 352, 'decoder_layer1_unit': 128, 'decoder_layer2_unit': 480, 'decoder_layer3_unit': 480, 'decoder_layer4_unit': 384, 'decoder_layer5_unit': 416}. Best is trial 45 with value: 14.216556549072266.
Trial 170 finished with value: 98.85103607177734 and parameters: {'reg_l1': 0.17886493312269058, 'reg_l2': 0.974897309403395, 'learning_rate': 0.005, 'dropout': 0.1799091455414768, 'batch_size': 224, 'encoder_layer0_unit': 480, 'encoder_layer1_unit': 128, 'encoder_layer2_unit': 192, 'encoder_layer3_unit': 128, 'encoder_z_mean_layer0_unit': 32, 'encoder_z_mean_layer1_unit': 128, 'encoder_z_log_var_layer0_unit': 64, 'encoder_z_log_var_layer1_unit': 32, 'decoder_layer0_unit': 384, 'decoder_layer1_unit': 128, 'decoder_layer2_unit': 32, 'decoder_layer3_unit': 256, 'decoder_layer4_unit': 480, 'decoder_layer5_unit': 128}. Best is trial 45 with value: 14.216556549072266.
Trial 171 finished with value: 42.652705669403076 and parameters: {'reg_l1': 0.048577618812206014, 'reg_l2': 0.3519134496207563, 'learning_rate': 0.01, 'dropout': 0.31816359123235255, 'batch_size': 96, 'encoder_layer0_unit': 320, 'encoder_layer1_unit': 352, 'encoder_layer2_unit': 128, 'encoder_layer3_unit': 128, 'encoder_z_mean_layer0_unit': 32, 'encoder_z_mean_layer1_unit': 64, 'encoder_z_log_var_layer0_unit': 64, 'encoder_z_log_var_layer1_unit': 32, 'decoder_layer0_unit': 192, 'decoder_layer1_unit': 416, 'decoder_layer2_unit': 32, 'decoder_layer3_unit': 96, 'decoder_layer4_unit': 64, 'decoder_layer5_unit': 480}. Best is trial 45 with value: 14.216556549072266.
Trial 172 finished with value: 70.78868293762207 and parameters: {'reg_l1': 0.2667897972288771, 'reg_l2': 0.25949947067713774, 'learning_rate': 0.0005, 'dropout': 0.07190512767918028, 'batch_size': 160, 'encoder_layer0_unit': 416, 'encoder_layer1_unit': 160, 'encoder_layer2_unit': 320, 'encoder_layer3_unit': 192, 'encoder_z_mean_layer0_unit': 96, 'encoder_z_mean_layer1_unit': 32, 'encoder_z_log_var_layer0_unit': 64, 'encoder_z_log_var_layer1_unit': 64, 'decoder_layer0_unit': 96, 'decoder_layer1_unit': 192, 'decoder_layer2_unit': 320, 'decoder_layer3_unit': 352, 'decoder_layer4_unit': 448, 'decoder_layer5_unit': 224}. Best is trial 45 with value: 14.216556549072266.
Trial 173 finished with value: 56.87686061859131 and parameters: {'reg_l1': 0.848130997120648, 'reg_l2': 0.07181470307465265, 'learning_rate': 0.01, 'dropout': 0.12074701629828638, 'batch_size': 128, 'encoder_layer0_unit': 480, 'encoder_layer1_unit': 192, 'encoder_layer2_unit': 160, 'encoder_layer3_unit': 352, 'encoder_z_mean_layer0_unit': 32, 'encoder_z_mean_layer1_unit': 128, 'encoder_z_log_var_layer0_unit': 32, 'encoder_z_log_var_layer1_unit': 32, 'decoder_layer0_unit': 384, 'decoder_layer1_unit': 384, 'decoder_layer2_unit': 224, 'decoder_layer3_unit': 352, 'decoder_layer4_unit': 160, 'decoder_layer5_unit': 128}. Best is trial 45 with value: 14.216556549072266.
Trial 174 finished with value: 70.63548469543457 and parameters: {'reg_l1': 0.8735793470071461, 'reg_l2': 0.27622029282769867, 'learning_rate': 0.001, 'dropout': 0.43380444138676905, 'batch_size': 160, 'encoder_layer0_unit': 288, 'encoder_layer1_unit': 256, 'encoder_layer2_unit': 352, 'encoder_layer3_unit': 224, 'encoder_z_mean_layer0_unit': 64, 'encoder_z_mean_layer1_unit': 96, 'encoder_z_log_var_layer0_unit': 96, 'encoder_z_log_var_layer1_unit': 64, 'decoder_layer0_unit': 128, 'decoder_layer1_unit': 320, 'decoder_layer2_unit': 160, 'decoder_layer3_unit': 160, 'decoder_layer4_unit': 192, 'decoder_layer5_unit': 160}. Best is trial 45 with value: 14.216556549072266.
Trial 175 finished with value: 98.8209285736084 and parameters: {'reg_l1': 0.4136149874682832, 'reg_l2': 0.2640817848756052, 'learning_rate': 0.0001, 'dropout': 0.035259846879848455, 'batch_size': 224, 'encoder_layer0_unit': 352, 'encoder_layer1_unit': 192, 'encoder_layer2_unit': 352, 'encoder_layer3_unit': 128, 'encoder_z_mean_layer0_unit': 32, 'encoder_z_mean_layer1_unit': 64, 'encoder_z_log_var_layer0_unit': 32, 'encoder_z_log_var_layer1_unit': 96, 'decoder_layer0_unit': 192, 'decoder_layer1_unit': 64, 'decoder_layer2_unit': 480, 'decoder_layer3_unit': 192, 'decoder_layer4_unit': 288, 'decoder_layer5_unit': 160}. Best is trial 45 with value: 14.216556549072266.
