Trial 32 finished with value: 70.70928192138672 and parameters: {'reg_l1': 0.2022641634649004, 'reg_l2': 0.5376688095954677, 'learning_rate': 0.005, 'dropout': 0.1182262918438654, 'batch_size': 160, 'encoder_layer0_unit': 160, 'encoder_layer1_unit': 192, 'encoder_layer2_unit': 448, 'encoder_layer3_unit': 480, 'encoder_z_mean_layer0_unit': 128, 'encoder_z_mean_layer1_unit': 64, 'encoder_z_log_var_layer0_unit': 64, 'encoder_z_log_var_layer1_unit': 32, 'decoder_layer0_unit': 64, 'decoder_layer1_unit': 96, 'decoder_layer2_unit': 288, 'decoder_layer3_unit': 352, 'decoder_layer4_unit': 384, 'decoder_layer5_unit': 352}. Best is trial 14 with value: 14.216636776924133.
Trial 33 finished with value: 84.68296241760254 and parameters: {'reg_l1': 0.8911674349941832, 'reg_l2': 0.059886262121861544, 'learning_rate': 0.0005, 'dropout': 0.37782558100718894, 'batch_size': 192, 'encoder_layer0_unit': 224, 'encoder_layer1_unit': 224, 'encoder_layer2_unit': 192, 'encoder_layer3_unit': 128, 'encoder_z_mean_layer0_unit': 64, 'encoder_z_mean_layer1_unit': 64, 'encoder_z_log_var_layer0_unit': 64, 'encoder_z_log_var_layer1_unit': 32, 'decoder_layer0_unit': 448, 'decoder_layer1_unit': 160, 'decoder_layer2_unit': 448, 'decoder_layer3_unit': 384, 'decoder_layer4_unit': 64, 'decoder_layer5_unit': 320}. Best is trial 14 with value: 14.216636776924133.
Trial 34 finished with value: 42.6509952545166 and parameters: {'reg_l1': 0.5602735919334293, 'reg_l2': 0.17298352601472755, 'learning_rate': 0.01, 'dropout': 0.13967148553811465, 'batch_size': 96, 'encoder_layer0_unit': 160, 'encoder_layer1_unit': 480, 'encoder_layer2_unit': 480, 'encoder_layer3_unit': 384, 'encoder_z_mean_layer0_unit': 96, 'encoder_z_mean_layer1_unit': 64, 'encoder_z_log_var_layer0_unit': 64, 'encoder_z_log_var_layer1_unit': 64, 'decoder_layer0_unit': 288, 'decoder_layer1_unit': 192, 'decoder_layer2_unit': 64, 'decoder_layer3_unit': 416, 'decoder_layer4_unit': 128, 'decoder_layer5_unit': 64}. Best is trial 14 with value: 14.216636776924133.
Trial 35 finished with value: 84.57145977020264 and parameters: {'reg_l1': 0.5010012278379135, 'reg_l2': 0.9866905445729449, 'learning_rate': 0.0005, 'dropout': 0.3969843926394275, 'batch_size': 192, 'encoder_layer0_unit': 256, 'encoder_layer1_unit': 224, 'encoder_layer2_unit': 480, 'encoder_layer3_unit': 128, 'encoder_z_mean_layer0_unit': 128, 'encoder_z_mean_layer1_unit': 64, 'encoder_z_log_var_layer0_unit': 96, 'encoder_z_log_var_layer1_unit': 96, 'decoder_layer0_unit': 64, 'decoder_layer1_unit': 160, 'decoder_layer2_unit': 160, 'decoder_layer3_unit': 96, 'decoder_layer4_unit': 448, 'decoder_layer5_unit': 352}. Best is trial 14 with value: 14.216636776924133.
Trial 36 finished with value: 98.88035488128662 and parameters: {'reg_l1': 0.4769217806387812, 'reg_l2': 0.23245125795267518, 'learning_rate': 0.01, 'dropout': 0.014305529866070255, 'batch_size': 224, 'encoder_layer0_unit': 384, 'encoder_layer1_unit': 128, 'encoder_layer2_unit': 224, 'encoder_layer3_unit': 416, 'encoder_z_mean_layer0_unit': 64, 'encoder_z_mean_layer1_unit': 32, 'encoder_z_log_var_layer0_unit': 128, 'encoder_z_log_var_layer1_unit': 32, 'decoder_layer0_unit': 96, 'decoder_layer1_unit': 288, 'decoder_layer2_unit': 320, 'decoder_layer3_unit': 160, 'decoder_layer4_unit': 32, 'decoder_layer5_unit': 128}. Best is trial 14 with value: 14.216636776924133.
Trial 37 finished with value: 113.00285530090332 and parameters: {'reg_l1': 0.30085706510745847, 'reg_l2': 0.9713304663062224, 'learning_rate': 0.0001, 'dropout': 0.059946328030470564, 'batch_size': 256, 'encoder_layer0_unit': 224, 'encoder_layer1_unit': 160, 'encoder_layer2_unit': 192, 'encoder_layer3_unit': 224, 'encoder_z_mean_layer0_unit': 128, 'encoder_z_mean_layer1_unit': 128, 'encoder_z_log_var_layer0_unit': 64, 'encoder_z_log_var_layer1_unit': 64, 'decoder_layer0_unit': 32, 'decoder_layer1_unit': 32, 'decoder_layer2_unit': 352, 'decoder_layer3_unit': 192, 'decoder_layer4_unit': 448, 'decoder_layer5_unit': 448}. Best is trial 14 with value: 14.216636776924133.
Trial 38 finished with value: 28.451660871505737 and parameters: {'reg_l1': 0.8735469488977895, 'reg_l2': 0.2089598465182989, 'learning_rate': 0.001, 'dropout': 0.45348504835288167, 'batch_size': 64, 'encoder_layer0_unit': 160, 'encoder_layer1_unit': 160, 'encoder_layer2_unit': 224, 'encoder_layer3_unit': 128, 'encoder_z_mean_layer0_unit': 32, 'encoder_z_mean_layer1_unit': 32, 'encoder_z_log_var_layer0_unit': 64, 'encoder_z_log_var_layer1_unit': 64, 'decoder_layer0_unit': 96, 'decoder_layer1_unit': 480, 'decoder_layer2_unit': 480, 'decoder_layer3_unit': 288, 'decoder_layer4_unit': 256, 'decoder_layer5_unit': 160}. Best is trial 14 with value: 14.216636776924133.
Trial 39 finished with value: 98.74055480957031 and parameters: {'reg_l1': 0.43699660268451135, 'reg_l2': 0.8225488041707116, 'learning_rate': 0.001, 'dropout': 0.12394474735073208, 'batch_size': 224, 'encoder_layer0_unit': 160, 'encoder_layer1_unit': 320, 'encoder_layer2_unit': 224, 'encoder_layer3_unit': 320, 'encoder_z_mean_layer0_unit': 64, 'encoder_z_mean_layer1_unit': 32, 'encoder_z_log_var_layer0_unit': 64, 'encoder_z_log_var_layer1_unit': 128, 'decoder_layer0_unit': 32, 'decoder_layer1_unit': 384, 'decoder_layer2_unit': 160, 'decoder_layer3_unit': 96, 'decoder_layer4_unit': 32, 'decoder_layer5_unit': 160}. Best is trial 14 with value: 14.216636776924133.
Trial 40 finished with value: 14.22552752494812 and parameters: {'reg_l1': 0.20937795295367534, 'reg_l2': 0.15415771078374851, 'learning_rate': 0.005, 'dropout': 0.3100256893462467, 'batch_size': 32, 'encoder_layer0_unit': 384, 'encoder_layer1_unit': 160, 'encoder_layer2_unit': 384, 'encoder_layer3_unit': 352, 'encoder_z_mean_layer0_unit': 64, 'encoder_z_mean_layer1_unit': 64, 'encoder_z_log_var_layer0_unit': 96, 'encoder_z_log_var_layer1_unit': 64, 'decoder_layer0_unit': 160, 'decoder_layer1_unit': 256, 'decoder_layer2_unit': 320, 'decoder_layer3_unit': 192, 'decoder_layer4_unit': 480, 'decoder_layer5_unit': 320}. Best is trial 14 with value: 14.216636776924133.
Trial 41 finished with value: 70.72333240509033 and parameters: {'reg_l1': 0.18076666926954787, 'reg_l2': 0.17774624996111954, 'learning_rate': 0.0001, 'dropout': 0.4228921766909308, 'batch_size': 160, 'encoder_layer0_unit': 384, 'encoder_layer1_unit': 288, 'encoder_layer2_unit': 320, 'encoder_layer3_unit': 320, 'encoder_z_mean_layer0_unit': 64, 'encoder_z_mean_layer1_unit': 96, 'encoder_z_log_var_layer0_unit': 64, 'encoder_z_log_var_layer1_unit': 128, 'decoder_layer0_unit': 480, 'decoder_layer1_unit': 352, 'decoder_layer2_unit': 480, 'decoder_layer3_unit': 384, 'decoder_layer4_unit': 448, 'decoder_layer5_unit': 320}. Best is trial 14 with value: 14.216636776924133.
Trial 42 finished with value: 70.75545406341553 and parameters: {'reg_l1': 0.8984282141111248, 'reg_l2': 0.6894157268243397, 'learning_rate': 0.01, 'dropout': 0.13884571532854967, 'batch_size': 160, 'encoder_layer0_unit': 416, 'encoder_layer1_unit': 160, 'encoder_layer2_unit': 480, 'encoder_layer3_unit': 288, 'encoder_z_mean_layer0_unit': 32, 'encoder_z_mean_layer1_unit': 96, 'encoder_z_log_var_layer0_unit': 128, 'encoder_z_log_var_layer1_unit': 128, 'decoder_layer0_unit': 480, 'decoder_layer1_unit': 480, 'decoder_layer2_unit': 160, 'decoder_layer3_unit': 96, 'decoder_layer4_unit': 64, 'decoder_layer5_unit': 160}. Best is trial 14 with value: 14.216636776924133.
Trial 43 finished with value: 42.571526527404785 and parameters: {'reg_l1': 0.06034245141223238, 'reg_l2': 0.7898010269238711, 'learning_rate': 0.0001, 'dropout': 0.12411473163673731, 'batch_size': 96, 'encoder_layer0_unit': 256, 'encoder_layer1_unit': 192, 'encoder_layer2_unit': 352, 'encoder_layer3_unit': 352, 'encoder_z_mean_layer0_unit': 128, 'encoder_z_mean_layer1_unit': 96, 'encoder_z_log_var_layer0_unit': 64, 'encoder_z_log_var_layer1_unit': 96, 'decoder_layer0_unit': 192, 'decoder_layer1_unit': 224, 'decoder_layer2_unit': 64, 'decoder_layer3_unit': 32, 'decoder_layer4_unit': 416, 'decoder_layer5_unit': 160}. Best is trial 14 with value: 14.216636776924133.
Trial 44 finished with value: 70.7305383682251 and parameters: {'reg_l1': 0.30821525300892527, 'reg_l2': 0.8662805243235573, 'learning_rate': 0.0005, 'dropout': 0.17513867236886105, 'batch_size': 160, 'encoder_layer0_unit': 416, 'encoder_layer1_unit': 128, 'encoder_layer2_unit': 448, 'encoder_layer3_unit': 224, 'encoder_z_mean_layer0_unit': 32, 'encoder_z_mean_layer1_unit': 128, 'encoder_z_log_var_layer0_unit': 96, 'encoder_z_log_var_layer1_unit': 32, 'decoder_layer0_unit': 416, 'decoder_layer1_unit': 256, 'decoder_layer2_unit': 384, 'decoder_layer3_unit': 320, 'decoder_layer4_unit': 224, 'decoder_layer5_unit': 416}. Best is trial 14 with value: 14.216636776924133.
Trial 45 finished with value: 28.444236278533936 and parameters: {'reg_l1': 0.6466208992479795, 'reg_l2': 0.7186284017688578, 'learning_rate': 0.001, 'dropout': 0.31932015921115725, 'batch_size': 64, 'encoder_layer0_unit': 384, 'encoder_layer1_unit': 352, 'encoder_layer2_unit': 192, 'encoder_layer3_unit': 256, 'encoder_z_mean_layer0_unit': 64, 'encoder_z_mean_layer1_unit': 96, 'encoder_z_log_var_layer0_unit': 64, 'encoder_z_log_var_layer1_unit': 128, 'decoder_layer0_unit': 480, 'decoder_layer1_unit': 192, 'decoder_layer2_unit': 320, 'decoder_layer3_unit': 480, 'decoder_layer4_unit': 96, 'decoder_layer5_unit': 256}. Best is trial 14 with value: 14.216636776924133.
Trial 46 finished with value: 56.67730522155762 and parameters: {'reg_l1': 0.2711947501787977, 'reg_l2': 0.3512705963869338, 'learning_rate': 0.0001, 'dropout': 0.4068667822036565, 'batch_size': 128, 'encoder_layer0_unit': 128, 'encoder_layer1_unit': 128, 'encoder_layer2_unit': 320, 'encoder_layer3_unit': 448, 'encoder_z_mean_layer0_unit': 96, 'encoder_z_mean_layer1_unit': 128, 'encoder_z_log_var_layer0_unit': 96, 'encoder_z_log_var_layer1_unit': 96, 'decoder_layer0_unit': 384, 'decoder_layer1_unit': 224, 'decoder_layer2_unit': 352, 'decoder_layer3_unit': 64, 'decoder_layer4_unit': 256, 'decoder_layer5_unit': 448}. Best is trial 14 with value: 14.216636776924133.
Trial 47 finished with value: 42.57053565979004 and parameters: {'reg_l1': 0.9586555179242467, 'reg_l2': 0.7532114549224254, 'learning_rate': 0.001, 'dropout': 0.31289741989206027, 'batch_size': 96, 'encoder_layer0_unit': 352, 'encoder_layer1_unit': 128, 'encoder_layer2_unit': 256, 'encoder_layer3_unit': 160, 'encoder_z_mean_layer0_unit': 64, 'encoder_z_mean_layer1_unit': 64, 'encoder_z_log_var_layer0_unit': 32, 'encoder_z_log_var_layer1_unit': 64, 'decoder_layer0_unit': 416, 'decoder_layer1_unit': 320, 'decoder_layer2_unit': 352, 'decoder_layer3_unit': 192, 'decoder_layer4_unit': 352, 'decoder_layer5_unit': 192}. Best is trial 14 with value: 14.216636776924133.
Trial 48 finished with value: 98.7572431564331 and parameters: {'reg_l1': 0.2891872842026304, 'reg_l2': 0.7931463636693551, 'learning_rate': 0.001, 'dropout': 0.4043107189122766, 'batch_size': 224, 'encoder_layer0_unit': 480, 'encoder_layer1_unit': 128, 'encoder_layer2_unit': 352, 'encoder_layer3_unit': 480, 'encoder_z_mean_layer0_unit': 96, 'encoder_z_mean_layer1_unit': 128, 'encoder_z_log_var_layer0_unit': 32, 'encoder_z_log_var_layer1_unit': 32, 'decoder_layer0_unit': 416, 'decoder_layer1_unit': 288, 'decoder_layer2_unit': 64, 'decoder_layer3_unit': 448, 'decoder_layer4_unit': 160, 'decoder_layer5_unit': 384}. Best is trial 14 with value: 14.216636776924133.
Trial 49 finished with value: 70.64460945129395 and parameters: {'reg_l1': 0.8205251450996175, 'reg_l2': 0.08969657881317405, 'learning_rate': 0.001, 'dropout': 0.04647828654860098, 'batch_size': 160, 'encoder_layer0_unit': 128, 'encoder_layer1_unit': 256, 'encoder_layer2_unit': 384, 'encoder_layer3_unit': 192, 'encoder_z_mean_layer0_unit': 32, 'encoder_z_mean_layer1_unit': 32, 'encoder_z_log_var_layer0_unit': 32, 'encoder_z_log_var_layer1_unit': 128, 'decoder_layer0_unit': 416, 'decoder_layer1_unit': 32, 'decoder_layer2_unit': 288, 'decoder_layer3_unit': 224, 'decoder_layer4_unit': 480, 'decoder_layer5_unit': 128}. Best is trial 14 with value: 14.216636776924133.
Trial 50 finished with value: 71.11921119689941 and parameters: {'reg_l1': 0.6990403112552415, 'reg_l2': 0.2280314624894345, 'learning_rate': 0.01, 'dropout': 0.32692764070404806, 'batch_size': 160, 'encoder_layer0_unit': 352, 'encoder_layer1_unit': 320, 'encoder_layer2_unit': 256, 'encoder_layer3_unit': 448, 'encoder_z_mean_layer0_unit': 64, 'encoder_z_mean_layer1_unit': 64, 'encoder_z_log_var_layer0_unit': 96, 'encoder_z_log_var_layer1_unit': 32, 'decoder_layer0_unit': 96, 'decoder_layer1_unit': 128, 'decoder_layer2_unit': 96, 'decoder_layer3_unit': 32, 'decoder_layer4_unit': 416, 'decoder_layer5_unit': 32}. Best is trial 14 with value: 14.216636776924133.
Trial 51 finished with value: 112.28210353851318 and parameters: {'reg_l1': 0.6717757554193031, 'reg_l2': 0.7249380063475246, 'learning_rate': 0.01, 'dropout': 0.1681928538319193, 'batch_size': 256, 'encoder_layer0_unit': 160, 'encoder_layer1_unit': 384, 'encoder_layer2_unit': 384, 'encoder_layer3_unit': 256, 'encoder_z_mean_layer0_unit': 64, 'encoder_z_mean_layer1_unit': 64, 'encoder_z_log_var_layer0_unit': 96, 'encoder_z_log_var_layer1_unit': 96, 'decoder_layer0_unit': 416, 'decoder_layer1_unit': 32, 'decoder_layer2_unit': 352, 'decoder_layer3_unit': 224, 'decoder_layer4_unit': 128, 'decoder_layer5_unit': 256}. Best is trial 14 with value: 14.216636776924133.
Trial 52 finished with value: 70.73579502105713 and parameters: {'reg_l1': 0.41820064172029114, 'reg_l2': 0.7030681663265932, 'learning_rate': 0.001, 'dropout': 0.12153439184103476, 'batch_size': 160, 'encoder_layer0_unit': 352, 'encoder_layer1_unit': 192, 'encoder_layer2_unit': 288, 'encoder_layer3_unit': 224, 'encoder_z_mean_layer0_unit': 128, 'encoder_z_mean_layer1_unit': 32, 'encoder_z_log_var_layer0_unit': 64, 'encoder_z_log_var_layer1_unit': 64, 'decoder_layer0_unit': 352, 'decoder_layer1_unit': 384, 'decoder_layer2_unit': 160, 'decoder_layer3_unit': 128, 'decoder_layer4_unit': 384, 'decoder_layer5_unit': 128}. Best is trial 14 with value: 14.216636776924133.
Trial 53 finished with value: 56.69838523864746 and parameters: {'reg_l1': 0.8336557759173279, 'reg_l2': 0.38566941492761686, 'learning_rate': 0.0001, 'dropout': 0.2945160353797357, 'batch_size': 128, 'encoder_layer0_unit': 416, 'encoder_layer1_unit': 160, 'encoder_layer2_unit': 320, 'encoder_layer3_unit': 416, 'encoder_z_mean_layer0_unit': 96, 'encoder_z_mean_layer1_unit': 96, 'encoder_z_log_var_layer0_unit': 32, 'encoder_z_log_var_layer1_unit': 64, 'decoder_layer0_unit': 192, 'decoder_layer1_unit': 64, 'decoder_layer2_unit': 160, 'decoder_layer3_unit': 224, 'decoder_layer4_unit': 384, 'decoder_layer5_unit': 32}. Best is trial 14 with value: 14.216636776924133.
Trial 54 finished with value: 56.65773057937622 and parameters: {'reg_l1': 0.5566939337840705, 'reg_l2': 0.7707294868665272, 'learning_rate': 0.001, 'dropout': 0.2360207259582544, 'batch_size': 128, 'encoder_layer0_unit': 352, 'encoder_layer1_unit': 288, 'encoder_layer2_unit': 448, 'encoder_layer3_unit': 352, 'encoder_z_mean_layer0_unit': 64, 'encoder_z_mean_layer1_unit': 64, 'encoder_z_log_var_layer0_unit': 96, 'encoder_z_log_var_layer1_unit': 64, 'decoder_layer0_unit': 480, 'decoder_layer1_unit': 160, 'decoder_layer2_unit': 224, 'decoder_layer3_unit': 416, 'decoder_layer4_unit': 32, 'decoder_layer5_unit': 384}. Best is trial 14 with value: 14.216636776924133.
Trial 55 finished with value: 84.80300426483154 and parameters: {'reg_l1': 0.7679455215886436, 'reg_l2': 0.424872628827743, 'learning_rate': 0.005, 'dropout': 0.4394597816065541, 'batch_size': 192, 'encoder_layer0_unit': 352, 'encoder_layer1_unit': 416, 'encoder_layer2_unit': 128, 'encoder_layer3_unit': 224, 'encoder_z_mean_layer0_unit': 128, 'encoder_z_mean_layer1_unit': 96, 'encoder_z_log_var_layer0_unit': 64, 'encoder_z_log_var_layer1_unit': 128, 'decoder_layer0_unit': 448, 'decoder_layer1_unit': 224, 'decoder_layer2_unit': 224, 'decoder_layer3_unit': 288, 'decoder_layer4_unit': 448, 'decoder_layer5_unit': 224}. Best is trial 14 with value: 14.216636776924133.
Trial 56 finished with value: 42.57445430755615 and parameters: {'reg_l1': 0.9966554942939128, 'reg_l2': 0.5503547226129997, 'learning_rate': 0.005, 'dropout': 0.46978472849518593, 'batch_size': 96, 'encoder_layer0_unit': 416, 'encoder_layer1_unit': 160, 'encoder_layer2_unit': 320, 'encoder_layer3_unit': 192, 'encoder_z_mean_layer0_unit': 32, 'encoder_z_mean_layer1_unit': 128, 'encoder_z_log_var_layer0_unit': 96, 'encoder_z_log_var_layer1_unit': 128, 'decoder_layer0_unit': 480, 'decoder_layer1_unit': 64, 'decoder_layer2_unit': 128, 'decoder_layer3_unit': 32, 'decoder_layer4_unit': 96, 'decoder_layer5_unit': 32}. Best is trial 14 with value: 14.216636776924133.
Trial 57 finished with value: 42.46203327178955 and parameters: {'reg_l1': 0.7844103653074591, 'reg_l2': 0.1826747591530219, 'learning_rate': 0.005, 'dropout': 0.08417778384240926, 'batch_size': 96, 'encoder_layer0_unit': 320, 'encoder_layer1_unit': 448, 'encoder_layer2_unit': 416, 'encoder_layer3_unit': 320, 'encoder_z_mean_layer0_unit': 128, 'encoder_z_mean_layer1_unit': 128, 'encoder_z_log_var_layer0_unit': 64, 'encoder_z_log_var_layer1_unit': 64, 'decoder_layer0_unit': 160, 'decoder_layer1_unit': 320, 'decoder_layer2_unit': 192, 'decoder_layer3_unit': 224, 'decoder_layer4_unit': 160, 'decoder_layer5_unit': 480}. Best is trial 14 with value: 14.216636776924133.
Trial 58 finished with value: 112.96495914459229 and parameters: {'reg_l1': 0.8262573187264389, 'reg_l2': 0.4326568286182759, 'learning_rate': 0.0001, 'dropout': 0.17017733273997349, 'batch_size': 256, 'encoder_layer0_unit': 384, 'encoder_layer1_unit': 480, 'encoder_layer2_unit': 320, 'encoder_layer3_unit': 480, 'encoder_z_mean_layer0_unit': 96, 'encoder_z_mean_layer1_unit': 128, 'encoder_z_log_var_layer0_unit': 32, 'encoder_z_log_var_layer1_unit': 128, 'decoder_layer0_unit': 160, 'decoder_layer1_unit': 384, 'decoder_layer2_unit': 64, 'decoder_layer3_unit': 96, 'decoder_layer4_unit': 416, 'decoder_layer5_unit': 416}. Best is trial 14 with value: 14.216636776924133.
Trial 59 finished with value: 56.493828773498535 and parameters: {'reg_l1': 0.9956246171860111, 'reg_l2': 0.45445455780167454, 'learning_rate': 0.01, 'dropout': 0.07560920906995316, 'batch_size': 128, 'encoder_layer0_unit': 192, 'encoder_layer1_unit': 352, 'encoder_layer2_unit': 480, 'encoder_layer3_unit': 416, 'encoder_z_mean_layer0_unit': 128, 'encoder_z_mean_layer1_unit': 96, 'encoder_z_log_var_layer0_unit': 96, 'encoder_z_log_var_layer1_unit': 32, 'decoder_layer0_unit': 448, 'decoder_layer1_unit': 160, 'decoder_layer2_unit': 480, 'decoder_layer3_unit': 352, 'decoder_layer4_unit': 256, 'decoder_layer5_unit': 480}. Best is trial 14 with value: 14.216636776924133.
Trial 60 finished with value: 56.872833251953125 and parameters: {'reg_l1': 0.10551474334124056, 'reg_l2': 0.19617291525474345, 'learning_rate': 0.01, 'dropout': 0.20819605477105046, 'batch_size': 128, 'encoder_layer0_unit': 448, 'encoder_layer1_unit': 224, 'encoder_layer2_unit': 288, 'encoder_layer3_unit': 128, 'encoder_z_mean_layer0_unit': 128, 'encoder_z_mean_layer1_unit': 32, 'encoder_z_log_var_layer0_unit': 96, 'encoder_z_log_var_layer1_unit': 32, 'decoder_layer0_unit': 448, 'decoder_layer1_unit': 64, 'decoder_layer2_unit': 448, 'decoder_layer3_unit': 320, 'decoder_layer4_unit': 320, 'decoder_layer5_unit': 96}. Best is trial 14 with value: 14.216636776924133.
Trial 61 finished with value: 98.86610317230225 and parameters: {'reg_l1': 0.39237623429475543, 'reg_l2': 0.9863740182863748, 'learning_rate': 0.01, 'dropout': 0.3834176349607712, 'batch_size': 224, 'encoder_layer0_unit': 384, 'encoder_layer1_unit': 448, 'encoder_layer2_unit': 128, 'encoder_layer3_unit': 128, 'encoder_z_mean_layer0_unit': 128, 'encoder_z_mean_layer1_unit': 64, 'encoder_z_log_var_layer0_unit': 96, 'encoder_z_log_var_layer1_unit': 64, 'decoder_layer0_unit': 224, 'decoder_layer1_unit': 320, 'decoder_layer2_unit': 224, 'decoder_layer3_unit': 448, 'decoder_layer4_unit': 320, 'decoder_layer5_unit': 448}. Best is trial 14 with value: 14.216636776924133.
Trial 62 finished with value: 112.50752449035645 and parameters: {'reg_l1': 0.7094902462574699, 'reg_l2': 0.8510031679008591, 'learning_rate': 0.01, 'dropout': 0.12387726643575869, 'batch_size': 256, 'encoder_layer0_unit': 320, 'encoder_layer1_unit': 160, 'encoder_layer2_unit': 256, 'encoder_layer3_unit': 448, 'encoder_z_mean_layer0_unit': 128, 'encoder_z_mean_layer1_unit': 128, 'encoder_z_log_var_layer0_unit': 32, 'encoder_z_log_var_layer1_unit': 96, 'decoder_layer0_unit': 96, 'decoder_layer1_unit': 288, 'decoder_layer2_unit': 352, 'decoder_layer3_unit': 160, 'decoder_layer4_unit': 448, 'decoder_layer5_unit': 384}. Best is trial 14 with value: 14.216636776924133.
Trial 63 finished with value: 28.436704397201538 and parameters: {'reg_l1': 0.7786129991115918, 'reg_l2': 0.4294183775763838, 'learning_rate': 0.01, 'dropout': 0.3250673802840152, 'batch_size': 64, 'encoder_layer0_unit': 384, 'encoder_layer1_unit': 160, 'encoder_layer2_unit': 352, 'encoder_layer3_unit': 224, 'encoder_z_mean_layer0_unit': 128, 'encoder_z_mean_layer1_unit': 128, 'encoder_z_log_var_layer0_unit': 128, 'encoder_z_log_var_layer1_unit': 32, 'decoder_layer0_unit': 320, 'decoder_layer1_unit': 288, 'decoder_layer2_unit': 160, 'decoder_layer3_unit': 192, 'decoder_layer4_unit': 192, 'decoder_layer5_unit': 32}. Best is trial 14 with value: 14.216636776924133.
