Trial 112 finished with value: 112.9429702758789 and parameters: {'reg_l1': 0.786737587000738, 'reg_l2': 0.14804295913339305, 'learning_rate': 0.01, 'dropout': 0.22435177802488127, 'batch_size': 256, 'encoder_layer0_unit': 416, 'encoder_layer1_unit': 224, 'encoder_layer2_unit': 224, 'encoder_layer3_unit': 416, 'encoder_z_mean_layer0_unit': 64, 'encoder_z_mean_layer1_unit': 64, 'encoder_z_log_var_layer0_unit': 128, 'encoder_z_log_var_layer1_unit': 96, 'decoder_layer0_unit': 96, 'decoder_layer1_unit': 480, 'decoder_layer2_unit': 480, 'decoder_layer3_unit': 64, 'decoder_layer4_unit': 352, 'decoder_layer5_unit': 32}. Best is trial 45 with value: 14.216556549072266.
Trial 113 finished with value: 14.218107342720032 and parameters: {'reg_l1': 0.08466991294390902, 'reg_l2': 0.3422883780872936, 'learning_rate': 0.01, 'dropout': 0.017927909782868845, 'batch_size': 32, 'encoder_layer0_unit': 416, 'encoder_layer1_unit': 288, 'encoder_layer2_unit': 384, 'encoder_layer3_unit': 352, 'encoder_z_mean_layer0_unit': 96, 'encoder_z_mean_layer1_unit': 96, 'encoder_z_log_var_layer0_unit': 64, 'encoder_z_log_var_layer1_unit': 128, 'decoder_layer0_unit': 32, 'decoder_layer1_unit': 416, 'decoder_layer2_unit': 256, 'decoder_layer3_unit': 384, 'decoder_layer4_unit': 416, 'decoder_layer5_unit': 448}. Best is trial 45 with value: 14.216556549072266.
Trial 114 finished with value: 112.93771743774414 and parameters: {'reg_l1': 0.9060796063329476, 'reg_l2': 0.49103285685858433, 'learning_rate': 0.0005, 'dropout': 0.41846073161317476, 'batch_size': 256, 'encoder_layer0_unit': 416, 'encoder_layer1_unit': 416, 'encoder_layer2_unit': 288, 'encoder_layer3_unit': 224, 'encoder_z_mean_layer0_unit': 32, 'encoder_z_mean_layer1_unit': 128, 'encoder_z_log_var_layer0_unit': 64, 'encoder_z_log_var_layer1_unit': 64, 'decoder_layer0_unit': 288, 'decoder_layer1_unit': 256, 'decoder_layer2_unit': 32, 'decoder_layer3_unit': 480, 'decoder_layer4_unit': 480, 'decoder_layer5_unit': 128}. Best is trial 45 with value: 14.216556549072266.
Trial 115 finished with value: 70.54094886779785 and parameters: {'reg_l1': 0.26279250004718546, 'reg_l2': 0.11883698561211165, 'learning_rate': 0.0005, 'dropout': 0.46537263879755897, 'batch_size': 160, 'encoder_layer0_unit': 288, 'encoder_layer1_unit': 160, 'encoder_layer2_unit': 448, 'encoder_layer3_unit': 352, 'encoder_z_mean_layer0_unit': 96, 'encoder_z_mean_layer1_unit': 32, 'encoder_z_log_var_layer0_unit': 128, 'encoder_z_log_var_layer1_unit': 64, 'decoder_layer0_unit': 32, 'decoder_layer1_unit': 480, 'decoder_layer2_unit': 288, 'decoder_layer3_unit': 256, 'decoder_layer4_unit': 352, 'decoder_layer5_unit': 384}. Best is trial 45 with value: 14.216556549072266.
Trial 116 finished with value: 112.81149959564209 and parameters: {'reg_l1': 0.9840602039382417, 'reg_l2': 0.11138459784314625, 'learning_rate': 0.01, 'dropout': 0.18017509188229613, 'batch_size': 256, 'encoder_layer0_unit': 128, 'encoder_layer1_unit': 256, 'encoder_layer2_unit': 224, 'encoder_layer3_unit': 320, 'encoder_z_mean_layer0_unit': 32, 'encoder_z_mean_layer1_unit': 32, 'encoder_z_log_var_layer0_unit': 64, 'encoder_z_log_var_layer1_unit': 32, 'decoder_layer0_unit': 64, 'decoder_layer1_unit': 256, 'decoder_layer2_unit': 384, 'decoder_layer3_unit': 320, 'decoder_layer4_unit': 192, 'decoder_layer5_unit': 352}. Best is trial 45 with value: 14.216556549072266.
Trial 117 finished with value: 56.68320560455322 and parameters: {'reg_l1': 0.20795910812295637, 'reg_l2': 0.6745125321293769, 'learning_rate': 0.0005, 'dropout': 0.3122743966943584, 'batch_size': 128, 'encoder_layer0_unit': 224, 'encoder_layer1_unit': 480, 'encoder_layer2_unit': 480, 'encoder_layer3_unit': 448, 'encoder_z_mean_layer0_unit': 64, 'encoder_z_mean_layer1_unit': 32, 'encoder_z_log_var_layer0_unit': 32, 'encoder_z_log_var_layer1_unit': 96, 'decoder_layer0_unit': 288, 'decoder_layer1_unit': 128, 'decoder_layer2_unit': 352, 'decoder_layer3_unit': 416, 'decoder_layer4_unit': 64, 'decoder_layer5_unit': 416}. Best is trial 45 with value: 14.216556549072266.
Trial 118 finished with value: 112.70505905151367 and parameters: {'reg_l1': 0.20946924810106549, 'reg_l2': 0.002282466444088249, 'learning_rate': 0.001, 'dropout': 0.44782477951692296, 'batch_size': 256, 'encoder_layer0_unit': 416, 'encoder_layer1_unit': 160, 'encoder_layer2_unit': 128, 'encoder_layer3_unit': 416, 'encoder_z_mean_layer0_unit': 128, 'encoder_z_mean_layer1_unit': 96, 'encoder_z_log_var_layer0_unit': 96, 'encoder_z_log_var_layer1_unit': 64, 'decoder_layer0_unit': 416, 'decoder_layer1_unit': 416, 'decoder_layer2_unit': 256, 'decoder_layer3_unit': 64, 'decoder_layer4_unit': 256, 'decoder_layer5_unit': 352}. Best is trial 45 with value: 14.216556549072266.
Trial 119 finished with value: 42.54608631134033 and parameters: {'reg_l1': 0.9241695481606717, 'reg_l2': 0.45138999966263527, 'learning_rate': 0.001, 'dropout': 0.3694188546924065, 'batch_size': 96, 'encoder_layer0_unit': 288, 'encoder_layer1_unit': 448, 'encoder_layer2_unit': 448, 'encoder_layer3_unit': 160, 'encoder_z_mean_layer0_unit': 96, 'encoder_z_mean_layer1_unit': 96, 'encoder_z_log_var_layer0_unit': 32, 'encoder_z_log_var_layer1_unit': 64, 'decoder_layer0_unit': 352, 'decoder_layer1_unit': 480, 'decoder_layer2_unit': 352, 'decoder_layer3_unit': 320, 'decoder_layer4_unit': 224, 'decoder_layer5_unit': 256}. Best is trial 45 with value: 14.216556549072266.
Trial 120 finished with value: 28.4431095123291 and parameters: {'reg_l1': 0.47761876743704235, 'reg_l2': 0.2654718893332648, 'learning_rate': 0.01, 'dropout': 0.3422963237005974, 'batch_size': 64, 'encoder_layer0_unit': 384, 'encoder_layer1_unit': 352, 'encoder_layer2_unit': 320, 'encoder_layer3_unit': 320, 'encoder_z_mean_layer0_unit': 96, 'encoder_z_mean_layer1_unit': 32, 'encoder_z_log_var_layer0_unit': 64, 'encoder_z_log_var_layer1_unit': 64, 'decoder_layer0_unit': 32, 'decoder_layer1_unit': 480, 'decoder_layer2_unit': 384, 'decoder_layer3_unit': 448, 'decoder_layer4_unit': 480, 'decoder_layer5_unit': 416}. Best is trial 45 with value: 14.216556549072266.
Trial 121 finished with value: 113.75198364257812 and parameters: {'reg_l1': 0.9115602441340446, 'reg_l2': 0.20900082121639796, 'learning_rate': 0.005, 'dropout': 0.46845581030705447, 'batch_size': 256, 'encoder_layer0_unit': 352, 'encoder_layer1_unit': 448, 'encoder_layer2_unit': 416, 'encoder_layer3_unit': 448, 'encoder_z_mean_layer0_unit': 32, 'encoder_z_mean_layer1_unit': 96, 'encoder_z_log_var_layer0_unit': 32, 'encoder_z_log_var_layer1_unit': 64, 'decoder_layer0_unit': 160, 'decoder_layer1_unit': 416, 'decoder_layer2_unit': 352, 'decoder_layer3_unit': 128, 'decoder_layer4_unit': 416, 'decoder_layer5_unit': 32}. Best is trial 45 with value: 14.216556549072266.
Trial 122 finished with value: 99.00079727172852 and parameters: {'reg_l1': 0.0837637085174987, 'reg_l2': 0.9911104889007392, 'learning_rate': 0.0001, 'dropout': 0.4854199853449792, 'batch_size': 224, 'encoder_layer0_unit': 384, 'encoder_layer1_unit': 448, 'encoder_layer2_unit': 416, 'encoder_layer3_unit': 448, 'encoder_z_mean_layer0_unit': 96, 'encoder_z_mean_layer1_unit': 96, 'encoder_z_log_var_layer0_unit': 96, 'encoder_z_log_var_layer1_unit': 64, 'decoder_layer0_unit': 448, 'decoder_layer1_unit': 416, 'decoder_layer2_unit': 320, 'decoder_layer3_unit': 160, 'decoder_layer4_unit': 352, 'decoder_layer5_unit': 96}. Best is trial 45 with value: 14.216556549072266.
Trial 123 finished with value: 14.226500988006592 and parameters: {'reg_l1': 0.8563892421557786, 'reg_l2': 0.05385832163138682, 'learning_rate': 0.0001, 'dropout': 0.13282421745214723, 'batch_size': 32, 'encoder_layer0_unit': 480, 'encoder_layer1_unit': 384, 'encoder_layer2_unit': 256, 'encoder_layer3_unit': 448, 'encoder_z_mean_layer0_unit': 64, 'encoder_z_mean_layer1_unit': 64, 'encoder_z_log_var_layer0_unit': 32, 'encoder_z_log_var_layer1_unit': 128, 'decoder_layer0_unit': 320, 'decoder_layer1_unit': 160, 'decoder_layer2_unit': 160, 'decoder_layer3_unit': 384, 'decoder_layer4_unit': 480, 'decoder_layer5_unit': 128}. Best is trial 45 with value: 14.216556549072266.
Trial 124 finished with value: 84.80842590332031 and parameters: {'reg_l1': 0.189382462783787, 'reg_l2': 0.24419925327896352, 'learning_rate': 0.005, 'dropout': 0.3934466696656064, 'batch_size': 192, 'encoder_layer0_unit': 320, 'encoder_layer1_unit': 288, 'encoder_layer2_unit': 256, 'encoder_layer3_unit': 224, 'encoder_z_mean_layer0_unit': 32, 'encoder_z_mean_layer1_unit': 128, 'encoder_z_log_var_layer0_unit': 32, 'encoder_z_log_var_layer1_unit': 64, 'decoder_layer0_unit': 128, 'decoder_layer1_unit': 352, 'decoder_layer2_unit': 160, 'decoder_layer3_unit': 352, 'decoder_layer4_unit': 448, 'decoder_layer5_unit': 320}. Best is trial 45 with value: 14.216556549072266.
Trial 125 finished with value: 28.438759565353394 and parameters: {'reg_l1': 0.6031102326332763, 'reg_l2': 0.09193937460787382, 'learning_rate': 0.0001, 'dropout': 0.48720541042719445, 'batch_size': 64, 'encoder_layer0_unit': 288, 'encoder_layer1_unit': 416, 'encoder_layer2_unit': 352, 'encoder_layer3_unit': 160, 'encoder_z_mean_layer0_unit': 32, 'encoder_z_mean_layer1_unit': 96, 'encoder_z_log_var_layer0_unit': 32, 'encoder_z_log_var_layer1_unit': 32, 'decoder_layer0_unit': 384, 'decoder_layer1_unit': 480, 'decoder_layer2_unit': 32, 'decoder_layer3_unit': 128, 'decoder_layer4_unit': 384, 'decoder_layer5_unit': 192}. Best is trial 45 with value: 14.216556549072266.
Trial 126 finished with value: 56.7217755317688 and parameters: {'reg_l1': 0.6174018363470801, 'reg_l2': 0.09986058663589359, 'learning_rate': 0.0001, 'dropout': 0.21289565873873434, 'batch_size': 128, 'encoder_layer0_unit': 192, 'encoder_layer1_unit': 416, 'encoder_layer2_unit': 448, 'encoder_layer3_unit': 224, 'encoder_z_mean_layer0_unit': 128, 'encoder_z_mean_layer1_unit': 96, 'encoder_z_log_var_layer0_unit': 128, 'encoder_z_log_var_layer1_unit': 128, 'decoder_layer0_unit': 416, 'decoder_layer1_unit': 192, 'decoder_layer2_unit': 64, 'decoder_layer3_unit': 192, 'decoder_layer4_unit': 320, 'decoder_layer5_unit': 224}. Best is trial 45 with value: 14.216556549072266.
Trial 127 finished with value: 112.70538520812988 and parameters: {'reg_l1': 0.5705052690162503, 'reg_l2': 0.24874162529215094, 'learning_rate': 0.005, 'dropout': 0.2861705626160633, 'batch_size': 256, 'encoder_layer0_unit': 256, 'encoder_layer1_unit': 192, 'encoder_layer2_unit': 480, 'encoder_layer3_unit': 416, 'encoder_z_mean_layer0_unit': 96, 'encoder_z_mean_layer1_unit': 96, 'encoder_z_log_var_layer0_unit': 32, 'encoder_z_log_var_layer1_unit': 128, 'decoder_layer0_unit': 320, 'decoder_layer1_unit': 256, 'decoder_layer2_unit': 64, 'decoder_layer3_unit': 256, 'decoder_layer4_unit': 288, 'decoder_layer5_unit': 192}. Best is trial 45 with value: 14.216556549072266.
Trial 128 finished with value: 42.651697635650635 and parameters: {'reg_l1': 0.24692729908169797, 'reg_l2': 0.0708226288786371, 'learning_rate': 0.001, 'dropout': 0.3410889162194495, 'batch_size': 96, 'encoder_layer0_unit': 448, 'encoder_layer1_unit': 224, 'encoder_layer2_unit': 192, 'encoder_layer3_unit': 480, 'encoder_z_mean_layer0_unit': 96, 'encoder_z_mean_layer1_unit': 64, 'encoder_z_log_var_layer0_unit': 96, 'encoder_z_log_var_layer1_unit': 32, 'decoder_layer0_unit': 416, 'decoder_layer1_unit': 192, 'decoder_layer2_unit': 480, 'decoder_layer3_unit': 224, 'decoder_layer4_unit': 352, 'decoder_layer5_unit': 416}. Best is trial 45 with value: 14.216556549072266.
Trial 129 finished with value: 42.63802433013916 and parameters: {'reg_l1': 0.241276903822218, 'reg_l2': 0.8605764742446286, 'learning_rate': 0.001, 'dropout': 0.29418277999038367, 'batch_size': 96, 'encoder_layer0_unit': 320, 'encoder_layer1_unit': 384, 'encoder_layer2_unit': 448, 'encoder_layer3_unit': 352, 'encoder_z_mean_layer0_unit': 32, 'encoder_z_mean_layer1_unit': 96, 'encoder_z_log_var_layer0_unit': 32, 'encoder_z_log_var_layer1_unit': 32, 'decoder_layer0_unit': 32, 'decoder_layer1_unit': 448, 'decoder_layer2_unit': 192, 'decoder_layer3_unit': 288, 'decoder_layer4_unit': 416, 'decoder_layer5_unit': 384}. Best is trial 45 with value: 14.216556549072266.
Trial 130 finished with value: 98.78736305236816 and parameters: {'reg_l1': 0.9417293968436513, 'reg_l2': 0.2995684240920842, 'learning_rate': 0.001, 'dropout': 0.15843859740711697, 'batch_size': 224, 'encoder_layer0_unit': 256, 'encoder_layer1_unit': 416, 'encoder_layer2_unit': 288, 'encoder_layer3_unit': 416, 'encoder_z_mean_layer0_unit': 64, 'encoder_z_mean_layer1_unit': 96, 'encoder_z_log_var_layer0_unit': 32, 'encoder_z_log_var_layer1_unit': 96, 'decoder_layer0_unit': 224, 'decoder_layer1_unit': 352, 'decoder_layer2_unit': 96, 'decoder_layer3_unit': 160, 'decoder_layer4_unit': 384, 'decoder_layer5_unit': 160}. Best is trial 45 with value: 14.216556549072266.
Trial 131 finished with value: 70.86294174194336 and parameters: {'reg_l1': 0.6306128292962649, 'reg_l2': 0.019058989024465345, 'learning_rate': 0.0001, 'dropout': 0.29258974285751316, 'batch_size': 160, 'encoder_layer0_unit': 224, 'encoder_layer1_unit': 128, 'encoder_layer2_unit': 480, 'encoder_layer3_unit': 288, 'encoder_z_mean_layer0_unit': 64, 'encoder_z_mean_layer1_unit': 64, 'encoder_z_log_var_layer0_unit': 96, 'encoder_z_log_var_layer1_unit': 64, 'decoder_layer0_unit': 64, 'decoder_layer1_unit': 352, 'decoder_layer2_unit': 448, 'decoder_layer3_unit': 224, 'decoder_layer4_unit': 448, 'decoder_layer5_unit': 288}. Best is trial 45 with value: 14.216556549072266.
Trial 132 finished with value: 84.79580497741699 and parameters: {'reg_l1': 0.009831356119896606, 'reg_l2': 0.5592857127013925, 'learning_rate': 0.0001, 'dropout': 0.2921079094141097, 'batch_size': 192, 'encoder_layer0_unit': 256, 'encoder_layer1_unit': 128, 'encoder_layer2_unit': 192, 'encoder_layer3_unit': 288, 'encoder_z_mean_layer0_unit': 96, 'encoder_z_mean_layer1_unit': 64, 'encoder_z_log_var_layer0_unit': 64, 'encoder_z_log_var_layer1_unit': 128, 'decoder_layer0_unit': 256, 'decoder_layer1_unit': 320, 'decoder_layer2_unit': 384, 'decoder_layer3_unit': 96, 'decoder_layer4_unit': 64, 'decoder_layer5_unit': 32}. Best is trial 45 with value: 14.216556549072266.
Trial 133 finished with value: 70.56210041046143 and parameters: {'reg_l1': 0.21502346650013382, 'reg_l2': 0.33708639255758455, 'learning_rate': 0.005, 'dropout': 0.07835713470913697, 'batch_size': 160, 'encoder_layer0_unit': 224, 'encoder_layer1_unit': 192, 'encoder_layer2_unit': 416, 'encoder_layer3_unit': 384, 'encoder_z_mean_layer0_unit': 64, 'encoder_z_mean_layer1_unit': 96, 'encoder_z_log_var_layer0_unit': 128, 'encoder_z_log_var_layer1_unit': 64, 'decoder_layer0_unit': 352, 'decoder_layer1_unit': 128, 'decoder_layer2_unit': 192, 'decoder_layer3_unit': 384, 'decoder_layer4_unit': 32, 'decoder_layer5_unit': 64}. Best is trial 45 with value: 14.216556549072266.
Trial 134 finished with value: 28.455718517303467 and parameters: {'reg_l1': 0.8011430920676007, 'reg_l2': 0.004082394667747513, 'learning_rate': 0.005, 'dropout': 0.4107746230779057, 'batch_size': 64, 'encoder_layer0_unit': 384, 'encoder_layer1_unit': 288, 'encoder_layer2_unit': 384, 'encoder_layer3_unit': 320, 'encoder_z_mean_layer0_unit': 64, 'encoder_z_mean_layer1_unit': 128, 'encoder_z_log_var_layer0_unit': 64, 'encoder_z_log_var_layer1_unit': 64, 'decoder_layer0_unit': 96, 'decoder_layer1_unit': 32, 'decoder_layer2_unit': 288, 'decoder_layer3_unit': 96, 'decoder_layer4_unit': 256, 'decoder_layer5_unit': 160}. Best is trial 45 with value: 14.216556549072266.
Trial 135 finished with value: 70.76204872131348 and parameters: {'reg_l1': 0.8093625018177663, 'reg_l2': 0.04543823858810769, 'learning_rate': 0.001, 'dropout': 0.21987397372558254, 'batch_size': 160, 'encoder_layer0_unit': 480, 'encoder_layer1_unit': 416, 'encoder_layer2_unit': 480, 'encoder_layer3_unit': 288, 'encoder_z_mean_layer0_unit': 128, 'encoder_z_mean_layer1_unit': 96, 'encoder_z_log_var_layer0_unit': 64, 'encoder_z_log_var_layer1_unit': 32, 'decoder_layer0_unit': 160, 'decoder_layer1_unit': 224, 'decoder_layer2_unit': 96, 'decoder_layer3_unit': 320, 'decoder_layer4_unit': 320, 'decoder_layer5_unit': 352}. Best is trial 45 with value: 14.216556549072266.
Trial 136 finished with value: 113.74828243255615 and parameters: {'reg_l1': 0.5255010998921834, 'reg_l2': 0.4827066901274296, 'learning_rate': 0.01, 'dropout': 0.12733617177130357, 'batch_size': 256, 'encoder_layer0_unit': 256, 'encoder_layer1_unit': 384, 'encoder_layer2_unit': 480, 'encoder_layer3_unit': 128, 'encoder_z_mean_layer0_unit': 128, 'encoder_z_mean_layer1_unit': 32, 'encoder_z_log_var_layer0_unit': 96, 'encoder_z_log_var_layer1_unit': 64, 'decoder_layer0_unit': 32, 'decoder_layer1_unit': 96, 'decoder_layer2_unit': 384, 'decoder_layer3_unit': 64, 'decoder_layer4_unit': 416, 'decoder_layer5_unit': 384}. Best is trial 45 with value: 14.216556549072266.
Trial 137 finished with value: 98.95991230010986 and parameters: {'reg_l1': 0.9540422077405102, 'reg_l2': 0.5685029953061552, 'learning_rate': 0.001, 'dropout': 0.4654916883847628, 'batch_size': 224, 'encoder_layer0_unit': 416, 'encoder_layer1_unit': 416, 'encoder_layer2_unit': 480, 'encoder_layer3_unit': 320, 'encoder_z_mean_layer0_unit': 64, 'encoder_z_mean_layer1_unit': 32, 'encoder_z_log_var_layer0_unit': 128, 'encoder_z_log_var_layer1_unit': 64, 'decoder_layer0_unit': 480, 'decoder_layer1_unit': 160, 'decoder_layer2_unit': 256, 'decoder_layer3_unit': 384, 'decoder_layer4_unit': 96, 'decoder_layer5_unit': 160}. Best is trial 45 with value: 14.216556549072266.
Trial 138 finished with value: 28.41041874885559 and parameters: {'reg_l1': 0.08415412517815868, 'reg_l2': 0.4347603017469621, 'learning_rate': 0.0001, 'dropout': 0.18854788494522706, 'batch_size': 64, 'encoder_layer0_unit': 288, 'encoder_layer1_unit': 256, 'encoder_layer2_unit': 352, 'encoder_layer3_unit': 192, 'encoder_z_mean_layer0_unit': 64, 'encoder_z_mean_layer1_unit': 96, 'encoder_z_log_var_layer0_unit': 32, 'encoder_z_log_var_layer1_unit': 32, 'decoder_layer0_unit': 160, 'decoder_layer1_unit': 384, 'decoder_layer2_unit': 160, 'decoder_layer3_unit': 416, 'decoder_layer4_unit': 192, 'decoder_layer5_unit': 64}. Best is trial 45 with value: 14.216556549072266.
Trial 139 finished with value: 98.58139133453369 and parameters: {'reg_l1': 0.5111491023022756, 'reg_l2': 0.5949404481383013, 'learning_rate': 0.001, 'dropout': 0.00908648787155858, 'batch_size': 224, 'encoder_layer0_unit': 416, 'encoder_layer1_unit': 128, 'encoder_layer2_unit': 288, 'encoder_layer3_unit': 288, 'encoder_z_mean_layer0_unit': 128, 'encoder_z_mean_layer1_unit': 128, 'encoder_z_log_var_layer0_unit': 32, 'encoder_z_log_var_layer1_unit': 96, 'decoder_layer0_unit': 32, 'decoder_layer1_unit': 288, 'decoder_layer2_unit': 448, 'decoder_layer3_unit': 192, 'decoder_layer4_unit': 448, 'decoder_layer5_unit': 384}. Best is trial 45 with value: 14.216556549072266.
Trial 140 finished with value: 112.93460845947266 and parameters: {'reg_l1': 0.37632659235750643, 'reg_l2': 0.1135312302094833, 'learning_rate': 0.0001, 'dropout': 0.40329142362160975, 'batch_size': 256, 'encoder_layer0_unit': 160, 'encoder_layer1_unit': 160, 'encoder_layer2_unit': 480, 'encoder_layer3_unit': 224, 'encoder_z_mean_layer0_unit': 32, 'encoder_z_mean_layer1_unit': 64, 'encoder_z_log_var_layer0_unit': 128, 'encoder_z_log_var_layer1_unit': 32, 'decoder_layer0_unit': 448, 'decoder_layer1_unit': 384, 'decoder_layer2_unit': 96, 'decoder_layer3_unit': 480, 'decoder_layer4_unit': 416, 'decoder_layer5_unit': 160}. Best is trial 45 with value: 14.216556549072266.
Trial 141 finished with value: 70.69095516204834 and parameters: {'reg_l1': 0.5306149512025657, 'reg_l2': 0.40703169919701754, 'learning_rate': 0.0001, 'dropout': 0.1829128277879794, 'batch_size': 160, 'encoder_layer0_unit': 448, 'encoder_layer1_unit': 416, 'encoder_layer2_unit': 160, 'encoder_layer3_unit': 352, 'encoder_z_mean_layer0_unit': 96, 'encoder_z_mean_layer1_unit': 32, 'encoder_z_log_var_layer0_unit': 96, 'encoder_z_log_var_layer1_unit': 64, 'decoder_layer0_unit': 416, 'decoder_layer1_unit': 288, 'decoder_layer2_unit': 128, 'decoder_layer3_unit': 32, 'decoder_layer4_unit': 480, 'decoder_layer5_unit': 160}. Best is trial 45 with value: 14.216556549072266.
Trial 142 finished with value: 28.447137355804443 and parameters: {'reg_l1': 0.7236901337679283, 'reg_l2': 0.18737785560992437, 'learning_rate': 0.005, 'dropout': 0.48196111286921456, 'batch_size': 64, 'encoder_layer0_unit': 416, 'encoder_layer1_unit': 448, 'encoder_layer2_unit': 480, 'encoder_layer3_unit': 256, 'encoder_z_mean_layer0_unit': 96, 'encoder_z_mean_layer1_unit': 96, 'encoder_z_log_var_layer0_unit': 64, 'encoder_z_log_var_layer1_unit': 128, 'decoder_layer0_unit': 256, 'decoder_layer1_unit': 352, 'decoder_layer2_unit': 288, 'decoder_layer3_unit': 160, 'decoder_layer4_unit': 320, 'decoder_layer5_unit': 96}. Best is trial 45 with value: 14.216556549072266.
Trial 143 finished with value: 99.01055908203125 and parameters: {'reg_l1': 0.7084686051359681, 'reg_l2': 0.9649054229781527, 'learning_rate': 0.0001, 'dropout': 0.26019765181819565, 'batch_size': 224, 'encoder_layer0_unit': 416, 'encoder_layer1_unit': 192, 'encoder_layer2_unit': 224, 'encoder_layer3_unit': 480, 'encoder_z_mean_layer0_unit': 128, 'encoder_z_mean_layer1_unit': 64, 'encoder_z_log_var_layer0_unit': 64, 'encoder_z_log_var_layer1_unit': 32, 'decoder_layer0_unit': 320, 'decoder_layer1_unit': 96, 'decoder_layer2_unit': 256, 'decoder_layer3_unit': 384, 'decoder_layer4_unit': 32, 'decoder_layer5_unit': 64}. Best is trial 45 with value: 14.216556549072266.
