Trial 304 finished with value: 112.8188886642456 and parameters: {'reg_l1': 0.8693673571406055, 'reg_l2': 0.7153648529852099, 'learning_rate': 0.001, 'dropout': 0.09715574448839409, 'batch_size': 256, 'encoder_layer0_unit': 352, 'encoder_layer1_unit': 480, 'encoder_layer2_unit': 480, 'encoder_layer3_unit': 384, 'encoder_z_mean_layer0_unit': 128, 'encoder_z_mean_layer1_unit': 32, 'encoder_z_log_var_layer0_unit': 96, 'encoder_z_log_var_layer1_unit': 128, 'decoder_layer0_unit': 416, 'decoder_layer1_unit': 384, 'decoder_layer2_unit': 352, 'decoder_layer3_unit': 288, 'decoder_layer4_unit': 192, 'decoder_layer5_unit': 448}. Best is trial 249 with value: 14.215713620185852.
Trial 305 finished with value: 112.2565221786499 and parameters: {'reg_l1': 0.8774093431381315, 'reg_l2': 0.22795594062746838, 'learning_rate': 0.005, 'dropout': 0.32041231540163423, 'batch_size': 256, 'encoder_layer0_unit': 256, 'encoder_layer1_unit': 480, 'encoder_layer2_unit': 160, 'encoder_layer3_unit': 352, 'encoder_z_mean_layer0_unit': 128, 'encoder_z_mean_layer1_unit': 96, 'encoder_z_log_var_layer0_unit': 32, 'encoder_z_log_var_layer1_unit': 96, 'decoder_layer0_unit': 384, 'decoder_layer1_unit': 288, 'decoder_layer2_unit': 416, 'decoder_layer3_unit': 320, 'decoder_layer4_unit': 448, 'decoder_layer5_unit': 128}. Best is trial 249 with value: 14.215713620185852.
Trial 306 finished with value: 56.45534658432007 and parameters: {'reg_l1': 0.2860744583860545, 'reg_l2': 0.7124703919489329, 'learning_rate': 0.01, 'dropout': 0.19291995266113832, 'batch_size': 128, 'encoder_layer0_unit': 384, 'encoder_layer1_unit': 416, 'encoder_layer2_unit': 288, 'encoder_layer3_unit': 416, 'encoder_z_mean_layer0_unit': 96, 'encoder_z_mean_layer1_unit': 128, 'encoder_z_log_var_layer0_unit': 96, 'encoder_z_log_var_layer1_unit': 64, 'decoder_layer0_unit': 192, 'decoder_layer1_unit': 32, 'decoder_layer2_unit': 224, 'decoder_layer3_unit': 480, 'decoder_layer4_unit': 480, 'decoder_layer5_unit': 416}. Best is trial 249 with value: 14.215713620185852.
Trial 307 finished with value: 56.68984079360962 and parameters: {'reg_l1': 0.9664993178902206, 'reg_l2': 0.4431026337689338, 'learning_rate': 0.0005, 'dropout': 0.0929073507316115, 'batch_size': 128, 'encoder_layer0_unit': 480, 'encoder_layer1_unit': 320, 'encoder_layer2_unit': 224, 'encoder_layer3_unit': 160, 'encoder_z_mean_layer0_unit': 96, 'encoder_z_mean_layer1_unit': 96, 'encoder_z_log_var_layer0_unit': 96, 'encoder_z_log_var_layer1_unit': 128, 'decoder_layer0_unit': 448, 'decoder_layer1_unit': 256, 'decoder_layer2_unit': 224, 'decoder_layer3_unit': 128, 'decoder_layer4_unit': 192, 'decoder_layer5_unit': 384}. Best is trial 249 with value: 14.215713620185852.
Trial 308 finished with value: 84.76878833770752 and parameters: {'reg_l1': 0.5217842149882554, 'reg_l2': 0.06422515210091573, 'learning_rate': 0.0001, 'dropout': 0.02852973460478958, 'batch_size': 192, 'encoder_layer0_unit': 384, 'encoder_layer1_unit': 448, 'encoder_layer2_unit': 416, 'encoder_layer3_unit': 320, 'encoder_z_mean_layer0_unit': 64, 'encoder_z_mean_layer1_unit': 128, 'encoder_z_log_var_layer0_unit': 32, 'encoder_z_log_var_layer1_unit': 32, 'decoder_layer0_unit': 320, 'decoder_layer1_unit': 448, 'decoder_layer2_unit': 64, 'decoder_layer3_unit': 32, 'decoder_layer4_unit': 352, 'decoder_layer5_unit': 480}. Best is trial 249 with value: 14.215713620185852.
Trial 309 finished with value: 56.712684631347656 and parameters: {'reg_l1': 0.37997531427686915, 'reg_l2': 0.8896275867781085, 'learning_rate': 0.0005, 'dropout': 0.2026935313094846, 'batch_size': 128, 'encoder_layer0_unit': 448, 'encoder_layer1_unit': 416, 'encoder_layer2_unit': 320, 'encoder_layer3_unit': 480, 'encoder_z_mean_layer0_unit': 96, 'encoder_z_mean_layer1_unit': 64, 'encoder_z_log_var_layer0_unit': 64, 'encoder_z_log_var_layer1_unit': 64, 'decoder_layer0_unit': 224, 'decoder_layer1_unit': 416, 'decoder_layer2_unit': 96, 'decoder_layer3_unit': 288, 'decoder_layer4_unit': 480, 'decoder_layer5_unit': 448}. Best is trial 249 with value: 14.215713620185852.
Trial 310 finished with value: 56.57260990142822 and parameters: {'reg_l1': 0.2568122447546666, 'reg_l2': 0.2261421505975829, 'learning_rate': 0.01, 'dropout': 0.03911278001827917, 'batch_size': 128, 'encoder_layer0_unit': 224, 'encoder_layer1_unit': 448, 'encoder_layer2_unit': 128, 'encoder_layer3_unit': 288, 'encoder_z_mean_layer0_unit': 96, 'encoder_z_mean_layer1_unit': 96, 'encoder_z_log_var_layer0_unit': 96, 'encoder_z_log_var_layer1_unit': 128, 'decoder_layer0_unit': 416, 'decoder_layer1_unit': 320, 'decoder_layer2_unit': 96, 'decoder_layer3_unit': 288, 'decoder_layer4_unit': 224, 'decoder_layer5_unit': 32}. Best is trial 249 with value: 14.215713620185852.
Trial 311 finished with value: 56.67015552520752 and parameters: {'reg_l1': 0.9100258267893776, 'reg_l2': 0.6629889447054756, 'learning_rate': 0.0005, 'dropout': 0.47442961118737725, 'batch_size': 128, 'encoder_layer0_unit': 416, 'encoder_layer1_unit': 448, 'encoder_layer2_unit': 288, 'encoder_layer3_unit': 384, 'encoder_z_mean_layer0_unit': 32, 'encoder_z_mean_layer1_unit': 128, 'encoder_z_log_var_layer0_unit': 64, 'encoder_z_log_var_layer1_unit': 32, 'decoder_layer0_unit': 448, 'decoder_layer1_unit': 128, 'decoder_layer2_unit': 448, 'decoder_layer3_unit': 416, 'decoder_layer4_unit': 384, 'decoder_layer5_unit': 64}. Best is trial 249 with value: 14.215713620185852.
Trial 312 finished with value: 28.46647071838379 and parameters: {'reg_l1': 0.4039562489738434, 'reg_l2': 0.5653560706435838, 'learning_rate': 0.005, 'dropout': 0.07295166940587416, 'batch_size': 64, 'encoder_layer0_unit': 256, 'encoder_layer1_unit': 160, 'encoder_layer2_unit': 416, 'encoder_layer3_unit': 448, 'encoder_z_mean_layer0_unit': 128, 'encoder_z_mean_layer1_unit': 128, 'encoder_z_log_var_layer0_unit': 96, 'encoder_z_log_var_layer1_unit': 128, 'decoder_layer0_unit': 128, 'decoder_layer1_unit': 256, 'decoder_layer2_unit': 384, 'decoder_layer3_unit': 224, 'decoder_layer4_unit': 192, 'decoder_layer5_unit': 224}. Best is trial 249 with value: 14.215713620185852.
Trial 313 finished with value: 14.221076369285583 and parameters: {'reg_l1': 0.0907957998066573, 'reg_l2': 0.7813260716237342, 'learning_rate': 0.0005, 'dropout': 0.04034120859730295, 'batch_size': 32, 'encoder_layer0_unit': 160, 'encoder_layer1_unit': 448, 'encoder_layer2_unit': 320, 'encoder_layer3_unit': 288, 'encoder_z_mean_layer0_unit': 32, 'encoder_z_mean_layer1_unit': 32, 'encoder_z_log_var_layer0_unit': 96, 'encoder_z_log_var_layer1_unit': 32, 'decoder_layer0_unit': 96, 'decoder_layer1_unit': 224, 'decoder_layer2_unit': 480, 'decoder_layer3_unit': 192, 'decoder_layer4_unit': 416, 'decoder_layer5_unit': 416}. Best is trial 249 with value: 14.215713620185852.
Trial 314 finished with value: 84.58439636230469 and parameters: {'reg_l1': 0.7271213751166604, 'reg_l2': 0.9895386006198544, 'learning_rate': 0.0005, 'dropout': 0.06857507449840561, 'batch_size': 192, 'encoder_layer0_unit': 384, 'encoder_layer1_unit': 448, 'encoder_layer2_unit': 224, 'encoder_layer3_unit': 224, 'encoder_z_mean_layer0_unit': 128, 'encoder_z_mean_layer1_unit': 64, 'encoder_z_log_var_layer0_unit': 128, 'encoder_z_log_var_layer1_unit': 128, 'decoder_layer0_unit': 32, 'decoder_layer1_unit': 224, 'decoder_layer2_unit': 128, 'decoder_layer3_unit': 256, 'decoder_layer4_unit': 160, 'decoder_layer5_unit': 352}. Best is trial 249 with value: 14.215713620185852.
Trial 315 finished with value: 42.49195194244385 and parameters: {'reg_l1': 0.841662518102624, 'reg_l2': 0.430248456888626, 'learning_rate': 0.005, 'dropout': 0.42230635035829645, 'batch_size': 96, 'encoder_layer0_unit': 160, 'encoder_layer1_unit': 448, 'encoder_layer2_unit': 352, 'encoder_layer3_unit': 192, 'encoder_z_mean_layer0_unit': 64, 'encoder_z_mean_layer1_unit': 96, 'encoder_z_log_var_layer0_unit': 128, 'encoder_z_log_var_layer1_unit': 96, 'decoder_layer0_unit': 416, 'decoder_layer1_unit': 448, 'decoder_layer2_unit': 96, 'decoder_layer3_unit': 288, 'decoder_layer4_unit': 480, 'decoder_layer5_unit': 128}. Best is trial 249 with value: 14.215713620185852.
Trial 316 finished with value: 14.21688997745514 and parameters: {'reg_l1': 0.6441679592942303, 'reg_l2': 0.5523851681378132, 'learning_rate': 0.001, 'dropout': 0.2876478627125227, 'batch_size': 32, 'encoder_layer0_unit': 192, 'encoder_layer1_unit': 352, 'encoder_layer2_unit': 288, 'encoder_layer3_unit': 384, 'encoder_z_mean_layer0_unit': 96, 'encoder_z_mean_layer1_unit': 96, 'encoder_z_log_var_layer0_unit': 128, 'encoder_z_log_var_layer1_unit': 96, 'decoder_layer0_unit': 480, 'decoder_layer1_unit': 384, 'decoder_layer2_unit': 416, 'decoder_layer3_unit': 256, 'decoder_layer4_unit': 32, 'decoder_layer5_unit': 224}. Best is trial 249 with value: 14.215713620185852.
Trial 317 finished with value: 56.641969203948975 and parameters: {'reg_l1': 0.34808342854672314, 'reg_l2': 0.8548547629495749, 'learning_rate': 0.0001, 'dropout': 0.05601550149575624, 'batch_size': 128, 'encoder_layer0_unit': 288, 'encoder_layer1_unit': 288, 'encoder_layer2_unit': 352, 'encoder_layer3_unit': 288, 'encoder_z_mean_layer0_unit': 32, 'encoder_z_mean_layer1_unit': 32, 'encoder_z_log_var_layer0_unit': 64, 'encoder_z_log_var_layer1_unit': 64, 'decoder_layer0_unit': 384, 'decoder_layer1_unit': 256, 'decoder_layer2_unit': 32, 'decoder_layer3_unit': 128, 'decoder_layer4_unit': 160, 'decoder_layer5_unit': 64}. Best is trial 249 with value: 14.215713620185852.
Trial 318 finished with value: 14.223957061767578 and parameters: {'reg_l1': 0.8764920563768809, 'reg_l2': 0.5715200706575565, 'learning_rate': 0.001, 'dropout': 0.4074813205769253, 'batch_size': 32, 'encoder_layer0_unit': 224, 'encoder_layer1_unit': 480, 'encoder_layer2_unit': 288, 'encoder_layer3_unit': 256, 'encoder_z_mean_layer0_unit': 96, 'encoder_z_mean_layer1_unit': 96, 'encoder_z_log_var_layer0_unit': 128, 'encoder_z_log_var_layer1_unit': 64, 'decoder_layer0_unit': 256, 'decoder_layer1_unit': 416, 'decoder_layer2_unit': 448, 'decoder_layer3_unit': 320, 'decoder_layer4_unit': 256, 'decoder_layer5_unit': 384}. Best is trial 249 with value: 14.215713620185852.
Trial 319 finished with value: 28.46230411529541 and parameters: {'reg_l1': 0.7827580528066298, 'reg_l2': 0.22846964503404144, 'learning_rate': 0.0005, 'dropout': 0.07771831631481935, 'batch_size': 64, 'encoder_layer0_unit': 256, 'encoder_layer1_unit': 384, 'encoder_layer2_unit': 480, 'encoder_layer3_unit': 480, 'encoder_z_mean_layer0_unit': 128, 'encoder_z_mean_layer1_unit': 128, 'encoder_z_log_var_layer0_unit': 32, 'encoder_z_log_var_layer1_unit': 96, 'decoder_layer0_unit': 288, 'decoder_layer1_unit': 64, 'decoder_layer2_unit': 160, 'decoder_layer3_unit': 288, 'decoder_layer4_unit': 416, 'decoder_layer5_unit': 384}. Best is trial 249 with value: 14.215713620185852.
Trial 320 finished with value: 56.736063957214355 and parameters: {'reg_l1': 0.27750706589076535, 'reg_l2': 0.3000288849934507, 'learning_rate': 0.0001, 'dropout': 0.29265419015367744, 'batch_size': 128, 'encoder_layer0_unit': 480, 'encoder_layer1_unit': 416, 'encoder_layer2_unit': 480, 'encoder_layer3_unit': 352, 'encoder_z_mean_layer0_unit': 32, 'encoder_z_mean_layer1_unit': 128, 'encoder_z_log_var_layer0_unit': 64, 'encoder_z_log_var_layer1_unit': 32, 'decoder_layer0_unit': 288, 'decoder_layer1_unit': 64, 'decoder_layer2_unit': 224, 'decoder_layer3_unit': 320, 'decoder_layer4_unit': 224, 'decoder_layer5_unit': 448}. Best is trial 249 with value: 14.215713620185852.
Trial 321 finished with value: 112.27429389953613 and parameters: {'reg_l1': 0.7336946182696594, 'reg_l2': 0.4331461878892491, 'learning_rate': 0.01, 'dropout': 0.3856939035327329, 'batch_size': 256, 'encoder_layer0_unit': 224, 'encoder_layer1_unit': 192, 'encoder_layer2_unit': 288, 'encoder_layer3_unit': 256, 'encoder_z_mean_layer0_unit': 128, 'encoder_z_mean_layer1_unit': 96, 'encoder_z_log_var_layer0_unit': 32, 'encoder_z_log_var_layer1_unit': 96, 'decoder_layer0_unit': 448, 'decoder_layer1_unit': 480, 'decoder_layer2_unit': 384, 'decoder_layer3_unit': 480, 'decoder_layer4_unit': 288, 'decoder_layer5_unit': 96}. Best is trial 249 with value: 14.215713620185852.
Trial 322 finished with value: 28.459923028945923 and parameters: {'reg_l1': 0.8588167855782675, 'reg_l2': 0.5141210225157896, 'learning_rate': 0.01, 'dropout': 0.4700893089168054, 'batch_size': 64, 'encoder_layer0_unit': 416, 'encoder_layer1_unit': 160, 'encoder_layer2_unit': 160, 'encoder_layer3_unit': 288, 'encoder_z_mean_layer0_unit': 96, 'encoder_z_mean_layer1_unit': 64, 'encoder_z_log_var_layer0_unit': 128, 'encoder_z_log_var_layer1_unit': 128, 'decoder_layer0_unit': 192, 'decoder_layer1_unit': 480, 'decoder_layer2_unit': 256, 'decoder_layer3_unit': 64, 'decoder_layer4_unit': 448, 'decoder_layer5_unit': 384}. Best is trial 249 with value: 14.215713620185852.
Trial 323 finished with value: 112.85389709472656 and parameters: {'reg_l1': 0.2999126053428849, 'reg_l2': 0.8948701383612906, 'learning_rate': 0.005, 'dropout': 0.12042257357004843, 'batch_size': 256, 'encoder_layer0_unit': 160, 'encoder_layer1_unit': 416, 'encoder_layer2_unit': 384, 'encoder_layer3_unit': 160, 'encoder_z_mean_layer0_unit': 32, 'encoder_z_mean_layer1_unit': 32, 'encoder_z_log_var_layer0_unit': 96, 'encoder_z_log_var_layer1_unit': 128, 'decoder_layer0_unit': 352, 'decoder_layer1_unit': 224, 'decoder_layer2_unit': 32, 'decoder_layer3_unit': 320, 'decoder_layer4_unit': 160, 'decoder_layer5_unit': 448}. Best is trial 249 with value: 14.215713620185852.
Trial 324 finished with value: 42.48373794555664 and parameters: {'reg_l1': 0.2341764863585154, 'reg_l2': 0.24565107174649536, 'learning_rate': 0.005, 'dropout': 0.11531288933892542, 'batch_size': 96, 'encoder_layer0_unit': 224, 'encoder_layer1_unit': 384, 'encoder_layer2_unit': 416, 'encoder_layer3_unit': 288, 'encoder_z_mean_layer0_unit': 128, 'encoder_z_mean_layer1_unit': 128, 'encoder_z_log_var_layer0_unit': 96, 'encoder_z_log_var_layer1_unit': 64, 'decoder_layer0_unit': 160, 'decoder_layer1_unit': 288, 'decoder_layer2_unit': 256, 'decoder_layer3_unit': 160, 'decoder_layer4_unit': 416, 'decoder_layer5_unit': 288}. Best is trial 249 with value: 14.215713620185852.
Trial 325 finished with value: 14.219984769821167 and parameters: {'reg_l1': 0.3078275195512674, 'reg_l2': 0.25534290662739345, 'learning_rate': 0.0005, 'dropout': 0.41127225957158536, 'batch_size': 32, 'encoder_layer0_unit': 128, 'encoder_layer1_unit': 416, 'encoder_layer2_unit': 480, 'encoder_layer3_unit': 480, 'encoder_z_mean_layer0_unit': 128, 'encoder_z_mean_layer1_unit': 96, 'encoder_z_log_var_layer0_unit': 128, 'encoder_z_log_var_layer1_unit': 96, 'decoder_layer0_unit': 128, 'decoder_layer1_unit': 192, 'decoder_layer2_unit': 32, 'decoder_layer3_unit': 160, 'decoder_layer4_unit': 384, 'decoder_layer5_unit': 256}. Best is trial 249 with value: 14.215713620185852.
Trial 326 finished with value: 84.58606719970703 and parameters: {'reg_l1': 0.7715778791094972, 'reg_l2': 0.18110773638379085, 'learning_rate': 0.001, 'dropout': 0.3524153549590819, 'batch_size': 192, 'encoder_layer0_unit': 224, 'encoder_layer1_unit': 352, 'encoder_layer2_unit': 352, 'encoder_layer3_unit': 416, 'encoder_z_mean_layer0_unit': 96, 'encoder_z_mean_layer1_unit': 128, 'encoder_z_log_var_layer0_unit': 96, 'encoder_z_log_var_layer1_unit': 96, 'decoder_layer0_unit': 224, 'decoder_layer1_unit': 384, 'decoder_layer2_unit': 352, 'decoder_layer3_unit': 224, 'decoder_layer4_unit': 416, 'decoder_layer5_unit': 448}. Best is trial 249 with value: 14.215713620185852.
Trial 327 finished with value: 56.57601451873779 and parameters: {'reg_l1': 0.10745597623326253, 'reg_l2': 0.4830063374798166, 'learning_rate': 0.01, 'dropout': 0.2898430633617964, 'batch_size': 128, 'encoder_layer0_unit': 288, 'encoder_layer1_unit': 384, 'encoder_layer2_unit': 384, 'encoder_layer3_unit': 192, 'encoder_z_mean_layer0_unit': 64, 'encoder_z_mean_layer1_unit': 96, 'encoder_z_log_var_layer0_unit': 128, 'encoder_z_log_var_layer1_unit': 128, 'decoder_layer0_unit': 352, 'decoder_layer1_unit': 224, 'decoder_layer2_unit': 96, 'decoder_layer3_unit': 32, 'decoder_layer4_unit': 320, 'decoder_layer5_unit': 480}. Best is trial 249 with value: 14.215713620185852.
Trial 328 finished with value: 70.6264762878418 and parameters: {'reg_l1': 0.5867090926638828, 'reg_l2': 0.3945210509377497, 'learning_rate': 0.0005, 'dropout': 0.2878805972671689, 'batch_size': 160, 'encoder_layer0_unit': 480, 'encoder_layer1_unit': 448, 'encoder_layer2_unit': 320, 'encoder_layer3_unit': 256, 'encoder_z_mean_layer0_unit': 64, 'encoder_z_mean_layer1_unit': 96, 'encoder_z_log_var_layer0_unit': 32, 'encoder_z_log_var_layer1_unit': 64, 'decoder_layer0_unit': 416, 'decoder_layer1_unit': 384, 'decoder_layer2_unit': 352, 'decoder_layer3_unit': 64, 'decoder_layer4_unit': 96, 'decoder_layer5_unit': 352}. Best is trial 249 with value: 14.215713620185852.
Trial 329 finished with value: 14.216599225997925 and parameters: {'reg_l1': 0.015619600744229745, 'reg_l2': 0.031156106899907443, 'learning_rate': 0.0005, 'dropout': 0.48828034373302015, 'batch_size': 32, 'encoder_layer0_unit': 288, 'encoder_layer1_unit': 160, 'encoder_layer2_unit': 224, 'encoder_layer3_unit': 128, 'encoder_z_mean_layer0_unit': 64, 'encoder_z_mean_layer1_unit': 64, 'encoder_z_log_var_layer0_unit': 128, 'encoder_z_log_var_layer1_unit': 64, 'decoder_layer0_unit': 320, 'decoder_layer1_unit': 224, 'decoder_layer2_unit': 416, 'decoder_layer3_unit': 224, 'decoder_layer4_unit': 384, 'decoder_layer5_unit': 256}. Best is trial 249 with value: 14.215713620185852.
Trial 330 finished with value: 113.0438117980957 and parameters: {'reg_l1': 0.2022457878348637, 'reg_l2': 0.7983181973736743, 'learning_rate': 0.0001, 'dropout': 0.47992315935195906, 'batch_size': 256, 'encoder_layer0_unit': 416, 'encoder_layer1_unit': 416, 'encoder_layer2_unit': 224, 'encoder_layer3_unit': 224, 'encoder_z_mean_layer0_unit': 128, 'encoder_z_mean_layer1_unit': 128, 'encoder_z_log_var_layer0_unit': 32, 'encoder_z_log_var_layer1_unit': 128, 'decoder_layer0_unit': 256, 'decoder_layer1_unit': 32, 'decoder_layer2_unit': 32, 'decoder_layer3_unit': 224, 'decoder_layer4_unit': 128, 'decoder_layer5_unit': 416}. Best is trial 249 with value: 14.215713620185852.
Trial 331 finished with value: 28.456291675567627 and parameters: {'reg_l1': 0.5825161678866698, 'reg_l2': 0.6225745973444456, 'learning_rate': 0.001, 'dropout': 0.02125679906150424, 'batch_size': 64, 'encoder_layer0_unit': 352, 'encoder_layer1_unit': 224, 'encoder_layer2_unit': 160, 'encoder_layer3_unit': 192, 'encoder_z_mean_layer0_unit': 96, 'encoder_z_mean_layer1_unit': 64, 'encoder_z_log_var_layer0_unit': 96, 'encoder_z_log_var_layer1_unit': 128, 'decoder_layer0_unit': 416, 'decoder_layer1_unit': 320, 'decoder_layer2_unit': 288, 'decoder_layer3_unit': 384, 'decoder_layer4_unit': 160, 'decoder_layer5_unit': 288}. Best is trial 249 with value: 14.215713620185852.
Trial 332 finished with value: 112.2183027267456 and parameters: {'reg_l1': 0.7869511124769236, 'reg_l2': 0.5453718457991934, 'learning_rate': 0.01, 'dropout': 0.1575609703359428, 'batch_size': 256, 'encoder_layer0_unit': 416, 'encoder_layer1_unit': 352, 'encoder_layer2_unit': 192, 'encoder_layer3_unit': 480, 'encoder_z_mean_layer0_unit': 32, 'encoder_z_mean_layer1_unit': 64, 'encoder_z_log_var_layer0_unit': 128, 'encoder_z_log_var_layer1_unit': 128, 'decoder_layer0_unit': 32, 'decoder_layer1_unit': 256, 'decoder_layer2_unit': 64, 'decoder_layer3_unit': 320, 'decoder_layer4_unit': 64, 'decoder_layer5_unit': 256}. Best is trial 249 with value: 14.215713620185852.
Trial 333 finished with value: 71.10342311859131 and parameters: {'reg_l1': 0.08802457950155729, 'reg_l2': 0.8296589160964676, 'learning_rate': 0.01, 'dropout': 0.15210037762194506, 'batch_size': 160, 'encoder_layer0_unit': 416, 'encoder_layer1_unit': 224, 'encoder_layer2_unit': 224, 'encoder_layer3_unit': 224, 'encoder_z_mean_layer0_unit': 128, 'encoder_z_mean_layer1_unit': 64, 'encoder_z_log_var_layer0_unit': 96, 'encoder_z_log_var_layer1_unit': 32, 'decoder_layer0_unit': 96, 'decoder_layer1_unit': 224, 'decoder_layer2_unit': 352, 'decoder_layer3_unit': 64, 'decoder_layer4_unit': 352, 'decoder_layer5_unit': 64}. Best is trial 249 with value: 14.215713620185852.
Trial 334 finished with value: 42.68695831298828 and parameters: {'reg_l1': 0.009310682032106055, 'reg_l2': 0.2672785123210648, 'learning_rate': 0.005, 'dropout': 0.37288253275550254, 'batch_size': 96, 'encoder_layer0_unit': 192, 'encoder_layer1_unit': 320, 'encoder_layer2_unit': 256, 'encoder_layer3_unit': 256, 'encoder_z_mean_layer0_unit': 64, 'encoder_z_mean_layer1_unit': 32, 'encoder_z_log_var_layer0_unit': 32, 'encoder_z_log_var_layer1_unit': 96, 'decoder_layer0_unit': 352, 'decoder_layer1_unit': 96, 'decoder_layer2_unit': 416, 'decoder_layer3_unit': 416, 'decoder_layer4_unit': 448, 'decoder_layer5_unit': 288}. Best is trial 249 with value: 14.215713620185852.
Trial 335 finished with value: 112.88061809539795 and parameters: {'reg_l1': 0.7621537527127568, 'reg_l2': 0.47288310839202596, 'learning_rate': 0.0001, 'dropout': 0.12905614515025332, 'batch_size': 256, 'encoder_layer0_unit': 320, 'encoder_layer1_unit': 288, 'encoder_layer2_unit': 352, 'encoder_layer3_unit': 352, 'encoder_z_mean_layer0_unit': 128, 'encoder_z_mean_layer1_unit': 128, 'encoder_z_log_var_layer0_unit': 64, 'encoder_z_log_var_layer1_unit': 96, 'decoder_layer0_unit': 128, 'decoder_layer1_unit': 448, 'decoder_layer2_unit': 96, 'decoder_layer3_unit': 384, 'decoder_layer4_unit': 96, 'decoder_layer5_unit': 192}. Best is trial 249 with value: 14.215713620185852.
