Trial 96 finished with value: 112.23287296295166 and parameters: {'reg_l1': 0.5400313769391227, 'reg_l2': 0.6736818610271534, 'learning_rate': 0.005, 'dropout': 0.19932247207308307, 'batch_size': 256, 'encoder_layer0_unit': 320, 'encoder_layer1_unit': 128, 'encoder_layer2_unit': 288, 'encoder_layer3_unit': 384, 'encoder_z_mean_layer0_unit': 64, 'encoder_z_mean_layer1_unit': 64, 'encoder_z_log_var_layer0_unit': 32, 'encoder_z_log_var_layer1_unit': 96, 'decoder_layer0_unit': 192, 'decoder_layer1_unit': 128, 'decoder_layer2_unit': 448, 'decoder_layer3_unit': 32, 'decoder_layer4_unit': 288, 'decoder_layer5_unit': 128}. Best is trial 45 with value: 14.216556549072266.
Trial 97 finished with value: 14.222572565078735 and parameters: {'reg_l1': 0.7225838032937313, 'reg_l2': 0.8063978930270579, 'learning_rate': 0.0005, 'dropout': 0.4189150726026781, 'batch_size': 32, 'encoder_layer0_unit': 416, 'encoder_layer1_unit': 448, 'encoder_layer2_unit': 256, 'encoder_layer3_unit': 192, 'encoder_z_mean_layer0_unit': 64, 'encoder_z_mean_layer1_unit': 128, 'encoder_z_log_var_layer0_unit': 32, 'encoder_z_log_var_layer1_unit': 64, 'decoder_layer0_unit': 416, 'decoder_layer1_unit': 480, 'decoder_layer2_unit': 288, 'decoder_layer3_unit': 384, 'decoder_layer4_unit': 384, 'decoder_layer5_unit': 288}. Best is trial 45 with value: 14.216556549072266.
Trial 98 finished with value: 70.76733684539795 and parameters: {'reg_l1': 0.1774967266355687, 'reg_l2': 0.8732837622480907, 'learning_rate': 0.001, 'dropout': 0.06640886121592599, 'batch_size': 160, 'encoder_layer0_unit': 448, 'encoder_layer1_unit': 480, 'encoder_layer2_unit': 320, 'encoder_layer3_unit': 352, 'encoder_z_mean_layer0_unit': 96, 'encoder_z_mean_layer1_unit': 96, 'encoder_z_log_var_layer0_unit': 128, 'encoder_z_log_var_layer1_unit': 96, 'decoder_layer0_unit': 256, 'decoder_layer1_unit': 288, 'decoder_layer2_unit': 448, 'decoder_layer3_unit': 256, 'decoder_layer4_unit': 32, 'decoder_layer5_unit': 224}. Best is trial 45 with value: 14.216556549072266.
Trial 99 finished with value: 28.439886808395386 and parameters: {'reg_l1': 0.8054340190953955, 'reg_l2': 0.8788674389465234, 'learning_rate': 0.001, 'dropout': 0.10131467831461827, 'batch_size': 64, 'encoder_layer0_unit': 416, 'encoder_layer1_unit': 128, 'encoder_layer2_unit': 160, 'encoder_layer3_unit': 384, 'encoder_z_mean_layer0_unit': 96, 'encoder_z_mean_layer1_unit': 96, 'encoder_z_log_var_layer0_unit': 32, 'encoder_z_log_var_layer1_unit': 128, 'decoder_layer0_unit': 32, 'decoder_layer1_unit': 160, 'decoder_layer2_unit': 256, 'decoder_layer3_unit': 448, 'decoder_layer4_unit': 256, 'decoder_layer5_unit': 128}. Best is trial 45 with value: 14.216556549072266.
Trial 100 finished with value: 42.50215530395508 and parameters: {'reg_l1': 0.18210473279702488, 'reg_l2': 0.05485979925946782, 'learning_rate': 0.001, 'dropout': 0.22687186929672926, 'batch_size': 96, 'encoder_layer0_unit': 256, 'encoder_layer1_unit': 128, 'encoder_layer2_unit': 192, 'encoder_layer3_unit': 416, 'encoder_z_mean_layer0_unit': 128, 'encoder_z_mean_layer1_unit': 96, 'encoder_z_log_var_layer0_unit': 32, 'encoder_z_log_var_layer1_unit': 96, 'decoder_layer0_unit': 32, 'decoder_layer1_unit': 416, 'decoder_layer2_unit': 224, 'decoder_layer3_unit': 224, 'decoder_layer4_unit': 128, 'decoder_layer5_unit': 352}. Best is trial 45 with value: 14.216556549072266.
Trial 101 finished with value: 84.7861557006836 and parameters: {'reg_l1': 0.40601296115745045, 'reg_l2': 0.22341652611158114, 'learning_rate': 0.01, 'dropout': 0.291254286534015, 'batch_size': 192, 'encoder_layer0_unit': 320, 'encoder_layer1_unit': 384, 'encoder_layer2_unit': 288, 'encoder_layer3_unit': 416, 'encoder_z_mean_layer0_unit': 32, 'encoder_z_mean_layer1_unit': 96, 'encoder_z_log_var_layer0_unit': 128, 'encoder_z_log_var_layer1_unit': 64, 'decoder_layer0_unit': 160, 'decoder_layer1_unit': 96, 'decoder_layer2_unit': 224, 'decoder_layer3_unit': 160, 'decoder_layer4_unit': 384, 'decoder_layer5_unit': 352}. Best is trial 45 with value: 14.216556549072266.
Trial 102 finished with value: 70.73968696594238 and parameters: {'reg_l1': 0.2642330831449359, 'reg_l2': 0.39652634775240236, 'learning_rate': 0.001, 'dropout': 0.35659117377855803, 'batch_size': 160, 'encoder_layer0_unit': 384, 'encoder_layer1_unit': 320, 'encoder_layer2_unit': 224, 'encoder_layer3_unit': 192, 'encoder_z_mean_layer0_unit': 32, 'encoder_z_mean_layer1_unit': 96, 'encoder_z_log_var_layer0_unit': 32, 'encoder_z_log_var_layer1_unit': 96, 'decoder_layer0_unit': 288, 'decoder_layer1_unit': 128, 'decoder_layer2_unit': 384, 'decoder_layer3_unit': 224, 'decoder_layer4_unit': 128, 'decoder_layer5_unit': 192}. Best is trial 45 with value: 14.216556549072266.
Trial 103 finished with value: 113.08940315246582 and parameters: {'reg_l1': 0.41186964560397654, 'reg_l2': 0.9500790576267167, 'learning_rate': 0.0001, 'dropout': 0.4768179462845023, 'batch_size': 256, 'encoder_layer0_unit': 320, 'encoder_layer1_unit': 416, 'encoder_layer2_unit': 224, 'encoder_layer3_unit': 480, 'encoder_z_mean_layer0_unit': 64, 'encoder_z_mean_layer1_unit': 96, 'encoder_z_log_var_layer0_unit': 128, 'encoder_z_log_var_layer1_unit': 64, 'decoder_layer0_unit': 64, 'decoder_layer1_unit': 64, 'decoder_layer2_unit': 448, 'decoder_layer3_unit': 416, 'decoder_layer4_unit': 224, 'decoder_layer5_unit': 352}. Best is trial 45 with value: 14.216556549072266.
Trial 104 finished with value: 70.7780408859253 and parameters: {'reg_l1': 0.7119624255669281, 'reg_l2': 0.38757630538708343, 'learning_rate': 0.0005, 'dropout': 0.22154249722728336, 'batch_size': 160, 'encoder_layer0_unit': 128, 'encoder_layer1_unit': 384, 'encoder_layer2_unit': 448, 'encoder_layer3_unit': 480, 'encoder_z_mean_layer0_unit': 32, 'encoder_z_mean_layer1_unit': 32, 'encoder_z_log_var_layer0_unit': 96, 'encoder_z_log_var_layer1_unit': 96, 'decoder_layer0_unit': 192, 'decoder_layer1_unit': 192, 'decoder_layer2_unit': 352, 'decoder_layer3_unit': 320, 'decoder_layer4_unit': 352, 'decoder_layer5_unit': 32}. Best is trial 45 with value: 14.216556549072266.
Trial 105 finished with value: 14.222893357276917 and parameters: {'reg_l1': 0.3998172791390959, 'reg_l2': 0.32505922462012193, 'learning_rate': 0.005, 'dropout': 0.27684159485467014, 'batch_size': 32, 'encoder_layer0_unit': 384, 'encoder_layer1_unit': 192, 'encoder_layer2_unit': 192, 'encoder_layer3_unit': 160, 'encoder_z_mean_layer0_unit': 64, 'encoder_z_mean_layer1_unit': 32, 'encoder_z_log_var_layer0_unit': 32, 'encoder_z_log_var_layer1_unit': 64, 'decoder_layer0_unit': 352, 'decoder_layer1_unit': 384, 'decoder_layer2_unit': 384, 'decoder_layer3_unit': 128, 'decoder_layer4_unit': 96, 'decoder_layer5_unit': 64}. Best is trial 45 with value: 14.216556549072266.
Trial 106 finished with value: 56.433003425598145 and parameters: {'reg_l1': 0.8217623509763293, 'reg_l2': 0.40493598712341183, 'learning_rate': 0.01, 'dropout': 0.017791741748259093, 'batch_size': 128, 'encoder_layer0_unit': 128, 'encoder_layer1_unit': 288, 'encoder_layer2_unit': 288, 'encoder_layer3_unit': 416, 'encoder_z_mean_layer0_unit': 128, 'encoder_z_mean_layer1_unit': 64, 'encoder_z_log_var_layer0_unit': 128, 'encoder_z_log_var_layer1_unit': 64, 'decoder_layer0_unit': 384, 'decoder_layer1_unit': 448, 'decoder_layer2_unit': 192, 'decoder_layer3_unit': 320, 'decoder_layer4_unit': 480, 'decoder_layer5_unit': 288}. Best is trial 45 with value: 14.216556549072266.
Trial 107 finished with value: 84.52133083343506 and parameters: {'reg_l1': 0.8785435003403673, 'reg_l2': 0.2543735440152154, 'learning_rate': 0.001, 'dropout': 0.23639810901176828, 'batch_size': 192, 'encoder_layer0_unit': 416, 'encoder_layer1_unit': 416, 'encoder_layer2_unit': 288, 'encoder_layer3_unit': 384, 'encoder_z_mean_layer0_unit': 128, 'encoder_z_mean_layer1_unit': 128, 'encoder_z_log_var_layer0_unit': 128, 'encoder_z_log_var_layer1_unit': 64, 'decoder_layer0_unit': 160, 'decoder_layer1_unit': 320, 'decoder_layer2_unit': 160, 'decoder_layer3_unit': 128, 'decoder_layer4_unit': 160, 'decoder_layer5_unit': 256}. Best is trial 45 with value: 14.216556549072266.
Trial 108 finished with value: 112.41711235046387 and parameters: {'reg_l1': 0.776578758937433, 'reg_l2': 0.33901185036861026, 'learning_rate': 0.01, 'dropout': 0.0405103544974027, 'batch_size': 256, 'encoder_layer0_unit': 288, 'encoder_layer1_unit': 256, 'encoder_layer2_unit': 192, 'encoder_layer3_unit': 384, 'encoder_z_mean_layer0_unit': 128, 'encoder_z_mean_layer1_unit': 96, 'encoder_z_log_var_layer0_unit': 128, 'encoder_z_log_var_layer1_unit': 32, 'decoder_layer0_unit': 224, 'decoder_layer1_unit': 288, 'decoder_layer2_unit': 384, 'decoder_layer3_unit': 448, 'decoder_layer4_unit': 64, 'decoder_layer5_unit': 288}. Best is trial 45 with value: 14.216556549072266.
Trial 109 finished with value: 56.51260423660278 and parameters: {'reg_l1': 0.6084095144012623, 'reg_l2': 0.9951975564810426, 'learning_rate': 0.005, 'dropout': 0.030097808528803782, 'batch_size': 128, 'encoder_layer0_unit': 416, 'encoder_layer1_unit': 480, 'encoder_layer2_unit': 160, 'encoder_layer3_unit': 192, 'encoder_z_mean_layer0_unit': 128, 'encoder_z_mean_layer1_unit': 96, 'encoder_z_log_var_layer0_unit': 128, 'encoder_z_log_var_layer1_unit': 128, 'decoder_layer0_unit': 384, 'decoder_layer1_unit': 224, 'decoder_layer2_unit': 320, 'decoder_layer3_unit': 480, 'decoder_layer4_unit': 160, 'decoder_layer5_unit': 160}. Best is trial 45 with value: 14.216556549072266.
Trial 110 finished with value: 112.30492401123047 and parameters: {'reg_l1': 0.1745797180457277, 'reg_l2': 0.9371561622836644, 'learning_rate': 0.005, 'dropout': 0.3255809926408053, 'batch_size': 256, 'encoder_layer0_unit': 320, 'encoder_layer1_unit': 416, 'encoder_layer2_unit': 128, 'encoder_layer3_unit': 192, 'encoder_z_mean_layer0_unit': 64, 'encoder_z_mean_layer1_unit': 32, 'encoder_z_log_var_layer0_unit': 32, 'encoder_z_log_var_layer1_unit': 32, 'decoder_layer0_unit': 288, 'decoder_layer1_unit': 224, 'decoder_layer2_unit': 416, 'decoder_layer3_unit': 256, 'decoder_layer4_unit': 256, 'decoder_layer5_unit': 384}. Best is trial 45 with value: 14.216556549072266.
Trial 111 finished with value: 98.79970932006836 and parameters: {'reg_l1': 0.4140316234926952, 'reg_l2': 0.2071473404186741, 'learning_rate': 0.001, 'dropout': 0.12676691382038452, 'batch_size': 224, 'encoder_layer0_unit': 416, 'encoder_layer1_unit': 384, 'encoder_layer2_unit': 416, 'encoder_layer3_unit': 128, 'encoder_z_mean_layer0_unit': 96, 'encoder_z_mean_layer1_unit': 32, 'encoder_z_log_var_layer0_unit': 32, 'encoder_z_log_var_layer1_unit': 32, 'decoder_layer0_unit': 128, 'decoder_layer1_unit': 384, 'decoder_layer2_unit': 352, 'decoder_layer3_unit': 64, 'decoder_layer4_unit': 64, 'decoder_layer5_unit': 224}. Best is trial 45 with value: 14.216556549072266.
Trial 112 finished with value: 112.9429702758789 and parameters: {'reg_l1': 0.786737587000738, 'reg_l2': 0.14804295913339305, 'learning_rate': 0.01, 'dropout': 0.22435177802488127, 'batch_size': 256, 'encoder_layer0_unit': 416, 'encoder_layer1_unit': 224, 'encoder_layer2_unit': 224, 'encoder_layer3_unit': 416, 'encoder_z_mean_layer0_unit': 64, 'encoder_z_mean_layer1_unit': 64, 'encoder_z_log_var_layer0_unit': 128, 'encoder_z_log_var_layer1_unit': 96, 'decoder_layer0_unit': 96, 'decoder_layer1_unit': 480, 'decoder_layer2_unit': 480, 'decoder_layer3_unit': 64, 'decoder_layer4_unit': 352, 'decoder_layer5_unit': 32}. Best is trial 45 with value: 14.216556549072266.
Trial 113 finished with value: 14.218107342720032 and parameters: {'reg_l1': 0.08466991294390902, 'reg_l2': 0.3422883780872936, 'learning_rate': 0.01, 'dropout': 0.017927909782868845, 'batch_size': 32, 'encoder_layer0_unit': 416, 'encoder_layer1_unit': 288, 'encoder_layer2_unit': 384, 'encoder_layer3_unit': 352, 'encoder_z_mean_layer0_unit': 96, 'encoder_z_mean_layer1_unit': 96, 'encoder_z_log_var_layer0_unit': 64, 'encoder_z_log_var_layer1_unit': 128, 'decoder_layer0_unit': 32, 'decoder_layer1_unit': 416, 'decoder_layer2_unit': 256, 'decoder_layer3_unit': 384, 'decoder_layer4_unit': 416, 'decoder_layer5_unit': 448}. Best is trial 45 with value: 14.216556549072266.
Trial 114 finished with value: 112.93771743774414 and parameters: {'reg_l1': 0.9060796063329476, 'reg_l2': 0.49103285685858433, 'learning_rate': 0.0005, 'dropout': 0.41846073161317476, 'batch_size': 256, 'encoder_layer0_unit': 416, 'encoder_layer1_unit': 416, 'encoder_layer2_unit': 288, 'encoder_layer3_unit': 224, 'encoder_z_mean_layer0_unit': 32, 'encoder_z_mean_layer1_unit': 128, 'encoder_z_log_var_layer0_unit': 64, 'encoder_z_log_var_layer1_unit': 64, 'decoder_layer0_unit': 288, 'decoder_layer1_unit': 256, 'decoder_layer2_unit': 32, 'decoder_layer3_unit': 480, 'decoder_layer4_unit': 480, 'decoder_layer5_unit': 128}. Best is trial 45 with value: 14.216556549072266.
Trial 115 finished with value: 70.54094886779785 and parameters: {'reg_l1': 0.26279250004718546, 'reg_l2': 0.11883698561211165, 'learning_rate': 0.0005, 'dropout': 0.46537263879755897, 'batch_size': 160, 'encoder_layer0_unit': 288, 'encoder_layer1_unit': 160, 'encoder_layer2_unit': 448, 'encoder_layer3_unit': 352, 'encoder_z_mean_layer0_unit': 96, 'encoder_z_mean_layer1_unit': 32, 'encoder_z_log_var_layer0_unit': 128, 'encoder_z_log_var_layer1_unit': 64, 'decoder_layer0_unit': 32, 'decoder_layer1_unit': 480, 'decoder_layer2_unit': 288, 'decoder_layer3_unit': 256, 'decoder_layer4_unit': 352, 'decoder_layer5_unit': 384}. Best is trial 45 with value: 14.216556549072266.
Trial 116 finished with value: 112.81149959564209 and parameters: {'reg_l1': 0.9840602039382417, 'reg_l2': 0.11138459784314625, 'learning_rate': 0.01, 'dropout': 0.18017509188229613, 'batch_size': 256, 'encoder_layer0_unit': 128, 'encoder_layer1_unit': 256, 'encoder_layer2_unit': 224, 'encoder_layer3_unit': 320, 'encoder_z_mean_layer0_unit': 32, 'encoder_z_mean_layer1_unit': 32, 'encoder_z_log_var_layer0_unit': 64, 'encoder_z_log_var_layer1_unit': 32, 'decoder_layer0_unit': 64, 'decoder_layer1_unit': 256, 'decoder_layer2_unit': 384, 'decoder_layer3_unit': 320, 'decoder_layer4_unit': 192, 'decoder_layer5_unit': 352}. Best is trial 45 with value: 14.216556549072266.
Trial 117 finished with value: 56.68320560455322 and parameters: {'reg_l1': 0.20795910812295637, 'reg_l2': 0.6745125321293769, 'learning_rate': 0.0005, 'dropout': 0.3122743966943584, 'batch_size': 128, 'encoder_layer0_unit': 224, 'encoder_layer1_unit': 480, 'encoder_layer2_unit': 480, 'encoder_layer3_unit': 448, 'encoder_z_mean_layer0_unit': 64, 'encoder_z_mean_layer1_unit': 32, 'encoder_z_log_var_layer0_unit': 32, 'encoder_z_log_var_layer1_unit': 96, 'decoder_layer0_unit': 288, 'decoder_layer1_unit': 128, 'decoder_layer2_unit': 352, 'decoder_layer3_unit': 416, 'decoder_layer4_unit': 64, 'decoder_layer5_unit': 416}. Best is trial 45 with value: 14.216556549072266.
Trial 118 finished with value: 112.70505905151367 and parameters: {'reg_l1': 0.20946924810106549, 'reg_l2': 0.002282466444088249, 'learning_rate': 0.001, 'dropout': 0.44782477951692296, 'batch_size': 256, 'encoder_layer0_unit': 416, 'encoder_layer1_unit': 160, 'encoder_layer2_unit': 128, 'encoder_layer3_unit': 416, 'encoder_z_mean_layer0_unit': 128, 'encoder_z_mean_layer1_unit': 96, 'encoder_z_log_var_layer0_unit': 96, 'encoder_z_log_var_layer1_unit': 64, 'decoder_layer0_unit': 416, 'decoder_layer1_unit': 416, 'decoder_layer2_unit': 256, 'decoder_layer3_unit': 64, 'decoder_layer4_unit': 256, 'decoder_layer5_unit': 352}. Best is trial 45 with value: 14.216556549072266.
Trial 119 finished with value: 42.54608631134033 and parameters: {'reg_l1': 0.9241695481606717, 'reg_l2': 0.45138999966263527, 'learning_rate': 0.001, 'dropout': 0.3694188546924065, 'batch_size': 96, 'encoder_layer0_unit': 288, 'encoder_layer1_unit': 448, 'encoder_layer2_unit': 448, 'encoder_layer3_unit': 160, 'encoder_z_mean_layer0_unit': 96, 'encoder_z_mean_layer1_unit': 96, 'encoder_z_log_var_layer0_unit': 32, 'encoder_z_log_var_layer1_unit': 64, 'decoder_layer0_unit': 352, 'decoder_layer1_unit': 480, 'decoder_layer2_unit': 352, 'decoder_layer3_unit': 320, 'decoder_layer4_unit': 224, 'decoder_layer5_unit': 256}. Best is trial 45 with value: 14.216556549072266.
Trial 120 finished with value: 28.4431095123291 and parameters: {'reg_l1': 0.47761876743704235, 'reg_l2': 0.2654718893332648, 'learning_rate': 0.01, 'dropout': 0.3422963237005974, 'batch_size': 64, 'encoder_layer0_unit': 384, 'encoder_layer1_unit': 352, 'encoder_layer2_unit': 320, 'encoder_layer3_unit': 320, 'encoder_z_mean_layer0_unit': 96, 'encoder_z_mean_layer1_unit': 32, 'encoder_z_log_var_layer0_unit': 64, 'encoder_z_log_var_layer1_unit': 64, 'decoder_layer0_unit': 32, 'decoder_layer1_unit': 480, 'decoder_layer2_unit': 384, 'decoder_layer3_unit': 448, 'decoder_layer4_unit': 480, 'decoder_layer5_unit': 416}. Best is trial 45 with value: 14.216556549072266.
Trial 121 finished with value: 113.75198364257812 and parameters: {'reg_l1': 0.9115602441340446, 'reg_l2': 0.20900082121639796, 'learning_rate': 0.005, 'dropout': 0.46845581030705447, 'batch_size': 256, 'encoder_layer0_unit': 352, 'encoder_layer1_unit': 448, 'encoder_layer2_unit': 416, 'encoder_layer3_unit': 448, 'encoder_z_mean_layer0_unit': 32, 'encoder_z_mean_layer1_unit': 96, 'encoder_z_log_var_layer0_unit': 32, 'encoder_z_log_var_layer1_unit': 64, 'decoder_layer0_unit': 160, 'decoder_layer1_unit': 416, 'decoder_layer2_unit': 352, 'decoder_layer3_unit': 128, 'decoder_layer4_unit': 416, 'decoder_layer5_unit': 32}. Best is trial 45 with value: 14.216556549072266.
Trial 122 finished with value: 99.00079727172852 and parameters: {'reg_l1': 0.0837637085174987, 'reg_l2': 0.9911104889007392, 'learning_rate': 0.0001, 'dropout': 0.4854199853449792, 'batch_size': 224, 'encoder_layer0_unit': 384, 'encoder_layer1_unit': 448, 'encoder_layer2_unit': 416, 'encoder_layer3_unit': 448, 'encoder_z_mean_layer0_unit': 96, 'encoder_z_mean_layer1_unit': 96, 'encoder_z_log_var_layer0_unit': 96, 'encoder_z_log_var_layer1_unit': 64, 'decoder_layer0_unit': 448, 'decoder_layer1_unit': 416, 'decoder_layer2_unit': 320, 'decoder_layer3_unit': 160, 'decoder_layer4_unit': 352, 'decoder_layer5_unit': 96}. Best is trial 45 with value: 14.216556549072266.
Trial 123 finished with value: 14.226500988006592 and parameters: {'reg_l1': 0.8563892421557786, 'reg_l2': 0.05385832163138682, 'learning_rate': 0.0001, 'dropout': 0.13282421745214723, 'batch_size': 32, 'encoder_layer0_unit': 480, 'encoder_layer1_unit': 384, 'encoder_layer2_unit': 256, 'encoder_layer3_unit': 448, 'encoder_z_mean_layer0_unit': 64, 'encoder_z_mean_layer1_unit': 64, 'encoder_z_log_var_layer0_unit': 32, 'encoder_z_log_var_layer1_unit': 128, 'decoder_layer0_unit': 320, 'decoder_layer1_unit': 160, 'decoder_layer2_unit': 160, 'decoder_layer3_unit': 384, 'decoder_layer4_unit': 480, 'decoder_layer5_unit': 128}. Best is trial 45 with value: 14.216556549072266.
Trial 124 finished with value: 84.80842590332031 and parameters: {'reg_l1': 0.189382462783787, 'reg_l2': 0.24419925327896352, 'learning_rate': 0.005, 'dropout': 0.3934466696656064, 'batch_size': 192, 'encoder_layer0_unit': 320, 'encoder_layer1_unit': 288, 'encoder_layer2_unit': 256, 'encoder_layer3_unit': 224, 'encoder_z_mean_layer0_unit': 32, 'encoder_z_mean_layer1_unit': 128, 'encoder_z_log_var_layer0_unit': 32, 'encoder_z_log_var_layer1_unit': 64, 'decoder_layer0_unit': 128, 'decoder_layer1_unit': 352, 'decoder_layer2_unit': 160, 'decoder_layer3_unit': 352, 'decoder_layer4_unit': 448, 'decoder_layer5_unit': 320}. Best is trial 45 with value: 14.216556549072266.
Trial 125 finished with value: 28.438759565353394 and parameters: {'reg_l1': 0.6031102326332763, 'reg_l2': 0.09193937460787382, 'learning_rate': 0.0001, 'dropout': 0.48720541042719445, 'batch_size': 64, 'encoder_layer0_unit': 288, 'encoder_layer1_unit': 416, 'encoder_layer2_unit': 352, 'encoder_layer3_unit': 160, 'encoder_z_mean_layer0_unit': 32, 'encoder_z_mean_layer1_unit': 96, 'encoder_z_log_var_layer0_unit': 32, 'encoder_z_log_var_layer1_unit': 32, 'decoder_layer0_unit': 384, 'decoder_layer1_unit': 480, 'decoder_layer2_unit': 32, 'decoder_layer3_unit': 128, 'decoder_layer4_unit': 384, 'decoder_layer5_unit': 192}. Best is trial 45 with value: 14.216556549072266.
Trial 126 finished with value: 56.7217755317688 and parameters: {'reg_l1': 0.6174018363470801, 'reg_l2': 0.09986058663589359, 'learning_rate': 0.0001, 'dropout': 0.21289565873873434, 'batch_size': 128, 'encoder_layer0_unit': 192, 'encoder_layer1_unit': 416, 'encoder_layer2_unit': 448, 'encoder_layer3_unit': 224, 'encoder_z_mean_layer0_unit': 128, 'encoder_z_mean_layer1_unit': 96, 'encoder_z_log_var_layer0_unit': 128, 'encoder_z_log_var_layer1_unit': 128, 'decoder_layer0_unit': 416, 'decoder_layer1_unit': 192, 'decoder_layer2_unit': 64, 'decoder_layer3_unit': 192, 'decoder_layer4_unit': 320, 'decoder_layer5_unit': 224}. Best is trial 45 with value: 14.216556549072266.
Trial 127 finished with value: 112.70538520812988 and parameters: {'reg_l1': 0.5705052690162503, 'reg_l2': 0.24874162529215094, 'learning_rate': 0.005, 'dropout': 0.2861705626160633, 'batch_size': 256, 'encoder_layer0_unit': 256, 'encoder_layer1_unit': 192, 'encoder_layer2_unit': 480, 'encoder_layer3_unit': 416, 'encoder_z_mean_layer0_unit': 96, 'encoder_z_mean_layer1_unit': 96, 'encoder_z_log_var_layer0_unit': 32, 'encoder_z_log_var_layer1_unit': 128, 'decoder_layer0_unit': 320, 'decoder_layer1_unit': 256, 'decoder_layer2_unit': 64, 'decoder_layer3_unit': 256, 'decoder_layer4_unit': 288, 'decoder_layer5_unit': 192}. Best is trial 45 with value: 14.216556549072266.
