Trial 224 finished with value: 42.518951416015625 and parameters: {'reg_l1': 0.16201219657492605, 'reg_l2': 0.1795202327735298, 'learning_rate': 0.01, 'dropout': 0.16831507566583503, 'batch_size': 96, 'encoder_layer0_unit': 192, 'encoder_layer1_unit': 480, 'encoder_layer2_unit': 160, 'encoder_layer3_unit': 448, 'encoder_z_mean_layer0_unit': 128, 'encoder_z_mean_layer1_unit': 128, 'encoder_z_log_var_layer0_unit': 128, 'encoder_z_log_var_layer1_unit': 96, 'decoder_layer0_unit': 480, 'decoder_layer1_unit': 224, 'decoder_layer2_unit': 32, 'decoder_layer3_unit': 32, 'decoder_layer4_unit': 320, 'decoder_layer5_unit': 64}. Best is trial 190 with value: 14.216514110565186.
Trial 225 finished with value: 42.549214363098145 and parameters: {'reg_l1': 0.6994380578016811, 'reg_l2': 0.3520894987549389, 'learning_rate': 0.0001, 'dropout': 0.10421663901930794, 'batch_size': 96, 'encoder_layer0_unit': 160, 'encoder_layer1_unit': 256, 'encoder_layer2_unit': 288, 'encoder_layer3_unit': 480, 'encoder_z_mean_layer0_unit': 32, 'encoder_z_mean_layer1_unit': 128, 'encoder_z_log_var_layer0_unit': 128, 'encoder_z_log_var_layer1_unit': 96, 'decoder_layer0_unit': 256, 'decoder_layer1_unit': 480, 'decoder_layer2_unit': 96, 'decoder_layer3_unit': 192, 'decoder_layer4_unit': 320, 'decoder_layer5_unit': 32}. Best is trial 190 with value: 14.216514110565186.
Trial 226 finished with value: 98.95441150665283 and parameters: {'reg_l1': 0.6939753545975654, 'reg_l2': 0.8675732792078681, 'learning_rate': 0.0001, 'dropout': 0.2997506109409937, 'batch_size': 224, 'encoder_layer0_unit': 288, 'encoder_layer1_unit': 384, 'encoder_layer2_unit': 480, 'encoder_layer3_unit': 256, 'encoder_z_mean_layer0_unit': 128, 'encoder_z_mean_layer1_unit': 32, 'encoder_z_log_var_layer0_unit': 64, 'encoder_z_log_var_layer1_unit': 96, 'decoder_layer0_unit': 224, 'decoder_layer1_unit': 384, 'decoder_layer2_unit': 192, 'decoder_layer3_unit': 192, 'decoder_layer4_unit': 320, 'decoder_layer5_unit': 160}. Best is trial 190 with value: 14.216514110565186.
Trial 227 finished with value: 28.46967124938965 and parameters: {'reg_l1': 0.945012403858126, 'reg_l2': 0.7675227472525795, 'learning_rate': 0.0005, 'dropout': 0.315106826091043, 'batch_size': 64, 'encoder_layer0_unit': 288, 'encoder_layer1_unit': 384, 'encoder_layer2_unit': 480, 'encoder_layer3_unit': 224, 'encoder_z_mean_layer0_unit': 64, 'encoder_z_mean_layer1_unit': 32, 'encoder_z_log_var_layer0_unit': 96, 'encoder_z_log_var_layer1_unit': 64, 'decoder_layer0_unit': 448, 'decoder_layer1_unit': 256, 'decoder_layer2_unit': 416, 'decoder_layer3_unit': 288, 'decoder_layer4_unit': 32, 'decoder_layer5_unit': 416}. Best is trial 190 with value: 14.216514110565186.
Trial 228 finished with value: 98.85690784454346 and parameters: {'reg_l1': 0.06061951159156698, 'reg_l2': 0.2691238105764886, 'learning_rate': 0.0005, 'dropout': 0.020749028881224818, 'batch_size': 224, 'encoder_layer0_unit': 384, 'encoder_layer1_unit': 224, 'encoder_layer2_unit': 448, 'encoder_layer3_unit': 288, 'encoder_z_mean_layer0_unit': 32, 'encoder_z_mean_layer1_unit': 96, 'encoder_z_log_var_layer0_unit': 128, 'encoder_z_log_var_layer1_unit': 32, 'decoder_layer0_unit': 384, 'decoder_layer1_unit': 320, 'decoder_layer2_unit': 96, 'decoder_layer3_unit': 96, 'decoder_layer4_unit': 480, 'decoder_layer5_unit': 256}. Best is trial 190 with value: 14.216514110565186.
Trial 229 finished with value: 14.245549082756042 and parameters: {'reg_l1': 0.3763296759604978, 'reg_l2': 0.34577421741939063, 'learning_rate': 0.0001, 'dropout': 0.14684560983113382, 'batch_size': 32, 'encoder_layer0_unit': 352, 'encoder_layer1_unit': 256, 'encoder_layer2_unit': 320, 'encoder_layer3_unit': 288, 'encoder_z_mean_layer0_unit': 64, 'encoder_z_mean_layer1_unit': 96, 'encoder_z_log_var_layer0_unit': 128, 'encoder_z_log_var_layer1_unit': 96, 'decoder_layer0_unit': 288, 'decoder_layer1_unit': 256, 'decoder_layer2_unit': 160, 'decoder_layer3_unit': 352, 'decoder_layer4_unit': 224, 'decoder_layer5_unit': 416}. Best is trial 190 with value: 14.216514110565186.
Trial 230 finished with value: 28.447412729263306 and parameters: {'reg_l1': 0.44501559285549197, 'reg_l2': 0.054570115593172486, 'learning_rate': 0.01, 'dropout': 0.31427537455753884, 'batch_size': 64, 'encoder_layer0_unit': 416, 'encoder_layer1_unit': 224, 'encoder_layer2_unit': 352, 'encoder_layer3_unit': 128, 'encoder_z_mean_layer0_unit': 64, 'encoder_z_mean_layer1_unit': 128, 'encoder_z_log_var_layer0_unit': 32, 'encoder_z_log_var_layer1_unit': 128, 'decoder_layer0_unit': 448, 'decoder_layer1_unit': 352, 'decoder_layer2_unit': 288, 'decoder_layer3_unit': 480, 'decoder_layer4_unit': 192, 'decoder_layer5_unit': 352}. Best is trial 190 with value: 14.216514110565186.
Trial 231 finished with value: 28.43285870552063 and parameters: {'reg_l1': 0.928382955466997, 'reg_l2': 0.6030840319905766, 'learning_rate': 0.005, 'dropout': 0.31469654436830913, 'batch_size': 64, 'encoder_layer0_unit': 384, 'encoder_layer1_unit': 160, 'encoder_layer2_unit': 128, 'encoder_layer3_unit': 480, 'encoder_z_mean_layer0_unit': 128, 'encoder_z_mean_layer1_unit': 64, 'encoder_z_log_var_layer0_unit': 128, 'encoder_z_log_var_layer1_unit': 64, 'decoder_layer0_unit': 192, 'decoder_layer1_unit': 416, 'decoder_layer2_unit': 320, 'decoder_layer3_unit': 224, 'decoder_layer4_unit': 96, 'decoder_layer5_unit': 256}. Best is trial 190 with value: 14.216514110565186.
Trial 232 finished with value: 28.425957441329956 and parameters: {'reg_l1': 0.7462528451756606, 'reg_l2': 0.7300129287809174, 'learning_rate': 0.0005, 'dropout': 0.2866803104051562, 'batch_size': 64, 'encoder_layer0_unit': 448, 'encoder_layer1_unit': 480, 'encoder_layer2_unit': 160, 'encoder_layer3_unit': 256, 'encoder_z_mean_layer0_unit': 96, 'encoder_z_mean_layer1_unit': 128, 'encoder_z_log_var_layer0_unit': 32, 'encoder_z_log_var_layer1_unit': 96, 'decoder_layer0_unit': 32, 'decoder_layer1_unit': 480, 'decoder_layer2_unit': 96, 'decoder_layer3_unit': 480, 'decoder_layer4_unit': 384, 'decoder_layer5_unit': 480}. Best is trial 190 with value: 14.216514110565186.
Trial 233 finished with value: 112.99660110473633 and parameters: {'reg_l1': 0.4189871085074711, 'reg_l2': 0.32265838784774226, 'learning_rate': 0.0001, 'dropout': 0.36192890638290176, 'batch_size': 256, 'encoder_layer0_unit': 160, 'encoder_layer1_unit': 128, 'encoder_layer2_unit': 288, 'encoder_layer3_unit': 288, 'encoder_z_mean_layer0_unit': 128, 'encoder_z_mean_layer1_unit': 128, 'encoder_z_log_var_layer0_unit': 96, 'encoder_z_log_var_layer1_unit': 32, 'decoder_layer0_unit': 32, 'decoder_layer1_unit': 384, 'decoder_layer2_unit': 192, 'decoder_layer3_unit': 384, 'decoder_layer4_unit': 480, 'decoder_layer5_unit': 416}. Best is trial 190 with value: 14.216514110565186.
Trial 234 finished with value: 98.83781337738037 and parameters: {'reg_l1': 0.5026305728929419, 'reg_l2': 0.06790907711073901, 'learning_rate': 0.0001, 'dropout': 0.24346831849980777, 'batch_size': 224, 'encoder_layer0_unit': 320, 'encoder_layer1_unit': 320, 'encoder_layer2_unit': 160, 'encoder_layer3_unit': 192, 'encoder_z_mean_layer0_unit': 64, 'encoder_z_mean_layer1_unit': 32, 'encoder_z_log_var_layer0_unit': 96, 'encoder_z_log_var_layer1_unit': 64, 'decoder_layer0_unit': 320, 'decoder_layer1_unit': 256, 'decoder_layer2_unit': 352, 'decoder_layer3_unit': 160, 'decoder_layer4_unit': 320, 'decoder_layer5_unit': 384}. Best is trial 190 with value: 14.216514110565186.
Trial 235 finished with value: 112.23033428192139 and parameters: {'reg_l1': 0.40161894268355847, 'reg_l2': 0.8833662793313173, 'learning_rate': 0.01, 'dropout': 0.10747522924270037, 'batch_size': 256, 'encoder_layer0_unit': 352, 'encoder_layer1_unit': 224, 'encoder_layer2_unit': 480, 'encoder_layer3_unit': 288, 'encoder_z_mean_layer0_unit': 64, 'encoder_z_mean_layer1_unit': 64, 'encoder_z_log_var_layer0_unit': 96, 'encoder_z_log_var_layer1_unit': 128, 'decoder_layer0_unit': 288, 'decoder_layer1_unit': 352, 'decoder_layer2_unit': 224, 'decoder_layer3_unit': 96, 'decoder_layer4_unit': 448, 'decoder_layer5_unit': 480}. Best is trial 190 with value: 14.216514110565186.
Trial 236 finished with value: 112.46244621276855 and parameters: {'reg_l1': 0.5267419500262803, 'reg_l2': 0.6018875992671753, 'learning_rate': 0.0005, 'dropout': 0.25583849463974395, 'batch_size': 256, 'encoder_layer0_unit': 384, 'encoder_layer1_unit': 128, 'encoder_layer2_unit': 352, 'encoder_layer3_unit': 160, 'encoder_z_mean_layer0_unit': 96, 'encoder_z_mean_layer1_unit': 128, 'encoder_z_log_var_layer0_unit': 32, 'encoder_z_log_var_layer1_unit': 64, 'decoder_layer0_unit': 32, 'decoder_layer1_unit': 352, 'decoder_layer2_unit': 64, 'decoder_layer3_unit': 448, 'decoder_layer4_unit': 160, 'decoder_layer5_unit': 288}. Best is trial 190 with value: 14.216514110565186.
Trial 237 finished with value: 98.91594696044922 and parameters: {'reg_l1': 0.2606508441818648, 'reg_l2': 0.34783662170816776, 'learning_rate': 0.0005, 'dropout': 0.411923981574872, 'batch_size': 224, 'encoder_layer0_unit': 320, 'encoder_layer1_unit': 352, 'encoder_layer2_unit': 352, 'encoder_layer3_unit': 256, 'encoder_z_mean_layer0_unit': 64, 'encoder_z_mean_layer1_unit': 96, 'encoder_z_log_var_layer0_unit': 96, 'encoder_z_log_var_layer1_unit': 32, 'decoder_layer0_unit': 384, 'decoder_layer1_unit': 352, 'decoder_layer2_unit': 416, 'decoder_layer3_unit': 224, 'decoder_layer4_unit': 320, 'decoder_layer5_unit': 96}. Best is trial 190 with value: 14.216514110565186.
Trial 238 finished with value: 28.43497061729431 and parameters: {'reg_l1': 0.9551502252467815, 'reg_l2': 0.09500399697057638, 'learning_rate': 0.0005, 'dropout': 0.21972657063438117, 'batch_size': 64, 'encoder_layer0_unit': 256, 'encoder_layer1_unit': 192, 'encoder_layer2_unit': 160, 'encoder_layer3_unit': 416, 'encoder_z_mean_layer0_unit': 128, 'encoder_z_mean_layer1_unit': 64, 'encoder_z_log_var_layer0_unit': 128, 'encoder_z_log_var_layer1_unit': 64, 'decoder_layer0_unit': 352, 'decoder_layer1_unit': 64, 'decoder_layer2_unit': 160, 'decoder_layer3_unit': 384, 'decoder_layer4_unit': 160, 'decoder_layer5_unit': 32}. Best is trial 190 with value: 14.216514110565186.
Trial 239 finished with value: 14.221683025360107 and parameters: {'reg_l1': 0.6464729888431388, 'reg_l2': 0.6021073822706404, 'learning_rate': 0.001, 'dropout': 0.29924968510739247, 'batch_size': 32, 'encoder_layer0_unit': 160, 'encoder_layer1_unit': 416, 'encoder_layer2_unit': 256, 'encoder_layer3_unit': 480, 'encoder_z_mean_layer0_unit': 32, 'encoder_z_mean_layer1_unit': 96, 'encoder_z_log_var_layer0_unit': 96, 'encoder_z_log_var_layer1_unit': 128, 'decoder_layer0_unit': 160, 'decoder_layer1_unit': 160, 'decoder_layer2_unit': 160, 'decoder_layer3_unit': 224, 'decoder_layer4_unit': 128, 'decoder_layer5_unit': 352}. Best is trial 190 with value: 14.216514110565186.
Trial 240 finished with value: 112.27236366271973 and parameters: {'reg_l1': 0.593485342993436, 'reg_l2': 0.9918102308445461, 'learning_rate': 0.01, 'dropout': 0.49713401423423836, 'batch_size': 256, 'encoder_layer0_unit': 320, 'encoder_layer1_unit': 448, 'encoder_layer2_unit': 256, 'encoder_layer3_unit': 128, 'encoder_z_mean_layer0_unit': 128, 'encoder_z_mean_layer1_unit': 128, 'encoder_z_log_var_layer0_unit': 128, 'encoder_z_log_var_layer1_unit': 128, 'decoder_layer0_unit': 128, 'decoder_layer1_unit': 448, 'decoder_layer2_unit': 160, 'decoder_layer3_unit': 480, 'decoder_layer4_unit': 224, 'decoder_layer5_unit': 416}. Best is trial 190 with value: 14.216514110565186.
Trial 241 finished with value: 70.42202281951904 and parameters: {'reg_l1': 0.13948664302560498, 'reg_l2': 0.34272552317614424, 'learning_rate': 0.005, 'dropout': 0.29403466970710707, 'batch_size': 160, 'encoder_layer0_unit': 352, 'encoder_layer1_unit': 224, 'encoder_layer2_unit': 352, 'encoder_layer3_unit': 192, 'encoder_z_mean_layer0_unit': 64, 'encoder_z_mean_layer1_unit': 128, 'encoder_z_log_var_layer0_unit': 96, 'encoder_z_log_var_layer1_unit': 128, 'decoder_layer0_unit': 64, 'decoder_layer1_unit': 384, 'decoder_layer2_unit': 352, 'decoder_layer3_unit': 448, 'decoder_layer4_unit': 32, 'decoder_layer5_unit': 416}. Best is trial 190 with value: 14.216514110565186.
Trial 242 finished with value: 28.464072465896606 and parameters: {'reg_l1': 0.6305160782943368, 'reg_l2': 0.10066949443289697, 'learning_rate': 0.0001, 'dropout': 0.25875436266269275, 'batch_size': 64, 'encoder_layer0_unit': 256, 'encoder_layer1_unit': 192, 'encoder_layer2_unit': 480, 'encoder_layer3_unit': 192, 'encoder_z_mean_layer0_unit': 128, 'encoder_z_mean_layer1_unit': 96, 'encoder_z_log_var_layer0_unit': 64, 'encoder_z_log_var_layer1_unit': 64, 'decoder_layer0_unit': 352, 'decoder_layer1_unit': 288, 'decoder_layer2_unit': 96, 'decoder_layer3_unit': 160, 'decoder_layer4_unit': 480, 'decoder_layer5_unit': 224}. Best is trial 190 with value: 14.216514110565186.
Trial 243 finished with value: 14.216627478599548 and parameters: {'reg_l1': 0.7632402077244432, 'reg_l2': 0.29618593000700366, 'learning_rate': 0.001, 'dropout': 0.11196612115105364, 'batch_size': 32, 'encoder_layer0_unit': 192, 'encoder_layer1_unit': 448, 'encoder_layer2_unit': 128, 'encoder_layer3_unit': 224, 'encoder_z_mean_layer0_unit': 96, 'encoder_z_mean_layer1_unit': 32, 'encoder_z_log_var_layer0_unit': 128, 'encoder_z_log_var_layer1_unit': 128, 'decoder_layer0_unit': 64, 'decoder_layer1_unit': 352, 'decoder_layer2_unit': 352, 'decoder_layer3_unit': 448, 'decoder_layer4_unit': 448, 'decoder_layer5_unit': 224}. Best is trial 190 with value: 14.216514110565186.
Trial 244 finished with value: 112.86776542663574 and parameters: {'reg_l1': 0.2948341563682072, 'reg_l2': 0.9217719713789523, 'learning_rate': 0.0001, 'dropout': 0.4309602560367969, 'batch_size': 256, 'encoder_layer0_unit': 384, 'encoder_layer1_unit': 160, 'encoder_layer2_unit': 448, 'encoder_layer3_unit': 256, 'encoder_z_mean_layer0_unit': 96, 'encoder_z_mean_layer1_unit': 96, 'encoder_z_log_var_layer0_unit': 96, 'encoder_z_log_var_layer1_unit': 64, 'decoder_layer0_unit': 128, 'decoder_layer1_unit': 384, 'decoder_layer2_unit': 288, 'decoder_layer3_unit': 128, 'decoder_layer4_unit': 480, 'decoder_layer5_unit': 480}. Best is trial 190 with value: 14.216514110565186.
Trial 245 finished with value: 70.70702362060547 and parameters: {'reg_l1': 0.7515027570142886, 'reg_l2': 0.4499023240862112, 'learning_rate': 0.005, 'dropout': 0.07349930263608029, 'batch_size': 160, 'encoder_layer0_unit': 448, 'encoder_layer1_unit': 256, 'encoder_layer2_unit': 320, 'encoder_layer3_unit': 448, 'encoder_z_mean_layer0_unit': 32, 'encoder_z_mean_layer1_unit': 32, 'encoder_z_log_var_layer0_unit': 128, 'encoder_z_log_var_layer1_unit': 128, 'decoder_layer0_unit': 480, 'decoder_layer1_unit': 384, 'decoder_layer2_unit': 320, 'decoder_layer3_unit': 96, 'decoder_layer4_unit': 128, 'decoder_layer5_unit': 160}. Best is trial 190 with value: 14.216514110565186.
Trial 246 finished with value: 56.40350151062012 and parameters: {'reg_l1': 0.6871812124639034, 'reg_l2': 0.12384976023850525, 'learning_rate': 0.005, 'dropout': 0.3700740013665105, 'batch_size': 128, 'encoder_layer0_unit': 224, 'encoder_layer1_unit': 224, 'encoder_layer2_unit': 480, 'encoder_layer3_unit': 320, 'encoder_z_mean_layer0_unit': 96, 'encoder_z_mean_layer1_unit': 128, 'encoder_z_log_var_layer0_unit': 128, 'encoder_z_log_var_layer1_unit': 128, 'decoder_layer0_unit': 128, 'decoder_layer1_unit': 256, 'decoder_layer2_unit': 32, 'decoder_layer3_unit': 32, 'decoder_layer4_unit': 224, 'decoder_layer5_unit': 288}. Best is trial 190 with value: 14.216514110565186.
Trial 247 finished with value: 28.419000387191772 and parameters: {'reg_l1': 0.5836697447075317, 'reg_l2': 0.04174833463809846, 'learning_rate': 0.0001, 'dropout': 0.1343476904567797, 'batch_size': 64, 'encoder_layer0_unit': 480, 'encoder_layer1_unit': 416, 'encoder_layer2_unit': 448, 'encoder_layer3_unit': 224, 'encoder_z_mean_layer0_unit': 32, 'encoder_z_mean_layer1_unit': 32, 'encoder_z_log_var_layer0_unit': 32, 'encoder_z_log_var_layer1_unit': 96, 'decoder_layer0_unit': 416, 'decoder_layer1_unit': 160, 'decoder_layer2_unit': 96, 'decoder_layer3_unit': 64, 'decoder_layer4_unit': 32, 'decoder_layer5_unit': 480}. Best is trial 190 with value: 14.216514110565186.
Trial 248 finished with value: 112.92218780517578 and parameters: {'reg_l1': 0.685319486959348, 'reg_l2': 0.525713562843979, 'learning_rate': 0.0001, 'dropout': 0.3911288440312609, 'batch_size': 256, 'encoder_layer0_unit': 384, 'encoder_layer1_unit': 192, 'encoder_layer2_unit': 480, 'encoder_layer3_unit': 416, 'encoder_z_mean_layer0_unit': 96, 'encoder_z_mean_layer1_unit': 96, 'encoder_z_log_var_layer0_unit': 64, 'encoder_z_log_var_layer1_unit': 96, 'decoder_layer0_unit': 192, 'decoder_layer1_unit': 320, 'decoder_layer2_unit': 256, 'decoder_layer3_unit': 96, 'decoder_layer4_unit': 192, 'decoder_layer5_unit': 96}. Best is trial 190 with value: 14.216514110565186.
Trial 249 finished with value: 14.215713620185852 and parameters: {'reg_l1': 0.9938682064378883, 'reg_l2': 0.801718421067813, 'learning_rate': 0.0005, 'dropout': 0.24107386325108443, 'batch_size': 32, 'encoder_layer0_unit': 480, 'encoder_layer1_unit': 128, 'encoder_layer2_unit': 320, 'encoder_layer3_unit': 288, 'encoder_z_mean_layer0_unit': 64, 'encoder_z_mean_layer1_unit': 64, 'encoder_z_log_var_layer0_unit': 32, 'encoder_z_log_var_layer1_unit': 32, 'decoder_layer0_unit': 288, 'decoder_layer1_unit': 32, 'decoder_layer2_unit': 480, 'decoder_layer3_unit': 96, 'decoder_layer4_unit': 96, 'decoder_layer5_unit': 352}. Best is trial 249 with value: 14.215713620185852.
Trial 250 finished with value: 98.54732131958008 and parameters: {'reg_l1': 0.20682353125197117, 'reg_l2': 0.2884746698559376, 'learning_rate': 0.005, 'dropout': 0.4223654592409873, 'batch_size': 224, 'encoder_layer0_unit': 192, 'encoder_layer1_unit': 448, 'encoder_layer2_unit': 384, 'encoder_layer3_unit': 192, 'encoder_z_mean_layer0_unit': 64, 'encoder_z_mean_layer1_unit': 64, 'encoder_z_log_var_layer0_unit': 64, 'encoder_z_log_var_layer1_unit': 128, 'decoder_layer0_unit': 352, 'decoder_layer1_unit': 192, 'decoder_layer2_unit': 64, 'decoder_layer3_unit': 128, 'decoder_layer4_unit': 128, 'decoder_layer5_unit': 224}. Best is trial 249 with value: 14.215713620185852.
Trial 251 finished with value: 98.85940074920654 and parameters: {'reg_l1': 0.24014328460001166, 'reg_l2': 0.6073823674506857, 'learning_rate': 0.0001, 'dropout': 0.4160230006493786, 'batch_size': 224, 'encoder_layer0_unit': 416, 'encoder_layer1_unit': 288, 'encoder_layer2_unit': 192, 'encoder_layer3_unit': 288, 'encoder_z_mean_layer0_unit': 128, 'encoder_z_mean_layer1_unit': 64, 'encoder_z_log_var_layer0_unit': 128, 'encoder_z_log_var_layer1_unit': 96, 'decoder_layer0_unit': 160, 'decoder_layer1_unit': 64, 'decoder_layer2_unit': 480, 'decoder_layer3_unit': 224, 'decoder_layer4_unit': 192, 'decoder_layer5_unit': 352}. Best is trial 249 with value: 14.215713620185852.
Trial 252 finished with value: 113.74098777770996 and parameters: {'reg_l1': 0.5073197976426399, 'reg_l2': 0.0015530575555703363, 'learning_rate': 0.01, 'dropout': 0.06205911073558401, 'batch_size': 256, 'encoder_layer0_unit': 416, 'encoder_layer1_unit': 384, 'encoder_layer2_unit': 128, 'encoder_layer3_unit': 224, 'encoder_z_mean_layer0_unit': 64, 'encoder_z_mean_layer1_unit': 32, 'encoder_z_log_var_layer0_unit': 128, 'encoder_z_log_var_layer1_unit': 32, 'decoder_layer0_unit': 320, 'decoder_layer1_unit': 384, 'decoder_layer2_unit': 96, 'decoder_layer3_unit': 352, 'decoder_layer4_unit': 160, 'decoder_layer5_unit': 320}. Best is trial 249 with value: 14.215713620185852.
Trial 253 finished with value: 28.433289051055908 and parameters: {'reg_l1': 0.7341807064877771, 'reg_l2': 0.6517234628730025, 'learning_rate': 0.0001, 'dropout': 0.2576306200340809, 'batch_size': 64, 'encoder_layer0_unit': 320, 'encoder_layer1_unit': 160, 'encoder_layer2_unit': 224, 'encoder_layer3_unit': 480, 'encoder_z_mean_layer0_unit': 96, 'encoder_z_mean_layer1_unit': 64, 'encoder_z_log_var_layer0_unit': 32, 'encoder_z_log_var_layer1_unit': 96, 'decoder_layer0_unit': 64, 'decoder_layer1_unit': 416, 'decoder_layer2_unit': 352, 'decoder_layer3_unit': 320, 'decoder_layer4_unit': 192, 'decoder_layer5_unit': 128}. Best is trial 249 with value: 14.215713620185852.
Trial 254 finished with value: 14.221653461456299 and parameters: {'reg_l1': 0.05555658809023434, 'reg_l2': 0.35665658532493827, 'learning_rate': 0.005, 'dropout': 0.2427746597122752, 'batch_size': 32, 'encoder_layer0_unit': 128, 'encoder_layer1_unit': 224, 'encoder_layer2_unit': 480, 'encoder_layer3_unit': 320, 'encoder_z_mean_layer0_unit': 32, 'encoder_z_mean_layer1_unit': 128, 'encoder_z_log_var_layer0_unit': 128, 'encoder_z_log_var_layer1_unit': 64, 'decoder_layer0_unit': 224, 'decoder_layer1_unit': 288, 'decoder_layer2_unit': 480, 'decoder_layer3_unit': 96, 'decoder_layer4_unit': 416, 'decoder_layer5_unit': 160}. Best is trial 249 with value: 14.215713620185852.
Trial 255 finished with value: 84.50662422180176 and parameters: {'reg_l1': 0.14585022469510323, 'reg_l2': 0.48801315371190535, 'learning_rate': 0.005, 'dropout': 0.2872457423872362, 'batch_size': 192, 'encoder_layer0_unit': 192, 'encoder_layer1_unit': 224, 'encoder_layer2_unit': 224, 'encoder_layer3_unit': 352, 'encoder_z_mean_layer0_unit': 96, 'encoder_z_mean_layer1_unit': 128, 'encoder_z_log_var_layer0_unit': 96, 'encoder_z_log_var_layer1_unit': 96, 'decoder_layer0_unit': 192, 'decoder_layer1_unit': 256, 'decoder_layer2_unit': 224, 'decoder_layer3_unit': 224, 'decoder_layer4_unit': 416, 'decoder_layer5_unit': 416}. Best is trial 249 with value: 14.215713620185852.
