Trial 96 finished with value: 70.73134136199951 and parameters: {'reg_l1': 0.2178736845551944, 'reg_l2': 0.517944800008563, 'learning_rate': 0.001, 'dropout': 0.13965511724704704, 'batch_size': 160, 'encoder_layer0_unit': 256, 'encoder_layer1_unit': 160, 'encoder_layer2_unit': 320, 'encoder_layer3_unit': 384, 'encoder_z_mean_layer0_unit': 128, 'encoder_z_mean_layer1_unit': 128, 'encoder_z_log_var_layer0_unit': 96, 'encoder_z_log_var_layer1_unit': 32, 'decoder_layer0_unit': 320, 'decoder_layer1_unit': 224, 'decoder_layer2_unit': 224, 'decoder_layer3_unit': 96, 'decoder_layer4_unit': 96, 'decoder_layer5_unit': 416}. Best is trial 14 with value: 14.216636776924133.
Trial 97 finished with value: 84.70754623413086 and parameters: {'reg_l1': 0.3521639306043397, 'reg_l2': 0.6577158616166466, 'learning_rate': 0.005, 'dropout': 0.13203395664687845, 'batch_size': 192, 'encoder_layer0_unit': 192, 'encoder_layer1_unit': 320, 'encoder_layer2_unit': 448, 'encoder_layer3_unit': 352, 'encoder_z_mean_layer0_unit': 96, 'encoder_z_mean_layer1_unit': 96, 'encoder_z_log_var_layer0_unit': 64, 'encoder_z_log_var_layer1_unit': 96, 'decoder_layer0_unit': 224, 'decoder_layer1_unit': 480, 'decoder_layer2_unit': 64, 'decoder_layer3_unit': 352, 'decoder_layer4_unit': 320, 'decoder_layer5_unit': 384}. Best is trial 14 with value: 14.216636776924133.
Trial 98 finished with value: 14.219659209251404 and parameters: {'reg_l1': 0.6516338709045428, 'reg_l2': 0.22835248709026956, 'learning_rate': 0.0005, 'dropout': 0.005017462183349253, 'batch_size': 32, 'encoder_layer0_unit': 160, 'encoder_layer1_unit': 384, 'encoder_layer2_unit': 480, 'encoder_layer3_unit': 320, 'encoder_z_mean_layer0_unit': 128, 'encoder_z_mean_layer1_unit': 128, 'encoder_z_log_var_layer0_unit': 128, 'encoder_z_log_var_layer1_unit': 128, 'decoder_layer0_unit': 256, 'decoder_layer1_unit': 128, 'decoder_layer2_unit': 416, 'decoder_layer3_unit': 352, 'decoder_layer4_unit': 32, 'decoder_layer5_unit': 288}. Best is trial 14 with value: 14.216636776924133.
Trial 99 finished with value: 99.54760837554932 and parameters: {'reg_l1': 0.026786193499054978, 'reg_l2': 0.7589373678454951, 'learning_rate': 0.01, 'dropout': 0.20470273371293923, 'batch_size': 224, 'encoder_layer0_unit': 160, 'encoder_layer1_unit': 224, 'encoder_layer2_unit': 224, 'encoder_layer3_unit': 128, 'encoder_z_mean_layer0_unit': 128, 'encoder_z_mean_layer1_unit': 32, 'encoder_z_log_var_layer0_unit': 32, 'encoder_z_log_var_layer1_unit': 64, 'decoder_layer0_unit': 32, 'decoder_layer1_unit': 352, 'decoder_layer2_unit': 160, 'decoder_layer3_unit': 288, 'decoder_layer4_unit': 416, 'decoder_layer5_unit': 160}. Best is trial 14 with value: 14.216636776924133.
Trial 100 finished with value: 14.216595768928528 and parameters: {'reg_l1': 0.8548248789231389, 'reg_l2': 0.4567838225233649, 'learning_rate': 0.0005, 'dropout': 0.037909325410661165, 'batch_size': 32, 'encoder_layer0_unit': 224, 'encoder_layer1_unit': 448, 'encoder_layer2_unit': 192, 'encoder_layer3_unit': 448, 'encoder_z_mean_layer0_unit': 64, 'encoder_z_mean_layer1_unit': 32, 'encoder_z_log_var_layer0_unit': 128, 'encoder_z_log_var_layer1_unit': 128, 'decoder_layer0_unit': 96, 'decoder_layer1_unit': 288, 'decoder_layer2_unit': 416, 'decoder_layer3_unit': 160, 'decoder_layer4_unit': 192, 'decoder_layer5_unit': 64}. Best is trial 100 with value: 14.216595768928528.
Trial 101 finished with value: 14.219635367393494 and parameters: {'reg_l1': 0.1718504217385518, 'reg_l2': 0.7134303204704189, 'learning_rate': 0.01, 'dropout': 0.33493612210290563, 'batch_size': 32, 'encoder_layer0_unit': 480, 'encoder_layer1_unit': 256, 'encoder_layer2_unit': 256, 'encoder_layer3_unit': 192, 'encoder_z_mean_layer0_unit': 32, 'encoder_z_mean_layer1_unit': 32, 'encoder_z_log_var_layer0_unit': 32, 'encoder_z_log_var_layer1_unit': 64, 'decoder_layer0_unit': 480, 'decoder_layer1_unit': 320, 'decoder_layer2_unit': 96, 'decoder_layer3_unit': 384, 'decoder_layer4_unit': 288, 'decoder_layer5_unit': 416}. Best is trial 100 with value: 14.216595768928528.
Trial 102 finished with value: 112.91940879821777 and parameters: {'reg_l1': 0.8973330333333313, 'reg_l2': 0.07287455213511751, 'learning_rate': 0.005, 'dropout': 0.43811382762900736, 'batch_size': 256, 'encoder_layer0_unit': 416, 'encoder_layer1_unit': 224, 'encoder_layer2_unit': 384, 'encoder_layer3_unit': 384, 'encoder_z_mean_layer0_unit': 32, 'encoder_z_mean_layer1_unit': 96, 'encoder_z_log_var_layer0_unit': 32, 'encoder_z_log_var_layer1_unit': 64, 'decoder_layer0_unit': 64, 'decoder_layer1_unit': 128, 'decoder_layer2_unit': 256, 'decoder_layer3_unit': 480, 'decoder_layer4_unit': 32, 'decoder_layer5_unit': 416}. Best is trial 100 with value: 14.216595768928528.
Trial 103 finished with value: 42.56984329223633 and parameters: {'reg_l1': 0.22741276632677998, 'reg_l2': 0.1959188405173996, 'learning_rate': 0.0005, 'dropout': 0.10583491435106757, 'batch_size': 96, 'encoder_layer0_unit': 320, 'encoder_layer1_unit': 352, 'encoder_layer2_unit': 160, 'encoder_layer3_unit': 416, 'encoder_z_mean_layer0_unit': 32, 'encoder_z_mean_layer1_unit': 64, 'encoder_z_log_var_layer0_unit': 32, 'encoder_z_log_var_layer1_unit': 96, 'decoder_layer0_unit': 480, 'decoder_layer1_unit': 96, 'decoder_layer2_unit': 480, 'decoder_layer3_unit': 352, 'decoder_layer4_unit': 160, 'decoder_layer5_unit': 64}. Best is trial 100 with value: 14.216595768928528.
Trial 104 finished with value: 112.7934627532959 and parameters: {'reg_l1': 0.28575751891968715, 'reg_l2': 0.8938590720506898, 'learning_rate': 0.005, 'dropout': 0.2806048625575745, 'batch_size': 256, 'encoder_layer0_unit': 448, 'encoder_layer1_unit': 160, 'encoder_layer2_unit': 448, 'encoder_layer3_unit': 448, 'encoder_z_mean_layer0_unit': 96, 'encoder_z_mean_layer1_unit': 96, 'encoder_z_log_var_layer0_unit': 32, 'encoder_z_log_var_layer1_unit': 128, 'decoder_layer0_unit': 224, 'decoder_layer1_unit': 224, 'decoder_layer2_unit': 384, 'decoder_layer3_unit': 288, 'decoder_layer4_unit': 64, 'decoder_layer5_unit': 480}. Best is trial 100 with value: 14.216595768928528.
Trial 105 finished with value: 56.450589179992676 and parameters: {'reg_l1': 0.7600567226863394, 'reg_l2': 0.8465941292104399, 'learning_rate': 0.005, 'dropout': 0.004224543776367773, 'batch_size': 128, 'encoder_layer0_unit': 320, 'encoder_layer1_unit': 416, 'encoder_layer2_unit': 416, 'encoder_layer3_unit': 480, 'encoder_z_mean_layer0_unit': 64, 'encoder_z_mean_layer1_unit': 64, 'encoder_z_log_var_layer0_unit': 32, 'encoder_z_log_var_layer1_unit': 128, 'decoder_layer0_unit': 96, 'decoder_layer1_unit': 416, 'decoder_layer2_unit': 256, 'decoder_layer3_unit': 256, 'decoder_layer4_unit': 416, 'decoder_layer5_unit': 448}. Best is trial 100 with value: 14.216595768928528.
Trial 106 finished with value: 70.47530174255371 and parameters: {'reg_l1': 0.699402930476228, 'reg_l2': 0.10865521779211029, 'learning_rate': 0.01, 'dropout': 0.341250455778588, 'batch_size': 160, 'encoder_layer0_unit': 128, 'encoder_layer1_unit': 288, 'encoder_layer2_unit': 448, 'encoder_layer3_unit': 160, 'encoder_z_mean_layer0_unit': 128, 'encoder_z_mean_layer1_unit': 96, 'encoder_z_log_var_layer0_unit': 32, 'encoder_z_log_var_layer1_unit': 32, 'decoder_layer0_unit': 288, 'decoder_layer1_unit': 352, 'decoder_layer2_unit': 128, 'decoder_layer3_unit': 416, 'decoder_layer4_unit': 128, 'decoder_layer5_unit': 96}. Best is trial 100 with value: 14.216595768928528.
Trial 107 finished with value: 71.0834789276123 and parameters: {'reg_l1': 0.5395337661391251, 'reg_l2': 0.52929222088211, 'learning_rate': 0.005, 'dropout': 0.24320388070490784, 'batch_size': 160, 'encoder_layer0_unit': 192, 'encoder_layer1_unit': 160, 'encoder_layer2_unit': 480, 'encoder_layer3_unit': 416, 'encoder_z_mean_layer0_unit': 128, 'encoder_z_mean_layer1_unit': 32, 'encoder_z_log_var_layer0_unit': 96, 'encoder_z_log_var_layer1_unit': 32, 'decoder_layer0_unit': 192, 'decoder_layer1_unit': 288, 'decoder_layer2_unit': 128, 'decoder_layer3_unit': 192, 'decoder_layer4_unit': 160, 'decoder_layer5_unit': 416}. Best is trial 100 with value: 14.216595768928528.
Trial 108 finished with value: 112.91683673858643 and parameters: {'reg_l1': 0.6014197102963322, 'reg_l2': 0.29698193968269737, 'learning_rate': 0.0001, 'dropout': 0.2673325078562659, 'batch_size': 256, 'encoder_layer0_unit': 416, 'encoder_layer1_unit': 192, 'encoder_layer2_unit': 192, 'encoder_layer3_unit': 192, 'encoder_z_mean_layer0_unit': 32, 'encoder_z_mean_layer1_unit': 32, 'encoder_z_log_var_layer0_unit': 64, 'encoder_z_log_var_layer1_unit': 32, 'decoder_layer0_unit': 384, 'decoder_layer1_unit': 480, 'decoder_layer2_unit': 192, 'decoder_layer3_unit': 160, 'decoder_layer4_unit': 224, 'decoder_layer5_unit': 32}. Best is trial 100 with value: 14.216595768928528.
Trial 109 finished with value: 14.220232129096985 and parameters: {'reg_l1': 0.8689470287950732, 'reg_l2': 0.37489437631880274, 'learning_rate': 0.005, 'dropout': 0.4887176251227138, 'batch_size': 32, 'encoder_layer0_unit': 224, 'encoder_layer1_unit': 320, 'encoder_layer2_unit': 256, 'encoder_layer3_unit': 256, 'encoder_z_mean_layer0_unit': 64, 'encoder_z_mean_layer1_unit': 128, 'encoder_z_log_var_layer0_unit': 64, 'encoder_z_log_var_layer1_unit': 32, 'decoder_layer0_unit': 480, 'decoder_layer1_unit': 32, 'decoder_layer2_unit': 448, 'decoder_layer3_unit': 352, 'decoder_layer4_unit': 480, 'decoder_layer5_unit': 64}. Best is trial 100 with value: 14.216595768928528.
Trial 110 finished with value: 14.223327040672302 and parameters: {'reg_l1': 0.6503613747261233, 'reg_l2': 0.7116784548107483, 'learning_rate': 0.005, 'dropout': 0.2349544258414591, 'batch_size': 32, 'encoder_layer0_unit': 320, 'encoder_layer1_unit': 192, 'encoder_layer2_unit': 448, 'encoder_layer3_unit': 288, 'encoder_z_mean_layer0_unit': 32, 'encoder_z_mean_layer1_unit': 128, 'encoder_z_log_var_layer0_unit': 96, 'encoder_z_log_var_layer1_unit': 128, 'decoder_layer0_unit': 64, 'decoder_layer1_unit': 352, 'decoder_layer2_unit': 224, 'decoder_layer3_unit': 96, 'decoder_layer4_unit': 64, 'decoder_layer5_unit': 224}. Best is trial 100 with value: 14.216595768928528.
Trial 111 finished with value: 71.09689044952393 and parameters: {'reg_l1': 0.0406973091679218, 'reg_l2': 0.9751158153303187, 'learning_rate': 0.005, 'dropout': 0.3064267665452927, 'batch_size': 160, 'encoder_layer0_unit': 160, 'encoder_layer1_unit': 480, 'encoder_layer2_unit': 384, 'encoder_layer3_unit': 192, 'encoder_z_mean_layer0_unit': 32, 'encoder_z_mean_layer1_unit': 32, 'encoder_z_log_var_layer0_unit': 96, 'encoder_z_log_var_layer1_unit': 32, 'decoder_layer0_unit': 384, 'decoder_layer1_unit': 32, 'decoder_layer2_unit': 192, 'decoder_layer3_unit': 192, 'decoder_layer4_unit': 32, 'decoder_layer5_unit': 96}. Best is trial 100 with value: 14.216595768928528.
Trial 112 finished with value: 113.74533557891846 and parameters: {'reg_l1': 0.6301105554889694, 'reg_l2': 0.7606508596628299, 'learning_rate': 0.01, 'dropout': 0.44237016536715396, 'batch_size': 256, 'encoder_layer0_unit': 384, 'encoder_layer1_unit': 320, 'encoder_layer2_unit': 384, 'encoder_layer3_unit': 256, 'encoder_z_mean_layer0_unit': 32, 'encoder_z_mean_layer1_unit': 64, 'encoder_z_log_var_layer0_unit': 128, 'encoder_z_log_var_layer1_unit': 64, 'decoder_layer0_unit': 288, 'decoder_layer1_unit': 192, 'decoder_layer2_unit': 448, 'decoder_layer3_unit': 96, 'decoder_layer4_unit': 224, 'decoder_layer5_unit': 32}. Best is trial 100 with value: 14.216595768928528.
Trial 113 finished with value: 14.221114158630371 and parameters: {'reg_l1': 0.9844903368618122, 'reg_l2': 0.253418838829492, 'learning_rate': 0.0005, 'dropout': 0.05227529426171679, 'batch_size': 32, 'encoder_layer0_unit': 480, 'encoder_layer1_unit': 192, 'encoder_layer2_unit': 384, 'encoder_layer3_unit': 448, 'encoder_z_mean_layer0_unit': 96, 'encoder_z_mean_layer1_unit': 128, 'encoder_z_log_var_layer0_unit': 96, 'encoder_z_log_var_layer1_unit': 32, 'decoder_layer0_unit': 256, 'decoder_layer1_unit': 224, 'decoder_layer2_unit': 128, 'decoder_layer3_unit': 448, 'decoder_layer4_unit': 32, 'decoder_layer5_unit': 192}. Best is trial 100 with value: 14.216595768928528.
Trial 114 finished with value: 112.91090488433838 and parameters: {'reg_l1': 0.7323544858220454, 'reg_l2': 0.4262700041460479, 'learning_rate': 0.01, 'dropout': 0.2707103438182578, 'batch_size': 256, 'encoder_layer0_unit': 320, 'encoder_layer1_unit': 288, 'encoder_layer2_unit': 384, 'encoder_layer3_unit': 160, 'encoder_z_mean_layer0_unit': 128, 'encoder_z_mean_layer1_unit': 64, 'encoder_z_log_var_layer0_unit': 96, 'encoder_z_log_var_layer1_unit': 96, 'decoder_layer0_unit': 160, 'decoder_layer1_unit': 128, 'decoder_layer2_unit': 384, 'decoder_layer3_unit': 32, 'decoder_layer4_unit': 96, 'decoder_layer5_unit': 224}. Best is trial 100 with value: 14.216595768928528.
Trial 115 finished with value: 112.90524673461914 and parameters: {'reg_l1': 0.2792845076607716, 'reg_l2': 0.1030918645583756, 'learning_rate': 0.0005, 'dropout': 0.43609726535558035, 'batch_size': 256, 'encoder_layer0_unit': 288, 'encoder_layer1_unit': 320, 'encoder_layer2_unit': 224, 'encoder_layer3_unit': 288, 'encoder_z_mean_layer0_unit': 32, 'encoder_z_mean_layer1_unit': 96, 'encoder_z_log_var_layer0_unit': 64, 'encoder_z_log_var_layer1_unit': 96, 'decoder_layer0_unit': 224, 'decoder_layer1_unit': 96, 'decoder_layer2_unit': 64, 'decoder_layer3_unit': 384, 'decoder_layer4_unit': 416, 'decoder_layer5_unit': 480}. Best is trial 100 with value: 14.216595768928528.
Trial 116 finished with value: 56.70191812515259 and parameters: {'reg_l1': 0.3849071327289981, 'reg_l2': 0.09717439025767205, 'learning_rate': 0.005, 'dropout': 0.1922509964321764, 'batch_size': 128, 'encoder_layer0_unit': 416, 'encoder_layer1_unit': 384, 'encoder_layer2_unit': 192, 'encoder_layer3_unit': 128, 'encoder_z_mean_layer0_unit': 128, 'encoder_z_mean_layer1_unit': 32, 'encoder_z_log_var_layer0_unit': 32, 'encoder_z_log_var_layer1_unit': 128, 'decoder_layer0_unit': 352, 'decoder_layer1_unit': 160, 'decoder_layer2_unit': 288, 'decoder_layer3_unit': 64, 'decoder_layer4_unit': 256, 'decoder_layer5_unit': 384}. Best is trial 100 with value: 14.216595768928528.
Trial 117 finished with value: 71.10726165771484 and parameters: {'reg_l1': 0.010523894053915184, 'reg_l2': 0.8125262926338904, 'learning_rate': 0.01, 'dropout': 0.1552355571860391, 'batch_size': 160, 'encoder_layer0_unit': 384, 'encoder_layer1_unit': 128, 'encoder_layer2_unit': 224, 'encoder_layer3_unit': 384, 'encoder_z_mean_layer0_unit': 32, 'encoder_z_mean_layer1_unit': 96, 'encoder_z_log_var_layer0_unit': 128, 'encoder_z_log_var_layer1_unit': 32, 'decoder_layer0_unit': 160, 'decoder_layer1_unit': 256, 'decoder_layer2_unit': 224, 'decoder_layer3_unit': 64, 'decoder_layer4_unit': 480, 'decoder_layer5_unit': 160}. Best is trial 100 with value: 14.216595768928528.
Trial 118 finished with value: 112.98354434967041 and parameters: {'reg_l1': 0.9052150576917524, 'reg_l2': 0.46633434557916753, 'learning_rate': 0.0005, 'dropout': 0.2481814601322641, 'batch_size': 256, 'encoder_layer0_unit': 192, 'encoder_layer1_unit': 288, 'encoder_layer2_unit': 224, 'encoder_layer3_unit': 448, 'encoder_z_mean_layer0_unit': 64, 'encoder_z_mean_layer1_unit': 32, 'encoder_z_log_var_layer0_unit': 128, 'encoder_z_log_var_layer1_unit': 32, 'decoder_layer0_unit': 384, 'decoder_layer1_unit': 416, 'decoder_layer2_unit': 320, 'decoder_layer3_unit': 448, 'decoder_layer4_unit': 160, 'decoder_layer5_unit': 192}. Best is trial 100 with value: 14.216595768928528.
Trial 119 finished with value: 84.45623874664307 and parameters: {'reg_l1': 0.9629365962421964, 'reg_l2': 0.5441211300747022, 'learning_rate': 0.0005, 'dropout': 0.09798150126648525, 'batch_size': 192, 'encoder_layer0_unit': 256, 'encoder_layer1_unit': 288, 'encoder_layer2_unit': 352, 'encoder_layer3_unit': 224, 'encoder_z_mean_layer0_unit': 32, 'encoder_z_mean_layer1_unit': 96, 'encoder_z_log_var_layer0_unit': 128, 'encoder_z_log_var_layer1_unit': 96, 'decoder_layer0_unit': 32, 'decoder_layer1_unit': 288, 'decoder_layer2_unit': 320, 'decoder_layer3_unit': 32, 'decoder_layer4_unit': 384, 'decoder_layer5_unit': 384}. Best is trial 100 with value: 14.216595768928528.
Trial 120 finished with value: 28.4391508102417 and parameters: {'reg_l1': 0.7404734346714115, 'reg_l2': 0.24572265187258802, 'learning_rate': 0.001, 'dropout': 0.3056260093696175, 'batch_size': 64, 'encoder_layer0_unit': 192, 'encoder_layer1_unit': 352, 'encoder_layer2_unit': 320, 'encoder_layer3_unit': 480, 'encoder_z_mean_layer0_unit': 32, 'encoder_z_mean_layer1_unit': 32, 'encoder_z_log_var_layer0_unit': 64, 'encoder_z_log_var_layer1_unit': 96, 'decoder_layer0_unit': 320, 'decoder_layer1_unit': 192, 'decoder_layer2_unit': 224, 'decoder_layer3_unit': 224, 'decoder_layer4_unit': 96, 'decoder_layer5_unit': 160}. Best is trial 100 with value: 14.216595768928528.
Trial 121 finished with value: 98.75680541992188 and parameters: {'reg_l1': 0.7229973820593933, 'reg_l2': 0.4536628033638984, 'learning_rate': 0.001, 'dropout': 0.27197485396963383, 'batch_size': 224, 'encoder_layer0_unit': 320, 'encoder_layer1_unit': 192, 'encoder_layer2_unit': 480, 'encoder_layer3_unit': 256, 'encoder_z_mean_layer0_unit': 128, 'encoder_z_mean_layer1_unit': 64, 'encoder_z_log_var_layer0_unit': 64, 'encoder_z_log_var_layer1_unit': 32, 'decoder_layer0_unit': 64, 'decoder_layer1_unit': 448, 'decoder_layer2_unit': 32, 'decoder_layer3_unit': 224, 'decoder_layer4_unit': 32, 'decoder_layer5_unit': 448}. Best is trial 100 with value: 14.216595768928528.
Trial 122 finished with value: 28.457597017288208 and parameters: {'reg_l1': 0.33411603109101284, 'reg_l2': 0.8891876240737109, 'learning_rate': 0.01, 'dropout': 0.3770425693218822, 'batch_size': 64, 'encoder_layer0_unit': 384, 'encoder_layer1_unit': 160, 'encoder_layer2_unit': 480, 'encoder_layer3_unit': 416, 'encoder_z_mean_layer0_unit': 64, 'encoder_z_mean_layer1_unit': 64, 'encoder_z_log_var_layer0_unit': 96, 'encoder_z_log_var_layer1_unit': 32, 'decoder_layer0_unit': 128, 'decoder_layer1_unit': 224, 'decoder_layer2_unit': 448, 'decoder_layer3_unit': 448, 'decoder_layer4_unit': 32, 'decoder_layer5_unit': 448}. Best is trial 100 with value: 14.216595768928528.
Trial 123 finished with value: 56.6668438911438 and parameters: {'reg_l1': 0.2658987549220494, 'reg_l2': 0.23708711517390935, 'learning_rate': 0.0005, 'dropout': 0.013935728918050394, 'batch_size': 128, 'encoder_layer0_unit': 192, 'encoder_layer1_unit': 352, 'encoder_layer2_unit': 224, 'encoder_layer3_unit': 448, 'encoder_z_mean_layer0_unit': 32, 'encoder_z_mean_layer1_unit': 128, 'encoder_z_log_var_layer0_unit': 96, 'encoder_z_log_var_layer1_unit': 128, 'decoder_layer0_unit': 320, 'decoder_layer1_unit': 32, 'decoder_layer2_unit': 64, 'decoder_layer3_unit': 352, 'decoder_layer4_unit': 416, 'decoder_layer5_unit': 192}. Best is trial 100 with value: 14.216595768928528.
Trial 124 finished with value: 98.88059329986572 and parameters: {'reg_l1': 0.9371359658642463, 'reg_l2': 0.27181231082636614, 'learning_rate': 0.005, 'dropout': 0.26275443773197893, 'batch_size': 224, 'encoder_layer0_unit': 256, 'encoder_layer1_unit': 224, 'encoder_layer2_unit': 256, 'encoder_layer3_unit': 416, 'encoder_z_mean_layer0_unit': 64, 'encoder_z_mean_layer1_unit': 32, 'encoder_z_log_var_layer0_unit': 64, 'encoder_z_log_var_layer1_unit': 32, 'decoder_layer0_unit': 128, 'decoder_layer1_unit': 384, 'decoder_layer2_unit': 256, 'decoder_layer3_unit': 128, 'decoder_layer4_unit': 288, 'decoder_layer5_unit': 256}. Best is trial 100 with value: 14.216595768928528.
Trial 125 finished with value: 56.65848922729492 and parameters: {'reg_l1': 0.6659331228781372, 'reg_l2': 0.7911293337870376, 'learning_rate': 0.001, 'dropout': 0.14911436529708122, 'batch_size': 128, 'encoder_layer0_unit': 384, 'encoder_layer1_unit': 224, 'encoder_layer2_unit': 128, 'encoder_layer3_unit': 448, 'encoder_z_mean_layer0_unit': 96, 'encoder_z_mean_layer1_unit': 64, 'encoder_z_log_var_layer0_unit': 64, 'encoder_z_log_var_layer1_unit': 64, 'decoder_layer0_unit': 416, 'decoder_layer1_unit': 32, 'decoder_layer2_unit': 384, 'decoder_layer3_unit': 128, 'decoder_layer4_unit': 96, 'decoder_layer5_unit': 128}. Best is trial 100 with value: 14.216595768928528.
Trial 126 finished with value: 42.56808042526245 and parameters: {'reg_l1': 0.8914560784657724, 'reg_l2': 0.7243052085469984, 'learning_rate': 0.001, 'dropout': 0.15959296535610973, 'batch_size': 96, 'encoder_layer0_unit': 416, 'encoder_layer1_unit': 192, 'encoder_layer2_unit': 256, 'encoder_layer3_unit': 448, 'encoder_z_mean_layer0_unit': 128, 'encoder_z_mean_layer1_unit': 96, 'encoder_z_log_var_layer0_unit': 128, 'encoder_z_log_var_layer1_unit': 128, 'decoder_layer0_unit': 96, 'decoder_layer1_unit': 96, 'decoder_layer2_unit': 96, 'decoder_layer3_unit': 192, 'decoder_layer4_unit': 256, 'decoder_layer5_unit': 384}. Best is trial 100 with value: 14.216595768928528.
Trial 127 finished with value: 14.231655359268188 and parameters: {'reg_l1': 0.5348353976298869, 'reg_l2': 0.9089485383821895, 'learning_rate': 0.0001, 'dropout': 0.45162839921422415, 'batch_size': 32, 'encoder_layer0_unit': 448, 'encoder_layer1_unit': 128, 'encoder_layer2_unit': 128, 'encoder_layer3_unit': 480, 'encoder_z_mean_layer0_unit': 128, 'encoder_z_mean_layer1_unit': 96, 'encoder_z_log_var_layer0_unit': 128, 'encoder_z_log_var_layer1_unit': 96, 'decoder_layer0_unit': 64, 'decoder_layer1_unit': 352, 'decoder_layer2_unit': 448, 'decoder_layer3_unit': 64, 'decoder_layer4_unit': 224, 'decoder_layer5_unit': 192}. Best is trial 100 with value: 14.216595768928528.
