Trial 80 finished with value: 28.451478958129883 and parameters: {'reg_l1': 0.33896468405672653, 'reg_l2': 0.20739556021358163, 'learning_rate': 0.005, 'dropout': 0.19824048153391427, 'batch_size': 64, 'encoder_layer0_unit': 448, 'encoder_layer1_unit': 288, 'encoder_layer2_unit': 480, 'encoder_layer3_unit': 288, 'encoder_z_mean_layer0_unit': 64, 'encoder_z_mean_layer1_unit': 64, 'encoder_z_log_var_layer0_unit': 32, 'encoder_z_log_var_layer1_unit': 96, 'decoder_layer0_unit': 32, 'decoder_layer1_unit': 128, 'decoder_layer2_unit': 320, 'decoder_layer3_unit': 448, 'decoder_layer4_unit': 64, 'decoder_layer5_unit': 448}. Best is trial 45 with value: 14.216556549072266.
Trial 81 finished with value: 14.237089037895203 and parameters: {'reg_l1': 0.818002956906717, 'reg_l2': 0.9502545908135658, 'learning_rate': 0.0001, 'dropout': 0.06117583995993736, 'batch_size': 32, 'encoder_layer0_unit': 480, 'encoder_layer1_unit': 320, 'encoder_layer2_unit': 416, 'encoder_layer3_unit': 480, 'encoder_z_mean_layer0_unit': 32, 'encoder_z_mean_layer1_unit': 96, 'encoder_z_log_var_layer0_unit': 32, 'encoder_z_log_var_layer1_unit': 64, 'decoder_layer0_unit': 288, 'decoder_layer1_unit': 160, 'decoder_layer2_unit': 224, 'decoder_layer3_unit': 288, 'decoder_layer4_unit': 160, 'decoder_layer5_unit': 192}. Best is trial 45 with value: 14.216556549072266.
Trial 82 finished with value: 112.19865703582764 and parameters: {'reg_l1': 0.4041073364974407, 'reg_l2': 0.4811947721999501, 'learning_rate': 0.01, 'dropout': 0.43635661942329224, 'batch_size': 256, 'encoder_layer0_unit': 352, 'encoder_layer1_unit': 128, 'encoder_layer2_unit': 352, 'encoder_layer3_unit': 128, 'encoder_z_mean_layer0_unit': 96, 'encoder_z_mean_layer1_unit': 128, 'encoder_z_log_var_layer0_unit': 32, 'encoder_z_log_var_layer1_unit': 96, 'decoder_layer0_unit': 256, 'decoder_layer1_unit': 384, 'decoder_layer2_unit': 480, 'decoder_layer3_unit': 160, 'decoder_layer4_unit': 192, 'decoder_layer5_unit': 416}. Best is trial 45 with value: 14.216556549072266.
Trial 83 finished with value: 84.76046466827393 and parameters: {'reg_l1': 0.13234590210884867, 'reg_l2': 0.41957264740235967, 'learning_rate': 0.0005, 'dropout': 0.032007052599933306, 'batch_size': 192, 'encoder_layer0_unit': 320, 'encoder_layer1_unit': 320, 'encoder_layer2_unit': 128, 'encoder_layer3_unit': 480, 'encoder_z_mean_layer0_unit': 64, 'encoder_z_mean_layer1_unit': 64, 'encoder_z_log_var_layer0_unit': 64, 'encoder_z_log_var_layer1_unit': 96, 'decoder_layer0_unit': 320, 'decoder_layer1_unit': 160, 'decoder_layer2_unit': 416, 'decoder_layer3_unit': 288, 'decoder_layer4_unit': 320, 'decoder_layer5_unit': 320}. Best is trial 45 with value: 14.216556549072266.
Trial 84 finished with value: 42.634403228759766 and parameters: {'reg_l1': 0.7567347224960476, 'reg_l2': 0.42235502920088075, 'learning_rate': 0.0001, 'dropout': 0.07956418297440498, 'batch_size': 96, 'encoder_layer0_unit': 288, 'encoder_layer1_unit': 448, 'encoder_layer2_unit': 192, 'encoder_layer3_unit': 448, 'encoder_z_mean_layer0_unit': 32, 'encoder_z_mean_layer1_unit': 32, 'encoder_z_log_var_layer0_unit': 64, 'encoder_z_log_var_layer1_unit': 64, 'decoder_layer0_unit': 320, 'decoder_layer1_unit': 128, 'decoder_layer2_unit': 416, 'decoder_layer3_unit': 160, 'decoder_layer4_unit': 288, 'decoder_layer5_unit': 224}. Best is trial 45 with value: 14.216556549072266.
Trial 85 finished with value: 112.88508033752441 and parameters: {'reg_l1': 0.3760967446438076, 'reg_l2': 0.7955530629289677, 'learning_rate': 0.0005, 'dropout': 0.21631254036409525, 'batch_size': 256, 'encoder_layer0_unit': 160, 'encoder_layer1_unit': 224, 'encoder_layer2_unit': 352, 'encoder_layer3_unit': 480, 'encoder_z_mean_layer0_unit': 128, 'encoder_z_mean_layer1_unit': 128, 'encoder_z_log_var_layer0_unit': 96, 'encoder_z_log_var_layer1_unit': 128, 'decoder_layer0_unit': 320, 'decoder_layer1_unit': 32, 'decoder_layer2_unit': 64, 'decoder_layer3_unit': 448, 'decoder_layer4_unit': 384, 'decoder_layer5_unit': 352}. Best is trial 45 with value: 14.216556549072266.
Trial 86 finished with value: 14.217912912368774 and parameters: {'reg_l1': 0.972616264995853, 'reg_l2': 0.8402501153905182, 'learning_rate': 0.01, 'dropout': 0.4945340570610071, 'batch_size': 32, 'encoder_layer0_unit': 288, 'encoder_layer1_unit': 192, 'encoder_layer2_unit': 160, 'encoder_layer3_unit': 352, 'encoder_z_mean_layer0_unit': 32, 'encoder_z_mean_layer1_unit': 96, 'encoder_z_log_var_layer0_unit': 64, 'encoder_z_log_var_layer1_unit': 64, 'decoder_layer0_unit': 448, 'decoder_layer1_unit': 224, 'decoder_layer2_unit': 384, 'decoder_layer3_unit': 32, 'decoder_layer4_unit': 448, 'decoder_layer5_unit': 160}. Best is trial 45 with value: 14.216556549072266.
Trial 87 finished with value: 14.219359755516052 and parameters: {'reg_l1': 0.7507934095560659, 'reg_l2': 0.9495353192624688, 'learning_rate': 0.01, 'dropout': 0.30436092162195605, 'batch_size': 32, 'encoder_layer0_unit': 128, 'encoder_layer1_unit': 192, 'encoder_layer2_unit': 224, 'encoder_layer3_unit': 480, 'encoder_z_mean_layer0_unit': 128, 'encoder_z_mean_layer1_unit': 32, 'encoder_z_log_var_layer0_unit': 64, 'encoder_z_log_var_layer1_unit': 96, 'decoder_layer0_unit': 384, 'decoder_layer1_unit': 224, 'decoder_layer2_unit': 256, 'decoder_layer3_unit': 192, 'decoder_layer4_unit': 256, 'decoder_layer5_unit': 64}. Best is trial 45 with value: 14.216556549072266.
Trial 88 finished with value: 84.8665246963501 and parameters: {'reg_l1': 0.6532950818472385, 'reg_l2': 0.41463108737102905, 'learning_rate': 0.0005, 'dropout': 0.2695645741256249, 'batch_size': 192, 'encoder_layer0_unit': 160, 'encoder_layer1_unit': 352, 'encoder_layer2_unit': 256, 'encoder_layer3_unit': 128, 'encoder_z_mean_layer0_unit': 64, 'encoder_z_mean_layer1_unit': 32, 'encoder_z_log_var_layer0_unit': 128, 'encoder_z_log_var_layer1_unit': 128, 'decoder_layer0_unit': 384, 'decoder_layer1_unit': 320, 'decoder_layer2_unit': 32, 'decoder_layer3_unit': 64, 'decoder_layer4_unit': 256, 'decoder_layer5_unit': 384}. Best is trial 45 with value: 14.216556549072266.
Trial 89 finished with value: 70.80458164215088 and parameters: {'reg_l1': 0.8405978819337039, 'reg_l2': 0.6510910203581295, 'learning_rate': 0.001, 'dropout': 0.4226649681100132, 'batch_size': 160, 'encoder_layer0_unit': 480, 'encoder_layer1_unit': 416, 'encoder_layer2_unit': 256, 'encoder_layer3_unit': 352, 'encoder_z_mean_layer0_unit': 96, 'encoder_z_mean_layer1_unit': 96, 'encoder_z_log_var_layer0_unit': 96, 'encoder_z_log_var_layer1_unit': 64, 'decoder_layer0_unit': 448, 'decoder_layer1_unit': 416, 'decoder_layer2_unit': 320, 'decoder_layer3_unit': 96, 'decoder_layer4_unit': 480, 'decoder_layer5_unit': 160}. Best is trial 45 with value: 14.216556549072266.
Trial 90 finished with value: 98.72797966003418 and parameters: {'reg_l1': 0.7322565002718501, 'reg_l2': 0.5983697006472932, 'learning_rate': 0.001, 'dropout': 0.20078264179000077, 'batch_size': 224, 'encoder_layer0_unit': 160, 'encoder_layer1_unit': 160, 'encoder_layer2_unit': 128, 'encoder_layer3_unit': 288, 'encoder_z_mean_layer0_unit': 128, 'encoder_z_mean_layer1_unit': 64, 'encoder_z_log_var_layer0_unit': 64, 'encoder_z_log_var_layer1_unit': 32, 'decoder_layer0_unit': 288, 'decoder_layer1_unit': 480, 'decoder_layer2_unit': 416, 'decoder_layer3_unit': 352, 'decoder_layer4_unit': 320, 'decoder_layer5_unit': 384}. Best is trial 45 with value: 14.216556549072266.
Trial 91 finished with value: 112.42406749725342 and parameters: {'reg_l1': 0.7459505991075246, 'reg_l2': 0.5213184337772538, 'learning_rate': 0.001, 'dropout': 0.38156288853585574, 'batch_size': 256, 'encoder_layer0_unit': 320, 'encoder_layer1_unit': 416, 'encoder_layer2_unit': 480, 'encoder_layer3_unit': 224, 'encoder_z_mean_layer0_unit': 96, 'encoder_z_mean_layer1_unit': 128, 'encoder_z_log_var_layer0_unit': 32, 'encoder_z_log_var_layer1_unit': 64, 'decoder_layer0_unit': 32, 'decoder_layer1_unit': 160, 'decoder_layer2_unit': 128, 'decoder_layer3_unit': 224, 'decoder_layer4_unit': 320, 'decoder_layer5_unit': 64}. Best is trial 45 with value: 14.216556549072266.
Trial 92 finished with value: 56.72472810745239 and parameters: {'reg_l1': 0.23295541776824302, 'reg_l2': 0.8454541464201343, 'learning_rate': 0.0005, 'dropout': 0.49947492314438563, 'batch_size': 128, 'encoder_layer0_unit': 448, 'encoder_layer1_unit': 448, 'encoder_layer2_unit': 224, 'encoder_layer3_unit': 416, 'encoder_z_mean_layer0_unit': 96, 'encoder_z_mean_layer1_unit': 32, 'encoder_z_log_var_layer0_unit': 32, 'encoder_z_log_var_layer1_unit': 64, 'decoder_layer0_unit': 352, 'decoder_layer1_unit': 128, 'decoder_layer2_unit': 128, 'decoder_layer3_unit': 224, 'decoder_layer4_unit': 416, 'decoder_layer5_unit': 320}. Best is trial 45 with value: 14.216556549072266.
Trial 93 finished with value: 14.228744745254517 and parameters: {'reg_l1': 0.22772932018055692, 'reg_l2': 0.7825836286530643, 'learning_rate': 0.0001, 'dropout': 0.12118199935389651, 'batch_size': 32, 'encoder_layer0_unit': 224, 'encoder_layer1_unit': 384, 'encoder_layer2_unit': 480, 'encoder_layer3_unit': 416, 'encoder_z_mean_layer0_unit': 64, 'encoder_z_mean_layer1_unit': 96, 'encoder_z_log_var_layer0_unit': 32, 'encoder_z_log_var_layer1_unit': 128, 'decoder_layer0_unit': 448, 'decoder_layer1_unit': 384, 'decoder_layer2_unit': 320, 'decoder_layer3_unit': 416, 'decoder_layer4_unit': 128, 'decoder_layer5_unit': 288}. Best is trial 45 with value: 14.216556549072266.
Trial 94 finished with value: 71.09050559997559 and parameters: {'reg_l1': 0.20229195295256241, 'reg_l2': 0.937574869449889, 'learning_rate': 0.01, 'dropout': 0.19242344813733275, 'batch_size': 160, 'encoder_layer0_unit': 480, 'encoder_layer1_unit': 448, 'encoder_layer2_unit': 288, 'encoder_layer3_unit': 416, 'encoder_z_mean_layer0_unit': 32, 'encoder_z_mean_layer1_unit': 128, 'encoder_z_log_var_layer0_unit': 64, 'encoder_z_log_var_layer1_unit': 96, 'decoder_layer0_unit': 96, 'decoder_layer1_unit': 384, 'decoder_layer2_unit': 192, 'decoder_layer3_unit': 160, 'decoder_layer4_unit': 352, 'decoder_layer5_unit': 224}. Best is trial 45 with value: 14.216556549072266.
Trial 95 finished with value: 98.869553565979 and parameters: {'reg_l1': 0.24880664092647398, 'reg_l2': 0.28502495505961734, 'learning_rate': 0.005, 'dropout': 0.2651312414370423, 'batch_size': 224, 'encoder_layer0_unit': 480, 'encoder_layer1_unit': 384, 'encoder_layer2_unit': 352, 'encoder_layer3_unit': 416, 'encoder_z_mean_layer0_unit': 128, 'encoder_z_mean_layer1_unit': 32, 'encoder_z_log_var_layer0_unit': 64, 'encoder_z_log_var_layer1_unit': 32, 'decoder_layer0_unit': 224, 'decoder_layer1_unit': 480, 'decoder_layer2_unit': 416, 'decoder_layer3_unit': 64, 'decoder_layer4_unit': 288, 'decoder_layer5_unit': 288}. Best is trial 45 with value: 14.216556549072266.
Trial 96 finished with value: 112.23287296295166 and parameters: {'reg_l1': 0.5400313769391227, 'reg_l2': 0.6736818610271534, 'learning_rate': 0.005, 'dropout': 0.19932247207308307, 'batch_size': 256, 'encoder_layer0_unit': 320, 'encoder_layer1_unit': 128, 'encoder_layer2_unit': 288, 'encoder_layer3_unit': 384, 'encoder_z_mean_layer0_unit': 64, 'encoder_z_mean_layer1_unit': 64, 'encoder_z_log_var_layer0_unit': 32, 'encoder_z_log_var_layer1_unit': 96, 'decoder_layer0_unit': 192, 'decoder_layer1_unit': 128, 'decoder_layer2_unit': 448, 'decoder_layer3_unit': 32, 'decoder_layer4_unit': 288, 'decoder_layer5_unit': 128}. Best is trial 45 with value: 14.216556549072266.
Trial 97 finished with value: 14.222572565078735 and parameters: {'reg_l1': 0.7225838032937313, 'reg_l2': 0.8063978930270579, 'learning_rate': 0.0005, 'dropout': 0.4189150726026781, 'batch_size': 32, 'encoder_layer0_unit': 416, 'encoder_layer1_unit': 448, 'encoder_layer2_unit': 256, 'encoder_layer3_unit': 192, 'encoder_z_mean_layer0_unit': 64, 'encoder_z_mean_layer1_unit': 128, 'encoder_z_log_var_layer0_unit': 32, 'encoder_z_log_var_layer1_unit': 64, 'decoder_layer0_unit': 416, 'decoder_layer1_unit': 480, 'decoder_layer2_unit': 288, 'decoder_layer3_unit': 384, 'decoder_layer4_unit': 384, 'decoder_layer5_unit': 288}. Best is trial 45 with value: 14.216556549072266.
Trial 98 finished with value: 70.76733684539795 and parameters: {'reg_l1': 0.1774967266355687, 'reg_l2': 0.8732837622480907, 'learning_rate': 0.001, 'dropout': 0.06640886121592599, 'batch_size': 160, 'encoder_layer0_unit': 448, 'encoder_layer1_unit': 480, 'encoder_layer2_unit': 320, 'encoder_layer3_unit': 352, 'encoder_z_mean_layer0_unit': 96, 'encoder_z_mean_layer1_unit': 96, 'encoder_z_log_var_layer0_unit': 128, 'encoder_z_log_var_layer1_unit': 96, 'decoder_layer0_unit': 256, 'decoder_layer1_unit': 288, 'decoder_layer2_unit': 448, 'decoder_layer3_unit': 256, 'decoder_layer4_unit': 32, 'decoder_layer5_unit': 224}. Best is trial 45 with value: 14.216556549072266.
Trial 99 finished with value: 28.439886808395386 and parameters: {'reg_l1': 0.8054340190953955, 'reg_l2': 0.8788674389465234, 'learning_rate': 0.001, 'dropout': 0.10131467831461827, 'batch_size': 64, 'encoder_layer0_unit': 416, 'encoder_layer1_unit': 128, 'encoder_layer2_unit': 160, 'encoder_layer3_unit': 384, 'encoder_z_mean_layer0_unit': 96, 'encoder_z_mean_layer1_unit': 96, 'encoder_z_log_var_layer0_unit': 32, 'encoder_z_log_var_layer1_unit': 128, 'decoder_layer0_unit': 32, 'decoder_layer1_unit': 160, 'decoder_layer2_unit': 256, 'decoder_layer3_unit': 448, 'decoder_layer4_unit': 256, 'decoder_layer5_unit': 128}. Best is trial 45 with value: 14.216556549072266.
Trial 100 finished with value: 42.50215530395508 and parameters: {'reg_l1': 0.18210473279702488, 'reg_l2': 0.05485979925946782, 'learning_rate': 0.001, 'dropout': 0.22687186929672926, 'batch_size': 96, 'encoder_layer0_unit': 256, 'encoder_layer1_unit': 128, 'encoder_layer2_unit': 192, 'encoder_layer3_unit': 416, 'encoder_z_mean_layer0_unit': 128, 'encoder_z_mean_layer1_unit': 96, 'encoder_z_log_var_layer0_unit': 32, 'encoder_z_log_var_layer1_unit': 96, 'decoder_layer0_unit': 32, 'decoder_layer1_unit': 416, 'decoder_layer2_unit': 224, 'decoder_layer3_unit': 224, 'decoder_layer4_unit': 128, 'decoder_layer5_unit': 352}. Best is trial 45 with value: 14.216556549072266.
Trial 101 finished with value: 84.7861557006836 and parameters: {'reg_l1': 0.40601296115745045, 'reg_l2': 0.22341652611158114, 'learning_rate': 0.01, 'dropout': 0.291254286534015, 'batch_size': 192, 'encoder_layer0_unit': 320, 'encoder_layer1_unit': 384, 'encoder_layer2_unit': 288, 'encoder_layer3_unit': 416, 'encoder_z_mean_layer0_unit': 32, 'encoder_z_mean_layer1_unit': 96, 'encoder_z_log_var_layer0_unit': 128, 'encoder_z_log_var_layer1_unit': 64, 'decoder_layer0_unit': 160, 'decoder_layer1_unit': 96, 'decoder_layer2_unit': 224, 'decoder_layer3_unit': 160, 'decoder_layer4_unit': 384, 'decoder_layer5_unit': 352}. Best is trial 45 with value: 14.216556549072266.
Trial 102 finished with value: 70.73968696594238 and parameters: {'reg_l1': 0.2642330831449359, 'reg_l2': 0.39652634775240236, 'learning_rate': 0.001, 'dropout': 0.35659117377855803, 'batch_size': 160, 'encoder_layer0_unit': 384, 'encoder_layer1_unit': 320, 'encoder_layer2_unit': 224, 'encoder_layer3_unit': 192, 'encoder_z_mean_layer0_unit': 32, 'encoder_z_mean_layer1_unit': 96, 'encoder_z_log_var_layer0_unit': 32, 'encoder_z_log_var_layer1_unit': 96, 'decoder_layer0_unit': 288, 'decoder_layer1_unit': 128, 'decoder_layer2_unit': 384, 'decoder_layer3_unit': 224, 'decoder_layer4_unit': 128, 'decoder_layer5_unit': 192}. Best is trial 45 with value: 14.216556549072266.
Trial 103 finished with value: 113.08940315246582 and parameters: {'reg_l1': 0.41186964560397654, 'reg_l2': 0.9500790576267167, 'learning_rate': 0.0001, 'dropout': 0.4768179462845023, 'batch_size': 256, 'encoder_layer0_unit': 320, 'encoder_layer1_unit': 416, 'encoder_layer2_unit': 224, 'encoder_layer3_unit': 480, 'encoder_z_mean_layer0_unit': 64, 'encoder_z_mean_layer1_unit': 96, 'encoder_z_log_var_layer0_unit': 128, 'encoder_z_log_var_layer1_unit': 64, 'decoder_layer0_unit': 64, 'decoder_layer1_unit': 64, 'decoder_layer2_unit': 448, 'decoder_layer3_unit': 416, 'decoder_layer4_unit': 224, 'decoder_layer5_unit': 352}. Best is trial 45 with value: 14.216556549072266.
Trial 104 finished with value: 70.7780408859253 and parameters: {'reg_l1': 0.7119624255669281, 'reg_l2': 0.38757630538708343, 'learning_rate': 0.0005, 'dropout': 0.22154249722728336, 'batch_size': 160, 'encoder_layer0_unit': 128, 'encoder_layer1_unit': 384, 'encoder_layer2_unit': 448, 'encoder_layer3_unit': 480, 'encoder_z_mean_layer0_unit': 32, 'encoder_z_mean_layer1_unit': 32, 'encoder_z_log_var_layer0_unit': 96, 'encoder_z_log_var_layer1_unit': 96, 'decoder_layer0_unit': 192, 'decoder_layer1_unit': 192, 'decoder_layer2_unit': 352, 'decoder_layer3_unit': 320, 'decoder_layer4_unit': 352, 'decoder_layer5_unit': 32}. Best is trial 45 with value: 14.216556549072266.
Trial 105 finished with value: 14.222893357276917 and parameters: {'reg_l1': 0.3998172791390959, 'reg_l2': 0.32505922462012193, 'learning_rate': 0.005, 'dropout': 0.27684159485467014, 'batch_size': 32, 'encoder_layer0_unit': 384, 'encoder_layer1_unit': 192, 'encoder_layer2_unit': 192, 'encoder_layer3_unit': 160, 'encoder_z_mean_layer0_unit': 64, 'encoder_z_mean_layer1_unit': 32, 'encoder_z_log_var_layer0_unit': 32, 'encoder_z_log_var_layer1_unit': 64, 'decoder_layer0_unit': 352, 'decoder_layer1_unit': 384, 'decoder_layer2_unit': 384, 'decoder_layer3_unit': 128, 'decoder_layer4_unit': 96, 'decoder_layer5_unit': 64}. Best is trial 45 with value: 14.216556549072266.
Trial 106 finished with value: 56.433003425598145 and parameters: {'reg_l1': 0.8217623509763293, 'reg_l2': 0.40493598712341183, 'learning_rate': 0.01, 'dropout': 0.017791741748259093, 'batch_size': 128, 'encoder_layer0_unit': 128, 'encoder_layer1_unit': 288, 'encoder_layer2_unit': 288, 'encoder_layer3_unit': 416, 'encoder_z_mean_layer0_unit': 128, 'encoder_z_mean_layer1_unit': 64, 'encoder_z_log_var_layer0_unit': 128, 'encoder_z_log_var_layer1_unit': 64, 'decoder_layer0_unit': 384, 'decoder_layer1_unit': 448, 'decoder_layer2_unit': 192, 'decoder_layer3_unit': 320, 'decoder_layer4_unit': 480, 'decoder_layer5_unit': 288}. Best is trial 45 with value: 14.216556549072266.
Trial 107 finished with value: 84.52133083343506 and parameters: {'reg_l1': 0.8785435003403673, 'reg_l2': 0.2543735440152154, 'learning_rate': 0.001, 'dropout': 0.23639810901176828, 'batch_size': 192, 'encoder_layer0_unit': 416, 'encoder_layer1_unit': 416, 'encoder_layer2_unit': 288, 'encoder_layer3_unit': 384, 'encoder_z_mean_layer0_unit': 128, 'encoder_z_mean_layer1_unit': 128, 'encoder_z_log_var_layer0_unit': 128, 'encoder_z_log_var_layer1_unit': 64, 'decoder_layer0_unit': 160, 'decoder_layer1_unit': 320, 'decoder_layer2_unit': 160, 'decoder_layer3_unit': 128, 'decoder_layer4_unit': 160, 'decoder_layer5_unit': 256}. Best is trial 45 with value: 14.216556549072266.
Trial 108 finished with value: 112.41711235046387 and parameters: {'reg_l1': 0.776578758937433, 'reg_l2': 0.33901185036861026, 'learning_rate': 0.01, 'dropout': 0.0405103544974027, 'batch_size': 256, 'encoder_layer0_unit': 288, 'encoder_layer1_unit': 256, 'encoder_layer2_unit': 192, 'encoder_layer3_unit': 384, 'encoder_z_mean_layer0_unit': 128, 'encoder_z_mean_layer1_unit': 96, 'encoder_z_log_var_layer0_unit': 128, 'encoder_z_log_var_layer1_unit': 32, 'decoder_layer0_unit': 224, 'decoder_layer1_unit': 288, 'decoder_layer2_unit': 384, 'decoder_layer3_unit': 448, 'decoder_layer4_unit': 64, 'decoder_layer5_unit': 288}. Best is trial 45 with value: 14.216556549072266.
Trial 109 finished with value: 56.51260423660278 and parameters: {'reg_l1': 0.6084095144012623, 'reg_l2': 0.9951975564810426, 'learning_rate': 0.005, 'dropout': 0.030097808528803782, 'batch_size': 128, 'encoder_layer0_unit': 416, 'encoder_layer1_unit': 480, 'encoder_layer2_unit': 160, 'encoder_layer3_unit': 192, 'encoder_z_mean_layer0_unit': 128, 'encoder_z_mean_layer1_unit': 96, 'encoder_z_log_var_layer0_unit': 128, 'encoder_z_log_var_layer1_unit': 128, 'decoder_layer0_unit': 384, 'decoder_layer1_unit': 224, 'decoder_layer2_unit': 320, 'decoder_layer3_unit': 480, 'decoder_layer4_unit': 160, 'decoder_layer5_unit': 160}. Best is trial 45 with value: 14.216556549072266.
Trial 110 finished with value: 112.30492401123047 and parameters: {'reg_l1': 0.1745797180457277, 'reg_l2': 0.9371561622836644, 'learning_rate': 0.005, 'dropout': 0.3255809926408053, 'batch_size': 256, 'encoder_layer0_unit': 320, 'encoder_layer1_unit': 416, 'encoder_layer2_unit': 128, 'encoder_layer3_unit': 192, 'encoder_z_mean_layer0_unit': 64, 'encoder_z_mean_layer1_unit': 32, 'encoder_z_log_var_layer0_unit': 32, 'encoder_z_log_var_layer1_unit': 32, 'decoder_layer0_unit': 288, 'decoder_layer1_unit': 224, 'decoder_layer2_unit': 416, 'decoder_layer3_unit': 256, 'decoder_layer4_unit': 256, 'decoder_layer5_unit': 384}. Best is trial 45 with value: 14.216556549072266.
Trial 111 finished with value: 98.79970932006836 and parameters: {'reg_l1': 0.4140316234926952, 'reg_l2': 0.2071473404186741, 'learning_rate': 0.001, 'dropout': 0.12676691382038452, 'batch_size': 224, 'encoder_layer0_unit': 416, 'encoder_layer1_unit': 384, 'encoder_layer2_unit': 416, 'encoder_layer3_unit': 128, 'encoder_z_mean_layer0_unit': 96, 'encoder_z_mean_layer1_unit': 32, 'encoder_z_log_var_layer0_unit': 32, 'encoder_z_log_var_layer1_unit': 32, 'decoder_layer0_unit': 128, 'decoder_layer1_unit': 384, 'decoder_layer2_unit': 352, 'decoder_layer3_unit': 64, 'decoder_layer4_unit': 64, 'decoder_layer5_unit': 224}. Best is trial 45 with value: 14.216556549072266.
