Trial 384 finished with value: 28.47759175300598 and parameters: {'reg_l1': 0.8182880477940738, 'reg_l2': 0.8204920860396392, 'learning_rate': 0.0005, 'dropout': 0.1260508252371224, 'batch_size': 64, 'encoder_layer0_unit': 256, 'encoder_layer1_unit': 320, 'encoder_layer2_unit': 448, 'encoder_layer3_unit': 384, 'encoder_z_mean_layer0_unit': 64, 'encoder_z_mean_layer1_unit': 64, 'encoder_z_log_var_layer0_unit': 64, 'encoder_z_log_var_layer1_unit': 96, 'decoder_layer0_unit': 256, 'decoder_layer1_unit': 448, 'decoder_layer2_unit': 160, 'decoder_layer3_unit': 448, 'decoder_layer4_unit': 320, 'decoder_layer5_unit': 288}. Best is trial 200 with value: 14.215638160705566.
Trial 385 finished with value: 28.45930576324463 and parameters: {'reg_l1': 0.22224397178805044, 'reg_l2': 0.2522501042722741, 'learning_rate': 0.0005, 'dropout': 0.17449132013453655, 'batch_size': 64, 'encoder_layer0_unit': 384, 'encoder_layer1_unit': 160, 'encoder_layer2_unit': 288, 'encoder_layer3_unit': 320, 'encoder_z_mean_layer0_unit': 64, 'encoder_z_mean_layer1_unit': 96, 'encoder_z_log_var_layer0_unit': 32, 'encoder_z_log_var_layer1_unit': 96, 'decoder_layer0_unit': 320, 'decoder_layer1_unit': 384, 'decoder_layer2_unit': 256, 'decoder_layer3_unit': 32, 'decoder_layer4_unit': 128, 'decoder_layer5_unit': 192}. Best is trial 200 with value: 14.215638160705566.
Trial 386 finished with value: 70.733473777771 and parameters: {'reg_l1': 0.1714905266920983, 'reg_l2': 0.817249355888858, 'learning_rate': 0.005, 'dropout': 0.4021103281133494, 'batch_size': 160, 'encoder_layer0_unit': 288, 'encoder_layer1_unit': 192, 'encoder_layer2_unit': 192, 'encoder_layer3_unit': 416, 'encoder_z_mean_layer0_unit': 32, 'encoder_z_mean_layer1_unit': 128, 'encoder_z_log_var_layer0_unit': 128, 'encoder_z_log_var_layer1_unit': 128, 'decoder_layer0_unit': 288, 'decoder_layer1_unit': 448, 'decoder_layer2_unit': 480, 'decoder_layer3_unit': 32, 'decoder_layer4_unit': 352, 'decoder_layer5_unit': 32}. Best is trial 200 with value: 14.215638160705566.
Trial 387 finished with value: 42.61086368560791 and parameters: {'reg_l1': 0.7733447381404248, 'reg_l2': 0.9278513097545671, 'learning_rate': 0.0001, 'dropout': 0.001815803152100559, 'batch_size': 96, 'encoder_layer0_unit': 256, 'encoder_layer1_unit': 224, 'encoder_layer2_unit': 480, 'encoder_layer3_unit': 416, 'encoder_z_mean_layer0_unit': 128, 'encoder_z_mean_layer1_unit': 96, 'encoder_z_log_var_layer0_unit': 96, 'encoder_z_log_var_layer1_unit': 96, 'decoder_layer0_unit': 320, 'decoder_layer1_unit': 352, 'decoder_layer2_unit': 128, 'decoder_layer3_unit': 96, 'decoder_layer4_unit': 64, 'decoder_layer5_unit': 256}. Best is trial 200 with value: 14.215638160705566.
Trial 388 finished with value: 98.83373928070068 and parameters: {'reg_l1': 0.6866313872105418, 'reg_l2': 0.2225372456666299, 'learning_rate': 0.0001, 'dropout': 0.11982797620388036, 'batch_size': 224, 'encoder_layer0_unit': 448, 'encoder_layer1_unit': 352, 'encoder_layer2_unit': 416, 'encoder_layer3_unit': 384, 'encoder_z_mean_layer0_unit': 96, 'encoder_z_mean_layer1_unit': 96, 'encoder_z_log_var_layer0_unit': 96, 'encoder_z_log_var_layer1_unit': 64, 'decoder_layer0_unit': 352, 'decoder_layer1_unit': 64, 'decoder_layer2_unit': 416, 'decoder_layer3_unit': 480, 'decoder_layer4_unit': 128, 'decoder_layer5_unit': 384}. Best is trial 200 with value: 14.215638160705566.
Trial 389 finished with value: 56.5805230140686 and parameters: {'reg_l1': 0.5477441919896042, 'reg_l2': 0.9664603867699505, 'learning_rate': 0.001, 'dropout': 0.19232932302438294, 'batch_size': 128, 'encoder_layer0_unit': 224, 'encoder_layer1_unit': 160, 'encoder_layer2_unit': 224, 'encoder_layer3_unit': 416, 'encoder_z_mean_layer0_unit': 96, 'encoder_z_mean_layer1_unit': 64, 'encoder_z_log_var_layer0_unit': 64, 'encoder_z_log_var_layer1_unit': 128, 'decoder_layer0_unit': 32, 'decoder_layer1_unit': 256, 'decoder_layer2_unit': 320, 'decoder_layer3_unit': 96, 'decoder_layer4_unit': 416, 'decoder_layer5_unit': 448}. Best is trial 200 with value: 14.215638160705566.
Trial 390 finished with value: 56.67499542236328 and parameters: {'reg_l1': 0.6422619113221972, 'reg_l2': 0.8539534336080365, 'learning_rate': 0.0001, 'dropout': 0.20754239076814363, 'batch_size': 128, 'encoder_layer0_unit': 416, 'encoder_layer1_unit': 128, 'encoder_layer2_unit': 448, 'encoder_layer3_unit': 288, 'encoder_z_mean_layer0_unit': 32, 'encoder_z_mean_layer1_unit': 96, 'encoder_z_log_var_layer0_unit': 96, 'encoder_z_log_var_layer1_unit': 96, 'decoder_layer0_unit': 192, 'decoder_layer1_unit': 352, 'decoder_layer2_unit': 416, 'decoder_layer3_unit': 64, 'decoder_layer4_unit': 320, 'decoder_layer5_unit': 480}. Best is trial 200 with value: 14.215638160705566.
Trial 391 finished with value: 84.72454357147217 and parameters: {'reg_l1': 0.7231133103710518, 'reg_l2': 0.5820363714603125, 'learning_rate': 0.0001, 'dropout': 0.07299032981602732, 'batch_size': 192, 'encoder_layer0_unit': 416, 'encoder_layer1_unit': 256, 'encoder_layer2_unit': 480, 'encoder_layer3_unit': 320, 'encoder_z_mean_layer0_unit': 64, 'encoder_z_mean_layer1_unit': 128, 'encoder_z_log_var_layer0_unit': 64, 'encoder_z_log_var_layer1_unit': 96, 'decoder_layer0_unit': 224, 'decoder_layer1_unit': 64, 'decoder_layer2_unit': 256, 'decoder_layer3_unit': 224, 'decoder_layer4_unit': 128, 'decoder_layer5_unit': 480}. Best is trial 200 with value: 14.215638160705566.
Trial 392 finished with value: 84.76365566253662 and parameters: {'reg_l1': 0.23225371808001238, 'reg_l2': 0.6103450865422475, 'learning_rate': 0.001, 'dropout': 0.41168469610645586, 'batch_size': 192, 'encoder_layer0_unit': 448, 'encoder_layer1_unit': 448, 'encoder_layer2_unit': 448, 'encoder_layer3_unit': 448, 'encoder_z_mean_layer0_unit': 128, 'encoder_z_mean_layer1_unit': 96, 'encoder_z_log_var_layer0_unit': 96, 'encoder_z_log_var_layer1_unit': 128, 'decoder_layer0_unit': 416, 'decoder_layer1_unit': 128, 'decoder_layer2_unit': 384, 'decoder_layer3_unit': 352, 'decoder_layer4_unit': 480, 'decoder_layer5_unit': 416}. Best is trial 200 with value: 14.215638160705566.
Trial 393 finished with value: 70.68286323547363 and parameters: {'reg_l1': 0.813735912795627, 'reg_l2': 0.5298407835002034, 'learning_rate': 0.001, 'dropout': 0.08168639893386709, 'batch_size': 160, 'encoder_layer0_unit': 448, 'encoder_layer1_unit': 480, 'encoder_layer2_unit': 160, 'encoder_layer3_unit': 160, 'encoder_z_mean_layer0_unit': 96, 'encoder_z_mean_layer1_unit': 64, 'encoder_z_log_var_layer0_unit': 96, 'encoder_z_log_var_layer1_unit': 96, 'decoder_layer0_unit': 64, 'decoder_layer1_unit': 32, 'decoder_layer2_unit': 160, 'decoder_layer3_unit': 256, 'decoder_layer4_unit': 352, 'decoder_layer5_unit': 384}. Best is trial 200 with value: 14.215638160705566.
Trial 394 finished with value: 14.220980286598206 and parameters: {'reg_l1': 0.7528096588450833, 'reg_l2': 0.19333520238106994, 'learning_rate': 0.001, 'dropout': 0.34219830620230296, 'batch_size': 32, 'encoder_layer0_unit': 384, 'encoder_layer1_unit': 256, 'encoder_layer2_unit': 320, 'encoder_layer3_unit': 480, 'encoder_z_mean_layer0_unit': 64, 'encoder_z_mean_layer1_unit': 96, 'encoder_z_log_var_layer0_unit': 64, 'encoder_z_log_var_layer1_unit': 32, 'decoder_layer0_unit': 32, 'decoder_layer1_unit': 288, 'decoder_layer2_unit': 64, 'decoder_layer3_unit': 128, 'decoder_layer4_unit': 160, 'decoder_layer5_unit': 448}. Best is trial 200 with value: 14.215638160705566.
Trial 395 finished with value: 98.89860916137695 and parameters: {'reg_l1': 0.8244811530534559, 'reg_l2': 0.8189804584727399, 'learning_rate': 0.0005, 'dropout': 0.22023312479077478, 'batch_size': 224, 'encoder_layer0_unit': 384, 'encoder_layer1_unit': 480, 'encoder_layer2_unit': 288, 'encoder_layer3_unit': 352, 'encoder_z_mean_layer0_unit': 64, 'encoder_z_mean_layer1_unit': 32, 'encoder_z_log_var_layer0_unit': 128, 'encoder_z_log_var_layer1_unit': 64, 'decoder_layer0_unit': 96, 'decoder_layer1_unit': 192, 'decoder_layer2_unit': 352, 'decoder_layer3_unit': 384, 'decoder_layer4_unit': 384, 'decoder_layer5_unit': 480}. Best is trial 200 with value: 14.215638160705566.
Trial 396 finished with value: 56.63894271850586 and parameters: {'reg_l1': 0.3731527004514107, 'reg_l2': 0.40269051029186453, 'learning_rate': 0.01, 'dropout': 0.42285350692735296, 'batch_size': 128, 'encoder_layer0_unit': 448, 'encoder_layer1_unit': 480, 'encoder_layer2_unit': 160, 'encoder_layer3_unit': 384, 'encoder_z_mean_layer0_unit': 64, 'encoder_z_mean_layer1_unit': 128, 'encoder_z_log_var_layer0_unit': 128, 'encoder_z_log_var_layer1_unit': 96, 'decoder_layer0_unit': 64, 'decoder_layer1_unit': 352, 'decoder_layer2_unit': 256, 'decoder_layer3_unit': 416, 'decoder_layer4_unit': 160, 'decoder_layer5_unit': 160}. Best is trial 200 with value: 14.215638160705566.
Trial 397 finished with value: 14.220549583435059 and parameters: {'reg_l1': 0.04760519739298852, 'reg_l2': 0.9584002894483514, 'learning_rate': 0.001, 'dropout': 0.03387177069417063, 'batch_size': 32, 'encoder_layer0_unit': 448, 'encoder_layer1_unit': 160, 'encoder_layer2_unit': 128, 'encoder_layer3_unit': 384, 'encoder_z_mean_layer0_unit': 128, 'encoder_z_mean_layer1_unit': 64, 'encoder_z_log_var_layer0_unit': 32, 'encoder_z_log_var_layer1_unit': 64, 'decoder_layer0_unit': 480, 'decoder_layer1_unit': 160, 'decoder_layer2_unit': 352, 'decoder_layer3_unit': 448, 'decoder_layer4_unit': 128, 'decoder_layer5_unit': 480}. Best is trial 200 with value: 14.215638160705566.
Trial 398 finished with value: 113.71181106567383 and parameters: {'reg_l1': 0.04617482435757947, 'reg_l2': 0.279106805109569, 'learning_rate': 0.01, 'dropout': 0.13782572558473882, 'batch_size': 256, 'encoder_layer0_unit': 384, 'encoder_layer1_unit': 224, 'encoder_layer2_unit': 352, 'encoder_layer3_unit': 192, 'encoder_z_mean_layer0_unit': 32, 'encoder_z_mean_layer1_unit': 128, 'encoder_z_log_var_layer0_unit': 128, 'encoder_z_log_var_layer1_unit': 32, 'decoder_layer0_unit': 256, 'decoder_layer1_unit': 288, 'decoder_layer2_unit': 416, 'decoder_layer3_unit': 352, 'decoder_layer4_unit': 448, 'decoder_layer5_unit': 192}. Best is trial 200 with value: 14.215638160705566.
Trial 399 finished with value: 112.91647052764893 and parameters: {'reg_l1': 0.8502865283481776, 'reg_l2': 0.5766168950374121, 'learning_rate': 0.0005, 'dropout': 0.31844415224574724, 'batch_size': 256, 'encoder_layer0_unit': 128, 'encoder_layer1_unit': 288, 'encoder_layer2_unit': 480, 'encoder_layer3_unit': 448, 'encoder_z_mean_layer0_unit': 32, 'encoder_z_mean_layer1_unit': 32, 'encoder_z_log_var_layer0_unit': 64, 'encoder_z_log_var_layer1_unit': 64, 'decoder_layer0_unit': 352, 'decoder_layer1_unit': 128, 'decoder_layer2_unit': 96, 'decoder_layer3_unit': 64, 'decoder_layer4_unit': 448, 'decoder_layer5_unit': 192}. Best is trial 200 with value: 14.215638160705566.
A new study created in RDB with name: timeSeries_withRoI_zdim30
Trial 0 finished with value: 28.409016609191895 and parameters: {'reg_l1': 0.23987971161758792, 'reg_l2': 0.9377774330059633, 'learning_rate': 0.0001, 'dropout': 0.07679769003662229, 'batch_size': 64, 'encoder_layer0_unit': 256, 'encoder_layer1_unit': 128, 'encoder_layer2_unit': 160, 'encoder_layer3_unit': 448, 'encoder_z_mean_layer0_unit': 128, 'encoder_z_mean_layer1_unit': 32, 'encoder_z_log_var_layer0_unit': 128, 'encoder_z_log_var_layer1_unit': 32, 'decoder_layer0_unit': 384, 'decoder_layer1_unit': 64, 'decoder_layer2_unit': 416, 'decoder_layer3_unit': 64, 'decoder_layer4_unit': 480, 'decoder_layer5_unit': 480}. Best is trial 0 with value: 28.409016609191895.
Trial 1 finished with value: 84.77454948425293 and parameters: {'reg_l1': 0.5376094263270152, 'reg_l2': 0.1488208667954697, 'learning_rate': 0.001, 'dropout': 0.2131827069880095, 'batch_size': 192, 'encoder_layer0_unit': 416, 'encoder_layer1_unit': 352, 'encoder_layer2_unit': 352, 'encoder_layer3_unit': 160, 'encoder_z_mean_layer0_unit': 32, 'encoder_z_mean_layer1_unit': 64, 'encoder_z_log_var_layer0_unit': 128, 'encoder_z_log_var_layer1_unit': 32, 'decoder_layer0_unit': 320, 'decoder_layer1_unit': 192, 'decoder_layer2_unit': 128, 'decoder_layer3_unit': 288, 'decoder_layer4_unit': 480, 'decoder_layer5_unit': 352}. Best is trial 0 with value: 28.409016609191895.
Trial 2 finished with value: 14.219014167785645 and parameters: {'reg_l1': 0.8659010150177426, 'reg_l2': 0.5476480689341231, 'learning_rate': 0.0005, 'dropout': 0.14556204747731144, 'batch_size': 32, 'encoder_layer0_unit': 416, 'encoder_layer1_unit': 288, 'encoder_layer2_unit': 224, 'encoder_layer3_unit': 192, 'encoder_z_mean_layer0_unit': 32, 'encoder_z_mean_layer1_unit': 64, 'encoder_z_log_var_layer0_unit': 32, 'encoder_z_log_var_layer1_unit': 96, 'decoder_layer0_unit': 32, 'decoder_layer1_unit': 416, 'decoder_layer2_unit': 128, 'decoder_layer3_unit': 256, 'decoder_layer4_unit': 352, 'decoder_layer5_unit': 416}. Best is trial 2 with value: 14.219014167785645.
Trial 3 finished with value: 99.52253150939941 and parameters: {'reg_l1': 0.9614083498287822, 'reg_l2': 0.5574853285116488, 'learning_rate': 0.005, 'dropout': 0.1342070948432223, 'batch_size': 224, 'encoder_layer0_unit': 448, 'encoder_layer1_unit': 480, 'encoder_layer2_unit': 128, 'encoder_layer3_unit': 192, 'encoder_z_mean_layer0_unit': 64, 'encoder_z_mean_layer1_unit': 32, 'encoder_z_log_var_layer0_unit': 32, 'encoder_z_log_var_layer1_unit': 128, 'decoder_layer0_unit': 128, 'decoder_layer1_unit': 416, 'decoder_layer2_unit': 448, 'decoder_layer3_unit': 448, 'decoder_layer4_unit': 128, 'decoder_layer5_unit': 192}. Best is trial 2 with value: 14.219014167785645.
Trial 4 finished with value: 42.567275524139404 and parameters: {'reg_l1': 0.1452334326124407, 'reg_l2': 0.8617646583303621, 'learning_rate': 0.001, 'dropout': 0.3441802849646586, 'batch_size': 96, 'encoder_layer0_unit': 288, 'encoder_layer1_unit': 448, 'encoder_layer2_unit': 384, 'encoder_layer3_unit': 448, 'encoder_z_mean_layer0_unit': 96, 'encoder_z_mean_layer1_unit': 32, 'encoder_z_log_var_layer0_unit': 128, 'encoder_z_log_var_layer1_unit': 32, 'decoder_layer0_unit': 160, 'decoder_layer1_unit': 96, 'decoder_layer2_unit': 128, 'decoder_layer3_unit': 352, 'decoder_layer4_unit': 192, 'decoder_layer5_unit': 160}. Best is trial 2 with value: 14.219014167785645.
Trial 5 finished with value: 70.70867443084717 and parameters: {'reg_l1': 0.7437587511422716, 'reg_l2': 0.1723572855041956, 'learning_rate': 0.0005, 'dropout': 0.3523511874819013, 'batch_size': 160, 'encoder_layer0_unit': 128, 'encoder_layer1_unit': 256, 'encoder_layer2_unit': 320, 'encoder_layer3_unit': 384, 'encoder_z_mean_layer0_unit': 64, 'encoder_z_mean_layer1_unit': 64, 'encoder_z_log_var_layer0_unit': 64, 'encoder_z_log_var_layer1_unit': 128, 'decoder_layer0_unit': 448, 'decoder_layer1_unit': 128, 'decoder_layer2_unit': 448, 'decoder_layer3_unit': 224, 'decoder_layer4_unit': 192, 'decoder_layer5_unit': 224}. Best is trial 2 with value: 14.219014167785645.
Trial 6 finished with value: 28.460659980773926 and parameters: {'reg_l1': 0.10839563665825724, 'reg_l2': 0.9585387940581652, 'learning_rate': 0.0005, 'dropout': 0.2230933701226424, 'batch_size': 64, 'encoder_layer0_unit': 224, 'encoder_layer1_unit': 416, 'encoder_layer2_unit': 320, 'encoder_layer3_unit': 480, 'encoder_z_mean_layer0_unit': 32, 'encoder_z_mean_layer1_unit': 128, 'encoder_z_log_var_layer0_unit': 32, 'encoder_z_log_var_layer1_unit': 128, 'decoder_layer0_unit': 128, 'decoder_layer1_unit': 192, 'decoder_layer2_unit': 160, 'decoder_layer3_unit': 352, 'decoder_layer4_unit': 288, 'decoder_layer5_unit': 32}. Best is trial 2 with value: 14.219014167785645.
Trial 7 finished with value: 112.93870449066162 and parameters: {'reg_l1': 0.8230998591816456, 'reg_l2': 0.9749953051125082, 'learning_rate': 0.01, 'dropout': 0.02555807848458652, 'batch_size': 256, 'encoder_layer0_unit': 256, 'encoder_layer1_unit': 448, 'encoder_layer2_unit': 224, 'encoder_layer3_unit': 128, 'encoder_z_mean_layer0_unit': 64, 'encoder_z_mean_layer1_unit': 32, 'encoder_z_log_var_layer0_unit': 64, 'encoder_z_log_var_layer1_unit': 128, 'decoder_layer0_unit': 320, 'decoder_layer1_unit': 480, 'decoder_layer2_unit': 384, 'decoder_layer3_unit': 448, 'decoder_layer4_unit': 352, 'decoder_layer5_unit': 224}. Best is trial 2 with value: 14.219014167785645.
Trial 8 finished with value: 56.569650173187256 and parameters: {'reg_l1': 0.8676226340926052, 'reg_l2': 0.6370135850045796, 'learning_rate': 0.01, 'dropout': 0.46589402626617665, 'batch_size': 128, 'encoder_layer0_unit': 320, 'encoder_layer1_unit': 384, 'encoder_layer2_unit': 416, 'encoder_layer3_unit': 384, 'encoder_z_mean_layer0_unit': 96, 'encoder_z_mean_layer1_unit': 128, 'encoder_z_log_var_layer0_unit': 64, 'encoder_z_log_var_layer1_unit': 64, 'decoder_layer0_unit': 288, 'decoder_layer1_unit': 128, 'decoder_layer2_unit': 160, 'decoder_layer3_unit': 448, 'decoder_layer4_unit': 480, 'decoder_layer5_unit': 32}. Best is trial 2 with value: 14.219014167785645.
Trial 9 finished with value: 14.220854640007019 and parameters: {'reg_l1': 0.07329347316837287, 'reg_l2': 0.009503650243873674, 'learning_rate': 0.001, 'dropout': 0.11767064302432262, 'batch_size': 32, 'encoder_layer0_unit': 256, 'encoder_layer1_unit': 384, 'encoder_layer2_unit': 448, 'encoder_layer3_unit': 480, 'encoder_z_mean_layer0_unit': 96, 'encoder_z_mean_layer1_unit': 32, 'encoder_z_log_var_layer0_unit': 32, 'encoder_z_log_var_layer1_unit': 32, 'decoder_layer0_unit': 416, 'decoder_layer1_unit': 32, 'decoder_layer2_unit': 352, 'decoder_layer3_unit': 256, 'decoder_layer4_unit': 192, 'decoder_layer5_unit': 352}. Best is trial 2 with value: 14.219014167785645.
Trial 10 finished with value: 14.218529462814331 and parameters: {'reg_l1': 0.5721353429615913, 'reg_l2': 0.7343713210668145, 'learning_rate': 0.0005, 'dropout': 0.4682799567467517, 'batch_size': 32, 'encoder_layer0_unit': 384, 'encoder_layer1_unit': 448, 'encoder_layer2_unit': 480, 'encoder_layer3_unit': 448, 'encoder_z_mean_layer0_unit': 64, 'encoder_z_mean_layer1_unit': 128, 'encoder_z_log_var_layer0_unit': 96, 'encoder_z_log_var_layer1_unit': 32, 'decoder_layer0_unit': 128, 'decoder_layer1_unit': 288, 'decoder_layer2_unit': 160, 'decoder_layer3_unit': 384, 'decoder_layer4_unit': 64, 'decoder_layer5_unit': 160}. Best is trial 10 with value: 14.218529462814331.
Trial 11 finished with value: 42.58406352996826 and parameters: {'reg_l1': 0.864372184460379, 'reg_l2': 0.9397876543344164, 'learning_rate': 0.001, 'dropout': 0.28184629938423167, 'batch_size': 96, 'encoder_layer0_unit': 384, 'encoder_layer1_unit': 480, 'encoder_layer2_unit': 224, 'encoder_layer3_unit': 448, 'encoder_z_mean_layer0_unit': 64, 'encoder_z_mean_layer1_unit': 96, 'encoder_z_log_var_layer0_unit': 96, 'encoder_z_log_var_layer1_unit': 32, 'decoder_layer0_unit': 448, 'decoder_layer1_unit': 480, 'decoder_layer2_unit': 128, 'decoder_layer3_unit': 288, 'decoder_layer4_unit': 256, 'decoder_layer5_unit': 480}. Best is trial 10 with value: 14.218529462814331.
Trial 12 finished with value: 112.20792770385742 and parameters: {'reg_l1': 0.20973135630499207, 'reg_l2': 0.7570687941395624, 'learning_rate': 0.01, 'dropout': 0.24960823031742452, 'batch_size': 256, 'encoder_layer0_unit': 224, 'encoder_layer1_unit': 480, 'encoder_layer2_unit': 192, 'encoder_layer3_unit': 288, 'encoder_z_mean_layer0_unit': 96, 'encoder_z_mean_layer1_unit': 96, 'encoder_z_log_var_layer0_unit': 64, 'encoder_z_log_var_layer1_unit': 64, 'decoder_layer0_unit': 320, 'decoder_layer1_unit': 224, 'decoder_layer2_unit': 160, 'decoder_layer3_unit': 192, 'decoder_layer4_unit': 448, 'decoder_layer5_unit': 96}. Best is trial 10 with value: 14.218529462814331.
Trial 13 finished with value: 28.466041803359985 and parameters: {'reg_l1': 0.14844777559587186, 'reg_l2': 0.7647266811776511, 'learning_rate': 0.0001, 'dropout': 0.12019245414220797, 'batch_size': 64, 'encoder_layer0_unit': 320, 'encoder_layer1_unit': 448, 'encoder_layer2_unit': 160, 'encoder_layer3_unit': 448, 'encoder_z_mean_layer0_unit': 32, 'encoder_z_mean_layer1_unit': 64, 'encoder_z_log_var_layer0_unit': 64, 'encoder_z_log_var_layer1_unit': 128, 'decoder_layer0_unit': 352, 'decoder_layer1_unit': 352, 'decoder_layer2_unit': 448, 'decoder_layer3_unit': 384, 'decoder_layer4_unit': 288, 'decoder_layer5_unit': 256}. Best is trial 10 with value: 14.218529462814331.
Trial 14 finished with value: 112.86106395721436 and parameters: {'reg_l1': 0.0316698497830763, 'reg_l2': 0.16931657489096819, 'learning_rate': 0.0001, 'dropout': 0.06148813251359858, 'batch_size': 256, 'encoder_layer0_unit': 128, 'encoder_layer1_unit': 416, 'encoder_layer2_unit': 384, 'encoder_layer3_unit': 256, 'encoder_z_mean_layer0_unit': 96, 'encoder_z_mean_layer1_unit': 32, 'encoder_z_log_var_layer0_unit': 64, 'encoder_z_log_var_layer1_unit': 32, 'decoder_layer0_unit': 480, 'decoder_layer1_unit': 64, 'decoder_layer2_unit': 480, 'decoder_layer3_unit': 352, 'decoder_layer4_unit': 160, 'decoder_layer5_unit': 352}. Best is trial 10 with value: 14.218529462814331.
Trial 15 finished with value: 28.44309711456299 and parameters: {'reg_l1': 0.617189904251623, 'reg_l2': 0.313521980800891, 'learning_rate': 0.001, 'dropout': 0.18600175405649233, 'batch_size': 64, 'encoder_layer0_unit': 160, 'encoder_layer1_unit': 320, 'encoder_layer2_unit': 288, 'encoder_layer3_unit': 480, 'encoder_z_mean_layer0_unit': 128, 'encoder_z_mean_layer1_unit': 32, 'encoder_z_log_var_layer0_unit': 128, 'encoder_z_log_var_layer1_unit': 32, 'decoder_layer0_unit': 416, 'decoder_layer1_unit': 160, 'decoder_layer2_unit': 96, 'decoder_layer3_unit': 96, 'decoder_layer4_unit': 192, 'decoder_layer5_unit': 192}. Best is trial 10 with value: 14.218529462814331.
