A new study created in RDB with name: Poly_Lasso_102548
Trial 0 finished with value: 0.7924981087091016 and parameters: {'n_components': 9, 'degree': 3, 'alpha': 0.01518090270020761, 'max_iter': 5218}. Best is trial 0 with value: 0.7924981087091016.
Trial 16 finished with value: 0.4662195794586069 and parameters: {'n_components': 6, 'degree': 1, 'alpha': 0.0007474437563523482, 'max_iter': 3986}. Best is trial 0 with value: 0.7924981087091016.
Trial 7 finished with value: 0.7740185339479873 and parameters: {'n_components': 4, 'degree': 4, 'alpha': 4.817827003768996, 'max_iter': 84632}. Best is trial 0 with value: 0.7924981087091016.
Trial 10 finished with value: 0.6697713102576196 and parameters: {'n_components': 9, 'degree': 1, 'alpha': 6.10575181542107, 'max_iter': 45934}. Best is trial 15 with value: 0.8263255138306743.
Trial 8 finished with value: 0.5503982439226007 and parameters: {'n_components': 7, 'degree': 1, 'alpha': 0.07219133465170431, 'max_iter': 22965}. Best is trial 0 with value: 0.7924981087091016.
Trial 15 finished with value: 0.8263255138306743 and parameters: {'n_components': 9, 'degree': 2, 'alpha': 1.509548907796394, 'max_iter': 11118}. Best is trial 15 with value: 0.8263255138306743.
Trial 13 finished with value: 0.7532348821289732 and parameters: {'n_components': 7, 'degree': 3, 'alpha': 0.0002520168772582326, 'max_iter': 3016}. Best is trial 15 with value: 0.8263255138306743.
Trial 19 finished with value: 0.4666028505882851 and parameters: {'n_components': 6, 'degree': 1, 'alpha': 0.15576032021697653, 'max_iter': 35898}. Best is trial 15 with value: 0.8263255138306743.
Trial 6 finished with value: 0.8207456444937902 and parameters: {'n_components': 10, 'degree': 2, 'alpha': 0.01423210452802662, 'max_iter': 1032}. Best is trial 15 with value: 0.8263255138306743.
Trial 2 finished with value: 0.4086977754712088 and parameters: {'n_components': 3, 'degree': 1, 'alpha': 0.0008788993141977346, 'max_iter': 3307}. Best is trial 15 with value: 0.8263255138306743.
Trial 18 finished with value: 0.7734944324833448 and parameters: {'n_components': 7, 'degree': 2, 'alpha': 0.00017710577594041827, 'max_iter': 15506}. Best is trial 15 with value: 0.8263255138306743.
Trial 11 finished with value: 0.7818392889813546 and parameters: {'n_components': 5, 'degree': 2, 'alpha': 0.0007228345848129395, 'max_iter': 97442}. Best is trial 15 with value: 0.8263255138306743.
Trial 9 finished with value: 0.772261844735991 and parameters: {'n_components': 5, 'degree': 3, 'alpha': 0.0005176979335853425, 'max_iter': 50197}. Best is trial 15 with value: 0.8263255138306743.
Trial 12 finished with value: -1.3693266136069255 and parameters: {'n_components': 8, 'degree': 5, 'alpha': 0.001567477841960745, 'max_iter': 6594}. Best is trial 15 with value: 0.8263255138306743.
Trial 14 finished with value: 0.82447219161024 and parameters: {'n_components': 9, 'degree': 2, 'alpha': 0.0010415890054988775, 'max_iter': 74457}. Best is trial 15 with value: 0.8263255138306743.
Trial 17 finished with value: 0.7628338789379343 and parameters: {'n_components': 6, 'degree': 3, 'alpha': 0.012502824877968437, 'max_iter': 56974}. Best is trial 15 with value: 0.8263255138306743.
Trial 1 finished with value: 0.7043382642804733 and parameters: {'n_components': 8, 'degree': 4, 'alpha': 0.02906687064208163, 'max_iter': 31445}. Best is trial 15 with value: 0.8263255138306743.
Trial 4 finished with value: 0.6994328617617254 and parameters: {'n_components': 6, 'degree': 4, 'alpha': 0.009364371708267035, 'max_iter': 86237}. Best is trial 15 with value: 0.8263255138306743.
A new study created in RDB with name: Poly_Lasso_103026
Trial 15 finished with value: 0.3204834255833199 and parameters: {'n_components': 1, 'degree': 3, 'alpha': 2.6280607015632285, 'max_iter': 68163}. Best is trial 0 with value: 0.7549806479248791.
Trial 3 finished with value: 0.3169292834155614 and parameters: {'n_components': 2, 'degree': 1, 'alpha': 0.09788358754933525, 'max_iter': 72658}. Best is trial 13 with value: 0.7784993068119329.
Trial 13 finished with value: 0.7784993068119329 and parameters: {'n_components': 5, 'degree': 4, 'alpha': 3.6860971395218955, 'max_iter': 73669}. Best is trial 13 with value: 0.7784993068119329.
Trial 0 finished with value: 0.7549806479248791 and parameters: {'n_components': 4, 'degree': 2, 'alpha': 9.588584973938687, 'max_iter': 84721}. Best is trial 13 with value: 0.7784993068119329.
Trial 16 finished with value: 0.3168810273354609 and parameters: {'n_components': 2, 'degree': 1, 'alpha': 0.05950676829357723, 'max_iter': 29326}. Best is trial 13 with value: 0.7784993068119329.
Trial 10 finished with value: 0.7711563853103537 and parameters: {'n_components': 11, 'degree': 1, 'alpha': 1.2545620630726952, 'max_iter': 20150}. Best is trial 13 with value: 0.7784993068119329.
Trial 14 finished with value: 0.32823261999414904 and parameters: {'n_components': 1, 'degree': 2, 'alpha': 2.1712477052301087, 'max_iter': 44429}. Best is trial 13 with value: 0.7784993068119329.
Trial 17 finished with value: 0.3149492655895312 and parameters: {'n_components': 2, 'degree': 1, 'alpha': 5.578389682775816, 'max_iter': 24906}. Best is trial 13 with value: 0.7784993068119329.
Trial 5 finished with value: 0.7728303693293308 and parameters: {'n_components': 5, 'degree': 3, 'alpha': 0.17142103694566876, 'max_iter': 29109}. Best is trial 13 with value: 0.7784993068119329.
Trial 9 finished with value: 0.776961933601291 and parameters: {'n_components': 7, 'degree': 4, 'alpha': 5.579745521107547, 'max_iter': 93671}. Best is trial 13 with value: 0.7784993068119329.
Trial 2 finished with value: 0.7750200555922664 and parameters: {'n_components': 5, 'degree': 3, 'alpha': 0.3113243091324445, 'max_iter': 25974}. Best is trial 13 with value: 0.7784993068119329.
Trial 12 finished with value: 0.40870093708246474 and parameters: {'n_components': 3, 'degree': 1, 'alpha': 0.005788096142474248, 'max_iter': 84644}. Best is trial 13 with value: 0.7784993068119329.
Trial 6 finished with value: 0.7836332310365588 and parameters: {'n_components': 4, 'degree': 3, 'alpha': 0.09324140306325165, 'max_iter': 22462}. Best is trial 6 with value: 0.7836332310365588.
Trial 1 finished with value: 0.7393434686927679 and parameters: {'n_components': 5, 'degree': 5, 'alpha': 0.15863555814071176, 'max_iter': 15070}. Best is trial 6 with value: 0.7836332310365588.
Trial 5 finished with value: -11.241820122507294 and parameters: {'n_components': 8, 'degree': 5, 'alpha': 0.00013644293227544385, 'max_iter': 98061}. Best is trial 15 with value: 0.8263255138306743.
Trial 4 finished with value: 0.7692605251130165 and parameters: {'n_components': 4, 'degree': 5, 'alpha': 0.04968093304906543, 'max_iter': 72413}. Best is trial 6 with value: 0.7836332310365588.
Trial 11 finished with value: 0.7634473132083782 and parameters: {'n_components': 4, 'degree': 5, 'alpha': 0.00010192927138359917, 'max_iter': 93732}. Best is trial 6 with value: 0.7836332310365588.
Trial 8 finished with value: 0.6656165674271384 and parameters: {'n_components': 7, 'degree': 4, 'alpha': 0.013917333231731393, 'max_iter': 66085}. Best is trial 6 with value: 0.7836332310365588.
Trial 3 finished with value: -0.49282176440943265 and parameters: {'n_components': 10, 'degree': 5, 'alpha': 0.05590713470915237, 'max_iter': 93143}. Best is trial 15 with value: 0.8263255138306743.
Trial 7 finished with value: -0.2159943447433525 and parameters: {'n_components': 9, 'degree': 5, 'alpha': 0.057467994522812434, 'max_iter': 98757}. Best is trial 6 with value: 0.7836332310365588.
