A new study created in RDB with name: Poly_Linear_73843
Trial 6 finished with value: 0.8232741563623746 and parameters: {'degree': 2}. Best is trial 1 with value: 0.8232741563623746.
Trial 1 finished with value: 0.8232741563623746 and parameters: {'degree': 2}. Best is trial 1 with value: 0.8232741563623746.
Trial 9 finished with value: 0.771264770441797 and parameters: {'degree': 1}. Best is trial 1 with value: 0.8232741563623746.
Trial 2 finished with value: -9.194270679190715e+19 and parameters: {'degree': 4}. Best is trial 1 with value: 0.8232741563623746.
Trial 0 finished with value: 0.7082008772985086 and parameters: {'degree': 3}. Best is trial 1 with value: 0.8232741563623746.
Trial 17 finished with value: 0.8232741563623746 and parameters: {'degree': 2}. Best is trial 1 with value: 0.8232741563623746.
Trial 5 finished with value: 0.8232741563623746 and parameters: {'degree': 2}. Best is trial 1 with value: 0.8232741563623746.
Trial 21 finished with value: 0.7082008772985086 and parameters: {'degree': 3}. Best is trial 1 with value: 0.8232741563623746.
Trial 18 finished with value: 0.7082008772985086 and parameters: {'degree': 3}. Best is trial 1 with value: 0.8232741563623746.
Trial 20 finished with value: 0.8232741563623746 and parameters: {'degree': 2}. Best is trial 1 with value: 0.8232741563623746.
Trial 16 finished with value: 0.771264770441797 and parameters: {'degree': 1}. Best is trial 1 with value: 0.8232741563623746.
Trial 19 finished with value: -9.194270679190715e+19 and parameters: {'degree': 4}. Best is trial 1 with value: 0.8232741563623746.
Trial 10 finished with value: 0.771264770441797 and parameters: {'degree': 1}. Best is trial 1 with value: 0.8232741563623746.
Trial 3 finished with value: 0.771264770441797 and parameters: {'degree': 1}. Best is trial 1 with value: 0.8232741563623746.
Trial 14 finished with value: -4207730969403520.0 and parameters: {'degree': 5}. Best is trial 1 with value: 0.8232741563623746.
Trial 8 finished with value: 0.8232741563623746 and parameters: {'degree': 2}. Best is trial 1 with value: 0.8232741563623746.
Trial 4 finished with value: 0.7082008772985086 and parameters: {'degree': 3}. Best is trial 1 with value: 0.8232741563623746.
Trial 15 finished with value: 0.7082008772985086 and parameters: {'degree': 3}. Best is trial 1 with value: 0.8232741563623746.
Trial 22 finished with value: -9.194270679190715e+19 and parameters: {'degree': 4}. Best is trial 1 with value: 0.8232741563623746.
Trial 7 finished with value: 0.8232741563623746 and parameters: {'degree': 2}. Best is trial 1 with value: 0.8232741563623746.
Trial 12 finished with value: 0.771264770441797 and parameters: {'degree': 1}. Best is trial 1 with value: 0.8232741563623746.
Trial 11 finished with value: -4207730969403520.0 and parameters: {'degree': 5}. Best is trial 1 with value: 0.8232741563623746.
Trial 13 finished with value: 0.7082008772985086 and parameters: {'degree': 3}. Best is trial 1 with value: 0.8232741563623746.
Trial 24 finished with value: 0.771264770441797 and parameters: {'degree': 1}. Best is trial 1 with value: 0.8232741563623746.
Trial 27 finished with value: 0.8232741563623746 and parameters: {'degree': 2}. Best is trial 1 with value: 0.8232741563623746.
Trial 23 finished with value: -9.194270679190715e+19 and parameters: {'degree': 4}. Best is trial 1 with value: 0.8232741563623746.
Trial 42 finished with value: 0.771264770441797 and parameters: {'degree': 1}. Best is trial 1 with value: 0.8232741563623746.
Trial 26 finished with value: -9.194270679190715e+19 and parameters: {'degree': 4}. Best is trial 1 with value: 0.8232741563623746.
Trial 32 finished with value: 0.771264770441797 and parameters: {'degree': 1}. Best is trial 1 with value: 0.8232741563623746.
Trial 29 finished with value: 0.8232741563623746 and parameters: {'degree': 2}. Best is trial 1 with value: 0.8232741563623746.
Trial 25 finished with value: 0.8232741563623746 and parameters: {'degree': 2}. Best is trial 1 with value: 0.8232741563623746.
Trial 43 finished with value: 0.7082008772985086 and parameters: {'degree': 3}. Best is trial 1 with value: 0.8232741563623746.
Trial 36 finished with value: 0.8232741563623746 and parameters: {'degree': 2}. Best is trial 1 with value: 0.8232741563623746.
Trial 35 finished with value: -9.194270679190715e+19 and parameters: {'degree': 4}. Best is trial 1 with value: 0.8232741563623746.
Trial 38 finished with value: -9.194270679190715e+19 and parameters: {'degree': 4}. Best is trial 1 with value: 0.8232741563623746.
Trial 28 finished with value: 0.771264770441797 and parameters: {'degree': 1}. Best is trial 1 with value: 0.8232741563623746.
Trial 41 finished with value: -9.194270679190715e+19 and parameters: {'degree': 4}. Best is trial 1 with value: 0.8232741563623746.
Trial 45 finished with value: -9.194270679190715e+19 and parameters: {'degree': 4}. Best is trial 1 with value: 0.8232741563623746.
Trial 30 finished with value: -4207730969403520.0 and parameters: {'degree': 5}. Best is trial 1 with value: 0.8232741563623746.
Trial 31 finished with value: -9.194270679190715e+19 and parameters: {'degree': 4}. Best is trial 1 with value: 0.8232741563623746.
Trial 39 finished with value: -9.194270679190715e+19 and parameters: {'degree': 4}. Best is trial 1 with value: 0.8232741563623746.
Trial 33 finished with value: 0.7082008772985086 and parameters: {'degree': 3}. Best is trial 1 with value: 0.8232741563623746.
Trial 40 finished with value: 0.771264770441797 and parameters: {'degree': 1}. Best is trial 1 with value: 0.8232741563623746.
Trial 44 finished with value: 0.8232741563623746 and parameters: {'degree': 2}. Best is trial 1 with value: 0.8232741563623746.
Trial 37 finished with value: -4207730969403520.0 and parameters: {'degree': 5}. Best is trial 1 with value: 0.8232741563623746.
Trial 34 finished with value: 0.8232741563623746 and parameters: {'degree': 2}. Best is trial 1 with value: 0.8232741563623746.
Trial 47 finished with value: 0.8232741563623746 and parameters: {'degree': 2}. Best is trial 1 with value: 0.8232741563623746.
Trial 50 finished with value: 0.8232741563623746 and parameters: {'degree': 2}. Best is trial 1 with value: 0.8232741563623746.
Trial 46 finished with value: 0.8232741563623746 and parameters: {'degree': 2}. Best is trial 1 with value: 0.8232741563623746.
Trial 48 finished with value: -4207730969403520.0 and parameters: {'degree': 5}. Best is trial 1 with value: 0.8232741563623746.
Trial 59 finished with value: 0.771264770441797 and parameters: {'degree': 1}. Best is trial 1 with value: 0.8232741563623746.
Trial 51 finished with value: 0.771264770441797 and parameters: {'degree': 1}. Best is trial 1 with value: 0.8232741563623746.
Trial 56 finished with value: 0.8232741563623746 and parameters: {'degree': 2}. Best is trial 1 with value: 0.8232741563623746.
Trial 52 finished with value: 0.8232741563623746 and parameters: {'degree': 2}. Best is trial 1 with value: 0.8232741563623746.
Trial 58 finished with value: 0.771264770441797 and parameters: {'degree': 1}. Best is trial 1 with value: 0.8232741563623746.
Trial 49 finished with value: -4207730969403520.0 and parameters: {'degree': 5}. Best is trial 1 with value: 0.8232741563623746.
Trial 53 finished with value: -9.194270679190715e+19 and parameters: {'degree': 4}. Best is trial 1 with value: 0.8232741563623746.
Trial 57 finished with value: 0.771264770441797 and parameters: {'degree': 1}. Best is trial 1 with value: 0.8232741563623746.
Trial 61 finished with value: -9.194270679190715e+19 and parameters: {'degree': 4}. Best is trial 1 with value: 0.8232741563623746.
Trial 55 finished with value: 0.7082008772985086 and parameters: {'degree': 3}. Best is trial 1 with value: 0.8232741563623746.
Trial 62 finished with value: -9.194270679190715e+19 and parameters: {'degree': 4}. Best is trial 1 with value: 0.8232741563623746.
Trial 66 finished with value: 0.771264770441797 and parameters: {'degree': 1}. Best is trial 1 with value: 0.8232741563623746.
Trial 54 finished with value: -4207730969403520.0 and parameters: {'degree': 5}. Best is trial 1 with value: 0.8232741563623746.
Trial 60 finished with value: 0.7082008772985086 and parameters: {'degree': 3}. Best is trial 1 with value: 0.8232741563623746.
Trial 65 finished with value: -9.194270679190715e+19 and parameters: {'degree': 4}. Best is trial 1 with value: 0.8232741563623746.
Trial 71 finished with value: 0.771264770441797 and parameters: {'degree': 1}. Best is trial 1 with value: 0.8232741563623746.
Trial 76 finished with value: 0.771264770441797 and parameters: {'degree': 1}. Best is trial 1 with value: 0.8232741563623746.
Trial 64 finished with value: -9.194270679190715e+19 and parameters: {'degree': 4}. Best is trial 1 with value: 0.8232741563623746.
Trial 73 finished with value: 0.8232741563623746 and parameters: {'degree': 2}. Best is trial 1 with value: 0.8232741563623746.
Trial 72 finished with value: 0.7082008772985086 and parameters: {'degree': 3}. Best is trial 1 with value: 0.8232741563623746.
Trial 70 finished with value: 0.771264770441797 and parameters: {'degree': 1}. Best is trial 1 with value: 0.8232741563623746.
Trial 67 finished with value: 0.7082008772985086 and parameters: {'degree': 3}. Best is trial 1 with value: 0.8232741563623746.
Trial 78 finished with value: -9.194270679190715e+19 and parameters: {'degree': 4}. Best is trial 1 with value: 0.8232741563623746.
Trial 77 finished with value: 0.7082008772985086 and parameters: {'degree': 3}. Best is trial 1 with value: 0.8232741563623746.
Trial 68 finished with value: 0.7082008772985086 and parameters: {'degree': 3}. Best is trial 1 with value: 0.8232741563623746.
Trial 69 finished with value: 0.771264770441797 and parameters: {'degree': 1}. Best is trial 1 with value: 0.8232741563623746.
Trial 63 finished with value: -4207730969403520.0 and parameters: {'degree': 5}. Best is trial 1 with value: 0.8232741563623746.
Trial 74 finished with value: -4207730969403520.0 and parameters: {'degree': 5}. Best is trial 1 with value: 0.8232741563623746.
Trial 80 finished with value: -9.194270679190715e+19 and parameters: {'degree': 4}. Best is trial 1 with value: 0.8232741563623746.
Trial 86 finished with value: 0.7082008772985086 and parameters: {'degree': 3}. Best is trial 1 with value: 0.8232741563623746.
Trial 81 finished with value: 0.7082008772985086 and parameters: {'degree': 3}. Best is trial 1 with value: 0.8232741563623746.
Trial 75 finished with value: 0.7082008772985086 and parameters: {'degree': 3}. Best is trial 1 with value: 0.8232741563623746.
Trial 79 finished with value: -4207730969403520.0 and parameters: {'degree': 5}. Best is trial 1 with value: 0.8232741563623746.
Trial 83 finished with value: 0.7082008772985086 and parameters: {'degree': 3}. Best is trial 1 with value: 0.8232741563623746.
Trial 82 finished with value: 0.8232741563623746 and parameters: {'degree': 2}. Best is trial 1 with value: 0.8232741563623746.
Trial 85 finished with value: -9.194270679190715e+19 and parameters: {'degree': 4}. Best is trial 1 with value: 0.8232741563623746.
Trial 84 finished with value: -4207730969403520.0 and parameters: {'degree': 5}. Best is trial 1 with value: 0.8232741563623746.
Trial 87 finished with value: 0.7082008772985086 and parameters: {'degree': 3}. Best is trial 1 with value: 0.8232741563623746.
Trial 88 finished with value: 0.771264770441797 and parameters: {'degree': 1}. Best is trial 1 with value: 0.8232741563623746.
Trial 101 finished with value: 0.7082008772985086 and parameters: {'degree': 3}. Best is trial 1 with value: 0.8232741563623746.
Trial 91 finished with value: 0.7082008772985086 and parameters: {'degree': 3}. Best is trial 1 with value: 0.8232741563623746.
Trial 96 finished with value: 0.8232741563623746 and parameters: {'degree': 2}. Best is trial 1 with value: 0.8232741563623746.
Trial 94 finished with value: 0.7082008772985086 and parameters: {'degree': 3}. Best is trial 1 with value: 0.8232741563623746.
Trial 93 finished with value: -9.194270679190715e+19 and parameters: {'degree': 4}. Best is trial 1 with value: 0.8232741563623746.
Trial 99 finished with value: -9.194270679190715e+19 and parameters: {'degree': 4}. Best is trial 1 with value: 0.8232741563623746.
Trial 90 finished with value: 0.7082008772985086 and parameters: {'degree': 3}. Best is trial 1 with value: 0.8232741563623746.
Trial 97 finished with value: 0.771264770441797 and parameters: {'degree': 1}. Best is trial 1 with value: 0.8232741563623746.
Trial 98 finished with value: -9.194270679190715e+19 and parameters: {'degree': 4}. Best is trial 1 with value: 0.8232741563623746.
Trial 95 finished with value: -4207730969403520.0 and parameters: {'degree': 5}. Best is trial 1 with value: 0.8232741563623746.
Trial 104 finished with value: 0.771264770441797 and parameters: {'degree': 1}. Best is trial 1 with value: 0.8232741563623746.
Trial 108 finished with value: 0.8232741563623746 and parameters: {'degree': 2}. Best is trial 1 with value: 0.8232741563623746.
Trial 100 finished with value: 0.771264770441797 and parameters: {'degree': 1}. Best is trial 1 with value: 0.8232741563623746.
Trial 103 finished with value: 0.771264770441797 and parameters: {'degree': 1}. Best is trial 1 with value: 0.8232741563623746.
Trial 89 finished with value: -9.194270679190715e+19 and parameters: {'degree': 4}. Best is trial 1 with value: 0.8232741563623746.
Trial 105 finished with value: 0.7082008772985086 and parameters: {'degree': 3}. Best is trial 1 with value: 0.8232741563623746.
Trial 106 finished with value: 0.8232741563623746 and parameters: {'degree': 2}. Best is trial 1 with value: 0.8232741563623746.
Trial 107 finished with value: 0.7082008772985086 and parameters: {'degree': 3}. Best is trial 1 with value: 0.8232741563623746.
Trial 92 finished with value: -4207730969403520.0 and parameters: {'degree': 5}. Best is trial 1 with value: 0.8232741563623746.
Trial 111 finished with value: -4207730969403520.0 and parameters: {'degree': 5}. Best is trial 1 with value: 0.8232741563623746.
Trial 102 finished with value: 0.7082008772985086 and parameters: {'degree': 3}. Best is trial 1 with value: 0.8232741563623746.
Trial 118 finished with value: 0.771264770441797 and parameters: {'degree': 1}. Best is trial 1 with value: 0.8232741563623746.
Trial 112 finished with value: -9.194270679190715e+19 and parameters: {'degree': 4}. Best is trial 1 with value: 0.8232741563623746.
Trial 110 finished with value: 0.771264770441797 and parameters: {'degree': 1}. Best is trial 1 with value: 0.8232741563623746.
Trial 109 finished with value: -4207730969403520.0 and parameters: {'degree': 5}. Best is trial 1 with value: 0.8232741563623746.
Trial 129 finished with value: 0.771264770441797 and parameters: {'degree': 1}. Best is trial 1 with value: 0.8232741563623746.
Trial 125 finished with value: 0.7082008772985086 and parameters: {'degree': 3}. Best is trial 1 with value: 0.8232741563623746.
Trial 120 finished with value: -9.194270679190715e+19 and parameters: {'degree': 4}. Best is trial 1 with value: 0.8232741563623746.
Trial 124 finished with value: 0.8232741563623746 and parameters: {'degree': 2}. Best is trial 1 with value: 0.8232741563623746.
Trial 121 finished with value: 0.771264770441797 and parameters: {'degree': 1}. Best is trial 1 with value: 0.8232741563623746.
Trial 114 finished with value: 0.7082008772985086 and parameters: {'degree': 3}. Best is trial 1 with value: 0.8232741563623746.
Trial 116 finished with value: -4207730969403520.0 and parameters: {'degree': 5}. Best is trial 1 with value: 0.8232741563623746.
Trial 115 finished with value: 0.8232741563623746 and parameters: {'degree': 2}. Best is trial 1 with value: 0.8232741563623746.
Trial 123 finished with value: 0.771264770441797 and parameters: {'degree': 1}. Best is trial 1 with value: 0.8232741563623746.
Trial 113 finished with value: 0.8232741563623746 and parameters: {'degree': 2}. Best is trial 1 with value: 0.8232741563623746.
Trial 126 finished with value: -4207730969403520.0 and parameters: {'degree': 5}. Best is trial 1 with value: 0.8232741563623746.
Trial 122 finished with value: 0.7082008772985086 and parameters: {'degree': 3}. Best is trial 1 with value: 0.8232741563623746.
Trial 132 finished with value: 0.771264770441797 and parameters: {'degree': 1}. Best is trial 1 with value: 0.8232741563623746.
Trial 119 finished with value: -9.194270679190715e+19 and parameters: {'degree': 4}. Best is trial 1 with value: 0.8232741563623746.
Trial 130 finished with value: 0.8232741563623746 and parameters: {'degree': 2}. Best is trial 1 with value: 0.8232741563623746.
Trial 117 finished with value: 0.7082008772985086 and parameters: {'degree': 3}. Best is trial 1 with value: 0.8232741563623746.
Trial 131 finished with value: -9.194270679190715e+19 and parameters: {'degree': 4}. Best is trial 1 with value: 0.8232741563623746.
Trial 128 finished with value: -4207730969403520.0 and parameters: {'degree': 5}. Best is trial 1 with value: 0.8232741563623746.
Trial 139 finished with value: 0.7082008772985086 and parameters: {'degree': 3}. Best is trial 1 with value: 0.8232741563623746.
Trial 135 finished with value: 0.7082008772985086 and parameters: {'degree': 3}. Best is trial 1 with value: 0.8232741563623746.
Trial 133 finished with value: 0.8232741563623746 and parameters: {'degree': 2}. Best is trial 1 with value: 0.8232741563623746.
Trial 138 finished with value: 0.7082008772985086 and parameters: {'degree': 3}. Best is trial 1 with value: 0.8232741563623746.
Trial 134 finished with value: -4207730969403520.0 and parameters: {'degree': 5}. Best is trial 1 with value: 0.8232741563623746.
Trial 144 finished with value: 0.8232741563623746 and parameters: {'degree': 2}. Best is trial 1 with value: 0.8232741563623746.
Trial 127 finished with value: -4207730969403520.0 and parameters: {'degree': 5}. Best is trial 1 with value: 0.8232741563623746.
Trial 142 finished with value: -4207730969403520.0 and parameters: {'degree': 5}. Best is trial 1 with value: 0.8232741563623746.
Trial 136 finished with value: 0.7082008772985086 and parameters: {'degree': 3}. Best is trial 1 with value: 0.8232741563623746.
Trial 141 finished with value: -9.194270679190715e+19 and parameters: {'degree': 4}. Best is trial 1 with value: 0.8232741563623746.
Trial 137 finished with value: -9.194270679190715e+19 and parameters: {'degree': 4}. Best is trial 1 with value: 0.8232741563623746.
Trial 145 finished with value: -9.194270679190715e+19 and parameters: {'degree': 4}. Best is trial 1 with value: 0.8232741563623746.
Trial 148 finished with value: 0.7082008772985086 and parameters: {'degree': 3}. Best is trial 1 with value: 0.8232741563623746.
Trial 150 finished with value: -4207730969403520.0 and parameters: {'degree': 5}. Best is trial 1 with value: 0.8232741563623746.
Trial 140 finished with value: -9.194270679190715e+19 and parameters: {'degree': 4}. Best is trial 1 with value: 0.8232741563623746.
Trial 153 finished with value: 0.7082008772985086 and parameters: {'degree': 3}. Best is trial 1 with value: 0.8232741563623746.
Trial 143 finished with value: 0.8232741563623746 and parameters: {'degree': 2}. Best is trial 1 with value: 0.8232741563623746.
Trial 151 finished with value: 0.771264770441797 and parameters: {'degree': 1}. Best is trial 1 with value: 0.8232741563623746.
Trial 152 finished with value: -4207730969403520.0 and parameters: {'degree': 5}. Best is trial 1 with value: 0.8232741563623746.
Trial 146 finished with value: 0.7082008772985086 and parameters: {'degree': 3}. Best is trial 1 with value: 0.8232741563623746.
Trial 147 finished with value: 0.7082008772985086 and parameters: {'degree': 3}. Best is trial 1 with value: 0.8232741563623746.
Trial 149 finished with value: -4207730969403520.0 and parameters: {'degree': 5}. Best is trial 1 with value: 0.8232741563623746.
Trial 155 finished with value: 0.8232741563623746 and parameters: {'degree': 2}. Best is trial 1 with value: 0.8232741563623746.
Trial 158 finished with value: 0.771264770441797 and parameters: {'degree': 1}. Best is trial 1 with value: 0.8232741563623746.
Trial 156 finished with value: 0.7082008772985086 and parameters: {'degree': 3}. Best is trial 1 with value: 0.8232741563623746.
Trial 154 finished with value: -4207730969403520.0 and parameters: {'degree': 5}. Best is trial 1 with value: 0.8232741563623746.
Trial 160 finished with value: 0.771264770441797 and parameters: {'degree': 1}. Best is trial 1 with value: 0.8232741563623746.
Trial 159 finished with value: -9.194270679190715e+19 and parameters: {'degree': 4}. Best is trial 1 with value: 0.8232741563623746.
Trial 165 finished with value: -9.194270679190715e+19 and parameters: {'degree': 4}. Best is trial 1 with value: 0.8232741563623746.
Trial 162 finished with value: -9.194270679190715e+19 and parameters: {'degree': 4}. Best is trial 1 with value: 0.8232741563623746.
Trial 164 finished with value: 0.8232741563623746 and parameters: {'degree': 2}. Best is trial 1 with value: 0.8232741563623746.
Trial 157 finished with value: 0.771264770441797 and parameters: {'degree': 1}. Best is trial 1 with value: 0.8232741563623746.
Trial 168 finished with value: 0.7082008772985086 and parameters: {'degree': 3}. Best is trial 1 with value: 0.8232741563623746.
Trial 163 finished with value: 0.771264770441797 and parameters: {'degree': 1}. Best is trial 1 with value: 0.8232741563623746.
Trial 169 finished with value: -9.194270679190715e+19 and parameters: {'degree': 4}. Best is trial 1 with value: 0.8232741563623746.
Trial 166 finished with value: 0.7082008772985086 and parameters: {'degree': 3}. Best is trial 1 with value: 0.8232741563623746.
Trial 174 finished with value: 0.8232741563623746 and parameters: {'degree': 2}. Best is trial 1 with value: 0.8232741563623746.
