Trial 161 finished with value: 0.7082008772985086 and parameters: {'degree': 3}. Best is trial 1 with value: 0.8232741563623746.
Trial 178 finished with value: 0.771264770441797 and parameters: {'degree': 1}. Best is trial 1 with value: 0.8232741563623746.
Trial 167 finished with value: -9.194270679190715e+19 and parameters: {'degree': 4}. Best is trial 1 with value: 0.8232741563623746.
Trial 176 finished with value: 0.8232741563623746 and parameters: {'degree': 2}. Best is trial 1 with value: 0.8232741563623746.
Trial 170 finished with value: -9.194270679190715e+19 and parameters: {'degree': 4}. Best is trial 1 with value: 0.8232741563623746.
Trial 171 finished with value: -4207730969403520.0 and parameters: {'degree': 5}. Best is trial 1 with value: 0.8232741563623746.
Trial 172 finished with value: 0.7082008772985086 and parameters: {'degree': 3}. Best is trial 1 with value: 0.8232741563623746.
Trial 182 finished with value: 0.8232741563623746 and parameters: {'degree': 2}. Best is trial 1 with value: 0.8232741563623746.
Trial 175 finished with value: -4207730969403520.0 and parameters: {'degree': 5}. Best is trial 1 with value: 0.8232741563623746.
Trial 180 finished with value: 0.771264770441797 and parameters: {'degree': 1}. Best is trial 1 with value: 0.8232741563623746.
Trial 186 finished with value: 0.8232741563623746 and parameters: {'degree': 2}. Best is trial 1 with value: 0.8232741563623746.
Trial 177 finished with value: -9.194270679190715e+19 and parameters: {'degree': 4}. Best is trial 1 with value: 0.8232741563623746.
Trial 179 finished with value: -9.194270679190715e+19 and parameters: {'degree': 4}. Best is trial 1 with value: 0.8232741563623746.
Trial 173 finished with value: -9.194270679190715e+19 and parameters: {'degree': 4}. Best is trial 1 with value: 0.8232741563623746.
Trial 184 finished with value: 0.7082008772985086 and parameters: {'degree': 3}. Best is trial 1 with value: 0.8232741563623746.
Trial 183 finished with value: 0.7082008772985086 and parameters: {'degree': 3}. Best is trial 1 with value: 0.8232741563623746.
Trial 189 finished with value: 0.7082008772985086 and parameters: {'degree': 3}. Best is trial 1 with value: 0.8232741563623746.
Trial 191 finished with value: -9.194270679190715e+19 and parameters: {'degree': 4}. Best is trial 1 with value: 0.8232741563623746.
Trial 192 finished with value: -4207730969403520.0 and parameters: {'degree': 5}. Best is trial 1 with value: 0.8232741563623746.
Trial 194 finished with value: 0.8232741563623746 and parameters: {'degree': 2}. Best is trial 1 with value: 0.8232741563623746.
Trial 181 finished with value: -9.194270679190715e+19 and parameters: {'degree': 4}. Best is trial 1 with value: 0.8232741563623746.
Trial 196 finished with value: 0.771264770441797 and parameters: {'degree': 1}. Best is trial 1 with value: 0.8232741563623746.
Trial 185 finished with value: 0.8232741563623746 and parameters: {'degree': 2}. Best is trial 1 with value: 0.8232741563623746.
Trial 193 finished with value: 0.7082008772985086 and parameters: {'degree': 3}. Best is trial 1 with value: 0.8232741563623746.
Trial 187 finished with value: 0.771264770441797 and parameters: {'degree': 1}. Best is trial 1 with value: 0.8232741563623746.
Trial 188 finished with value: -9.194270679190715e+19 and parameters: {'degree': 4}. Best is trial 1 with value: 0.8232741563623746.
Trial 200 finished with value: -4207730969403520.0 and parameters: {'degree': 5}. Best is trial 1 with value: 0.8232741563623746.
Trial 199 finished with value: 0.771264770441797 and parameters: {'degree': 1}. Best is trial 1 with value: 0.8232741563623746.
Trial 197 finished with value: 0.771264770441797 and parameters: {'degree': 1}. Best is trial 1 with value: 0.8232741563623746.
Trial 190 finished with value: -9.194270679190715e+19 and parameters: {'degree': 4}. Best is trial 1 with value: 0.8232741563623746.
Trial 201 finished with value: 0.7082008772985086 and parameters: {'degree': 3}. Best is trial 1 with value: 0.8232741563623746.
Trial 198 finished with value: 0.8232741563623746 and parameters: {'degree': 2}. Best is trial 1 with value: 0.8232741563623746.
Trial 203 finished with value: 0.7082008772985086 and parameters: {'degree': 3}. Best is trial 1 with value: 0.8232741563623746.
Trial 208 finished with value: 0.771264770441797 and parameters: {'degree': 1}. Best is trial 1 with value: 0.8232741563623746.
Trial 195 finished with value: 0.771264770441797 and parameters: {'degree': 1}. Best is trial 1 with value: 0.8232741563623746.
Trial 204 finished with value: 0.771264770441797 and parameters: {'degree': 1}. Best is trial 1 with value: 0.8232741563623746.
Trial 209 finished with value: 0.771264770441797 and parameters: {'degree': 1}. Best is trial 1 with value: 0.8232741563623746.
Trial 202 finished with value: -4207730969403520.0 and parameters: {'degree': 5}. Best is trial 1 with value: 0.8232741563623746.
Trial 205 finished with value: -4207730969403520.0 and parameters: {'degree': 5}. Best is trial 1 with value: 0.8232741563623746.
Trial 207 finished with value: -4207730969403520.0 and parameters: {'degree': 5}. Best is trial 1 with value: 0.8232741563623746.
Trial 213 finished with value: -9.194270679190715e+19 and parameters: {'degree': 4}. Best is trial 1 with value: 0.8232741563623746.
Trial 215 finished with value: 0.8232741563623746 and parameters: {'degree': 2}. Best is trial 1 with value: 0.8232741563623746.
Trial 214 finished with value: 0.771264770441797 and parameters: {'degree': 1}. Best is trial 1 with value: 0.8232741563623746.
Trial 216 finished with value: 0.771264770441797 and parameters: {'degree': 1}. Best is trial 1 with value: 0.8232741563623746.
Trial 212 finished with value: 0.771264770441797 and parameters: {'degree': 1}. Best is trial 1 with value: 0.8232741563623746.
Trial 206 finished with value: -4207730969403520.0 and parameters: {'degree': 5}. Best is trial 1 with value: 0.8232741563623746.
Trial 210 finished with value: -9.194270679190715e+19 and parameters: {'degree': 4}. Best is trial 1 with value: 0.8232741563623746.
Trial 211 finished with value: -4207730969403520.0 and parameters: {'degree': 5}. Best is trial 1 with value: 0.8232741563623746.
