A new study created in RDB with name: Poly_Linear_7831
Trial 1 finished with value: -486.31809101728186 and parameters: {'degree': 3}. Best is trial 1 with value: -486.31809101728186.
Trial 10 finished with value: -351.8175446387289 and parameters: {'degree': 1}. Best is trial 1 with value: -486.31809101728186.
Trial 0 finished with value: -351.8175446387289 and parameters: {'degree': 1}. Best is trial 1 with value: -486.31809101728186.
Trial 2 finished with value: -267.4277419314029 and parameters: {'degree': 2}. Best is trial 1 with value: -486.31809101728186.
Trial 3 finished with value: -486.31809101728186 and parameters: {'degree': 3}. Best is trial 23 with value: -1.927305348902386e+23.
Trial 18 finished with value: -58113.23194546889 and parameters: {'degree': 6}. Best is trial 23 with value: -1.927305348902386e+23.
Trial 23 finished with value: -1.927305348902386e+23 and parameters: {'degree': 4}. Best is trial 23 with value: -1.927305348902386e+23.
Trial 7 finished with value: -267.4277419314029 and parameters: {'degree': 2}. Best is trial 23 with value: -1.927305348902386e+23.
Trial 9 finished with value: -1.927305348902386e+23 and parameters: {'degree': 4}. Best is trial 23 with value: -1.927305348902386e+23.
Trial 13 finished with value: -58113.23194546889 and parameters: {'degree': 6}. Best is trial 23 with value: -1.927305348902386e+23.
Trial 8 finished with value: -486.31809101728186 and parameters: {'degree': 3}. Best is trial 23 with value: -1.927305348902386e+23.
Trial 12 finished with value: -7.165651180341193e+18 and parameters: {'degree': 5}. Best is trial 23 with value: -1.927305348902386e+23.
Trial 15 finished with value: -1734765.4617555335 and parameters: {'degree': 8}. Best is trial 23 with value: -1.927305348902386e+23.
Trial 17 finished with value: -2029009.7592081868 and parameters: {'degree': 7}. Best is trial 23 with value: -1.927305348902386e+23.
Trial 14 finished with value: -351.8175446387289 and parameters: {'degree': 1}. Best is trial 23 with value: -1.927305348902386e+23.
Trial 16 finished with value: -2029009.7592081868 and parameters: {'degree': 7}. Best is trial 23 with value: -1.927305348902386e+23.
Trial 22 finished with value: -486.31809101728186 and parameters: {'degree': 3}. Best is trial 23 with value: -1.927305348902386e+23.
Trial 11 finished with value: -1734765.4617555335 and parameters: {'degree': 8}. Best is trial 23 with value: -1.927305348902386e+23.
Trial 19 finished with value: -1734765.4617555335 and parameters: {'degree': 8}. Best is trial 23 with value: -1.927305348902386e+23.
Trial 31 finished with value: -267.4277419314029 and parameters: {'degree': 2}. Best is trial 23 with value: -1.927305348902386e+23.
Trial 20 finished with value: -2029009.7592081868 and parameters: {'degree': 7}. Best is trial 23 with value: -1.927305348902386e+23.
Trial 6 finished with value: -1734765.4617555335 and parameters: {'degree': 8}. Best is trial 23 with value: -1.927305348902386e+23.
Trial 30 finished with value: -58113.23194546889 and parameters: {'degree': 6}. Best is trial 23 with value: -1.927305348902386e+23.
Trial 4 finished with value: -1734765.4617555335 and parameters: {'degree': 8}. Best is trial 23 with value: -1.927305348902386e+23.
Trial 21 finished with value: -1734765.4617555335 and parameters: {'degree': 8}. Best is trial 23 with value: -1.927305348902386e+23.
Trial 33 finished with value: -486.31809101728186 and parameters: {'degree': 3}. Best is trial 23 with value: -1.927305348902386e+23.
Trial 24 finished with value: -2029009.7592081868 and parameters: {'degree': 7}. Best is trial 23 with value: -1.927305348902386e+23.
Trial 32 finished with value: -58113.23194546889 and parameters: {'degree': 6}. Best is trial 23 with value: -1.927305348902386e+23.
Trial 25 finished with value: -2029009.7592081868 and parameters: {'degree': 7}. Best is trial 23 with value: -1.927305348902386e+23.
Trial 29 finished with value: -1734765.4617555335 and parameters: {'degree': 8}. Best is trial 23 with value: -1.927305348902386e+23.
Trial 26 finished with value: -1734765.4617555335 and parameters: {'degree': 8}. Best is trial 23 with value: -1.927305348902386e+23.
Trial 27 finished with value: -590931.4831442994 and parameters: {'degree': 9}. Best is trial 23 with value: -1.927305348902386e+23.
Trial 28 finished with value: -728551.151975228 and parameters: {'degree': 10}. Best is trial 23 with value: -1.927305348902386e+23.
A new study created in RDB with name: Poly_Linear_7139
Trial 11 finished with value: -7.165651180341193e+18 and parameters: {'degree': 5}. Best is trial 11 with value: -7.165651180341193e+18.
Trial 14 finished with value: -7.165651180341193e+18 and parameters: {'degree': 5}. Best is trial 20 with value: -267.4277419314029.
Trial 16 finished with value: -58113.23194546889 and parameters: {'degree': 6}. Best is trial 20 with value: -267.4277419314029.
Trial 20 finished with value: -267.4277419314029 and parameters: {'degree': 2}. Best is trial 20 with value: -267.4277419314029.
Trial 21 finished with value: -1734765.4617555335 and parameters: {'degree': 8}. Best is trial 20 with value: -267.4277419314029.
Trial 12 finished with value: -1.927305348902386e+23 and parameters: {'degree': 4}. Best is trial 20 with value: -267.4277419314029.
Trial 9 finished with value: -267.4277419314029 and parameters: {'degree': 2}. Best is trial 20 with value: -267.4277419314029.
Trial 0 finished with value: -58113.23194546889 and parameters: {'degree': 6}. Best is trial 20 with value: -267.4277419314029.
Trial 2 finished with value: -267.4277419314029 and parameters: {'degree': 2}. Best is trial 20 with value: -267.4277419314029.
Trial 18 finished with value: -7.165651180341193e+18 and parameters: {'degree': 5}. Best is trial 20 with value: -267.4277419314029.
Trial 22 finished with value: -486.31809101728186 and parameters: {'degree': 3}. Best is trial 20 with value: -267.4277419314029.
Trial 19 finished with value: -1.927305348902386e+23 and parameters: {'degree': 4}. Best is trial 20 with value: -267.4277419314029.
Trial 7 finished with value: -2029009.7592081868 and parameters: {'degree': 7}. Best is trial 20 with value: -267.4277419314029.
Trial 6 finished with value: -486.31809101728186 and parameters: {'degree': 3}. Best is trial 20 with value: -267.4277419314029.
Trial 23 finished with value: -486.31809101728186 and parameters: {'degree': 3}. Best is trial 20 with value: -267.4277419314029.
Trial 8 finished with value: -2029009.7592081868 and parameters: {'degree': 7}. Best is trial 20 with value: -267.4277419314029.
Trial 10 finished with value: -1734765.4617555335 and parameters: {'degree': 8}. Best is trial 20 with value: -267.4277419314029.
Trial 13 finished with value: -351.8175446387289 and parameters: {'degree': 1}. Best is trial 20 with value: -267.4277419314029.
Trial 17 finished with value: -590931.4831442994 and parameters: {'degree': 9}. Best is trial 20 with value: -267.4277419314029.
Trial 4 finished with value: -590931.4831442994 and parameters: {'degree': 9}. Best is trial 20 with value: -267.4277419314029.
Trial 3 finished with value: -728551.151975228 and parameters: {'degree': 10}. Best is trial 20 with value: -267.4277419314029.
Trial 5 finished with value: -1734765.4617555335 and parameters: {'degree': 8}. Best is trial 20 with value: -267.4277419314029.
Trial 15 finished with value: -728551.151975228 and parameters: {'degree': 10}. Best is trial 20 with value: -267.4277419314029.
Trial 1 finished with value: -728551.151975228 and parameters: {'degree': 10}. Best is trial 20 with value: -267.4277419314029.
A new study created in RDB with name: Poly_Linear_73843
Trial 6 finished with value: 0.8232741563623746 and parameters: {'degree': 2}. Best is trial 1 with value: 0.8232741563623746.
Trial 1 finished with value: 0.8232741563623746 and parameters: {'degree': 2}. Best is trial 1 with value: 0.8232741563623746.
Trial 9 finished with value: 0.771264770441797 and parameters: {'degree': 1}. Best is trial 1 with value: 0.8232741563623746.
Trial 2 finished with value: -9.194270679190715e+19 and parameters: {'degree': 4}. Best is trial 1 with value: 0.8232741563623746.
Trial 0 finished with value: 0.7082008772985086 and parameters: {'degree': 3}. Best is trial 1 with value: 0.8232741563623746.
Trial 17 finished with value: 0.8232741563623746 and parameters: {'degree': 2}. Best is trial 1 with value: 0.8232741563623746.
Trial 5 finished with value: 0.8232741563623746 and parameters: {'degree': 2}. Best is trial 1 with value: 0.8232741563623746.
Trial 21 finished with value: 0.7082008772985086 and parameters: {'degree': 3}. Best is trial 1 with value: 0.8232741563623746.
Trial 18 finished with value: 0.7082008772985086 and parameters: {'degree': 3}. Best is trial 1 with value: 0.8232741563623746.
Trial 20 finished with value: 0.8232741563623746 and parameters: {'degree': 2}. Best is trial 1 with value: 0.8232741563623746.
Trial 16 finished with value: 0.771264770441797 and parameters: {'degree': 1}. Best is trial 1 with value: 0.8232741563623746.
Trial 19 finished with value: -9.194270679190715e+19 and parameters: {'degree': 4}. Best is trial 1 with value: 0.8232741563623746.
Trial 10 finished with value: 0.771264770441797 and parameters: {'degree': 1}. Best is trial 1 with value: 0.8232741563623746.
Trial 3 finished with value: 0.771264770441797 and parameters: {'degree': 1}. Best is trial 1 with value: 0.8232741563623746.
Trial 14 finished with value: -4207730969403520.0 and parameters: {'degree': 5}. Best is trial 1 with value: 0.8232741563623746.
Trial 8 finished with value: 0.8232741563623746 and parameters: {'degree': 2}. Best is trial 1 with value: 0.8232741563623746.
Trial 4 finished with value: 0.7082008772985086 and parameters: {'degree': 3}. Best is trial 1 with value: 0.8232741563623746.
Trial 15 finished with value: 0.7082008772985086 and parameters: {'degree': 3}. Best is trial 1 with value: 0.8232741563623746.
Trial 22 finished with value: -9.194270679190715e+19 and parameters: {'degree': 4}. Best is trial 1 with value: 0.8232741563623746.
Trial 7 finished with value: 0.8232741563623746 and parameters: {'degree': 2}. Best is trial 1 with value: 0.8232741563623746.
Trial 12 finished with value: 0.771264770441797 and parameters: {'degree': 1}. Best is trial 1 with value: 0.8232741563623746.
Trial 11 finished with value: -4207730969403520.0 and parameters: {'degree': 5}. Best is trial 1 with value: 0.8232741563623746.
Trial 13 finished with value: 0.7082008772985086 and parameters: {'degree': 3}. Best is trial 1 with value: 0.8232741563623746.
Trial 24 finished with value: 0.771264770441797 and parameters: {'degree': 1}. Best is trial 1 with value: 0.8232741563623746.
Trial 27 finished with value: 0.8232741563623746 and parameters: {'degree': 2}. Best is trial 1 with value: 0.8232741563623746.
Trial 23 finished with value: -9.194270679190715e+19 and parameters: {'degree': 4}. Best is trial 1 with value: 0.8232741563623746.
Trial 42 finished with value: 0.771264770441797 and parameters: {'degree': 1}. Best is trial 1 with value: 0.8232741563623746.
Trial 26 finished with value: -9.194270679190715e+19 and parameters: {'degree': 4}. Best is trial 1 with value: 0.8232741563623746.
Trial 32 finished with value: 0.771264770441797 and parameters: {'degree': 1}. Best is trial 1 with value: 0.8232741563623746.
Trial 29 finished with value: 0.8232741563623746 and parameters: {'degree': 2}. Best is trial 1 with value: 0.8232741563623746.
Trial 25 finished with value: 0.8232741563623746 and parameters: {'degree': 2}. Best is trial 1 with value: 0.8232741563623746.
Trial 43 finished with value: 0.7082008772985086 and parameters: {'degree': 3}. Best is trial 1 with value: 0.8232741563623746.
Trial 36 finished with value: 0.8232741563623746 and parameters: {'degree': 2}. Best is trial 1 with value: 0.8232741563623746.
Trial 35 finished with value: -9.194270679190715e+19 and parameters: {'degree': 4}. Best is trial 1 with value: 0.8232741563623746.
Trial 38 finished with value: -9.194270679190715e+19 and parameters: {'degree': 4}. Best is trial 1 with value: 0.8232741563623746.
Trial 28 finished with value: 0.771264770441797 and parameters: {'degree': 1}. Best is trial 1 with value: 0.8232741563623746.
Trial 41 finished with value: -9.194270679190715e+19 and parameters: {'degree': 4}. Best is trial 1 with value: 0.8232741563623746.
Trial 45 finished with value: -9.194270679190715e+19 and parameters: {'degree': 4}. Best is trial 1 with value: 0.8232741563623746.
Trial 30 finished with value: -4207730969403520.0 and parameters: {'degree': 5}. Best is trial 1 with value: 0.8232741563623746.
Trial 31 finished with value: -9.194270679190715e+19 and parameters: {'degree': 4}. Best is trial 1 with value: 0.8232741563623746.
Trial 39 finished with value: -9.194270679190715e+19 and parameters: {'degree': 4}. Best is trial 1 with value: 0.8232741563623746.
Trial 33 finished with value: 0.7082008772985086 and parameters: {'degree': 3}. Best is trial 1 with value: 0.8232741563623746.
Trial 40 finished with value: 0.771264770441797 and parameters: {'degree': 1}. Best is trial 1 with value: 0.8232741563623746.
Trial 44 finished with value: 0.8232741563623746 and parameters: {'degree': 2}. Best is trial 1 with value: 0.8232741563623746.
Trial 37 finished with value: -4207730969403520.0 and parameters: {'degree': 5}. Best is trial 1 with value: 0.8232741563623746.
Trial 34 finished with value: 0.8232741563623746 and parameters: {'degree': 2}. Best is trial 1 with value: 0.8232741563623746.
Trial 47 finished with value: 0.8232741563623746 and parameters: {'degree': 2}. Best is trial 1 with value: 0.8232741563623746.
Trial 50 finished with value: 0.8232741563623746 and parameters: {'degree': 2}. Best is trial 1 with value: 0.8232741563623746.
Trial 46 finished with value: 0.8232741563623746 and parameters: {'degree': 2}. Best is trial 1 with value: 0.8232741563623746.
Trial 48 finished with value: -4207730969403520.0 and parameters: {'degree': 5}. Best is trial 1 with value: 0.8232741563623746.
Trial 59 finished with value: 0.771264770441797 and parameters: {'degree': 1}. Best is trial 1 with value: 0.8232741563623746.
Trial 51 finished with value: 0.771264770441797 and parameters: {'degree': 1}. Best is trial 1 with value: 0.8232741563623746.
Trial 56 finished with value: 0.8232741563623746 and parameters: {'degree': 2}. Best is trial 1 with value: 0.8232741563623746.
Trial 52 finished with value: 0.8232741563623746 and parameters: {'degree': 2}. Best is trial 1 with value: 0.8232741563623746.
Trial 58 finished with value: 0.771264770441797 and parameters: {'degree': 1}. Best is trial 1 with value: 0.8232741563623746.
Trial 49 finished with value: -4207730969403520.0 and parameters: {'degree': 5}. Best is trial 1 with value: 0.8232741563623746.
Trial 53 finished with value: -9.194270679190715e+19 and parameters: {'degree': 4}. Best is trial 1 with value: 0.8232741563623746.
Trial 57 finished with value: 0.771264770441797 and parameters: {'degree': 1}. Best is trial 1 with value: 0.8232741563623746.
Trial 61 finished with value: -9.194270679190715e+19 and parameters: {'degree': 4}. Best is trial 1 with value: 0.8232741563623746.
Trial 55 finished with value: 0.7082008772985086 and parameters: {'degree': 3}. Best is trial 1 with value: 0.8232741563623746.
Trial 62 finished with value: -9.194270679190715e+19 and parameters: {'degree': 4}. Best is trial 1 with value: 0.8232741563623746.
Trial 66 finished with value: 0.771264770441797 and parameters: {'degree': 1}. Best is trial 1 with value: 0.8232741563623746.
Trial 54 finished with value: -4207730969403520.0 and parameters: {'degree': 5}. Best is trial 1 with value: 0.8232741563623746.
Trial 60 finished with value: 0.7082008772985086 and parameters: {'degree': 3}. Best is trial 1 with value: 0.8232741563623746.
Trial 65 finished with value: -9.194270679190715e+19 and parameters: {'degree': 4}. Best is trial 1 with value: 0.8232741563623746.
Trial 71 finished with value: 0.771264770441797 and parameters: {'degree': 1}. Best is trial 1 with value: 0.8232741563623746.
Trial 76 finished with value: 0.771264770441797 and parameters: {'degree': 1}. Best is trial 1 with value: 0.8232741563623746.
Trial 64 finished with value: -9.194270679190715e+19 and parameters: {'degree': 4}. Best is trial 1 with value: 0.8232741563623746.
Trial 73 finished with value: 0.8232741563623746 and parameters: {'degree': 2}. Best is trial 1 with value: 0.8232741563623746.
Trial 72 finished with value: 0.7082008772985086 and parameters: {'degree': 3}. Best is trial 1 with value: 0.8232741563623746.
Trial 70 finished with value: 0.771264770441797 and parameters: {'degree': 1}. Best is trial 1 with value: 0.8232741563623746.
Trial 67 finished with value: 0.7082008772985086 and parameters: {'degree': 3}. Best is trial 1 with value: 0.8232741563623746.
Trial 78 finished with value: -9.194270679190715e+19 and parameters: {'degree': 4}. Best is trial 1 with value: 0.8232741563623746.
Trial 77 finished with value: 0.7082008772985086 and parameters: {'degree': 3}. Best is trial 1 with value: 0.8232741563623746.
Trial 68 finished with value: 0.7082008772985086 and parameters: {'degree': 3}. Best is trial 1 with value: 0.8232741563623746.
Trial 69 finished with value: 0.771264770441797 and parameters: {'degree': 1}. Best is trial 1 with value: 0.8232741563623746.
Trial 63 finished with value: -4207730969403520.0 and parameters: {'degree': 5}. Best is trial 1 with value: 0.8232741563623746.
Trial 74 finished with value: -4207730969403520.0 and parameters: {'degree': 5}. Best is trial 1 with value: 0.8232741563623746.
Trial 80 finished with value: -9.194270679190715e+19 and parameters: {'degree': 4}. Best is trial 1 with value: 0.8232741563623746.
Trial 86 finished with value: 0.7082008772985086 and parameters: {'degree': 3}. Best is trial 1 with value: 0.8232741563623746.
Trial 81 finished with value: 0.7082008772985086 and parameters: {'degree': 3}. Best is trial 1 with value: 0.8232741563623746.
Trial 75 finished with value: 0.7082008772985086 and parameters: {'degree': 3}. Best is trial 1 with value: 0.8232741563623746.
Trial 79 finished with value: -4207730969403520.0 and parameters: {'degree': 5}. Best is trial 1 with value: 0.8232741563623746.
Trial 83 finished with value: 0.7082008772985086 and parameters: {'degree': 3}. Best is trial 1 with value: 0.8232741563623746.
Trial 82 finished with value: 0.8232741563623746 and parameters: {'degree': 2}. Best is trial 1 with value: 0.8232741563623746.
Trial 85 finished with value: -9.194270679190715e+19 and parameters: {'degree': 4}. Best is trial 1 with value: 0.8232741563623746.
Trial 84 finished with value: -4207730969403520.0 and parameters: {'degree': 5}. Best is trial 1 with value: 0.8232741563623746.
Trial 87 finished with value: 0.7082008772985086 and parameters: {'degree': 3}. Best is trial 1 with value: 0.8232741563623746.
Trial 88 finished with value: 0.771264770441797 and parameters: {'degree': 1}. Best is trial 1 with value: 0.8232741563623746.
Trial 101 finished with value: 0.7082008772985086 and parameters: {'degree': 3}. Best is trial 1 with value: 0.8232741563623746.
Trial 91 finished with value: 0.7082008772985086 and parameters: {'degree': 3}. Best is trial 1 with value: 0.8232741563623746.
Trial 96 finished with value: 0.8232741563623746 and parameters: {'degree': 2}. Best is trial 1 with value: 0.8232741563623746.
Trial 94 finished with value: 0.7082008772985086 and parameters: {'degree': 3}. Best is trial 1 with value: 0.8232741563623746.
Trial 93 finished with value: -9.194270679190715e+19 and parameters: {'degree': 4}. Best is trial 1 with value: 0.8232741563623746.
Trial 99 finished with value: -9.194270679190715e+19 and parameters: {'degree': 4}. Best is trial 1 with value: 0.8232741563623746.
Trial 90 finished with value: 0.7082008772985086 and parameters: {'degree': 3}. Best is trial 1 with value: 0.8232741563623746.
Trial 97 finished with value: 0.771264770441797 and parameters: {'degree': 1}. Best is trial 1 with value: 0.8232741563623746.
Trial 98 finished with value: -9.194270679190715e+19 and parameters: {'degree': 4}. Best is trial 1 with value: 0.8232741563623746.
Trial 95 finished with value: -4207730969403520.0 and parameters: {'degree': 5}. Best is trial 1 with value: 0.8232741563623746.
Trial 104 finished with value: 0.771264770441797 and parameters: {'degree': 1}. Best is trial 1 with value: 0.8232741563623746.
Trial 108 finished with value: 0.8232741563623746 and parameters: {'degree': 2}. Best is trial 1 with value: 0.8232741563623746.
Trial 100 finished with value: 0.771264770441797 and parameters: {'degree': 1}. Best is trial 1 with value: 0.8232741563623746.
Trial 103 finished with value: 0.771264770441797 and parameters: {'degree': 1}. Best is trial 1 with value: 0.8232741563623746.
Trial 89 finished with value: -9.194270679190715e+19 and parameters: {'degree': 4}. Best is trial 1 with value: 0.8232741563623746.
Trial 105 finished with value: 0.7082008772985086 and parameters: {'degree': 3}. Best is trial 1 with value: 0.8232741563623746.
Trial 106 finished with value: 0.8232741563623746 and parameters: {'degree': 2}. Best is trial 1 with value: 0.8232741563623746.
Trial 107 finished with value: 0.7082008772985086 and parameters: {'degree': 3}. Best is trial 1 with value: 0.8232741563623746.
Trial 92 finished with value: -4207730969403520.0 and parameters: {'degree': 5}. Best is trial 1 with value: 0.8232741563623746.
Trial 111 finished with value: -4207730969403520.0 and parameters: {'degree': 5}. Best is trial 1 with value: 0.8232741563623746.
Trial 102 finished with value: 0.7082008772985086 and parameters: {'degree': 3}. Best is trial 1 with value: 0.8232741563623746.
Trial 118 finished with value: 0.771264770441797 and parameters: {'degree': 1}. Best is trial 1 with value: 0.8232741563623746.
