Trial 112 finished with value: -9.194270679190715e+19 and parameters: {'degree': 4}. Best is trial 1 with value: 0.8232741563623746.
Trial 110 finished with value: 0.771264770441797 and parameters: {'degree': 1}. Best is trial 1 with value: 0.8232741563623746.
Trial 109 finished with value: -4207730969403520.0 and parameters: {'degree': 5}. Best is trial 1 with value: 0.8232741563623746.
Trial 129 finished with value: 0.771264770441797 and parameters: {'degree': 1}. Best is trial 1 with value: 0.8232741563623746.
Trial 125 finished with value: 0.7082008772985086 and parameters: {'degree': 3}. Best is trial 1 with value: 0.8232741563623746.
Trial 120 finished with value: -9.194270679190715e+19 and parameters: {'degree': 4}. Best is trial 1 with value: 0.8232741563623746.
Trial 124 finished with value: 0.8232741563623746 and parameters: {'degree': 2}. Best is trial 1 with value: 0.8232741563623746.
Trial 121 finished with value: 0.771264770441797 and parameters: {'degree': 1}. Best is trial 1 with value: 0.8232741563623746.
Trial 114 finished with value: 0.7082008772985086 and parameters: {'degree': 3}. Best is trial 1 with value: 0.8232741563623746.
Trial 116 finished with value: -4207730969403520.0 and parameters: {'degree': 5}. Best is trial 1 with value: 0.8232741563623746.
Trial 115 finished with value: 0.8232741563623746 and parameters: {'degree': 2}. Best is trial 1 with value: 0.8232741563623746.
Trial 123 finished with value: 0.771264770441797 and parameters: {'degree': 1}. Best is trial 1 with value: 0.8232741563623746.
Trial 113 finished with value: 0.8232741563623746 and parameters: {'degree': 2}. Best is trial 1 with value: 0.8232741563623746.
Trial 126 finished with value: -4207730969403520.0 and parameters: {'degree': 5}. Best is trial 1 with value: 0.8232741563623746.
Trial 122 finished with value: 0.7082008772985086 and parameters: {'degree': 3}. Best is trial 1 with value: 0.8232741563623746.
Trial 132 finished with value: 0.771264770441797 and parameters: {'degree': 1}. Best is trial 1 with value: 0.8232741563623746.
Trial 119 finished with value: -9.194270679190715e+19 and parameters: {'degree': 4}. Best is trial 1 with value: 0.8232741563623746.
Trial 130 finished with value: 0.8232741563623746 and parameters: {'degree': 2}. Best is trial 1 with value: 0.8232741563623746.
Trial 117 finished with value: 0.7082008772985086 and parameters: {'degree': 3}. Best is trial 1 with value: 0.8232741563623746.
Trial 131 finished with value: -9.194270679190715e+19 and parameters: {'degree': 4}. Best is trial 1 with value: 0.8232741563623746.
Trial 128 finished with value: -4207730969403520.0 and parameters: {'degree': 5}. Best is trial 1 with value: 0.8232741563623746.
Trial 139 finished with value: 0.7082008772985086 and parameters: {'degree': 3}. Best is trial 1 with value: 0.8232741563623746.
Trial 135 finished with value: 0.7082008772985086 and parameters: {'degree': 3}. Best is trial 1 with value: 0.8232741563623746.
Trial 133 finished with value: 0.8232741563623746 and parameters: {'degree': 2}. Best is trial 1 with value: 0.8232741563623746.
Trial 138 finished with value: 0.7082008772985086 and parameters: {'degree': 3}. Best is trial 1 with value: 0.8232741563623746.
Trial 134 finished with value: -4207730969403520.0 and parameters: {'degree': 5}. Best is trial 1 with value: 0.8232741563623746.
Trial 144 finished with value: 0.8232741563623746 and parameters: {'degree': 2}. Best is trial 1 with value: 0.8232741563623746.
Trial 127 finished with value: -4207730969403520.0 and parameters: {'degree': 5}. Best is trial 1 with value: 0.8232741563623746.
Trial 142 finished with value: -4207730969403520.0 and parameters: {'degree': 5}. Best is trial 1 with value: 0.8232741563623746.
Trial 136 finished with value: 0.7082008772985086 and parameters: {'degree': 3}. Best is trial 1 with value: 0.8232741563623746.
Trial 141 finished with value: -9.194270679190715e+19 and parameters: {'degree': 4}. Best is trial 1 with value: 0.8232741563623746.
Trial 137 finished with value: -9.194270679190715e+19 and parameters: {'degree': 4}. Best is trial 1 with value: 0.8232741563623746.
Trial 145 finished with value: -9.194270679190715e+19 and parameters: {'degree': 4}. Best is trial 1 with value: 0.8232741563623746.
Trial 148 finished with value: 0.7082008772985086 and parameters: {'degree': 3}. Best is trial 1 with value: 0.8232741563623746.
Trial 150 finished with value: -4207730969403520.0 and parameters: {'degree': 5}. Best is trial 1 with value: 0.8232741563623746.
Trial 140 finished with value: -9.194270679190715e+19 and parameters: {'degree': 4}. Best is trial 1 with value: 0.8232741563623746.
Trial 153 finished with value: 0.7082008772985086 and parameters: {'degree': 3}. Best is trial 1 with value: 0.8232741563623746.
Trial 143 finished with value: 0.8232741563623746 and parameters: {'degree': 2}. Best is trial 1 with value: 0.8232741563623746.
Trial 151 finished with value: 0.771264770441797 and parameters: {'degree': 1}. Best is trial 1 with value: 0.8232741563623746.
Trial 152 finished with value: -4207730969403520.0 and parameters: {'degree': 5}. Best is trial 1 with value: 0.8232741563623746.
Trial 146 finished with value: 0.7082008772985086 and parameters: {'degree': 3}. Best is trial 1 with value: 0.8232741563623746.
Trial 147 finished with value: 0.7082008772985086 and parameters: {'degree': 3}. Best is trial 1 with value: 0.8232741563623746.
Trial 149 finished with value: -4207730969403520.0 and parameters: {'degree': 5}. Best is trial 1 with value: 0.8232741563623746.
Trial 155 finished with value: 0.8232741563623746 and parameters: {'degree': 2}. Best is trial 1 with value: 0.8232741563623746.
Trial 158 finished with value: 0.771264770441797 and parameters: {'degree': 1}. Best is trial 1 with value: 0.8232741563623746.
Trial 156 finished with value: 0.7082008772985086 and parameters: {'degree': 3}. Best is trial 1 with value: 0.8232741563623746.
Trial 154 finished with value: -4207730969403520.0 and parameters: {'degree': 5}. Best is trial 1 with value: 0.8232741563623746.
Trial 160 finished with value: 0.771264770441797 and parameters: {'degree': 1}. Best is trial 1 with value: 0.8232741563623746.
Trial 159 finished with value: -9.194270679190715e+19 and parameters: {'degree': 4}. Best is trial 1 with value: 0.8232741563623746.
Trial 165 finished with value: -9.194270679190715e+19 and parameters: {'degree': 4}. Best is trial 1 with value: 0.8232741563623746.
Trial 162 finished with value: -9.194270679190715e+19 and parameters: {'degree': 4}. Best is trial 1 with value: 0.8232741563623746.
Trial 164 finished with value: 0.8232741563623746 and parameters: {'degree': 2}. Best is trial 1 with value: 0.8232741563623746.
Trial 157 finished with value: 0.771264770441797 and parameters: {'degree': 1}. Best is trial 1 with value: 0.8232741563623746.
Trial 168 finished with value: 0.7082008772985086 and parameters: {'degree': 3}. Best is trial 1 with value: 0.8232741563623746.
Trial 163 finished with value: 0.771264770441797 and parameters: {'degree': 1}. Best is trial 1 with value: 0.8232741563623746.
Trial 169 finished with value: -9.194270679190715e+19 and parameters: {'degree': 4}. Best is trial 1 with value: 0.8232741563623746.
Trial 166 finished with value: 0.7082008772985086 and parameters: {'degree': 3}. Best is trial 1 with value: 0.8232741563623746.
Trial 174 finished with value: 0.8232741563623746 and parameters: {'degree': 2}. Best is trial 1 with value: 0.8232741563623746.
Trial 161 finished with value: 0.7082008772985086 and parameters: {'degree': 3}. Best is trial 1 with value: 0.8232741563623746.
Trial 178 finished with value: 0.771264770441797 and parameters: {'degree': 1}. Best is trial 1 with value: 0.8232741563623746.
Trial 167 finished with value: -9.194270679190715e+19 and parameters: {'degree': 4}. Best is trial 1 with value: 0.8232741563623746.
Trial 176 finished with value: 0.8232741563623746 and parameters: {'degree': 2}. Best is trial 1 with value: 0.8232741563623746.
Trial 170 finished with value: -9.194270679190715e+19 and parameters: {'degree': 4}. Best is trial 1 with value: 0.8232741563623746.
Trial 171 finished with value: -4207730969403520.0 and parameters: {'degree': 5}. Best is trial 1 with value: 0.8232741563623746.
Trial 172 finished with value: 0.7082008772985086 and parameters: {'degree': 3}. Best is trial 1 with value: 0.8232741563623746.
Trial 182 finished with value: 0.8232741563623746 and parameters: {'degree': 2}. Best is trial 1 with value: 0.8232741563623746.
Trial 175 finished with value: -4207730969403520.0 and parameters: {'degree': 5}. Best is trial 1 with value: 0.8232741563623746.
Trial 180 finished with value: 0.771264770441797 and parameters: {'degree': 1}. Best is trial 1 with value: 0.8232741563623746.
Trial 186 finished with value: 0.8232741563623746 and parameters: {'degree': 2}. Best is trial 1 with value: 0.8232741563623746.
Trial 177 finished with value: -9.194270679190715e+19 and parameters: {'degree': 4}. Best is trial 1 with value: 0.8232741563623746.
Trial 179 finished with value: -9.194270679190715e+19 and parameters: {'degree': 4}. Best is trial 1 with value: 0.8232741563623746.
Trial 173 finished with value: -9.194270679190715e+19 and parameters: {'degree': 4}. Best is trial 1 with value: 0.8232741563623746.
Trial 184 finished with value: 0.7082008772985086 and parameters: {'degree': 3}. Best is trial 1 with value: 0.8232741563623746.
Trial 183 finished with value: 0.7082008772985086 and parameters: {'degree': 3}. Best is trial 1 with value: 0.8232741563623746.
Trial 189 finished with value: 0.7082008772985086 and parameters: {'degree': 3}. Best is trial 1 with value: 0.8232741563623746.
Trial 191 finished with value: -9.194270679190715e+19 and parameters: {'degree': 4}. Best is trial 1 with value: 0.8232741563623746.
Trial 192 finished with value: -4207730969403520.0 and parameters: {'degree': 5}. Best is trial 1 with value: 0.8232741563623746.
Trial 194 finished with value: 0.8232741563623746 and parameters: {'degree': 2}. Best is trial 1 with value: 0.8232741563623746.
Trial 181 finished with value: -9.194270679190715e+19 and parameters: {'degree': 4}. Best is trial 1 with value: 0.8232741563623746.
Trial 196 finished with value: 0.771264770441797 and parameters: {'degree': 1}. Best is trial 1 with value: 0.8232741563623746.
Trial 185 finished with value: 0.8232741563623746 and parameters: {'degree': 2}. Best is trial 1 with value: 0.8232741563623746.
Trial 193 finished with value: 0.7082008772985086 and parameters: {'degree': 3}. Best is trial 1 with value: 0.8232741563623746.
Trial 187 finished with value: 0.771264770441797 and parameters: {'degree': 1}. Best is trial 1 with value: 0.8232741563623746.
Trial 188 finished with value: -9.194270679190715e+19 and parameters: {'degree': 4}. Best is trial 1 with value: 0.8232741563623746.
Trial 200 finished with value: -4207730969403520.0 and parameters: {'degree': 5}. Best is trial 1 with value: 0.8232741563623746.
Trial 199 finished with value: 0.771264770441797 and parameters: {'degree': 1}. Best is trial 1 with value: 0.8232741563623746.
Trial 197 finished with value: 0.771264770441797 and parameters: {'degree': 1}. Best is trial 1 with value: 0.8232741563623746.
Trial 190 finished with value: -9.194270679190715e+19 and parameters: {'degree': 4}. Best is trial 1 with value: 0.8232741563623746.
Trial 201 finished with value: 0.7082008772985086 and parameters: {'degree': 3}. Best is trial 1 with value: 0.8232741563623746.
Trial 198 finished with value: 0.8232741563623746 and parameters: {'degree': 2}. Best is trial 1 with value: 0.8232741563623746.
Trial 203 finished with value: 0.7082008772985086 and parameters: {'degree': 3}. Best is trial 1 with value: 0.8232741563623746.
Trial 208 finished with value: 0.771264770441797 and parameters: {'degree': 1}. Best is trial 1 with value: 0.8232741563623746.
Trial 195 finished with value: 0.771264770441797 and parameters: {'degree': 1}. Best is trial 1 with value: 0.8232741563623746.
Trial 204 finished with value: 0.771264770441797 and parameters: {'degree': 1}. Best is trial 1 with value: 0.8232741563623746.
Trial 209 finished with value: 0.771264770441797 and parameters: {'degree': 1}. Best is trial 1 with value: 0.8232741563623746.
Trial 202 finished with value: -4207730969403520.0 and parameters: {'degree': 5}. Best is trial 1 with value: 0.8232741563623746.
Trial 205 finished with value: -4207730969403520.0 and parameters: {'degree': 5}. Best is trial 1 with value: 0.8232741563623746.
Trial 207 finished with value: -4207730969403520.0 and parameters: {'degree': 5}. Best is trial 1 with value: 0.8232741563623746.
Trial 213 finished with value: -9.194270679190715e+19 and parameters: {'degree': 4}. Best is trial 1 with value: 0.8232741563623746.
Trial 215 finished with value: 0.8232741563623746 and parameters: {'degree': 2}. Best is trial 1 with value: 0.8232741563623746.
Trial 214 finished with value: 0.771264770441797 and parameters: {'degree': 1}. Best is trial 1 with value: 0.8232741563623746.
Trial 216 finished with value: 0.771264770441797 and parameters: {'degree': 1}. Best is trial 1 with value: 0.8232741563623746.
Trial 212 finished with value: 0.771264770441797 and parameters: {'degree': 1}. Best is trial 1 with value: 0.8232741563623746.
Trial 206 finished with value: -4207730969403520.0 and parameters: {'degree': 5}. Best is trial 1 with value: 0.8232741563623746.
Trial 210 finished with value: -9.194270679190715e+19 and parameters: {'degree': 4}. Best is trial 1 with value: 0.8232741563623746.
Trial 211 finished with value: -4207730969403520.0 and parameters: {'degree': 5}. Best is trial 1 with value: 0.8232741563623746.
A new study created in RDB with name: Poly_Linear_7541
Trial 9 finished with value: 0.7754014937389174 and parameters: {'n_components': 6, 'degree': 2}. Best is trial 9 with value: 0.7754014937389174.
Trial 5 finished with value: 0.4506326505184816 and parameters: {'n_components': 4, 'degree': 1}. Best is trial 7 with value: 0.7801761174446555.
Trial 3 finished with value: 0.7779504757647581 and parameters: {'n_components': 4, 'degree': 3}. Best is trial 7 with value: 0.7801761174446555.
Trial 10 finished with value: 0.7734735935863348 and parameters: {'n_components': 9, 'degree': 1}. Best is trial 14 with value: 0.7802772232826918.
Trial 4 finished with value: 0.4086972069034678 and parameters: {'n_components': 3, 'degree': 1}. Best is trial 14 with value: 0.7802772232826918.
Trial 7 finished with value: 0.7801761174446555 and parameters: {'n_components': 2, 'degree': 3}. Best is trial 14 with value: 0.7802772232826918.
Trial 14 finished with value: 0.7802772232826918 and parameters: {'n_components': 2, 'degree': 5}. Best is trial 14 with value: 0.7802772232826918.
Trial 15 finished with value: -0.6409216028012616 and parameters: {'n_components': 5, 'degree': 4}. Best is trial 11 with value: 0.8159418543986735.
Trial 21 finished with value: -2.023037365917777e+19 and parameters: {'n_components': 11, 'degree': 4}. Best is trial 11 with value: 0.8159418543986735.
Trial 6 finished with value: 0.4795971920964388 and parameters: {'n_components': 9, 'degree': 2}. Best is trial 11 with value: 0.8159418543986735.
Trial 20 finished with value: 0.777099699617814 and parameters: {'n_components': 4, 'degree': 2}. Best is trial 11 with value: 0.8159418543986735.
Trial 19 finished with value: 0.4086972069034678 and parameters: {'n_components': 3, 'degree': 1}. Best is trial 11 with value: 0.8159418543986735.
Trial 8 finished with value: 0.7734735935863348 and parameters: {'n_components': 9, 'degree': 1}. Best is trial 11 with value: 0.8159418543986735.
Trial 16 finished with value: 0.7801761174446555 and parameters: {'n_components': 2, 'degree': 3}. Best is trial 11 with value: 0.8159418543986735.
Trial 1 finished with value: 0.7459025277812185 and parameters: {'n_components': 10, 'degree': 3}. Best is trial 11 with value: 0.8159418543986735.
Trial 22 finished with value: 0.4512531176381952 and parameters: {'n_components': 5, 'degree': 1}. Best is trial 11 with value: 0.8159418543986735.
Trial 11 finished with value: 0.8159418543986735 and parameters: {'n_components': 11, 'degree': 2}. Best is trial 11 with value: 0.8159418543986735.
Trial 12 finished with value: 0.7734735935863348 and parameters: {'n_components': 9, 'degree': 1}. Best is trial 11 with value: 0.8159418543986735.
Trial 17 finished with value: 0.7654195140444016 and parameters: {'n_components': 3, 'degree': 4}. Best is trial 11 with value: 0.8159418543986735.
Trial 13 finished with value: -547235783236107.9 and parameters: {'n_components': 9, 'degree': 4}. Best is trial 11 with value: 0.8159418543986735.
Trial 0 finished with value: -547235783236107.9 and parameters: {'n_components': 9, 'degree': 4}. Best is trial 11 with value: 0.8159418543986735.
Trial 23 finished with value: 0.7445975295359685 and parameters: {'n_components': 10, 'degree': 2}. Best is trial 11 with value: 0.8159418543986735.
Trial 18 finished with value: 0.7801761174446555 and parameters: {'n_components': 2, 'degree': 3}. Best is trial 11 with value: 0.8159418543986735.
Trial 2 finished with value: 0.39254048439304995 and parameters: {'n_components': 6, 'degree': 3}. Best is trial 11 with value: 0.8159418543986735.
Trial 35 finished with value: 0.4086972069034678 and parameters: {'n_components': 3, 'degree': 1}. Best is trial 11 with value: 0.8159418543986735.
Trial 40 finished with value: 0.4086972069034678 and parameters: {'n_components': 3, 'degree': 1}. Best is trial 11 with value: 0.8159418543986735.
Trial 24 finished with value: 0.766124288109359 and parameters: {'n_components': 2, 'degree': 2}. Best is trial 11 with value: 0.8159418543986735.
Trial 27 finished with value: -1757199593.1705823 and parameters: {'n_components': 6, 'degree': 5}. Best is trial 11 with value: 0.8159418543986735.
Trial 41 finished with value: 0.7802772232826918 and parameters: {'n_components': 2, 'degree': 5}. Best is trial 11 with value: 0.8159418543986735.
Trial 43 finished with value: 0.024919589259043872 and parameters: {'n_components': 1, 'degree': 1}. Best is trial 11 with value: 0.8159418543986735.
Trial 26 finished with value: 0.3168044934500863 and parameters: {'n_components': 2, 'degree': 1}. Best is trial 11 with value: 0.8159418543986735.
Trial 32 finished with value: 0.7408401899461917 and parameters: {'n_components': 9, 'degree': 3}. Best is trial 11 with value: 0.8159418543986735.
Trial 33 finished with value: 0.7779504757647581 and parameters: {'n_components': 4, 'degree': 3}. Best is trial 11 with value: 0.8159418543986735.
Trial 28 finished with value: 0.024919589259043872 and parameters: {'n_components': 1, 'degree': 1}. Best is trial 11 with value: 0.8159418543986735.
Trial 31 finished with value: -1.8328495626481041e+19 and parameters: {'n_components': 10, 'degree': 4}. Best is trial 11 with value: 0.8159418543986735.
Trial 30 finished with value: 0.7779504757647581 and parameters: {'n_components': 4, 'degree': 3}. Best is trial 11 with value: 0.8159418543986735.
Trial 42 finished with value: 0.38807494290489875 and parameters: {'n_components': 1, 'degree': 4}. Best is trial 11 with value: 0.8159418543986735.
Trial 34 finished with value: 0.7783693288002991 and parameters: {'n_components': 3, 'degree': 3}. Best is trial 11 with value: 0.8159418543986735.
Trial 36 finished with value: 0.33286007931716977 and parameters: {'n_components': 6, 'degree': 4}. Best is trial 11 with value: 0.8159418543986735.
Trial 39 finished with value: 0.39821390742805074 and parameters: {'n_components': 1, 'degree': 5}. Best is trial 11 with value: 0.8159418543986735.
Trial 29 finished with value: -2.023037365917777e+19 and parameters: {'n_components': 11, 'degree': 4}. Best is trial 11 with value: 0.8159418543986735.
Trial 44 finished with value: -1757199593.1705823 and parameters: {'n_components': 6, 'degree': 5}. Best is trial 11 with value: 0.8159418543986735.
Trial 25 finished with value: -286796.6255941501 and parameters: {'n_components': 7, 'degree': 5}. Best is trial 11 with value: 0.8159418543986735.
Trial 38 finished with value: 0.76546260096099 and parameters: {'n_components': 11, 'degree': 3}. Best is trial 11 with value: 0.8159418543986735.
Trial 37 finished with value: 0.7459025277812185 and parameters: {'n_components': 10, 'degree': 3}. Best is trial 11 with value: 0.8159418543986735.
Trial 46 finished with value: 0.7523456704245695 and parameters: {'n_components': 7, 'degree': 2}. Best is trial 11 with value: 0.8159418543986735.
Trial 49 finished with value: 0.6513413923307141 and parameters: {'n_components': 8, 'degree': 1}. Best is trial 11 with value: 0.8159418543986735.
Trial 45 finished with value: 0.7712647704417971 and parameters: {'n_components': 11, 'degree': 1}. Best is trial 11 with value: 0.8159418543986735.
Trial 54 finished with value: 0.7801761174446555 and parameters: {'n_components': 2, 'degree': 3}. Best is trial 11 with value: 0.8159418543986735.
Trial 59 finished with value: -2.023037365917777e+19 and parameters: {'n_components': 11, 'degree': 4}. Best is trial 11 with value: 0.8159418543986735.
Trial 47 finished with value: -898.5470317622915 and parameters: {'n_components': 5, 'degree': 5}. Best is trial 11 with value: 0.8159418543986735.
Trial 48 finished with value: 0.3152980311716702 and parameters: {'n_components': 1, 'degree': 3}. Best is trial 11 with value: 0.8159418543986735.
Trial 61 finished with value: 0.7747552512778384 and parameters: {'n_components': 3, 'degree': 2}. Best is trial 11 with value: 0.8159418543986735.
Trial 51 finished with value: 0.277472080105499 and parameters: {'n_components': 8, 'degree': 4}. Best is trial 11 with value: 0.8159418543986735.
Trial 62 finished with value: 0.7383791618247882 and parameters: {'n_components': 8, 'degree': 2}. Best is trial 11 with value: 0.8159418543986735.
