Trial 151 finished with value: 0.8113829486910076 and parameters: {'n_components': 11, 'degree': 2, 'alpha': 2.660533055404926, 'max_iter': 57956}. Best is trial 126 with value: 0.8288959214076558.
Trial 152 finished with value: 0.7818771863194051 and parameters: {'n_components': 5, 'degree': 2, 'alpha': 0.00011076063608854889, 'max_iter': 75439}. Best is trial 126 with value: 0.8288959214076558.
Trial 150 finished with value: 0.7994429070087976 and parameters: {'n_components': 10, 'degree': 3, 'alpha': 0.1108841520249341, 'max_iter': 4075}. Best is trial 126 with value: 0.8288959214076558.
Trial 154 finished with value: 0.8038311908826271 and parameters: {'n_components': 11, 'degree': 3, 'alpha': 3.859540698035503, 'max_iter': 45262}. Best is trial 126 with value: 0.8288959214076558.
Trial 153 finished with value: 0.7795783799571614 and parameters: {'n_components': 3, 'degree': 3, 'alpha': 0.0030767845415702873, 'max_iter': 85932}. Best is trial 126 with value: 0.8288959214076558.
Trial 144 finished with value: 0.7673767553537589 and parameters: {'n_components': 4, 'degree': 4, 'alpha': 0.003410557409821271, 'max_iter': 22056}. Best is trial 126 with value: 0.8288959214076558.
Trial 145 finished with value: 0.757792040848186 and parameters: {'n_components': 6, 'degree': 5, 'alpha': 0.9124004802175566, 'max_iter': 14027}. Best is trial 126 with value: 0.8288959214076558.
Trial 125 finished with value: 0.7657133917264483 and parameters: {'n_components': 4, 'degree': 5, 'alpha': 0.0009516033828008363, 'max_iter': 56881}. Best is trial 126 with value: 0.8288959214076558.
Trial 159 finished with value: 0.7744410055425075 and parameters: {'n_components': 5, 'degree': 3, 'alpha': 0.2692630471891101, 'max_iter': 99591}. Best is trial 126 with value: 0.8288959214076558.
Trial 3 finished with value: 0.7762765105793437 and parameters: {'n_components': 11, 'degree': 3, 'alpha': 0.0001459915225721294, 'max_iter': 85192}. Best is trial 126 with value: 0.8288959214076558.
Trial 160 finished with value: 0.7786677078065783 and parameters: {'n_components': 2, 'degree': 4, 'alpha': 0.00014955383349439595, 'max_iter': 30948}. Best is trial 126 with value: 0.8288959214076558.
Trial 132 finished with value: 0.7692346941644975 and parameters: {'n_components': 3, 'degree': 5, 'alpha': 0.0006317047786553493, 'max_iter': 96619}. Best is trial 126 with value: 0.8288959214076558.
Trial 163 finished with value: 0.31680687434611954 and parameters: {'n_components': 2, 'degree': 1, 'alpha': 0.0018271644307922327, 'max_iter': 2036}. Best is trial 126 with value: 0.8288959214076558.
Trial 164 finished with value: 0.7766141370822506 and parameters: {'n_components': 6, 'degree': 5, 'alpha': 8.223189297845126, 'max_iter': 70708}. Best is trial 126 with value: 0.8288959214076558.
Trial 165 finished with value: 0.7782182552319267 and parameters: {'n_components': 3, 'degree': 2, 'alpha': 1.8096842353445717, 'max_iter': 91309}. Best is trial 126 with value: 0.8288959214076558.
Trial 166 finished with value: 0.8119803405312972 and parameters: {'n_components': 8, 'degree': 3, 'alpha': 0.33168908081607434, 'max_iter': 27663}. Best is trial 126 with value: 0.8288959214076558.
Trial 157 finished with value: 0.7869698315588775 and parameters: {'n_components': 10, 'degree': 3, 'alpha': 0.00017429651835127504, 'max_iter': 27511}. Best is trial 126 with value: 0.8288959214076558.
Trial 112 finished with value: 0.7323197863171642 and parameters: {'n_components': 5, 'degree': 4, 'alpha': 0.0063774254741962005, 'max_iter': 75405}. Best is trial 126 with value: 0.8288959214076558.
Trial 169 finished with value: 0.826914010052516 and parameters: {'n_components': 10, 'degree': 2, 'alpha': 0.15670409240335267, 'max_iter': 33219}. Best is trial 126 with value: 0.8288959214076558.
Trial 170 finished with value: 0.3856219803288522 and parameters: {'n_components': 1, 'degree': 4, 'alpha': 0.5125331600183977, 'max_iter': 99472}. Best is trial 126 with value: 0.8288959214076558.
Trial 171 finished with value: 0.8181205542291698 and parameters: {'n_components': 10, 'degree': 5, 'alpha': 4.618831892370224, 'max_iter': 422}. Best is trial 126 with value: 0.8288959214076558.
Trial 162 finished with value: 0.7714193103547594 and parameters: {'n_components': 5, 'degree': 3, 'alpha': 0.041006130624756346, 'max_iter': 40622}. Best is trial 126 with value: 0.8288959214076558.
Trial 173 finished with value: 0.7818323394183692 and parameters: {'n_components': 5, 'degree': 2, 'alpha': 0.09505540941759585, 'max_iter': 12752}. Best is trial 126 with value: 0.8288959214076558.
Trial 174 finished with value: 0.46449134790214835 and parameters: {'n_components': 6, 'degree': 1, 'alpha': 2.078747315483944, 'max_iter': 85115}. Best is trial 126 with value: 0.8288959214076558.
Trial 168 finished with value: 0.7803237103388582 and parameters: {'n_components': 8, 'degree': 2, 'alpha': 0.0002945052651165724, 'max_iter': 48479}. Best is trial 126 with value: 0.8288959214076558.
Trial 142 finished with value: 0.7495053623763358 and parameters: {'n_components': 6, 'degree': 3, 'alpha': 0.0002070173415828669, 'max_iter': 82043}. Best is trial 126 with value: 0.8288959214076558.
Trial 86 finished with value: 0.665234110067819 and parameters: {'n_components': 7, 'degree': 4, 'alpha': 0.0017763814829154505, 'max_iter': 76625}. Best is trial 126 with value: 0.8288959214076558.
Trial 172 finished with value: 0.6750900600051801 and parameters: {'n_components': 7, 'degree': 4, 'alpha': 0.021429339539323335, 'max_iter': 22912}. Best is trial 126 with value: 0.8288959214076558.
Trial 25 finished with value: -7.23898147040492 and parameters: {'n_components': 10, 'degree': 5, 'alpha': 0.004249955599974452, 'max_iter': 18936}. Best is trial 126 with value: 0.8288959214076558.
Trial 161 finished with value: 0.6984078446717755 and parameters: {'n_components': 6, 'degree': 4, 'alpha': 0.008636720872291328, 'max_iter': 46883}. Best is trial 126 with value: 0.8288959214076558.
Trial 175 finished with value: 0.7814884544926646 and parameters: {'n_components': 8, 'degree': 2, 'alpha': 0.002874528345251149, 'max_iter': 95706}. Best is trial 126 with value: 0.8288959214076558.
Trial 115 finished with value: -7.081750396830752 and parameters: {'n_components': 9, 'degree': 5, 'alpha': 0.011308061331819533, 'max_iter': 24871}. Best is trial 126 with value: 0.8288959214076558.
Trial 167 finished with value: 0.6687697542344202 and parameters: {'n_components': 6, 'degree': 4, 'alpha': 0.0001568812744137128, 'max_iter': 54200}. Best is trial 126 with value: 0.8288959214076558.
Trial 14 finished with value: 0.6198457856566859 and parameters: {'n_components': 7, 'degree': 5, 'alpha': 0.016670178898262514, 'max_iter': 83009}. Best is trial 126 with value: 0.8288959214076558.
Trial 87 finished with value: 0.6134351171945565 and parameters: {'n_components': 6, 'degree': 5, 'alpha': 0.0001315565361769271, 'max_iter': 84630}. Best is trial 126 with value: 0.8288959214076558.
Trial 131 finished with value: 0.39923369275513787 and parameters: {'n_components': 9, 'degree': 4, 'alpha': 0.00579643648625205, 'max_iter': 66167}. Best is trial 126 with value: 0.8288959214076558.
Trial 177 finished with value: 0.757773663275981 and parameters: {'n_components': 9, 'degree': 5, 'alpha': 0.8813810151231195, 'max_iter': 51406}. Best is trial 126 with value: 0.8288959214076558.
Trial 155 finished with value: 0.7847439367672381 and parameters: {'n_components': 9, 'degree': 3, 'alpha': 0.00013775977992407657, 'max_iter': 97274}. Best is trial 126 with value: 0.8288959214076558.
Trial 122 finished with value: -3.44209382576037 and parameters: {'n_components': 10, 'degree': 5, 'alpha': 0.013203730022374406, 'max_iter': 20833}. Best is trial 126 with value: 0.8288959214076558.
Trial 117 finished with value: 0.3886981055686841 and parameters: {'n_components': 11, 'degree': 4, 'alpha': 0.01545834409258489, 'max_iter': 66548}. Best is trial 126 with value: 0.8288959214076558.
Trial 7 finished with value: 0.3164884384791703 and parameters: {'n_components': 11, 'degree': 4, 'alpha': 0.0030814795676744494, 'max_iter': 67652}. Best is trial 126 with value: 0.8288959214076558.
Trial 129 finished with value: 0.605950122608794 and parameters: {'n_components': 11, 'degree': 5, 'alpha': 0.2167978391766945, 'max_iter': 15671}. Best is trial 126 with value: 0.8288959214076558.
Trial 98 finished with value: 0.667022391139853 and parameters: {'n_components': 9, 'degree': 5, 'alpha': 0.2578572803827272, 'max_iter': 43694}. Best is trial 126 with value: 0.8288959214076558.
Trial 156 finished with value: 0.6133617485944365 and parameters: {'n_components': 7, 'degree': 5, 'alpha': 0.006145560014301492, 'max_iter': 72915}. Best is trial 126 with value: 0.8288959214076558.
Trial 176 finished with value: 0.4889488643787745 and parameters: {'n_components': 8, 'degree': 5, 'alpha': 0.08018877188538619, 'max_iter': 43737}. Best is trial 126 with value: 0.8288959214076558.
Trial 158 finished with value: 0.4006590984219076 and parameters: {'n_components': 11, 'degree': 4, 'alpha': 0.01776045776347288, 'max_iter': 96649}. Best is trial 126 with value: 0.8288959214076558.
Trial 140 finished with value: -2.708073973613943 and parameters: {'n_components': 11, 'degree': 5, 'alpha': 0.0010398657049626346, 'max_iter': 21358}. Best is trial 126 with value: 0.8288959214076558.
Trial 70 finished with value: 0.49031562619793306 and parameters: {'n_components': 8, 'degree': 5, 'alpha': 0.0812981938561938, 'max_iter': 93193}. Best is trial 126 with value: 0.8288959214076558.
Trial 66 finished with value: -6.135581305711781 and parameters: {'n_components': 8, 'degree': 5, 'alpha': 0.0027021930240266486, 'max_iter': 95509}. Best is trial 126 with value: 0.8288959214076558.
Trial 0 finished with value: -2.6588420961012353 and parameters: {'n_components': 11, 'degree': 5, 'alpha': 0.0016397232819552658, 'max_iter': 51171}. Best is trial 126 with value: 0.8288959214076558.
A new study created in RDB with name: Poly_Lasso_93015
Trial 11 finished with value: 0.7977162050523929 and parameters: {'n_components': 8, 'degree': 3, 'alpha': 0.00013193696446954194, 'max_iter': 2082}. Best is trial 11 with value: 0.7977162050523929.
Trial 14 finished with value: 0.7740574759789307 and parameters: {'n_components': 9, 'degree': 1, 'alpha': 0.37011919476061556, 'max_iter': 50483}. Best is trial 11 with value: 0.7977162050523929.
Trial 5 finished with value: 0.3059474957700752 and parameters: {'n_components': 2, 'degree': 1, 'alpha': 8.699485390847395, 'max_iter': 69099}. Best is trial 11 with value: 0.7977162050523929.
Trial 8 finished with value: 0.7636774453426907 and parameters: {'n_components': 11, 'degree': 1, 'alpha': 2.119558715911409, 'max_iter': 10949}. Best is trial 11 with value: 0.7977162050523929.
Trial 7 finished with value: 0.6513400560006304 and parameters: {'n_components': 8, 'degree': 1, 'alpha': 0.00140445821561999, 'max_iter': 2202}. Best is trial 11 with value: 0.7977162050523929.
Trial 6 finished with value: 0.4087056366414562 and parameters: {'n_components': 3, 'degree': 1, 'alpha': 0.013155485760737363, 'max_iter': 55081}. Best is trial 11 with value: 0.7977162050523929.
Trial 18 finished with value: 0.4014675366027106 and parameters: {'n_components': 1, 'degree': 5, 'alpha': 0.32704600405329237, 'max_iter': 30143}. Best is trial 11 with value: 0.7977162050523929.
Trial 3 finished with value: 0.3986964117772748 and parameters: {'n_components': 1, 'degree': 5, 'alpha': 0.04041640336212848, 'max_iter': 46570}. Best is trial 11 with value: 0.7977162050523929.
Trial 22 finished with value: 0.7866098006239164 and parameters: {'n_components': 5, 'degree': 2, 'alpha': 0.47665989749165133, 'max_iter': 78514}. Best is trial 11 with value: 0.7977162050523929.
Trial 21 finished with value: 0.4506100770186455 and parameters: {'n_components': 4, 'degree': 1, 'alpha': 0.05591374894172865, 'max_iter': 55396}. Best is trial 11 with value: 0.7977162050523929.
Trial 9 finished with value: 0.7647060729399509 and parameters: {'n_components': 2, 'degree': 2, 'alpha': 1.9261463118645903, 'max_iter': 38699}. Best is trial 12 with value: 0.8025558569170534.
Trial 12 finished with value: 0.8025558569170534 and parameters: {'n_components': 8, 'degree': 3, 'alpha': 0.09851753617507027, 'max_iter': 58763}. Best is trial 17 with value: 0.8262981209945199.
Trial 0 finished with value: 0.7698505417551514 and parameters: {'n_components': 4, 'degree': 2, 'alpha': 6.463411042552244, 'max_iter': 82413}. Best is trial 17 with value: 0.8262981209945199.
Trial 13 finished with value: 0.7721329029324057 and parameters: {'n_components': 5, 'degree': 5, 'alpha': 3.5280726974761896, 'max_iter': 14665}. Best is trial 17 with value: 0.8262981209945199.
Trial 17 finished with value: 0.8262981209945199 and parameters: {'n_components': 10, 'degree': 4, 'alpha': 2.1614576646101247, 'max_iter': 76033}. Best is trial 17 with value: 0.8262981209945199.
Trial 10 finished with value: 0.7746173976877806 and parameters: {'n_components': 3, 'degree': 5, 'alpha': 0.001096244504203336, 'max_iter': 15805}. Best is trial 17 with value: 0.8262981209945199.
Trial 19 finished with value: 0.6487483097177261 and parameters: {'n_components': 7, 'degree': 4, 'alpha': 0.00026670873938120757, 'max_iter': 3155}. Best is trial 17 with value: 0.8262981209945199.
Trial 20 finished with value: 0.7745241206044772 and parameters: {'n_components': 6, 'degree': 5, 'alpha': 6.3944546192864475, 'max_iter': 54331}. Best is trial 17 with value: 0.8262981209945199.
Trial 2 finished with value: 0.7818543145268512 and parameters: {'n_components': 8, 'degree': 2, 'alpha': 0.0034029152044187942, 'max_iter': 93128}. Best is trial 17 with value: 0.8262981209945199.
Trial 4 finished with value: 0.7710699146346965 and parameters: {'n_components': 3, 'degree': 5, 'alpha': 0.00017221873389836233, 'max_iter': 62265}. Best is trial 17 with value: 0.8262981209945199.
Trial 1 finished with value: 0.7505806368868331 and parameters: {'n_components': 6, 'degree': 3, 'alpha': 0.0006844839619742717, 'max_iter': 73505}. Best is trial 17 with value: 0.8262981209945199.
Trial 23 finished with value: 0.7520177011748113 and parameters: {'n_components': 5, 'degree': 4, 'alpha': 0.04522846641936233, 'max_iter': 52417}. Best is trial 17 with value: 0.8262981209945199.
Trial 15 finished with value: 0.7647236059592813 and parameters: {'n_components': 4, 'degree': 5, 'alpha': 0.00016535975464730855, 'max_iter': 73528}. Best is trial 17 with value: 0.8262981209945199.
Trial 16 finished with value: 0.695929410681025 and parameters: {'n_components': 10, 'degree': 4, 'alpha': 0.09307956627854275, 'max_iter': 93952}. Best is trial 17 with value: 0.8262981209945199.
A new study created in RDB with name: Poly_Lasso_93849
Trial 0 finished with value: 0.7668043829202168 and parameters: {'n_components': 6, 'degree': 3, 'alpha': 0.018577276710621368, 'max_iter': 543}. Best is trial 4 with value: 0.7712663249072917.
Trial 13 finished with value: 0.38654289204503345 and parameters: {'n_components': 1, 'degree': 4, 'alpha': 0.3634342955296962, 'max_iter': 80821}. Best is trial 4 with value: 0.7712663249072917.
Trial 4 finished with value: 0.7712663249072917 and parameters: {'n_components': 11, 'degree': 1, 'alpha': 0.0002991193180748971, 'max_iter': 37308}. Best is trial 4 with value: 0.7712663249072917.
Trial 18 finished with value: 0.7807979487845372 and parameters: {'n_components': 6, 'degree': 4, 'alpha': 4.740565798450977, 'max_iter': 43447}. Best is trial 18 with value: 0.7807979487845372.
Trial 17 finished with value: 0.45056909574214055 and parameters: {'n_components': 4, 'degree': 1, 'alpha': 0.1366756311551765, 'max_iter': 85936}. Best is trial 18 with value: 0.7807979487845372.
Trial 14 finished with value: 0.7737491698222222 and parameters: {'n_components': 7, 'degree': 2, 'alpha': 0.0018890741146463993, 'max_iter': 67041}. Best is trial 18 with value: 0.7807979487845372.
Trial 15 finished with value: 0.6097851461390682 and parameters: {'n_components': 10, 'degree': 1, 'alpha': 7.861095522514052, 'max_iter': 91537}. Best is trial 18 with value: 0.7807979487845372.
Trial 12 finished with value: 0.5504025417317842 and parameters: {'n_components': 7, 'degree': 1, 'alpha': 0.00010306828398686278, 'max_iter': 71570}. Best is trial 14 with value: 0.7737491698222222.
Trial 16 finished with value: 0.7713288381005518 and parameters: {'n_components': 11, 'degree': 1, 'alpha': 0.012531121073117997, 'max_iter': 6052}. Best is trial 18 with value: 0.7807979487845372.
Trial 3 finished with value: 0.4514432169020656 and parameters: {'n_components': 5, 'degree': 1, 'alpha': 0.393013530965578, 'max_iter': 61405}. Best is trial 18 with value: 0.7807979487845372.
Trial 7 finished with value: 0.7763307573536761 and parameters: {'n_components': 6, 'degree': 2, 'alpha': 0.00895652553039328, 'max_iter': 68603}. Best is trial 18 with value: 0.7807979487845372.
Trial 22 finished with value: 0.7777608859027876 and parameters: {'n_components': 2, 'degree': 4, 'alpha': 0.37128651125691337, 'max_iter': 96170}. Best is trial 18 with value: 0.7807979487845372.
Trial 8 finished with value: 0.39827960734365664 and parameters: {'n_components': 1, 'degree': 5, 'alpha': 0.005404696007743922, 'max_iter': 93151}. Best is trial 18 with value: 0.7807979487845372.
Trial 21 finished with value: 0.7853223308236157 and parameters: {'n_components': 3, 'degree': 4, 'alpha': 0.09250004800731036, 'max_iter': 39326}. Best is trial 21 with value: 0.7853223308236157.
Trial 10 finished with value: 0.7764145084596578 and parameters: {'n_components': 6, 'degree': 2, 'alpha': 0.007131561516943557, 'max_iter': 78936}. Best is trial 18 with value: 0.7807979487845372.
Trial 9 finished with value: 0.7749401424659221 and parameters: {'n_components': 3, 'degree': 4, 'alpha': 0.0002372096663311229, 'max_iter': 81195}. Best is trial 21 with value: 0.7853223308236157.
Trial 23 finished with value: 0.7747026748710095 and parameters: {'n_components': 5, 'degree': 3, 'alpha': 0.005743779706216486, 'max_iter': 36098}. Best is trial 21 with value: 0.7853223308236157.
Trial 5 finished with value: 0.8227321451621995 and parameters: {'n_components': 11, 'degree': 2, 'alpha': 0.0002470285123080083, 'max_iter': 82517}. Best is trial 5 with value: 0.8227321451621995.
Trial 11 finished with value: 0.7502827028259877 and parameters: {'n_components': 8, 'degree': 4, 'alpha': 0.11291028336979035, 'max_iter': 84875}. Best is trial 5 with value: 0.8227321451621995.
Trial 20 finished with value: 0.6122675765929965 and parameters: {'n_components': 7, 'degree': 5, 'alpha': 0.0013039369746165135, 'max_iter': 23674}. Best is trial 5 with value: 0.8227321451621995.
Trial 1 finished with value: 0.731032957872759 and parameters: {'n_components': 6, 'degree': 4, 'alpha': 0.034863251150797886, 'max_iter': 99453}. Best is trial 5 with value: 0.8227321451621995.
Trial 2 finished with value: -3.0969733984676107 and parameters: {'n_components': 10, 'degree': 5, 'alpha': 0.014318666127944291, 'max_iter': 22362}. Best is trial 5 with value: 0.8227321451621995.
Trial 19 finished with value: 0.6179369218706233 and parameters: {'n_components': 10, 'degree': 5, 'alpha': 0.21562363629720419, 'max_iter': 30369}. Best is trial 5 with value: 0.8227321451621995.
Trial 6 finished with value: -0.5118778963372206 and parameters: {'n_components': 8, 'degree': 5, 'alpha': 0.02284809715182205, 'max_iter': 63974}. Best is trial 5 with value: 0.8227321451621995.
A new study created in RDB with name: Poly_Lasso_95337
Trial 10 finished with value: 0.7766953806034756 and parameters: {'n_components': 3, 'degree': 2, 'alpha': 3.0443499237617986, 'max_iter': 7003}. Best is trial 10 with value: 0.7766953806034756.
Trial 17 finished with value: 0.4512690089156264 and parameters: {'n_components': 5, 'degree': 1, 'alpha': 0.014335008922052445, 'max_iter': 50376}. Best is trial 10 with value: 0.7766953806034756.
Trial 1 finished with value: 0.7740172434822392 and parameters: {'n_components': 4, 'degree': 4, 'alpha': 5.505857803395716, 'max_iter': 5386}. Best is trial 3 with value: 0.7827485757062134.
Trial 13 finished with value: 0.7785259700108831 and parameters: {'n_components': 4, 'degree': 3, 'alpha': 0.7149915763618285, 'max_iter': 68748}. Best is trial 3 with value: 0.7827485757062134.
Trial 3 finished with value: 0.7827485757062134 and parameters: {'n_components': 4, 'degree': 3, 'alpha': 0.046523269014026314, 'max_iter': 74229}. Best is trial 3 with value: 0.7827485757062134.
Trial 18 finished with value: 0.024921650857455024 and parameters: {'n_components': 1, 'degree': 1, 'alpha': 0.017152689417964457, 'max_iter': 13888}. Best is trial 3 with value: 0.7827485757062134.
Trial 8 finished with value: 0.7586971936171867 and parameters: {'n_components': 2, 'degree': 2, 'alpha': 4.034777486927381, 'max_iter': 28179}. Best is trial 3 with value: 0.7827485757062134.
Trial 21 finished with value: 0.680205023388846 and parameters: {'n_components': 7, 'degree': 4, 'alpha': 0.007920685349914114, 'max_iter': 1719}. Best is trial 3 with value: 0.7827485757062134.
Trial 7 finished with value: 0.4506323488668686 and parameters: {'n_components': 4, 'degree': 1, 'alpha': 0.0008334678214471244, 'max_iter': 3972}. Best is trial 3 with value: 0.7827485757062134.
Trial 11 finished with value: 0.02492006570696127 and parameters: {'n_components': 1, 'degree': 1, 'alpha': 0.003914022283315571, 'max_iter': 123}. Best is trial 3 with value: 0.7827485757062134.
Trial 0 finished with value: 0.7708842962363983 and parameters: {'n_components': 6, 'degree': 3, 'alpha': 5.892885576078084, 'max_iter': 47803}. Best is trial 3 with value: 0.7827485757062134.
Trial 9 finished with value: 0.7712756859243844 and parameters: {'n_components': 11, 'degree': 1, 'alpha': 0.002105453846144008, 'max_iter': 76129}. Best is trial 3 with value: 0.7827485757062134.
