Trial 189 finished with value: -7.888801536775016e+16 and parameters: {'n_components': 11, 'degree': 5}. Best is trial 11 with value: 0.8159418543986735.
Trial 205 finished with value: 0.4512531176381952 and parameters: {'n_components': 5, 'degree': 1}. Best is trial 11 with value: 0.8159418543986735.
Trial 194 finished with value: -7.888801536775016e+16 and parameters: {'n_components': 11, 'degree': 5}. Best is trial 11 with value: 0.8159418543986735.
Trial 201 finished with value: 0.777099699617814 and parameters: {'n_components': 4, 'degree': 2}. Best is trial 11 with value: 0.8159418543986735.
Trial 209 finished with value: 0.3152980311716702 and parameters: {'n_components': 1, 'degree': 3}. Best is trial 11 with value: 0.8159418543986735.
Trial 208 finished with value: 0.5169462873332826 and parameters: {'n_components': 8, 'degree': 3}. Best is trial 11 with value: 0.8159418543986735.
Trial 203 finished with value: 0.7445975295359685 and parameters: {'n_components': 10, 'degree': 2}. Best is trial 11 with value: 0.8159418543986735.
Trial 210 finished with value: -2.023037365917777e+19 and parameters: {'n_components': 11, 'degree': 4}. Best is trial 11 with value: 0.8159418543986735.
Trial 207 finished with value: 0.7408401899461917 and parameters: {'n_components': 9, 'degree': 3}. Best is trial 11 with value: 0.8159418543986735.
Trial 211 finished with value: 0.39821390742805074 and parameters: {'n_components': 1, 'degree': 5}. Best is trial 11 with value: 0.8159418543986735.
A new study created in RDB with name: Poly_Lasso_83822
Trial 12 failed because of the following error: TypeError("__init__() got an unexpected keyword argument 'alpha'")
Traceback (most recent call last):
  File "/usr/local/lib/python3.8/dist-packages/optuna/study/_optimize.py", line 196, in _run_trial
    value_or_values = func(trial)
  File "/tmp/ipykernel_19370/2430252262.py", line 16, in __call__
    model = LassoRegression(n_components=n_components, degree=degree, **kwargs)
  File "/tmp/ipykernel_19370/4111483097.py", line 3, in LassoRegression
    return make_pipeline(PCA(n_components=n_components), preprocessing.PolynomialFeatures(degree=degree), LinearRegression(**kwargs))
TypeError: __init__() got an unexpected keyword argument 'alpha'
Trial 8 failed because of the following error: TypeError("__init__() got an unexpected keyword argument 'alpha'")
Traceback (most recent call last):
  File "/usr/local/lib/python3.8/dist-packages/optuna/study/_optimize.py", line 196, in _run_trial
    value_or_values = func(trial)
  File "/tmp/ipykernel_19370/2430252262.py", line 16, in __call__
    model = LassoRegression(n_components=n_components, degree=degree, **kwargs)
  File "/tmp/ipykernel_19370/4111483097.py", line 3, in LassoRegression
    return make_pipeline(PCA(n_components=n_components), preprocessing.PolynomialFeatures(degree=degree), LinearRegression(**kwargs))
TypeError: __init__() got an unexpected keyword argument 'alpha'
Trial 4 failed because of the following error: TypeError("__init__() got an unexpected keyword argument 'alpha'")
Traceback (most recent call last):
  File "/usr/local/lib/python3.8/dist-packages/optuna/study/_optimize.py", line 196, in _run_trial
    value_or_values = func(trial)
  File "/tmp/ipykernel_19370/2430252262.py", line 16, in __call__
    model = LassoRegression(n_components=n_components, degree=degree, **kwargs)
  File "/tmp/ipykernel_19370/4111483097.py", line 3, in LassoRegression
    return make_pipeline(PCA(n_components=n_components), preprocessing.PolynomialFeatures(degree=degree), LinearRegression(**kwargs))
TypeError: __init__() got an unexpected keyword argument 'alpha'
Trial 16 failed because of the following error: TypeError("__init__() got an unexpected keyword argument 'alpha'")
Traceback (most recent call last):
  File "/usr/local/lib/python3.8/dist-packages/optuna/study/_optimize.py", line 196, in _run_trial
    value_or_values = func(trial)
  File "/tmp/ipykernel_19370/2430252262.py", line 16, in __call__
    model = LassoRegression(n_components=n_components, degree=degree, **kwargs)
  File "/tmp/ipykernel_19370/4111483097.py", line 3, in LassoRegression
    return make_pipeline(PCA(n_components=n_components), preprocessing.PolynomialFeatures(degree=degree), LinearRegression(**kwargs))
TypeError: __init__() got an unexpected keyword argument 'alpha'
Trial 19 failed because of the following error: TypeError("__init__() got an unexpected keyword argument 'alpha'")
Traceback (most recent call last):
  File "/usr/local/lib/python3.8/dist-packages/optuna/study/_optimize.py", line 196, in _run_trial
    value_or_values = func(trial)
  File "/tmp/ipykernel_19370/2430252262.py", line 16, in __call__
    model = LassoRegression(n_components=n_components, degree=degree, **kwargs)
  File "/tmp/ipykernel_19370/4111483097.py", line 3, in LassoRegression
    return make_pipeline(PCA(n_components=n_components), preprocessing.PolynomialFeatures(degree=degree), LinearRegression(**kwargs))
TypeError: __init__() got an unexpected keyword argument 'alpha'
Trial 6 failed because of the following error: TypeError("__init__() got an unexpected keyword argument 'alpha'")
Traceback (most recent call last):
  File "/usr/local/lib/python3.8/dist-packages/optuna/study/_optimize.py", line 196, in _run_trial
    value_or_values = func(trial)
  File "/tmp/ipykernel_19370/2430252262.py", line 16, in __call__
    model = LassoRegression(n_components=n_components, degree=degree, **kwargs)
  File "/tmp/ipykernel_19370/4111483097.py", line 3, in LassoRegression
    return make_pipeline(PCA(n_components=n_components), preprocessing.PolynomialFeatures(degree=degree), LinearRegression(**kwargs))
TypeError: __init__() got an unexpected keyword argument 'alpha'
Trial 18 failed because of the following error: TypeError("__init__() got an unexpected keyword argument 'alpha'")
Traceback (most recent call last):
  File "/usr/local/lib/python3.8/dist-packages/optuna/study/_optimize.py", line 196, in _run_trial
    value_or_values = func(trial)
  File "/tmp/ipykernel_19370/2430252262.py", line 16, in __call__
    model = LassoRegression(n_components=n_components, degree=degree, **kwargs)
  File "/tmp/ipykernel_19370/4111483097.py", line 3, in LassoRegression
    return make_pipeline(PCA(n_components=n_components), preprocessing.PolynomialFeatures(degree=degree), LinearRegression(**kwargs))
TypeError: __init__() got an unexpected keyword argument 'alpha'
Trial 14 failed because of the following error: TypeError("__init__() got an unexpected keyword argument 'alpha'")
Traceback (most recent call last):
  File "/usr/local/lib/python3.8/dist-packages/optuna/study/_optimize.py", line 196, in _run_trial
    value_or_values = func(trial)
  File "/tmp/ipykernel_19370/2430252262.py", line 16, in __call__
    model = LassoRegression(n_components=n_components, degree=degree, **kwargs)
  File "/tmp/ipykernel_19370/4111483097.py", line 3, in LassoRegression
    return make_pipeline(PCA(n_components=n_components), preprocessing.PolynomialFeatures(degree=degree), LinearRegression(**kwargs))
TypeError: __init__() got an unexpected keyword argument 'alpha'
Trial 15 failed because of the following error: TypeError("__init__() got an unexpected keyword argument 'alpha'")
Traceback (most recent call last):
  File "/usr/local/lib/python3.8/dist-packages/optuna/study/_optimize.py", line 196, in _run_trial
    value_or_values = func(trial)
  File "/tmp/ipykernel_19370/2430252262.py", line 16, in __call__
    model = LassoRegression(n_components=n_components, degree=degree, **kwargs)
  File "/tmp/ipykernel_19370/4111483097.py", line 3, in LassoRegression
    return make_pipeline(PCA(n_components=n_components), preprocessing.PolynomialFeatures(degree=degree), LinearRegression(**kwargs))
TypeError: __init__() got an unexpected keyword argument 'alpha'
Trial 11 failed because of the following error: TypeError("__init__() got an unexpected keyword argument 'alpha'")
Traceback (most recent call last):
  File "/usr/local/lib/python3.8/dist-packages/optuna/study/_optimize.py", line 196, in _run_trial
    value_or_values = func(trial)
  File "/tmp/ipykernel_19370/2430252262.py", line 16, in __call__
    model = LassoRegression(n_components=n_components, degree=degree, **kwargs)
  File "/tmp/ipykernel_19370/4111483097.py", line 3, in LassoRegression
    return make_pipeline(PCA(n_components=n_components), preprocessing.PolynomialFeatures(degree=degree), LinearRegression(**kwargs))
TypeError: __init__() got an unexpected keyword argument 'alpha'
Trial 5 failed because of the following error: TypeError("__init__() got an unexpected keyword argument 'alpha'")
Traceback (most recent call last):
  File "/usr/local/lib/python3.8/dist-packages/optuna/study/_optimize.py", line 196, in _run_trial
    value_or_values = func(trial)
  File "/tmp/ipykernel_19370/2430252262.py", line 16, in __call__
    model = LassoRegression(n_components=n_components, degree=degree, **kwargs)
  File "/tmp/ipykernel_19370/4111483097.py", line 3, in LassoRegression
    return make_pipeline(PCA(n_components=n_components), preprocessing.PolynomialFeatures(degree=degree), LinearRegression(**kwargs))
TypeError: __init__() got an unexpected keyword argument 'alpha'
Trial 9 failed because of the following error: TypeError("__init__() got an unexpected keyword argument 'alpha'")
Traceback (most recent call last):
  File "/usr/local/lib/python3.8/dist-packages/optuna/study/_optimize.py", line 196, in _run_trial
    value_or_values = func(trial)
  File "/tmp/ipykernel_19370/2430252262.py", line 16, in __call__
    model = LassoRegression(n_components=n_components, degree=degree, **kwargs)
  File "/tmp/ipykernel_19370/4111483097.py", line 3, in LassoRegression
    return make_pipeline(PCA(n_components=n_components), preprocessing.PolynomialFeatures(degree=degree), LinearRegression(**kwargs))
TypeError: __init__() got an unexpected keyword argument 'alpha'
Trial 17 failed because of the following error: TypeError("__init__() got an unexpected keyword argument 'alpha'")
Traceback (most recent call last):
  File "/usr/local/lib/python3.8/dist-packages/optuna/study/_optimize.py", line 196, in _run_trial
    value_or_values = func(trial)
  File "/tmp/ipykernel_19370/2430252262.py", line 16, in __call__
    model = LassoRegression(n_components=n_components, degree=degree, **kwargs)
  File "/tmp/ipykernel_19370/4111483097.py", line 3, in LassoRegression
    return make_pipeline(PCA(n_components=n_components), preprocessing.PolynomialFeatures(degree=degree), LinearRegression(**kwargs))
TypeError: __init__() got an unexpected keyword argument 'alpha'
Trial 2 failed because of the following error: TypeError("__init__() got an unexpected keyword argument 'alpha'")
Traceback (most recent call last):
  File "/usr/local/lib/python3.8/dist-packages/optuna/study/_optimize.py", line 196, in _run_trial
    value_or_values = func(trial)
  File "/tmp/ipykernel_19370/2430252262.py", line 16, in __call__
    model = LassoRegression(n_components=n_components, degree=degree, **kwargs)
  File "/tmp/ipykernel_19370/4111483097.py", line 3, in LassoRegression
    return make_pipeline(PCA(n_components=n_components), preprocessing.PolynomialFeatures(degree=degree), LinearRegression(**kwargs))
TypeError: __init__() got an unexpected keyword argument 'alpha'
Trial 22 failed because of the following error: TypeError("__init__() got an unexpected keyword argument 'alpha'")
Traceback (most recent call last):
  File "/usr/local/lib/python3.8/dist-packages/optuna/study/_optimize.py", line 196, in _run_trial
    value_or_values = func(trial)
  File "/tmp/ipykernel_19370/2430252262.py", line 16, in __call__
    model = LassoRegression(n_components=n_components, degree=degree, **kwargs)
  File "/tmp/ipykernel_19370/4111483097.py", line 3, in LassoRegression
    return make_pipeline(PCA(n_components=n_components), preprocessing.PolynomialFeatures(degree=degree), LinearRegression(**kwargs))
TypeError: __init__() got an unexpected keyword argument 'alpha'
Trial 7 failed because of the following error: TypeError("__init__() got an unexpected keyword argument 'alpha'")
Traceback (most recent call last):
  File "/usr/local/lib/python3.8/dist-packages/optuna/study/_optimize.py", line 196, in _run_trial
    value_or_values = func(trial)
  File "/tmp/ipykernel_19370/2430252262.py", line 16, in __call__
    model = LassoRegression(n_components=n_components, degree=degree, **kwargs)
  File "/tmp/ipykernel_19370/4111483097.py", line 3, in LassoRegression
    return make_pipeline(PCA(n_components=n_components), preprocessing.PolynomialFeatures(degree=degree), LinearRegression(**kwargs))
TypeError: __init__() got an unexpected keyword argument 'alpha'
Trial 21 failed because of the following error: TypeError("__init__() got an unexpected keyword argument 'alpha'")
Traceback (most recent call last):
  File "/usr/local/lib/python3.8/dist-packages/optuna/study/_optimize.py", line 196, in _run_trial
    value_or_values = func(trial)
  File "/tmp/ipykernel_19370/2430252262.py", line 16, in __call__
    model = LassoRegression(n_components=n_components, degree=degree, **kwargs)
  File "/tmp/ipykernel_19370/4111483097.py", line 3, in LassoRegression
    return make_pipeline(PCA(n_components=n_components), preprocessing.PolynomialFeatures(degree=degree), LinearRegression(**kwargs))
TypeError: __init__() got an unexpected keyword argument 'alpha'
Trial 0 failed because of the following error: TypeError("__init__() got an unexpected keyword argument 'alpha'")
Traceback (most recent call last):
  File "/usr/local/lib/python3.8/dist-packages/optuna/study/_optimize.py", line 196, in _run_trial
    value_or_values = func(trial)
  File "/tmp/ipykernel_19370/2430252262.py", line 16, in __call__
    model = LassoRegression(n_components=n_components, degree=degree, **kwargs)
  File "/tmp/ipykernel_19370/4111483097.py", line 3, in LassoRegression
    return make_pipeline(PCA(n_components=n_components), preprocessing.PolynomialFeatures(degree=degree), LinearRegression(**kwargs))
TypeError: __init__() got an unexpected keyword argument 'alpha'
Trial 23 failed because of the following error: TypeError("__init__() got an unexpected keyword argument 'alpha'")
Traceback (most recent call last):
  File "/usr/local/lib/python3.8/dist-packages/optuna/study/_optimize.py", line 196, in _run_trial
    value_or_values = func(trial)
  File "/tmp/ipykernel_19370/2430252262.py", line 16, in __call__
    model = LassoRegression(n_components=n_components, degree=degree, **kwargs)
  File "/tmp/ipykernel_19370/4111483097.py", line 3, in LassoRegression
    return make_pipeline(PCA(n_components=n_components), preprocessing.PolynomialFeatures(degree=degree), LinearRegression(**kwargs))
TypeError: __init__() got an unexpected keyword argument 'alpha'
Trial 20 failed because of the following error: TypeError("__init__() got an unexpected keyword argument 'alpha'")
Traceback (most recent call last):
  File "/usr/local/lib/python3.8/dist-packages/optuna/study/_optimize.py", line 196, in _run_trial
    value_or_values = func(trial)
  File "/tmp/ipykernel_19370/2430252262.py", line 16, in __call__
    model = LassoRegression(n_components=n_components, degree=degree, **kwargs)
  File "/tmp/ipykernel_19370/4111483097.py", line 3, in LassoRegression
    return make_pipeline(PCA(n_components=n_components), preprocessing.PolynomialFeatures(degree=degree), LinearRegression(**kwargs))
TypeError: __init__() got an unexpected keyword argument 'alpha'
Trial 13 failed because of the following error: TypeError("__init__() got an unexpected keyword argument 'alpha'")
Traceback (most recent call last):
  File "/usr/local/lib/python3.8/dist-packages/optuna/study/_optimize.py", line 196, in _run_trial
    value_or_values = func(trial)
  File "/tmp/ipykernel_19370/2430252262.py", line 16, in __call__
    model = LassoRegression(n_components=n_components, degree=degree, **kwargs)
  File "/tmp/ipykernel_19370/4111483097.py", line 3, in LassoRegression
    return make_pipeline(PCA(n_components=n_components), preprocessing.PolynomialFeatures(degree=degree), LinearRegression(**kwargs))
TypeError: __init__() got an unexpected keyword argument 'alpha'
Trial 10 failed because of the following error: TypeError("__init__() got an unexpected keyword argument 'alpha'")
Traceback (most recent call last):
  File "/usr/local/lib/python3.8/dist-packages/optuna/study/_optimize.py", line 196, in _run_trial
    value_or_values = func(trial)
  File "/tmp/ipykernel_19370/2430252262.py", line 16, in __call__
    model = LassoRegression(n_components=n_components, degree=degree, **kwargs)
  File "/tmp/ipykernel_19370/4111483097.py", line 3, in LassoRegression
    return make_pipeline(PCA(n_components=n_components), preprocessing.PolynomialFeatures(degree=degree), LinearRegression(**kwargs))
TypeError: __init__() got an unexpected keyword argument 'alpha'
Trial 3 failed because of the following error: TypeError("__init__() got an unexpected keyword argument 'alpha'")
Traceback (most recent call last):
  File "/usr/local/lib/python3.8/dist-packages/optuna/study/_optimize.py", line 196, in _run_trial
    value_or_values = func(trial)
  File "/tmp/ipykernel_19370/2430252262.py", line 16, in __call__
    model = LassoRegression(n_components=n_components, degree=degree, **kwargs)
  File "/tmp/ipykernel_19370/4111483097.py", line 3, in LassoRegression
    return make_pipeline(PCA(n_components=n_components), preprocessing.PolynomialFeatures(degree=degree), LinearRegression(**kwargs))
TypeError: __init__() got an unexpected keyword argument 'alpha'
Trial 1 failed because of the following error: TypeError("__init__() got an unexpected keyword argument 'alpha'")
Traceback (most recent call last):
  File "/usr/local/lib/python3.8/dist-packages/optuna/study/_optimize.py", line 196, in _run_trial
    value_or_values = func(trial)
  File "/tmp/ipykernel_19370/2430252262.py", line 16, in __call__
    model = LassoRegression(n_components=n_components, degree=degree, **kwargs)
  File "/tmp/ipykernel_19370/4111483097.py", line 3, in LassoRegression
    return make_pipeline(PCA(n_components=n_components), preprocessing.PolynomialFeatures(degree=degree), LinearRegression(**kwargs))
TypeError: __init__() got an unexpected keyword argument 'alpha'
A new study created in RDB with name: Poly_Lasso_83921
Trial 13 finished with value: 0.781754968053997 and parameters: {'n_components': 5, 'degree': 2, 'alpha': 0.0486528720262198, 'max_iter': 55185}. Best is trial 13 with value: 0.781754968053997.
Trial 4 finished with value: 0.782040213227685 and parameters: {'n_components': 5, 'degree': 4, 'alpha': 7.494804683142554, 'max_iter': 90936}. Best is trial 4 with value: 0.782040213227685.
Trial 8 finished with value: 0.02011460202810663 and parameters: {'n_components': 1, 'degree': 1, 'alpha': 6.979741351427224, 'max_iter': 62506}. Best is trial 4 with value: 0.782040213227685.
Trial 10 finished with value: 0.024940692195753622 and parameters: {'n_components': 1, 'degree': 1, 'alpha': 0.21780864002216851, 'max_iter': 48956}. Best is trial 16 with value: 0.8127900836894923.
Trial 11 finished with value: 0.7748665256494126 and parameters: {'n_components': 3, 'degree': 2, 'alpha': 0.004783649097152126, 'max_iter': 11332}. Best is trial 16 with value: 0.8127900836894923.
Trial 6 finished with value: 0.7750266622275253 and parameters: {'n_components': 6, 'degree': 2, 'alpha': 0.0032319670306795918, 'max_iter': 1640}. Best is trial 16 with value: 0.8127900836894923.
Trial 17 finished with value: 0.7796239564920686 and parameters: {'n_components': 4, 'degree': 2, 'alpha': 0.021842001917407754, 'max_iter': 28591}. Best is trial 16 with value: 0.8127900836894923.
Trial 9 finished with value: 0.8119919928610383 and parameters: {'n_components': 10, 'degree': 2, 'alpha': 2.5931628118392447, 'max_iter': 67340}. Best is trial 16 with value: 0.8127900836894923.
Trial 23 finished with value: 0.02491960519280665 and parameters: {'n_components': 1, 'degree': 1, 'alpha': 0.0001304251424270905, 'max_iter': 26219}. Best is trial 16 with value: 0.8127900836894923.
Trial 16 finished with value: 0.8127900836894923 and parameters: {'n_components': 11, 'degree': 3, 'alpha': 0.4439437458514666, 'max_iter': 79104}. Best is trial 16 with value: 0.8127900836894923.
Trial 15 finished with value: 0.45045339502991394 and parameters: {'n_components': 4, 'degree': 1, 'alpha': 0.3031424641867419, 'max_iter': 17122}. Best is trial 16 with value: 0.8127900836894923.
Trial 12 finished with value: 0.3982397714841713 and parameters: {'n_components': 1, 'degree': 5, 'alpha': 0.002262925425285734, 'max_iter': 8152}. Best is trial 16 with value: 0.8127900836894923.
Trial 19 finished with value: 0.7815648521861929 and parameters: {'n_components': 2, 'degree': 4, 'alpha': 0.06120044931272485, 'max_iter': 92847}. Best is trial 16 with value: 0.8127900836894923.
Trial 18 finished with value: 0.777655840037356 and parameters: {'n_components': 2, 'degree': 5, 'alpha': 0.0009046093953458666, 'max_iter': 26099}. Best is trial 16 with value: 0.8127900836894923.
Trial 20 finished with value: 0.8031009802488853 and parameters: {'n_components': 8, 'degree': 3, 'alpha': 0.11650424292208036, 'max_iter': 60552}. Best is trial 16 with value: 0.8127900836894923.
Trial 22 finished with value: 0.31680527656107343 and parameters: {'n_components': 2, 'degree': 1, 'alpha': 0.0006008148420015687, 'max_iter': 78822}. Best is trial 16 with value: 0.8127900836894923.
Trial 29 finished with value: 0.4087339353705054 and parameters: {'n_components': 3, 'degree': 1, 'alpha': 0.05946500005747921, 'max_iter': 26663}. Best is trial 16 with value: 0.8127900836894923.
Trial 30 finished with value: 0.39834649084182494 and parameters: {'n_components': 1, 'degree': 5, 'alpha': 1.0304300233170676, 'max_iter': 42784}. Best is trial 16 with value: 0.8127900836894923.
