Trial 52 finished with value: 0.5504025324714 and parameters: {'n_components': 7, 'degree': 1}. Best is trial 11 with value: 0.8159418543986735.
Trial 50 finished with value: 0.7802772232826918 and parameters: {'n_components': 2, 'degree': 5}. Best is trial 11 with value: 0.8159418543986735.
Trial 58 finished with value: 0.7088733563789652 and parameters: {'n_components': 3, 'degree': 5}. Best is trial 11 with value: 0.8159418543986735.
Trial 56 finished with value: 0.5504025324714 and parameters: {'n_components': 7, 'degree': 1}. Best is trial 11 with value: 0.8159418543986735.
Trial 65 finished with value: 0.5504025324714 and parameters: {'n_components': 7, 'degree': 1}. Best is trial 11 with value: 0.8159418543986735.
Trial 55 finished with value: 0.4493024678163816 and parameters: {'n_components': 7, 'degree': 4}. Best is trial 11 with value: 0.8159418543986735.
Trial 67 finished with value: 0.7819022930448448 and parameters: {'n_components': 5, 'degree': 2}. Best is trial 11 with value: 0.8159418543986735.
Trial 57 finished with value: -0.14638878093295973 and parameters: {'n_components': 4, 'degree': 5}. Best is trial 11 with value: 0.8159418543986735.
Trial 66 finished with value: 0.4795971920964388 and parameters: {'n_components': 9, 'degree': 2}. Best is trial 11 with value: 0.8159418543986735.
Trial 53 finished with value: -7.888801536775016e+16 and parameters: {'n_components': 11, 'degree': 5}. Best is trial 11 with value: 0.8159418543986735.
Trial 64 finished with value: 0.8159418543986735 and parameters: {'n_components': 11, 'degree': 2}. Best is trial 11 with value: 0.8159418543986735.
Trial 60 finished with value: 0.46621755282859256 and parameters: {'n_components': 6, 'degree': 1}. Best is trial 11 with value: 0.8159418543986735.
Trial 63 finished with value: 0.3152980311716702 and parameters: {'n_components': 1, 'degree': 3}. Best is trial 11 with value: 0.8159418543986735.
Trial 69 finished with value: 0.024919589259043872 and parameters: {'n_components': 1, 'degree': 1}. Best is trial 11 with value: 0.8159418543986735.
Trial 68 finished with value: 0.39821390742805074 and parameters: {'n_components': 1, 'degree': 5}. Best is trial 11 with value: 0.8159418543986735.
Trial 71 finished with value: 0.3168044934500863 and parameters: {'n_components': 2, 'degree': 1}. Best is trial 11 with value: 0.8159418543986735.
Trial 78 finished with value: 0.6513413923307141 and parameters: {'n_components': 8, 'degree': 1}. Best is trial 11 with value: 0.8159418543986735.
Trial 74 finished with value: 0.39254048439304995 and parameters: {'n_components': 6, 'degree': 3}. Best is trial 11 with value: 0.8159418543986735.
Trial 77 finished with value: 0.3152980311716702 and parameters: {'n_components': 1, 'degree': 3}. Best is trial 11 with value: 0.8159418543986735.
Trial 70 finished with value: 0.7508151282863499 and parameters: {'n_components': 5, 'degree': 3}. Best is trial 11 with value: 0.8159418543986735.
Trial 75 finished with value: 0.7747552512778384 and parameters: {'n_components': 3, 'degree': 2}. Best is trial 11 with value: 0.8159418543986735.
Trial 72 finished with value: 0.7459025277812185 and parameters: {'n_components': 10, 'degree': 3}. Best is trial 11 with value: 0.8159418543986735.
Trial 73 finished with value: -0.6409216028012616 and parameters: {'n_components': 5, 'degree': 4}. Best is trial 11 with value: 0.8159418543986735.
Trial 81 finished with value: 0.7753621584520997 and parameters: {'n_components': 10, 'degree': 1}. Best is trial 11 with value: 0.8159418543986735.
Trial 76 finished with value: 0.4512531176381952 and parameters: {'n_components': 5, 'degree': 1}. Best is trial 11 with value: 0.8159418543986735.
Trial 79 finished with value: 0.5169462873332826 and parameters: {'n_components': 8, 'degree': 3}. Best is trial 11 with value: 0.8159418543986735.
Trial 80 finished with value: 0.7802772232826918 and parameters: {'n_components': 2, 'degree': 5}. Best is trial 11 with value: 0.8159418543986735.
Trial 89 finished with value: 0.7819022930448448 and parameters: {'n_components': 5, 'degree': 2}. Best is trial 11 with value: 0.8159418543986735.
Trial 82 finished with value: -2.023037365917777e+19 and parameters: {'n_components': 11, 'degree': 4}. Best is trial 11 with value: 0.8159418543986735.
Trial 86 finished with value: 0.7802772232826918 and parameters: {'n_components': 2, 'degree': 5}. Best is trial 11 with value: 0.8159418543986735.
Trial 85 finished with value: 0.33286007931716977 and parameters: {'n_components': 6, 'degree': 4}. Best is trial 11 with value: 0.8159418543986735.
Trial 87 finished with value: 0.7832429460006988 and parameters: {'n_components': 2, 'degree': 4}. Best is trial 11 with value: 0.8159418543986735.
Trial 88 finished with value: -1.8328495626481041e+19 and parameters: {'n_components': 10, 'degree': 4}. Best is trial 11 with value: 0.8159418543986735.
Trial 91 finished with value: 0.7523456704245695 and parameters: {'n_components': 7, 'degree': 2}. Best is trial 11 with value: 0.8159418543986735.
Trial 92 finished with value: 0.4493024678163816 and parameters: {'n_components': 7, 'degree': 4}. Best is trial 11 with value: 0.8159418543986735.
Trial 83 finished with value: -7.888801536775016e+16 and parameters: {'n_components': 11, 'degree': 5}. Best is trial 11 with value: 0.8159418543986735.
Trial 94 finished with value: 0.6513413923307141 and parameters: {'n_components': 8, 'degree': 1}. Best is trial 11 with value: 0.8159418543986735.
Trial 84 finished with value: 0.7779504757647581 and parameters: {'n_components': 4, 'degree': 3}. Best is trial 11 with value: 0.8159418543986735.
Trial 98 finished with value: 0.7779504757647581 and parameters: {'n_components': 4, 'degree': 3}. Best is trial 11 with value: 0.8159418543986735.
Trial 100 finished with value: 0.4795971920964388 and parameters: {'n_components': 9, 'degree': 2}. Best is trial 11 with value: 0.8159418543986735.
Trial 99 finished with value: 0.7523456704245695 and parameters: {'n_components': 7, 'degree': 2}. Best is trial 11 with value: 0.8159418543986735.
Trial 95 finished with value: -286796.6255941501 and parameters: {'n_components': 7, 'degree': 5}. Best is trial 11 with value: 0.8159418543986735.
Trial 112 finished with value: -2.023037365917777e+19 and parameters: {'n_components': 11, 'degree': 4}. Best is trial 11 with value: 0.8159418543986735.
Trial 102 finished with value: 0.7783693288002991 and parameters: {'n_components': 3, 'degree': 3}. Best is trial 11 with value: 0.8159418543986735.
Trial 96 finished with value: 0.4677604063645152 and parameters: {'n_components': 7, 'degree': 3}. Best is trial 11 with value: 0.8159418543986735.
Trial 90 finished with value: -0.14638878093295973 and parameters: {'n_components': 4, 'degree': 5}. Best is trial 11 with value: 0.8159418543986735.
Trial 93 finished with value: 0.7523456704245695 and parameters: {'n_components': 7, 'degree': 2}. Best is trial 11 with value: 0.8159418543986735.
Trial 97 finished with value: -1532.9848349599038 and parameters: {'n_components': 8, 'degree': 5}. Best is trial 11 with value: 0.8159418543986735.
Trial 106 finished with value: -5922829985235182.0 and parameters: {'n_components': 10, 'degree': 5}. Best is trial 11 with value: 0.8159418543986735.
Trial 107 finished with value: -1532.9848349599038 and parameters: {'n_components': 8, 'degree': 5}. Best is trial 11 with value: 0.8159418543986735.
Trial 110 finished with value: 0.7712647704417971 and parameters: {'n_components': 11, 'degree': 1}. Best is trial 11 with value: 0.8159418543986735.
Trial 101 finished with value: -1532.9848349599038 and parameters: {'n_components': 8, 'degree': 5}. Best is trial 11 with value: 0.8159418543986735.
Trial 104 finished with value: 0.7734735935863348 and parameters: {'n_components': 9, 'degree': 1}. Best is trial 11 with value: 0.8159418543986735.
Trial 103 finished with value: 0.777099699617814 and parameters: {'n_components': 4, 'degree': 2}. Best is trial 11 with value: 0.8159418543986735.
Trial 113 finished with value: 0.7779504757647581 and parameters: {'n_components': 4, 'degree': 3}. Best is trial 11 with value: 0.8159418543986735.
Trial 109 finished with value: -0.14638878093295973 and parameters: {'n_components': 4, 'degree': 5}. Best is trial 11 with value: 0.8159418543986735.
Trial 111 finished with value: 0.4493024678163816 and parameters: {'n_components': 7, 'degree': 4}. Best is trial 11 with value: 0.8159418543986735.
Trial 105 finished with value: 0.7383791618247882 and parameters: {'n_components': 8, 'degree': 2}. Best is trial 11 with value: 0.8159418543986735.
Trial 115 finished with value: 0.7459025277812185 and parameters: {'n_components': 10, 'degree': 3}. Best is trial 11 with value: 0.8159418543986735.
Trial 114 finished with value: -2.023037365917777e+19 and parameters: {'n_components': 11, 'degree': 4}. Best is trial 11 with value: 0.8159418543986735.
Trial 116 finished with value: 0.7523456704245695 and parameters: {'n_components': 7, 'degree': 2}. Best is trial 11 with value: 0.8159418543986735.
Trial 117 finished with value: 0.7445975295359685 and parameters: {'n_components': 10, 'degree': 2}. Best is trial 11 with value: 0.8159418543986735.
Trial 123 finished with value: 0.4493024678163816 and parameters: {'n_components': 7, 'degree': 4}. Best is trial 11 with value: 0.8159418543986735.
Trial 120 finished with value: 0.7779504757647581 and parameters: {'n_components': 4, 'degree': 3}. Best is trial 11 with value: 0.8159418543986735.
Trial 108 finished with value: -286796.6255941501 and parameters: {'n_components': 7, 'degree': 5}. Best is trial 11 with value: 0.8159418543986735.
Trial 118 finished with value: 0.7445975295359685 and parameters: {'n_components': 10, 'degree': 2}. Best is trial 11 with value: 0.8159418543986735.
Trial 119 finished with value: 0.8159418543986735 and parameters: {'n_components': 11, 'degree': 2}. Best is trial 11 with value: 0.8159418543986735.
Trial 121 finished with value: 0.4506326505184816 and parameters: {'n_components': 4, 'degree': 1}. Best is trial 11 with value: 0.8159418543986735.
Trial 122 finished with value: 0.7779504757647581 and parameters: {'n_components': 4, 'degree': 3}. Best is trial 11 with value: 0.8159418543986735.
Trial 124 finished with value: 0.5504025324714 and parameters: {'n_components': 7, 'degree': 1}. Best is trial 11 with value: 0.8159418543986735.
Trial 131 finished with value: 0.39254048439304995 and parameters: {'n_components': 6, 'degree': 3}. Best is trial 11 with value: 0.8159418543986735.
Trial 129 finished with value: 0.38807494290489875 and parameters: {'n_components': 1, 'degree': 4}. Best is trial 11 with value: 0.8159418543986735.
Trial 132 finished with value: 0.7654195140444016 and parameters: {'n_components': 3, 'degree': 4}. Best is trial 11 with value: 0.8159418543986735.
Trial 134 finished with value: 0.5169462873332826 and parameters: {'n_components': 8, 'degree': 3}. Best is trial 11 with value: 0.8159418543986735.
Trial 127 finished with value: 0.5169462873332826 and parameters: {'n_components': 8, 'degree': 3}. Best is trial 11 with value: 0.8159418543986735.
Trial 141 finished with value: -898.5470317622915 and parameters: {'n_components': 5, 'degree': 5}. Best is trial 11 with value: 0.8159418543986735.
Trial 138 finished with value: 0.7459025277812185 and parameters: {'n_components': 10, 'degree': 3}. Best is trial 11 with value: 0.8159418543986735.
Trial 135 finished with value: 0.7712647704417971 and parameters: {'n_components': 11, 'degree': 1}. Best is trial 11 with value: 0.8159418543986735.
Trial 126 finished with value: 0.7459025277812185 and parameters: {'n_components': 10, 'degree': 3}. Best is trial 11 with value: 0.8159418543986735.
Trial 133 finished with value: -1532.9848349599038 and parameters: {'n_components': 8, 'degree': 5}. Best is trial 11 with value: 0.8159418543986735.
Trial 136 finished with value: 0.7445975295359685 and parameters: {'n_components': 10, 'degree': 2}. Best is trial 11 with value: 0.8159418543986735.
Trial 125 finished with value: -7.888801536775016e+16 and parameters: {'n_components': 11, 'degree': 5}. Best is trial 11 with value: 0.8159418543986735.
Trial 128 finished with value: 0.277472080105499 and parameters: {'n_components': 8, 'degree': 4}. Best is trial 11 with value: 0.8159418543986735.
Trial 130 finished with value: -5922829985235182.0 and parameters: {'n_components': 10, 'degree': 5}. Best is trial 11 with value: 0.8159418543986735.
Trial 137 finished with value: 0.7445975295359685 and parameters: {'n_components': 10, 'degree': 2}. Best is trial 11 with value: 0.8159418543986735.
Trial 146 finished with value: 0.33286007931716977 and parameters: {'n_components': 6, 'degree': 4}. Best is trial 11 with value: 0.8159418543986735.
Trial 143 finished with value: 0.024919589259043872 and parameters: {'n_components': 1, 'degree': 1}. Best is trial 11 with value: 0.8159418543986735.
Trial 149 finished with value: 0.7819022930448448 and parameters: {'n_components': 5, 'degree': 2}. Best is trial 11 with value: 0.8159418543986735.
Trial 139 finished with value: 0.024919589259043872 and parameters: {'n_components': 1, 'degree': 1}. Best is trial 11 with value: 0.8159418543986735.
Trial 142 finished with value: 0.7459025277812185 and parameters: {'n_components': 10, 'degree': 3}. Best is trial 11 with value: 0.8159418543986735.
Trial 147 finished with value: 0.4512531176381952 and parameters: {'n_components': 5, 'degree': 1}. Best is trial 11 with value: 0.8159418543986735.
Trial 150 finished with value: 0.4512531176381952 and parameters: {'n_components': 5, 'degree': 1}. Best is trial 11 with value: 0.8159418543986735.
Trial 144 finished with value: 0.76546260096099 and parameters: {'n_components': 11, 'degree': 3}. Best is trial 11 with value: 0.8159418543986735.
Trial 140 finished with value: -1532.9848349599038 and parameters: {'n_components': 8, 'degree': 5}. Best is trial 11 with value: 0.8159418543986735.
Trial 152 finished with value: -7.888801536775016e+16 and parameters: {'n_components': 11, 'degree': 5}. Best is trial 11 with value: 0.8159418543986735.
Trial 157 finished with value: 0.7801761174446555 and parameters: {'n_components': 2, 'degree': 3}. Best is trial 11 with value: 0.8159418543986735.
Trial 156 finished with value: 0.7832429460006988 and parameters: {'n_components': 2, 'degree': 4}. Best is trial 11 with value: 0.8159418543986735.
Trial 148 finished with value: 0.3287408687000602 and parameters: {'n_components': 1, 'degree': 2}. Best is trial 11 with value: 0.8159418543986735.
Trial 154 finished with value: -0.14638878093295973 and parameters: {'n_components': 4, 'degree': 5}. Best is trial 11 with value: 0.8159418543986735.
Trial 145 finished with value: 0.39254048439304995 and parameters: {'n_components': 6, 'degree': 3}. Best is trial 11 with value: 0.8159418543986735.
Trial 158 finished with value: 0.3287408687000602 and parameters: {'n_components': 1, 'degree': 2}. Best is trial 11 with value: 0.8159418543986735.
Trial 155 finished with value: 0.024919589259043872 and parameters: {'n_components': 1, 'degree': 1}. Best is trial 11 with value: 0.8159418543986735.
Trial 159 finished with value: 0.6896355173132965 and parameters: {'n_components': 4, 'degree': 4}. Best is trial 11 with value: 0.8159418543986735.
Trial 160 finished with value: 0.4493024678163816 and parameters: {'n_components': 7, 'degree': 4}. Best is trial 11 with value: 0.8159418543986735.
Trial 151 finished with value: -5922829985235182.0 and parameters: {'n_components': 10, 'degree': 5}. Best is trial 11 with value: 0.8159418543986735.
Trial 153 finished with value: 0.38807494290489875 and parameters: {'n_components': 1, 'degree': 4}. Best is trial 11 with value: 0.8159418543986735.
Trial 161 finished with value: 0.4512531176381952 and parameters: {'n_components': 5, 'degree': 1}. Best is trial 11 with value: 0.8159418543986735.
Trial 172 finished with value: -5922829985235182.0 and parameters: {'n_components': 10, 'degree': 5}. Best is trial 11 with value: 0.8159418543986735.
Trial 169 finished with value: 0.3168044934500863 and parameters: {'n_components': 2, 'degree': 1}. Best is trial 11 with value: 0.8159418543986735.
Trial 162 finished with value: -0.6409216028012616 and parameters: {'n_components': 5, 'degree': 4}. Best is trial 11 with value: 0.8159418543986735.
Trial 164 finished with value: 0.7654195140444016 and parameters: {'n_components': 3, 'degree': 4}. Best is trial 11 with value: 0.8159418543986735.
Trial 166 finished with value: 0.39254048439304995 and parameters: {'n_components': 6, 'degree': 3}. Best is trial 11 with value: 0.8159418543986735.
Trial 174 finished with value: 0.277472080105499 and parameters: {'n_components': 8, 'degree': 4}. Best is trial 11 with value: 0.8159418543986735.
Trial 175 finished with value: -547235783236107.9 and parameters: {'n_components': 9, 'degree': 4}. Best is trial 11 with value: 0.8159418543986735.
Trial 167 finished with value: 0.4512531176381952 and parameters: {'n_components': 5, 'degree': 1}. Best is trial 11 with value: 0.8159418543986735.
Trial 171 finished with value: 0.7783693288002991 and parameters: {'n_components': 3, 'degree': 3}. Best is trial 11 with value: 0.8159418543986735.
Trial 168 finished with value: 0.7523456704245695 and parameters: {'n_components': 7, 'degree': 2}. Best is trial 11 with value: 0.8159418543986735.
Trial 179 finished with value: 0.3168044934500863 and parameters: {'n_components': 2, 'degree': 1}. Best is trial 11 with value: 0.8159418543986735.
Trial 163 finished with value: 0.7819022930448448 and parameters: {'n_components': 5, 'degree': 2}. Best is trial 11 with value: 0.8159418543986735.
Trial 177 finished with value: 0.5504025324714 and parameters: {'n_components': 7, 'degree': 1}. Best is trial 11 with value: 0.8159418543986735.
Trial 176 finished with value: 0.6513413923307141 and parameters: {'n_components': 8, 'degree': 1}. Best is trial 11 with value: 0.8159418543986735.
Trial 173 finished with value: 0.7088733563789652 and parameters: {'n_components': 3, 'degree': 5}. Best is trial 11 with value: 0.8159418543986735.
Trial 187 finished with value: 0.4512531176381952 and parameters: {'n_components': 5, 'degree': 1}. Best is trial 11 with value: 0.8159418543986735.
Trial 165 finished with value: -2.023037365917777e+19 and parameters: {'n_components': 11, 'degree': 4}. Best is trial 11 with value: 0.8159418543986735.
Trial 182 finished with value: 0.4795971920964388 and parameters: {'n_components': 9, 'degree': 2}. Best is trial 11 with value: 0.8159418543986735.
Trial 178 finished with value: 0.38807494290489875 and parameters: {'n_components': 1, 'degree': 4}. Best is trial 11 with value: 0.8159418543986735.
Trial 170 finished with value: 0.4506326505184816 and parameters: {'n_components': 4, 'degree': 1}. Best is trial 11 with value: 0.8159418543986735.
Trial 183 finished with value: 0.7802772232826918 and parameters: {'n_components': 2, 'degree': 5}. Best is trial 11 with value: 0.8159418543986735.
Trial 180 finished with value: 0.7779504757647581 and parameters: {'n_components': 4, 'degree': 3}. Best is trial 11 with value: 0.8159418543986735.
Trial 185 finished with value: 0.4512531176381952 and parameters: {'n_components': 5, 'degree': 1}. Best is trial 11 with value: 0.8159418543986735.
Trial 186 finished with value: 0.7383791618247882 and parameters: {'n_components': 8, 'degree': 2}. Best is trial 11 with value: 0.8159418543986735.
Trial 188 finished with value: -5922829985235182.0 and parameters: {'n_components': 10, 'degree': 5}. Best is trial 11 with value: 0.8159418543986735.
Trial 196 finished with value: 0.39254048439304995 and parameters: {'n_components': 6, 'degree': 3}. Best is trial 11 with value: 0.8159418543986735.
Trial 181 finished with value: 0.3152980311716702 and parameters: {'n_components': 1, 'degree': 3}. Best is trial 11 with value: 0.8159418543986735.
Trial 195 finished with value: -2.023037365917777e+19 and parameters: {'n_components': 11, 'degree': 4}. Best is trial 11 with value: 0.8159418543986735.
Trial 184 finished with value: 0.4493024678163816 and parameters: {'n_components': 7, 'degree': 4}. Best is trial 11 with value: 0.8159418543986735.
Trial 192 finished with value: 0.7802772232826918 and parameters: {'n_components': 2, 'degree': 5}. Best is trial 11 with value: 0.8159418543986735.
Trial 191 finished with value: -1532.9848349599038 and parameters: {'n_components': 8, 'degree': 5}. Best is trial 11 with value: 0.8159418543986735.
Trial 190 finished with value: 0.39821390742805074 and parameters: {'n_components': 1, 'degree': 5}. Best is trial 11 with value: 0.8159418543986735.
Trial 193 finished with value: -0.14638878093295973 and parameters: {'n_components': 4, 'degree': 5}. Best is trial 11 with value: 0.8159418543986735.
Trial 199 finished with value: 0.3168044934500863 and parameters: {'n_components': 2, 'degree': 1}. Best is trial 11 with value: 0.8159418543986735.
Trial 198 finished with value: -0.6409216028012616 and parameters: {'n_components': 5, 'degree': 4}. Best is trial 11 with value: 0.8159418543986735.
Trial 202 finished with value: 0.024919589259043872 and parameters: {'n_components': 1, 'degree': 1}. Best is trial 11 with value: 0.8159418543986735.
Trial 206 finished with value: 0.7753621584520997 and parameters: {'n_components': 10, 'degree': 1}. Best is trial 11 with value: 0.8159418543986735.
Trial 200 finished with value: 0.7508151282863499 and parameters: {'n_components': 5, 'degree': 3}. Best is trial 11 with value: 0.8159418543986735.
Trial 204 finished with value: -0.6409216028012616 and parameters: {'n_components': 5, 'degree': 4}. Best is trial 11 with value: 0.8159418543986735.
Trial 197 finished with value: 0.7445975295359685 and parameters: {'n_components': 10, 'degree': 2}. Best is trial 11 with value: 0.8159418543986735.
