Trial 133 finished with value: 0.8106248462080773 and parameters: {'n_components': 11, 'degree': 3, 'alpha': 0.37556540394536714, 'max_iter': 43856}. Best is trial 126 with value: 0.8288959214076558.
Trial 134 finished with value: 0.3991221838509321 and parameters: {'n_components': 3, 'degree': 1, 'alpha': 5.074292225637505, 'max_iter': 47201}. Best is trial 126 with value: 0.8288959214076558.
Trial 135 finished with value: 0.316807651419423 and parameters: {'n_components': 2, 'degree': 1, 'alpha': 0.002423837171103504, 'max_iter': 57403}. Best is trial 126 with value: 0.8288959214076558.
Trial 136 finished with value: 0.7794578897902406 and parameters: {'n_components': 2, 'degree': 3, 'alpha': 0.02647477326501881, 'max_iter': 89334}. Best is trial 126 with value: 0.8288959214076558.
Trial 137 finished with value: 0.7817925526870776 and parameters: {'n_components': 5, 'degree': 2, 'alpha': 0.0010912026230279807, 'max_iter': 69177}. Best is trial 126 with value: 0.8288959214076558.
Trial 5 finished with value: 0.7661947812408506 and parameters: {'n_components': 4, 'degree': 5, 'alpha': 0.019582270979789113, 'max_iter': 95332}. Best is trial 126 with value: 0.8288959214076558.
Trial 139 finished with value: 0.3879485758765514 and parameters: {'n_components': 1, 'degree': 4, 'alpha': 0.04265306544214317, 'max_iter': 74171}. Best is trial 126 with value: 0.8288959214076558.
Trial 138 finished with value: 0.7739452918828122 and parameters: {'n_components': 3, 'degree': 5, 'alpha': 0.00010779148920373981, 'max_iter': 19287}. Best is trial 126 with value: 0.8288959214076558.
Trial 141 finished with value: 0.39829318275410514 and parameters: {'n_components': 1, 'degree': 5, 'alpha': 0.010504447777699903, 'max_iter': 4598}. Best is trial 126 with value: 0.8288959214076558.
Trial 95 finished with value: 0.775144959523779 and parameters: {'n_components': 5, 'degree': 3, 'alpha': 0.0078253380636685, 'max_iter': 64473}. Best is trial 126 with value: 0.8288959214076558.
Trial 143 finished with value: 0.3287409734466849 and parameters: {'n_components': 1, 'degree': 2, 'alpha': 0.0016364459953357702, 'max_iter': 84289}. Best is trial 126 with value: 0.8288959214076558.
Trial 27 finished with value: 0.7076249613450092 and parameters: {'n_components': 10, 'degree': 4, 'alpha': 0.10601384033475555, 'max_iter': 37606}. Best is trial 126 with value: 0.8288959214076558.
Trial 93 finished with value: 0.738505303674163 and parameters: {'n_components': 5, 'degree': 5, 'alpha': 0.14763791974835044, 'max_iter': 38286}. Best is trial 126 with value: 0.8288959214076558.
Trial 146 finished with value: 0.7740511823751344 and parameters: {'n_components': 9, 'degree': 1, 'alpha': 0.3475021742276993, 'max_iter': 49146}. Best is trial 126 with value: 0.8288959214076558.
Trial 147 finished with value: 0.8189117588899457 and parameters: {'n_components': 9, 'degree': 4, 'alpha': 9.153614571623468, 'max_iter': 30436}. Best is trial 126 with value: 0.8288959214076558.
Trial 148 finished with value: 0.316297175714818 and parameters: {'n_components': 1, 'degree': 3, 'alpha': 0.12884862100744293, 'max_iter': 82139}. Best is trial 126 with value: 0.8288959214076558.
Trial 149 finished with value: 0.5480188617685422 and parameters: {'n_components': 7, 'degree': 1, 'alpha': 1.0087313218678156, 'max_iter': 34230}. Best is trial 126 with value: 0.8288959214076558.
Trial 71 finished with value: 0.7219235885903534 and parameters: {'n_components': 5, 'degree': 4, 'alpha': 0.00017023313980552983, 'max_iter': 57573}. Best is trial 126 with value: 0.8288959214076558.
Trial 151 finished with value: 0.8113829486910076 and parameters: {'n_components': 11, 'degree': 2, 'alpha': 2.660533055404926, 'max_iter': 57956}. Best is trial 126 with value: 0.8288959214076558.
Trial 152 finished with value: 0.7818771863194051 and parameters: {'n_components': 5, 'degree': 2, 'alpha': 0.00011076063608854889, 'max_iter': 75439}. Best is trial 126 with value: 0.8288959214076558.
Trial 150 finished with value: 0.7994429070087976 and parameters: {'n_components': 10, 'degree': 3, 'alpha': 0.1108841520249341, 'max_iter': 4075}. Best is trial 126 with value: 0.8288959214076558.
Trial 154 finished with value: 0.8038311908826271 and parameters: {'n_components': 11, 'degree': 3, 'alpha': 3.859540698035503, 'max_iter': 45262}. Best is trial 126 with value: 0.8288959214076558.
Trial 153 finished with value: 0.7795783799571614 and parameters: {'n_components': 3, 'degree': 3, 'alpha': 0.0030767845415702873, 'max_iter': 85932}. Best is trial 126 with value: 0.8288959214076558.
Trial 144 finished with value: 0.7673767553537589 and parameters: {'n_components': 4, 'degree': 4, 'alpha': 0.003410557409821271, 'max_iter': 22056}. Best is trial 126 with value: 0.8288959214076558.
Trial 145 finished with value: 0.757792040848186 and parameters: {'n_components': 6, 'degree': 5, 'alpha': 0.9124004802175566, 'max_iter': 14027}. Best is trial 126 with value: 0.8288959214076558.
Trial 125 finished with value: 0.7657133917264483 and parameters: {'n_components': 4, 'degree': 5, 'alpha': 0.0009516033828008363, 'max_iter': 56881}. Best is trial 126 with value: 0.8288959214076558.
Trial 159 finished with value: 0.7744410055425075 and parameters: {'n_components': 5, 'degree': 3, 'alpha': 0.2692630471891101, 'max_iter': 99591}. Best is trial 126 with value: 0.8288959214076558.
Trial 3 finished with value: 0.7762765105793437 and parameters: {'n_components': 11, 'degree': 3, 'alpha': 0.0001459915225721294, 'max_iter': 85192}. Best is trial 126 with value: 0.8288959214076558.
Trial 160 finished with value: 0.7786677078065783 and parameters: {'n_components': 2, 'degree': 4, 'alpha': 0.00014955383349439595, 'max_iter': 30948}. Best is trial 126 with value: 0.8288959214076558.
Trial 132 finished with value: 0.7692346941644975 and parameters: {'n_components': 3, 'degree': 5, 'alpha': 0.0006317047786553493, 'max_iter': 96619}. Best is trial 126 with value: 0.8288959214076558.
Trial 163 finished with value: 0.31680687434611954 and parameters: {'n_components': 2, 'degree': 1, 'alpha': 0.0018271644307922327, 'max_iter': 2036}. Best is trial 126 with value: 0.8288959214076558.
Trial 164 finished with value: 0.7766141370822506 and parameters: {'n_components': 6, 'degree': 5, 'alpha': 8.223189297845126, 'max_iter': 70708}. Best is trial 126 with value: 0.8288959214076558.
Trial 165 finished with value: 0.7782182552319267 and parameters: {'n_components': 3, 'degree': 2, 'alpha': 1.8096842353445717, 'max_iter': 91309}. Best is trial 126 with value: 0.8288959214076558.
Trial 166 finished with value: 0.8119803405312972 and parameters: {'n_components': 8, 'degree': 3, 'alpha': 0.33168908081607434, 'max_iter': 27663}. Best is trial 126 with value: 0.8288959214076558.
Trial 157 finished with value: 0.7869698315588775 and parameters: {'n_components': 10, 'degree': 3, 'alpha': 0.00017429651835127504, 'max_iter': 27511}. Best is trial 126 with value: 0.8288959214076558.
Trial 112 finished with value: 0.7323197863171642 and parameters: {'n_components': 5, 'degree': 4, 'alpha': 0.0063774254741962005, 'max_iter': 75405}. Best is trial 126 with value: 0.8288959214076558.
Trial 169 finished with value: 0.826914010052516 and parameters: {'n_components': 10, 'degree': 2, 'alpha': 0.15670409240335267, 'max_iter': 33219}. Best is trial 126 with value: 0.8288959214076558.
Trial 170 finished with value: 0.3856219803288522 and parameters: {'n_components': 1, 'degree': 4, 'alpha': 0.5125331600183977, 'max_iter': 99472}. Best is trial 126 with value: 0.8288959214076558.
Trial 171 finished with value: 0.8181205542291698 and parameters: {'n_components': 10, 'degree': 5, 'alpha': 4.618831892370224, 'max_iter': 422}. Best is trial 126 with value: 0.8288959214076558.
Trial 162 finished with value: 0.7714193103547594 and parameters: {'n_components': 5, 'degree': 3, 'alpha': 0.041006130624756346, 'max_iter': 40622}. Best is trial 126 with value: 0.8288959214076558.
Trial 173 finished with value: 0.7818323394183692 and parameters: {'n_components': 5, 'degree': 2, 'alpha': 0.09505540941759585, 'max_iter': 12752}. Best is trial 126 with value: 0.8288959214076558.
Trial 174 finished with value: 0.46449134790214835 and parameters: {'n_components': 6, 'degree': 1, 'alpha': 2.078747315483944, 'max_iter': 85115}. Best is trial 126 with value: 0.8288959214076558.
Trial 168 finished with value: 0.7803237103388582 and parameters: {'n_components': 8, 'degree': 2, 'alpha': 0.0002945052651165724, 'max_iter': 48479}. Best is trial 126 with value: 0.8288959214076558.
Trial 142 finished with value: 0.7495053623763358 and parameters: {'n_components': 6, 'degree': 3, 'alpha': 0.0002070173415828669, 'max_iter': 82043}. Best is trial 126 with value: 0.8288959214076558.
Trial 86 finished with value: 0.665234110067819 and parameters: {'n_components': 7, 'degree': 4, 'alpha': 0.0017763814829154505, 'max_iter': 76625}. Best is trial 126 with value: 0.8288959214076558.
Trial 172 finished with value: 0.6750900600051801 and parameters: {'n_components': 7, 'degree': 4, 'alpha': 0.021429339539323335, 'max_iter': 22912}. Best is trial 126 with value: 0.8288959214076558.
Trial 25 finished with value: -7.23898147040492 and parameters: {'n_components': 10, 'degree': 5, 'alpha': 0.004249955599974452, 'max_iter': 18936}. Best is trial 126 with value: 0.8288959214076558.
Trial 161 finished with value: 0.6984078446717755 and parameters: {'n_components': 6, 'degree': 4, 'alpha': 0.008636720872291328, 'max_iter': 46883}. Best is trial 126 with value: 0.8288959214076558.
Trial 175 finished with value: 0.7814884544926646 and parameters: {'n_components': 8, 'degree': 2, 'alpha': 0.002874528345251149, 'max_iter': 95706}. Best is trial 126 with value: 0.8288959214076558.
Trial 115 finished with value: -7.081750396830752 and parameters: {'n_components': 9, 'degree': 5, 'alpha': 0.011308061331819533, 'max_iter': 24871}. Best is trial 126 with value: 0.8288959214076558.
Trial 167 finished with value: 0.6687697542344202 and parameters: {'n_components': 6, 'degree': 4, 'alpha': 0.0001568812744137128, 'max_iter': 54200}. Best is trial 126 with value: 0.8288959214076558.
Trial 14 finished with value: 0.6198457856566859 and parameters: {'n_components': 7, 'degree': 5, 'alpha': 0.016670178898262514, 'max_iter': 83009}. Best is trial 126 with value: 0.8288959214076558.
Trial 87 finished with value: 0.6134351171945565 and parameters: {'n_components': 6, 'degree': 5, 'alpha': 0.0001315565361769271, 'max_iter': 84630}. Best is trial 126 with value: 0.8288959214076558.
Trial 131 finished with value: 0.39923369275513787 and parameters: {'n_components': 9, 'degree': 4, 'alpha': 0.00579643648625205, 'max_iter': 66167}. Best is trial 126 with value: 0.8288959214076558.
Trial 177 finished with value: 0.757773663275981 and parameters: {'n_components': 9, 'degree': 5, 'alpha': 0.8813810151231195, 'max_iter': 51406}. Best is trial 126 with value: 0.8288959214076558.
Trial 155 finished with value: 0.7847439367672381 and parameters: {'n_components': 9, 'degree': 3, 'alpha': 0.00013775977992407657, 'max_iter': 97274}. Best is trial 126 with value: 0.8288959214076558.
Trial 122 finished with value: -3.44209382576037 and parameters: {'n_components': 10, 'degree': 5, 'alpha': 0.013203730022374406, 'max_iter': 20833}. Best is trial 126 with value: 0.8288959214076558.
Trial 117 finished with value: 0.3886981055686841 and parameters: {'n_components': 11, 'degree': 4, 'alpha': 0.01545834409258489, 'max_iter': 66548}. Best is trial 126 with value: 0.8288959214076558.
Trial 7 finished with value: 0.3164884384791703 and parameters: {'n_components': 11, 'degree': 4, 'alpha': 0.0030814795676744494, 'max_iter': 67652}. Best is trial 126 with value: 0.8288959214076558.
Trial 129 finished with value: 0.605950122608794 and parameters: {'n_components': 11, 'degree': 5, 'alpha': 0.2167978391766945, 'max_iter': 15671}. Best is trial 126 with value: 0.8288959214076558.
Trial 98 finished with value: 0.667022391139853 and parameters: {'n_components': 9, 'degree': 5, 'alpha': 0.2578572803827272, 'max_iter': 43694}. Best is trial 126 with value: 0.8288959214076558.
Trial 156 finished with value: 0.6133617485944365 and parameters: {'n_components': 7, 'degree': 5, 'alpha': 0.006145560014301492, 'max_iter': 72915}. Best is trial 126 with value: 0.8288959214076558.
Trial 176 finished with value: 0.4889488643787745 and parameters: {'n_components': 8, 'degree': 5, 'alpha': 0.08018877188538619, 'max_iter': 43737}. Best is trial 126 with value: 0.8288959214076558.
Trial 158 finished with value: 0.4006590984219076 and parameters: {'n_components': 11, 'degree': 4, 'alpha': 0.01776045776347288, 'max_iter': 96649}. Best is trial 126 with value: 0.8288959214076558.
Trial 140 finished with value: -2.708073973613943 and parameters: {'n_components': 11, 'degree': 5, 'alpha': 0.0010398657049626346, 'max_iter': 21358}. Best is trial 126 with value: 0.8288959214076558.
Trial 70 finished with value: 0.49031562619793306 and parameters: {'n_components': 8, 'degree': 5, 'alpha': 0.0812981938561938, 'max_iter': 93193}. Best is trial 126 with value: 0.8288959214076558.
Trial 66 finished with value: -6.135581305711781 and parameters: {'n_components': 8, 'degree': 5, 'alpha': 0.0027021930240266486, 'max_iter': 95509}. Best is trial 126 with value: 0.8288959214076558.
Trial 0 finished with value: -2.6588420961012353 and parameters: {'n_components': 11, 'degree': 5, 'alpha': 0.0016397232819552658, 'max_iter': 51171}. Best is trial 126 with value: 0.8288959214076558.
