Trial 158 finished with value: 0.6085062350507501 and parameters: {'max_depth': 185}. Best is trial 5 with value: 0.7432540985563834.
Trial 163 finished with value: 0.733499525023562 and parameters: {'max_depth': 4}. Best is trial 5 with value: 0.7432540985563834.
Trial 170 finished with value: 0.6119310002021368 and parameters: {'max_depth': 183}. Best is trial 5 with value: 0.7432540985563834.
Trial 167 finished with value: 0.6122424397117201 and parameters: {'max_depth': 149}. Best is trial 5 with value: 0.7432540985563834.
Trial 175 finished with value: 0.6097612436314722 and parameters: {'max_depth': 139}. Best is trial 5 with value: 0.7432540985563834.
Trial 159 finished with value: 0.6139202454892835 and parameters: {'max_depth': 97}. Best is trial 5 with value: 0.7432540985563834.
Trial 156 finished with value: 0.6164998932564922 and parameters: {'max_depth': 61}. Best is trial 5 with value: 0.7432540985563834.
Trial 173 finished with value: 0.6163228877396943 and parameters: {'max_depth': 40}. Best is trial 5 with value: 0.7432540985563834.
Trial 171 finished with value: 0.6150138840124566 and parameters: {'max_depth': 128}. Best is trial 5 with value: 0.7432540985563834.
Trial 172 finished with value: 0.6128314975683501 and parameters: {'max_depth': 53}. Best is trial 5 with value: 0.7432540985563834.
Trial 174 finished with value: 0.6205107411613026 and parameters: {'max_depth': 38}. Best is trial 5 with value: 0.7432540985563834.
Trial 176 finished with value: 0.6162489277126474 and parameters: {'max_depth': 83}. Best is trial 5 with value: 0.7432540985563834.
Trial 177 finished with value: 0.6145285750195985 and parameters: {'max_depth': 181}. Best is trial 5 with value: 0.7432540985563834.
Trial 181 finished with value: 0.6075962351046035 and parameters: {'max_depth': 179}. Best is trial 5 with value: 0.7432540985563834.
Trial 184 finished with value: 0.6150169745773758 and parameters: {'max_depth': 155}. Best is trial 5 with value: 0.7432540985563834.
Trial 178 finished with value: 0.6160231564858805 and parameters: {'max_depth': 28}. Best is trial 5 with value: 0.7432540985563834.
Trial 180 finished with value: 0.5996779398660197 and parameters: {'max_depth': 30}. Best is trial 5 with value: 0.7432540985563834.
Trial 188 finished with value: 0.6152685121577999 and parameters: {'max_depth': 154}. Best is trial 5 with value: 0.7432540985563834.
Trial 185 finished with value: 0.6135611634068374 and parameters: {'max_depth': 118}. Best is trial 5 with value: 0.7432540985563834.
Trial 186 finished with value: 0.5970010583874253 and parameters: {'max_depth': 174}. Best is trial 5 with value: 0.7432540985563834.
Trial 187 finished with value: 0.612084668798937 and parameters: {'max_depth': 181}. Best is trial 5 with value: 0.7432540985563834.
Trial 189 finished with value: 0.6176508241894314 and parameters: {'max_depth': 180}. Best is trial 5 with value: 0.7432540985563834.
Trial 182 finished with value: 0.6137359393845229 and parameters: {'max_depth': 112}. Best is trial 5 with value: 0.7432540985563834.
Trial 197 finished with value: 0.6092883475140668 and parameters: {'max_depth': 152}. Best is trial 5 with value: 0.7432540985563834.
Trial 192 finished with value: 0.6197219794032749 and parameters: {'max_depth': 114}. Best is trial 5 with value: 0.7432540985563834.
Trial 183 finished with value: 0.610457309904446 and parameters: {'max_depth': 13}. Best is trial 5 with value: 0.7432540985563834.
Trial 191 finished with value: 0.6169755573917727 and parameters: {'max_depth': 148}. Best is trial 5 with value: 0.7432540985563834.
Trial 190 finished with value: 0.6194743180415804 and parameters: {'max_depth': 42}. Best is trial 5 with value: 0.7432540985563834.
Trial 196 finished with value: 0.6171142707338666 and parameters: {'max_depth': 172}. Best is trial 5 with value: 0.7432540985563834.
Trial 179 finished with value: 0.6140585371149694 and parameters: {'max_depth': 179}. Best is trial 5 with value: 0.7432540985563834.
Trial 194 finished with value: 0.610300687265597 and parameters: {'max_depth': 182}. Best is trial 5 with value: 0.7432540985563834.
Trial 193 finished with value: 0.6118411517280004 and parameters: {'max_depth': 137}. Best is trial 5 with value: 0.7432540985563834.
Trial 195 finished with value: 0.6207994644507213 and parameters: {'max_depth': 175}. Best is trial 5 with value: 0.7432540985563834.
Trial 198 finished with value: 0.6152999099192179 and parameters: {'max_depth': 128}. Best is trial 5 with value: 0.7432540985563834.
Trial 199 finished with value: 0.6140005678484588 and parameters: {'max_depth': 69}. Best is trial 5 with value: 0.7432540985563834.
