A new study created in RDB with name: DecisionTreeRegressor_24725
Trial 6 finished with value: 0.6220135757555332 and parameters: {'max_depth': 73}. Best is trial 6 with value: 0.6220135757555332.
Trial 8 finished with value: 0.6130924003536213 and parameters: {'max_depth': 148}. Best is trial 6 with value: 0.6220135757555332.
Trial 2 finished with value: 0.6203661863122937 and parameters: {'max_depth': 92}. Best is trial 6 with value: 0.6220135757555332.
Trial 10 finished with value: 0.6125854345971333 and parameters: {'max_depth': 196}. Best is trial 6 with value: 0.6220135757555332.
Trial 12 finished with value: 0.6123922563394408 and parameters: {'max_depth': 175}. Best is trial 6 with value: 0.6220135757555332.
Trial 15 finished with value: 0.6138609750100881 and parameters: {'max_depth': 40}. Best is trial 6 with value: 0.6220135757555332.
Trial 0 finished with value: 0.61734355533588 and parameters: {'max_depth': 109}. Best is trial 6 with value: 0.6220135757555332.
Trial 14 finished with value: 0.6170193569577812 and parameters: {'max_depth': 153}. Best is trial 7 with value: 0.6473363633354635.
Trial 9 finished with value: 0.6214321531609122 and parameters: {'max_depth': 19}. Best is trial 7 with value: 0.6473363633354635.
Trial 18 finished with value: 0.614366540768345 and parameters: {'max_depth': 109}. Best is trial 7 with value: 0.6473363633354635.
Trial 11 finished with value: 0.6148375554667944 and parameters: {'max_depth': 98}. Best is trial 7 with value: 0.6473363633354635.
Trial 22 finished with value: 0.610772975780658 and parameters: {'max_depth': 143}. Best is trial 7 with value: 0.6473363633354635.
Trial 13 finished with value: 0.6152738786416877 and parameters: {'max_depth': 99}. Best is trial 7 with value: 0.6473363633354635.
Trial 1 finished with value: 0.6143559644239458 and parameters: {'max_depth': 34}. Best is trial 7 with value: 0.6473363633354635.
Trial 21 finished with value: 0.6118898142217608 and parameters: {'max_depth': 62}. Best is trial 7 with value: 0.6473363633354635.
Trial 20 finished with value: 0.6079465184606374 and parameters: {'max_depth': 79}. Best is trial 7 with value: 0.6473363633354635.
Trial 17 finished with value: 0.6140015881536055 and parameters: {'max_depth': 188}. Best is trial 7 with value: 0.6473363633354635.
Trial 4 finished with value: 0.6358437416852911 and parameters: {'max_depth': 10}. Best is trial 7 with value: 0.6473363633354635.
Trial 7 finished with value: 0.6473363633354635 and parameters: {'max_depth': 9}. Best is trial 7 with value: 0.6473363633354635.
Trial 26 finished with value: 0.6158507326351336 and parameters: {'max_depth': 73}. Best is trial 7 with value: 0.6473363633354635.
Trial 16 finished with value: 0.616090468251379 and parameters: {'max_depth': 149}. Best is trial 7 with value: 0.6473363633354635.
Trial 19 finished with value: 0.614866203421607 and parameters: {'max_depth': 37}. Best is trial 7 with value: 0.6473363633354635.
Trial 3 finished with value: 0.6113012103829085 and parameters: {'max_depth': 180}. Best is trial 7 with value: 0.6473363633354635.
Trial 23 finished with value: 0.6129394838626736 and parameters: {'max_depth': 85}. Best is trial 7 with value: 0.6473363633354635.
Trial 5 finished with value: 0.7432540985563834 and parameters: {'max_depth': 7}. Best is trial 5 with value: 0.7432540985563834.
Trial 25 finished with value: 0.6034139863150951 and parameters: {'max_depth': 131}. Best is trial 7 with value: 0.6473363633354635.
Trial 40 finished with value: 0.6021633071636411 and parameters: {'max_depth': 22}. Best is trial 5 with value: 0.7432540985563834.
Trial 28 finished with value: 0.6152878708169869 and parameters: {'max_depth': 122}. Best is trial 5 with value: 0.7432540985563834.
Trial 33 finished with value: 0.6184072092308895 and parameters: {'max_depth': 16}. Best is trial 5 with value: 0.7432540985563834.
Trial 24 finished with value: 0.6115040131245392 and parameters: {'max_depth': 109}. Best is trial 5 with value: 0.7432540985563834.
Trial 36 finished with value: 0.6148304198108644 and parameters: {'max_depth': 84}. Best is trial 5 with value: 0.7432540985563834.
Trial 27 finished with value: 0.6159102891258719 and parameters: {'max_depth': 119}. Best is trial 5 with value: 0.7432540985563834.
Trial 30 finished with value: 0.7121970592599669 and parameters: {'max_depth': 3}. Best is trial 5 with value: 0.7432540985563834.
Trial 32 finished with value: 0.6179286294376121 and parameters: {'max_depth': 81}. Best is trial 5 with value: 0.7432540985563834.
Trial 31 finished with value: 0.6172169381321251 and parameters: {'max_depth': 96}. Best is trial 5 with value: 0.7432540985563834.
Trial 37 finished with value: 0.6117216912062522 and parameters: {'max_depth': 13}. Best is trial 5 with value: 0.7432540985563834.
Trial 29 finished with value: 0.6125936783351211 and parameters: {'max_depth': 33}. Best is trial 5 with value: 0.7432540985563834.
Trial 41 finished with value: 0.6122556559450348 and parameters: {'max_depth': 185}. Best is trial 5 with value: 0.7432540985563834.
Trial 39 finished with value: 0.615870924252253 and parameters: {'max_depth': 22}. Best is trial 5 with value: 0.7432540985563834.
Trial 35 finished with value: 0.6100743414211405 and parameters: {'max_depth': 191}. Best is trial 5 with value: 0.7432540985563834.
Trial 34 finished with value: 0.6018874431156573 and parameters: {'max_depth': 51}. Best is trial 5 with value: 0.7432540985563834.
Trial 38 finished with value: 0.612824480309291 and parameters: {'max_depth': 140}. Best is trial 5 with value: 0.7432540985563834.
Trial 42 finished with value: 0.6117402200104126 and parameters: {'max_depth': 159}. Best is trial 5 with value: 0.7432540985563834.
Trial 44 finished with value: 0.6135082055282807 and parameters: {'max_depth': 167}. Best is trial 5 with value: 0.7432540985563834.
Trial 43 finished with value: 0.6116633949628716 and parameters: {'max_depth': 114}. Best is trial 5 with value: 0.7432540985563834.
Trial 46 finished with value: 0.6175527515622468 and parameters: {'max_depth': 115}. Best is trial 5 with value: 0.7432540985563834.
Trial 45 finished with value: 0.7334995250235621 and parameters: {'max_depth': 4}. Best is trial 5 with value: 0.7432540985563834.
Trial 50 finished with value: 0.6173537978107542 and parameters: {'max_depth': 115}. Best is trial 5 with value: 0.7432540985563834.
Trial 49 finished with value: 0.6140908383484387 and parameters: {'max_depth': 22}. Best is trial 5 with value: 0.7432540985563834.
Trial 51 finished with value: 0.6182322976099649 and parameters: {'max_depth': 122}. Best is trial 5 with value: 0.7432540985563834.
Trial 52 finished with value: 0.6120312121907964 and parameters: {'max_depth': 42}. Best is trial 5 with value: 0.7432540985563834.
Trial 57 finished with value: 0.6220225990272493 and parameters: {'max_depth': 119}. Best is trial 5 with value: 0.7432540985563834.
Trial 47 finished with value: 0.6197566464870524 and parameters: {'max_depth': 58}. Best is trial 5 with value: 0.7432540985563834.
Trial 54 finished with value: 0.6156870450931388 and parameters: {'max_depth': 110}. Best is trial 5 with value: 0.7432540985563834.
Trial 56 finished with value: 0.6094834905125921 and parameters: {'max_depth': 92}. Best is trial 5 with value: 0.7432540985563834.
Trial 59 finished with value: 0.6125424441140402 and parameters: {'max_depth': 17}. Best is trial 5 with value: 0.7432540985563834.
Trial 63 finished with value: 0.7121970592599669 and parameters: {'max_depth': 3}. Best is trial 5 with value: 0.7432540985563834.
Trial 55 finished with value: 0.6132455338553313 and parameters: {'max_depth': 26}. Best is trial 5 with value: 0.7432540985563834.
Trial 48 finished with value: 0.6173173087033594 and parameters: {'max_depth': 112}. Best is trial 5 with value: 0.7432540985563834.
Trial 53 finished with value: 0.6205545888770931 and parameters: {'max_depth': 116}. Best is trial 5 with value: 0.7432540985563834.
Trial 58 finished with value: 0.6129135414003081 and parameters: {'max_depth': 119}. Best is trial 5 with value: 0.7432540985563834.
Trial 62 finished with value: 0.6125629471170104 and parameters: {'max_depth': 128}. Best is trial 5 with value: 0.7432540985563834.
Trial 61 finished with value: 0.6098606842262212 and parameters: {'max_depth': 22}. Best is trial 5 with value: 0.7432540985563834.
Trial 67 finished with value: 0.6123642802542281 and parameters: {'max_depth': 125}. Best is trial 5 with value: 0.7432540985563834.
Trial 70 finished with value: 0.6185271285593978 and parameters: {'max_depth': 22}. Best is trial 5 with value: 0.7432540985563834.
Trial 66 finished with value: 0.61443578122157 and parameters: {'max_depth': 49}. Best is trial 5 with value: 0.7432540985563834.
Trial 65 finished with value: 0.6140986502831999 and parameters: {'max_depth': 125}. Best is trial 5 with value: 0.7432540985563834.
Trial 73 finished with value: 0.6147786186997696 and parameters: {'max_depth': 134}. Best is trial 5 with value: 0.7432540985563834.
Trial 78 finished with value: 0.6134968871525566 and parameters: {'max_depth': 24}. Best is trial 5 with value: 0.7432540985563834.
Trial 60 finished with value: 0.6064503768032512 and parameters: {'max_depth': 144}. Best is trial 5 with value: 0.7432540985563834.
Trial 69 finished with value: 0.6003352288257726 and parameters: {'max_depth': 44}. Best is trial 5 with value: 0.7432540985563834.
Trial 68 finished with value: 0.6124626507799573 and parameters: {'max_depth': 64}. Best is trial 5 with value: 0.7432540985563834.
Trial 64 finished with value: 0.6137470736881826 and parameters: {'max_depth': 181}. Best is trial 5 with value: 0.7432540985563834.
Trial 71 finished with value: 0.6001783681623245 and parameters: {'max_depth': 181}. Best is trial 5 with value: 0.7432540985563834.
Trial 72 finished with value: 0.6094787071292603 and parameters: {'max_depth': 16}. Best is trial 5 with value: 0.7432540985563834.
Trial 85 finished with value: 0.6125996592161054 and parameters: {'max_depth': 124}. Best is trial 5 with value: 0.7432540985563834.
Trial 84 finished with value: 0.614770673049732 and parameters: {'max_depth': 54}. Best is trial 5 with value: 0.7432540985563834.
Trial 80 finished with value: 0.6113305732654953 and parameters: {'max_depth': 186}. Best is trial 5 with value: 0.7432540985563834.
Trial 82 finished with value: 0.6105458378389033 and parameters: {'max_depth': 114}. Best is trial 5 with value: 0.7432540985563834.
Trial 75 finished with value: 0.6085330488863374 and parameters: {'max_depth': 76}. Best is trial 5 with value: 0.7432540985563834.
Trial 83 finished with value: 0.6101528665227012 and parameters: {'max_depth': 66}. Best is trial 5 with value: 0.7432540985563834.
Trial 79 finished with value: 0.6142931760411546 and parameters: {'max_depth': 21}. Best is trial 5 with value: 0.7432540985563834.
Trial 87 finished with value: 0.6137971304826615 and parameters: {'max_depth': 18}. Best is trial 5 with value: 0.7432540985563834.
Trial 86 finished with value: 0.6081043072030213 and parameters: {'max_depth': 65}. Best is trial 5 with value: 0.7432540985563834.
Trial 89 finished with value: 0.6205135933106285 and parameters: {'max_depth': 147}. Best is trial 5 with value: 0.7432540985563834.
Trial 76 finished with value: 0.6221819669972589 and parameters: {'max_depth': 101}. Best is trial 5 with value: 0.7432540985563834.
Trial 77 finished with value: 0.6139372834943408 and parameters: {'max_depth': 69}. Best is trial 5 with value: 0.7432540985563834.
Trial 91 finished with value: 0.6181035904557513 and parameters: {'max_depth': 67}. Best is trial 5 with value: 0.7432540985563834.
Trial 97 finished with value: 0.6150590979042608 and parameters: {'max_depth': 196}. Best is trial 5 with value: 0.7432540985563834.
Trial 88 finished with value: 0.5978937924938706 and parameters: {'max_depth': 37}. Best is trial 5 with value: 0.7432540985563834.
Trial 81 finished with value: 0.6122554666696838 and parameters: {'max_depth': 23}. Best is trial 5 with value: 0.7432540985563834.
Trial 94 finished with value: 0.6114676977412701 and parameters: {'max_depth': 50}. Best is trial 5 with value: 0.7432540985563834.
Trial 93 finished with value: 0.6163489168763588 and parameters: {'max_depth': 111}. Best is trial 5 with value: 0.7432540985563834.
Trial 74 finished with value: 0.6142740121260657 and parameters: {'max_depth': 11}. Best is trial 5 with value: 0.7432540985563834.
Trial 92 finished with value: 0.6109262113384977 and parameters: {'max_depth': 95}. Best is trial 5 with value: 0.7432540985563834.
Trial 95 finished with value: 0.6165142450673086 and parameters: {'max_depth': 36}. Best is trial 5 with value: 0.7432540985563834.
Trial 101 finished with value: 0.6079302137794732 and parameters: {'max_depth': 145}. Best is trial 5 with value: 0.7432540985563834.
Trial 90 finished with value: 0.6080488185555442 and parameters: {'max_depth': 47}. Best is trial 5 with value: 0.7432540985563834.
Trial 100 finished with value: 0.6190103376400892 and parameters: {'max_depth': 167}. Best is trial 5 with value: 0.7432540985563834.
Trial 98 finished with value: 0.6199960870875778 and parameters: {'max_depth': 89}. Best is trial 5 with value: 0.7432540985563834.
Trial 99 finished with value: 0.605544711979112 and parameters: {'max_depth': 181}. Best is trial 5 with value: 0.7432540985563834.
Trial 103 finished with value: 0.6158510676742333 and parameters: {'max_depth': 110}. Best is trial 5 with value: 0.7432540985563834.
Trial 110 finished with value: 0.6134909499529592 and parameters: {'max_depth': 158}. Best is trial 5 with value: 0.7432540985563834.
Trial 107 finished with value: 0.6122013561676537 and parameters: {'max_depth': 140}. Best is trial 5 with value: 0.7432540985563834.
Trial 96 finished with value: 0.6164275091131781 and parameters: {'max_depth': 29}. Best is trial 5 with value: 0.7432540985563834.
Trial 114 finished with value: 0.614319447326323 and parameters: {'max_depth': 130}. Best is trial 5 with value: 0.7432540985563834.
Trial 106 finished with value: 0.6167461121835858 and parameters: {'max_depth': 190}. Best is trial 5 with value: 0.7432540985563834.
Trial 112 finished with value: 0.6186156717321282 and parameters: {'max_depth': 86}. Best is trial 5 with value: 0.7432540985563834.
Trial 102 finished with value: 0.6135058103523081 and parameters: {'max_depth': 49}. Best is trial 5 with value: 0.7432540985563834.
Trial 104 finished with value: 0.6184450547181504 and parameters: {'max_depth': 126}. Best is trial 5 with value: 0.7432540985563834.
Trial 108 finished with value: 0.6073440190473547 and parameters: {'max_depth': 21}. Best is trial 5 with value: 0.7432540985563834.
Trial 118 finished with value: 0.6008277496504311 and parameters: {'max_depth': 23}. Best is trial 5 with value: 0.7432540985563834.
Trial 120 finished with value: 0.6210448936861788 and parameters: {'max_depth': 65}. Best is trial 5 with value: 0.7432540985563834.
Trial 116 finished with value: 0.6106977496809856 and parameters: {'max_depth': 103}. Best is trial 5 with value: 0.7432540985563834.
Trial 113 finished with value: 0.6106806014227368 and parameters: {'max_depth': 156}. Best is trial 5 with value: 0.7432540985563834.
Trial 117 finished with value: 0.6110017951629454 and parameters: {'max_depth': 79}. Best is trial 5 with value: 0.7432540985563834.
Trial 111 finished with value: 0.6134434103781925 and parameters: {'max_depth': 162}. Best is trial 5 with value: 0.7432540985563834.
Trial 105 finished with value: 0.6133174073054066 and parameters: {'max_depth': 178}. Best is trial 5 with value: 0.7432540985563834.
Trial 122 finished with value: 0.619576819648148 and parameters: {'max_depth': 88}. Best is trial 5 with value: 0.7432540985563834.
Trial 115 finished with value: 0.6154919393370165 and parameters: {'max_depth': 67}. Best is trial 5 with value: 0.7432540985563834.
Trial 109 finished with value: 0.6197657205372317 and parameters: {'max_depth': 127}. Best is trial 5 with value: 0.7432540985563834.
Trial 123 finished with value: 0.6087658432434421 and parameters: {'max_depth': 85}. Best is trial 5 with value: 0.7432540985563834.
Trial 126 finished with value: 0.6235802339387764 and parameters: {'max_depth': 67}. Best is trial 5 with value: 0.7432540985563834.
Trial 121 finished with value: 0.6083673275225095 and parameters: {'max_depth': 172}. Best is trial 5 with value: 0.7432540985563834.
Trial 119 finished with value: 0.621312425343385 and parameters: {'max_depth': 88}. Best is trial 5 with value: 0.7432540985563834.
Trial 129 finished with value: 0.6165634823906607 and parameters: {'max_depth': 131}. Best is trial 5 with value: 0.7432540985563834.
Trial 125 finished with value: 0.6184708365300468 and parameters: {'max_depth': 190}. Best is trial 5 with value: 0.7432540985563834.
Trial 133 finished with value: 0.6119191188591214 and parameters: {'max_depth': 15}. Best is trial 5 with value: 0.7432540985563834.
Trial 124 finished with value: 0.6190823075731041 and parameters: {'max_depth': 29}. Best is trial 5 with value: 0.7432540985563834.
Trial 135 finished with value: 0.6221804073421983 and parameters: {'max_depth': 117}. Best is trial 5 with value: 0.7432540985563834.
Trial 138 finished with value: 0.6158058233248596 and parameters: {'max_depth': 113}. Best is trial 5 with value: 0.7432540985563834.
Trial 130 finished with value: 0.6104043402532636 and parameters: {'max_depth': 116}. Best is trial 5 with value: 0.7432540985563834.
Trial 136 finished with value: 0.6197293282418406 and parameters: {'max_depth': 130}. Best is trial 5 with value: 0.7432540985563834.
Trial 132 finished with value: 0.6129340105927337 and parameters: {'max_depth': 51}. Best is trial 5 with value: 0.7432540985563834.
Trial 128 finished with value: 0.6169880573035988 and parameters: {'max_depth': 147}. Best is trial 5 with value: 0.7432540985563834.
Trial 134 finished with value: 0.6157942023811768 and parameters: {'max_depth': 122}. Best is trial 5 with value: 0.7432540985563834.
Trial 144 finished with value: 0.613302177893852 and parameters: {'max_depth': 139}. Best is trial 5 with value: 0.7432540985563834.
Trial 137 finished with value: 0.6127444544483558 and parameters: {'max_depth': 167}. Best is trial 5 with value: 0.7432540985563834.
Trial 131 finished with value: 0.6156028291585842 and parameters: {'max_depth': 59}. Best is trial 5 with value: 0.7432540985563834.
Trial 127 finished with value: 0.6140902679168087 and parameters: {'max_depth': 102}. Best is trial 5 with value: 0.7432540985563834.
Trial 141 finished with value: 0.6099858857754773 and parameters: {'max_depth': 35}. Best is trial 5 with value: 0.7432540985563834.
Trial 142 finished with value: 0.6121718030891323 and parameters: {'max_depth': 22}. Best is trial 5 with value: 0.7432540985563834.
Trial 143 finished with value: 0.620329589750696 and parameters: {'max_depth': 76}. Best is trial 5 with value: 0.7432540985563834.
Trial 139 finished with value: 0.6164619626458825 and parameters: {'max_depth': 68}. Best is trial 5 with value: 0.7432540985563834.
Trial 140 finished with value: 0.733499525023562 and parameters: {'max_depth': 4}. Best is trial 5 with value: 0.7432540985563834.
Trial 149 finished with value: 0.6140836545298158 and parameters: {'max_depth': 70}. Best is trial 5 with value: 0.7432540985563834.
Trial 147 finished with value: 0.6182708017743617 and parameters: {'max_depth': 137}. Best is trial 5 with value: 0.7432540985563834.
Trial 148 finished with value: 0.6098610034044935 and parameters: {'max_depth': 194}. Best is trial 5 with value: 0.7432540985563834.
Trial 146 finished with value: 0.6118402047172564 and parameters: {'max_depth': 152}. Best is trial 5 with value: 0.7432540985563834.
Trial 150 finished with value: 0.6470241894355167 and parameters: {'max_depth': 9}. Best is trial 5 with value: 0.7432540985563834.
Trial 155 finished with value: 0.611227788306645 and parameters: {'max_depth': 171}. Best is trial 5 with value: 0.7432540985563834.
Trial 145 finished with value: 0.733499525023562 and parameters: {'max_depth': 4}. Best is trial 5 with value: 0.7432540985563834.
Trial 153 finished with value: 0.6323266676243092 and parameters: {'max_depth': 10}. Best is trial 5 with value: 0.7432540985563834.
Trial 152 finished with value: 0.6139448683854457 and parameters: {'max_depth': 91}. Best is trial 5 with value: 0.7432540985563834.
Trial 151 finished with value: 0.6116581915567512 and parameters: {'max_depth': 143}. Best is trial 5 with value: 0.7432540985563834.
Trial 162 finished with value: 0.6127647913569245 and parameters: {'max_depth': 54}. Best is trial 5 with value: 0.7432540985563834.
Trial 164 finished with value: 0.6109948167926109 and parameters: {'max_depth': 105}. Best is trial 5 with value: 0.7432540985563834.
Trial 161 finished with value: 0.6180707923766783 and parameters: {'max_depth': 117}. Best is trial 5 with value: 0.7432540985563834.
Trial 157 finished with value: 0.6247757812925653 and parameters: {'max_depth': 119}. Best is trial 5 with value: 0.7432540985563834.
Trial 160 finished with value: 0.6209543383536154 and parameters: {'max_depth': 41}. Best is trial 5 with value: 0.7432540985563834.
Trial 165 finished with value: 0.609704038233845 and parameters: {'max_depth': 18}. Best is trial 5 with value: 0.7432540985563834.
Trial 166 finished with value: 0.6186764377076337 and parameters: {'max_depth': 94}. Best is trial 5 with value: 0.7432540985563834.
Trial 169 finished with value: 0.614293557272792 and parameters: {'max_depth': 39}. Best is trial 5 with value: 0.7432540985563834.
Trial 168 finished with value: 0.6139313348572661 and parameters: {'max_depth': 15}. Best is trial 5 with value: 0.7432540985563834.
Trial 154 finished with value: 0.7412615572141166 and parameters: {'max_depth': 6}. Best is trial 5 with value: 0.7432540985563834.
