Trial 797 finished with value: 0.7905856041337589 and parameters: {'n_estimators': 418}. Best is trial 680 with value: 0.7921145157575575.
Trial 790 finished with value: 0.7905000796910182 and parameters: {'n_estimators': 577}. Best is trial 680 with value: 0.7921145157575575.
Trial 805 finished with value: 0.7908266624302368 and parameters: {'n_estimators': 213}. Best is trial 680 with value: 0.7921145157575575.
Trial 780 finished with value: 0.7910219809053216 and parameters: {'n_estimators': 726}. Best is trial 680 with value: 0.7921145157575575.
Trial 784 finished with value: 0.791011893836951 and parameters: {'n_estimators': 728}. Best is trial 680 with value: 0.7921145157575575.
Trial 803 finished with value: 0.7905597552033579 and parameters: {'n_estimators': 428}. Best is trial 680 with value: 0.7921145157575575.
Trial 804 finished with value: 0.7903498784014549 and parameters: {'n_estimators': 411}. Best is trial 680 with value: 0.7921145157575575.
Trial 789 finished with value: 0.7910524309004103 and parameters: {'n_estimators': 736}. Best is trial 680 with value: 0.7921145157575575.
Trial 811 finished with value: 0.790882704876757 and parameters: {'n_estimators': 346}. Best is trial 680 with value: 0.7921145157575575.
Trial 818 finished with value: 0.7909004257923168 and parameters: {'n_estimators': 284}. Best is trial 680 with value: 0.7921145157575575.
Trial 794 finished with value: 0.7912917636023431 and parameters: {'n_estimators': 800}. Best is trial 680 with value: 0.7921145157575575.
Trial 814 finished with value: 0.7903196997548221 and parameters: {'n_estimators': 403}. Best is trial 680 with value: 0.7921145157575575.
Trial 816 finished with value: 0.7904784249174746 and parameters: {'n_estimators': 373}. Best is trial 680 with value: 0.7921145157575575.
Trial 807 finished with value: 0.7904782364288085 and parameters: {'n_estimators': 560}. Best is trial 680 with value: 0.7921145157575575.
Trial 793 finished with value: 0.7914515782976715 and parameters: {'n_estimators': 915}. Best is trial 680 with value: 0.7921145157575575.
Trial 801 finished with value: 0.7913504929777667 and parameters: {'n_estimators': 827}. Best is trial 680 with value: 0.7921145157575575.
Trial 827 finished with value: 0.7910960499712338 and parameters: {'n_estimators': 143}. Best is trial 680 with value: 0.7921145157575575.
Trial 806 finished with value: 0.7908951222197403 and parameters: {'n_estimators': 693}. Best is trial 680 with value: 0.7921145157575575.
Trial 795 finished with value: 0.7914522943246485 and parameters: {'n_estimators': 977}. Best is trial 680 with value: 0.7921145157575575.
Trial 824 finished with value: 0.790956589438857 and parameters: {'n_estimators': 366}. Best is trial 680 with value: 0.7921145157575575.
Trial 820 finished with value: 0.7907077692373232 and parameters: {'n_estimators': 512}. Best is trial 680 with value: 0.7921145157575575.
Trial 800 finished with value: 0.7914761307759884 and parameters: {'n_estimators': 898}. Best is trial 680 with value: 0.7921145157575575.
Trial 798 finished with value: 0.791442325658758 and parameters: {'n_estimators': 969}. Best is trial 680 with value: 0.7921145157575575.
Trial 825 finished with value: 0.7905804086827721 and parameters: {'n_estimators': 341}. Best is trial 680 with value: 0.7921145157575575.
Trial 828 finished with value: 0.7908266624302368 and parameters: {'n_estimators': 213}. Best is trial 680 with value: 0.7921145157575575.
Trial 815 finished with value: 0.7908341659920761 and parameters: {'n_estimators': 618}. Best is trial 680 with value: 0.7921145157575575.
Trial 813 finished with value: 0.7909831157789144 and parameters: {'n_estimators': 712}. Best is trial 680 with value: 0.7921145157575575.
Trial 810 finished with value: 0.7913228314886303 and parameters: {'n_estimators': 795}. Best is trial 680 with value: 0.7921145157575575.
Trial 823 finished with value: 0.7906613313342208 and parameters: {'n_estimators': 596}. Best is trial 680 with value: 0.7921145157575575.
Trial 843 finished with value: 0.7897869310594879 and parameters: {'n_estimators': 120}. Best is trial 680 with value: 0.7921145157575575.
Trial 808 finished with value: 0.7914033857719739 and parameters: {'n_estimators': 962}. Best is trial 680 with value: 0.7921145157575575.
Trial 834 finished with value: 0.7906610989411437 and parameters: {'n_estimators': 304}. Best is trial 680 with value: 0.7921145157575575.
Trial 812 finished with value: 0.7914118759051331 and parameters: {'n_estimators': 913}. Best is trial 680 with value: 0.7921145157575575.
Trial 817 finished with value: 0.7913255996743255 and parameters: {'n_estimators': 859}. Best is trial 680 with value: 0.7921145157575575.
Trial 842 finished with value: 0.7909004257923168 and parameters: {'n_estimators': 284}. Best is trial 680 with value: 0.7921145157575575.
Trial 822 finished with value: 0.7912029651723806 and parameters: {'n_estimators': 762}. Best is trial 680 with value: 0.7921145157575575.
Trial 821 finished with value: 0.7914611277683908 and parameters: {'n_estimators': 908}. Best is trial 680 with value: 0.7921145157575575.
Trial 819 finished with value: 0.7914520660612883 and parameters: {'n_estimators': 946}. Best is trial 680 with value: 0.7921145157575575.
Trial 835 finished with value: 0.790420196522773 and parameters: {'n_estimators': 444}. Best is trial 680 with value: 0.7921145157575575.
Trial 826 finished with value: 0.7907897130709262 and parameters: {'n_estimators': 681}. Best is trial 680 with value: 0.7921145157575575.
Trial 838 finished with value: 0.7901945142239641 and parameters: {'n_estimators': 497}. Best is trial 680 with value: 0.7921145157575575.
Trial 848 finished with value: 0.7910744255758165 and parameters: {'n_estimators': 272}. Best is trial 680 with value: 0.7921145157575575.
Trial 829 finished with value: 0.7909966517680043 and parameters: {'n_estimators': 703}. Best is trial 680 with value: 0.7921145157575575.
Trial 831 finished with value: 0.7909893402790207 and parameters: {'n_estimators': 709}. Best is trial 680 with value: 0.7921145157575575.
Trial 845 finished with value: 0.7902800717158515 and parameters: {'n_estimators': 401}. Best is trial 680 with value: 0.7921145157575575.
Trial 830 finished with value: 0.7913613462941971 and parameters: {'n_estimators': 787}. Best is trial 680 with value: 0.7921145157575575.
Trial 833 finished with value: 0.7909716789129634 and parameters: {'n_estimators': 743}. Best is trial 680 with value: 0.7921145157575575.
Trial 832 finished with value: 0.7910439807256484 and parameters: {'n_estimators': 758}. Best is trial 680 with value: 0.7921145157575575.
Trial 840 finished with value: 0.7908978201959764 and parameters: {'n_estimators': 668}. Best is trial 680 with value: 0.7921145157575575.
Trial 839 finished with value: 0.7908951222197403 and parameters: {'n_estimators': 693}. Best is trial 680 with value: 0.7921145157575575.
Trial 836 finished with value: 0.7910665687997896 and parameters: {'n_estimators': 739}. Best is trial 680 with value: 0.7921145157575575.
Trial 846 finished with value: 0.7904613707630984 and parameters: {'n_estimators': 529}. Best is trial 680 with value: 0.7921145157575575.
Trial 841 finished with value: 0.7909970061453372 and parameters: {'n_estimators': 725}. Best is trial 680 with value: 0.7921145157575575.
Trial 854 finished with value: 0.7907827910823897 and parameters: {'n_estimators': 352}. Best is trial 680 with value: 0.7921145157575575.
Trial 837 finished with value: 0.7913228314886303 and parameters: {'n_estimators': 795}. Best is trial 680 with value: 0.7921145157575575.
Trial 859 finished with value: 0.7907636343548317 and parameters: {'n_estimators': 239}. Best is trial 680 with value: 0.7921145157575575.
Trial 871 finished with value: 0.7833804588554819 and parameters: {'n_estimators': 36}. Best is trial 680 with value: 0.7921145157575575.
Trial 865 finished with value: 0.78986053014994 and parameters: {'n_estimators': 123}. Best is trial 680 with value: 0.7921145157575575.
Trial 856 finished with value: 0.7905743407296185 and parameters: {'n_estimators': 417}. Best is trial 680 with value: 0.7921145157575575.
Trial 853 finished with value: 0.790339684388532 and parameters: {'n_estimators': 446}. Best is trial 680 with value: 0.7921145157575575.
Trial 869 finished with value: 0.7884378254518362 and parameters: {'n_estimators': 94}. Best is trial 680 with value: 0.7921145157575575.
Trial 860 finished with value: 0.7905703679486329 and parameters: {'n_estimators': 303}. Best is trial 680 with value: 0.7921145157575575.
Trial 855 finished with value: 0.7902253847797619 and parameters: {'n_estimators': 481}. Best is trial 680 with value: 0.7921145157575575.
Trial 870 finished with value: 0.7909607197327507 and parameters: {'n_estimators': 145}. Best is trial 680 with value: 0.7921145157575575.
Trial 844 finished with value: 0.7913054748937729 and parameters: {'n_estimators': 811}. Best is trial 680 with value: 0.7921145157575575.
Trial 873 finished with value: 0.78986053014994 and parameters: {'n_estimators': 123}. Best is trial 680 with value: 0.7921145157575575.
Trial 863 finished with value: 0.7908947903118858 and parameters: {'n_estimators': 280}. Best is trial 680 with value: 0.7921145157575575.
Trial 847 finished with value: 0.7909716789129634 and parameters: {'n_estimators': 743}. Best is trial 680 with value: 0.7921145157575575.
Trial 878 finished with value: 0.7910857837556804 and parameters: {'n_estimators': 205}. Best is trial 680 with value: 0.7921145157575575.
Trial 862 finished with value: 0.7901945142239641 and parameters: {'n_estimators': 497}. Best is trial 680 with value: 0.7921145157575575.
Trial 880 finished with value: 0.7907398990940507 and parameters: {'n_estimators': 199}. Best is trial 680 with value: 0.7921145157575575.
Trial 882 finished with value: 0.7921145157575575 and parameters: {'n_estimators': 176}. Best is trial 680 with value: 0.7921145157575575.
Trial 861 finished with value: 0.7905225103259463 and parameters: {'n_estimators': 585}. Best is trial 680 with value: 0.7921145157575575.
Trial 866 finished with value: 0.7903246818372632 and parameters: {'n_estimators': 471}. Best is trial 680 with value: 0.7921145157575575.
Trial 851 finished with value: 0.7913179016906159 and parameters: {'n_estimators': 860}. Best is trial 680 with value: 0.7921145157575575.
Trial 886 finished with value: 0.78892075914253 and parameters: {'n_estimators': 111}. Best is trial 680 with value: 0.7921145157575575.
Trial 864 finished with value: 0.7905805236016924 and parameters: {'n_estimators': 541}. Best is trial 680 with value: 0.7921145157575575.
Trial 850 finished with value: 0.7913703461211091 and parameters: {'n_estimators': 935}. Best is trial 680 with value: 0.7921145157575575.
Trial 849 finished with value: 0.7915324978189825 and parameters: {'n_estimators': 997}. Best is trial 680 with value: 0.7921145157575575.
Trial 858 finished with value: 0.7909716789129634 and parameters: {'n_estimators': 743}. Best is trial 680 with value: 0.7921145157575575.
Trial 852 finished with value: 0.7913560384627779 and parameters: {'n_estimators': 958}. Best is trial 680 with value: 0.7921145157575575.
Trial 884 finished with value: 0.790459252079176 and parameters: {'n_estimators': 323}. Best is trial 680 with value: 0.7921145157575575.
Trial 857 finished with value: 0.7913334128806949 and parameters: {'n_estimators': 845}. Best is trial 680 with value: 0.7921145157575575.
Trial 868 finished with value: 0.7911279814447304 and parameters: {'n_estimators': 641}. Best is trial 680 with value: 0.7921145157575575.
Trial 867 finished with value: 0.7908980733251825 and parameters: {'n_estimators': 666}. Best is trial 680 with value: 0.7921145157575575.
Trial 897 finished with value: 0.7888096021910938 and parameters: {'n_estimators': 95}. Best is trial 680 with value: 0.7921145157575575.
Trial 889 finished with value: 0.7906264071016625 and parameters: {'n_estimators': 224}. Best is trial 680 with value: 0.7921145157575575.
Trial 900 finished with value: 0.7860745348950685 and parameters: {'n_estimators': 45}. Best is trial 680 with value: 0.7921145157575575.
Trial 875 finished with value: 0.790635814178548 and parameters: {'n_estimators': 590}. Best is trial 680 with value: 0.7921145157575575.
Trial 896 finished with value: 0.7913768354478427 and parameters: {'n_estimators': 164}. Best is trial 680 with value: 0.7921145157575575.
Trial 904 finished with value: 0.7818469033924064 and parameters: {'n_estimators': 25}. Best is trial 680 with value: 0.7921145157575575.
Trial 891 finished with value: 0.7907885995359466 and parameters: {'n_estimators': 309}. Best is trial 680 with value: 0.7921145157575575.
Trial 894 finished with value: 0.7910256560327769 and parameters: {'n_estimators': 258}. Best is trial 680 with value: 0.7921145157575575.
Trial 881 finished with value: 0.7905507988245158 and parameters: {'n_estimators': 598}. Best is trial 680 with value: 0.7921145157575575.
Trial 879 finished with value: 0.7908834574700567 and parameters: {'n_estimators': 661}. Best is trial 680 with value: 0.7921145157575575.
Trial 906 finished with value: 0.7910073892024256 and parameters: {'n_estimators': 142}. Best is trial 680 with value: 0.7921145157575575.
Trial 872 finished with value: 0.7914509962432448 and parameters: {'n_estimators': 819}. Best is trial 680 with value: 0.7921145157575575.
Trial 883 finished with value: 0.7909298947065279 and parameters: {'n_estimators': 660}. Best is trial 680 with value: 0.7921145157575575.
Trial 913 finished with value: 0.7852013752924252 and parameters: {'n_estimators': 48}. Best is trial 680 with value: 0.7921145157575575.
Trial 874 finished with value: 0.7913305907353274 and parameters: {'n_estimators': 838}. Best is trial 680 with value: 0.7921145157575575.
Trial 890 finished with value: 0.7904393383327665 and parameters: {'n_estimators': 530}. Best is trial 680 with value: 0.7921145157575575.
Trial 887 finished with value: 0.7910855446827618 and parameters: {'n_estimators': 640}. Best is trial 680 with value: 0.7921145157575575.
Trial 914 finished with value: 0.791269137751624 and parameters: {'n_estimators': 183}. Best is trial 680 with value: 0.7921145157575575.
Trial 877 finished with value: 0.7914033857719739 and parameters: {'n_estimators': 962}. Best is trial 680 with value: 0.7921145157575575.
Trial 876 finished with value: 0.7915438182442592 and parameters: {'n_estimators': 986}. Best is trial 680 with value: 0.7921145157575575.
Trial 885 finished with value: 0.7913592809901367 and parameters: {'n_estimators': 776}. Best is trial 680 with value: 0.7921145157575575.
Trial 911 finished with value: 0.7905425949852688 and parameters: {'n_estimators': 317}. Best is trial 680 with value: 0.7921145157575575.
Trial 912 finished with value: 0.790659235946771 and parameters: {'n_estimators': 311}. Best is trial 680 with value: 0.7921145157575575.
Trial 919 finished with value: 0.7880259103340552 and parameters: {'n_estimators': 91}. Best is trial 680 with value: 0.7921145157575575.
Trial 888 finished with value: 0.7912663221418669 and parameters: {'n_estimators': 861}. Best is trial 680 with value: 0.7921145157575575.
Trial 895 finished with value: 0.790949217617565 and parameters: {'n_estimators': 746}. Best is trial 680 with value: 0.7921145157575575.
Trial 916 finished with value: 0.7908442264267931 and parameters: {'n_estimators': 351}. Best is trial 680 with value: 0.7921145157575575.
Trial 893 finished with value: 0.791306283803057 and parameters: {'n_estimators': 788}. Best is trial 680 with value: 0.7921145157575575.
Trial 899 finished with value: 0.7908725926802799 and parameters: {'n_estimators': 692}. Best is trial 680 with value: 0.7921145157575575.
Trial 926 finished with value: 0.7834282992707152 and parameters: {'n_estimators': 35}. Best is trial 680 with value: 0.7921145157575575.
Trial 927 finished with value: 0.7850083023875138 and parameters: {'n_estimators': 38}. Best is trial 680 with value: 0.7921145157575575.
Trial 901 finished with value: 0.7908951222197403 and parameters: {'n_estimators': 693}. Best is trial 680 with value: 0.7921145157575575.
Trial 921 finished with value: 0.7909599461193572 and parameters: {'n_estimators': 238}. Best is trial 680 with value: 0.7921145157575575.
Trial 905 finished with value: 0.7910376817121576 and parameters: {'n_estimators': 651}. Best is trial 680 with value: 0.7921145157575575.
Trial 929 finished with value: 0.7885456640015842 and parameters: {'n_estimators': 105}. Best is trial 680 with value: 0.7921145157575575.
Trial 920 finished with value: 0.7903044726503743 and parameters: {'n_estimators': 329}. Best is trial 680 with value: 0.7921145157575575.
Trial 909 finished with value: 0.7910223129531101 and parameters: {'n_estimators': 645}. Best is trial 680 with value: 0.7921145157575575.
Trial 898 finished with value: 0.791481441828722 and parameters: {'n_estimators': 877}. Best is trial 680 with value: 0.7921145157575575.
Trial 908 finished with value: 0.790993277082175 and parameters: {'n_estimators': 700}. Best is trial 680 with value: 0.7921145157575575.
Trial 931 finished with value: 0.7912100234739601 and parameters: {'n_estimators': 162}. Best is trial 680 with value: 0.7921145157575575.
Trial 892 finished with value: 0.7916454188331714 and parameters: {'n_estimators': 990}. Best is trial 680 with value: 0.7921145157575575.
Trial 942 finished with value: 0.7869119481589365 and parameters: {'n_estimators': 42}. Best is trial 680 with value: 0.7921145157575575.
Trial 915 finished with value: 0.7907663442231423 and parameters: {'n_estimators': 610}. Best is trial 680 with value: 0.7921145157575575.
Trial 907 finished with value: 0.7913900757376551 and parameters: {'n_estimators': 829}. Best is trial 680 with value: 0.7921145157575575.
Trial 923 finished with value: 0.7903196997548221 and parameters: {'n_estimators': 403}. Best is trial 680 with value: 0.7921145157575575.
Trial 903 finished with value: 0.7915728259813843 and parameters: {'n_estimators': 891}. Best is trial 680 with value: 0.7921145157575575.
Trial 945 finished with value: 0.7731508957082706 and parameters: {'n_estimators': 14}. Best is trial 680 with value: 0.7921145157575575.
Trial 902 finished with value: 0.7913887609523343 and parameters: {'n_estimators': 921}. Best is trial 680 with value: 0.7921145157575575.
Trial 934 finished with value: 0.7909320683481336 and parameters: {'n_estimators': 242}. Best is trial 680 with value: 0.7921145157575575.
Trial 947 finished with value: 0.7871130080873989 and parameters: {'n_estimators': 71}. Best is trial 680 with value: 0.7921145157575575.
Trial 922 finished with value: 0.7904959718725367 and parameters: {'n_estimators': 528}. Best is trial 680 with value: 0.7921145157575575.
Trial 948 finished with value: 0.7904186523020735 and parameters: {'n_estimators': 128}. Best is trial 680 with value: 0.7921145157575575.
Trial 925 finished with value: 0.7904379461482243 and parameters: {'n_estimators': 545}. Best is trial 680 with value: 0.7921145157575575.
Trial 938 finished with value: 0.7907173183272641 and parameters: {'n_estimators': 315}. Best is trial 680 with value: 0.7921145157575575.
Trial 949 finished with value: 0.7913257937527451 and parameters: {'n_estimators': 189}. Best is trial 680 with value: 0.7921145157575575.
Trial 910 finished with value: 0.7915513391438183 and parameters: {'n_estimators': 998}. Best is trial 680 with value: 0.7921145157575575.
Trial 932 finished with value: 0.7901568954634771 and parameters: {'n_estimators': 487}. Best is trial 680 with value: 0.7921145157575575.
Trial 917 finished with value: 0.7914748733471652 and parameters: {'n_estimators': 874}. Best is trial 680 with value: 0.7921145157575575.
Trial 954 finished with value: 0.7908483219069335 and parameters: {'n_estimators': 157}. Best is trial 680 with value: 0.7921145157575575.
Trial 918 finished with value: 0.7914083739928883 and parameters: {'n_estimators': 870}. Best is trial 680 with value: 0.7921145157575575.
Trial 953 finished with value: 0.7913960640000054 and parameters: {'n_estimators': 187}. Best is trial 680 with value: 0.7921145157575575.
Trial 936 finished with value: 0.7907077692373232 and parameters: {'n_estimators': 512}. Best is trial 680 with value: 0.7921145157575575.
Trial 928 finished with value: 0.7911016227021307 and parameters: {'n_estimators': 642}. Best is trial 680 with value: 0.7921145157575575.
Trial 940 finished with value: 0.790329656050283 and parameters: {'n_estimators': 474}. Best is trial 680 with value: 0.7921145157575575.
Trial 944 finished with value: 0.7904388369227218 and parameters: {'n_estimators': 421}. Best is trial 680 with value: 0.7921145157575575.
Trial 924 finished with value: 0.7913054748937729 and parameters: {'n_estimators': 811}. Best is trial 680 with value: 0.7921145157575575.
Trial 933 finished with value: 0.7909844872822129 and parameters: {'n_estimators': 635}. Best is trial 680 with value: 0.7921145157575575.
Trial 962 finished with value: 0.7873161802852785 and parameters: {'n_estimators': 76}. Best is trial 680 with value: 0.7921145157575575.
Trial 950 finished with value: 0.7905619377190025 and parameters: {'n_estimators': 385}. Best is trial 680 with value: 0.7921145157575575.
Trial 965 finished with value: 0.7852452615534741 and parameters: {'n_estimators': 39}. Best is trial 680 with value: 0.7921145157575575.
Trial 963 finished with value: 0.7876406184767983 and parameters: {'n_estimators': 85}. Best is trial 680 with value: 0.7921145157575575.
Trial 943 finished with value: 0.7903697513126728 and parameters: {'n_estimators': 506}. Best is trial 680 with value: 0.7921145157575575.
Trial 946 finished with value: 0.7902808952894576 and parameters: {'n_estimators': 473}. Best is trial 680 with value: 0.7921145157575575.
