Trial 657 finished with value: 0.7865136936119238 and parameters: {'n_estimators': 73}. Best is trial 521 with value: 0.7920930117805459.
Trial 619 finished with value: 0.7913963579480943 and parameters: {'n_estimators': 950}. Best is trial 521 with value: 0.7920930117805459.
Trial 645 finished with value: 0.7901787521432703 and parameters: {'n_estimators': 489}. Best is trial 521 with value: 0.7920930117805459.
Trial 638 finished with value: 0.7908498543622728 and parameters: {'n_estimators': 623}. Best is trial 521 with value: 0.7920930117805459.
Trial 651 finished with value: 0.7905744690021761 and parameters: {'n_estimators': 314}. Best is trial 521 with value: 0.7920930117805459.
Trial 658 finished with value: 0.7872660417519419 and parameters: {'n_estimators': 82}. Best is trial 521 with value: 0.7920930117805459.
Trial 640 finished with value: 0.7907663442231423 and parameters: {'n_estimators': 610}. Best is trial 521 with value: 0.7920930117805459.
Trial 627 finished with value: 0.7913260641576494 and parameters: {'n_estimators': 840}. Best is trial 521 with value: 0.7920930117805459.
Trial 620 finished with value: 0.7915774298630207 and parameters: {'n_estimators': 987}. Best is trial 521 with value: 0.7920930117805459.
Trial 655 finished with value: 0.791221675465828 and parameters: {'n_estimators': 266}. Best is trial 521 with value: 0.7920930117805459.
Trial 656 finished with value: 0.7910713711522936 and parameters: {'n_estimators': 255}. Best is trial 521 with value: 0.7920930117805459.
Trial 631 finished with value: 0.7913693436506091 and parameters: {'n_estimators': 858}. Best is trial 521 with value: 0.7920930117805459.
Trial 642 finished with value: 0.7908861907570579 and parameters: {'n_estimators': 669}. Best is trial 521 with value: 0.7920930117805459.
Trial 662 finished with value: 0.7910268379535927 and parameters: {'n_estimators': 141}. Best is trial 521 with value: 0.7920930117805459.
Trial 669 finished with value: 0.789665730824898 and parameters: {'n_estimators': 118}. Best is trial 521 with value: 0.7920930117805459.
Trial 665 finished with value: 0.7913768354478427 and parameters: {'n_estimators': 164}. Best is trial 521 with value: 0.7920930117805459.
Trial 644 finished with value: 0.7911825259905678 and parameters: {'n_estimators': 765}. Best is trial 521 with value: 0.7920930117805459.
Trial 670 finished with value: 0.7908526063385845 and parameters: {'n_estimators': 138}. Best is trial 521 with value: 0.7920930117805459.
Trial 663 finished with value: 0.7908397726724404 and parameters: {'n_estimators': 243}. Best is trial 521 with value: 0.7920930117805459.
Trial 675 finished with value: 0.7688307269948009 and parameters: {'n_estimators': 10}. Best is trial 521 with value: 0.7920930117805459.
Trial 678 finished with value: 0.7741166997015039 and parameters: {'n_estimators': 12}. Best is trial 521 with value: 0.7920930117805459.
Trial 648 finished with value: 0.7909541575058371 and parameters: {'n_estimators': 656}. Best is trial 521 with value: 0.7920930117805459.
Trial 647 finished with value: 0.7909118449519082 and parameters: {'n_estimators': 720}. Best is trial 521 with value: 0.7920930117805459.
Trial 654 finished with value: 0.7905312486178533 and parameters: {'n_estimators': 521}. Best is trial 521 with value: 0.7920930117805459.
Trial 636 finished with value: 0.7915421683916256 and parameters: {'n_estimators': 982}. Best is trial 521 with value: 0.7920930117805459.
Trial 646 finished with value: 0.7913639680018443 and parameters: {'n_estimators': 825}. Best is trial 521 with value: 0.7920930117805459.
Trial 641 finished with value: 0.7913703461211091 and parameters: {'n_estimators': 935}. Best is trial 521 with value: 0.7920930117805459.
Trial 660 finished with value: 0.7903231811661672 and parameters: {'n_estimators': 410}. Best is trial 521 with value: 0.7920930117805459.
Trial 643 finished with value: 0.7914118759051331 and parameters: {'n_estimators': 913}. Best is trial 521 with value: 0.7920930117805459.
Trial 682 finished with value: 0.7889046571135557 and parameters: {'n_estimators': 98}. Best is trial 521 with value: 0.7920930117805459.
Trial 667 finished with value: 0.7905619377190025 and parameters: {'n_estimators': 385}. Best is trial 521 with value: 0.7920930117805459.
Trial 666 finished with value: 0.7903165329689805 and parameters: {'n_estimators': 390}. Best is trial 521 with value: 0.7920930117805459.
Trial 683 finished with value: 0.789523143013682 and parameters: {'n_estimators': 113}. Best is trial 521 with value: 0.7920930117805459.
Trial 681 finished with value: 0.7908483219069335 and parameters: {'n_estimators': 157}. Best is trial 521 with value: 0.7920930117805459.
Trial 661 finished with value: 0.7904759981680539 and parameters: {'n_estimators': 469}. Best is trial 521 with value: 0.7920930117805459.
Trial 680 finished with value: 0.7921145157575575 and parameters: {'n_estimators': 176}. Best is trial 680 with value: 0.7921145157575575.
Trial 668 finished with value: 0.7903272458699688 and parameters: {'n_estimators': 402}. Best is trial 680 with value: 0.7921145157575575.
Trial 652 finished with value: 0.7910122410871989 and parameters: {'n_estimators': 751}. Best is trial 680 with value: 0.7921145157575575.
Trial 694 finished with value: 0.7882417232885374 and parameters: {'n_estimators': 65}. Best is trial 680 with value: 0.7921145157575575.
Trial 688 finished with value: 0.7904310143255414 and parameters: {'n_estimators': 129}. Best is trial 680 with value: 0.7921145157575575.
Trial 653 finished with value: 0.7913592809901367 and parameters: {'n_estimators': 776}. Best is trial 680 with value: 0.7921145157575575.
Trial 677 finished with value: 0.7904381365061475 and parameters: {'n_estimators': 324}. Best is trial 680 with value: 0.7921145157575575.
Trial 649 finished with value: 0.7915682636824831 and parameters: {'n_estimators': 979}. Best is trial 680 with value: 0.7921145157575575.
Trial 697 finished with value: 0.7882755809249344 and parameters: {'n_estimators': 66}. Best is trial 680 with value: 0.7921145157575575.
Trial 689 finished with value: 0.7910760558916338 and parameters: {'n_estimators': 167}. Best is trial 680 with value: 0.7921145157575575.
Trial 685 finished with value: 0.7907102795706754 and parameters: {'n_estimators': 316}. Best is trial 680 with value: 0.7921145157575575.
Trial 664 finished with value: 0.7908671040598031 and parameters: {'n_estimators': 684}. Best is trial 680 with value: 0.7921145157575575.
Trial 703 finished with value: 0.7885891310436198 and parameters: {'n_estimators': 96}. Best is trial 680 with value: 0.7921145157575575.
Trial 674 finished with value: 0.7904581956085416 and parameters: {'n_estimators': 525}. Best is trial 680 with value: 0.7921145157575575.
Trial 671 finished with value: 0.7908079995012723 and parameters: {'n_estimators': 626}. Best is trial 680 with value: 0.7921145157575575.
Trial 702 finished with value: 0.7910857837556804 and parameters: {'n_estimators': 205}. Best is trial 680 with value: 0.7921145157575575.
Trial 700 finished with value: 0.7910173796748603 and parameters: {'n_estimators': 234}. Best is trial 680 with value: 0.7921145157575575.
Trial 673 finished with value: 0.790871079325186 and parameters: {'n_estimators': 629}. Best is trial 680 with value: 0.7921145157575575.
Trial 679 finished with value: 0.7904828643661903 and parameters: {'n_estimators': 575}. Best is trial 680 with value: 0.7921145157575575.
Trial 659 finished with value: 0.7913887609523343 and parameters: {'n_estimators': 921}. Best is trial 680 with value: 0.7921145157575575.
Trial 693 finished with value: 0.7902905780249865 and parameters: {'n_estimators': 448}. Best is trial 680 with value: 0.7921145157575575.
Trial 672 finished with value: 0.7913461595040469 and parameters: {'n_estimators': 815}. Best is trial 680 with value: 0.7921145157575575.
Trial 676 finished with value: 0.7913865076046399 and parameters: {'n_estimators': 784}. Best is trial 680 with value: 0.7921145157575575.
Trial 691 finished with value: 0.7906216267975759 and parameters: {'n_estimators': 591}. Best is trial 680 with value: 0.7921145157575575.
Trial 686 finished with value: 0.7908927703428572 and parameters: {'n_estimators': 679}. Best is trial 680 with value: 0.7921145157575575.
Trial 696 finished with value: 0.7904828643661903 and parameters: {'n_estimators': 575}. Best is trial 680 with value: 0.7921145157575575.
Trial 699 finished with value: 0.7904494698818385 and parameters: {'n_estimators': 526}. Best is trial 680 with value: 0.7921145157575575.
Trial 687 finished with value: 0.79090131116859 and parameters: {'n_estimators': 706}. Best is trial 680 with value: 0.7921145157575575.
Trial 695 finished with value: 0.7910719832959136 and parameters: {'n_estimators': 649}. Best is trial 680 with value: 0.7921145157575575.
Trial 708 finished with value: 0.7906515133448611 and parameters: {'n_estimators': 381}. Best is trial 680 with value: 0.7921145157575575.
Trial 704 finished with value: 0.7904845659667465 and parameters: {'n_estimators': 452}. Best is trial 680 with value: 0.7921145157575575.
Trial 684 finished with value: 0.7914044381605332 and parameters: {'n_estimators': 777}. Best is trial 680 with value: 0.7921145157575575.
Trial 722 finished with value: 0.7798897909436102 and parameters: {'n_estimators': 24}. Best is trial 680 with value: 0.7921145157575575.
Trial 690 finished with value: 0.7913544453027965 and parameters: {'n_estimators': 786}. Best is trial 680 with value: 0.7921145157575575.
Trial 692 finished with value: 0.791388724776694 and parameters: {'n_estimators': 826}. Best is trial 680 with value: 0.7921145157575575.
Trial 701 finished with value: 0.790808613406517 and parameters: {'n_estimators': 686}. Best is trial 680 with value: 0.7921145157575575.
Trial 724 finished with value: 0.791133631731929 and parameters: {'n_estimators': 144}. Best is trial 680 with value: 0.7921145157575575.
Trial 726 finished with value: 0.7910230644175107 and parameters: {'n_estimators': 153}. Best is trial 680 with value: 0.7921145157575575.
Trial 723 finished with value: 0.7911414715031951 and parameters: {'n_estimators': 193}. Best is trial 680 with value: 0.7921145157575575.
Trial 707 finished with value: 0.7907837203643098 and parameters: {'n_estimators': 609}. Best is trial 680 with value: 0.7921145157575575.
Trial 714 finished with value: 0.7904109039551723 and parameters: {'n_estimators': 458}. Best is trial 680 with value: 0.7921145157575575.
Trial 710 finished with value: 0.7905074056431716 and parameters: {'n_estimators': 554}. Best is trial 680 with value: 0.7921145157575575.
Trial 725 finished with value: 0.7909465775115881 and parameters: {'n_estimators': 282}. Best is trial 680 with value: 0.7921145157575575.
Trial 711 finished with value: 0.7908444809360552 and parameters: {'n_estimators': 624}. Best is trial 680 with value: 0.7921145157575575.
Trial 733 finished with value: 0.7889046571135557 and parameters: {'n_estimators': 98}. Best is trial 680 with value: 0.7921145157575575.
Trial 719 finished with value: 0.7905220713872423 and parameters: {'n_estimators': 384}. Best is trial 680 with value: 0.7921145157575575.
Trial 698 finished with value: 0.7913691409327106 and parameters: {'n_estimators': 959}. Best is trial 680 with value: 0.7921145157575575.
Trial 716 finished with value: 0.7902450542585265 and parameters: {'n_estimators': 482}. Best is trial 680 with value: 0.7921145157575575.
Trial 706 finished with value: 0.7913698166444176 and parameters: {'n_estimators': 823}. Best is trial 680 with value: 0.7921145157575575.
Trial 728 finished with value: 0.7910269392912409 and parameters: {'n_estimators': 286}. Best is trial 680 with value: 0.7921145157575575.
Trial 727 finished with value: 0.7904975946429683 and parameters: {'n_estimators': 374}. Best is trial 680 with value: 0.7921145157575575.
Trial 709 finished with value: 0.7913231164587579 and parameters: {'n_estimators': 810}. Best is trial 680 with value: 0.7921145157575575.
Trial 715 finished with value: 0.7908273858644115 and parameters: {'n_estimators': 680}. Best is trial 680 with value: 0.7921145157575575.
Trial 743 finished with value: 0.7869361838109755 and parameters: {'n_estimators': 80}. Best is trial 680 with value: 0.7921145157575575.
Trial 705 finished with value: 0.7914274718722416 and parameters: {'n_estimators': 966}. Best is trial 680 with value: 0.7921145157575575.
Trial 721 finished with value: 0.79075108720977 and parameters: {'n_estimators': 606}. Best is trial 680 with value: 0.7921145157575575.
Trial 739 finished with value: 0.7910470564327767 and parameters: {'n_estimators': 254}. Best is trial 680 with value: 0.7921145157575575.
Trial 731 finished with value: 0.7905759495211384 and parameters: {'n_estimators': 432}. Best is trial 680 with value: 0.7921145157575575.
Trial 713 finished with value: 0.7914611277683908 and parameters: {'n_estimators': 908}. Best is trial 680 with value: 0.7921145157575575.
Trial 712 finished with value: 0.7914035493423599 and parameters: {'n_estimators': 928}. Best is trial 680 with value: 0.7921145157575575.
Trial 748 finished with value: 0.7907688804486382 and parameters: {'n_estimators': 150}. Best is trial 680 with value: 0.7921145157575575.
Trial 741 finished with value: 0.7906752581755802 and parameters: {'n_estimators': 307}. Best is trial 680 with value: 0.7921145157575575.
Trial 718 finished with value: 0.791388724776694 and parameters: {'n_estimators': 826}. Best is trial 680 with value: 0.7921145157575575.
Trial 730 finished with value: 0.7911016227021307 and parameters: {'n_estimators': 642}. Best is trial 680 with value: 0.7921145157575575.
Trial 717 finished with value: 0.7914565637453662 and parameters: {'n_estimators': 902}. Best is trial 680 with value: 0.7921145157575575.
Trial 720 finished with value: 0.7913823837303028 and parameters: {'n_estimators': 867}. Best is trial 680 with value: 0.7921145157575575.
Trial 736 finished with value: 0.7904476451605706 and parameters: {'n_estimators': 524}. Best is trial 680 with value: 0.7921145157575575.
Trial 729 finished with value: 0.7909716795029347 and parameters: {'n_estimators': 748}. Best is trial 680 with value: 0.7921145157575575.
Trial 742 finished with value: 0.7904588162778047 and parameters: {'n_estimators': 507}. Best is trial 680 with value: 0.7921145157575575.
Trial 746 finished with value: 0.790339684388532 and parameters: {'n_estimators': 446}. Best is trial 680 with value: 0.7921145157575575.
Trial 734 finished with value: 0.7910323007090604 and parameters: {'n_estimators': 731}. Best is trial 680 with value: 0.7921145157575575.
Trial 757 finished with value: 0.7913151973783161 and parameters: {'n_estimators': 181}. Best is trial 680 with value: 0.7921145157575575.
Trial 759 finished with value: 0.7907568566986124 and parameters: {'n_estimators': 226}. Best is trial 680 with value: 0.7921145157575575.
Trial 737 finished with value: 0.7909970061453372 and parameters: {'n_estimators': 725}. Best is trial 680 with value: 0.7921145157575575.
Trial 747 finished with value: 0.7904581956085416 and parameters: {'n_estimators': 525}. Best is trial 680 with value: 0.7921145157575575.
Trial 750 finished with value: 0.7906404585471074 and parameters: {'n_estimators': 511}. Best is trial 680 with value: 0.7921145157575575.
Trial 749 finished with value: 0.7905388636205306 and parameters: {'n_estimators': 566}. Best is trial 680 with value: 0.7921145157575575.
Trial 761 finished with value: 0.7910530509072966 and parameters: {'n_estimators': 231}. Best is trial 680 with value: 0.7921145157575575.
Trial 732 finished with value: 0.7914049241909727 and parameters: {'n_estimators': 939}. Best is trial 680 with value: 0.7921145157575575.
Trial 755 finished with value: 0.7903691880189585 and parameters: {'n_estimators': 454}. Best is trial 680 with value: 0.7921145157575575.
Trial 738 finished with value: 0.7915191380628009 and parameters: {'n_estimators': 882}. Best is trial 680 with value: 0.7921145157575575.
Trial 735 finished with value: 0.7915615892847498 and parameters: {'n_estimators': 981}. Best is trial 680 with value: 0.7921145157575575.
Trial 754 finished with value: 0.7904327399810672 and parameters: {'n_estimators': 553}. Best is trial 680 with value: 0.7921145157575575.
Trial 765 finished with value: 0.7912893262652859 and parameters: {'n_estimators': 267}. Best is trial 680 with value: 0.7921145157575575.
Trial 766 finished with value: 0.7907372594357592 and parameters: {'n_estimators': 220}. Best is trial 680 with value: 0.7921145157575575.
Trial 760 finished with value: 0.7905542712893301 and parameters: {'n_estimators': 440}. Best is trial 680 with value: 0.7921145157575575.
Trial 740 finished with value: 0.7913268557613471 and parameters: {'n_estimators': 956}. Best is trial 680 with value: 0.7921145157575575.
Trial 767 finished with value: 0.7908958642485155 and parameters: {'n_estimators': 278}. Best is trial 680 with value: 0.7921145157575575.
Trial 773 finished with value: 0.7913288560684317 and parameters: {'n_estimators': 190}. Best is trial 680 with value: 0.7921145157575575.
Trial 744 finished with value: 0.7914699159756025 and parameters: {'n_estimators': 878}. Best is trial 680 with value: 0.7921145157575575.
Trial 777 finished with value: 0.7889271385698767 and parameters: {'n_estimators': 97}. Best is trial 680 with value: 0.7921145157575575.
Trial 745 finished with value: 0.7915820204764679 and parameters: {'n_estimators': 884}. Best is trial 680 with value: 0.7921145157575575.
Trial 776 finished with value: 0.7921145157575575 and parameters: {'n_estimators': 176}. Best is trial 680 with value: 0.7921145157575575.
Trial 751 finished with value: 0.7914636466922885 and parameters: {'n_estimators': 820}. Best is trial 680 with value: 0.7921145157575575.
Trial 783 finished with value: 0.7871555668910066 and parameters: {'n_estimators': 84}. Best is trial 680 with value: 0.7921145157575575.
Trial 782 finished with value: 0.7889271385698767 and parameters: {'n_estimators': 97}. Best is trial 680 with value: 0.7921145157575575.
Trial 764 finished with value: 0.7901005028374338 and parameters: {'n_estimators': 485}. Best is trial 680 with value: 0.7921145157575575.
Trial 753 finished with value: 0.7913052347396494 and parameters: {'n_estimators': 836}. Best is trial 680 with value: 0.7921145157575575.
Trial 768 finished with value: 0.7904845659667465 and parameters: {'n_estimators': 452}. Best is trial 680 with value: 0.7921145157575575.
Trial 779 finished with value: 0.7912055287525012 and parameters: {'n_estimators': 263}. Best is trial 680 with value: 0.7921145157575575.
Trial 769 finished with value: 0.7903010337195213 and parameters: {'n_estimators': 464}. Best is trial 680 with value: 0.7921145157575575.
Trial 752 finished with value: 0.7914035493423599 and parameters: {'n_estimators': 928}. Best is trial 680 with value: 0.7921145157575575.
Trial 758 finished with value: 0.7912794608905044 and parameters: {'n_estimators': 805}. Best is trial 680 with value: 0.7921145157575575.
Trial 786 finished with value: 0.7913818977116758 and parameters: {'n_estimators': 184}. Best is trial 680 with value: 0.7921145157575575.
Trial 762 finished with value: 0.7909347911916562 and parameters: {'n_estimators': 718}. Best is trial 680 with value: 0.7921145157575575.
Trial 781 finished with value: 0.7904381365061475 and parameters: {'n_estimators': 324}. Best is trial 680 with value: 0.7921145157575575.
Trial 791 finished with value: 0.7913262565854312 and parameters: {'n_estimators': 188}. Best is trial 680 with value: 0.7921145157575575.
Trial 775 finished with value: 0.7903432593940007 and parameters: {'n_estimators': 457}. Best is trial 680 with value: 0.7921145157575575.
Trial 799 finished with value: 0.7828385345597063 and parameters: {'n_estimators': 33}. Best is trial 680 with value: 0.7921145157575575.
Trial 756 finished with value: 0.7915682636824831 and parameters: {'n_estimators': 979}. Best is trial 680 with value: 0.7921145157575575.
Trial 771 finished with value: 0.7908214756735763 and parameters: {'n_estimators': 622}. Best is trial 680 with value: 0.7921145157575575.
Trial 772 finished with value: 0.7908753885494857 and parameters: {'n_estimators': 676}. Best is trial 680 with value: 0.7921145157575575.
Trial 796 finished with value: 0.7907769239011078 and parameters: {'n_estimators': 222}. Best is trial 680 with value: 0.7921145157575575.
Trial 763 finished with value: 0.791501911790985 and parameters: {'n_estimators': 881}. Best is trial 680 with value: 0.7921145157575575.
Trial 802 finished with value: 0.7912801302035612 and parameters: {'n_estimators': 161}. Best is trial 680 with value: 0.7921145157575575.
Trial 778 finished with value: 0.7908214756735763 and parameters: {'n_estimators': 622}. Best is trial 680 with value: 0.7921145157575575.
Trial 792 finished with value: 0.7904782004455398 and parameters: {'n_estimators': 387}. Best is trial 680 with value: 0.7921145157575575.
Trial 770 finished with value: 0.7914320254922068 and parameters: {'n_estimators': 782}. Best is trial 680 with value: 0.7921145157575575.
Trial 787 finished with value: 0.790360832631809 and parameters: {'n_estimators': 495}. Best is trial 680 with value: 0.7921145157575575.
Trial 788 finished with value: 0.7906404585471074 and parameters: {'n_estimators': 511}. Best is trial 680 with value: 0.7921145157575575.
Trial 809 finished with value: 0.7889046571135557 and parameters: {'n_estimators': 98}. Best is trial 680 with value: 0.7921145157575575.
Trial 785 finished with value: 0.7908498543622728 and parameters: {'n_estimators': 623}. Best is trial 680 with value: 0.7921145157575575.
Trial 774 finished with value: 0.7913045102193375 and parameters: {'n_estimators': 834}. Best is trial 680 with value: 0.7921145157575575.
