Trial 181 finished with value: 0.7869214618608937 and parameters: {'n_estimators': 72}. Best is trial 30 with value: 0.7915774298630207.
Trial 158 finished with value: 0.7907470016726136 and parameters: {'n_estimators': 514}. Best is trial 30 with value: 0.7915774298630207.
Trial 163 finished with value: 0.7903468911220559 and parameters: {'n_estimators': 493}. Best is trial 30 with value: 0.7915774298630207.
Trial 164 finished with value: 0.7903468911220559 and parameters: {'n_estimators': 493}. Best is trial 30 with value: 0.7915774298630207.
Trial 146 finished with value: 0.7914337586881469 and parameters: {'n_estimators': 790}. Best is trial 30 with value: 0.7915774298630207.
Trial 170 finished with value: 0.7902653527763889 and parameters: {'n_estimators': 407}. Best is trial 30 with value: 0.7915774298630207.
Trial 178 finished with value: 0.7910173796748603 and parameters: {'n_estimators': 234}. Best is trial 30 with value: 0.7915774298630207.
Trial 169 finished with value: 0.790580524864775 and parameters: {'n_estimators': 509}. Best is trial 30 with value: 0.7915774298630207.
Trial 175 finished with value: 0.7905661480695044 and parameters: {'n_estimators': 333}. Best is trial 30 with value: 0.7915774298630207.
Trial 145 finished with value: 0.7915682636824831 and parameters: {'n_estimators': 979}. Best is trial 30 with value: 0.7915774298630207.
Trial 189 finished with value: 0.789749305495149 and parameters: {'n_estimators': 122}. Best is trial 30 with value: 0.7915774298630207.
Trial 179 finished with value: 0.7905661480695044 and parameters: {'n_estimators': 333}. Best is trial 30 with value: 0.7915774298630207.
Trial 184 finished with value: 0.790721409801319 and parameters: {'n_estimators': 223}. Best is trial 30 with value: 0.7915774298630207.
Trial 165 finished with value: 0.7908861907570579 and parameters: {'n_estimators': 669}. Best is trial 30 with value: 0.7915774298630207.
Trial 157 finished with value: 0.7909703851837829 and parameters: {'n_estimators': 745}. Best is trial 30 with value: 0.7915774298630207.
Trial 185 finished with value: 0.7909393614720647 and parameters: {'n_estimators': 251}. Best is trial 30 with value: 0.7915774298630207.
Trial 193 finished with value: 0.7869361838109755 and parameters: {'n_estimators': 80}. Best is trial 30 with value: 0.7915774298630207.
Trial 192 finished with value: 0.787900036986475 and parameters: {'n_estimators': 92}. Best is trial 30 with value: 0.7915774298630207.
Trial 183 finished with value: 0.7910295688572632 and parameters: {'n_estimators': 287}. Best is trial 30 with value: 0.7915774298630207.
Trial 150 finished with value: 0.7913794757655918 and parameters: {'n_estimators': 963}. Best is trial 30 with value: 0.7915774298630207.
Trial 167 finished with value: 0.7910665687997896 and parameters: {'n_estimators': 739}. Best is trial 30 with value: 0.7915774298630207.
Trial 162 finished with value: 0.7913622579219128 and parameters: {'n_estimators': 847}. Best is trial 30 with value: 0.7915774298630207.
Trial 196 finished with value: 0.7907155260468045 and parameters: {'n_estimators': 154}. Best is trial 30 with value: 0.7915774298630207.
Trial 202 finished with value: 0.7909483138571902 and parameters: {'n_estimators': 140}. Best is trial 30 with value: 0.7915774298630207.
Trial 186 finished with value: 0.7903918710944928 and parameters: {'n_estimators': 408}. Best is trial 30 with value: 0.7915774298630207.
Trial 160 finished with value: 0.7914520660612883 and parameters: {'n_estimators': 946}. Best is trial 30 with value: 0.7915774298630207.
Trial 209 finished with value: 0.7818469033924064 and parameters: {'n_estimators': 25}. Best is trial 30 with value: 0.7915774298630207.
Trial 188 finished with value: 0.7903272510796833 and parameters: {'n_estimators': 494}. Best is trial 30 with value: 0.7915774298630207.
Trial 177 finished with value: 0.7909966517680043 and parameters: {'n_estimators': 703}. Best is trial 30 with value: 0.7915774298630207.
Trial 201 finished with value: 0.7906430912235297 and parameters: {'n_estimators': 299}. Best is trial 30 with value: 0.7915774298630207.
Trial 168 finished with value: 0.7914033857719739 and parameters: {'n_estimators': 962}. Best is trial 30 with value: 0.7915774298630207.
Trial 187 finished with value: 0.790568064866923 and parameters: {'n_estimators': 589}. Best is trial 30 with value: 0.7915774298630207.
Trial 200 finished with value: 0.7906813521803102 and parameters: {'n_estimators': 355}. Best is trial 30 with value: 0.7915774298630207.
Trial 204 finished with value: 0.7903184251895352 and parameters: {'n_estimators': 409}. Best is trial 30 with value: 0.7915774298630207.
Trial 191 finished with value: 0.7903912268415355 and parameters: {'n_estimators': 551}. Best is trial 30 with value: 0.7915774298630207.
Trial 213 finished with value: 0.7910024220221593 and parameters: {'n_estimators': 146}. Best is trial 30 with value: 0.7915774298630207.
Trial 194 finished with value: 0.7904671713156651 and parameters: {'n_estimators': 537}. Best is trial 30 with value: 0.7915774298630207.
Trial 216 finished with value: 0.7886545897521582 and parameters: {'n_estimators': 108}. Best is trial 30 with value: 0.7915774298630207.
Trial 214 finished with value: 0.7907963903083282 and parameters: {'n_estimators': 139}. Best is trial 30 with value: 0.7915774298630207.
Trial 176 finished with value: 0.7914878554496587 and parameters: {'n_estimators': 899}. Best is trial 30 with value: 0.7915774298630207.
Trial 174 finished with value: 0.7914487496810719 and parameters: {'n_estimators': 940}. Best is trial 30 with value: 0.7915774298630207.
Trial 180 finished with value: 0.7914157937915729 and parameters: {'n_estimators': 906}. Best is trial 30 with value: 0.7915774298630207.
Trial 182 finished with value: 0.7913444135393467 and parameters: {'n_estimators': 932}. Best is trial 30 with value: 0.7915774298630207.
Trial 218 finished with value: 0.7917819660817103 and parameters: {'n_estimators': 174}. Best is trial 218 with value: 0.7917819660817103.
Trial 199 finished with value: 0.790871079325186 and parameters: {'n_estimators': 629}. Best is trial 218 with value: 0.7917819660817103.
Trial 190 finished with value: 0.791334413566976 and parameters: {'n_estimators': 831}. Best is trial 218 with value: 0.7917819660817103.
Trial 227 finished with value: 0.7834282992707152 and parameters: {'n_estimators': 35}. Best is trial 218 with value: 0.7917819660817103.
Trial 203 finished with value: 0.7908978201959764 and parameters: {'n_estimators': 668}. Best is trial 218 with value: 0.7917819660817103.
Trial 195 finished with value: 0.7910957198681325 and parameters: {'n_estimators': 735}. Best is trial 218 with value: 0.7917819660817103.
Trial 197 finished with value: 0.7909703851837829 and parameters: {'n_estimators': 745}. Best is trial 218 with value: 0.7917819660817103.
Trial 206 finished with value: 0.7910838467619286 and parameters: {'n_estimators': 650}. Best is trial 218 with value: 0.7917819660817103.
Trial 220 finished with value: 0.7904030450220095 and parameters: {'n_estimators': 327}. Best is trial 218 with value: 0.7917819660817103.
Trial 226 finished with value: 0.790910197051646 and parameters: {'n_estimators': 249}. Best is trial 218 with value: 0.7917819660817103.
Trial 198 finished with value: 0.7915542366900375 and parameters: {'n_estimators': 892}. Best is trial 218 with value: 0.7917819660817103.
Trial 205 finished with value: 0.7913228314886303 and parameters: {'n_estimators': 795}. Best is trial 218 with value: 0.7917819660817103.
Trial 215 finished with value: 0.7905507344369458 and parameters: {'n_estimators': 539}. Best is trial 218 with value: 0.7917819660817103.
Trial 207 finished with value: 0.7912122618053142 and parameters: {'n_estimators': 764}. Best is trial 218 with value: 0.7917819660817103.
Trial 217 finished with value: 0.790202978924901 and parameters: {'n_estimators': 478}. Best is trial 218 with value: 0.7917819660817103.
Trial 221 finished with value: 0.7903879288455805 and parameters: {'n_estimators': 460}. Best is trial 218 with value: 0.7917819660817103.
Trial 212 finished with value: 0.7908882765297488 and parameters: {'n_estimators': 662}. Best is trial 218 with value: 0.7917819660817103.
Trial 211 finished with value: 0.790854278781911 and parameters: {'n_estimators': 682}. Best is trial 218 with value: 0.7917819660817103.
Trial 222 finished with value: 0.7901787521432703 and parameters: {'n_estimators': 489}. Best is trial 218 with value: 0.7917819660817103.
Trial 219 finished with value: 0.7905933365602367 and parameters: {'n_estimators': 518}. Best is trial 218 with value: 0.7917819660817103.
Trial 246 finished with value: 0.7746712037505736 and parameters: {'n_estimators': 17}. Best is trial 218 with value: 0.7917819660817103.
Trial 229 finished with value: 0.7905804086827721 and parameters: {'n_estimators': 341}. Best is trial 218 with value: 0.7917819660817103.
Trial 223 finished with value: 0.7904005046227294 and parameters: {'n_estimators': 549}. Best is trial 218 with value: 0.7917819660817103.
Trial 225 finished with value: 0.7901945142239641 and parameters: {'n_estimators': 497}. Best is trial 218 with value: 0.7917819660817103.
Trial 242 finished with value: 0.7904310143255414 and parameters: {'n_estimators': 129}. Best is trial 218 with value: 0.7917819660817103.
Trial 230 finished with value: 0.7902653527763889 and parameters: {'n_estimators': 407}. Best is trial 218 with value: 0.7917819660817103.
Trial 208 finished with value: 0.7913580453039304 and parameters: {'n_estimators': 954}. Best is trial 218 with value: 0.7917819660817103.
Trial 210 finished with value: 0.7914274718722416 and parameters: {'n_estimators': 966}. Best is trial 218 with value: 0.7917819660817103.
Trial 251 finished with value: 0.7910024220221593 and parameters: {'n_estimators': 146}. Best is trial 218 with value: 0.7917819660817103.
Trial 236 finished with value: 0.7906304380291377 and parameters: {'n_estimators': 380}. Best is trial 218 with value: 0.7917819660817103.
Trial 244 finished with value: 0.7909476993904019 and parameters: {'n_estimators': 274}. Best is trial 218 with value: 0.7917819660817103.
Trial 237 finished with value: 0.7905856041337589 and parameters: {'n_estimators': 418}. Best is trial 218 with value: 0.7917819660817103.
Trial 239 finished with value: 0.790470504372837 and parameters: {'n_estimators': 376}. Best is trial 218 with value: 0.7917819660817103.
Trial 233 finished with value: 0.7905064686063753 and parameters: {'n_estimators': 572}. Best is trial 218 with value: 0.7917819660817103.
Trial 253 finished with value: 0.7909607197327507 and parameters: {'n_estimators': 145}. Best is trial 218 with value: 0.7917819660817103.
Trial 224 finished with value: 0.7911823394674076 and parameters: {'n_estimators': 763}. Best is trial 218 with value: 0.7917819660817103.
Trial 245 finished with value: 0.7903196997548221 and parameters: {'n_estimators': 403}. Best is trial 218 with value: 0.7917819660817103.
Trial 231 finished with value: 0.7909656007286829 and parameters: {'n_estimators': 697}. Best is trial 218 with value: 0.7917819660817103.
Trial 256 finished with value: 0.7915210570970204 and parameters: {'n_estimators': 165}. Best is trial 218 with value: 0.7917819660817103.
Trial 257 finished with value: 0.791289554834888 and parameters: {'n_estimators': 158}. Best is trial 218 with value: 0.7917819660817103.
Trial 234 finished with value: 0.7908861907570579 and parameters: {'n_estimators': 669}. Best is trial 218 with value: 0.7917819660817103.
Trial 266 finished with value: 0.7862085388463529 and parameters: {'n_estimators': 78}. Best is trial 218 with value: 0.7917819660817103.
Trial 249 finished with value: 0.7903725239454422 and parameters: {'n_estimators': 455}. Best is trial 218 with value: 0.7917819660817103.
Trial 261 finished with value: 0.7908995153375864 and parameters: {'n_estimators': 246}. Best is trial 218 with value: 0.7917819660817103.
Trial 228 finished with value: 0.7914675483757784 and parameters: {'n_estimators': 909}. Best is trial 218 with value: 0.7917819660817103.
Trial 238 finished with value: 0.7908758776434757 and parameters: {'n_estimators': 678}. Best is trial 218 with value: 0.7917819660817103.
Trial 232 finished with value: 0.7914565637453662 and parameters: {'n_estimators': 902}. Best is trial 218 with value: 0.7917819660817103.
Trial 252 finished with value: 0.7906404585471074 and parameters: {'n_estimators': 511}. Best is trial 218 with value: 0.7917819660817103.
Trial 241 finished with value: 0.7909656007286829 and parameters: {'n_estimators': 697}. Best is trial 218 with value: 0.7917819660817103.
Trial 235 finished with value: 0.7915347250864168 and parameters: {'n_estimators': 893}. Best is trial 218 with value: 0.7917819660817103.
Trial 248 finished with value: 0.7908036753067544 and parameters: {'n_estimators': 685}. Best is trial 218 with value: 0.7917819660817103.
Trial 243 finished with value: 0.7909703851837829 and parameters: {'n_estimators': 745}. Best is trial 218 with value: 0.7917819660817103.
Trial 240 finished with value: 0.7913774135350375 and parameters: {'n_estimators': 824}. Best is trial 218 with value: 0.7917819660817103.
Trial 254 finished with value: 0.7905185149911809 and parameters: {'n_estimators': 574}. Best is trial 218 with value: 0.7917819660817103.
Trial 250 finished with value: 0.7910524309004103 and parameters: {'n_estimators': 736}. Best is trial 218 with value: 0.7917819660817103.
Trial 247 finished with value: 0.7913228314886303 and parameters: {'n_estimators': 795}. Best is trial 218 with value: 0.7917819660817103.
Trial 269 finished with value: 0.7905804086827721 and parameters: {'n_estimators': 341}. Best is trial 218 with value: 0.7917819660817103.
Trial 282 finished with value: 0.787396272354034 and parameters: {'n_estimators': 60}. Best is trial 218 with value: 0.7917819660817103.
Trial 263 finished with value: 0.7905629217872894 and parameters: {'n_estimators': 576}. Best is trial 218 with value: 0.7917819660817103.
Trial 273 finished with value: 0.7907924061403724 and parameters: {'n_estimators': 367}. Best is trial 218 with value: 0.7917819660817103.
Trial 277 finished with value: 0.7910713149333441 and parameters: {'n_estimators': 271}. Best is trial 218 with value: 0.7917819660817103.
Trial 272 finished with value: 0.7904388369227218 and parameters: {'n_estimators': 421}. Best is trial 218 with value: 0.7917819660817103.
Trial 288 finished with value: 0.7741166997015039 and parameters: {'n_estimators': 12}. Best is trial 218 with value: 0.7917819660817103.
Trial 259 finished with value: 0.7913828334576508 and parameters: {'n_estimators': 781}. Best is trial 218 with value: 0.7917819660817103.
Trial 260 finished with value: 0.7913576325428677 and parameters: {'n_estimators': 793}. Best is trial 218 with value: 0.7917819660817103.
Trial 255 finished with value: 0.7914571664622276 and parameters: {'n_estimators': 872}. Best is trial 218 with value: 0.7917819660817103.
Trial 267 finished with value: 0.7909015353937496 and parameters: {'n_estimators': 663}. Best is trial 218 with value: 0.7917819660817103.
Trial 262 finished with value: 0.7913045102193375 and parameters: {'n_estimators': 834}. Best is trial 218 with value: 0.7917819660817103.
Trial 268 finished with value: 0.7910223129531101 and parameters: {'n_estimators': 645}. Best is trial 218 with value: 0.7917819660817103.
Trial 258 finished with value: 0.7913823837303028 and parameters: {'n_estimators': 867}. Best is trial 218 with value: 0.7917819660817103.
Trial 264 finished with value: 0.7913865076046399 and parameters: {'n_estimators': 784}. Best is trial 218 with value: 0.7917819660817103.
Trial 289 finished with value: 0.7913768354478427 and parameters: {'n_estimators': 164}. Best is trial 218 with value: 0.7917819660817103.
Trial 270 finished with value: 0.7911279814447304 and parameters: {'n_estimators': 641}. Best is trial 218 with value: 0.7917819660817103.
Trial 275 finished with value: 0.7905064686063753 and parameters: {'n_estimators': 572}. Best is trial 218 with value: 0.7917819660817103.
Trial 274 finished with value: 0.7911016227021307 and parameters: {'n_estimators': 642}. Best is trial 218 with value: 0.7917819660817103.
Trial 271 finished with value: 0.7910065434925807 and parameters: {'n_estimators': 727}. Best is trial 218 with value: 0.7917819660817103.
Trial 294 finished with value: 0.7913794426691501 and parameters: {'n_estimators': 163}. Best is trial 218 with value: 0.7917819660817103.
Trial 286 finished with value: 0.7904030450220095 and parameters: {'n_estimators': 327}. Best is trial 218 with value: 0.7917819660817103.
Trial 285 finished with value: 0.7907389177540479 and parameters: {'n_estimators': 348}. Best is trial 218 with value: 0.7917819660817103.
Trial 295 finished with value: 0.7908939442316169 and parameters: {'n_estimators': 203}. Best is trial 218 with value: 0.7917819660817103.
Trial 291 finished with value: 0.7910130185527382 and parameters: {'n_estimators': 260}. Best is trial 218 with value: 0.7917819660817103.
Trial 265 finished with value: 0.7913268557613471 and parameters: {'n_estimators': 956}. Best is trial 218 with value: 0.7917819660817103.
Trial 287 finished with value: 0.7903165329689805 and parameters: {'n_estimators': 390}. Best is trial 218 with value: 0.7917819660817103.
Trial 296 finished with value: 0.7911329625110721 and parameters: {'n_estimators': 236}. Best is trial 218 with value: 0.7917819660817103.
Trial 283 finished with value: 0.7905017468292278 and parameters: {'n_estimators': 543}. Best is trial 218 with value: 0.7917819660817103.
Trial 284 finished with value: 0.7904711141244102 and parameters: {'n_estimators': 546}. Best is trial 218 with value: 0.7917819660817103.
Trial 278 finished with value: 0.7909893402790207 and parameters: {'n_estimators': 709}. Best is trial 218 with value: 0.7917819660817103.
Trial 276 finished with value: 0.7913828334576508 and parameters: {'n_estimators': 781}. Best is trial 218 with value: 0.7917819660817103.
Trial 279 finished with value: 0.790983541487325 and parameters: {'n_estimators': 714}. Best is trial 218 with value: 0.7917819660817103.
Trial 305 finished with value: 0.7909118601721946 and parameters: {'n_estimators': 228}. Best is trial 218 with value: 0.7917819660817103.
Trial 281 finished with value: 0.7913592809901367 and parameters: {'n_estimators': 776}. Best is trial 218 with value: 0.7917819660817103.
Trial 297 finished with value: 0.7903184251895352 and parameters: {'n_estimators': 409}. Best is trial 218 with value: 0.7917819660817103.
Trial 317 finished with value: 0.7873913945477125 and parameters: {'n_estimators': 59}. Best is trial 218 with value: 0.7917819660817103.
Trial 307 finished with value: 0.7905703679486329 and parameters: {'n_estimators': 303}. Best is trial 218 with value: 0.7917819660817103.
Trial 280 finished with value: 0.7915495671972975 and parameters: {'n_estimators': 894}. Best is trial 218 with value: 0.7917819660817103.
Trial 303 finished with value: 0.7904347786820111 and parameters: {'n_estimators': 424}. Best is trial 218 with value: 0.7917819660817103.
Trial 290 finished with value: 0.7907972420887991 and parameters: {'n_estimators': 672}. Best is trial 218 with value: 0.7917819660817103.
Trial 310 finished with value: 0.7907643675248497 and parameters: {'n_estimators': 360}. Best is trial 218 with value: 0.7917819660817103.
Trial 318 finished with value: 0.7913532855352278 and parameters: {'n_estimators': 170}. Best is trial 218 with value: 0.7917819660817103.
Trial 320 finished with value: 0.7913794426691501 and parameters: {'n_estimators': 163}. Best is trial 218 with value: 0.7917819660817103.
Trial 304 finished with value: 0.7905064686063753 and parameters: {'n_estimators': 572}. Best is trial 218 with value: 0.7917819660817103.
Trial 300 finished with value: 0.7908861907570579 and parameters: {'n_estimators': 669}. Best is trial 218 with value: 0.7917819660817103.
Trial 311 finished with value: 0.7903468911220559 and parameters: {'n_estimators': 493}. Best is trial 218 with value: 0.7917819660817103.
Trial 298 finished with value: 0.7912007199045629 and parameters: {'n_estimators': 761}. Best is trial 218 with value: 0.7917819660817103.
Trial 316 finished with value: 0.7905759667844443 and parameters: {'n_estimators': 430}. Best is trial 218 with value: 0.7917819660817103.
Trial 293 finished with value: 0.7913693436506091 and parameters: {'n_estimators': 858}. Best is trial 218 with value: 0.7917819660817103.
Trial 314 finished with value: 0.7904132380977733 and parameters: {'n_estimators': 504}. Best is trial 218 with value: 0.7917819660817103.
Trial 301 finished with value: 0.7911124894556221 and parameters: {'n_estimators': 737}. Best is trial 218 with value: 0.7917819660817103.
Trial 306 finished with value: 0.7910855446827618 and parameters: {'n_estimators': 640}. Best is trial 218 with value: 0.7917819660817103.
Trial 315 finished with value: 0.7903289744675812 and parameters: {'n_estimators': 534}. Best is trial 218 with value: 0.7917819660817103.
Trial 308 finished with value: 0.7908036753067544 and parameters: {'n_estimators': 685}. Best is trial 218 with value: 0.7917819660817103.
Trial 324 finished with value: 0.7908128215734581 and parameters: {'n_estimators': 297}. Best is trial 218 with value: 0.7917819660817103.
Trial 313 finished with value: 0.7908980733251825 and parameters: {'n_estimators': 666}. Best is trial 218 with value: 0.7917819660817103.
Trial 292 finished with value: 0.7915489476401658 and parameters: {'n_estimators': 1000}. Best is trial 218 with value: 0.7917819660817103.
Trial 322 finished with value: 0.7903250030426705 and parameters: {'n_estimators': 393}. Best is trial 218 with value: 0.7917819660817103.
