Trial 460 finished with value: 0.7914000427569048 and parameters: {'n_estimators': 792}. Best is trial 346 with value: 0.791982374369849.
Trial 487 finished with value: 0.7908128215734581 and parameters: {'n_estimators': 297}. Best is trial 346 with value: 0.791982374369849.
Trial 464 finished with value: 0.7914320254922068 and parameters: {'n_estimators': 782}. Best is trial 346 with value: 0.791982374369849.
Trial 481 finished with value: 0.7902253847797619 and parameters: {'n_estimators': 481}. Best is trial 346 with value: 0.791982374369849.
Trial 465 finished with value: 0.7913800146412211 and parameters: {'n_estimators': 780}. Best is trial 346 with value: 0.791982374369849.
Trial 486 finished with value: 0.7905268744120668 and parameters: {'n_estimators': 429}. Best is trial 346 with value: 0.791982374369849.
Trial 502 finished with value: 0.7909849512867397 and parameters: {'n_estimators': 132}. Best is trial 346 with value: 0.791982374369849.
Trial 463 finished with value: 0.7914515782976715 and parameters: {'n_estimators': 915}. Best is trial 346 with value: 0.791982374369849.
Trial 466 finished with value: 0.7913686242466953 and parameters: {'n_estimators': 866}. Best is trial 346 with value: 0.791982374369849.
Trial 507 finished with value: 0.7853163319486937 and parameters: {'n_estimators': 52}. Best is trial 346 with value: 0.791982374369849.
Trial 492 finished with value: 0.7904759981680539 and parameters: {'n_estimators': 469}. Best is trial 346 with value: 0.791982374369849.
Trial 491 finished with value: 0.790202978924901 and parameters: {'n_estimators': 478}. Best is trial 346 with value: 0.791982374369849.
Trial 473 finished with value: 0.7912832129168623 and parameters: {'n_estimators': 799}. Best is trial 346 with value: 0.791982374369849.
Trial 497 finished with value: 0.7903390583257918 and parameters: {'n_estimators': 406}. Best is trial 346 with value: 0.791982374369849.
Trial 488 finished with value: 0.7905000796910182 and parameters: {'n_estimators': 577}. Best is trial 346 with value: 0.791982374369849.
Trial 482 finished with value: 0.7913216971329209 and parameters: {'n_estimators': 772}. Best is trial 346 with value: 0.791982374369849.
Trial 484 finished with value: 0.7909447519698792 and parameters: {'n_estimators': 749}. Best is trial 346 with value: 0.791982374369849.
Trial 501 finished with value: 0.7903430758770027 and parameters: {'n_estimators': 399}. Best is trial 346 with value: 0.791982374369849.
Trial 499 finished with value: 0.7900838113596611 and parameters: {'n_estimators': 499}. Best is trial 346 with value: 0.791982374369849.
Trial 477 finished with value: 0.7914546065290928 and parameters: {'n_estimators': 911}. Best is trial 346 with value: 0.791982374369849.
Trial 498 finished with value: 0.7904711141244102 and parameters: {'n_estimators': 546}. Best is trial 346 with value: 0.791982374369849.
Trial 489 finished with value: 0.7909516045133633 and parameters: {'n_estimators': 719}. Best is trial 346 with value: 0.791982374369849.
Trial 495 finished with value: 0.7909516045133633 and parameters: {'n_estimators': 719}. Best is trial 346 with value: 0.791982374369849.
Trial 506 finished with value: 0.7904082723306234 and parameters: {'n_estimators': 413}. Best is trial 346 with value: 0.791982374369849.
Trial 514 finished with value: 0.7910256560327769 and parameters: {'n_estimators': 258}. Best is trial 346 with value: 0.791982374369849.
Trial 490 finished with value: 0.7912757543349613 and parameters: {'n_estimators': 855}. Best is trial 346 with value: 0.791982374369849.
Trial 500 finished with value: 0.790795416045093 and parameters: {'n_estimators': 616}. Best is trial 346 with value: 0.791982374369849.
Trial 516 finished with value: 0.7906966763558502 and parameters: {'n_estimators': 218}. Best is trial 346 with value: 0.791982374369849.
Trial 521 finished with value: 0.7920930117805459 and parameters: {'n_estimators': 175}. Best is trial 521 with value: 0.7920930117805459.
Trial 509 finished with value: 0.7902905780249865 and parameters: {'n_estimators': 448}. Best is trial 521 with value: 0.7920930117805459.
Trial 485 finished with value: 0.7916471058408978 and parameters: {'n_estimators': 992}. Best is trial 521 with value: 0.7920930117805459.
Trial 529 finished with value: 0.7853712189566027 and parameters: {'n_estimators': 47}. Best is trial 521 with value: 0.7920930117805459.
Trial 528 finished with value: 0.7910073892024256 and parameters: {'n_estimators': 142}. Best is trial 521 with value: 0.7920930117805459.
Trial 504 finished with value: 0.7909292894751898 and parameters: {'n_estimators': 705}. Best is trial 521 with value: 0.7920930117805459.
Trial 527 finished with value: 0.7908800163294716 and parameters: {'n_estimators': 198}. Best is trial 521 with value: 0.7920930117805459.
Trial 496 finished with value: 0.7913865818322592 and parameters: {'n_estimators': 938}. Best is trial 521 with value: 0.7920930117805459.
Trial 513 finished with value: 0.79075108720977 and parameters: {'n_estimators': 606}. Best is trial 521 with value: 0.7920930117805459.
Trial 519 finished with value: 0.7903390583257918 and parameters: {'n_estimators': 406}. Best is trial 521 with value: 0.7920930117805459.
Trial 505 finished with value: 0.7913544453027965 and parameters: {'n_estimators': 786}. Best is trial 521 with value: 0.7920930117805459.
Trial 523 finished with value: 0.7904976103247703 and parameters: {'n_estimators': 322}. Best is trial 521 with value: 0.7920930117805459.
Trial 520 finished with value: 0.7904264680959965 and parameters: {'n_estimators': 466}. Best is trial 521 with value: 0.7920930117805459.
Trial 512 finished with value: 0.7908725926802799 and parameters: {'n_estimators': 692}. Best is trial 521 with value: 0.7920930117805459.
Trial 525 finished with value: 0.7906736239869283 and parameters: {'n_estimators': 359}. Best is trial 521 with value: 0.7920930117805459.
Trial 524 finished with value: 0.7906725620320413 and parameters: {'n_estimators': 369}. Best is trial 521 with value: 0.7920930117805459.
Trial 510 finished with value: 0.7909347911916562 and parameters: {'n_estimators': 718}. Best is trial 521 with value: 0.7920930117805459.
Trial 518 finished with value: 0.7905368818590187 and parameters: {'n_estimators': 556}. Best is trial 521 with value: 0.7920930117805459.
Trial 503 finished with value: 0.7914315249375441 and parameters: {'n_estimators': 947}. Best is trial 521 with value: 0.7920930117805459.
Trial 508 finished with value: 0.7913791612183727 and parameters: {'n_estimators': 821}. Best is trial 521 with value: 0.7920930117805459.
Trial 511 finished with value: 0.7913216971329209 and parameters: {'n_estimators': 772}. Best is trial 521 with value: 0.7920930117805459.
Trial 530 finished with value: 0.7909138373429527 and parameters: {'n_estimators': 362}. Best is trial 521 with value: 0.7920930117805459.
Trial 515 finished with value: 0.7909347911916562 and parameters: {'n_estimators': 718}. Best is trial 521 with value: 0.7920930117805459.
Trial 542 finished with value: 0.7884378254518362 and parameters: {'n_estimators': 94}. Best is trial 521 with value: 0.7920930117805459.
Trial 533 finished with value: 0.7904601491806869 and parameters: {'n_estimators': 441}. Best is trial 521 with value: 0.7920930117805459.
Trial 549 finished with value: 0.7913262565854312 and parameters: {'n_estimators': 188}. Best is trial 521 with value: 0.7920930117805459.
Trial 517 finished with value: 0.791278340527722 and parameters: {'n_estimators': 832}. Best is trial 521 with value: 0.7920930117805459.
Trial 535 finished with value: 0.790510766740849 and parameters: {'n_estimators': 425}. Best is trial 521 with value: 0.7920930117805459.
Trial 532 finished with value: 0.7905482709100577 and parameters: {'n_estimators': 559}. Best is trial 521 with value: 0.7920930117805459.
Trial 526 finished with value: 0.7909298947065279 and parameters: {'n_estimators': 660}. Best is trial 521 with value: 0.7920930117805459.
Trial 541 finished with value: 0.7906504932915038 and parameters: {'n_estimators': 358}. Best is trial 521 with value: 0.7920930117805459.
Trial 543 finished with value: 0.7909712458522432 and parameters: {'n_estimators': 364}. Best is trial 521 with value: 0.7920930117805459.
Trial 538 finished with value: 0.7904102212541305 and parameters: {'n_estimators': 451}. Best is trial 521 with value: 0.7920930117805459.
Trial 522 finished with value: 0.791605818143384 and parameters: {'n_estimators': 886}. Best is trial 521 with value: 0.7920930117805459.
Trial 534 finished with value: 0.7905062742802549 and parameters: {'n_estimators': 555}. Best is trial 521 with value: 0.7920930117805459.
Trial 554 finished with value: 0.7909607197327507 and parameters: {'n_estimators': 145}. Best is trial 521 with value: 0.7920930117805459.
Trial 561 finished with value: 0.7852452615534741 and parameters: {'n_estimators': 39}. Best is trial 521 with value: 0.7920930117805459.
Trial 531 finished with value: 0.7908108882389865 and parameters: {'n_estimators': 674}. Best is trial 521 with value: 0.7920930117805459.
Trial 555 finished with value: 0.7907650255120247 and parameters: {'n_estimators': 137}. Best is trial 521 with value: 0.7920930117805459.
Trial 537 finished with value: 0.7904393383327665 and parameters: {'n_estimators': 530}. Best is trial 521 with value: 0.7920930117805459.
Trial 540 finished with value: 0.7907470016726136 and parameters: {'n_estimators': 514}. Best is trial 521 with value: 0.7920930117805459.
Trial 539 finished with value: 0.7905554464845944 and parameters: {'n_estimators': 520}. Best is trial 521 with value: 0.7920930117805459.
Trial 560 finished with value: 0.7885846032621635 and parameters: {'n_estimators': 109}. Best is trial 521 with value: 0.7920930117805459.
Trial 545 finished with value: 0.7905029630044031 and parameters: {'n_estimators': 522}. Best is trial 521 with value: 0.7920930117805459.
Trial 546 finished with value: 0.790580524864775 and parameters: {'n_estimators': 509}. Best is trial 521 with value: 0.7920930117805459.
Trial 556 finished with value: 0.7909085171009246 and parameters: {'n_estimators': 257}. Best is trial 521 with value: 0.7920930117805459.
Trial 536 finished with value: 0.7908130076739912 and parameters: {'n_estimators': 688}. Best is trial 521 with value: 0.7920930117805459.
Trial 548 finished with value: 0.7907663442231423 and parameters: {'n_estimators': 610}. Best is trial 521 with value: 0.7920930117805459.
Trial 553 finished with value: 0.790380889478386 and parameters: {'n_estimators': 423}. Best is trial 521 with value: 0.7920930117805459.
Trial 570 finished with value: 0.7910470564327767 and parameters: {'n_estimators': 254}. Best is trial 521 with value: 0.7920930117805459.
Trial 562 finished with value: 0.7904976103247703 and parameters: {'n_estimators': 322}. Best is trial 521 with value: 0.7920930117805459.
Trial 575 finished with value: 0.7912253167094201 and parameters: {'n_estimators': 185}. Best is trial 521 with value: 0.7920930117805459.
Trial 544 finished with value: 0.7914044381605332 and parameters: {'n_estimators': 777}. Best is trial 521 with value: 0.7920930117805459.
Trial 565 finished with value: 0.7907643675248497 and parameters: {'n_estimators': 360}. Best is trial 521 with value: 0.7920930117805459.
Trial 577 finished with value: 0.7886352096944437 and parameters: {'n_estimators': 101}. Best is trial 521 with value: 0.7920930117805459.
Trial 551 finished with value: 0.7908973110700507 and parameters: {'n_estimators': 721}. Best is trial 521 with value: 0.7920930117805459.
Trial 552 finished with value: 0.7910957198681325 and parameters: {'n_estimators': 735}. Best is trial 521 with value: 0.7920930117805459.
Trial 557 finished with value: 0.7905149529359493 and parameters: {'n_estimators': 571}. Best is trial 521 with value: 0.7920930117805459.
Trial 547 finished with value: 0.7914509962432448 and parameters: {'n_estimators': 819}. Best is trial 521 with value: 0.7920930117805459.
Trial 569 finished with value: 0.7905759667844443 and parameters: {'n_estimators': 430}. Best is trial 521 with value: 0.7920930117805459.
Trial 558 finished with value: 0.7906318726741013 and parameters: {'n_estimators': 597}. Best is trial 521 with value: 0.7920930117805459.
Trial 559 finished with value: 0.7908067084409721 and parameters: {'n_estimators': 617}. Best is trial 521 with value: 0.7920930117805459.
Trial 585 finished with value: 0.7914280226162014 and parameters: {'n_estimators': 159}. Best is trial 521 with value: 0.7920930117805459.
Trial 550 finished with value: 0.7914358719974007 and parameters: {'n_estimators': 972}. Best is trial 521 with value: 0.7920930117805459.
Trial 573 finished with value: 0.7905625364430664 and parameters: {'n_estimators': 542}. Best is trial 521 with value: 0.7920930117805459.
Trial 574 finished with value: 0.7905449206996095 and parameters: {'n_estimators': 519}. Best is trial 521 with value: 0.7920930117805459.
Trial 579 finished with value: 0.7903918710944928 and parameters: {'n_estimators': 408}. Best is trial 521 with value: 0.7920930117805459.
Trial 591 finished with value: 0.791269137751624 and parameters: {'n_estimators': 183}. Best is trial 521 with value: 0.7920930117805459.
Trial 564 finished with value: 0.791031386980282 and parameters: {'n_estimators': 752}. Best is trial 521 with value: 0.7920930117805459.
Trial 586 finished with value: 0.7906752581755802 and parameters: {'n_estimators': 307}. Best is trial 521 with value: 0.7920930117805459.
Trial 578 finished with value: 0.7906404585471074 and parameters: {'n_estimators': 511}. Best is trial 521 with value: 0.7920930117805459.
Trial 567 finished with value: 0.7913461595040469 and parameters: {'n_estimators': 815}. Best is trial 521 with value: 0.7920930117805459.
Trial 584 finished with value: 0.7905919659415697 and parameters: {'n_estimators': 433}. Best is trial 521 with value: 0.7920930117805459.
Trial 576 finished with value: 0.7905064686063753 and parameters: {'n_estimators': 572}. Best is trial 521 with value: 0.7920930117805459.
Trial 566 finished with value: 0.791334413566976 and parameters: {'n_estimators': 831}. Best is trial 521 with value: 0.7920930117805459.
Trial 571 finished with value: 0.7913491811839539 and parameters: {'n_estimators': 798}. Best is trial 521 with value: 0.7920930117805459.
Trial 563 finished with value: 0.7914571664622276 and parameters: {'n_estimators': 872}. Best is trial 521 with value: 0.7920930117805459.
Trial 568 finished with value: 0.7913345072768536 and parameters: {'n_estimators': 837}. Best is trial 521 with value: 0.7920930117805459.
Trial 572 finished with value: 0.7914509962432448 and parameters: {'n_estimators': 819}. Best is trial 521 with value: 0.7920930117805459.
Trial 600 finished with value: 0.7907963903083282 and parameters: {'n_estimators': 139}. Best is trial 521 with value: 0.7920930117805459.
Trial 588 finished with value: 0.7906434653162685 and parameters: {'n_estimators': 595}. Best is trial 521 with value: 0.7920930117805459.
Trial 581 finished with value: 0.7909831157789144 and parameters: {'n_estimators': 712}. Best is trial 521 with value: 0.7920930117805459.
Trial 593 finished with value: 0.7905856041337589 and parameters: {'n_estimators': 418}. Best is trial 521 with value: 0.7920930117805459.
Trial 589 finished with value: 0.7907663442231423 and parameters: {'n_estimators': 610}. Best is trial 521 with value: 0.7920930117805459.
Trial 610 finished with value: 0.7873913945477125 and parameters: {'n_estimators': 59}. Best is trial 521 with value: 0.7920930117805459.
Trial 590 finished with value: 0.7908557373117805 and parameters: {'n_estimators': 620}. Best is trial 521 with value: 0.7920930117805459.
Trial 605 finished with value: 0.790671921558932 and parameters: {'n_estimators': 295}. Best is trial 521 with value: 0.7920930117805459.
Trial 599 finished with value: 0.7904400222847704 and parameters: {'n_estimators': 375}. Best is trial 521 with value: 0.7920930117805459.
Trial 582 finished with value: 0.7914653998893664 and parameters: {'n_estimators': 901}. Best is trial 521 with value: 0.7920930117805459.
Trial 580 finished with value: 0.791374163139637 and parameters: {'n_estimators': 927}. Best is trial 521 with value: 0.7920930117805459.
Trial 602 finished with value: 0.7902905780249865 and parameters: {'n_estimators': 448}. Best is trial 521 with value: 0.7920930117805459.
Trial 603 finished with value: 0.790202978924901 and parameters: {'n_estimators': 478}. Best is trial 521 with value: 0.7920930117805459.
Trial 587 finished with value: 0.7912791828294333 and parameters: {'n_estimators': 862}. Best is trial 521 with value: 0.7920930117805459.
Trial 583 finished with value: 0.7914586627008182 and parameters: {'n_estimators': 970}. Best is trial 521 with value: 0.7920930117805459.
Trial 598 finished with value: 0.790568064866923 and parameters: {'n_estimators': 589}. Best is trial 521 with value: 0.7920930117805459.
Trial 609 finished with value: 0.7907102795706754 and parameters: {'n_estimators': 316}. Best is trial 521 with value: 0.7920930117805459.
Trial 616 finished with value: 0.7906254455819363 and parameters: {'n_estimators': 209}. Best is trial 521 with value: 0.7920930117805459.
Trial 621 finished with value: 0.7885456640015842 and parameters: {'n_estimators': 105}. Best is trial 521 with value: 0.7920930117805459.
Trial 596 finished with value: 0.7909516045133633 and parameters: {'n_estimators': 719}. Best is trial 521 with value: 0.7920930117805459.
Trial 601 finished with value: 0.7910331000635304 and parameters: {'n_estimators': 654}. Best is trial 521 with value: 0.7920930117805459.
Trial 606 finished with value: 0.7908214756735763 and parameters: {'n_estimators': 622}. Best is trial 521 with value: 0.7920930117805459.
Trial 594 finished with value: 0.7913260641576494 and parameters: {'n_estimators': 840}. Best is trial 521 with value: 0.7920930117805459.
Trial 614 finished with value: 0.7905804086827721 and parameters: {'n_estimators': 341}. Best is trial 521 with value: 0.7920930117805459.
Trial 624 finished with value: 0.7908526063385845 and parameters: {'n_estimators': 138}. Best is trial 521 with value: 0.7920930117805459.
Trial 592 finished with value: 0.7914118759051331 and parameters: {'n_estimators': 913}. Best is trial 521 with value: 0.7920930117805459.
Trial 623 finished with value: 0.7911628247825677 and parameters: {'n_estimators': 192}. Best is trial 521 with value: 0.7920930117805459.
Trial 625 finished with value: 0.7905870788562441 and parameters: {'n_estimators': 155}. Best is trial 521 with value: 0.7920930117805459.
Trial 607 finished with value: 0.7907897130709262 and parameters: {'n_estimators': 681}. Best is trial 521 with value: 0.7920930117805459.
Trial 628 finished with value: 0.7909849512867397 and parameters: {'n_estimators': 132}. Best is trial 521 with value: 0.7920930117805459.
Trial 595 finished with value: 0.79141654382756 and parameters: {'n_estimators': 919}. Best is trial 521 with value: 0.7920930117805459.
Trial 622 finished with value: 0.7905703679486329 and parameters: {'n_estimators': 303}. Best is trial 521 with value: 0.7920930117805459.
Trial 634 finished with value: 0.7910073892024256 and parameters: {'n_estimators': 142}. Best is trial 521 with value: 0.7920930117805459.
Trial 608 finished with value: 0.7910467688093605 and parameters: {'n_estimators': 732}. Best is trial 521 with value: 0.7920930117805459.
Trial 611 finished with value: 0.7910173636463627 and parameters: {'n_estimators': 644}. Best is trial 521 with value: 0.7920930117805459.
Trial 633 finished with value: 0.7912253167094201 and parameters: {'n_estimators': 185}. Best is trial 521 with value: 0.7920930117805459.
Trial 597 finished with value: 0.7916454188331714 and parameters: {'n_estimators': 990}. Best is trial 521 with value: 0.7920930117805459.
Trial 615 finished with value: 0.7905672188016399 and parameters: {'n_estimators': 579}. Best is trial 521 with value: 0.7920930117805459.
Trial 604 finished with value: 0.7913616243722532 and parameters: {'n_estimators': 951}. Best is trial 521 with value: 0.7920930117805459.
Trial 617 finished with value: 0.7905467689926607 and parameters: {'n_estimators': 567}. Best is trial 521 with value: 0.7920930117805459.
Trial 632 finished with value: 0.7906994083453182 and parameters: {'n_estimators': 356}. Best is trial 521 with value: 0.7920930117805459.
Trial 626 finished with value: 0.7904102212541305 and parameters: {'n_estimators': 451}. Best is trial 521 with value: 0.7920930117805459.
Trial 639 finished with value: 0.790910197051646 and parameters: {'n_estimators': 249}. Best is trial 521 with value: 0.7920930117805459.
Trial 630 finished with value: 0.7905862752760211 and parameters: {'n_estimators': 439}. Best is trial 521 with value: 0.7920930117805459.
Trial 637 finished with value: 0.7904782004455398 and parameters: {'n_estimators': 387}. Best is trial 521 with value: 0.7920930117805459.
Trial 618 finished with value: 0.791306283803057 and parameters: {'n_estimators': 788}. Best is trial 521 with value: 0.7920930117805459.
Trial 612 finished with value: 0.7913390108001992 and parameters: {'n_estimators': 957}. Best is trial 521 with value: 0.7920930117805459.
Trial 635 finished with value: 0.790580524864775 and parameters: {'n_estimators': 509}. Best is trial 521 with value: 0.7920930117805459.
Trial 613 finished with value: 0.7913691409327106 and parameters: {'n_estimators': 959}. Best is trial 521 with value: 0.7920930117805459.
Trial 629 finished with value: 0.7910719832959136 and parameters: {'n_estimators': 649}. Best is trial 521 with value: 0.7920930117805459.
Trial 650 finished with value: 0.7908384758585487 and parameters: {'n_estimators': 291}. Best is trial 521 with value: 0.7920930117805459.
