Trial 967 finished with value: 0.787396272354034 and parameters: {'n_estimators': 60}. Best is trial 680 with value: 0.7921145157575575.
Trial 930 finished with value: 0.7913455139372242 and parameters: {'n_estimators': 802}. Best is trial 680 with value: 0.7921145157575575.
Trial 935 finished with value: 0.7911026673544581 and parameters: {'n_estimators': 755}. Best is trial 680 with value: 0.7921145157575575.
Trial 952 finished with value: 0.7905029630044031 and parameters: {'n_estimators': 522}. Best is trial 680 with value: 0.7921145157575575.
Trial 955 finished with value: 0.7903192420848317 and parameters: {'n_estimators': 465}. Best is trial 680 with value: 0.7921145157575575.
Trial 973 finished with value: 0.7906254455819363 and parameters: {'n_estimators': 209}. Best is trial 680 with value: 0.7921145157575575.
Trial 939 finished with value: 0.7913231164587579 and parameters: {'n_estimators': 810}. Best is trial 680 with value: 0.7921145157575575.
Trial 937 finished with value: 0.7912791828294333 and parameters: {'n_estimators': 862}. Best is trial 680 with value: 0.7921145157575575.
Trial 956 finished with value: 0.7905388636205306 and parameters: {'n_estimators': 566}. Best is trial 680 with value: 0.7921145157575575.
Trial 978 finished with value: 0.7908936210057621 and parameters: {'n_estimators': 147}. Best is trial 680 with value: 0.7921145157575575.
Trial 969 finished with value: 0.7904853325966399 and parameters: {'n_estimators': 372}. Best is trial 680 with value: 0.7921145157575575.
Trial 970 finished with value: 0.7908474447079217 and parameters: {'n_estimators': 361}. Best is trial 680 with value: 0.7921145157575575.
Trial 984 finished with value: 0.7853712189566027 and parameters: {'n_estimators': 47}. Best is trial 680 with value: 0.7921145157575575.
Trial 957 finished with value: 0.7908516385314496 and parameters: {'n_estimators': 627}. Best is trial 680 with value: 0.7921145157575575.
Trial 941 finished with value: 0.7913963579480943 and parameters: {'n_estimators': 950}. Best is trial 680 with value: 0.7921145157575575.
Trial 974 finished with value: 0.7902418791411728 and parameters: {'n_estimators': 396}. Best is trial 680 with value: 0.7921145157575575.
Trial 979 finished with value: 0.7909118601721946 and parameters: {'n_estimators': 228}. Best is trial 680 with value: 0.7921145157575575.
Trial 975 finished with value: 0.7902653527763889 and parameters: {'n_estimators': 407}. Best is trial 680 with value: 0.7921145157575575.
Trial 959 finished with value: 0.7908516385314496 and parameters: {'n_estimators': 627}. Best is trial 680 with value: 0.7921145157575575.
Trial 993 finished with value: 0.78676110884233 and parameters: {'n_estimators': 55}. Best is trial 680 with value: 0.7921145157575575.
Trial 958 finished with value: 0.7914224173947495 and parameters: {'n_estimators': 783}. Best is trial 680 with value: 0.7921145157575575.
Trial 971 finished with value: 0.7907462745318583 and parameters: {'n_estimators': 612}. Best is trial 680 with value: 0.7921145157575575.
Trial 951 finished with value: 0.791454418408004 and parameters: {'n_estimators': 976}. Best is trial 680 with value: 0.7921145157575575.
Trial 968 finished with value: 0.7910173636463627 and parameters: {'n_estimators': 644}. Best is trial 680 with value: 0.7921145157575575.
Trial 977 finished with value: 0.7905341938187511 and parameters: {'n_estimators': 544}. Best is trial 680 with value: 0.7921145157575575.
Trial 985 finished with value: 0.7906994083453182 and parameters: {'n_estimators': 356}. Best is trial 680 with value: 0.7921145157575575.
Trial 964 finished with value: 0.7913865076046399 and parameters: {'n_estimators': 784}. Best is trial 680 with value: 0.7921145157575575.
Trial 961 finished with value: 0.7913213121807328 and parameters: {'n_estimators': 852}. Best is trial 680 with value: 0.7921145157575575.
Trial 990 finished with value: 0.790671921558932 and parameters: {'n_estimators': 295}. Best is trial 680 with value: 0.7921145157575575.
Trial 992 finished with value: 0.7907536733128919 and parameters: {'n_estimators': 310}. Best is trial 680 with value: 0.7921145157575575.
Trial 988 finished with value: 0.7905927209297131 and parameters: {'n_estimators': 434}. Best is trial 680 with value: 0.7921145157575575.
Trial 976 finished with value: 0.7912063671043266 and parameters: {'n_estimators': 768}. Best is trial 680 with value: 0.7921145157575575.
Trial 982 finished with value: 0.7906392017878876 and parameters: {'n_estimators': 603}. Best is trial 680 with value: 0.7921145157575575.
Trial 960 finished with value: 0.7915324978189825 and parameters: {'n_estimators': 997}. Best is trial 680 with value: 0.7921145157575575.
Trial 989 finished with value: 0.7904264680959965 and parameters: {'n_estimators': 466}. Best is trial 680 with value: 0.7921145157575575.
Trial 998 finished with value: 0.7912893262652859 and parameters: {'n_estimators': 267}. Best is trial 680 with value: 0.7921145157575575.
Trial 995 finished with value: 0.7904976103247703 and parameters: {'n_estimators': 322}. Best is trial 680 with value: 0.7921145157575575.
Trial 980 finished with value: 0.7908113109554114 and parameters: {'n_estimators': 675}. Best is trial 680 with value: 0.7921145157575575.
Trial 966 finished with value: 0.7915489476401658 and parameters: {'n_estimators': 1000}. Best is trial 680 with value: 0.7921145157575575.
Trial 999 finished with value: 0.7905206264666862 and parameters: {'n_estimators': 302}. Best is trial 680 with value: 0.7921145157575575.
Trial 991 finished with value: 0.7903932999471033 and parameters: {'n_estimators': 533}. Best is trial 680 with value: 0.7921145157575575.
Trial 972 finished with value: 0.7915933319296616 and parameters: {'n_estimators': 988}. Best is trial 680 with value: 0.7921145157575575.
Trial 981 finished with value: 0.7914157937915729 and parameters: {'n_estimators': 906}. Best is trial 680 with value: 0.7921145157575575.
Trial 996 finished with value: 0.7906392017878876 and parameters: {'n_estimators': 603}. Best is trial 680 with value: 0.7921145157575575.
Trial 986 finished with value: 0.791529641721483 and parameters: {'n_estimators': 895}. Best is trial 680 with value: 0.7921145157575575.
Trial 983 finished with value: 0.7914358719974007 and parameters: {'n_estimators': 972}. Best is trial 680 with value: 0.7921145157575575.
Trial 987 finished with value: 0.7914358719974007 and parameters: {'n_estimators': 972}. Best is trial 680 with value: 0.7921145157575575.
Trial 994 finished with value: 0.7914577752202451 and parameters: {'n_estimators': 965}. Best is trial 680 with value: 0.7921145157575575.
Trial 997 finished with value: 0.7913255996743255 and parameters: {'n_estimators': 859}. Best is trial 680 with value: 0.7921145157575575.
