Trial 299 finished with value: 0.7913569433663613 and parameters: {'n_estimators': 929}. Best is trial 218 with value: 0.7917819660817103.
Trial 302 finished with value: 0.7913547828711913 and parameters: {'n_estimators': 850}. Best is trial 218 with value: 0.7917819660817103.
Trial 331 finished with value: 0.7914280226162014 and parameters: {'n_estimators': 159}. Best is trial 218 with value: 0.7917819660817103.
Trial 343 finished with value: 0.7830001433469724 and parameters: {'n_estimators': 29}. Best is trial 218 with value: 0.7917819660817103.
Trial 327 finished with value: 0.7909580893345349 and parameters: {'n_estimators': 290}. Best is trial 218 with value: 0.7917819660817103.
Trial 335 finished with value: 0.7906645531691078 and parameters: {'n_estimators': 201}. Best is trial 218 with value: 0.7917819660817103.
Trial 312 finished with value: 0.7913791612183727 and parameters: {'n_estimators': 821}. Best is trial 218 with value: 0.7917819660817103.
Trial 334 finished with value: 0.7910256560327769 and parameters: {'n_estimators': 258}. Best is trial 218 with value: 0.7917819660817103.
Trial 345 finished with value: 0.7889271385698767 and parameters: {'n_estimators': 97}. Best is trial 218 with value: 0.7917819660817103.
Trial 323 finished with value: 0.7905625364430664 and parameters: {'n_estimators': 542}. Best is trial 218 with value: 0.7917819660817103.
Trial 337 finished with value: 0.7910486108436062 and parameters: {'n_estimators': 261}. Best is trial 218 with value: 0.7917819660817103.
Trial 336 finished with value: 0.7907885995359466 and parameters: {'n_estimators': 309}. Best is trial 218 with value: 0.7917819660817103.
Trial 347 finished with value: 0.7909611156523735 and parameters: {'n_estimators': 131}. Best is trial 218 with value: 0.7917819660817103.
Trial 326 finished with value: 0.7904588162778047 and parameters: {'n_estimators': 507}. Best is trial 218 with value: 0.7917819660817103.
Trial 346 finished with value: 0.791982374369849 and parameters: {'n_estimators': 177}. Best is trial 346 with value: 0.791982374369849.
Trial 309 finished with value: 0.7914996844783124 and parameters: {'n_estimators': 985}. Best is trial 346 with value: 0.791982374369849.
Trial 321 finished with value: 0.7909525702468244 and parameters: {'n_estimators': 715}. Best is trial 346 with value: 0.791982374369849.
Trial 319 finished with value: 0.7910459840343358 and parameters: {'n_estimators': 741}. Best is trial 346 with value: 0.791982374369849.
Trial 342 finished with value: 0.791277816833612 and parameters: {'n_estimators': 265}. Best is trial 346 with value: 0.791982374369849.
Trial 332 finished with value: 0.7905268744120668 and parameters: {'n_estimators': 429}. Best is trial 346 with value: 0.791982374369849.
Trial 360 finished with value: 0.7897439142452141 and parameters: {'n_estimators': 117}. Best is trial 346 with value: 0.791982374369849.
Trial 328 finished with value: 0.7909893402790207 and parameters: {'n_estimators': 709}. Best is trial 346 with value: 0.791982374369849.
Trial 354 finished with value: 0.7909580893345349 and parameters: {'n_estimators': 290}. Best is trial 346 with value: 0.791982374369849.
Trial 325 finished with value: 0.7912663221418669 and parameters: {'n_estimators': 861}. Best is trial 346 with value: 0.791982374369849.
Trial 338 finished with value: 0.7906216267975759 and parameters: {'n_estimators': 591}. Best is trial 346 with value: 0.791982374369849.
Trial 329 finished with value: 0.7911484573926688 and parameters: {'n_estimators': 760}. Best is trial 346 with value: 0.791982374369849.
Trial 364 finished with value: 0.7873913945477125 and parameters: {'n_estimators': 59}. Best is trial 346 with value: 0.791982374369849.
Trial 351 finished with value: 0.7903390583257918 and parameters: {'n_estimators': 406}. Best is trial 346 with value: 0.791982374369849.
Trial 350 finished with value: 0.790415620191483 and parameters: {'n_estimators': 445}. Best is trial 346 with value: 0.791982374369849.
Trial 361 finished with value: 0.7906841953789264 and parameters: {'n_estimators': 300}. Best is trial 346 with value: 0.791982374369849.
Trial 330 finished with value: 0.7914014368555401 and parameters: {'n_estimators': 779}. Best is trial 346 with value: 0.791982374369849.
Trial 358 finished with value: 0.790956589438857 and parameters: {'n_estimators': 366}. Best is trial 346 with value: 0.791982374369849.
Trial 341 finished with value: 0.7910554014495595 and parameters: {'n_estimators': 648}. Best is trial 346 with value: 0.791982374369849.
Trial 356 finished with value: 0.7905927209297131 and parameters: {'n_estimators': 434}. Best is trial 346 with value: 0.791982374369849.
Trial 340 finished with value: 0.7908671040598031 and parameters: {'n_estimators': 684}. Best is trial 346 with value: 0.791982374369849.
Trial 349 finished with value: 0.7906949525638297 and parameters: {'n_estimators': 594}. Best is trial 346 with value: 0.791982374369849.
Trial 370 finished with value: 0.7914280226162014 and parameters: {'n_estimators': 159}. Best is trial 346 with value: 0.791982374369849.
Trial 368 finished with value: 0.791269137751624 and parameters: {'n_estimators': 183}. Best is trial 346 with value: 0.791982374369849.
Trial 363 finished with value: 0.7905351352931541 and parameters: {'n_estimators': 340}. Best is trial 346 with value: 0.791982374369849.
Trial 333 finished with value: 0.7913580453039304 and parameters: {'n_estimators': 954}. Best is trial 346 with value: 0.791982374369849.
Trial 344 finished with value: 0.7912917636023431 and parameters: {'n_estimators': 800}. Best is trial 346 with value: 0.791982374369849.
Trial 382 finished with value: 0.7688307269948009 and parameters: {'n_estimators': 10}. Best is trial 346 with value: 0.791982374369849.
Trial 339 finished with value: 0.7913218986034767 and parameters: {'n_estimators': 856}. Best is trial 346 with value: 0.791982374369849.
Trial 352 finished with value: 0.7908753885494857 and parameters: {'n_estimators': 676}. Best is trial 346 with value: 0.791982374369849.
Trial 374 finished with value: 0.7909287421774425 and parameters: {'n_estimators': 244}. Best is trial 346 with value: 0.791982374369849.
Trial 359 finished with value: 0.7908444809360552 and parameters: {'n_estimators': 624}. Best is trial 346 with value: 0.791982374369849.
Trial 369 finished with value: 0.790819950491467 and parameters: {'n_estimators': 345}. Best is trial 346 with value: 0.791982374369849.
Trial 348 finished with value: 0.7913339394589656 and parameters: {'n_estimators': 812}. Best is trial 346 with value: 0.791982374369849.
Trial 384 finished with value: 0.7888857829629494 and parameters: {'n_estimators': 100}. Best is trial 346 with value: 0.791982374369849.
Trial 376 finished with value: 0.7912288443642586 and parameters: {'n_estimators': 268}. Best is trial 346 with value: 0.791982374369849.
Trial 355 finished with value: 0.7910794569496102 and parameters: {'n_estimators': 740}. Best is trial 346 with value: 0.791982374369849.
Trial 365 finished with value: 0.7903894372370276 and parameters: {'n_estimators': 472}. Best is trial 346 with value: 0.791982374369849.
Trial 362 finished with value: 0.7910376817121576 and parameters: {'n_estimators': 651}. Best is trial 346 with value: 0.791982374369849.
Trial 353 finished with value: 0.7913305907353274 and parameters: {'n_estimators': 838}. Best is trial 346 with value: 0.791982374369849.
Trial 357 finished with value: 0.791332498406684 and parameters: {'n_estimators': 813}. Best is trial 346 with value: 0.791982374369849.
Trial 391 finished with value: 0.7912801302035612 and parameters: {'n_estimators': 161}. Best is trial 346 with value: 0.791982374369849.
Trial 387 finished with value: 0.7910267617836256 and parameters: {'n_estimators': 235}. Best is trial 346 with value: 0.791982374369849.
Trial 375 finished with value: 0.7901906522127122 and parameters: {'n_estimators': 479}. Best is trial 346 with value: 0.791982374369849.
Trial 390 finished with value: 0.7906123396457745 and parameters: {'n_estimators': 210}. Best is trial 346 with value: 0.791982374369849.
Trial 399 finished with value: 0.787396272354034 and parameters: {'n_estimators': 60}. Best is trial 346 with value: 0.791982374369849.
Trial 388 finished with value: 0.791028241890181 and parameters: {'n_estimators': 276}. Best is trial 346 with value: 0.791982374369849.
Trial 379 finished with value: 0.7903937881714256 and parameters: {'n_estimators': 462}. Best is trial 346 with value: 0.791982374369849.
Trial 383 finished with value: 0.7904388369227218 and parameters: {'n_estimators': 421}. Best is trial 346 with value: 0.791982374369849.
Trial 367 finished with value: 0.7909817370335829 and parameters: {'n_estimators': 711}. Best is trial 346 with value: 0.791982374369849.
Trial 377 finished with value: 0.7905805236016924 and parameters: {'n_estimators': 541}. Best is trial 346 with value: 0.791982374369849.
Trial 402 finished with value: 0.7883052373261745 and parameters: {'n_estimators': 68}. Best is trial 346 with value: 0.791982374369849.
Trial 372 finished with value: 0.7908296980218019 and parameters: {'n_estimators': 664}. Best is trial 346 with value: 0.791982374369849.
Trial 378 finished with value: 0.7904662351044961 and parameters: {'n_estimators': 527}. Best is trial 346 with value: 0.791982374369849.
Trial 392 finished with value: 0.7905351352931541 and parameters: {'n_estimators': 340}. Best is trial 346 with value: 0.791982374369849.
Trial 373 finished with value: 0.7909118449519082 and parameters: {'n_estimators': 720}. Best is trial 346 with value: 0.791982374369849.
Trial 385 finished with value: 0.7901277374987887 and parameters: {'n_estimators': 500}. Best is trial 346 with value: 0.791982374369849.
Trial 397 finished with value: 0.7908947903118858 and parameters: {'n_estimators': 280}. Best is trial 346 with value: 0.791982374369849.
Trial 366 finished with value: 0.7915820204764679 and parameters: {'n_estimators': 884}. Best is trial 346 with value: 0.791982374369849.
Trial 404 finished with value: 0.7910256560327769 and parameters: {'n_estimators': 258}. Best is trial 346 with value: 0.791982374369849.
Trial 381 finished with value: 0.7909347911916562 and parameters: {'n_estimators': 718}. Best is trial 346 with value: 0.791982374369849.
Trial 380 finished with value: 0.7909536463414877 and parameters: {'n_estimators': 722}. Best is trial 346 with value: 0.791982374369849.
Trial 393 finished with value: 0.7905924589129986 and parameters: {'n_estimators': 581}. Best is trial 346 with value: 0.791982374369849.
Trial 371 finished with value: 0.791639440946174 and parameters: {'n_estimators': 989}. Best is trial 346 with value: 0.791982374369849.
Trial 403 finished with value: 0.7907643675248497 and parameters: {'n_estimators': 360}. Best is trial 346 with value: 0.791982374369849.
Trial 406 finished with value: 0.7906504932915038 and parameters: {'n_estimators': 358}. Best is trial 346 with value: 0.791982374369849.
Trial 395 finished with value: 0.790568064866923 and parameters: {'n_estimators': 589}. Best is trial 346 with value: 0.791982374369849.
Trial 412 finished with value: 0.7912288443642586 and parameters: {'n_estimators': 268}. Best is trial 346 with value: 0.791982374369849.
Trial 386 finished with value: 0.7913461595040469 and parameters: {'n_estimators': 815}. Best is trial 346 with value: 0.791982374369849.
Trial 400 finished with value: 0.7905000796910182 and parameters: {'n_estimators': 577}. Best is trial 346 with value: 0.791982374369849.
Trial 419 finished with value: 0.7913794426691501 and parameters: {'n_estimators': 163}. Best is trial 346 with value: 0.791982374369849.
Trial 418 finished with value: 0.7909934981708294 and parameters: {'n_estimators': 196}. Best is trial 346 with value: 0.791982374369849.
Trial 389 finished with value: 0.7912757543349613 and parameters: {'n_estimators': 855}. Best is trial 346 with value: 0.791982374369849.
Trial 421 finished with value: 0.7919413433717087 and parameters: {'n_estimators': 178}. Best is trial 346 with value: 0.791982374369849.
Trial 401 finished with value: 0.7907525735796453 and parameters: {'n_estimators': 611}. Best is trial 346 with value: 0.791982374369849.
Trial 396 finished with value: 0.7909400207993711 and parameters: {'n_estimators': 750}. Best is trial 346 with value: 0.791982374369849.
Trial 410 finished with value: 0.7905482709100577 and parameters: {'n_estimators': 559}. Best is trial 346 with value: 0.791982374369849.
Trial 398 finished with value: 0.7910431739356186 and parameters: {'n_estimators': 753}. Best is trial 346 with value: 0.791982374369849.
Trial 416 finished with value: 0.7903250030426705 and parameters: {'n_estimators': 393}. Best is trial 346 with value: 0.791982374369849.
Trial 425 finished with value: 0.790910197051646 and parameters: {'n_estimators': 249}. Best is trial 346 with value: 0.791982374369849.
Trial 394 finished with value: 0.7913834062742227 and parameters: {'n_estimators': 943}. Best is trial 346 with value: 0.791982374369849.
Trial 407 finished with value: 0.7909516045133633 and parameters: {'n_estimators': 719}. Best is trial 346 with value: 0.791982374369849.
Trial 413 finished with value: 0.7909251917071932 and parameters: {'n_estimators': 634}. Best is trial 346 with value: 0.791982374369849.
Trial 408 finished with value: 0.7909447519698792 and parameters: {'n_estimators': 749}. Best is trial 346 with value: 0.791982374369849.
Trial 426 finished with value: 0.7906674154968846 and parameters: {'n_estimators': 305}. Best is trial 346 with value: 0.791982374369849.
Trial 415 finished with value: 0.79049238871322 and parameters: {'n_estimators': 564}. Best is trial 346 with value: 0.791982374369849.
Trial 409 finished with value: 0.7912917636023431 and parameters: {'n_estimators': 800}. Best is trial 346 with value: 0.791982374369849.
Trial 433 finished with value: 0.7906365621467283 and parameters: {'n_estimators': 214}. Best is trial 346 with value: 0.791982374369849.
Trial 420 finished with value: 0.7904646541292175 and parameters: {'n_estimators': 523}. Best is trial 346 with value: 0.791982374369849.
Trial 439 finished with value: 0.7897869310594879 and parameters: {'n_estimators': 120}. Best is trial 346 with value: 0.791982374369849.
Trial 417 finished with value: 0.7909251917071932 and parameters: {'n_estimators': 634}. Best is trial 346 with value: 0.791982374369849.
Trial 411 finished with value: 0.7914083739928883 and parameters: {'n_estimators': 870}. Best is trial 346 with value: 0.791982374369849.
Trial 435 finished with value: 0.7908185805248649 and parameters: {'n_estimators': 241}. Best is trial 346 with value: 0.791982374369849.
Trial 427 finished with value: 0.7903789524005357 and parameters: {'n_estimators': 463}. Best is trial 346 with value: 0.791982374369849.
Trial 405 finished with value: 0.7914406199395944 and parameters: {'n_estimators': 974}. Best is trial 346 with value: 0.791982374369849.
Trial 423 finished with value: 0.7908214756735763 and parameters: {'n_estimators': 622}. Best is trial 346 with value: 0.791982374369849.
Trial 445 finished with value: 0.7909483138571902 and parameters: {'n_estimators': 140}. Best is trial 346 with value: 0.791982374369849.
Trial 443 finished with value: 0.7906711343798938 and parameters: {'n_estimators': 207}. Best is trial 346 with value: 0.791982374369849.
Trial 431 finished with value: 0.7900838113596611 and parameters: {'n_estimators': 499}. Best is trial 346 with value: 0.791982374369849.
Trial 454 finished with value: 0.7876406184767983 and parameters: {'n_estimators': 85}. Best is trial 346 with value: 0.791982374369849.
Trial 414 finished with value: 0.7915489476401658 and parameters: {'n_estimators': 1000}. Best is trial 346 with value: 0.791982374369849.
Trial 437 finished with value: 0.7904358584698186 and parameters: {'n_estimators': 422}. Best is trial 346 with value: 0.791982374369849.
Trial 441 finished with value: 0.790882704876757 and parameters: {'n_estimators': 346}. Best is trial 346 with value: 0.791982374369849.
Trial 434 finished with value: 0.7906373955724852 and parameters: {'n_estimators': 517}. Best is trial 346 with value: 0.791982374369849.
Trial 446 finished with value: 0.791028241890181 and parameters: {'n_estimators': 276}. Best is trial 346 with value: 0.791982374369849.
Trial 424 finished with value: 0.7911180944578791 and parameters: {'n_estimators': 756}. Best is trial 346 with value: 0.791982374369849.
Trial 430 finished with value: 0.7908980733251825 and parameters: {'n_estimators': 666}. Best is trial 346 with value: 0.791982374369849.
Trial 455 finished with value: 0.7869214618608937 and parameters: {'n_estimators': 72}. Best is trial 346 with value: 0.791982374369849.
Trial 438 finished with value: 0.7903937881714256 and parameters: {'n_estimators': 462}. Best is trial 346 with value: 0.791982374369849.
Trial 462 finished with value: 0.7882417232885374 and parameters: {'n_estimators': 65}. Best is trial 346 with value: 0.791982374369849.
Trial 422 finished with value: 0.7914878554496587 and parameters: {'n_estimators': 899}. Best is trial 346 with value: 0.791982374369849.
Trial 456 finished with value: 0.7913818977116758 and parameters: {'n_estimators': 184}. Best is trial 346 with value: 0.791982374369849.
Trial 429 finished with value: 0.7912977113451946 and parameters: {'n_estimators': 797}. Best is trial 346 with value: 0.791982374369849.
Trial 451 finished with value: 0.7906736239869283 and parameters: {'n_estimators': 359}. Best is trial 346 with value: 0.791982374369849.
Trial 436 finished with value: 0.7909710126026088 and parameters: {'n_estimators': 655}. Best is trial 346 with value: 0.791982374369849.
Trial 458 finished with value: 0.7907372594357592 and parameters: {'n_estimators': 220}. Best is trial 346 with value: 0.791982374369849.
Trial 469 finished with value: 0.7742611875693568 and parameters: {'n_estimators': 16}. Best is trial 346 with value: 0.791982374369849.
Trial 449 finished with value: 0.7904601491806869 and parameters: {'n_estimators': 441}. Best is trial 346 with value: 0.791982374369849.
Trial 452 finished with value: 0.7903250030426705 and parameters: {'n_estimators': 393}. Best is trial 346 with value: 0.791982374369849.
Trial 468 finished with value: 0.7908460740758542 and parameters: {'n_estimators': 130}. Best is trial 346 with value: 0.791982374369849.
Trial 442 finished with value: 0.7909015353937496 and parameters: {'n_estimators': 663}. Best is trial 346 with value: 0.791982374369849.
Trial 428 finished with value: 0.7915615892847498 and parameters: {'n_estimators': 981}. Best is trial 346 with value: 0.791982374369849.
Trial 450 finished with value: 0.7903819137433582 and parameters: {'n_estimators': 535}. Best is trial 346 with value: 0.791982374369849.
Trial 432 finished with value: 0.7913931232755823 and parameters: {'n_estimators': 923}. Best is trial 346 with value: 0.791982374369849.
Trial 457 finished with value: 0.7902800717158515 and parameters: {'n_estimators': 401}. Best is trial 346 with value: 0.791982374369849.
Trial 453 finished with value: 0.7906373955724852 and parameters: {'n_estimators': 517}. Best is trial 346 with value: 0.791982374369849.
Trial 480 finished with value: 0.7688307269948009 and parameters: {'n_estimators': 10}. Best is trial 346 with value: 0.791982374369849.
Trial 470 finished with value: 0.7908669193883144 and parameters: {'n_estimators': 202}. Best is trial 346 with value: 0.791982374369849.
Trial 471 finished with value: 0.7909118601721946 and parameters: {'n_estimators': 228}. Best is trial 346 with value: 0.791982374369849.
Trial 479 finished with value: 0.789665730824898 and parameters: {'n_estimators': 118}. Best is trial 346 with value: 0.791982374369849.
Trial 483 finished with value: 0.7876406184767983 and parameters: {'n_estimators': 85}. Best is trial 346 with value: 0.791982374369849.
Trial 467 finished with value: 0.790882704876757 and parameters: {'n_estimators': 346}. Best is trial 346 with value: 0.791982374369849.
Trial 447 finished with value: 0.7910595143291382 and parameters: {'n_estimators': 734}. Best is trial 346 with value: 0.791982374369849.
Trial 444 finished with value: 0.7913053532302398 and parameters: {'n_estimators': 844}. Best is trial 346 with value: 0.791982374369849.
Trial 472 finished with value: 0.790600088759153 and parameters: {'n_estimators': 319}. Best is trial 346 with value: 0.791982374369849.
Trial 461 finished with value: 0.7904476451605706 and parameters: {'n_estimators': 524}. Best is trial 346 with value: 0.791982374369849.
Trial 476 finished with value: 0.7910530509072966 and parameters: {'n_estimators': 231}. Best is trial 346 with value: 0.791982374369849.
Trial 440 finished with value: 0.7914487496810719 and parameters: {'n_estimators': 940}. Best is trial 346 with value: 0.791982374369849.
Trial 474 finished with value: 0.7906161183455045 and parameters: {'n_estimators': 334}. Best is trial 346 with value: 0.791982374369849.
Trial 475 finished with value: 0.7906077943684353 and parameters: {'n_estimators': 313}. Best is trial 346 with value: 0.791982374369849.
Trial 494 finished with value: 0.7871555668910066 and parameters: {'n_estimators': 84}. Best is trial 346 with value: 0.791982374369849.
Trial 448 finished with value: 0.7915542366900375 and parameters: {'n_estimators': 892}. Best is trial 346 with value: 0.791982374369849.
Trial 459 finished with value: 0.7910031844684213 and parameters: {'n_estimators': 698}. Best is trial 346 with value: 0.791982374369849.
Trial 493 finished with value: 0.7913554193982206 and parameters: {'n_estimators': 168}. Best is trial 346 with value: 0.791982374369849.
Trial 478 finished with value: 0.7906020243055636 and parameters: {'n_estimators': 437}. Best is trial 346 with value: 0.791982374369849.
