A new study created in RDB with name: RandomForestRegressor_31052
Trial 23 finished with value: 0.7885891310436198 and parameters: {'n_estimators': 96}. Best is trial 23 with value: 0.7885891310436198.
Trial 24 finished with value: 0.7830001433469724 and parameters: {'n_estimators': 29}. Best is trial 23 with value: 0.7885891310436198.
Trial 7 finished with value: 0.7908936210057621 and parameters: {'n_estimators': 147}. Best is trial 7 with value: 0.7908936210057621.
Trial 13 finished with value: 0.7907155260468045 and parameters: {'n_estimators': 154}. Best is trial 7 with value: 0.7908936210057621.
Trial 19 finished with value: 0.7913151973783161 and parameters: {'n_estimators': 181}. Best is trial 19 with value: 0.7913151973783161.
Trial 18 finished with value: 0.790872695290037 and parameters: {'n_estimators': 204}. Best is trial 19 with value: 0.7913151973783161.
Trial 14 finished with value: 0.7908939442316169 and parameters: {'n_estimators': 203}. Best is trial 19 with value: 0.7913151973783161.
Trial 8 finished with value: 0.790910197051646 and parameters: {'n_estimators': 249}. Best is trial 19 with value: 0.7913151973783161.
Trial 26 finished with value: 0.788985963597898 and parameters: {'n_estimators': 110}. Best is trial 19 with value: 0.7913151973783161.
Trial 29 finished with value: 0.7880035904270934 and parameters: {'n_estimators': 63}. Best is trial 19 with value: 0.7913151973783161.
Trial 12 finished with value: 0.7908992118017999 and parameters: {'n_estimators': 277}. Best is trial 19 with value: 0.7913151973783161.
Trial 9 finished with value: 0.7906430912235297 and parameters: {'n_estimators': 299}. Best is trial 19 with value: 0.7913151973783161.
Trial 5 finished with value: 0.7907173183272641 and parameters: {'n_estimators': 315}. Best is trial 19 with value: 0.7913151973783161.
Trial 0 finished with value: 0.7907643675248497 and parameters: {'n_estimators': 360}. Best is trial 19 with value: 0.7913151973783161.
Trial 10 finished with value: 0.7907870513850834 and parameters: {'n_estimators': 368}. Best is trial 19 with value: 0.7913151973783161.
Trial 20 finished with value: 0.7909624148870142 and parameters: {'n_estimators': 365}. Best is trial 19 with value: 0.7913151973783161.
Trial 36 finished with value: 0.7862085388463529 and parameters: {'n_estimators': 78}. Best is trial 19 with value: 0.7913151973783161.
Trial 6 finished with value: 0.7905542712893301 and parameters: {'n_estimators': 440}. Best is trial 19 with value: 0.7913151973783161.
Trial 11 finished with value: 0.790408643110946 and parameters: {'n_estimators': 459}. Best is trial 19 with value: 0.7913151973783161.
Trial 37 finished with value: 0.7886658585681985 and parameters: {'n_estimators': 106}. Best is trial 19 with value: 0.7913151973783161.
Trial 31 finished with value: 0.7905506086259414 and parameters: {'n_estimators': 335}. Best is trial 19 with value: 0.7913151973783161.
Trial 33 finished with value: 0.7905804086827721 and parameters: {'n_estimators': 341}. Best is trial 19 with value: 0.7913151973783161.
Trial 2 finished with value: 0.7907525735796453 and parameters: {'n_estimators': 611}. Best is trial 19 with value: 0.7913151973783161.
Trial 4 finished with value: 0.7908079995012723 and parameters: {'n_estimators': 626}. Best is trial 19 with value: 0.7913151973783161.
Trial 25 finished with value: 0.7903203885571485 and parameters: {'n_estimators': 503}. Best is trial 19 with value: 0.7913151973783161.
Trial 22 finished with value: 0.7910674664097345 and parameters: {'n_estimators': 643}. Best is trial 19 with value: 0.7913151973783161.
Trial 28 finished with value: 0.7901620671851749 and parameters: {'n_estimators': 483}. Best is trial 19 with value: 0.7913151973783161.
Trial 15 finished with value: 0.7907640664847553 and parameters: {'n_estimators': 673}. Best is trial 19 with value: 0.7913151973783161.
Trial 39 finished with value: 0.7906883228567032 and parameters: {'n_estimators': 337}. Best is trial 19 with value: 0.7913151973783161.
Trial 21 finished with value: 0.7909970061453372 and parameters: {'n_estimators': 725}. Best is trial 19 with value: 0.7913151973783161.
Trial 3 finished with value: 0.7913828334576508 and parameters: {'n_estimators': 781}. Best is trial 3 with value: 0.7913828334576508.
Trial 38 finished with value: 0.79038803804137 and parameters: {'n_estimators': 449}. Best is trial 3 with value: 0.7913828334576508.
Trial 40 finished with value: 0.7904845659667465 and parameters: {'n_estimators': 452}. Best is trial 3 with value: 0.7913828334576508.
Trial 42 finished with value: 0.7903802911630176 and parameters: {'n_estimators': 389}. Best is trial 3 with value: 0.7913828334576508.
Trial 45 finished with value: 0.791221675465828 and parameters: {'n_estimators': 266}. Best is trial 3 with value: 0.7913828334576508.
Trial 43 finished with value: 0.790380889478386 and parameters: {'n_estimators': 423}. Best is trial 3 with value: 0.7913828334576508.
Trial 16 finished with value: 0.7915542366900375 and parameters: {'n_estimators': 892}. Best is trial 16 with value: 0.7915542366900375.
Trial 48 finished with value: 0.7911931541224761 and parameters: {'n_estimators': 288}. Best is trial 16 with value: 0.7915542366900375.
Trial 1 finished with value: 0.7914177392127687 and parameters: {'n_estimators': 945}. Best is trial 16 with value: 0.7915542366900375.
Trial 17 finished with value: 0.7913213910313134 and parameters: {'n_estimators': 955}. Best is trial 16 with value: 0.7915542366900375.
Trial 27 finished with value: 0.7912811018656389 and parameters: {'n_estimators': 803}. Best is trial 16 with value: 0.7915542366900375.
Trial 34 finished with value: 0.7909292894751898 and parameters: {'n_estimators': 705}. Best is trial 16 with value: 0.7915542366900375.
Trial 49 finished with value: 0.7909138373429527 and parameters: {'n_estimators': 362}. Best is trial 16 with value: 0.7915542366900375.
Trial 41 finished with value: 0.7904587550202189 and parameters: {'n_estimators': 569}. Best is trial 16 with value: 0.7915542366900375.
Trial 32 finished with value: 0.7909400207993711 and parameters: {'n_estimators': 750}. Best is trial 16 with value: 0.7915542366900375.
Trial 64 finished with value: 0.7860745348950685 and parameters: {'n_estimators': 45}. Best is trial 16 with value: 0.7915542366900375.
Trial 69 finished with value: 0.786485771563746 and parameters: {'n_estimators': 40}. Best is trial 16 with value: 0.7915542366900375.
Trial 65 finished with value: 0.7905211896775253 and parameters: {'n_estimators': 135}. Best is trial 16 with value: 0.7915542366900375.
Trial 46 finished with value: 0.7904662351044961 and parameters: {'n_estimators': 527}. Best is trial 16 with value: 0.7915542366900375.
Trial 35 finished with value: 0.7914167806143628 and parameters: {'n_estimators': 871}. Best is trial 16 with value: 0.7915542366900375.
Trial 30 finished with value: 0.7915774298630207 and parameters: {'n_estimators': 987}. Best is trial 30 with value: 0.7915774298630207.
Trial 61 finished with value: 0.7905506086259414 and parameters: {'n_estimators': 335}. Best is trial 30 with value: 0.7915774298630207.
Trial 60 finished with value: 0.7906736239869283 and parameters: {'n_estimators': 359}. Best is trial 30 with value: 0.7915774298630207.
Trial 68 finished with value: 0.791277816833612 and parameters: {'n_estimators': 265}. Best is trial 30 with value: 0.7915774298630207.
Trial 53 finished with value: 0.7905056567276479 and parameters: {'n_estimators': 557}. Best is trial 30 with value: 0.7915774298630207.
Trial 62 finished with value: 0.7906515133448611 and parameters: {'n_estimators': 381}. Best is trial 30 with value: 0.7915774298630207.
Trial 70 finished with value: 0.791050686976751 and parameters: {'n_estimators': 270}. Best is trial 30 with value: 0.7915774298630207.
Trial 44 finished with value: 0.7913045102193375 and parameters: {'n_estimators': 834}. Best is trial 30 with value: 0.7915774298630207.
Trial 51 finished with value: 0.7914425144364733 and parameters: {'n_estimators': 791}. Best is trial 30 with value: 0.7915774298630207.
Trial 71 finished with value: 0.7907643675248497 and parameters: {'n_estimators': 360}. Best is trial 30 with value: 0.7915774298630207.
Trial 47 finished with value: 0.7913887609523343 and parameters: {'n_estimators': 921}. Best is trial 30 with value: 0.7915774298630207.
Trial 80 finished with value: 0.7908995153375864 and parameters: {'n_estimators': 246}. Best is trial 30 with value: 0.7915774298630207.
Trial 54 finished with value: 0.7914509962432448 and parameters: {'n_estimators': 819}. Best is trial 30 with value: 0.7915774298630207.
Trial 59 finished with value: 0.7909292894751898 and parameters: {'n_estimators': 705}. Best is trial 30 with value: 0.7915774298630207.
Trial 58 finished with value: 0.7910205747515375 and parameters: {'n_estimators': 729}. Best is trial 30 with value: 0.7915774298630207.
Trial 83 finished with value: 0.7909483138571902 and parameters: {'n_estimators': 140}. Best is trial 30 with value: 0.7915774298630207.
Trial 50 finished with value: 0.7913691409327106 and parameters: {'n_estimators': 959}. Best is trial 30 with value: 0.7915774298630207.
Trial 52 finished with value: 0.791442325658758 and parameters: {'n_estimators': 969}. Best is trial 30 with value: 0.7915774298630207.
Trial 75 finished with value: 0.7902905780249865 and parameters: {'n_estimators': 448}. Best is trial 30 with value: 0.7915774298630207.
Trial 72 finished with value: 0.7905000796910182 and parameters: {'n_estimators': 577}. Best is trial 30 with value: 0.7915774298630207.
Trial 55 finished with value: 0.7913939578893288 and parameters: {'n_estimators': 930}. Best is trial 30 with value: 0.7915774298630207.
Trial 78 finished with value: 0.7903815548043902 and parameters: {'n_estimators': 461}. Best is trial 30 with value: 0.7915774298630207.
Trial 56 finished with value: 0.7914124202832062 and parameters: {'n_estimators': 942}. Best is trial 30 with value: 0.7915774298630207.
Trial 66 finished with value: 0.7914320254922068 and parameters: {'n_estimators': 782}. Best is trial 30 with value: 0.7915774298630207.
Trial 73 finished with value: 0.7908444809360552 and parameters: {'n_estimators': 624}. Best is trial 30 with value: 0.7915774298630207.
Trial 74 finished with value: 0.7909020859408049 and parameters: {'n_estimators': 633}. Best is trial 30 with value: 0.7915774298630207.
Trial 57 finished with value: 0.7915774298630207 and parameters: {'n_estimators': 987}. Best is trial 30 with value: 0.7915774298630207.
Trial 77 finished with value: 0.7905467689926607 and parameters: {'n_estimators': 567}. Best is trial 30 with value: 0.7915774298630207.
Trial 67 finished with value: 0.7912834643886413 and parameters: {'n_estimators': 842}. Best is trial 30 with value: 0.7915774298630207.
Trial 82 finished with value: 0.7903067414678283 and parameters: {'n_estimators': 404}. Best is trial 30 with value: 0.7915774298630207.
Trial 63 finished with value: 0.7913227621535397 and parameters: {'n_estimators': 952}. Best is trial 30 with value: 0.7915774298630207.
Trial 88 finished with value: 0.7908442264267931 and parameters: {'n_estimators': 351}. Best is trial 30 with value: 0.7915774298630207.
Trial 81 finished with value: 0.7905538669987487 and parameters: {'n_estimators': 582}. Best is trial 30 with value: 0.7915774298630207.
Trial 94 finished with value: 0.7908458562754136 and parameters: {'n_estimators': 279}. Best is trial 30 with value: 0.7915774298630207.
Trial 91 finished with value: 0.7906684161604528 and parameters: {'n_estimators': 339}. Best is trial 30 with value: 0.7915774298630207.
Trial 76 finished with value: 0.7913216971329209 and parameters: {'n_estimators': 772}. Best is trial 30 with value: 0.7915774298630207.
Trial 89 finished with value: 0.7903498784014549 and parameters: {'n_estimators': 411}. Best is trial 30 with value: 0.7915774298630207.
Trial 99 finished with value: 0.7908669193883144 and parameters: {'n_estimators': 202}. Best is trial 30 with value: 0.7915774298630207.
Trial 87 finished with value: 0.7904613707630984 and parameters: {'n_estimators': 529}. Best is trial 30 with value: 0.7915774298630207.
Trial 102 finished with value: 0.7909004257923168 and parameters: {'n_estimators': 284}. Best is trial 30 with value: 0.7915774298630207.
Trial 98 finished with value: 0.7902800717158515 and parameters: {'n_estimators': 401}. Best is trial 30 with value: 0.7915774298630207.
Trial 95 finished with value: 0.7903815548043902 and parameters: {'n_estimators': 461}. Best is trial 30 with value: 0.7915774298630207.
Trial 109 finished with value: 0.791404124921333 and parameters: {'n_estimators': 180}. Best is trial 30 with value: 0.7915774298630207.
Trial 103 finished with value: 0.7906736239869283 and parameters: {'n_estimators': 359}. Best is trial 30 with value: 0.7915774298630207.
Trial 100 finished with value: 0.7902615125522421 and parameters: {'n_estimators': 392}. Best is trial 30 with value: 0.7915774298630207.
Trial 104 finished with value: 0.7907827910823897 and parameters: {'n_estimators': 352}. Best is trial 30 with value: 0.7915774298630207.
Trial 79 finished with value: 0.7913892698958211 and parameters: {'n_estimators': 931}. Best is trial 30 with value: 0.7915774298630207.
Trial 92 finished with value: 0.7905062742802549 and parameters: {'n_estimators': 555}. Best is trial 30 with value: 0.7915774298630207.
Trial 85 finished with value: 0.7908725926802799 and parameters: {'n_estimators': 692}. Best is trial 30 with value: 0.7915774298630207.
Trial 90 finished with value: 0.7909912548498348 and parameters: {'n_estimators': 652}. Best is trial 30 with value: 0.7915774298630207.
Trial 113 finished with value: 0.7913288560684317 and parameters: {'n_estimators': 190}. Best is trial 30 with value: 0.7915774298630207.
Trial 86 finished with value: 0.7913845257746517 and parameters: {'n_estimators': 814}. Best is trial 30 with value: 0.7915774298630207.
Trial 106 finished with value: 0.7905743407296185 and parameters: {'n_estimators': 417}. Best is trial 30 with value: 0.7915774298630207.
Trial 97 finished with value: 0.7909912548498348 and parameters: {'n_estimators': 652}. Best is trial 30 with value: 0.7915774298630207.
Trial 118 finished with value: 0.790721409801319 and parameters: {'n_estimators': 223}. Best is trial 30 with value: 0.7915774298630207.
Trial 84 finished with value: 0.791356497276578 and parameters: {'n_estimators': 960}. Best is trial 30 with value: 0.7915774298630207.
Trial 117 finished with value: 0.7910295688572632 and parameters: {'n_estimators': 287}. Best is trial 30 with value: 0.7915774298630207.
Trial 101 finished with value: 0.7908725926802799 and parameters: {'n_estimators': 692}. Best is trial 30 with value: 0.7915774298630207.
Trial 96 finished with value: 0.7913576325428677 and parameters: {'n_estimators': 793}. Best is trial 30 with value: 0.7915774298630207.
Trial 114 finished with value: 0.7907924061403724 and parameters: {'n_estimators': 367}. Best is trial 30 with value: 0.7915774298630207.
Trial 93 finished with value: 0.7913238212306257 and parameters: {'n_estimators': 849}. Best is trial 30 with value: 0.7915774298630207.
Trial 105 finished with value: 0.790809106859332 and parameters: {'n_estimators': 615}. Best is trial 30 with value: 0.7915774298630207.
Trial 108 finished with value: 0.7904846418602007 and parameters: {'n_estimators': 570}. Best is trial 30 with value: 0.7915774298630207.
Trial 124 finished with value: 0.7908947903118858 and parameters: {'n_estimators': 280}. Best is trial 30 with value: 0.7915774298630207.
Trial 135 finished with value: 0.7869214618608937 and parameters: {'n_estimators': 72}. Best is trial 30 with value: 0.7915774298630207.
Trial 116 finished with value: 0.7904264680959965 and parameters: {'n_estimators': 466}. Best is trial 30 with value: 0.7915774298630207.
Trial 120 finished with value: 0.7904601491806869 and parameters: {'n_estimators': 441}. Best is trial 30 with value: 0.7915774298630207.
Trial 134 finished with value: 0.7905211896775253 and parameters: {'n_estimators': 135}. Best is trial 30 with value: 0.7915774298630207.
Trial 112 finished with value: 0.7910719832959136 and parameters: {'n_estimators': 649}. Best is trial 30 with value: 0.7915774298630207.
Trial 133 finished with value: 0.7909411118141734 and parameters: {'n_estimators': 245}. Best is trial 30 with value: 0.7915774298630207.
Trial 122 finished with value: 0.7905507988245158 and parameters: {'n_estimators': 598}. Best is trial 30 with value: 0.7915774298630207.
Trial 128 finished with value: 0.7903090767106267 and parameters: {'n_estimators': 405}. Best is trial 30 with value: 0.7915774298630207.
Trial 131 finished with value: 0.7904141773628308 and parameters: {'n_estimators': 388}. Best is trial 30 with value: 0.7915774298630207.
Trial 115 finished with value: 0.7909118449519082 and parameters: {'n_estimators': 720}. Best is trial 30 with value: 0.7915774298630207.
Trial 111 finished with value: 0.7914487910421749 and parameters: {'n_estimators': 905}. Best is trial 30 with value: 0.7915774298630207.
Trial 110 finished with value: 0.7913569433663613 and parameters: {'n_estimators': 929}. Best is trial 30 with value: 0.7915774298630207.
Trial 141 finished with value: 0.7912893262652859 and parameters: {'n_estimators': 267}. Best is trial 30 with value: 0.7915774298630207.
Trial 107 finished with value: 0.791442325658758 and parameters: {'n_estimators': 969}. Best is trial 30 with value: 0.7915774298630207.
Trial 127 finished with value: 0.7905746996737962 and parameters: {'n_estimators': 558}. Best is trial 30 with value: 0.7915774298630207.
Trial 121 finished with value: 0.7913469979568972 and parameters: {'n_estimators': 822}. Best is trial 30 with value: 0.7915774298630207.
Trial 119 finished with value: 0.7913300765306781 and parameters: {'n_estimators': 843}. Best is trial 30 with value: 0.7915774298630207.
Trial 140 finished with value: 0.7902495019045359 and parameters: {'n_estimators': 398}. Best is trial 30 with value: 0.7915774298630207.
Trial 153 finished with value: 0.7828385345597063 and parameters: {'n_estimators': 33}. Best is trial 30 with value: 0.7915774298630207.
Trial 123 finished with value: 0.7914938536144652 and parameters: {'n_estimators': 875}. Best is trial 30 with value: 0.7915774298630207.
Trial 154 finished with value: 0.7870997960646807 and parameters: {'n_estimators': 58}. Best is trial 30 with value: 0.7915774298630207.
Trial 152 finished with value: 0.791289554834888 and parameters: {'n_estimators': 158}. Best is trial 30 with value: 0.7915774298630207.
Trial 147 finished with value: 0.7910267617836256 and parameters: {'n_estimators': 235}. Best is trial 30 with value: 0.7915774298630207.
Trial 143 finished with value: 0.7907193956710344 and parameters: {'n_estimators': 349}. Best is trial 30 with value: 0.7915774298630207.
Trial 125 finished with value: 0.7914337586881469 and parameters: {'n_estimators': 790}. Best is trial 30 with value: 0.7915774298630207.
Trial 151 finished with value: 0.7907498527811889 and parameters: {'n_estimators': 212}. Best is trial 30 with value: 0.7915774298630207.
Trial 126 finished with value: 0.7912977113451946 and parameters: {'n_estimators': 797}. Best is trial 30 with value: 0.7915774298630207.
Trial 129 finished with value: 0.7909817370335829 and parameters: {'n_estimators': 711}. Best is trial 30 with value: 0.7915774298630207.
Trial 136 finished with value: 0.7908164133314374 and parameters: {'n_estimators': 625}. Best is trial 30 with value: 0.7915774298630207.
Trial 130 finished with value: 0.7908524122670542 and parameters: {'n_estimators': 694}. Best is trial 30 with value: 0.7915774298630207.
Trial 137 finished with value: 0.7910439222131234 and parameters: {'n_estimators': 701}. Best is trial 30 with value: 0.7915774298630207.
Trial 159 finished with value: 0.7909653021338535 and parameters: {'n_estimators': 152}. Best is trial 30 with value: 0.7915774298630207.
Trial 155 finished with value: 0.7909158017656517 and parameters: {'n_estimators': 232}. Best is trial 30 with value: 0.7915774298630207.
Trial 139 finished with value: 0.7909831157789144 and parameters: {'n_estimators': 712}. Best is trial 30 with value: 0.7915774298630207.
Trial 142 finished with value: 0.7909089262364792 and parameters: {'n_estimators': 665}. Best is trial 30 with value: 0.7915774298630207.
Trial 148 finished with value: 0.7903239804071287 and parameters: {'n_estimators': 496}. Best is trial 30 with value: 0.7915774298630207.
Trial 132 finished with value: 0.7913941322988929 and parameters: {'n_estimators': 949}. Best is trial 30 with value: 0.7915774298630207.
Trial 161 finished with value: 0.7906684161604528 and parameters: {'n_estimators': 339}. Best is trial 30 with value: 0.7915774298630207.
Trial 166 finished with value: 0.790733712552167 and parameters: {'n_estimators': 293}. Best is trial 30 with value: 0.7915774298630207.
Trial 144 finished with value: 0.7910456410907339 and parameters: {'n_estimators': 646}. Best is trial 30 with value: 0.7915774298630207.
Trial 172 finished with value: 0.7873161802852785 and parameters: {'n_estimators': 76}. Best is trial 30 with value: 0.7915774298630207.
Trial 149 finished with value: 0.7905461230643981 and parameters: {'n_estimators': 586}. Best is trial 30 with value: 0.7915774298630207.
Trial 138 finished with value: 0.7913887609523343 and parameters: {'n_estimators': 921}. Best is trial 30 with value: 0.7915774298630207.
Trial 171 finished with value: 0.7913257937527451 and parameters: {'n_estimators': 189}. Best is trial 30 with value: 0.7915774298630207.
Trial 156 finished with value: 0.7902253847797619 and parameters: {'n_estimators': 481}. Best is trial 30 with value: 0.7915774298630207.
Trial 173 finished with value: 0.7908669193883144 and parameters: {'n_estimators': 202}. Best is trial 30 with value: 0.7915774298630207.
