Trial 133 finished with value: 0.7662178811169846 and parameters: {'n_components': 2, 'degree': 2, 'alpha': 0.06189286536788419, 'max_iter': 50467}. Best is trial 9 with value: 0.8317823213802791.
Trial 134 finished with value: 0.7734766063219298 and parameters: {'n_components': 9, 'degree': 1, 'alpha': 0.0009915783343800093, 'max_iter': 73561}. Best is trial 9 with value: 0.8317823213802791.
Trial 65 finished with value: 0.6578933982486204 and parameters: {'n_components': 5, 'degree': 5, 'alpha': 0.00043925949858712764, 'max_iter': 88301}. Best is trial 9 with value: 0.8317823213802791.
Trial 136 finished with value: 0.7965281831652212 and parameters: {'n_components': 11, 'degree': 3, 'alpha': 0.08528108590008572, 'max_iter': 46025}. Best is trial 9 with value: 0.8317823213802791.
Trial 17 finished with value: -54.91053127518187 and parameters: {'n_components': 9, 'degree': 5, 'alpha': 0.00011331883454103924, 'max_iter': 23597}. Best is trial 9 with value: 0.8317823213802791.
Trial 93 finished with value: 0.754720190478755 and parameters: {'n_components': 10, 'degree': 5, 'alpha': 0.9746268381840253, 'max_iter': 51734}. Best is trial 9 with value: 0.8317823213802791.
Trial 139 finished with value: 0.7800828726277962 and parameters: {'n_components': 2, 'degree': 3, 'alpha': 0.0033606040232840606, 'max_iter': 39509}. Best is trial 9 with value: 0.8317823213802791.
Trial 141 finished with value: 0.7744853041836735 and parameters: {'n_components': 6, 'degree': 3, 'alpha': 4.204268123046825, 'max_iter': 44306}. Best is trial 9 with value: 0.8317823213802791.
Trial 142 finished with value: 0.37689322132584235 and parameters: {'n_components': 1, 'degree': 4, 'alpha': 1.9984675498188031, 'max_iter': 83733}. Best is trial 9 with value: 0.8317823213802791.
Trial 140 finished with value: 0.6334011012194546 and parameters: {'n_components': 8, 'degree': 4, 'alpha': 0.0007044536118735212, 'max_iter': 2956}. Best is trial 9 with value: 0.8317823213802791.
Trial 144 finished with value: 0.3663344689886345 and parameters: {'n_components': 1, 'degree': 4, 'alpha': 3.7699547691804858, 'max_iter': 56666}. Best is trial 9 with value: 0.8317823213802791.
Trial 145 finished with value: 0.7754299720297342 and parameters: {'n_components': 10, 'degree': 1, 'alpha': 0.018561775751729008, 'max_iter': 45534}. Best is trial 9 with value: 0.8317823213802791.
Trial 146 finished with value: 0.7811374167116475 and parameters: {'n_components': 5, 'degree': 2, 'alpha': 0.013079969585961547, 'max_iter': 21916}. Best is trial 9 with value: 0.8317823213802791.
Trial 13 finished with value: 0.5671684479084266 and parameters: {'n_components': 10, 'degree': 4, 'alpha': 0.03642320668634292, 'max_iter': 65795}. Best is trial 9 with value: 0.8317823213802791.
Trial 148 finished with value: 0.6512433276589583 and parameters: {'n_components': 8, 'degree': 1, 'alpha': 0.08400993281380667, 'max_iter': 41379}. Best is trial 9 with value: 0.8317823213802791.
Trial 137 finished with value: -0.08130376445847588 and parameters: {'n_components': 10, 'degree': 4, 'alpha': 0.0006068769372471077, 'max_iter': 14892}. Best is trial 9 with value: 0.8317823213802791.
Trial 57 finished with value: 0.3323380557844618 and parameters: {'n_components': 8, 'degree': 4, 'alpha': 0.00020483299364936516, 'max_iter': 82437}. Best is trial 9 with value: 0.8317823213802791.
Trial 150 finished with value: 0.6283745414884807 and parameters: {'n_components': 8, 'degree': 1, 'alpha': 2.6707779564881244, 'max_iter': 87611}. Best is trial 9 with value: 0.8317823213802791.
Trial 122 finished with value: 0.714699427941857 and parameters: {'n_components': 6, 'degree': 4, 'alpha': 0.017368919394062297, 'max_iter': 54586}. Best is trial 9 with value: 0.8317823213802791.
Trial 153 finished with value: 0.7273994090625738 and parameters: {'n_components': 10, 'degree': 1, 'alpha': 4.1288761067740785, 'max_iter': 19189}. Best is trial 9 with value: 0.8317823213802791.
Trial 154 finished with value: 0.7759594224215032 and parameters: {'n_components': 10, 'degree': 1, 'alpha': 0.251162173910837, 'max_iter': 25481}. Best is trial 9 with value: 0.8317823213802791.
Trial 149 finished with value: 0.770094817522177 and parameters: {'n_components': 7, 'degree': 3, 'alpha': 0.11293072893170383, 'max_iter': 7870}. Best is trial 9 with value: 0.8317823213802791.
Trial 155 finished with value: 0.7924147797392554 and parameters: {'n_components': 9, 'degree': 3, 'alpha': 0.0007049249899919451, 'max_iter': 1001}. Best is trial 9 with value: 0.8317823213802791.
Trial 157 finished with value: 0.7662980387428369 and parameters: {'n_components': 2, 'degree': 2, 'alpha': 0.9025323778985415, 'max_iter': 9020}. Best is trial 9 with value: 0.8317823213802791.
Trial 156 finished with value: 0.38437647780576606 and parameters: {'n_components': 1, 'degree': 4, 'alpha': 0.6837063098207097, 'max_iter': 35821}. Best is trial 9 with value: 0.8317823213802791.
Trial 135 finished with value: 0.6130953897936321 and parameters: {'n_components': 6, 'degree': 5, 'alpha': 0.0011849968714543993, 'max_iter': 25698}. Best is trial 9 with value: 0.8317823213802791.
Trial 160 finished with value: 0.7544115490506877 and parameters: {'n_components': 3, 'degree': 2, 'alpha': 9.640156463926946, 'max_iter': 62812}. Best is trial 9 with value: 0.8317823213802791.
Trial 161 finished with value: 0.3157667319435946 and parameters: {'n_components': 1, 'degree': 3, 'alpha': 0.05898290595002097, 'max_iter': 3801}. Best is trial 9 with value: 0.8317823213802791.
Trial 138 finished with value: 0.6028157658765959 and parameters: {'n_components': 10, 'degree': 4, 'alpha': 0.04443479933450652, 'max_iter': 21872}. Best is trial 9 with value: 0.8317823213802791.
Trial 163 finished with value: 0.6513407395853795 and parameters: {'n_components': 8, 'degree': 1, 'alpha': 0.0006873766462062511, 'max_iter': 86115}. Best is trial 9 with value: 0.8317823213802791.
Trial 76 finished with value: -2.3094743431829174 and parameters: {'n_components': 11, 'degree': 5, 'alpha': 0.002470230069794641, 'max_iter': 13614}. Best is trial 9 with value: 0.8317823213802791.
Trial 165 finished with value: 0.3168078469913995 and parameters: {'n_components': 2, 'degree': 1, 'alpha': 0.0025740316226011465, 'max_iter': 74997}. Best is trial 9 with value: 0.8317823213802791.
Trial 166 finished with value: 0.40871115695156635 and parameters: {'n_components': 3, 'degree': 1, 'alpha': 0.021920254748839848, 'max_iter': 63737}. Best is trial 9 with value: 0.8317823213802791.
Trial 167 finished with value: 0.7640900122179255 and parameters: {'n_components': 4, 'degree': 5, 'alpha': 0.001625479608435705, 'max_iter': 4299}. Best is trial 9 with value: 0.8317823213802791.
Trial 158 finished with value: 0.8246090942725909 and parameters: {'n_components': 9, 'degree': 2, 'alpha': 0.00019002196846101805, 'max_iter': 61839}. Best is trial 9 with value: 0.8317823213802791.
Trial 169 finished with value: 0.7734861622431884 and parameters: {'n_components': 9, 'degree': 1, 'alpha': 0.004151770408639958, 'max_iter': 16191}. Best is trial 9 with value: 0.8317823213802791.
Trial 170 finished with value: 0.7770060179499279 and parameters: {'n_components': 5, 'degree': 2, 'alpha': 4.241052777956787, 'max_iter': 85793}. Best is trial 9 with value: 0.8317823213802791.
Trial 171 finished with value: 0.3287408746998308 and parameters: {'n_components': 1, 'degree': 2, 'alpha': 0.00011674538475694462, 'max_iter': 56478}. Best is trial 9 with value: 0.8317823213802791.
Trial 108 finished with value: 0.6724552005186644 and parameters: {'n_components': 6, 'degree': 4, 'alpha': 0.0016996758590368504, 'max_iter': 95552}. Best is trial 9 with value: 0.8317823213802791.
Trial 120 finished with value: 0.7663108694872371 and parameters: {'n_components': 4, 'degree': 5, 'alpha': 0.02564220299963072, 'max_iter': 90611}. Best is trial 9 with value: 0.8317823213802791.
Trial 112 finished with value: 0.6617120914804433 and parameters: {'n_components': 5, 'degree': 5, 'alpha': 0.0013992454000806031, 'max_iter': 79772}. Best is trial 9 with value: 0.8317823213802791.
Trial 152 finished with value: 0.7802649937780294 and parameters: {'n_components': 11, 'degree': 3, 'alpha': 0.008845970199198819, 'max_iter': 48220}. Best is trial 9 with value: 0.8317823213802791.
Trial 159 finished with value: 0.7820467074003223 and parameters: {'n_components': 10, 'degree': 5, 'alpha': 1.8668235899422176, 'max_iter': 35028}. Best is trial 9 with value: 0.8317823213802791.
Trial 173 finished with value: 0.7780562020583497 and parameters: {'n_components': 5, 'degree': 4, 'alpha': 3.025052955685544, 'max_iter': 92050}. Best is trial 9 with value: 0.8317823213802791.
Trial 174 finished with value: 0.7779230228163069 and parameters: {'n_components': 2, 'degree': 3, 'alpha': 0.07144762036627537, 'max_iter': 93864}. Best is trial 9 with value: 0.8317823213802791.
Trial 178 finished with value: 0.7712713124044467 and parameters: {'n_components': 11, 'degree': 1, 'alpha': 0.001260446153107129, 'max_iter': 38092}. Best is trial 9 with value: 0.8317823213802791.
Trial 175 finished with value: 0.7801649491909234 and parameters: {'n_components': 2, 'degree': 3, 'alpha': 0.00048210056672764724, 'max_iter': 68938}. Best is trial 9 with value: 0.8317823213802791.
Trial 180 finished with value: 0.7751708568497113 and parameters: {'n_components': 3, 'degree': 4, 'alpha': 1.7807915173905395, 'max_iter': 34597}. Best is trial 9 with value: 0.8317823213802791.
Trial 168 finished with value: 0.7731034346218527 and parameters: {'n_components': 5, 'degree': 5, 'alpha': 6.301584428906424, 'max_iter': 79232}. Best is trial 9 with value: 0.8317823213802791.
Trial 181 finished with value: 0.7591595000955953 and parameters: {'n_components': 2, 'degree': 5, 'alpha': 2.090158310426886, 'max_iter': 3674}. Best is trial 9 with value: 0.8317823213802791.
Trial 183 finished with value: 0.7871992109180377 and parameters: {'n_components': 7, 'degree': 2, 'alpha': 2.3353317288105266, 'max_iter': 9268}. Best is trial 9 with value: 0.8317823213802791.
Trial 185 finished with value: 0.7801270925978365 and parameters: {'n_components': 6, 'degree': 2, 'alpha': 4.3887539779276, 'max_iter': 96564}. Best is trial 9 with value: 0.8317823213802791.
Trial 186 finished with value: 0.7754945423824416 and parameters: {'n_components': 10, 'degree': 1, 'alpha': 0.03715629614941449, 'max_iter': 48135}. Best is trial 9 with value: 0.8317823213802791.
Trial 176 finished with value: 0.8205343237772409 and parameters: {'n_components': 10, 'degree': 2, 'alpha': 0.021732348622466598, 'max_iter': 78668}. Best is trial 9 with value: 0.8317823213802791.
Trial 187 finished with value: 0.8311805511188121 and parameters: {'n_components': 10, 'degree': 3, 'alpha': 1.5123302413217836, 'max_iter': 77990}. Best is trial 9 with value: 0.8317823213802791.
Trial 179 finished with value: 0.7763996626622998 and parameters: {'n_components': 3, 'degree': 4, 'alpha': 0.0029362915312481064, 'max_iter': 45918}. Best is trial 9 with value: 0.8317823213802791.
Trial 190 finished with value: 0.40872931380428507 and parameters: {'n_components': 3, 'degree': 1, 'alpha': 0.05165631056463021, 'max_iter': 10512}. Best is trial 9 with value: 0.8317823213802791.
Trial 143 finished with value: 0.7547250114651137 and parameters: {'n_components': 5, 'degree': 4, 'alpha': 0.06681265613618802, 'max_iter': 65565}. Best is trial 9 with value: 0.8317823213802791.
Trial 192 finished with value: 0.6511617240199337 and parameters: {'n_components': 8, 'degree': 1, 'alpha': 0.13747005586617206, 'max_iter': 43695}. Best is trial 9 with value: 0.8317823213802791.
Trial 177 finished with value: 0.8220463631870789 and parameters: {'n_components': 10, 'degree': 2, 'alpha': 0.0014365248130355232, 'max_iter': 20691}. Best is trial 9 with value: 0.8317823213802791.
Trial 193 finished with value: 0.7759904700738258 and parameters: {'n_components': 3, 'degree': 4, 'alpha': 0.0024879479939201397, 'max_iter': 30213}. Best is trial 9 with value: 0.8317823213802791.
Trial 194 finished with value: 0.7836240231562884 and parameters: {'n_components': 4, 'degree': 3, 'alpha': 0.08044559342411399, 'max_iter': 23150}. Best is trial 9 with value: 0.8317823213802791.
Trial 195 finished with value: 0.7760034897995928 and parameters: {'n_components': 10, 'degree': 1, 'alpha': 0.3141543186924827, 'max_iter': 35987}. Best is trial 9 with value: 0.8317823213802791.
Trial 151 finished with value: 0.7887430683276246 and parameters: {'n_components': 10, 'degree': 3, 'alpha': 0.0011557751316585685, 'max_iter': 47264}. Best is trial 9 with value: 0.8317823213802791.
Trial 74 finished with value: 0.3390820864343373 and parameters: {'n_components': 8, 'degree': 4, 'alpha': 0.0003860218651354337, 'max_iter': 92820}. Best is trial 9 with value: 0.8317823213802791.
Trial 123 finished with value: 0.6492970409018218 and parameters: {'n_components': 7, 'degree': 5, 'alpha': 0.06002180438180756, 'max_iter': 57508}. Best is trial 9 with value: 0.8317823213802791.
Trial 196 finished with value: 0.7803356437737123 and parameters: {'n_components': 8, 'degree': 2, 'alpha': 0.0002105245998424452, 'max_iter': 20529}. Best is trial 9 with value: 0.8317823213802791.
Trial 147 finished with value: 0.7202350524075605 and parameters: {'n_components': 5, 'degree': 4, 'alpha': 0.000947183923924608, 'max_iter': 74669}. Best is trial 9 with value: 0.8317823213802791.
Trial 198 finished with value: 0.7672365582568784 and parameters: {'n_components': 4, 'degree': 4, 'alpha': 0.0005309120385257472, 'max_iter': 39085}. Best is trial 9 with value: 0.8317823213802791.
Trial 199 finished with value: 0.7650552545779641 and parameters: {'n_components': 4, 'degree': 5, 'alpha': 0.000874065168517331, 'max_iter': 25755}. Best is trial 9 with value: 0.8317823213802791.
Trial 197 finished with value: 0.822830588665278 and parameters: {'n_components': 11, 'degree': 2, 'alpha': 0.0033680837698811497, 'max_iter': 64435}. Best is trial 9 with value: 0.8317823213802791.
Trial 188 finished with value: 0.8227299067151336 and parameters: {'n_components': 11, 'degree': 2, 'alpha': 0.00015617784122784896, 'max_iter': 55610}. Best is trial 9 with value: 0.8317823213802791.
Trial 191 finished with value: 0.7677671625189942 and parameters: {'n_components': 4, 'degree': 4, 'alpha': 0.0022709445606874, 'max_iter': 68381}. Best is trial 9 with value: 0.8317823213802791.
Trial 189 finished with value: -1.7353027631044449 and parameters: {'n_components': 10, 'degree': 5, 'alpha': 0.023484061551516305, 'max_iter': 8273}. Best is trial 9 with value: 0.8317823213802791.
Trial 77 finished with value: 0.6300053915794676 and parameters: {'n_components': 7, 'degree': 5, 'alpha': 0.030370600477418238, 'max_iter': 92429}. Best is trial 9 with value: 0.8317823213802791.
Trial 85 finished with value: 0.6162952444188846 and parameters: {'n_components': 7, 'degree': 5, 'alpha': 0.007734454601301494, 'max_iter': 75796}. Best is trial 9 with value: 0.8317823213802791.
Trial 29 finished with value: -35.332492806379534 and parameters: {'n_components': 10, 'degree': 5, 'alpha': 0.00015691641850761924, 'max_iter': 27704}. Best is trial 9 with value: 0.8317823213802791.
Trial 130 finished with value: 0.4384130635811642 and parameters: {'n_components': 10, 'degree': 4, 'alpha': 0.013278473218246807, 'max_iter': 63377}. Best is trial 9 with value: 0.8317823213802791.
Trial 182 finished with value: 0.8028746131308167 and parameters: {'n_components': 8, 'degree': 3, 'alpha': 0.000168360954747113, 'max_iter': 75638}. Best is trial 9 with value: 0.8317823213802791.
Trial 132 finished with value: 0.605191859066762 and parameters: {'n_components': 7, 'degree': 5, 'alpha': 0.0005368756687446863, 'max_iter': 59459}. Best is trial 9 with value: 0.8317823213802791.
Trial 28 finished with value: 0.3441474694973732 and parameters: {'n_components': 11, 'degree': 4, 'alpha': 0.0001603570787402917, 'max_iter': 74416}. Best is trial 9 with value: 0.8317823213802791.
Trial 172 finished with value: 0.7638345872306939 and parameters: {'n_components': 4, 'degree': 5, 'alpha': 0.0007314239914114409, 'max_iter': 94745}. Best is trial 9 with value: 0.8317823213802791.
Trial 162 finished with value: 0.7539157725828913 and parameters: {'n_components': 11, 'degree': 5, 'alpha': 0.8828298325816575, 'max_iter': 38402}. Best is trial 9 with value: 0.8317823213802791.
Trial 164 finished with value: 0.38384708451844435 and parameters: {'n_components': 8, 'degree': 5, 'alpha': 0.06161395867889561, 'max_iter': 98403}. Best is trial 9 with value: 0.8317823213802791.
Trial 12 finished with value: -0.48999308199863645 and parameters: {'n_components': 10, 'degree': 5, 'alpha': 0.05542764470838712, 'max_iter': 75232}. Best is trial 9 with value: 0.8317823213802791.
Trial 14 finished with value: 0.5510872246767686 and parameters: {'n_components': 10, 'degree': 5, 'alpha': 0.15707162340125225, 'max_iter': 86985}. Best is trial 9 with value: 0.8317823213802791.
Trial 6 finished with value: 0.4603855963529095 and parameters: {'n_components': 10, 'degree': 5, 'alpha': 0.12507794706883998, 'max_iter': 89296}. Best is trial 9 with value: 0.8317823213802791.
Trial 184 finished with value: -5.518619093893358 and parameters: {'n_components': 10, 'degree': 5, 'alpha': 0.010009114383514928, 'max_iter': 78282}. Best is trial 9 with value: 0.8317823213802791.
Trial 47 finished with value: -3.158628133860218 and parameters: {'n_components': 11, 'degree': 5, 'alpha': 0.0007581181710911264, 'max_iter': 97240}. Best is trial 9 with value: 0.8317823213802791.
