A new study created in RDB with name: Poly_Ridge_51410
Trial 17 finished with value: 0.2958631480223107 and parameters: {'n_components': 11, 'degree': 4, 'alpha': 0.0017985264796237716, 'max_iter': 14337}. Best is trial 1 with value: 0.7823587475042492.
Trial 16 finished with value: 0.4662175997871506 and parameters: {'n_components': 6, 'degree': 1, 'alpha': 0.00028582604196885513, 'max_iter': 88212}. Best is trial 1 with value: 0.7823587475042492.
Trial 14 finished with value: 0.7661247283891338 and parameters: {'n_components': 2, 'degree': 2, 'alpha': 0.006140048933321795, 'max_iter': 59021}. Best is trial 8 with value: 0.7861864900250197.
Trial 6 finished with value: -0.42983513436448656 and parameters: {'n_components': 11, 'degree': 5, 'alpha': 4.192465302574448, 'max_iter': 70879}. Best is trial 8 with value: 0.7861864900250197.
Trial 11 finished with value: 0.40869734705346933 and parameters: {'n_components': 3, 'degree': 1, 'alpha': 0.0019263098888453061, 'max_iter': 51265}. Best is trial 8 with value: 0.7861864900250197.
Trial 12 finished with value: -0.5590559782178441 and parameters: {'n_components': 9, 'degree': 4, 'alpha': 0.0005824115042501466, 'max_iter': 2290}. Best is trial 8 with value: 0.7861864900250197.
Trial 1 finished with value: 0.7823587475042492 and parameters: {'n_components': 2, 'degree': 5, 'alpha': 0.4335272717343958, 'max_iter': 69338}. Best is trial 8 with value: 0.7861864900250197.
Trial 13 finished with value: 0.766853328287395 and parameters: {'n_components': 4, 'degree': 4, 'alpha': 0.05921674257487176, 'max_iter': 3472}. Best is trial 8 with value: 0.7861864900250197.
Trial 20 finished with value: 0.40869723509131495 and parameters: {'n_components': 3, 'degree': 1, 'alpha': 0.0003874244482031671, 'max_iter': 75872}. Best is trial 8 with value: 0.7861864900250197.
Trial 7 finished with value: 0.7517949455963876 and parameters: {'n_components': 6, 'degree': 3, 'alpha': 0.0009985541176889292, 'max_iter': 73108}. Best is trial 8 with value: 0.7861864900250197.
Trial 18 finished with value: 0.7712675306954944 and parameters: {'n_components': 11, 'degree': 1, 'alpha': 0.009416199900608243, 'max_iter': 83980}. Best is trial 8 with value: 0.7861864900250197.
Trial 8 finished with value: 0.7861864900250197 and parameters: {'n_components': 11, 'degree': 3, 'alpha': 3.9716217594572147, 'max_iter': 46727}. Best is trial 8 with value: 0.7861864900250197.
Trial 10 finished with value: 0.7800289848060216 and parameters: {'n_components': 2, 'degree': 3, 'alpha': 0.05119246623178079, 'max_iter': 84158}. Best is trial 8 with value: 0.7861864900250197.
Trial 4 finished with value: -3.4794652892372753 and parameters: {'n_components': 10, 'degree': 5, 'alpha': 1.8985703820858153, 'max_iter': 72403}. Best is trial 8 with value: 0.7861864900250197.
Trial 21 finished with value: 0.7780488209519676 and parameters: {'n_components': 11, 'degree': 3, 'alpha': 0.3146123850842127, 'max_iter': 94369}. Best is trial 8 with value: 0.7861864900250197.
Trial 19 finished with value: 0.6424108156054624 and parameters: {'n_components': 6, 'degree': 5, 'alpha': 1.9781817115525082, 'max_iter': 9285}. Best is trial 8 with value: 0.7861864900250197.
Trial 23 finished with value: 0.7838401680885774 and parameters: {'n_components': 2, 'degree': 4, 'alpha': 0.02573472181330837, 'max_iter': 64142}. Best is trial 8 with value: 0.7861864900250197.
Trial 22 finished with value: 0.6895976496521938 and parameters: {'n_components': 5, 'degree': 4, 'alpha': 0.0008398401072205919, 'max_iter': 1013}. Best is trial 8 with value: 0.7861864900250197.
Trial 0 finished with value: 0.024919590705643768 and parameters: {'n_components': 1, 'degree': 1, 'alpha': 0.00012042531088004805, 'max_iter': 39797}. Best is trial 8 with value: 0.7861864900250197.
Trial 5 finished with value: -51.9791348178432 and parameters: {'n_components': 9, 'degree': 5, 'alpha': 0.08964497148168706, 'max_iter': 18878}. Best is trial 8 with value: 0.7861864900250197.
Trial 9 finished with value: 0.6513413779333226 and parameters: {'n_components': 8, 'degree': 1, 'alpha': 0.0015781326023117297, 'max_iter': 37079}. Best is trial 8 with value: 0.7861864900250197.
Trial 2 finished with value: 0.313452646132386 and parameters: {'n_components': 11, 'degree': 4, 'alpha': 0.1898555243064433, 'max_iter': 6462}. Best is trial 8 with value: 0.7861864900250197.
Trial 3 finished with value: 0.7799647594561707 and parameters: {'n_components': 2, 'degree': 3, 'alpha': 0.07538662940733466, 'max_iter': 44633}. Best is trial 8 with value: 0.7861864900250197.
Trial 15 finished with value: 0.7515192172354581 and parameters: {'n_components': 5, 'degree': 4, 'alpha': 1.7868028368267996, 'max_iter': 14447}. Best is trial 8 with value: 0.7861864900250197.
Trial 27 finished with value: 0.7904163083243991 and parameters: {'n_components': 9, 'degree': 3, 'alpha': 0.040093324282523796, 'max_iter': 37316}. Best is trial 27 with value: 0.7904163083243991.
Trial 28 finished with value: -0.7386966645705038 and parameters: {'n_components': 10, 'degree': 4, 'alpha': 0.011334633852395217, 'max_iter': 20218}. Best is trial 27 with value: 0.7904163083243991.
Trial 26 finished with value: 0.398213961986248 and parameters: {'n_components': 1, 'degree': 5, 'alpha': 0.0001835874645988485, 'max_iter': 20796}. Best is trial 27 with value: 0.7904163083243991.
Trial 41 finished with value: 0.7587096443132837 and parameters: {'n_components': 4, 'degree': 4, 'alpha': 0.002653127400764348, 'max_iter': 68456}. Best is trial 27 with value: 0.7904163083243991.
Trial 36 finished with value: 0.7784862346515122 and parameters: {'n_components': 3, 'degree': 3, 'alpha': 0.0013064363651441961, 'max_iter': 36231}. Best is trial 27 with value: 0.7904163083243991.
Trial 33 finished with value: 0.7827311715746584 and parameters: {'n_components': 11, 'degree': 3, 'alpha': 1.8075068101982712, 'max_iter': 5902}. Best is trial 27 with value: 0.7904163083243991.
Trial 25 finished with value: 0.6417020576752751 and parameters: {'n_components': 7, 'degree': 4, 'alpha': 0.0015575084030473045, 'max_iter': 78461}. Best is trial 27 with value: 0.7904163083243991.
Trial 38 finished with value: 0.8235537609972555 and parameters: {'n_components': 11, 'degree': 2, 'alpha': 4.0324798254757335, 'max_iter': 99534}. Best is trial 38 with value: 0.8235537609972555.
Trial 31 finished with value: 0.7801757166172754 and parameters: {'n_components': 2, 'degree': 3, 'alpha': 0.0001353218356885983, 'max_iter': 33851}. Best is trial 38 with value: 0.8235537609972555.
Trial 24 finished with value: 0.6509880183131758 and parameters: {'n_components': 8, 'degree': 1, 'alpha': 9.315420148823398, 'max_iter': 99031}. Best is trial 38 with value: 0.8235537609972555.
Trial 35 finished with value: 0.7907314271306185 and parameters: {'n_components': 8, 'degree': 2, 'alpha': 1.5768199011869284, 'max_iter': 20374}. Best is trial 38 with value: 0.8235537609972555.
Trial 39 finished with value: 0.7487866122961842 and parameters: {'n_components': 7, 'degree': 3, 'alpha': 0.014174894312054754, 'max_iter': 60175}. Best is trial 38 with value: 0.8235537609972555.
Trial 37 finished with value: 0.19086849110160972 and parameters: {'n_components': 8, 'degree': 4, 'alpha': 0.00018514089347590216, 'max_iter': 39303}. Best is trial 43 with value: 0.8245166918841764.
Trial 40 finished with value: 0.3984137426170351 and parameters: {'n_components': 1, 'degree': 5, 'alpha': 0.7228385923681137, 'max_iter': 95521}. Best is trial 43 with value: 0.8245166918841764.
Trial 30 finished with value: 0.4507445480992506 and parameters: {'n_components': 4, 'degree': 1, 'alpha': 1.545405382757096, 'max_iter': 77364}. Best is trial 43 with value: 0.8245166918841764.
Trial 34 finished with value: 0.770790270537079 and parameters: {'n_components': 5, 'degree': 3, 'alpha': 2.180524339989346, 'max_iter': 13756}. Best is trial 43 with value: 0.8245166918841764.
Trial 43 finished with value: 0.8245166918841764 and parameters: {'n_components': 9, 'degree': 2, 'alpha': 0.13217844999700315, 'max_iter': 81854}. Best is trial 43 with value: 0.8245166918841764.
Trial 44 finished with value: 0.7736726855276097 and parameters: {'n_components': 3, 'degree': 4, 'alpha': 0.0026741686427383202, 'max_iter': 42737}. Best is trial 43 with value: 0.8245166918841764.
Trial 32 finished with value: -51.55282590972678 and parameters: {'n_components': 8, 'degree': 5, 'alpha': 0.002386620406117268, 'max_iter': 24156}. Best is trial 43 with value: 0.8245166918841764.
Trial 42 finished with value: 0.641820730622982 and parameters: {'n_components': 8, 'degree': 4, 'alpha': 0.5272549852326477, 'max_iter': 91386}. Best is trial 43 with value: 0.8245166918841764.
Trial 29 finished with value: 0.38807494584035906 and parameters: {'n_components': 1, 'degree': 4, 'alpha': 0.0003902567692069269, 'max_iter': 57082}. Best is trial 43 with value: 0.8245166918841764.
Trial 45 finished with value: 0.7840848924327799 and parameters: {'n_components': 8, 'degree': 2, 'alpha': 0.15240705347313033, 'max_iter': 18808}. Best is trial 43 with value: 0.8245166918841764.
Trial 50 finished with value: 0.4087082056886975 and parameters: {'n_components': 3, 'degree': 1, 'alpha': 0.15144285399168722, 'max_iter': 32599}. Best is trial 43 with value: 0.8245166918841764.
Trial 53 finished with value: 0.7784818875825161 and parameters: {'n_components': 3, 'degree': 3, 'alpha': 0.0012566048605327203, 'max_iter': 56117}. Best is trial 43 with value: 0.8245166918841764.
Trial 46 finished with value: 0.6880360739981364 and parameters: {'n_components': 5, 'degree': 4, 'alpha': 0.00036723142599806477, 'max_iter': 43458}. Best is trial 43 with value: 0.8245166918841764.
Trial 47 finished with value: 0.7810285718609374 and parameters: {'n_components': 5, 'degree': 2, 'alpha': 0.2876803840145933, 'max_iter': 34223}. Best is trial 43 with value: 0.8245166918841764.
Trial 52 finished with value: 0.31680499947973084 and parameters: {'n_components': 2, 'degree': 1, 'alpha': 0.005936704940644744, 'max_iter': 83917}. Best is trial 43 with value: 0.8245166918841764.
Trial 49 finished with value: 0.7754177840789303 and parameters: {'n_components': 6, 'degree': 2, 'alpha': 0.0001364540215492172, 'max_iter': 30043}. Best is trial 43 with value: 0.8245166918841764.
Trial 55 finished with value: 0.7815786039371928 and parameters: {'n_components': 5, 'degree': 2, 'alpha': 2.2373373074364387, 'max_iter': 91010}. Best is trial 43 with value: 0.8245166918841764.
Trial 60 finished with value: 0.38807037503072506 and parameters: {'n_components': 1, 'degree': 4, 'alpha': 2.6150074653303466, 'max_iter': 49825}. Best is trial 43 with value: 0.8245166918841764.
Trial 51 finished with value: 0.7375146692379329 and parameters: {'n_components': 6, 'degree': 4, 'alpha': 3.290800376009102, 'max_iter': 83710}. Best is trial 43 with value: 0.8245166918841764.
Trial 48 finished with value: 0.6513413717822407 and parameters: {'n_components': 8, 'degree': 1, 'alpha': 0.0022518201633799817, 'max_iter': 4756}. Best is trial 43 with value: 0.8245166918841764.
Trial 66 finished with value: 0.7661243192474538 and parameters: {'n_components': 2, 'degree': 2, 'alpha': 0.00043418304589758135, 'max_iter': 91558}. Best is trial 43 with value: 0.8245166918841764.
Trial 63 finished with value: -3.9734743994632318 and parameters: {'n_components': 11, 'degree': 5, 'alpha': 0.043155541203231534, 'max_iter': 97795}. Best is trial 43 with value: 0.8245166918841764.
Trial 56 finished with value: 0.7761608605988279 and parameters: {'n_components': 5, 'degree': 3, 'alpha': 0.06156063912505338, 'max_iter': 92485}. Best is trial 43 with value: 0.8245166918841764.
Trial 58 finished with value: 0.6859992233044407 and parameters: {'n_components': 4, 'degree': 5, 'alpha': 0.0001843887407044391, 'max_iter': 54032}. Best is trial 43 with value: 0.8245166918841764.
Trial 57 finished with value: 0.8004835671854484 and parameters: {'n_components': 10, 'degree': 3, 'alpha': 2.026802659127302, 'max_iter': 43747}. Best is trial 43 with value: 0.8245166918841764.
Trial 61 finished with value: -0.6808399060475173 and parameters: {'n_components': 9, 'degree': 4, 'alpha': 0.00020303314754268275, 'max_iter': 55206}. Best is trial 43 with value: 0.8245166918841764.
Trial 59 finished with value: 0.7710223465096872 and parameters: {'n_components': 4, 'degree': 5, 'alpha': 4.369697303587273, 'max_iter': 88786}. Best is trial 43 with value: 0.8245166918841764.
Trial 54 finished with value: 0.7829480634065199 and parameters: {'n_components': 3, 'degree': 3, 'alpha': 0.2205517153421457, 'max_iter': 94128}. Best is trial 43 with value: 0.8245166918841764.
Trial 69 finished with value: 0.6720907739818406 and parameters: {'n_components': 7, 'degree': 4, 'alpha': 0.012284296429003598, 'max_iter': 51384}. Best is trial 43 with value: 0.8245166918841764.
Trial 62 finished with value: 0.822002963366038 and parameters: {'n_components': 10, 'degree': 2, 'alpha': 0.005190336989406305, 'max_iter': 46680}. Best is trial 43 with value: 0.8245166918841764.
Trial 64 finished with value: 0.3153009443114545 and parameters: {'n_components': 1, 'degree': 3, 'alpha': 0.011315380861210016, 'max_iter': 67864}. Best is trial 43 with value: 0.8245166918841764.
Trial 65 finished with value: -13.695819440114287 and parameters: {'n_components': 8, 'degree': 5, 'alpha': 0.028058712409632293, 'max_iter': 61328}. Best is trial 43 with value: 0.8245166918841764.
Trial 67 finished with value: 0.3168045175604693 and parameters: {'n_components': 2, 'degree': 1, 'alpha': 0.0002828489440105413, 'max_iter': 15064}. Best is trial 43 with value: 0.8245166918841764.
Trial 71 finished with value: 0.7821282749218257 and parameters: {'n_components': 10, 'degree': 3, 'alpha': 0.0007145134016466298, 'max_iter': 67271}. Best is trial 43 with value: 0.8245166918841764.
Trial 72 finished with value: 0.7747388379900296 and parameters: {'n_components': 3, 'degree': 2, 'alpha': 0.013628076339704169, 'max_iter': 27910}. Best is trial 43 with value: 0.8245166918841764.
Trial 68 finished with value: 0.7753623322929294 and parameters: {'n_components': 10, 'degree': 1, 'alpha': 0.0009452295120119034, 'max_iter': 69735}. Best is trial 43 with value: 0.8245166918841764.
Trial 77 finished with value: 0.3995261023041565 and parameters: {'n_components': 8, 'degree': 4, 'alpha': 0.02748344370313824, 'max_iter': 46004}. Best is trial 43 with value: 0.8245166918841764.
Trial 74 finished with value: 0.31680450865145404 and parameters: {'n_components': 2, 'degree': 1, 'alpha': 0.0001783334307077467, 'max_iter': 39694}. Best is trial 43 with value: 0.8245166918841764.
Trial 73 finished with value: 0.6969626844094597 and parameters: {'n_components': 6, 'degree': 4, 'alpha': 0.1066002379324908, 'max_iter': 62643}. Best is trial 43 with value: 0.8245166918841764.
Trial 75 finished with value: 0.7906150156907726 and parameters: {'n_components': 11, 'degree': 3, 'alpha': 9.050890339534796, 'max_iter': 52662}. Best is trial 43 with value: 0.8245166918841764.
Trial 70 finished with value: 0.7824277896365605 and parameters: {'n_components': 2, 'degree': 5, 'alpha': 0.22574203848135133, 'max_iter': 54169}. Best is trial 43 with value: 0.8245166918841764.
Trial 81 finished with value: 0.02492029419219528 and parameters: {'n_components': 1, 'degree': 1, 'alpha': 0.05870774885966002, 'max_iter': 13261}. Best is trial 43 with value: 0.8245166918841764.
Trial 78 finished with value: 0.7753651420863623 and parameters: {'n_components': 10, 'degree': 1, 'alpha': 0.01623475797438855, 'max_iter': 31132}. Best is trial 43 with value: 0.8245166918841764.
Trial 85 finished with value: 0.7734750105514722 and parameters: {'n_components': 9, 'degree': 1, 'alpha': 0.008832946854888422, 'max_iter': 80566}. Best is trial 43 with value: 0.8245166918841764.
Trial 76 finished with value: 0.4512541402149628 and parameters: {'n_components': 5, 'degree': 1, 'alpha': 0.010357943114312049, 'max_iter': 37965}. Best is trial 43 with value: 0.8245166918841764.
Trial 82 finished with value: 0.7684046149978054 and parameters: {'n_components': 6, 'degree': 3, 'alpha': 0.3851691555493371, 'max_iter': 91565}. Best is trial 43 with value: 0.8245166918841764.
Trial 84 finished with value: 0.7119946749930233 and parameters: {'n_components': 4, 'degree': 5, 'alpha': 0.0011259209255938133, 'max_iter': 73590}. Best is trial 43 with value: 0.8245166918841764.
Trial 79 finished with value: 0.30041761716953336 and parameters: {'n_components': 11, 'degree': 4, 'alpha': 0.0371237027348307, 'max_iter': 57195}. Best is trial 43 with value: 0.8245166918841764.
Trial 83 finished with value: 0.774751643386119 and parameters: {'n_components': 3, 'degree': 2, 'alpha': 0.0029130973629851657, 'max_iter': 56848}. Best is trial 43 with value: 0.8245166918841764.
Trial 90 finished with value: 0.024919595802831353 and parameters: {'n_components': 1, 'degree': 1, 'alpha': 0.0005447532344308195, 'max_iter': 94367}. Best is trial 43 with value: 0.8245166918841764.
Trial 80 finished with value: 0.7163002940836489 and parameters: {'n_components': 8, 'degree': 4, 'alpha': 5.463009076214375, 'max_iter': 24861}. Best is trial 43 with value: 0.8245166918841764.
Trial 87 finished with value: 0.7752921657481336 and parameters: {'n_components': 7, 'degree': 2, 'alpha': 0.04198157569956428, 'max_iter': 56726}. Best is trial 43 with value: 0.8245166918841764.
Trial 86 finished with value: 0.5827773309008951 and parameters: {'n_components': 9, 'degree': 4, 'alpha': 2.336763495214969, 'max_iter': 22881}. Best is trial 43 with value: 0.8245166918841764.
Trial 91 finished with value: 0.6646548693469252 and parameters: {'n_components': 8, 'degree': 4, 'alpha': 0.947047092032368, 'max_iter': 34973}. Best is trial 43 with value: 0.8245166918841764.
Trial 92 finished with value: 0.4086973266148405 and parameters: {'n_components': 3, 'degree': 1, 'alpha': 0.0016453830166740647, 'max_iter': 32223}. Best is trial 43 with value: 0.8245166918841764.
Trial 93 finished with value: 0.780845843624769 and parameters: {'n_components': 2, 'degree': 5, 'alpha': 2.8169296403775923, 'max_iter': 23952}. Best is trial 43 with value: 0.8245166918841764.
Trial 88 finished with value: 0.7753635987915668 and parameters: {'n_components': 10, 'degree': 1, 'alpha': 0.007834154707596056, 'max_iter': 50445}. Best is trial 43 with value: 0.8245166918841764.
Trial 89 finished with value: -717.7827579881242 and parameters: {'n_components': 9, 'degree': 5, 'alpha': 0.0002812729589981417, 'max_iter': 19505}. Best is trial 43 with value: 0.8245166918841764.
Trial 97 finished with value: 0.7593015795848002 and parameters: {'n_components': 6, 'degree': 3, 'alpha': 0.03156250790238927, 'max_iter': 75474}. Best is trial 43 with value: 0.8245166918841764.
Trial 94 finished with value: 0.38807859123367094 and parameters: {'n_components': 1, 'degree': 4, 'alpha': 0.8156376814393408, 'max_iter': 88756}. Best is trial 43 with value: 0.8245166918841764.
Trial 96 finished with value: 0.3287408742507055 and parameters: {'n_components': 1, 'degree': 2, 'alpha': 0.0010795500405907641, 'max_iter': 1972}. Best is trial 43 with value: 0.8245166918841764.
Trial 100 finished with value: 0.02497069427149884 and parameters: {'n_components': 1, 'degree': 1, 'alpha': 4.388208645007171, 'max_iter': 27639}. Best is trial 43 with value: 0.8245166918841764.
Trial 95 finished with value: 0.7754334871426061 and parameters: {'n_components': 10, 'degree': 1, 'alpha': 0.3951951100825272, 'max_iter': 44963}. Best is trial 43 with value: 0.8245166918841764.
Trial 99 finished with value: 0.7800792532803308 and parameters: {'n_components': 2, 'degree': 4, 'alpha': 4.0522727694952865, 'max_iter': 90445}. Best is trial 43 with value: 0.8245166918841764.
Trial 102 finished with value: 0.7771398254527153 and parameters: {'n_components': 4, 'degree': 2, 'alpha': 0.004592404193460176, 'max_iter': 55171}. Best is trial 43 with value: 0.8245166918841764.
Trial 101 finished with value: 0.7772845277283291 and parameters: {'n_components': 4, 'degree': 3, 'alpha': 0.01551293020785031, 'max_iter': 18906}. Best is trial 43 with value: 0.8245166918841764.
Trial 108 finished with value: 0.8241268988461329 and parameters: {'n_components': 11, 'degree': 2, 'alpha': 8.759609214067746, 'max_iter': 31639}. Best is trial 43 with value: 0.8245166918841764.
Trial 109 finished with value: 0.782355076073619 and parameters: {'n_components': 3, 'degree': 5, 'alpha': 3.0077492144372178, 'max_iter': 86851}. Best is trial 43 with value: 0.8245166918841764.
Trial 105 finished with value: 0.4506333355938998 and parameters: {'n_components': 4, 'degree': 1, 'alpha': 0.009242558805274659, 'max_iter': 71483}. Best is trial 43 with value: 0.8245166918841764.
Trial 111 finished with value: 0.5010307749697754 and parameters: {'n_components': 7, 'degree': 5, 'alpha': 0.03331852007571565, 'max_iter': 92549}. Best is trial 43 with value: 0.8245166918841764.
Trial 98 finished with value: 0.45162860337239613 and parameters: {'n_components': 5, 'degree': 1, 'alpha': 4.004185890784035, 'max_iter': 51067}. Best is trial 43 with value: 0.8245166918841764.
Trial 104 finished with value: 0.667146928208776 and parameters: {'n_components': 6, 'degree': 4, 'alpha': 0.011895305736280162, 'max_iter': 88235}. Best is trial 43 with value: 0.8245166918841764.
Trial 112 finished with value: 0.8227249393203195 and parameters: {'n_components': 11, 'degree': 2, 'alpha': 0.00015812302335990535, 'max_iter': 17001}. Best is trial 43 with value: 0.8245166918841764.
Trial 107 finished with value: 0.8243028824280219 and parameters: {'n_components': 9, 'degree': 2, 'alpha': 0.00038817785228072594, 'max_iter': 67736}. Best is trial 43 with value: 0.8245166918841764.
Trial 106 finished with value: 0.7792940236523942 and parameters: {'n_components': 8, 'degree': 2, 'alpha': 0.0018014247195709103, 'max_iter': 49696}. Best is trial 43 with value: 0.8245166918841764.
