Trial 494 finished with value: -5.770144311507775 and parameters: {'n_components': 1, 'degree': 2, 'alpha': 0.09019913793653019, 'l1_ratio': 0.0504029957665203, 'max_iter': 63323}. Best is trial 157 with value: 0.6510445488047812.
Trial 495 finished with value: -0.02395467479123442 and parameters: {'n_components': 5, 'degree': 2, 'alpha': 0.000662168467488828, 'l1_ratio': 0.030133751144216347, 'max_iter': 58768}. Best is trial 157 with value: 0.6510445488047812.
Trial 489 finished with value: 0.5798385040857899 and parameters: {'n_components': 10, 'degree': 4, 'alpha': 0.0003031575941351897, 'l1_ratio': 0.9941566867502183, 'max_iter': 3910}. Best is trial 157 with value: 0.6510445488047812.
Trial 488 finished with value: 0.43138872376807785 and parameters: {'n_components': 10, 'degree': 4, 'alpha': 0.963533660823251, 'l1_ratio': 0.7780434412140256, 'max_iter': 68061}. Best is trial 157 with value: 0.6510445488047812.
Trial 496 finished with value: 0.4070642140585165 and parameters: {'n_components': 9, 'degree': 3, 'alpha': 0.09406186912777638, 'l1_ratio': 0.011832905228718715, 'max_iter': 52641}. Best is trial 157 with value: 0.6510445488047812.
Trial 499 finished with value: -2.510797536208152 and parameters: {'n_components': 3, 'degree': 1, 'alpha': 5.108189978352702, 'l1_ratio': 0.90052115182374, 'max_iter': 66171}. Best is trial 157 with value: 0.6510445488047812.
Trial 469 finished with value: 0.48882239848609915 and parameters: {'n_components': 9, 'degree': 4, 'alpha': 0.2698451473449669, 'l1_ratio': 0.9096191687475842, 'max_iter': 59507}. Best is trial 157 with value: 0.6510445488047812.
Trial 500 finished with value: 0.07429436560660589 and parameters: {'n_components': 5, 'degree': 3, 'alpha': 0.04727995232434332, 'l1_ratio': 0.7016124842797968, 'max_iter': 26437}. Best is trial 157 with value: 0.6510445488047812.
Trial 317 finished with value: 0.5039230790697564 and parameters: {'n_components': 11, 'degree': 5, 'alpha': 1.133909162155903, 'l1_ratio': 0.8461083500235802, 'max_iter': 24359}. Best is trial 157 with value: 0.6510445488047812.
Trial 466 finished with value: 0.5452212384601491 and parameters: {'n_components': 8, 'degree': 4, 'alpha': 0.0029130844854524827, 'l1_ratio': 0.13594374203543913, 'max_iter': 34065}. Best is trial 157 with value: 0.6510445488047812.
Trial 502 finished with value: 0.14315116253918247 and parameters: {'n_components': 8, 'degree': 2, 'alpha': 0.005258899424390299, 'l1_ratio': 0.7970697432000124, 'max_iter': 98683}. Best is trial 157 with value: 0.6510445488047812.
Trial 504 finished with value: -0.29258312682193927 and parameters: {'n_components': 10, 'degree': 2, 'alpha': 2.2247910632112675, 'l1_ratio': 0.3654872556478158, 'max_iter': 39643}. Best is trial 157 with value: 0.6510445488047812.
Trial 505 finished with value: -5.768384674420229 and parameters: {'n_components': 1, 'degree': 2, 'alpha': 0.0037005819973662288, 'l1_ratio': 0.4508604950735621, 'max_iter': 2900}. Best is trial 157 with value: 0.6510445488047812.
Trial 506 finished with value: -0.053771312259927595 and parameters: {'n_components': 7, 'degree': 3, 'alpha': 1.1671386894362823, 'l1_ratio': 0.11658354585009378, 'max_iter': 2466}. Best is trial 157 with value: 0.6510445488047812.
Trial 507 finished with value: -0.6627789138142828 and parameters: {'n_components': 2, 'degree': 5, 'alpha': 0.0028118238594847336, 'l1_ratio': 0.4812262448009046, 'max_iter': 9406}. Best is trial 157 with value: 0.6510445488047812.
Trial 176 finished with value: 0.632436094193733 and parameters: {'n_components': 10, 'degree': 5, 'alpha': 0.025365991435643026, 'l1_ratio': 0.5792681465765754, 'max_iter': 53801}. Best is trial 157 with value: 0.6510445488047812.
Trial 510 finished with value: -5.563736977449801 and parameters: {'n_components': 1, 'degree': 3, 'alpha': 1.5658998674944318, 'l1_ratio': 0.23621189764608885, 'max_iter': 46797}. Best is trial 157 with value: 0.6510445488047812.
Trial 511 finished with value: -4.844042867297581 and parameters: {'n_components': 1, 'degree': 5, 'alpha': 1.8915371239461913, 'l1_ratio': 0.6790321623719409, 'max_iter': 78717}. Best is trial 157 with value: 0.6510445488047812.
Trial 512 finished with value: 0.2374894876490224 and parameters: {'n_components': 6, 'degree': 5, 'alpha': 0.08864604749255744, 'l1_ratio': 0.28516352666744116, 'max_iter': 1569}. Best is trial 157 with value: 0.6510445488047812.
Trial 513 finished with value: -5.586965130476778 and parameters: {'n_components': 1, 'degree': 4, 'alpha': 2.064742548764846, 'l1_ratio': 0.38322601109849364, 'max_iter': 94286}. Best is trial 157 with value: 0.6510445488047812.
Trial 493 finished with value: 0.13143012727530776 and parameters: {'n_components': 6, 'degree': 3, 'alpha': 0.00914625774982361, 'l1_ratio': 0.28408639573367134, 'max_iter': 24281}. Best is trial 157 with value: 0.6510445488047812.
Trial 503 finished with value: 0.43133547748635986 and parameters: {'n_components': 10, 'degree': 3, 'alpha': 0.047333207491702875, 'l1_ratio': 0.06718779520472196, 'max_iter': 47471}. Best is trial 157 with value: 0.6510445488047812.
Trial 457 finished with value: 0.22676256472043244 and parameters: {'n_components': 9, 'degree': 5, 'alpha': 7.947465645695776, 'l1_ratio': 0.46111360934288537, 'max_iter': 45124}. Best is trial 157 with value: 0.6510445488047812.
Trial 514 finished with value: 0.4369642678643204 and parameters: {'n_components': 9, 'degree': 3, 'alpha': 0.00045091001086573605, 'l1_ratio': 0.6215739120101513, 'max_iter': 10297}. Best is trial 157 with value: 0.6510445488047812.
Trial 518 finished with value: -1.8429742797353799 and parameters: {'n_components': 5, 'degree': 1, 'alpha': 0.0005141869148532069, 'l1_ratio': 0.3862889022734929, 'max_iter': 78444}. Best is trial 157 with value: 0.6510445488047812.
Trial 519 finished with value: -0.05612634088864825 and parameters: {'n_components': 5, 'degree': 3, 'alpha': 0.7542149817180772, 'l1_ratio': 0.8769806886106607, 'max_iter': 10132}. Best is trial 157 with value: 0.6510445488047812.
Trial 520 finished with value: -1.4137119948580044 and parameters: {'n_components': 6, 'degree': 2, 'alpha': 8.812240814368868, 'l1_ratio': 0.26187957064187906, 'max_iter': 43783}. Best is trial 157 with value: 0.6510445488047812.
Trial 521 finished with value: 0.20088312680499287 and parameters: {'n_components': 8, 'degree': 3, 'alpha': 0.9446937252636312, 'l1_ratio': 0.140080008392781, 'max_iter': 30705}. Best is trial 157 with value: 0.6510445488047812.
Trial 522 finished with value: -1.84956793757944 and parameters: {'n_components': 6, 'degree': 1, 'alpha': 0.0026350064353379433, 'l1_ratio': 0.16352125123855288, 'max_iter': 75351}. Best is trial 157 with value: 0.6510445488047812.
Trial 523 finished with value: -5.116568164137774 and parameters: {'n_components': 1, 'degree': 1, 'alpha': 0.0003400054892689494, 'l1_ratio': 0.21921847983333165, 'max_iter': 67766}. Best is trial 157 with value: 0.6510445488047812.
Trial 524 finished with value: -1.8431700794637114 and parameters: {'n_components': 5, 'degree': 1, 'alpha': 0.005622296270095424, 'l1_ratio': 0.9432687291559095, 'max_iter': 89839}. Best is trial 157 with value: 0.6510445488047812.
Trial 525 finished with value: -2.2965061277705265 and parameters: {'n_components': 3, 'degree': 1, 'alpha': 0.009294924024705461, 'l1_ratio': 0.8525617012050507, 'max_iter': 99544}. Best is trial 157 with value: 0.6510445488047812.
Trial 526 finished with value: -1.9099986690282618 and parameters: {'n_components': 4, 'degree': 1, 'alpha': 0.010160681946771472, 'l1_ratio': 0.012500973583665198, 'max_iter': 86021}. Best is trial 157 with value: 0.6510445488047812.
Trial 527 finished with value: -4.998365196742431 and parameters: {'n_components': 1, 'degree': 3, 'alpha': 0.06826734181145268, 'l1_ratio': 0.06247699446880339, 'max_iter': 52453}. Best is trial 157 with value: 0.6510445488047812.
Trial 528 finished with value: -1.0322713658628069 and parameters: {'n_components': 9, 'degree': 1, 'alpha': 0.006714183431505698, 'l1_ratio': 0.2114154070832157, 'max_iter': 94982}. Best is trial 157 with value: 0.6510445488047812.
Trial 454 finished with value: 0.23885750719851612 and parameters: {'n_components': 7, 'degree': 3, 'alpha': 0.002666216427527654, 'l1_ratio': 0.8808511739344095, 'max_iter': 84381}. Best is trial 157 with value: 0.6510445488047812.
Trial 530 finished with value: -5.226002563318633 and parameters: {'n_components': 2, 'degree': 2, 'alpha': 9.138666660566805, 'l1_ratio': 0.262663461834896, 'max_iter': 68142}. Best is trial 157 with value: 0.6510445488047812.
Trial 369 finished with value: 0.34273771866512476 and parameters: {'n_components': 7, 'degree': 5, 'alpha': 0.004810240859862994, 'l1_ratio': 0.3452820088474069, 'max_iter': 70565}. Best is trial 157 with value: 0.6510445488047812.
Trial 517 finished with value: 0.0529507763531805 and parameters: {'n_components': 3, 'degree': 5, 'alpha': 0.01112893891918003, 'l1_ratio': 0.07207900747208773, 'max_iter': 21440}. Best is trial 157 with value: 0.6510445488047812.
Trial 533 finished with value: -4.891943527126173 and parameters: {'n_components': 2, 'degree': 2, 'alpha': 0.2823970224085404, 'l1_ratio': 0.39032588018775993, 'max_iter': 27089}. Best is trial 157 with value: 0.6510445488047812.
Trial 534 finished with value: -5.48388525214657 and parameters: {'n_components': 1, 'degree': 4, 'alpha': 1.2056903722456531, 'l1_ratio': 0.22605192604656577, 'max_iter': 22949}. Best is trial 157 with value: 0.6510445488047812.
Trial 515 finished with value: 0.5654897881369484 and parameters: {'n_components': 11, 'degree': 4, 'alpha': 0.005223012949858272, 'l1_ratio': 0.5300646759172927, 'max_iter': 7638}. Best is trial 157 with value: 0.6510445488047812.
Trial 536 finished with value: -0.11115301105475142 and parameters: {'n_components': 5, 'degree': 3, 'alpha': 1.0712130588939053, 'l1_ratio': 0.7844904189834597, 'max_iter': 46423}. Best is trial 157 with value: 0.6510445488047812.
Trial 535 finished with value: 0.36415899157416937 and parameters: {'n_components': 10, 'degree': 4, 'alpha': 2.499368280550953, 'l1_ratio': 0.32500686724851313, 'max_iter': 14498}. Best is trial 157 with value: 0.6510445488047812.
Trial 538 finished with value: -1.0744985000790024 and parameters: {'n_components': 3, 'degree': 2, 'alpha': 0.13152580042628698, 'l1_ratio': 0.06367919861276017, 'max_iter': 60774}. Best is trial 157 with value: 0.6510445488047812.
Trial 539 finished with value: -0.9823934846260035 and parameters: {'n_components': 3, 'degree': 2, 'alpha': 0.002575972349487343, 'l1_ratio': 0.9459744380207483, 'max_iter': 19578}. Best is trial 157 with value: 0.6510445488047812.
Trial 422 finished with value: 0.5867557969824747 and parameters: {'n_components': 8, 'degree': 5, 'alpha': 0.00014442319684621052, 'l1_ratio': 0.45113884095606205, 'max_iter': 35101}. Best is trial 157 with value: 0.6510445488047812.
Trial 541 finished with value: 0.03920370327862206 and parameters: {'n_components': 6, 'degree': 2, 'alpha': 0.014291043453975971, 'l1_ratio': 0.15564213495923396, 'max_iter': 51216}. Best is trial 157 with value: 0.6510445488047812.
Trial 542 finished with value: -2.2968882537939916 and parameters: {'n_components': 3, 'degree': 1, 'alpha': 0.0007347442189575275, 'l1_ratio': 0.7796248491994935, 'max_iter': 14119}. Best is trial 157 with value: 0.6510445488047812.
Trial 543 finished with value: -3.6328889790718186 and parameters: {'n_components': 2, 'degree': 3, 'alpha': 1.9377582328760654, 'l1_ratio': 0.16676847079364787, 'max_iter': 8838}. Best is trial 157 with value: 0.6510445488047812.
Trial 540 finished with value: 0.0999588104791154 and parameters: {'n_components': 7, 'degree': 3, 'alpha': 0.10542763480094161, 'l1_ratio': 0.23281078876594352, 'max_iter': 3164}. Best is trial 157 with value: 0.6510445488047812.
Trial 545 finished with value: -0.6770022872262322 and parameters: {'n_components': 3, 'degree': 4, 'alpha': 3.7080720672841294, 'l1_ratio': 0.2024861916404933, 'max_iter': 63653}. Best is trial 157 with value: 0.6510445488047812.
Trial 544 finished with value: 0.058748937037578074 and parameters: {'n_components': 4, 'degree': 3, 'alpha': 0.02395187066062437, 'l1_ratio': 0.6271910050877529, 'max_iter': 40205}. Best is trial 157 with value: 0.6510445488047812.
Trial 537 finished with value: 0.4356105502572001 and parameters: {'n_components': 9, 'degree': 4, 'alpha': 0.8458585232313097, 'l1_ratio': 0.923419851350713, 'max_iter': 4365}. Best is trial 157 with value: 0.6510445488047812.
Trial 483 finished with value: 0.4317623539929759 and parameters: {'n_components': 8, 'degree': 3, 'alpha': 0.0017736407700903688, 'l1_ratio': 0.06586757999256998, 'max_iter': 62021}. Best is trial 157 with value: 0.6510445488047812.
Trial 531 finished with value: 0.5508572197868818 and parameters: {'n_components': 8, 'degree': 4, 'alpha': 0.0008514380090088547, 'l1_ratio': 0.7113171925245776, 'max_iter': 19291}. Best is trial 157 with value: 0.6510445488047812.
Trial 497 finished with value: 0.21630107030125467 and parameters: {'n_components': 6, 'degree': 5, 'alpha': 0.5460889023686256, 'l1_ratio': 0.01151814594093592, 'max_iter': 39614}. Best is trial 157 with value: 0.6510445488047812.
Trial 550 finished with value: -5.772900950613356 and parameters: {'n_components': 1, 'degree': 2, 'alpha': 0.24802168115790846, 'l1_ratio': 0.11534905043249977, 'max_iter': 95736}. Best is trial 157 with value: 0.6510445488047812.
Trial 551 finished with value: -1.7235691768175394 and parameters: {'n_components': 8, 'degree': 1, 'alpha': 0.030703380754782888, 'l1_ratio': 0.6781096816226456, 'max_iter': 32485}. Best is trial 157 with value: 0.6510445488047812.
Trial 508 finished with value: 0.2910584724625127 and parameters: {'n_components': 7, 'degree': 4, 'alpha': 0.0046245820982188275, 'l1_ratio': 0.31034210076610713, 'max_iter': 39597}. Best is trial 157 with value: 0.6510445488047812.
Trial 509 finished with value: 0.515405963515889 and parameters: {'n_components': 10, 'degree': 5, 'alpha': 0.00014058778046232008, 'l1_ratio': 0.1778317074009581, 'max_iter': 7207}. Best is trial 157 with value: 0.6510445488047812.
Trial 555 finished with value: -5.075943395572231 and parameters: {'n_components': 2, 'degree': 1, 'alpha': 0.004672958412641896, 'l1_ratio': 0.5222220579488658, 'max_iter': 98066}. Best is trial 157 with value: 0.6510445488047812.
Trial 556 finished with value: -0.26286824362593647 and parameters: {'n_components': 10, 'degree': 2, 'alpha': 2.0271216558795935, 'l1_ratio': 0.11158371033856773, 'max_iter': 40372}. Best is trial 157 with value: 0.6510445488047812.
Trial 557 finished with value: 0.17838642077193584 and parameters: {'n_components': 11, 'degree': 2, 'alpha': 0.12151279870415062, 'l1_ratio': 0.2698768235586997, 'max_iter': 26937}. Best is trial 157 with value: 0.6510445488047812.
Trial 529 finished with value: 0.07828548271704419 and parameters: {'n_components': 3, 'degree': 5, 'alpha': 0.003911043684490376, 'l1_ratio': 0.5905011354258553, 'max_iter': 81527}. Best is trial 157 with value: 0.6510445488047812.
Trial 559 finished with value: -1.032833637637567 and parameters: {'n_components': 9, 'degree': 1, 'alpha': 0.011042967069167006, 'l1_ratio': 0.20321045423714634, 'max_iter': 91512}. Best is trial 157 with value: 0.6510445488047812.
Trial 553 finished with value: 0.18258780116339646 and parameters: {'n_components': 11, 'degree': 2, 'alpha': 0.001260560226821009, 'l1_ratio': 0.47567749173085583, 'max_iter': 40025}. Best is trial 157 with value: 0.6510445488047812.
Trial 561 finished with value: 0.05839771017407249 and parameters: {'n_components': 5, 'degree': 3, 'alpha': 0.0799223811482385, 'l1_ratio': 0.5711124514545971, 'max_iter': 74234}. Best is trial 157 with value: 0.6510445488047812.
Trial 549 finished with value: 0.06771979582261785 and parameters: {'n_components': 3, 'degree': 5, 'alpha': 0.014225753565876366, 'l1_ratio': 0.7708350776757156, 'max_iter': 50611}. Best is trial 157 with value: 0.6510445488047812.
Trial 552 finished with value: 0.14680052498509796 and parameters: {'n_components': 4, 'degree': 4, 'alpha': 0.008170843954770626, 'l1_ratio': 0.07405821227789344, 'max_iter': 33544}. Best is trial 157 with value: 0.6510445488047812.
Trial 563 finished with value: -1.0532326676072397 and parameters: {'n_components': 9, 'degree': 1, 'alpha': 0.2594615384538815, 'l1_ratio': 0.790142885388255, 'max_iter': 26059}. Best is trial 157 with value: 0.6510445488047812.
Trial 564 finished with value: -1.849931318674216 and parameters: {'n_components': 6, 'degree': 1, 'alpha': 0.000800065105367738, 'l1_ratio': 0.21905815347352353, 'max_iter': 43424}. Best is trial 157 with value: 0.6510445488047812.
Trial 565 finished with value: -0.24908195893547458 and parameters: {'n_components': 11, 'degree': 1, 'alpha': 0.034636981840188256, 'l1_ratio': 0.8806768011928903, 'max_iter': 16719}. Best is trial 157 with value: 0.6510445488047812.
Trial 567 finished with value: 0.16088022485425005 and parameters: {'n_components': 9, 'degree': 3, 'alpha': 1.8570733908331405, 'l1_ratio': 0.2036339549263595, 'max_iter': 10272}. Best is trial 157 with value: 0.6510445488047812.
Trial 560 finished with value: 0.043526326402971584 and parameters: {'n_components': 6, 'degree': 2, 'alpha': 0.0008965427266439585, 'l1_ratio': 0.9904051805166568, 'max_iter': 78951}. Best is trial 157 with value: 0.6510445488047812.
Trial 115 finished with value: 0.24178658768365677 and parameters: {'n_components': 10, 'degree': 5, 'alpha': 0.00037984784028230885, 'l1_ratio': 0.2557855024264687, 'max_iter': 67101}. Best is trial 157 with value: 0.6510445488047812.
Trial 570 finished with value: -0.5159819747267291 and parameters: {'n_components': 9, 'degree': 2, 'alpha': 3.0113347969734283, 'l1_ratio': 0.2652596961205932, 'max_iter': 98606}. Best is trial 157 with value: 0.6510445488047812.
Trial 569 finished with value: 0.48782846264138263 and parameters: {'n_components': 11, 'degree': 4, 'alpha': 1.0184760559970736, 'l1_ratio': 0.1465565742453172, 'max_iter': 23566}. Best is trial 157 with value: 0.6510445488047812.
Trial 492 finished with value: 0.6402457237042211 and parameters: {'n_components': 9, 'degree': 5, 'alpha': 0.005915868273150249, 'l1_ratio': 0.7438466158882049, 'max_iter': 19100}. Best is trial 157 with value: 0.6510445488047812.
Trial 573 finished with value: 0.18148711661900116 and parameters: {'n_components': 11, 'degree': 2, 'alpha': 0.032415929735038235, 'l1_ratio': 0.20785201353118743, 'max_iter': 97530}. Best is trial 157 with value: 0.6510445488047812.
Trial 193 finished with value: 0.4907927803186737 and parameters: {'n_components': 10, 'degree': 5, 'alpha': 0.00214522696186546, 'l1_ratio': 0.5065507596459199, 'max_iter': 56428}. Best is trial 157 with value: 0.6510445488047812.
Trial 501 finished with value: 0.2813882397736191 and parameters: {'n_components': 7, 'degree': 4, 'alpha': 0.016011062611430826, 'l1_ratio': 0.8374725523219444, 'max_iter': 91348}. Best is trial 157 with value: 0.6510445488047812.
Trial 576 finished with value: -4.896997216180899 and parameters: {'n_components': 2, 'degree': 2, 'alpha': 0.0005282321156538772, 'l1_ratio': 0.7228374911790877, 'max_iter': 27594}. Best is trial 157 with value: 0.6510445488047812.
Trial 558 finished with value: 0.05534524415644389 and parameters: {'n_components': 5, 'degree': 5, 'alpha': 2.6613410199628764, 'l1_ratio': 0.21979184515649797, 'max_iter': 51040}. Best is trial 157 with value: 0.6510445488047812.
Trial 577 finished with value: -1.8498070799849142 and parameters: {'n_components': 6, 'degree': 1, 'alpha': 0.001668524678120805, 'l1_ratio': 0.290121034828944, 'max_iter': 45354}. Best is trial 157 with value: 0.6510445488047812.
Trial 579 finished with value: -0.013752835754361115 and parameters: {'n_components': 3, 'degree': 3, 'alpha': 0.0034875425467845497, 'l1_ratio': 0.8512715037615243, 'max_iter': 56428}. Best is trial 157 with value: 0.6510445488047812.
Trial 580 finished with value: -2.890492114907308 and parameters: {'n_components': 2, 'degree': 3, 'alpha': 0.12903863257899956, 'l1_ratio': 0.6315425748151515, 'max_iter': 52787}. Best is trial 157 with value: 0.6510445488047812.
Trial 581 finished with value: -1.1270375552437277 and parameters: {'n_components': 10, 'degree': 1, 'alpha': 0.0033869889942987146, 'l1_ratio': 0.922017774674183, 'max_iter': 86442}. Best is trial 157 with value: 0.6510445488047812.
Trial 582 finished with value: -0.3761941822143218 and parameters: {'n_components': 7, 'degree': 3, 'alpha': 4.891005119129267, 'l1_ratio': 0.7989101974214363, 'max_iter': 72316}. Best is trial 157 with value: 0.6510445488047812.
Trial 583 finished with value: -0.7319941739364675 and parameters: {'n_components': 3, 'degree': 5, 'alpha': 8.759247725883565, 'l1_ratio': 0.2347297035136252, 'max_iter': 4648}. Best is trial 157 with value: 0.6510445488047812.
Trial 584 finished with value: -0.5676447877278481 and parameters: {'n_components': 5, 'degree': 3, 'alpha': 7.302268135971699, 'l1_ratio': 0.5279695453500355, 'max_iter': 94229}. Best is trial 157 with value: 0.6510445488047812.
Trial 585 finished with value: -5.075690002761384 and parameters: {'n_components': 2, 'degree': 1, 'alpha': 0.0007708930559751793, 'l1_ratio': 0.16216295066079367, 'max_iter': 10180}. Best is trial 157 with value: 0.6510445488047812.
Trial 586 finished with value: -1.8443089647049502 and parameters: {'n_components': 7, 'degree': 1, 'alpha': 0.009961273225344467, 'l1_ratio': 0.6433364074667464, 'max_iter': 55651}. Best is trial 157 with value: 0.6510445488047812.
Trial 587 finished with value: -0.27098855506833786 and parameters: {'n_components': 7, 'degree': 3, 'alpha': 3.445479780927143, 'l1_ratio': 0.24951030918485995, 'max_iter': 95908}. Best is trial 157 with value: 0.6510445488047812.
