Trial 400 finished with value: -2.1144755631670273 and parameters: {'n_components': 5, 'degree': 1, 'alpha': 3.529342495496369, 'l1_ratio': 0.8561783850816279, 'max_iter': 65206}. Best is trial 157 with value: 0.6510445488047812.
Trial 150 finished with value: 0.3770793965088873 and parameters: {'n_components': 10, 'degree': 5, 'alpha': 0.0008441338996156848, 'l1_ratio': 0.6464006295151113, 'max_iter': 37440}. Best is trial 157 with value: 0.6510445488047812.
Trial 363 finished with value: 0.14502270658704683 and parameters: {'n_components': 5, 'degree': 5, 'alpha': 0.4643568161535289, 'l1_ratio': 0.37614135412527683, 'max_iter': 55541}. Best is trial 157 with value: 0.6510445488047812.
Trial 246 finished with value: 0.35289311286128505 and parameters: {'n_components': 7, 'degree': 5, 'alpha': 0.0021003836166411023, 'l1_ratio': 0.904441709217137, 'max_iter': 68092}. Best is trial 157 with value: 0.6510445488047812.
Trial 403 finished with value: -5.15239385086181 and parameters: {'n_components': 1, 'degree': 1, 'alpha': 0.6832064525546264, 'l1_ratio': 0.6793505648632462, 'max_iter': 5907}. Best is trial 157 with value: 0.6510445488047812.
Trial 405 finished with value: -2.16171249939727 and parameters: {'n_components': 8, 'degree': 1, 'alpha': 2.610757948222138, 'l1_ratio': 0.4762319196786726, 'max_iter': 17095}. Best is trial 157 with value: 0.6510445488047812.
Trial 401 finished with value: 0.11511777797758102 and parameters: {'n_components': 5, 'degree': 3, 'alpha': 0.000811392566531201, 'l1_ratio': 0.8110386148728275, 'max_iter': 33744}. Best is trial 157 with value: 0.6510445488047812.
Trial 407 finished with value: -5.116624679079306 and parameters: {'n_components': 1, 'degree': 1, 'alpha': 0.00128065794885469, 'l1_ratio': 0.4942758870196482, 'max_iter': 55517}. Best is trial 157 with value: 0.6510445488047812.
Trial 402 finished with value: 0.20497822891575032 and parameters: {'n_components': 5, 'degree': 4, 'alpha': 0.003206992546146729, 'l1_ratio': 0.26152519498618954, 'max_iter': 17542}. Best is trial 157 with value: 0.6510445488047812.
Trial 409 finished with value: -1.8499049008538346 and parameters: {'n_components': 6, 'degree': 1, 'alpha': 0.0018611433051511069, 'l1_ratio': 0.559259215535427, 'max_iter': 23290}. Best is trial 157 with value: 0.6510445488047812.
Trial 408 finished with value: -0.6398696037602558 and parameters: {'n_components': 3, 'degree': 5, 'alpha': 4.264168141022452, 'l1_ratio': 0.09450503365680907, 'max_iter': 42662}. Best is trial 157 with value: 0.6510445488047812.
Trial 410 finished with value: -0.9853627327583586 and parameters: {'n_components': 3, 'degree': 2, 'alpha': 0.018411159623541687, 'l1_ratio': 0.7371908817129929, 'max_iter': 44387}. Best is trial 157 with value: 0.6510445488047812.
Trial 378 finished with value: 0.2592479707602193 and parameters: {'n_components': 7, 'degree': 4, 'alpha': 0.023035157665053492, 'l1_ratio': 0.26117957676920656, 'max_iter': 32364}. Best is trial 157 with value: 0.6510445488047812.
Trial 404 finished with value: 0.18200114877660215 and parameters: {'n_components': 11, 'degree': 2, 'alpha': 0.0010628789044219804, 'l1_ratio': 0.17505265698074524, 'max_iter': 18940}. Best is trial 157 with value: 0.6510445488047812.
Trial 414 finished with value: -5.912620197485959 and parameters: {'n_components': 1, 'degree': 3, 'alpha': 7.069326826992202, 'l1_ratio': 0.01708845676522397, 'max_iter': 65061}. Best is trial 157 with value: 0.6510445488047812.
Trial 365 finished with value: 0.1519261875443502 and parameters: {'n_components': 4, 'degree': 4, 'alpha': 0.009349408032123247, 'l1_ratio': 0.42245335202986556, 'max_iter': 98303}. Best is trial 157 with value: 0.6510445488047812.
Trial 416 finished with value: 0.17249527999594014 and parameters: {'n_components': 10, 'degree': 2, 'alpha': 0.02018967573212465, 'l1_ratio': 0.1766642013301688, 'max_iter': 48411}. Best is trial 157 with value: 0.6510445488047812.
Trial 412 finished with value: 0.4521251048764337 and parameters: {'n_components': 10, 'degree': 4, 'alpha': 1.1605706761404158, 'l1_ratio': 0.34150246679823326, 'max_iter': 42713}. Best is trial 157 with value: 0.6510445488047812.
Trial 406 finished with value: 0.03340797435787339 and parameters: {'n_components': 3, 'degree': 4, 'alpha': 0.00015050141017853907, 'l1_ratio': 0.4043549415808614, 'max_iter': 68484}. Best is trial 157 with value: 0.6510445488047812.
Trial 419 finished with value: -0.334517189666696 and parameters: {'n_components': 7, 'degree': 3, 'alpha': 4.166692227207003, 'l1_ratio': 0.7057549733678419, 'max_iter': 65571}. Best is trial 157 with value: 0.6510445488047812.
Trial 417 finished with value: 0.4525162530716289 and parameters: {'n_components': 11, 'degree': 3, 'alpha': 0.0008148577521591235, 'l1_ratio': 0.6366692975094187, 'max_iter': 6068}. Best is trial 157 with value: 0.6510445488047812.
Trial 421 finished with value: -0.25318169758760406 and parameters: {'n_components': 11, 'degree': 1, 'alpha': 0.00013354071838641394, 'l1_ratio': 0.39664134916666727, 'max_iter': 19163}. Best is trial 157 with value: 0.6510445488047812.
Trial 420 finished with value: -0.6574151967282712 and parameters: {'n_components': 3, 'degree': 5, 'alpha': 2.301113015101042, 'l1_ratio': 0.7489755605498881, 'max_iter': 32026}. Best is trial 157 with value: 0.6510445488047812.
Trial 342 finished with value: 0.3370936758392836 and parameters: {'n_components': 6, 'degree': 5, 'alpha': 0.00012990980016918476, 'l1_ratio': 0.2234088258947602, 'max_iter': 72553}. Best is trial 157 with value: 0.6510445488047812.
Trial 413 finished with value: 0.21025045277422197 and parameters: {'n_components': 5, 'degree': 4, 'alpha': 0.010240371616309644, 'l1_ratio': 0.8377865352967432, 'max_iter': 30850}. Best is trial 157 with value: 0.6510445488047812.
Trial 425 finished with value: -1.8500401120680632 and parameters: {'n_components': 6, 'degree': 1, 'alpha': 0.002194980789938798, 'l1_ratio': 0.8525375824269169, 'max_iter': 91851}. Best is trial 157 with value: 0.6510445488047812.
Trial 426 finished with value: -0.7562784398371584 and parameters: {'n_components': 2, 'degree': 4, 'alpha': 0.0013083841614240969, 'l1_ratio': 0.9472702345828573, 'max_iter': 30114}. Best is trial 157 with value: 0.6510445488047812.
Trial 423 finished with value: -0.10068026731431214 and parameters: {'n_components': 3, 'degree': 4, 'alpha': 0.05769903459944903, 'l1_ratio': 0.06380495395566854, 'max_iter': 33110}. Best is trial 157 with value: 0.6510445488047812.
Trial 428 finished with value: -0.33101802285919724 and parameters: {'n_components': 11, 'degree': 1, 'alpha': 0.35679951813263117, 'l1_ratio': 0.36024579094395415, 'max_iter': 96170}. Best is trial 157 with value: 0.6510445488047812.
Trial 415 finished with value: 0.17557897869484101 and parameters: {'n_components': 10, 'degree': 2, 'alpha': 0.0006090372706532253, 'l1_ratio': 0.17937742702331327, 'max_iter': 48603}. Best is trial 157 with value: 0.6510445488047812.
Trial 430 finished with value: -0.28098338870318107 and parameters: {'n_components': 4, 'degree': 4, 'alpha': 6.091277543481525, 'l1_ratio': 0.11369835033443743, 'max_iter': 76259}. Best is trial 157 with value: 0.6510445488047812.
Trial 431 finished with value: -0.9246317245175343 and parameters: {'n_components': 5, 'degree': 2, 'alpha': 3.958639642748614, 'l1_ratio': 0.1593696106791952, 'max_iter': 98208}. Best is trial 157 with value: 0.6510445488047812.
Trial 394 finished with value: 0.45312863739660797 and parameters: {'n_components': 11, 'degree': 5, 'alpha': 1.9447147572401755, 'l1_ratio': 0.7364410779902774, 'max_iter': 5904}. Best is trial 157 with value: 0.6510445488047812.
Trial 433 finished with value: -0.18032560642524892 and parameters: {'n_components': 5, 'degree': 3, 'alpha': 1.3229126390244992, 'l1_ratio': 0.555669382478491, 'max_iter': 98458}. Best is trial 157 with value: 0.6510445488047812.
Trial 434 finished with value: -1.1165887602440454 and parameters: {'n_components': 3, 'degree': 3, 'alpha': 8.27812979689884, 'l1_ratio': 0.2976611358672173, 'max_iter': 3100}. Best is trial 157 with value: 0.6510445488047812.
Trial 427 finished with value: 0.42213341443704916 and parameters: {'n_components': 9, 'degree': 3, 'alpha': 0.023145858071444904, 'l1_ratio': 0.014761290517281589, 'max_iter': 4779}. Best is trial 157 with value: 0.6510445488047812.
Trial 436 finished with value: 0.1793558175648788 and parameters: {'n_components': 11, 'degree': 2, 'alpha': 0.008651330814430981, 'l1_ratio': 0.30909077752894776, 'max_iter': 86129}. Best is trial 157 with value: 0.6510445488047812.
Trial 437 finished with value: -4.894968048657684 and parameters: {'n_components': 2, 'degree': 2, 'alpha': 0.10340880976153502, 'l1_ratio': 0.6356231516590359, 'max_iter': 8620}. Best is trial 157 with value: 0.6510445488047812.
Trial 438 finished with value: 0.18168193343312503 and parameters: {'n_components': 11, 'degree': 2, 'alpha': 0.07681855382389935, 'l1_ratio': 0.024560794189191215, 'max_iter': 15969}. Best is trial 157 with value: 0.6510445488047812.
Trial 439 finished with value: -5.077119124027864 and parameters: {'n_components': 2, 'degree': 1, 'alpha': 0.02260943486790522, 'l1_ratio': 0.5728292105761699, 'max_iter': 56405}. Best is trial 157 with value: 0.6510445488047812.
Trial 435 finished with value: 0.2597295998550229 and parameters: {'n_components': 6, 'degree': 5, 'alpha': 0.08969291095975768, 'l1_ratio': 0.5570523625085145, 'max_iter': 7517}. Best is trial 157 with value: 0.6510445488047812.
Trial 441 finished with value: -0.09662072138052713 and parameters: {'n_components': 7, 'degree': 2, 'alpha': 0.263397321608383, 'l1_ratio': 0.18103675539716357, 'max_iter': 5335}. Best is trial 157 with value: 0.6510445488047812.
Trial 442 finished with value: -2.310468114538952 and parameters: {'n_components': 3, 'degree': 2, 'alpha': 9.84186547319, 'l1_ratio': 0.8280466118594111, 'max_iter': 27618}. Best is trial 157 with value: 0.6510445488047812.
Trial 443 finished with value: 0.02279966729816395 and parameters: {'n_components': 7, 'degree': 3, 'alpha': 0.6164495266278001, 'l1_ratio': 0.043575686214675, 'max_iter': 39925}. Best is trial 157 with value: 0.6510445488047812.
Trial 444 finished with value: -0.21726139013717854 and parameters: {'n_components': 5, 'degree': 2, 'alpha': 0.8956643382934452, 'l1_ratio': 0.9183755111738086, 'max_iter': 19345}. Best is trial 157 with value: 0.6510445488047812.
Trial 429 finished with value: 0.18096865097067963 and parameters: {'n_components': 11, 'degree': 2, 'alpha': 0.0019290919870464844, 'l1_ratio': 0.2820632418845661, 'max_iter': 56632}. Best is trial 157 with value: 0.6510445488047812.
Trial 395 finished with value: 0.45428386874003884 and parameters: {'n_components': 10, 'degree': 3, 'alpha': 0.0010839899260067238, 'l1_ratio': 0.7984264914138341, 'max_iter': 58556}. Best is trial 157 with value: 0.6510445488047812.
Trial 447 finished with value: -0.9142843052801717 and parameters: {'n_components': 5, 'degree': 2, 'alpha': 3.7194536475151367, 'l1_ratio': 0.05305816670637087, 'max_iter': 52823}. Best is trial 157 with value: 0.6510445488047812.
Trial 448 finished with value: -0.1633509437448547 and parameters: {'n_components': 4, 'degree': 2, 'alpha': 0.5039495771187937, 'l1_ratio': 0.9531669720509794, 'max_iter': 88305}. Best is trial 157 with value: 0.6510445488047812.
Trial 449 finished with value: 0.19363992892999107 and parameters: {'n_components': 11, 'degree': 3, 'alpha': 2.216652428184918, 'l1_ratio': 0.15977489679000678, 'max_iter': 11967}. Best is trial 157 with value: 0.6510445488047812.
Trial 450 finished with value: 0.06413086993919609 and parameters: {'n_components': 5, 'degree': 4, 'alpha': 0.4848400885592113, 'l1_ratio': 0.7976895284447775, 'max_iter': 45710}. Best is trial 157 with value: 0.6510445488047812.
Trial 451 finished with value: -1.8412346435584175 and parameters: {'n_components': 5, 'degree': 1, 'alpha': 0.5890608695577289, 'l1_ratio': 0.5153579092898906, 'max_iter': 81310}. Best is trial 157 with value: 0.6510445488047812.
Trial 398 finished with value: 0.1301570640031958 and parameters: {'n_components': 4, 'degree': 5, 'alpha': 0.10790583412505175, 'l1_ratio': 0.15213594108891237, 'max_iter': 90077}. Best is trial 157 with value: 0.6510445488047812.
Trial 453 finished with value: -0.9823265239979732 and parameters: {'n_components': 3, 'degree': 2, 'alpha': 0.00028170075084732243, 'l1_ratio': 0.6523242837400367, 'max_iter': 75447}. Best is trial 157 with value: 0.6510445488047812.
Trial 432 finished with value: 0.43544738737526295 and parameters: {'n_components': 9, 'degree': 3, 'alpha': 0.0001059041855442212, 'l1_ratio': 0.7627279793407203, 'max_iter': 31975}. Best is trial 157 with value: 0.6510445488047812.
Trial 440 finished with value: 0.14295448009535341 and parameters: {'n_components': 8, 'degree': 2, 'alpha': 0.00031409417911563276, 'l1_ratio': 0.2809246405173572, 'max_iter': 64709}. Best is trial 157 with value: 0.6510445488047812.
Trial 456 finished with value: -1.08351793291717 and parameters: {'n_components': 3, 'degree': 2, 'alpha': 0.4405911235614409, 'l1_ratio': 0.7485665588351865, 'max_iter': 31433}. Best is trial 157 with value: 0.6510445488047812.
Trial 455 finished with value: -0.5623643870491849 and parameters: {'n_components': 3, 'degree': 4, 'alpha': 1.016368963033296, 'l1_ratio': 0.960811829335966, 'max_iter': 5911}. Best is trial 157 with value: 0.6510445488047812.
Trial 355 finished with value: 0.33456364414119033 and parameters: {'n_components': 6, 'degree': 5, 'alpha': 0.0003244565944959949, 'l1_ratio': 0.344496005747738, 'max_iter': 77336}. Best is trial 157 with value: 0.6510445488047812.
Trial 459 finished with value: -0.18757570924025013 and parameters: {'n_components': 10, 'degree': 2, 'alpha': 2.6363868480926036, 'l1_ratio': 0.9986780144492701, 'max_iter': 75654}. Best is trial 157 with value: 0.6510445488047812.
Trial 460 finished with value: -0.017494975320342963 and parameters: {'n_components': 3, 'degree': 3, 'alpha': 0.00011952213447725972, 'l1_ratio': 0.31363563682846207, 'max_iter': 26515}. Best is trial 157 with value: 0.6510445488047812.
Trial 461 finished with value: -1.8500707948950932 and parameters: {'n_components': 6, 'degree': 1, 'alpha': 0.0002364119476226726, 'l1_ratio': 0.8550675703818633, 'max_iter': 99852}. Best is trial 157 with value: 0.6510445488047812.
Trial 392 finished with value: 0.21475748761060767 and parameters: {'n_components': 6, 'degree': 4, 'alpha': 0.042493031618884715, 'l1_ratio': 0.38951068649476306, 'max_iter': 95746}. Best is trial 157 with value: 0.6510445488047812.
Trial 424 finished with value: 0.5608382240989593 and parameters: {'n_components': 10, 'degree': 4, 'alpha': 0.03925248610256863, 'l1_ratio': 0.5565435679851677, 'max_iter': 16590}. Best is trial 157 with value: 0.6510445488047812.
Trial 464 finished with value: 0.14260361759279738 and parameters: {'n_components': 8, 'degree': 2, 'alpha': 0.010338942586179707, 'l1_ratio': 0.8125510532102712, 'max_iter': 96025}. Best is trial 157 with value: 0.6510445488047812.
Trial 465 finished with value: -0.08794216323710931 and parameters: {'n_components': 4, 'degree': 2, 'alpha': 0.03522012607219993, 'l1_ratio': 0.8548787961917781, 'max_iter': 30954}. Best is trial 157 with value: 0.6510445488047812.
Trial 411 finished with value: 0.22916943515118715 and parameters: {'n_components': 6, 'degree': 4, 'alpha': 0.02452886182559104, 'l1_ratio': 0.49642093272668375, 'max_iter': 76113}. Best is trial 157 with value: 0.6510445488047812.
Trial 467 finished with value: -1.725174779634793 and parameters: {'n_components': 8, 'degree': 1, 'alpha': 0.008188326758816259, 'l1_ratio': 0.5550455521082448, 'max_iter': 84830}. Best is trial 157 with value: 0.6510445488047812.
Trial 468 finished with value: -0.25266890776270284 and parameters: {'n_components': 11, 'degree': 1, 'alpha': 0.00711150303180689, 'l1_ratio': 0.9575209367387935, 'max_iter': 41034}. Best is trial 157 with value: 0.6510445488047812.
Trial 445 finished with value: 0.1866381909802759 and parameters: {'n_components': 4, 'degree': 4, 'alpha': 0.00420016029764063, 'l1_ratio': 0.9998743214298419, 'max_iter': 64165}. Best is trial 157 with value: 0.6510445488047812.
Trial 470 finished with value: -0.9823049466754064 and parameters: {'n_components': 3, 'degree': 2, 'alpha': 0.00018155545635851474, 'l1_ratio': 0.6595355944051927, 'max_iter': 22841}. Best is trial 157 with value: 0.6510445488047812.
Trial 313 finished with value: 0.5441740662614727 and parameters: {'n_components': 9, 'degree': 4, 'alpha': 0.023115506799132608, 'l1_ratio': 0.07210890122716596, 'max_iter': 93180}. Best is trial 157 with value: 0.6510445488047812.
Trial 471 finished with value: -1.7255902232187519 and parameters: {'n_components': 8, 'degree': 1, 'alpha': 0.7553304256068356, 'l1_ratio': 0.6213526249570601, 'max_iter': 11612}. Best is trial 157 with value: 0.6510445488047812.
Trial 473 finished with value: -0.9153862889074579 and parameters: {'n_components': 10, 'degree': 2, 'alpha': 6.615906570458144, 'l1_ratio': 0.10568984802066417, 'max_iter': 29439}. Best is trial 157 with value: 0.6510445488047812.
Trial 474 finished with value: -1.8425258094584116 and parameters: {'n_components': 5, 'degree': 1, 'alpha': 0.008575564399745713, 'l1_ratio': 0.6289816888165892, 'max_iter': 6618}. Best is trial 157 with value: 0.6510445488047812.
Trial 329 finished with value: 0.6411547061431445 and parameters: {'n_components': 9, 'degree': 5, 'alpha': 0.08113408145252611, 'l1_ratio': 0.5673808624736416, 'max_iter': 34247}. Best is trial 157 with value: 0.6510445488047812.
Trial 452 finished with value: 0.08879027020294267 and parameters: {'n_components': 6, 'degree': 5, 'alpha': 2.3688659633547444, 'l1_ratio': 0.549016168533233, 'max_iter': 27945}. Best is trial 157 with value: 0.6510445488047812.
Trial 477 finished with value: -5.075807400228009 and parameters: {'n_components': 2, 'degree': 1, 'alpha': 0.0017863043558049834, 'l1_ratio': 0.04375620089518317, 'max_iter': 55383}. Best is trial 157 with value: 0.6510445488047812.
Trial 472 finished with value: 0.43575218728652726 and parameters: {'n_components': 8, 'degree': 3, 'alpha': 0.00041599553127409845, 'l1_ratio': 0.3936567790099056, 'max_iter': 7604}. Best is trial 157 with value: 0.6510445488047812.
Trial 479 finished with value: -1.841995580321655 and parameters: {'n_components': 5, 'degree': 1, 'alpha': 0.007954834435375426, 'l1_ratio': 0.35740627006200054, 'max_iter': 84873}. Best is trial 157 with value: 0.6510445488047812.
Trial 480 finished with value: -1.9107858358601941 and parameters: {'n_components': 4, 'degree': 1, 'alpha': 0.07072091289258253, 'l1_ratio': 0.8757348603685957, 'max_iter': 54862}. Best is trial 157 with value: 0.6510445488047812.
Trial 462 finished with value: 0.23962573645417545 and parameters: {'n_components': 7, 'degree': 3, 'alpha': 0.0004077140207922152, 'l1_ratio': 0.23654400182950208, 'max_iter': 38822}. Best is trial 157 with value: 0.6510445488047812.
Trial 482 finished with value: 0.17952651655984006 and parameters: {'n_components': 11, 'degree': 2, 'alpha': 0.03642989540540953, 'l1_ratio': 0.6904882184958949, 'max_iter': 51573}. Best is trial 157 with value: 0.6510445488047812.
Trial 463 finished with value: 0.17884853340909254 and parameters: {'n_components': 4, 'degree': 4, 'alpha': 0.003393972046909978, 'l1_ratio': 0.9177596449598906, 'max_iter': 59496}. Best is trial 157 with value: 0.6510445488047812.
Trial 484 finished with value: -0.07949604071024033 and parameters: {'n_components': 5, 'degree': 3, 'alpha': 0.6888259675019739, 'l1_ratio': 0.18325396828388163, 'max_iter': 25236}. Best is trial 157 with value: 0.6510445488047812.
Trial 485 finished with value: -4.896845461773139 and parameters: {'n_components': 2, 'degree': 2, 'alpha': 0.0053056714041052845, 'l1_ratio': 0.05359187569298551, 'max_iter': 49482}. Best is trial 157 with value: 0.6510445488047812.
Trial 325 finished with value: 0.5808313362423243 and parameters: {'n_components': 10, 'degree': 4, 'alpha': 0.0020009723736468237, 'l1_ratio': 0.3402229763417225, 'max_iter': 71958}. Best is trial 157 with value: 0.6510445488047812.
Trial 486 finished with value: -0.08532507827773991 and parameters: {'n_components': 4, 'degree': 2, 'alpha': 0.00015028627907142292, 'l1_ratio': 0.07620564531788976, 'max_iter': 24091}. Best is trial 157 with value: 0.6510445488047812.
Trial 487 finished with value: 0.17242059078835428 and parameters: {'n_components': 11, 'degree': 3, 'alpha': 2.742876546099488, 'l1_ratio': 0.09371698701069109, 'max_iter': 59643}. Best is trial 157 with value: 0.6510445488047812.
Trial 458 finished with value: 0.14433700512715203 and parameters: {'n_components': 7, 'degree': 5, 'alpha': 1.5449314641674787, 'l1_ratio': 0.7967466699484742, 'max_iter': 26957}. Best is trial 157 with value: 0.6510445488047812.
Trial 385 finished with value: 0.31915818123499856 and parameters: {'n_components': 10, 'degree': 5, 'alpha': 6.308587019008356, 'l1_ratio': 0.38149845864836196, 'max_iter': 18627}. Best is trial 157 with value: 0.6510445488047812.
Trial 491 finished with value: -3.9935588958990946 and parameters: {'n_components': 2, 'degree': 3, 'alpha': 7.203790352538195, 'l1_ratio': 0.783160922267978, 'max_iter': 23318}. Best is trial 157 with value: 0.6510445488047812.
Trial 475 finished with value: 0.061685301557609984 and parameters: {'n_components': 3, 'degree': 5, 'alpha': 0.02841571037532684, 'l1_ratio': 0.8197390617906634, 'max_iter': 56398}. Best is trial 157 with value: 0.6510445488047812.
Trial 490 finished with value: 0.07951411651465964 and parameters: {'n_components': 6, 'degree': 3, 'alpha': 0.13496575512792716, 'l1_ratio': 0.9154084490093262, 'max_iter': 41062}. Best is trial 157 with value: 0.6510445488047812.
