A new study created in RDB with name: Poly_ElasticNet_104731
Trial 6 finished with value: -1.7254275286965235 and parameters: {'n_components': 8, 'degree': 1, 'alpha': 0.004475827910531482, 'l1_ratio': 0.398718736592794, 'max_iter': 30941}. Best is trial 6 with value: -1.7254275286965235.
Trial 14 finished with value: -0.02471318538443871 and parameters: {'n_components': 5, 'degree': 3, 'alpha': 0.4407656942793882, 'l1_ratio': 0.35630541735473154, 'max_iter': 90337}. Best is trial 14 with value: -0.02471318538443871.
Trial 1 finished with value: -0.9377709890395206 and parameters: {'n_components': 7, 'degree': 2, 'alpha': 6.938701688148357, 'l1_ratio': 0.9075472519601415, 'max_iter': 17800}. Best is trial 14 with value: -0.02471318538443871.
Trial 17 finished with value: -1.3730536885480102 and parameters: {'n_components': 8, 'degree': 2, 'alpha': 9.023878120445366, 'l1_ratio': 0.5646976790563961, 'max_iter': 70905}. Best is trial 14 with value: -0.02471318538443871.
Trial 16 finished with value: -1.8427248564361611 and parameters: {'n_components': 5, 'degree': 1, 'alpha': 0.0015088028310466836, 'l1_ratio': 0.07516312864028918, 'max_iter': 80133}. Best is trial 14 with value: -0.02471318538443871.
Trial 4 finished with value: -4.972446127601535 and parameters: {'n_components': 1, 'degree': 3, 'alpha': 0.0005655650471751157, 'l1_ratio': 0.5717425280685559, 'max_iter': 75509}. Best is trial 14 with value: -0.02471318538443871.
Trial 13 finished with value: -1.8500365002052905 and parameters: {'n_components': 6, 'degree': 1, 'alpha': 0.00016841306875236547, 'l1_ratio': 0.04185800464498146, 'max_iter': 10089}. Best is trial 14 with value: -0.02471318538443871.
Trial 15 finished with value: -1.8448751940607058 and parameters: {'n_components': 7, 'degree': 1, 'alpha': 0.0005016655938107459, 'l1_ratio': 0.07451445190886097, 'max_iter': 28449}. Best is trial 14 with value: -0.02471318538443871.
Trial 18 finished with value: -0.2486934673951673 and parameters: {'n_components': 11, 'degree': 1, 'alpha': 0.017015607434459158, 'l1_ratio': 0.6183154307781532, 'max_iter': 50204}. Best is trial 14 with value: -0.02471318538443871.
Trial 3 finished with value: -0.9164452296520206 and parameters: {'n_components': 2, 'degree': 4, 'alpha': 0.031862813955043444, 'l1_ratio': 0.8733542583813714, 'max_iter': 10126}. Best is trial 14 with value: -0.02471318538443871.
Trial 19 finished with value: 0.11649219481864229 and parameters: {'n_components': 9, 'degree': 4, 'alpha': 7.068774652761951, 'l1_ratio': 0.25985650757497103, 'max_iter': 87620}. Best is trial 23 with value: 0.17339284094122295.
Trial 10 finished with value: -4.140383162010491 and parameters: {'n_components': 2, 'degree': 3, 'alpha': 8.846078750113694, 'l1_ratio': 0.6402942452862548, 'max_iter': 14493}. Best is trial 23 with value: 0.17339284094122295.
Trial 25 finished with value: -1.8503299684843797 and parameters: {'n_components': 6, 'degree': 1, 'alpha': 0.022830696190971056, 'l1_ratio': 0.9551152733964561, 'max_iter': 31346}. Best is trial 23 with value: 0.17339284094122295.
Trial 8 finished with value: -1.8448852940566334 and parameters: {'n_components': 7, 'degree': 1, 'alpha': 0.0007244622950181802, 'l1_ratio': 0.3837620941995187, 'max_iter': 36804}. Best is trial 23 with value: 0.17339284094122295.
Trial 12 finished with value: -1.8419401268352638 and parameters: {'n_components': 5, 'degree': 1, 'alpha': 0.03146118632317986, 'l1_ratio': 0.7167919275874313, 'max_iter': 16981}. Best is trial 23 with value: 0.17339284094122295.
Trial 23 finished with value: 0.17339284094122295 and parameters: {'n_components': 9, 'degree': 4, 'alpha': 4.371529670563264, 'l1_ratio': 0.4558071166639859, 'max_iter': 30640}. Best is trial 23 with value: 0.17339284094122295.
Trial 9 finished with value: -4.972405466263298 and parameters: {'n_components': 1, 'degree': 3, 'alpha': 0.00019334082614567606, 'l1_ratio': 0.608213631865487, 'max_iter': 86212}. Best is trial 23 with value: 0.17339284094122295.
Trial 27 finished with value: 0.05119572153458755 and parameters: {'n_components': 7, 'degree': 2, 'alpha': 0.0013456711308120993, 'l1_ratio': 0.4036382697405614, 'max_iter': 7045}. Best is trial 23 with value: 0.17339284094122295.
Trial 28 finished with value: -1.1270261191448303 and parameters: {'n_components': 10, 'degree': 1, 'alpha': 0.00021452550832600238, 'l1_ratio': 0.2777782785796249, 'max_iter': 46269}. Best is trial 23 with value: 0.17339284094122295.
Trial 31 finished with value: -0.7775681971248162 and parameters: {'n_components': 11, 'degree': 1, 'alpha': 0.8182778994940132, 'l1_ratio': 0.10530556579805117, 'max_iter': 44215}. Best is trial 23 with value: 0.17339284094122295.
Trial 26 finished with value: -5.326547226433977 and parameters: {'n_components': 2, 'degree': 1, 'alpha': 3.382529481429764, 'l1_ratio': 0.3179713866157692, 'max_iter': 79288}. Best is trial 23 with value: 0.17339284094122295.
Trial 35 finished with value: -0.983919607274027 and parameters: {'n_components': 3, 'degree': 2, 'alpha': 0.01207958792665096, 'l1_ratio': 0.7891658203435771, 'max_iter': 35780}. Best is trial 23 with value: 0.17339284094122295.
Trial 33 finished with value: -0.5633957903317145 and parameters: {'n_components': 11, 'degree': 1, 'alpha': 0.548150881048052, 'l1_ratio': 0.09157907686081479, 'max_iter': 65128}. Best is trial 23 with value: 0.17339284094122295.
Trial 36 finished with value: -0.3411114708311557 and parameters: {'n_components': 7, 'degree': 2, 'alpha': 1.0999198378243007, 'l1_ratio': 0.48984571676694355, 'max_iter': 35919}. Best is trial 23 with value: 0.17339284094122295.
Trial 38 finished with value: -1.1667517955071858 and parameters: {'n_components': 2, 'degree': 5, 'alpha': 0.028046363728019715, 'l1_ratio': 0.5474952152276457, 'max_iter': 37510}. Best is trial 23 with value: 0.17339284094122295.
Trial 32 finished with value: 0.049862392869960734 and parameters: {'n_components': 7, 'degree': 2, 'alpha': 0.0038239419301490498, 'l1_ratio': 0.9761954754490425, 'max_iter': 19938}. Best is trial 23 with value: 0.17339284094122295.
Trial 40 finished with value: -1.439612369284529 and parameters: {'n_components': 11, 'degree': 1, 'alpha': 5.622169293965279, 'l1_ratio': 0.9187561750941714, 'max_iter': 58783}. Best is trial 23 with value: 0.17339284094122295.
Trial 44 finished with value: -0.2811700356059365 and parameters: {'n_components': 4, 'degree': 2, 'alpha': 0.45430514590803106, 'l1_ratio': 0.6300775612011186, 'max_iter': 34538}. Best is trial 43 with value: 0.2902561596579885.
Trial 43 finished with value: 0.2902561596579885 and parameters: {'n_components': 8, 'degree': 3, 'alpha': 0.4999634118703245, 'l1_ratio': 0.29334475250792325, 'max_iter': 46096}. Best is trial 43 with value: 0.2902561596579885.
Trial 47 finished with value: -1.8429908634556822 and parameters: {'n_components': 5, 'degree': 1, 'alpha': 0.0002773959716756615, 'l1_ratio': 0.20904513979224282, 'max_iter': 20017}. Best is trial 43 with value: 0.2902561596579885.
Trial 49 finished with value: -4.896807312158836 and parameters: {'n_components': 2, 'degree': 2, 'alpha': 0.00666270107311003, 'l1_ratio': 0.08093452399883727, 'max_iter': 64242}. Best is trial 43 with value: 0.2902561596579885.
Trial 22 finished with value: 0.09686445911680927 and parameters: {'n_components': 7, 'degree': 4, 'alpha': 0.9437071686564363, 'l1_ratio': 0.8042742782847003, 'max_iter': 15183}. Best is trial 43 with value: 0.2902561596579885.
Trial 7 finished with value: 0.45362337450454016 and parameters: {'n_components': 11, 'degree': 3, 'alpha': 0.00041621743691254843, 'l1_ratio': 0.7207936036570787, 'max_iter': 13590}. Best is trial 7 with value: 0.45362337450454016.
Trial 53 finished with value: -4.501539757363872 and parameters: {'n_components': 1, 'degree': 5, 'alpha': 0.16477378795959774, 'l1_ratio': 0.4091790622554956, 'max_iter': 82066}. Best is trial 7 with value: 0.45362337450454016.
Trial 39 finished with value: 0.11441856080854179 and parameters: {'n_components': 5, 'degree': 3, 'alpha': 0.0009731531462991241, 'l1_ratio': 0.6151454170382983, 'max_iter': 18217}. Best is trial 7 with value: 0.45362337450454016.
Trial 55 finished with value: -0.006597553801558487 and parameters: {'n_components': 7, 'degree': 3, 'alpha': 0.7838591772725204, 'l1_ratio': 0.4924565226998876, 'max_iter': 7340}. Best is trial 7 with value: 0.45362337450454016.
Trial 56 finished with value: -0.08317671069315806 and parameters: {'n_components': 9, 'degree': 2, 'alpha': 0.6642777858628844, 'l1_ratio': 0.008598046215513633, 'max_iter': 70589}. Best is trial 7 with value: 0.45362337450454016.
Trial 21 finished with value: 0.18316362452465845 and parameters: {'n_components': 11, 'degree': 2, 'alpha': 0.00016128951777187657, 'l1_ratio': 0.6116550849948603, 'max_iter': 43082}. Best is trial 7 with value: 0.45362337450454016.
Trial 58 finished with value: -0.3933204656013095 and parameters: {'n_components': 8, 'degree': 3, 'alpha': 6.6183275266607575, 'l1_ratio': 0.6166543480415393, 'max_iter': 22695}. Best is trial 7 with value: 0.45362337450454016.
Trial 59 finished with value: -5.07810246980641 and parameters: {'n_components': 2, 'degree': 1, 'alpha': 0.03533314198805893, 'l1_ratio': 0.5242832197561562, 'max_iter': 3718}. Best is trial 7 with value: 0.45362337450454016.
Trial 61 finished with value: -4.9170470723661355 and parameters: {'n_components': 2, 'degree': 2, 'alpha': 1.9770225173545088, 'l1_ratio': 0.3944339135171976, 'max_iter': 2333}. Best is trial 7 with value: 0.45362337450454016.
Trial 63 finished with value: -1.8964872855854769 and parameters: {'n_components': 4, 'degree': 1, 'alpha': 0.40068392717357904, 'l1_ratio': 0.770553937060277, 'max_iter': 68064}. Best is trial 7 with value: 0.45362337450454016.
Trial 30 finished with value: 0.037705186410301836 and parameters: {'n_components': 3, 'degree': 4, 'alpha': 0.0012389490840177934, 'l1_ratio': 0.4575636220585205, 'max_iter': 39611}. Best is trial 7 with value: 0.45362337450454016.
Trial 50 finished with value: 0.18011043306589453 and parameters: {'n_components': 11, 'degree': 2, 'alpha': 0.004864011374460525, 'l1_ratio': 0.5474442466173549, 'max_iter': 56092}. Best is trial 7 with value: 0.45362337450454016.
Trial 66 finished with value: 0.17867478973258463 and parameters: {'n_components': 11, 'degree': 3, 'alpha': 1.5828104937616614, 'l1_ratio': 0.8870395087965885, 'max_iter': 81245}. Best is trial 7 with value: 0.45362337450454016.
Trial 64 finished with value: 0.17160269822664326 and parameters: {'n_components': 10, 'degree': 2, 'alpha': 0.01648672535527517, 'l1_ratio': 0.7349447220820384, 'max_iter': 84706}. Best is trial 7 with value: 0.45362337450454016.
Trial 68 finished with value: -0.6150879325259332 and parameters: {'n_components': 3, 'degree': 3, 'alpha': 0.3947644035692235, 'l1_ratio': 0.5343253044013131, 'max_iter': 62518}. Best is trial 7 with value: 0.45362337450454016.
Trial 70 finished with value: -0.391152951503509 and parameters: {'n_components': 5, 'degree': 3, 'alpha': 3.8808659529796254, 'l1_ratio': 0.03208042489490026, 'max_iter': 79948}. Best is trial 7 with value: 0.45362337450454016.
Trial 52 finished with value: 0.1272005627406085 and parameters: {'n_components': 8, 'degree': 4, 'alpha': 3.2091099411207398, 'l1_ratio': 0.9282600256833258, 'max_iter': 24357}. Best is trial 7 with value: 0.45362337450454016.
Trial 72 finished with value: -1.8429334725677873 and parameters: {'n_components': 5, 'degree': 1, 'alpha': 0.0014891908703094335, 'l1_ratio': 0.5910348987985963, 'max_iter': 14963}. Best is trial 7 with value: 0.45362337450454016.
Trial 65 finished with value: 0.17318049300772315 and parameters: {'n_components': 9, 'degree': 2, 'alpha': 0.004841613722119094, 'l1_ratio': 0.3124711372384379, 'max_iter': 66412}. Best is trial 7 with value: 0.45362337450454016.
Trial 74 finished with value: -5.080850174817959 and parameters: {'n_components': 2, 'degree': 1, 'alpha': 0.08349086987238705, 'l1_ratio': 0.6228831659208436, 'max_iter': 3141}. Best is trial 7 with value: 0.45362337450454016.
Trial 75 finished with value: -0.23775496533807308 and parameters: {'n_components': 11, 'degree': 1, 'alpha': 0.07381447287841432, 'l1_ratio': 0.533031344283019, 'max_iter': 14495}. Best is trial 7 with value: 0.45362337450454016.
Trial 76 finished with value: 0.16701147636841313 and parameters: {'n_components': 11, 'degree': 2, 'alpha': 0.2492062183120611, 'l1_ratio': 0.6317385775687481, 'max_iter': 76113}. Best is trial 7 with value: 0.45362337450454016.
Trial 73 finished with value: 0.13793807764609148 and parameters: {'n_components': 4, 'degree': 4, 'alpha': 0.000660056339264487, 'l1_ratio': 0.08263672587318027, 'max_iter': 6115}. Best is trial 7 with value: 0.45362337450454016.
Trial 69 finished with value: 0.06732499223898128 and parameters: {'n_components': 4, 'degree': 3, 'alpha': 0.014161140630210503, 'l1_ratio': 0.7589566594357641, 'max_iter': 32798}. Best is trial 7 with value: 0.45362337450454016.
Trial 78 finished with value: -2.296484557142399 and parameters: {'n_components': 3, 'degree': 1, 'alpha': 0.002655189782965236, 'l1_ratio': 0.47543200978083655, 'max_iter': 60012}. Best is trial 7 with value: 0.45362337450454016.
Trial 79 finished with value: -1.7261701231799051 and parameters: {'n_components': 8, 'degree': 1, 'alpha': 0.0006617370908703415, 'l1_ratio': 0.7555153645540295, 'max_iter': 41987}. Best is trial 7 with value: 0.45362337450454016.
Trial 80 finished with value: -5.165998493190663 and parameters: {'n_components': 2, 'degree': 1, 'alpha': 1.2758100946655282, 'l1_ratio': 0.513497505204073, 'max_iter': 7198}. Best is trial 7 with value: 0.45362337450454016.
Trial 82 finished with value: -0.034637112134695405 and parameters: {'n_components': 5, 'degree': 4, 'alpha': 1.4208230780722388, 'l1_ratio': 0.598501934536644, 'max_iter': 64551}. Best is trial 7 with value: 0.45362337450454016.
Trial 83 finished with value: -1.7205986596585712 and parameters: {'n_components': 8, 'degree': 1, 'alpha': 0.027060980449449146, 'l1_ratio': 0.2558527418988119, 'max_iter': 24082}. Best is trial 7 with value: 0.45362337450454016.
Trial 84 finished with value: -4.834679214446373 and parameters: {'n_components': 1, 'degree': 4, 'alpha': 0.0012966087687988346, 'l1_ratio': 0.9157446621676449, 'max_iter': 49249}. Best is trial 7 with value: 0.45362337450454016.
Trial 48 finished with value: 0.13168704455564856 and parameters: {'n_components': 7, 'degree': 3, 'alpha': 0.023135601356791387, 'l1_ratio': 0.009236790610459789, 'max_iter': 32657}. Best is trial 7 with value: 0.45362337450454016.
Trial 24 finished with value: 0.07328990682969123 and parameters: {'n_components': 3, 'degree': 5, 'alpha': 0.007033638945067073, 'l1_ratio': 0.6432579980752292, 'max_iter': 73902}. Best is trial 7 with value: 0.45362337450454016.
Trial 71 finished with value: -0.13379217524131917 and parameters: {'n_components': 6, 'degree': 5, 'alpha': 6.369695846790291, 'l1_ratio': 0.6356875641049421, 'max_iter': 99557}. Best is trial 7 with value: 0.45362337450454016.
Trial 87 finished with value: -1.0192948000384265 and parameters: {'n_components': 3, 'degree': 2, 'alpha': 0.09685560960813, 'l1_ratio': 0.46494571639361293, 'max_iter': 8293}. Best is trial 7 with value: 0.45362337450454016.
Trial 11 finished with value: 0.24518522929639927 and parameters: {'n_components': 5, 'degree': 4, 'alpha': 0.00017102003582520893, 'l1_ratio': 0.5486010032091322, 'max_iter': 45138}. Best is trial 7 with value: 0.45362337450454016.
Trial 89 finished with value: -0.1398473757840785 and parameters: {'n_components': 6, 'degree': 3, 'alpha': 1.6187013300994868, 'l1_ratio': 0.7601206056447329, 'max_iter': 3139}. Best is trial 7 with value: 0.45362337450454016.
Trial 90 finished with value: -1.0177490878684352 and parameters: {'n_components': 3, 'degree': 2, 'alpha': 0.07628156806999006, 'l1_ratio': 0.33281127369046926, 'max_iter': 81862}. Best is trial 7 with value: 0.45362337450454016.
Trial 91 finished with value: -5.837980332881303 and parameters: {'n_components': 1, 'degree': 4, 'alpha': 4.146569866127932, 'l1_ratio': 0.01764397370187576, 'max_iter': 34246}. Best is trial 7 with value: 0.45362337450454016.
Trial 92 finished with value: 0.023982130867456652 and parameters: {'n_components': 6, 'degree': 2, 'alpha': 0.17487855421433435, 'l1_ratio': 0.9734837308708502, 'max_iter': 13981}. Best is trial 7 with value: 0.45362337450454016.
Trial 93 finished with value: -1.127032008562141 and parameters: {'n_components': 10, 'degree': 1, 'alpha': 0.000309499550830375, 'l1_ratio': 0.8172309636090047, 'max_iter': 16153}. Best is trial 7 with value: 0.45362337450454016.
Trial 95 finished with value: 0.1671342690172107 and parameters: {'n_components': 9, 'degree': 2, 'alpha': 0.051700873629431654, 'l1_ratio': 0.4408736834940794, 'max_iter': 34392}. Best is trial 7 with value: 0.45362337450454016.
Trial 42 finished with value: 0.08345721081556132 and parameters: {'n_components': 3, 'degree': 5, 'alpha': 0.0011332534726011946, 'l1_ratio': 0.3704303059683769, 'max_iter': 68256}. Best is trial 7 with value: 0.45362337450454016.
Trial 34 finished with value: 0.20512442082913698 and parameters: {'n_components': 5, 'degree': 4, 'alpha': 0.0041715469591188945, 'l1_ratio': 0.2615958208898014, 'max_iter': 37374}. Best is trial 7 with value: 0.45362337450454016.
Trial 98 finished with value: -1.8435619045301335 and parameters: {'n_components': 5, 'degree': 1, 'alpha': 0.02589198032155464, 'l1_ratio': 0.9301300769659153, 'max_iter': 99091}. Best is trial 7 with value: 0.45362337450454016.
Trial 99 finished with value: -0.2225586276244173 and parameters: {'n_components': 6, 'degree': 3, 'alpha': 2.2093281450996796, 'l1_ratio': 0.25946269096035834, 'max_iter': 48037}. Best is trial 7 with value: 0.45362337450454016.
Trial 100 finished with value: -0.7549332916966909 and parameters: {'n_components': 2, 'degree': 4, 'alpha': 0.00018926715649338787, 'l1_ratio': 0.7516093912733663, 'max_iter': 41014}. Best is trial 7 with value: 0.45362337450454016.
Trial 101 finished with value: -0.7417847955573091 and parameters: {'n_components': 3, 'degree': 3, 'alpha': 1.5170797390083879, 'l1_ratio': 0.700451685709769, 'max_iter': 24346}. Best is trial 7 with value: 0.45362337450454016.
Trial 102 finished with value: -5.077894163909874 and parameters: {'n_components': 2, 'degree': 1, 'alpha': 0.022725913069442612, 'l1_ratio': 0.1456926416761336, 'max_iter': 12447}. Best is trial 7 with value: 0.45362337450454016.
Trial 96 finished with value: 0.4513333141718789 and parameters: {'n_components': 10, 'degree': 3, 'alpha': 0.00015557464749168837, 'l1_ratio': 0.9352991872436793, 'max_iter': 4785}. Best is trial 7 with value: 0.45362337450454016.
Trial 104 finished with value: 0.07243320984489815 and parameters: {'n_components': 5, 'degree': 3, 'alpha': 0.035443330264823936, 'l1_ratio': 0.40122695738875425, 'max_iter': 42124}. Best is trial 7 with value: 0.45362337450454016.
Trial 103 finished with value: -0.018606629273373455 and parameters: {'n_components': 3, 'degree': 3, 'alpha': 0.00015772005375422622, 'l1_ratio': 0.947839326136584, 'max_iter': 48033}. Best is trial 7 with value: 0.45362337450454016.
Trial 106 finished with value: -4.852227521811574 and parameters: {'n_components': 1, 'degree': 4, 'alpha': 0.06739947256234079, 'l1_ratio': 0.7608923886900295, 'max_iter': 73256}. Best is trial 7 with value: 0.45362337450454016.
Trial 77 finished with value: 0.06477545849935054 and parameters: {'n_components': 3, 'degree': 5, 'alpha': 0.009493722045433514, 'l1_ratio': 0.3924120103945752, 'max_iter': 61041}. Best is trial 7 with value: 0.45362337450454016.
Trial 108 finished with value: -0.08526809845651852 and parameters: {'n_components': 4, 'degree': 2, 'alpha': 0.0015798395515663629, 'l1_ratio': 0.17593869435928966, 'max_iter': 3148}. Best is trial 7 with value: 0.45362337450454016.
Trial 109 finished with value: -1.1270013218969577 and parameters: {'n_components': 10, 'degree': 1, 'alpha': 0.002694467512171238, 'l1_ratio': 0.6755891927540132, 'max_iter': 83166}. Best is trial 7 with value: 0.45362337450454016.
Trial 110 finished with value: -0.9860042066565462 and parameters: {'n_components': 3, 'degree': 2, 'alpha': 0.07656043387527267, 'l1_ratio': 0.9535106753248181, 'max_iter': 71744}. Best is trial 7 with value: 0.45362337450454016.
Trial 94 finished with value: 0.09819342751549791 and parameters: {'n_components': 5, 'degree': 4, 'alpha': 0.2845200233511569, 'l1_ratio': 0.7430398443852905, 'max_iter': 58686}. Best is trial 7 with value: 0.45362337450454016.
Trial 112 finished with value: 0.006832922732287483 and parameters: {'n_components': 7, 'degree': 2, 'alpha': 0.08703604529351155, 'l1_ratio': 0.0545175946597285, 'max_iter': 32662}. Best is trial 7 with value: 0.45362337450454016.
Trial 113 finished with value: 0.002108014988349627 and parameters: {'n_components': 3, 'degree': 4, 'alpha': 0.04693196628816113, 'l1_ratio': 0.7499589846165826, 'max_iter': 17894}. Best is trial 7 with value: 0.45362337450454016.
Trial 114 finished with value: -5.116562853004821 and parameters: {'n_components': 1, 'degree': 1, 'alpha': 0.0004957567488571654, 'l1_ratio': 0.6729441556214564, 'max_iter': 97958}. Best is trial 7 with value: 0.45362337450454016.
Trial 85 finished with value: 0.11722918728829658 and parameters: {'n_components': 5, 'degree': 3, 'alpha': 0.00042389218139233473, 'l1_ratio': 0.9750372097352706, 'max_iter': 73909}. Best is trial 7 with value: 0.45362337450454016.
Trial 88 finished with value: 0.14284967941273014 and parameters: {'n_components': 8, 'degree': 2, 'alpha': 0.0002689106361776396, 'l1_ratio': 0.24432864722073222, 'max_iter': 65088}. Best is trial 7 with value: 0.45362337450454016.
