Trial 964 finished with value: -3.9468714927447057 and parameters: {'n_components': 6, 'degree': 1, 'alpha': 9.99852373071456, 'l1_ratio': 0.3337021450198099, 'max_iter': 90019}. Best is trial 157 with value: 0.6510445488047812.
Trial 965 finished with value: -0.025017802453626826 and parameters: {'n_components': 5, 'degree': 2, 'alpha': 0.0051787020718066104, 'l1_ratio': 0.150850639341367, 'max_iter': 21748}. Best is trial 157 with value: 0.6510445488047812.
Trial 917 finished with value: 0.45500791994044326 and parameters: {'n_components': 10, 'degree': 3, 'alpha': 0.00031015208314333765, 'l1_ratio': 0.2908606379465577, 'max_iter': 98041}. Best is trial 157 with value: 0.6510445488047812.
Trial 967 finished with value: -0.023850793935412017 and parameters: {'n_components': 5, 'degree': 2, 'alpha': 0.0001627789078377057, 'l1_ratio': 0.4022313184567846, 'max_iter': 45169}. Best is trial 157 with value: 0.6510445488047812.
Trial 968 finished with value: -4.835385883380056 and parameters: {'n_components': 1, 'degree': 4, 'alpha': 0.0010412317890104205, 'l1_ratio': 0.17324965474062648, 'max_iter': 28414}. Best is trial 157 with value: 0.6510445488047812.
Trial 969 finished with value: 0.17209365725924713 and parameters: {'n_components': 10, 'degree': 2, 'alpha': 0.006564475859617287, 'l1_ratio': 0.4199602286425037, 'max_iter': 98696}. Best is trial 157 with value: 0.6510445488047812.
Trial 970 finished with value: -3.643083515138774 and parameters: {'n_components': 2, 'degree': 5, 'alpha': 2.4161936629863368, 'l1_ratio': 0.3264626259296344, 'max_iter': 33732}. Best is trial 157 with value: 0.6510445488047812.
Trial 971 finished with value: -5.431490717114469 and parameters: {'n_components': 1, 'degree': 3, 'alpha': 2.5701569533159727, 'l1_ratio': 0.7361522172215911, 'max_iter': 33017}. Best is trial 157 with value: 0.6510445488047812.
Trial 947 finished with value: 0.33317548423707394 and parameters: {'n_components': 7, 'degree': 5, 'alpha': 0.019058945275149675, 'l1_ratio': 0.0682514857797265, 'max_iter': 28785}. Best is trial 157 with value: 0.6510445488047812.
Trial 973 finished with value: -0.08534367270649433 and parameters: {'n_components': 4, 'degree': 2, 'alpha': 0.0002052382111067541, 'l1_ratio': 0.8517520997160858, 'max_iter': 84640}. Best is trial 157 with value: 0.6510445488047812.
Trial 974 finished with value: -5.075645317905821 and parameters: {'n_components': 2, 'degree': 1, 'alpha': 0.0007323351165177989, 'l1_ratio': 0.8660788235782695, 'max_iter': 47568}. Best is trial 157 with value: 0.6510445488047812.
Trial 951 finished with value: 0.2882887600701262 and parameters: {'n_components': 6, 'degree': 5, 'alpha': 0.051506259588769185, 'l1_ratio': 0.7654783970839268, 'max_iter': 41074}. Best is trial 157 with value: 0.6510445488047812.
Trial 975 finished with value: -0.3849004485681642 and parameters: {'n_components': 3, 'degree': 4, 'alpha': 0.5668553393109412, 'l1_ratio': 0.9018365432820479, 'max_iter': 42846}. Best is trial 157 with value: 0.6510445488047812.
Trial 977 finished with value: -0.43171717476789023 and parameters: {'n_components': 5, 'degree': 2, 'alpha': 1.7051998232330734, 'l1_ratio': 0.8135119040418817, 'max_iter': 34458}. Best is trial 157 with value: 0.6510445488047812.
Trial 961 finished with value: 0.12547860378411074 and parameters: {'n_components': 6, 'degree': 4, 'alpha': 0.3823085433663125, 'l1_ratio': 0.0038726178486203633, 'max_iter': 91597}. Best is trial 157 with value: 0.6510445488047812.
Trial 978 finished with value: 0.0023446335714708113 and parameters: {'n_components': 5, 'degree': 3, 'alpha': 0.31320385639832987, 'l1_ratio': 0.39109048954910697, 'max_iter': 34615}. Best is trial 157 with value: 0.6510445488047812.
Trial 869 finished with value: 0.47879160487877637 and parameters: {'n_components': 10, 'degree': 5, 'alpha': 0.0013628107374254537, 'l1_ratio': 0.010784029524383731, 'max_iter': 28079}. Best is trial 157 with value: 0.6510445488047812.
Trial 981 finished with value: 0.1796827077131063 and parameters: {'n_components': 11, 'degree': 2, 'alpha': 0.059067255426097746, 'l1_ratio': 0.8592384726126011, 'max_iter': 16996}. Best is trial 157 with value: 0.6510445488047812.
Trial 960 finished with value: 0.5657951728979282 and parameters: {'n_components': 11, 'degree': 4, 'alpha': 0.0018651101665820642, 'l1_ratio': 0.8185845548995251, 'max_iter': 13266}. Best is trial 157 with value: 0.6510445488047812.
Trial 983 finished with value: -2.2969153980623767 and parameters: {'n_components': 3, 'degree': 1, 'alpha': 0.00023649394457369316, 'l1_ratio': 0.6733954358274503, 'max_iter': 39979}. Best is trial 157 with value: 0.6510445488047812.
Trial 982 finished with value: 0.07197194370063807 and parameters: {'n_components': 4, 'degree': 3, 'alpha': 0.00529163468219892, 'l1_ratio': 0.7148160284619867, 'max_iter': 67956}. Best is trial 157 with value: 0.6510445488047812.
Trial 984 finished with value: 0.1806495560639965 and parameters: {'n_components': 9, 'degree': 2, 'alpha': 0.0002783444813964656, 'l1_ratio': 0.8254188104244623, 'max_iter': 11408}. Best is trial 157 with value: 0.6510445488047812.
Trial 986 finished with value: -1.8447354940687397 and parameters: {'n_components': 5, 'degree': 1, 'alpha': 0.5174070171532318, 'l1_ratio': 0.12823441236365596, 'max_iter': 25733}. Best is trial 157 with value: 0.6510445488047812.
Trial 972 finished with value: 0.1432802983871422 and parameters: {'n_components': 8, 'degree': 2, 'alpha': 0.0008825318993804714, 'l1_ratio': 0.6408905315060488, 'max_iter': 87790}. Best is trial 157 with value: 0.6510445488047812.
Trial 790 finished with value: 0.2995474909137996 and parameters: {'n_components': 10, 'degree': 5, 'alpha': 0.0004672476171721595, 'l1_ratio': 0.5082242699328806, 'max_iter': 50399}. Best is trial 157 with value: 0.6510445488047812.
Trial 989 finished with value: -0.023890757937948103 and parameters: {'n_components': 5, 'degree': 2, 'alpha': 0.0011550153048834782, 'l1_ratio': 0.48726053553559, 'max_iter': 84897}. Best is trial 157 with value: 0.6510445488047812.
Trial 990 finished with value: -1.8445064810268461 and parameters: {'n_components': 7, 'degree': 1, 'alpha': 0.025148920557033615, 'l1_ratio': 0.8297616627688089, 'max_iter': 39129}. Best is trial 157 with value: 0.6510445488047812.
Trial 953 finished with value: 0.14820732740383125 and parameters: {'n_components': 7, 'degree': 5, 'alpha': 1.3903197207378724, 'l1_ratio': 0.9036611938608776, 'max_iter': 35417}. Best is trial 157 with value: 0.6510445488047812.
Trial 991 finished with value: -1.9985252107833944 and parameters: {'n_components': 2, 'degree': 5, 'alpha': 0.07244632654215666, 'l1_ratio': 0.19611176437528333, 'max_iter': 73872}. Best is trial 157 with value: 0.6510445488047812.
Trial 993 finished with value: -0.9854326148477002 and parameters: {'n_components': 3, 'degree': 2, 'alpha': 0.035304637439086926, 'l1_ratio': 0.8784880912088712, 'max_iter': 21940}. Best is trial 157 with value: 0.6510445488047812.
Trial 994 finished with value: -0.8969382760364417 and parameters: {'n_components': 2, 'degree': 5, 'alpha': 0.07779774078767891, 'l1_ratio': 0.9522312571854809, 'max_iter': 87227}. Best is trial 157 with value: 0.6510445488047812.
Trial 995 finished with value: -3.7583339622999583 and parameters: {'n_components': 8, 'degree': 1, 'alpha': 7.573366141515478, 'l1_ratio': 0.048762575847921874, 'max_iter': 44657}. Best is trial 157 with value: 0.6510445488047812.
Trial 996 finished with value: -1.842559609657353 and parameters: {'n_components': 5, 'degree': 1, 'alpha': 0.006711334858120726, 'l1_ratio': 0.5859302404760622, 'max_iter': 99091}. Best is trial 157 with value: 0.6510445488047812.
Trial 997 finished with value: -1.031821763623867 and parameters: {'n_components': 9, 'degree': 1, 'alpha': 0.0035068137353007857, 'l1_ratio': 0.36326319725494527, 'max_iter': 12938}. Best is trial 157 with value: 0.6510445488047812.
Trial 987 finished with value: 0.40272530547904245 and parameters: {'n_components': 9, 'degree': 3, 'alpha': 0.11808190001966617, 'l1_ratio': 0.027734434752409665, 'max_iter': 72481}. Best is trial 157 with value: 0.6510445488047812.
Trial 998 finished with value: -4.895444019824316 and parameters: {'n_components': 2, 'degree': 2, 'alpha': 0.05591500293613255, 'l1_ratio': 0.060660384700698455, 'max_iter': 83568}. Best is trial 157 with value: 0.6510445488047812.
Trial 976 finished with value: 0.11516406176141296 and parameters: {'n_components': 6, 'degree': 3, 'alpha': 0.0151379976362289, 'l1_ratio': 0.04914190541681129, 'max_iter': 82672}. Best is trial 157 with value: 0.6510445488047812.
Trial 874 finished with value: 0.580507265954636 and parameters: {'n_components': 10, 'degree': 4, 'alpha': 0.00016741822233705528, 'l1_ratio': 0.8919712034360873, 'max_iter': 78092}. Best is trial 157 with value: 0.6510445488047812.
Trial 628 finished with value: 0.6479568622791064 and parameters: {'n_components': 11, 'degree': 5, 'alpha': 0.07523762915003797, 'l1_ratio': 0.6891148997554104, 'max_iter': 63679}. Best is trial 157 with value: 0.6510445488047812.
Trial 963 finished with value: 0.2375200008650526 and parameters: {'n_components': 4, 'degree': 5, 'alpha': 0.0005579978954986836, 'l1_ratio': 0.8630428526623346, 'max_iter': 69964}. Best is trial 157 with value: 0.6510445488047812.
Trial 999 finished with value: 0.19978697967257825 and parameters: {'n_components': 11, 'degree': 5, 'alpha': 0.0009745999404061954, 'l1_ratio': 0.6013419493479457, 'max_iter': 3699}. Best is trial 157 with value: 0.6510445488047812.
Trial 959 finished with value: 0.5539107716578877 and parameters: {'n_components': 8, 'degree': 4, 'alpha': 0.0006526398146666261, 'l1_ratio': 0.4683106822351548, 'max_iter': 58586}. Best is trial 157 with value: 0.6510445488047812.
Trial 980 finished with value: 0.15525006107703593 and parameters: {'n_components': 4, 'degree': 4, 'alpha': 0.029144352258699664, 'l1_ratio': 0.98973416100864, 'max_iter': 79851}. Best is trial 157 with value: 0.6510445488047812.
Trial 942 finished with value: 0.5719035670920172 and parameters: {'n_components': 9, 'degree': 4, 'alpha': 0.00018980628345466715, 'l1_ratio': 0.09416111199935906, 'max_iter': 58396}. Best is trial 157 with value: 0.6510445488047812.
Trial 988 finished with value: 0.5420267717773638 and parameters: {'n_components': 11, 'degree': 4, 'alpha': 0.2235311138621447, 'l1_ratio': 0.0951959278670027, 'max_iter': 99860}. Best is trial 157 with value: 0.6510445488047812.
Trial 979 finished with value: 0.23626345903885357 and parameters: {'n_components': 6, 'degree': 5, 'alpha': 0.1944030978954338, 'l1_ratio': 0.8168411012978408, 'max_iter': 85080}. Best is trial 157 with value: 0.6510445488047812.
Trial 938 finished with value: 0.6081274472335404 and parameters: {'n_components': 8, 'degree': 5, 'alpha': 0.0004941321537839301, 'l1_ratio': 0.5661376338238123, 'max_iter': 58192}. Best is trial 157 with value: 0.6510445488047812.
Trial 985 finished with value: 0.6432851654686323 and parameters: {'n_components': 9, 'degree': 5, 'alpha': 0.008368521994458384, 'l1_ratio': 0.6431836746927103, 'max_iter': 27574}. Best is trial 157 with value: 0.6510445488047812.
Trial 802 finished with value: 0.6469928924412169 and parameters: {'n_components': 9, 'degree': 5, 'alpha': 0.0033582960722322278, 'l1_ratio': 0.5963898447068701, 'max_iter': 96902}. Best is trial 157 with value: 0.6510445488047812.
Trial 992 finished with value: 0.5833265937701334 and parameters: {'n_components': 10, 'degree': 4, 'alpha': 0.00012691299894973377, 'l1_ratio': 0.3079355354563802, 'max_iter': 50662}. Best is trial 157 with value: 0.6510445488047812.
Trial 948 finished with value: 0.6308170422667821 and parameters: {'n_components': 9, 'degree': 5, 'alpha': 0.050083405758764694, 'l1_ratio': 0.9621790157359668, 'max_iter': 60735}. Best is trial 157 with value: 0.6510445488047812.
Trial 853 finished with value: 0.48175399403056574 and parameters: {'n_components': 11, 'degree': 5, 'alpha': 2.1588486066288533, 'l1_ratio': 0.4509207742244493, 'max_iter': 53205}. Best is trial 157 with value: 0.6510445488047812.
Trial 901 finished with value: 0.5564607678571255 and parameters: {'n_components': 9, 'degree': 5, 'alpha': 0.7287803166702314, 'l1_ratio': 0.6384037261358628, 'max_iter': 89437}. Best is trial 157 with value: 0.6510445488047812.
Trial 725 finished with value: 0.23801380391283367 and parameters: {'n_components': 10, 'degree': 5, 'alpha': 0.0004764464643841663, 'l1_ratio': 0.5046589980102963, 'max_iter': 98131}. Best is trial 157 with value: 0.6510445488047812.
Trial 807 finished with value: 0.624985035270597 and parameters: {'n_components': 10, 'degree': 5, 'alpha': 0.46163311267715074, 'l1_ratio': 0.2773543357525897, 'max_iter': 98993}. Best is trial 157 with value: 0.6510445488047812.
Trial 844 finished with value: 0.6572892618725588 and parameters: {'n_components': 11, 'degree': 5, 'alpha': 0.2294328398907448, 'l1_ratio': 0.1039310608295505, 'max_iter': 61104}. Best is trial 844 with value: 0.6572892618725588.
Trial 966 finished with value: 0.637084892662672 and parameters: {'n_components': 9, 'degree': 5, 'alpha': 0.005001648895311238, 'l1_ratio': 0.438838376975798, 'max_iter': 78393}. Best is trial 844 with value: 0.6572892618725588.
Trial 875 finished with value: 0.628964605045981 and parameters: {'n_components': 10, 'degree': 5, 'alpha': 0.020446441042536425, 'l1_ratio': 0.0323004598939598, 'max_iter': 69577}. Best is trial 844 with value: 0.6572892618725588.
Trial 734 finished with value: -1.2874219530471562 and parameters: {'n_components': 11, 'degree': 5, 'alpha': 0.00036039176991619444, 'l1_ratio': 0.28300980527354147, 'max_iter': 77416}. Best is trial 844 with value: 0.6572892618725588.
