Trial 212 finished with value: -4.834438308751843 and parameters: {'n_components': 1, 'degree': 4, 'alpha': 0.0001593376637817794, 'l1_ratio': 0.9745896770859828, 'max_iter': 37096}. Best is trial 81 with value: 0.5840856075818508.
Trial 213 finished with value: -3.1835227368319825 and parameters: {'n_components': 6, 'degree': 1, 'alpha': 4.524258479514066, 'l1_ratio': 0.004877454913791213, 'max_iter': 49227}. Best is trial 81 with value: 0.5840856075818508.
Trial 181 finished with value: 0.42207997929266167 and parameters: {'n_components': 8, 'degree': 3, 'alpha': 0.015535569104604845, 'l1_ratio': 0.7529052741135999, 'max_iter': 37948}. Best is trial 81 with value: 0.5840856075818508.
Trial 214 finished with value: -0.14034762027800424 and parameters: {'n_components': 8, 'degree': 3, 'alpha': 3.584765124614545, 'l1_ratio': 0.9634403933022012, 'max_iter': 98910}. Best is trial 81 with value: 0.5840856075818508.
Trial 215 finished with value: -5.075722462489137 and parameters: {'n_components': 2, 'degree': 1, 'alpha': 0.001722559540835403, 'l1_ratio': 0.6152479508159657, 'max_iter': 15588}. Best is trial 81 with value: 0.5840856075818508.
Trial 217 finished with value: -2.2943269208301857 and parameters: {'n_components': 3, 'degree': 1, 'alpha': 0.009459150862599143, 'l1_ratio': 0.1485482842414162, 'max_iter': 66095}. Best is trial 81 with value: 0.5840856075818508.
Trial 218 finished with value: -0.08527558101599172 and parameters: {'n_components': 4, 'degree': 2, 'alpha': 0.0005219856997321911, 'l1_ratio': 0.035313880513924034, 'max_iter': 58298}. Best is trial 81 with value: 0.5840856075818508.
Trial 219 finished with value: -0.023817692837187397 and parameters: {'n_components': 5, 'degree': 2, 'alpha': 0.00035134902794572797, 'l1_ratio': 0.8453576121346817, 'max_iter': 84859}. Best is trial 81 with value: 0.5840856075818508.
Trial 220 finished with value: -1.0355621805510717 and parameters: {'n_components': 9, 'degree': 1, 'alpha': 0.05077458357410116, 'l1_ratio': 0.675217545470533, 'max_iter': 23594}. Best is trial 81 with value: 0.5840856075818508.
Trial 207 finished with value: 0.4374095512373273 and parameters: {'n_components': 9, 'degree': 3, 'alpha': 0.0007693161733547831, 'l1_ratio': 0.38551527040537537, 'max_iter': 10235}. Best is trial 81 with value: 0.5840856075818508.
Trial 198 finished with value: 0.4368071355988745 and parameters: {'n_components': 10, 'degree': 3, 'alpha': 0.020213778375806436, 'l1_ratio': 0.09956740439384293, 'max_iter': 27704}. Best is trial 81 with value: 0.5840856075818508.
Trial 223 finished with value: -1.1449422998695202 and parameters: {'n_components': 10, 'degree': 1, 'alpha': 0.6376792689703487, 'l1_ratio': 0.9779170147207378, 'max_iter': 79728}. Best is trial 81 with value: 0.5840856075818508.
Trial 224 finished with value: 0.36724264036407583 and parameters: {'n_components': 9, 'degree': 3, 'alpha': 0.3391521995924343, 'l1_ratio': 0.5005902528940305, 'max_iter': 35130}. Best is trial 81 with value: 0.5840856075818508.
Trial 225 finished with value: -1.8386701231606277 and parameters: {'n_components': 5, 'degree': 1, 'alpha': 0.5505149580794715, 'l1_ratio': 0.5018066019581626, 'max_iter': 18654}. Best is trial 81 with value: 0.5840856075818508.
Trial 226 finished with value: -0.5109764999914659 and parameters: {'n_components': 8, 'degree': 2, 'alpha': 2.281169790649151, 'l1_ratio': 0.36043732093134073, 'max_iter': 72291}. Best is trial 81 with value: 0.5840856075818508.
Trial 227 finished with value: 0.18024432532761397 and parameters: {'n_components': 9, 'degree': 2, 'alpha': 0.00014346974819300377, 'l1_ratio': 0.24647507423241177, 'max_iter': 4618}. Best is trial 81 with value: 0.5840856075818508.
Trial 228 finished with value: -2.6924999628774935 and parameters: {'n_components': 2, 'degree': 4, 'alpha': 0.6551910884699715, 'l1_ratio': 0.8921636399515611, 'max_iter': 79046}. Best is trial 81 with value: 0.5840856075818508.
Trial 45 finished with value: 0.31430818430236857 and parameters: {'n_components': 11, 'degree': 5, 'alpha': 5.870457864194004, 'l1_ratio': 0.4196191026875139, 'max_iter': 50608}. Best is trial 81 with value: 0.5840856075818508.
Trial 230 finished with value: -5.849603576486454 and parameters: {'n_components': 1, 'degree': 3, 'alpha': 7.069837117147143, 'l1_ratio': 0.4579106745376945, 'max_iter': 90039}. Best is trial 81 with value: 0.5840856075818508.
Trial 231 finished with value: -1.8449039443445223 and parameters: {'n_components': 7, 'degree': 1, 'alpha': 0.0003620550496958413, 'l1_ratio': 0.057706391554211756, 'max_iter': 40565}. Best is trial 81 with value: 0.5840856075818508.
Trial 229 finished with value: 0.0340054881470252 and parameters: {'n_components': 3, 'degree': 4, 'alpha': 0.00019283466457311956, 'l1_ratio': 0.49668151840304553, 'max_iter': 49242}. Best is trial 81 with value: 0.5840856075818508.
Trial 211 finished with value: 0.24064567021691446 and parameters: {'n_components': 5, 'degree': 5, 'alpha': 0.014055839022341424, 'l1_ratio': 0.9968112209168417, 'max_iter': 29256}. Best is trial 81 with value: 0.5840856075818508.
Trial 234 finished with value: -0.0063026183352856814 and parameters: {'n_components': 10, 'degree': 3, 'alpha': 4.606635033637769, 'l1_ratio': 0.21919445125505943, 'max_iter': 69942}. Best is trial 81 with value: 0.5840856075818508.
Trial 235 finished with value: -0.01397864749538702 and parameters: {'n_components': 3, 'degree': 3, 'alpha': 0.0010606741635711802, 'l1_ratio': 0.14288690972996387, 'max_iter': 39044}. Best is trial 81 with value: 0.5840856075818508.
Trial 236 finished with value: -0.8455323691606529 and parameters: {'n_components': 2, 'degree': 4, 'alpha': 0.003590928628930511, 'l1_ratio': 0.18052862516207935, 'max_iter': 9608}. Best is trial 81 with value: 0.5840856075818508.
Trial 237 finished with value: 0.14196072283209143 and parameters: {'n_components': 8, 'degree': 2, 'alpha': 0.01352249273341476, 'l1_ratio': 0.43797101996287113, 'max_iter': 82525}. Best is trial 81 with value: 0.5840856075818508.
Trial 51 finished with value: 0.4344356574893424 and parameters: {'n_components': 10, 'degree': 5, 'alpha': 2.6127847298988924, 'l1_ratio': 0.5860501819545956, 'max_iter': 79861}. Best is trial 81 with value: 0.5840856075818508.
Trial 233 finished with value: 0.29345825742041304 and parameters: {'n_components': 7, 'degree': 5, 'alpha': 0.14437948151869484, 'l1_ratio': 0.1030272588732638, 'max_iter': 8598}. Best is trial 81 with value: 0.5840856075818508.
Trial 240 finished with value: -1.7075764503252269 and parameters: {'n_components': 8, 'degree': 1, 'alpha': 0.3332520776646855, 'l1_ratio': 0.6041579178983714, 'max_iter': 98329}. Best is trial 81 with value: 0.5840856075818508.
Trial 241 finished with value: -0.02612788490552076 and parameters: {'n_components': 5, 'degree': 2, 'alpha': 0.011896652452032816, 'l1_ratio': 0.4218466486879905, 'max_iter': 2563}. Best is trial 81 with value: 0.5840856075818508.
Trial 242 finished with value: -5.863560620013058 and parameters: {'n_components': 1, 'degree': 3, 'alpha': 6.821556671388427, 'l1_ratio': 0.36938432479158045, 'max_iter': 48195}. Best is trial 81 with value: 0.5840856075818508.
Trial 243 finished with value: -4.894299997290947 and parameters: {'n_components': 2, 'degree': 2, 'alpha': 0.10544997707455624, 'l1_ratio': 0.05088967890385909, 'max_iter': 74422}. Best is trial 81 with value: 0.5840856075818508.
Trial 131 finished with value: 0.5615700372320669 and parameters: {'n_components': 11, 'degree': 4, 'alpha': 0.06302795071577492, 'l1_ratio': 0.5284317626135907, 'max_iter': 78287}. Best is trial 81 with value: 0.5840856075818508.
Trial 221 finished with value: 0.18337348161834924 and parameters: {'n_components': 11, 'degree': 2, 'alpha': 0.00022500756805471814, 'l1_ratio': 0.3638035044243647, 'max_iter': 57300}. Best is trial 81 with value: 0.5840856075818508.
Trial 216 finished with value: 0.5380028331649594 and parameters: {'n_components': 8, 'degree': 4, 'alpha': 0.01135022702930203, 'l1_ratio': 0.4996287490947947, 'max_iter': 37548}. Best is trial 81 with value: 0.5840856075818508.
Trial 247 finished with value: -4.838002700854888 and parameters: {'n_components': 1, 'degree': 4, 'alpha': 0.009228568959035552, 'l1_ratio': 0.72849014465234, 'max_iter': 64868}. Best is trial 81 with value: 0.5840856075818508.
Trial 248 finished with value: -2.2907797974432533 and parameters: {'n_components': 3, 'degree': 1, 'alpha': 0.046976859834365406, 'l1_ratio': 0.5792284786428591, 'max_iter': 68663}. Best is trial 81 with value: 0.5840856075818508.
Trial 249 finished with value: -5.768376808446827 and parameters: {'n_components': 1, 'degree': 2, 'alpha': 0.00010668270369087165, 'l1_ratio': 0.8980917706619982, 'max_iter': 24330}. Best is trial 81 with value: 0.5840856075818508.
Trial 250 finished with value: -1.1287130556671383 and parameters: {'n_components': 10, 'degree': 1, 'alpha': 0.08798372385192761, 'l1_ratio': 0.37021516165209933, 'max_iter': 36076}. Best is trial 81 with value: 0.5840856075818508.
Trial 251 finished with value: 0.06895262951206263 and parameters: {'n_components': 6, 'degree': 3, 'alpha': 0.16453248806390816, 'l1_ratio': 0.3139736501109831, 'max_iter': 48912}. Best is trial 81 with value: 0.5840856075818508.
Trial 252 finished with value: -1.909735960954931 and parameters: {'n_components': 4, 'degree': 1, 'alpha': 0.021221950252037505, 'l1_ratio': 0.47391499639898393, 'max_iter': 56280}. Best is trial 81 with value: 0.5840856075818508.
Trial 253 finished with value: -0.6793112125028807 and parameters: {'n_components': 6, 'degree': 2, 'alpha': 4.536814256995901, 'l1_ratio': 0.8784086601252876, 'max_iter': 36951}. Best is trial 81 with value: 0.5840856075818508.
Trial 254 finished with value: -0.006426572956477705 and parameters: {'n_components': 5, 'degree': 3, 'alpha': 0.42914243868186747, 'l1_ratio': 0.8109868184649792, 'max_iter': 95492}. Best is trial 81 with value: 0.5840856075818508.
Trial 255 finished with value: -4.619847019317667 and parameters: {'n_components': 1, 'degree': 5, 'alpha': 0.8091454764417603, 'l1_ratio': 0.7726208690383463, 'max_iter': 74884}. Best is trial 81 with value: 0.5840856075818508.
Trial 256 finished with value: -1.8500701686581271 and parameters: {'n_components': 6, 'degree': 1, 'alpha': 0.00023522078531124953, 'l1_ratio': 0.8444505281476956, 'max_iter': 89175}. Best is trial 81 with value: 0.5840856075818508.
Trial 205 finished with value: 0.43884309351236694 and parameters: {'n_components': 8, 'degree': 3, 'alpha': 0.0005055967511568969, 'l1_ratio': 0.5151140316499817, 'max_iter': 63088}. Best is trial 81 with value: 0.5840856075818508.
Trial 257 finished with value: -0.135439049947714 and parameters: {'n_components': 4, 'degree': 3, 'alpha': 0.6180165317379315, 'l1_ratio': 0.04898447558402785, 'max_iter': 41498}. Best is trial 81 with value: 0.5840856075818508.
Trial 258 finished with value: 0.030173200972002035 and parameters: {'n_components': 3, 'degree': 4, 'alpha': 0.0007598430960195516, 'l1_ratio': 0.09681038459249869, 'max_iter': 5584}. Best is trial 81 with value: 0.5840856075818508.
Trial 260 finished with value: -0.6711853369980674 and parameters: {'n_components': 11, 'degree': 2, 'alpha': 4.79469098691478, 'l1_ratio': 0.24991884272902543, 'max_iter': 98420}. Best is trial 81 with value: 0.5840856075818508.
Trial 261 finished with value: 0.09571343833843445 and parameters: {'n_components': 5, 'degree': 3, 'alpha': 0.005419858899744095, 'l1_ratio': 0.10680209985441125, 'max_iter': 1680}. Best is trial 81 with value: 0.5840856075818508.
Trial 262 finished with value: -1.843019221856167 and parameters: {'n_components': 5, 'degree': 1, 'alpha': 0.0004158039016565488, 'l1_ratio': 0.6796287163745174, 'max_iter': 37770}. Best is trial 81 with value: 0.5840856075818508.
Trial 245 finished with value: 0.17905681573332743 and parameters: {'n_components': 9, 'degree': 2, 'alpha': 0.0008931292550362563, 'l1_ratio': 0.5874646154159398, 'max_iter': 35779}. Best is trial 81 with value: 0.5840856075818508.
Trial 264 finished with value: -0.0501261762046038 and parameters: {'n_components': 10, 'degree': 2, 'alpha': 1.0398172703659327, 'l1_ratio': 0.3546693158094524, 'max_iter': 39789}. Best is trial 81 with value: 0.5840856075818508.
Trial 265 finished with value: -1.8425683251729263 and parameters: {'n_components': 5, 'degree': 1, 'alpha': 0.0024059987969334133, 'l1_ratio': 0.12063417816198196, 'max_iter': 45872}. Best is trial 81 with value: 0.5840856075818508.
Trial 157 finished with value: 0.6510445488047812 and parameters: {'n_components': 10, 'degree': 5, 'alpha': 0.1012125846930626, 'l1_ratio': 0.31322173135190723, 'max_iter': 20425}. Best is trial 157 with value: 0.6510445488047812.
Trial 267 finished with value: -5.1166101043392365 and parameters: {'n_components': 1, 'degree': 1, 'alpha': 0.0008339058878000958, 'l1_ratio': 0.2739288017429067, 'max_iter': 58628}. Best is trial 157 with value: 0.6510445488047812.
Trial 268 finished with value: -2.296131884682121 and parameters: {'n_components': 3, 'degree': 1, 'alpha': 0.006945992690034862, 'l1_ratio': 0.6413354226239385, 'max_iter': 58059}. Best is trial 157 with value: 0.6510445488047812.
Trial 269 finished with value: -4.98674881530233 and parameters: {'n_components': 1, 'degree': 4, 'alpha': 0.14496185094525885, 'l1_ratio': 0.07982176397149332, 'max_iter': 59085}. Best is trial 157 with value: 0.6510445488047812.
Trial 270 finished with value: -1.1267699792478372 and parameters: {'n_components': 10, 'degree': 1, 'alpha': 0.0318424754753262, 'l1_ratio': 0.5529192161236012, 'max_iter': 42909}. Best is trial 157 with value: 0.6510445488047812.
Trial 238 finished with value: 0.2610776630856683 and parameters: {'n_components': 7, 'degree': 4, 'alpha': 0.02080599716916014, 'l1_ratio': 0.256563683732134, 'max_iter': 31086}. Best is trial 157 with value: 0.6510445488047812.
Trial 272 finished with value: -0.024197935552805683 and parameters: {'n_components': 5, 'degree': 2, 'alpha': 0.0034194085138676265, 'l1_ratio': 0.3956674633898265, 'max_iter': 97012}. Best is trial 157 with value: 0.6510445488047812.
Trial 273 finished with value: -0.03563459212498489 and parameters: {'n_components': 7, 'degree': 2, 'alpha': 0.3675997477335565, 'l1_ratio': 0.789265889027609, 'max_iter': 76053}. Best is trial 157 with value: 0.6510445488047812.
Trial 232 finished with value: 0.11104545413516 and parameters: {'n_components': 5, 'degree': 5, 'alpha': 0.7600641928988572, 'l1_ratio': 0.8194777602955046, 'max_iter': 45222}. Best is trial 157 with value: 0.6510445488047812.
Trial 275 finished with value: -2.2968410004122726 and parameters: {'n_components': 3, 'degree': 1, 'alpha': 0.0010073991291870998, 'l1_ratio': 0.6963008112506534, 'max_iter': 24522}. Best is trial 157 with value: 0.6510445488047812.
Trial 276 finished with value: -2.2821466694287023 and parameters: {'n_components': 3, 'degree': 1, 'alpha': 0.08073981717220918, 'l1_ratio': 0.376891806983792, 'max_iter': 8109}. Best is trial 157 with value: 0.6510445488047812.
Trial 277 finished with value: -2.7016841383164794 and parameters: {'n_components': 2, 'degree': 3, 'alpha': 0.0029645677388117505, 'l1_ratio': 0.503328835490326, 'max_iter': 57342}. Best is trial 157 with value: 0.6510445488047812.
Trial 278 finished with value: -5.151971192389502 and parameters: {'n_components': 1, 'degree': 4, 'alpha': 0.3300517631372278, 'l1_ratio': 0.0748898154900779, 'max_iter': 37146}. Best is trial 157 with value: 0.6510445488047812.
Trial 196 finished with value: 0.12244351197069868 and parameters: {'n_components': 4, 'degree': 5, 'alpha': 0.21037033630110982, 'l1_ratio': 0.9891872869673237, 'max_iter': 92382}. Best is trial 157 with value: 0.6510445488047812.
Trial 280 finished with value: 0.17199759029859327 and parameters: {'n_components': 10, 'degree': 2, 'alpha': 0.01991525058372161, 'l1_ratio': 0.4136068553869584, 'max_iter': 2878}. Best is trial 157 with value: 0.6510445488047812.
Trial 281 finished with value: -5.173892274072271 and parameters: {'n_components': 1, 'degree': 5, 'alpha': 8.049259542891026, 'l1_ratio': 0.8285635131347122, 'max_iter': 41296}. Best is trial 157 with value: 0.6510445488047812.
Trial 5 finished with value: 0.238002344776275 and parameters: {'n_components': 9, 'degree': 5, 'alpha': 0.00010038002374954742, 'l1_ratio': 0.8566761117101414, 'max_iter': 50509}. Best is trial 157 with value: 0.6510445488047812.
Trial 283 finished with value: -4.972280868795725 and parameters: {'n_components': 1, 'degree': 3, 'alpha': 0.033557174874995946, 'l1_ratio': 0.9724734464051488, 'max_iter': 29979}. Best is trial 157 with value: 0.6510445488047812.
Trial 284 finished with value: -3.6974627028412015 and parameters: {'n_components': 2, 'degree': 5, 'alpha': 3.047413557549174, 'l1_ratio': 0.3042573221628936, 'max_iter': 42856}. Best is trial 157 with value: 0.6510445488047812.
Trial 285 finished with value: -5.696253873596801 and parameters: {'n_components': 1, 'degree': 2, 'alpha': 5.725886390993765, 'l1_ratio': 0.9981233291137585, 'max_iter': 12918}. Best is trial 157 with value: 0.6510445488047812.
Trial 263 finished with value: 0.1816309429146586 and parameters: {'n_components': 6, 'degree': 3, 'alpha': 0.0033201366070232407, 'l1_ratio': 0.7532678137577596, 'max_iter': 34470}. Best is trial 157 with value: 0.6510445488047812.
Trial 244 finished with value: 0.08465184957869135 and parameters: {'n_components': 3, 'degree': 5, 'alpha': 0.0013196411963167915, 'l1_ratio': 0.5638427152904072, 'max_iter': 86342}. Best is trial 157 with value: 0.6510445488047812.
Trial 287 finished with value: -2.1926048163054195 and parameters: {'n_components': 5, 'degree': 1, 'alpha': 1.5963228732703334, 'l1_ratio': 0.02348283828998521, 'max_iter': 93939}. Best is trial 157 with value: 0.6510445488047812.
Trial 289 finished with value: -0.2519649651374808 and parameters: {'n_components': 11, 'degree': 1, 'alpha': 0.0019627989154862905, 'l1_ratio': 0.015735359014876438, 'max_iter': 72746}. Best is trial 157 with value: 0.6510445488047812.
Trial 290 finished with value: -1.2186695230664568 and parameters: {'n_components': 9, 'degree': 1, 'alpha': 0.6655673307321912, 'l1_ratio': 0.30666860017708175, 'max_iter': 95585}. Best is trial 157 with value: 0.6510445488047812.
Trial 259 finished with value: 0.19399554029237648 and parameters: {'n_components': 4, 'degree': 5, 'alpha': 0.005859144036203298, 'l1_ratio': 0.6660773115142993, 'max_iter': 32309}. Best is trial 157 with value: 0.6510445488047812.
Trial 291 finished with value: -4.741407393051317 and parameters: {'n_components': 1, 'degree': 5, 'alpha': 0.961410672333958, 'l1_ratio': 0.4005660927040944, 'max_iter': 41048}. Best is trial 157 with value: 0.6510445488047812.
Trial 292 finished with value: -1.0774053936038313 and parameters: {'n_components': 9, 'degree': 1, 'alpha': 0.6594732719750126, 'l1_ratio': 0.9625106461108871, 'max_iter': 45239}. Best is trial 157 with value: 0.6510445488047812.
Trial 293 finished with value: -0.25322189107589477 and parameters: {'n_components': 11, 'degree': 1, 'alpha': 0.00014585688138364232, 'l1_ratio': 0.9000216152109448, 'max_iter': 70756}. Best is trial 157 with value: 0.6510445488047812.
Trial 294 finished with value: -2.2969371572575037 and parameters: {'n_components': 3, 'degree': 1, 'alpha': 0.000100098916423326, 'l1_ratio': 0.8908950996350415, 'max_iter': 5950}. Best is trial 157 with value: 0.6510445488047812.
Trial 295 finished with value: -2.911992108084071 and parameters: {'n_components': 2, 'degree': 3, 'alpha': 0.10749760644897187, 'l1_ratio': 0.4090381561614522, 'max_iter': 72290}. Best is trial 157 with value: 0.6510445488047812.
Trial 62 finished with value: 0.6330333101579672 and parameters: {'n_components': 9, 'degree': 5, 'alpha': 0.020699213465392847, 'l1_ratio': 0.2542616836298164, 'max_iter': 53572}. Best is trial 157 with value: 0.6510445488047812.
Trial 298 finished with value: -3.50126655369743 and parameters: {'n_components': 8, 'degree': 1, 'alpha': 8.710031332173664, 'l1_ratio': 0.532965238636402, 'max_iter': 97490}. Best is trial 157 with value: 0.6510445488047812.
Trial 282 finished with value: 0.04363306033319962 and parameters: {'n_components': 6, 'degree': 2, 'alpha': 0.00012768069565203185, 'l1_ratio': 0.09690506351658634, 'max_iter': 48352}. Best is trial 157 with value: 0.6510445488047812.
Trial 300 finished with value: -1.15905950593036 and parameters: {'n_components': 9, 'degree': 1, 'alpha': 0.5950499496545952, 'l1_ratio': 0.45803450069890894, 'max_iter': 24167}. Best is trial 157 with value: 0.6510445488047812.
Trial 296 finished with value: 0.34473358390585546 and parameters: {'n_components': 8, 'degree': 3, 'alpha': 0.430554137245085, 'l1_ratio': 0.972069864691661, 'max_iter': 33037}. Best is trial 157 with value: 0.6510445488047812.
Trial 302 finished with value: 0.12246468367149466 and parameters: {'n_components': 8, 'degree': 2, 'alpha': 0.08290383453795462, 'l1_ratio': 0.4020798119513611, 'max_iter': 23452}. Best is trial 157 with value: 0.6510445488047812.
Trial 301 finished with value: 0.17919514124466393 and parameters: {'n_components': 11, 'degree': 2, 'alpha': 0.005768548638551701, 'l1_ratio': 0.22725891495233896, 'max_iter': 61164}. Best is trial 157 with value: 0.6510445488047812.
Trial 304 finished with value: -1.7692619984442348 and parameters: {'n_components': 8, 'degree': 1, 'alpha': 0.7120038286498526, 'l1_ratio': 0.08654105413487179, 'max_iter': 32867}. Best is trial 157 with value: 0.6510445488047812.
Trial 271 finished with value: 0.03617018408417457 and parameters: {'n_components': 3, 'degree': 4, 'alpha': 0.0013753014163967905, 'l1_ratio': 0.7434003510211682, 'max_iter': 87969}. Best is trial 157 with value: 0.6510445488047812.
