Trial 682 finished with value: -1.7230302757223195 and parameters: {'n_components': 8, 'degree': 1, 'alpha': 0.06557772002567427, 'l1_ratio': 0.7960935047357378, 'max_iter': 86433}. Best is trial 157 with value: 0.6510445488047812.
Trial 683 finished with value: -4.445974455465979 and parameters: {'n_components': 1, 'degree': 5, 'alpha': 0.02084964524783192, 'l1_ratio': 0.7050433528785299, 'max_iter': 10207}. Best is trial 157 with value: 0.6510445488047812.
Trial 644 finished with value: 0.43787552482936515 and parameters: {'n_components': 8, 'degree': 3, 'alpha': 0.0030595028660949713, 'l1_ratio': 0.9948238421924435, 'max_iter': 41383}. Best is trial 157 with value: 0.6510445488047812.
Trial 684 finished with value: -5.721586094937052 and parameters: {'n_components': 1, 'degree': 3, 'alpha': 3.6485496629627, 'l1_ratio': 0.4809383991964288, 'max_iter': 93272}. Best is trial 157 with value: 0.6510445488047812.
Trial 685 finished with value: -2.296888892963696 and parameters: {'n_components': 3, 'degree': 1, 'alpha': 0.00027282138350247036, 'l1_ratio': 0.4234565975990632, 'max_iter': 65787}. Best is trial 157 with value: 0.6510445488047812.
Trial 686 finished with value: -0.9822999916824726 and parameters: {'n_components': 3, 'degree': 2, 'alpha': 0.00013521386325647956, 'l1_ratio': 0.5981487194156909, 'max_iter': 42144}. Best is trial 157 with value: 0.6510445488047812.
Trial 688 finished with value: -4.974164847220445 and parameters: {'n_components': 1, 'degree': 3, 'alpha': 0.007519939090635784, 'l1_ratio': 0.1378004603441123, 'max_iter': 64071}. Best is trial 157 with value: 0.6510445488047812.
Trial 689 finished with value: -4.834701923112148 and parameters: {'n_components': 1, 'degree': 4, 'alpha': 0.00041169413008445167, 'l1_ratio': 0.4127758343499359, 'max_iter': 14492}. Best is trial 157 with value: 0.6510445488047812.
Trial 690 finished with value: -1.033369923769331 and parameters: {'n_components': 9, 'degree': 1, 'alpha': 0.042857872543649124, 'l1_ratio': 0.9897092087269349, 'max_iter': 10804}. Best is trial 157 with value: 0.6510445488047812.
Trial 691 finished with value: -1.8404548454484853 and parameters: {'n_components': 5, 'degree': 1, 'alpha': 0.012234558388801747, 'l1_ratio': 0.03939842970565022, 'max_iter': 31616}. Best is trial 157 with value: 0.6510445488047812.
Trial 692 finished with value: -2.694385293519166 and parameters: {'n_components': 2, 'degree': 3, 'alpha': 0.00018303916888770362, 'l1_ratio': 0.7551931342044071, 'max_iter': 65641}. Best is trial 157 with value: 0.6510445488047812.
Trial 606 finished with value: 0.545580426115668 and parameters: {'n_components': 11, 'degree': 4, 'alpha': 0.14268935990088694, 'l1_ratio': 0.5456366758461216, 'max_iter': 86084}. Best is trial 157 with value: 0.6510445488047812.
Trial 693 finished with value: -0.16853422633531354 and parameters: {'n_components': 11, 'degree': 3, 'alpha': 7.0839004615771675, 'l1_ratio': 0.3428123338542928, 'max_iter': 34901}. Best is trial 157 with value: 0.6510445488047812.
Trial 694 finished with value: -0.660583245094911 and parameters: {'n_components': 7, 'degree': 2, 'alpha': 2.2715336549455447, 'l1_ratio': 0.03224165597927131, 'max_iter': 77143}. Best is trial 157 with value: 0.6510445488047812.
Trial 695 finished with value: 0.010348038333521992 and parameters: {'n_components': 6, 'degree': 2, 'alpha': 0.10014841278917044, 'l1_ratio': 0.5064639574988068, 'max_iter': 84055}. Best is trial 157 with value: 0.6510445488047812.
Trial 697 finished with value: -2.6967881396784894 and parameters: {'n_components': 2, 'degree': 3, 'alpha': 0.0009006365483185359, 'l1_ratio': 0.40131766000802527, 'max_iter': 84707}. Best is trial 157 with value: 0.6510445488047812.
Trial 696 finished with value: -0.6648555110597598 and parameters: {'n_components': 3, 'degree': 5, 'alpha': 3.353358348467167, 'l1_ratio': 0.34122868429415076, 'max_iter': 3787}. Best is trial 157 with value: 0.6510445488047812.
Trial 699 finished with value: -4.835002515500184 and parameters: {'n_components': 1, 'degree': 4, 'alpha': 0.0009387052684519016, 'l1_ratio': 0.4854058542115579, 'max_iter': 73488}. Best is trial 157 with value: 0.6510445488047812.
Trial 658 finished with value: 0.024307542061996056 and parameters: {'n_components': 3, 'degree': 4, 'alpha': 0.008186987749295157, 'l1_ratio': 0.11936657966714281, 'max_iter': 88457}. Best is trial 157 with value: 0.6510445488047812.
Trial 700 finished with value: -1.409188278923683 and parameters: {'n_components': 8, 'degree': 2, 'alpha': 9.786724554148064, 'l1_ratio': 0.6966643464326161, 'max_iter': 36176}. Best is trial 157 with value: 0.6510445488047812.
Trial 701 finished with value: -1.0321180656097797 and parameters: {'n_components': 9, 'degree': 1, 'alpha': 0.010114786491096608, 'l1_ratio': 0.7690982788574316, 'max_iter': 61742}. Best is trial 157 with value: 0.6510445488047812.
Trial 702 finished with value: -1.7241917686813677 and parameters: {'n_components': 8, 'degree': 1, 'alpha': 0.02666816402456816, 'l1_ratio': 0.7150025803747483, 'max_iter': 85887}. Best is trial 157 with value: 0.6510445488047812.
Trial 703 finished with value: -5.6553725680829245 and parameters: {'n_components': 1, 'degree': 3, 'alpha': 2.897091579406589, 'l1_ratio': 0.4795480689773083, 'max_iter': 57892}. Best is trial 157 with value: 0.6510445488047812.
Trial 704 finished with value: -4.896944484939151 and parameters: {'n_components': 2, 'degree': 2, 'alpha': 0.0023871777695245464, 'l1_ratio': 0.31533472658517203, 'max_iter': 30492}. Best is trial 157 with value: 0.6510445488047812.
Trial 446 finished with value: 0.6351009853240661 and parameters: {'n_components': 9, 'degree': 5, 'alpha': 0.2172874129954225, 'l1_ratio': 0.34162825252357076, 'max_iter': 56834}. Best is trial 157 with value: 0.6510445488047812.
Trial 707 finished with value: -2.694282324997239 and parameters: {'n_components': 2, 'degree': 3, 'alpha': 0.00014917441552460636, 'l1_ratio': 0.8379366558626715, 'max_iter': 21378}. Best is trial 157 with value: 0.6510445488047812.
Trial 687 finished with value: -0.2748269889855304 and parameters: {'n_components': 5, 'degree': 5, 'alpha': 8.654613455889411, 'l1_ratio': 0.7436272735268168, 'max_iter': 57724}. Best is trial 157 with value: 0.6510445488047812.
Trial 709 finished with value: -4.8349563927369275 and parameters: {'n_components': 1, 'degree': 4, 'alpha': 0.0006067000309569308, 'l1_ratio': 0.2136734215269036, 'max_iter': 39026}. Best is trial 157 with value: 0.6510445488047812.
Trial 710 finished with value: -0.8046005338452341 and parameters: {'n_components': 3, 'degree': 3, 'alpha': 2.813471459772684, 'l1_ratio': 0.2923342433191406, 'max_iter': 13755}. Best is trial 157 with value: 0.6510445488047812.
Trial 705 finished with value: 0.09066897191656968 and parameters: {'n_components': 6, 'degree': 3, 'alpha': 0.06970986581571817, 'l1_ratio': 0.4947202343157221, 'max_iter': 28693}. Best is trial 157 with value: 0.6510445488047812.
Trial 712 finished with value: -0.22156621768778406 and parameters: {'n_components': 4, 'degree': 2, 'alpha': 0.3541812849525848, 'l1_ratio': 0.6620543488870303, 'max_iter': 44430}. Best is trial 157 with value: 0.6510445488047812.
Trial 713 finished with value: -5.76838132647497 and parameters: {'n_components': 1, 'degree': 2, 'alpha': 0.00018832486627241342, 'l1_ratio': 0.15300907473669612, 'max_iter': 13646}. Best is trial 157 with value: 0.6510445488047812.
Trial 714 finished with value: -1.1959654656083054 and parameters: {'n_components': 9, 'degree': 1, 'alpha': 0.45984799553067274, 'l1_ratio': 0.0023879931026448142, 'max_iter': 13025}. Best is trial 157 with value: 0.6510445488047812.
Trial 715 finished with value: -1.843028910705316 and parameters: {'n_components': 5, 'degree': 1, 'alpha': 0.00015094791016964027, 'l1_ratio': 0.6098184871969415, 'max_iter': 8699}. Best is trial 157 with value: 0.6510445488047812.
Trial 706 finished with value: 0.40060506719875677 and parameters: {'n_components': 9, 'degree': 4, 'alpha': 2.572177009865518, 'l1_ratio': 0.12388450117546934, 'max_iter': 97548}. Best is trial 157 with value: 0.6510445488047812.
Trial 717 finished with value: -0.9971038761346034 and parameters: {'n_components': 3, 'degree': 2, 'alpha': 0.04245617990792382, 'l1_ratio': 0.4625808288986647, 'max_iter': 47600}. Best is trial 157 with value: 0.6510445488047812.
Trial 680 finished with value: 0.45282386756137466 and parameters: {'n_components': 10, 'degree': 3, 'alpha': 0.00015615834498587783, 'l1_ratio': 0.4844029213273787, 'max_iter': 12329}. Best is trial 157 with value: 0.6510445488047812.
Trial 711 finished with value: 0.17610055689387658 and parameters: {'n_components': 9, 'degree': 2, 'alpha': 0.0037991890060959177, 'l1_ratio': 0.6225120077801033, 'max_iter': 27234}. Best is trial 157 with value: 0.6510445488047812.
Trial 656 finished with value: 0.2512126198404208 and parameters: {'n_components': 5, 'degree': 5, 'alpha': 0.00039887995880096146, 'l1_ratio': 0.8578311860882988, 'max_iter': 47049}. Best is trial 157 with value: 0.6510445488047812.
Trial 593 finished with value: 0.35206133351579316 and parameters: {'n_components': 7, 'degree': 5, 'alpha': 0.0002679016843259194, 'l1_ratio': 0.45898095176853615, 'max_iter': 47157}. Best is trial 157 with value: 0.6510445488047812.
Trial 722 finished with value: -5.163276619360045 and parameters: {'n_components': 1, 'degree': 1, 'alpha': 0.8867507390714822, 'l1_ratio': 0.6758147381359869, 'max_iter': 67756}. Best is trial 157 with value: 0.6510445488047812.
Trial 669 finished with value: 0.2967474777304096 and parameters: {'n_components': 10, 'degree': 5, 'alpha': 3.8246503262849165, 'l1_ratio': 0.9251872239365814, 'max_iter': 79217}. Best is trial 157 with value: 0.6510445488047812.
Trial 724 finished with value: -0.3904961198095893 and parameters: {'n_components': 10, 'degree': 3, 'alpha': 8.174978911885733, 'l1_ratio': 0.8779250598267633, 'max_iter': 33304}. Best is trial 157 with value: 0.6510445488047812.
Trial 568 finished with value: 0.623491760489063 and parameters: {'n_components': 9, 'degree': 5, 'alpha': 0.19634744714645752, 'l1_ratio': 0.8039159043798941, 'max_iter': 36071}. Best is trial 157 with value: 0.6510445488047812.
Trial 718 finished with value: 0.1017858758618511 and parameters: {'n_components': 4, 'degree': 4, 'alpha': 0.05062736945573853, 'l1_ratio': 0.3701896621438384, 'max_iter': 33040}. Best is trial 157 with value: 0.6510445488047812.
Trial 727 finished with value: -0.607013124712768 and parameters: {'n_components': 2, 'degree': 5, 'alpha': 0.0035153326859234143, 'l1_ratio': 0.8408470469669329, 'max_iter': 85688}. Best is trial 157 with value: 0.6510445488047812.
Trial 652 finished with value: 0.4377766311212012 and parameters: {'n_components': 8, 'degree': 3, 'alpha': 0.0004933811063524516, 'l1_ratio': 0.09665918388275896, 'max_iter': 66616}. Best is trial 157 with value: 0.6510445488047812.
Trial 729 finished with value: -0.394522343146596 and parameters: {'n_components': 4, 'degree': 2, 'alpha': 0.9994659013257287, 'l1_ratio': 0.8206547395317964, 'max_iter': 93105}. Best is trial 157 with value: 0.6510445488047812.
Trial 728 finished with value: -0.9938008937179661 and parameters: {'n_components': 2, 'degree': 4, 'alpha': 0.01783600297916918, 'l1_ratio': 0.6224361645748783, 'max_iter': 12228}. Best is trial 157 with value: 0.6510445488047812.
Trial 730 finished with value: -1.8530240850600699 and parameters: {'n_components': 3, 'degree': 2, 'alpha': 3.173706629794788, 'l1_ratio': 0.4177478419634929, 'max_iter': 69571}. Best is trial 157 with value: 0.6510445488047812.
Trial 731 finished with value: -4.44182678385318 and parameters: {'n_components': 1, 'degree': 5, 'alpha': 0.00011524562126272583, 'l1_ratio': 0.26203421968326557, 'max_iter': 75706}. Best is trial 157 with value: 0.6510445488047812.
Trial 732 finished with value: -4.896935032048466 and parameters: {'n_components': 2, 'degree': 2, 'alpha': 0.004659044546500687, 'l1_ratio': 0.9930313555912416, 'max_iter': 67657}. Best is trial 157 with value: 0.6510445488047812.
Trial 733 finished with value: -2.979507316464338 and parameters: {'n_components': 2, 'degree': 4, 'alpha': 0.34910109078115337, 'l1_ratio': 0.26878372929593386, 'max_iter': 92179}. Best is trial 157 with value: 0.6510445488047812.
Trial 735 finished with value: -0.023851393537066445 and parameters: {'n_components': 5, 'degree': 2, 'alpha': 0.00013098711580964402, 'l1_ratio': 0.3433900661738729, 'max_iter': 58975}. Best is trial 157 with value: 0.6510445488047812.
Trial 736 finished with value: -0.11755360131831913 and parameters: {'n_components': 3, 'degree': 3, 'alpha': 0.02548003159239097, 'l1_ratio': 0.5193557936803889, 'max_iter': 81931}. Best is trial 157 with value: 0.6510445488047812.
Trial 737 finished with value: -1.8466326996260904 and parameters: {'n_components': 6, 'degree': 1, 'alpha': 0.016078211679193904, 'l1_ratio': 0.04654878673972773, 'max_iter': 33179}. Best is trial 157 with value: 0.6510445488047812.
Trial 673 finished with value: 0.08612201052641277 and parameters: {'n_components': 3, 'degree': 5, 'alpha': 0.00043711714017092814, 'l1_ratio': 0.08270390933276806, 'max_iter': 81842}. Best is trial 157 with value: 0.6510445488047812.
Trial 738 finished with value: 0.037957985378788237 and parameters: {'n_components': 4, 'degree': 3, 'alpha': 0.055232035419299656, 'l1_ratio': 0.36123837436703654, 'max_iter': 93465}. Best is trial 157 with value: 0.6510445488047812.
Trial 739 finished with value: -0.023845549320629423 and parameters: {'n_components': 5, 'degree': 2, 'alpha': 0.0003369493945624475, 'l1_ratio': 0.5580954087027102, 'max_iter': 50665}. Best is trial 157 with value: 0.6510445488047812.
Trial 740 finished with value: 0.15741997110396622 and parameters: {'n_components': 11, 'degree': 2, 'alpha': 0.22438077326708092, 'l1_ratio': 0.14284680067432187, 'max_iter': 83073}. Best is trial 157 with value: 0.6510445488047812.
Trial 741 finished with value: -1.0161078802816492 and parameters: {'n_components': 5, 'degree': 2, 'alpha': 5.970237619041675, 'l1_ratio': 0.6549573598565778, 'max_iter': 50051}. Best is trial 157 with value: 0.6510445488047812.
Trial 742 finished with value: -1.1322200558164743 and parameters: {'n_components': 10, 'degree': 1, 'alpha': 0.2780349881361753, 'l1_ratio': 0.877326326717013, 'max_iter': 8607}. Best is trial 157 with value: 0.6510445488047812.
Trial 618 finished with value: 0.4905836333465502 and parameters: {'n_components': 10, 'degree': 5, 'alpha': 0.00097815119356413, 'l1_ratio': 0.3598306643312321, 'max_iter': 13431}. Best is trial 157 with value: 0.6510445488047812.
Trial 744 finished with value: -4.973727266068739 and parameters: {'n_components': 1, 'degree': 3, 'alpha': 0.028148693096163822, 'l1_ratio': 0.7990048626680979, 'max_iter': 4297}. Best is trial 157 with value: 0.6510445488047812.
Trial 743 finished with value: -2.6951348344098203 and parameters: {'n_components': 2, 'degree': 3, 'alpha': 0.0003952372506822026, 'l1_ratio': 0.4934195602682626, 'max_iter': 90039}. Best is trial 157 with value: 0.6510445488047812.
Trial 745 finished with value: -1.845426662392606 and parameters: {'n_components': 7, 'degree': 1, 'alpha': 0.019189403676734183, 'l1_ratio': 0.9937309440025697, 'max_iter': 52118}. Best is trial 157 with value: 0.6510445488047812.
Trial 746 finished with value: -0.02401780264117056 and parameters: {'n_components': 5, 'degree': 2, 'alpha': 0.0010508714448231248, 'l1_ratio': 0.07117143462986486, 'max_iter': 39108}. Best is trial 157 with value: 0.6510445488047812.
Trial 747 finished with value: 0.1386343455947639 and parameters: {'n_components': 8, 'degree': 2, 'alpha': 0.03882740375522036, 'l1_ratio': 0.5228332298769547, 'max_iter': 2036}. Best is trial 157 with value: 0.6510445488047812.
Trial 749 finished with value: 0.3215663629103213 and parameters: {'n_components': 8, 'degree': 3, 'alpha': 0.36559496738240294, 'l1_ratio': 0.05272499203129033, 'max_iter': 33232}. Best is trial 157 with value: 0.6510445488047812.
Trial 751 finished with value: 0.05788422726569442 and parameters: {'n_components': 5, 'degree': 3, 'alpha': 0.08725205265479542, 'l1_ratio': 0.6417528246182788, 'max_iter': 76826}. Best is trial 157 with value: 0.6510445488047812.
Trial 752 finished with value: -1.323295350901603 and parameters: {'n_components': 4, 'degree': 2, 'alpha': 3.568706039716181, 'l1_ratio': 0.7101330403390587, 'max_iter': 53574}. Best is trial 157 with value: 0.6510445488047812.
Trial 753 finished with value: -0.9173604680012624 and parameters: {'n_components': 2, 'degree': 4, 'alpha': 0.010534762448985808, 'l1_ratio': 0.5434271465159357, 'max_iter': 20405}. Best is trial 157 with value: 0.6510445488047812.
Trial 708 finished with value: 0.24168674383276206 and parameters: {'n_components': 7, 'degree': 3, 'alpha': 0.002736553303964698, 'l1_ratio': 0.9377966712867215, 'max_iter': 41210}. Best is trial 157 with value: 0.6510445488047812.
Trial 755 finished with value: -2.197897801202696 and parameters: {'n_components': 5, 'degree': 1, 'alpha': 2.0613301488152014, 'l1_ratio': 0.31542212248429935, 'max_iter': 50716}. Best is trial 157 with value: 0.6510445488047812.
Trial 756 finished with value: 0.05130212416955976 and parameters: {'n_components': 7, 'degree': 2, 'alpha': 0.0011197718961404005, 'l1_ratio': 0.16457729382239505, 'max_iter': 54859}. Best is trial 157 with value: 0.6510445488047812.
Trial 757 finished with value: -0.2528934800164441 and parameters: {'n_components': 11, 'degree': 1, 'alpha': 0.000850498110806607, 'l1_ratio': 0.42883249018439673, 'max_iter': 53493}. Best is trial 157 with value: 0.6510445488047812.
Trial 721 finished with value: 0.14344934788837643 and parameters: {'n_components': 7, 'degree': 3, 'alpha': 0.016655764878819822, 'l1_ratio': 0.19757754039965847, 'max_iter': 59805}. Best is trial 157 with value: 0.6510445488047812.
Trial 759 finished with value: -1.828461620025843 and parameters: {'n_components': 7, 'degree': 1, 'alpha': 0.09536287704322437, 'l1_ratio': 0.03227721711414944, 'max_iter': 38715}. Best is trial 157 with value: 0.6510445488047812.
Trial 674 finished with value: 0.21612014712564487 and parameters: {'n_components': 5, 'degree': 5, 'alpha': 0.051299723664990034, 'l1_ratio': 0.3063215453902498, 'max_iter': 54478}. Best is trial 157 with value: 0.6510445488047812.
Trial 761 finished with value: -0.5845746597989111 and parameters: {'n_components': 8, 'degree': 2, 'alpha': 2.9039123575060715, 'l1_ratio': 0.548703380563225, 'max_iter': 29917}. Best is trial 157 with value: 0.6510445488047812.
Trial 762 finished with value: -5.059131697441768 and parameters: {'n_components': 1, 'degree': 3, 'alpha': 1.039115635392746, 'l1_ratio': 0.872621442858901, 'max_iter': 95072}. Best is trial 157 with value: 0.6510445488047812.
Trial 763 finished with value: -1.8495906225412766 and parameters: {'n_components': 6, 'degree': 1, 'alpha': 0.002346214753974607, 'l1_ratio': 0.1093189267682867, 'max_iter': 45722}. Best is trial 157 with value: 0.6510445488047812.
Trial 764 finished with value: 0.16606239572362097 and parameters: {'n_components': 9, 'degree': 2, 'alpha': 0.08518560492875751, 'l1_ratio': 0.6365502826892417, 'max_iter': 24093}. Best is trial 157 with value: 0.6510445488047812.
Trial 478 finished with value: 0.6333099741042314 and parameters: {'n_components': 8, 'degree': 5, 'alpha': 0.006838592501724412, 'l1_ratio': 0.6146570487938622, 'max_iter': 87763}. Best is trial 157 with value: 0.6510445488047812.
Trial 766 finished with value: -4.896833951409143 and parameters: {'n_components': 2, 'degree': 2, 'alpha': 0.006928283803076388, 'l1_ratio': 0.4007487630003732, 'max_iter': 35853}. Best is trial 157 with value: 0.6510445488047812.
Trial 767 finished with value: -0.0468417781473376 and parameters: {'n_components': 5, 'degree': 2, 'alpha': 0.18529813093892816, 'l1_ratio': 0.9115120116511477, 'max_iter': 75826}. Best is trial 157 with value: 0.6510445488047812.
Trial 768 finished with value: -1.433540712544503 and parameters: {'n_components': 3, 'degree': 2, 'alpha': 1.2386863823121799, 'l1_ratio': 0.4876441182760666, 'max_iter': 31170}. Best is trial 157 with value: 0.6510445488047812.
Trial 239 finished with value: 0.5912966416743335 and parameters: {'n_components': 9, 'degree': 5, 'alpha': 0.0004822576585696057, 'l1_ratio': 0.11071648895102226, 'max_iter': 95234}. Best is trial 157 with value: 0.6510445488047812.
Trial 770 finished with value: -4.89697223539137 and parameters: {'n_components': 2, 'degree': 2, 'alpha': 0.0012145742629814404, 'l1_ratio': 0.15034224935061524, 'max_iter': 27681}. Best is trial 157 with value: 0.6510445488047812.
Trial 716 finished with value: 0.16532059822752315 and parameters: {'n_components': 6, 'degree': 5, 'alpha': 0.7209224809439687, 'l1_ratio': 0.959184632726385, 'max_iter': 62394}. Best is trial 157 with value: 0.6510445488047812.
Trial 772 finished with value: 0.4247976474289855 and parameters: {'n_components': 10, 'degree': 3, 'alpha': 0.08338663971238366, 'l1_ratio': 0.4350638935594471, 'max_iter': 31066}. Best is trial 157 with value: 0.6510445488047812.
Trial 773 finished with value: -5.0756957910316665 and parameters: {'n_components': 2, 'degree': 1, 'alpha': 0.001650202471800306, 'l1_ratio': 0.7841874995030402, 'max_iter': 7296}. Best is trial 157 with value: 0.6510445488047812.
Trial 769 finished with value: 0.4787656099378279 and parameters: {'n_components': 9, 'degree': 4, 'alpha': 0.3896171530459952, 'l1_ratio': 0.9445637672242179, 'max_iter': 24342}. Best is trial 157 with value: 0.6510445488047812.
Trial 775 finished with value: 0.16400873791041617 and parameters: {'n_components': 9, 'degree': 2, 'alpha': 0.10733190539246544, 'l1_ratio': 0.6640573284999871, 'max_iter': 75718}. Best is trial 157 with value: 0.6510445488047812.
