Trial 163 finished with value: 0.85463085590739 and parameters: {'max_depth': 199}. Best is trial 105 with value: 0.8576682943445129.
Trial 162 finished with value: 0.8486466109809214 and parameters: {'max_depth': 142}. Best is trial 105 with value: 0.8576682943445129.
Trial 161 finished with value: 0.7544461828001212 and parameters: {'max_depth': 9}. Best is trial 105 with value: 0.8576682943445129.
Trial 171 finished with value: 0.8456091725437985 and parameters: {'max_depth': 83}. Best is trial 105 with value: 0.8576682943445129.
Trial 164 finished with value: 0.8477334364086819 and parameters: {'max_depth': 45}. Best is trial 105 with value: 0.8576682943445129.
Trial 175 finished with value: 0.85463085590739 and parameters: {'max_depth': 168}. Best is trial 105 with value: 0.8576682943445129.
Trial 167 finished with value: 0.85463085590739 and parameters: {'max_depth': 161}. Best is trial 105 with value: 0.8576682943445129.
Trial 177 finished with value: 0.85463085590739 and parameters: {'max_depth': 188}. Best is trial 105 with value: 0.8576682943445129.
Trial 170 finished with value: 0.85463085590739 and parameters: {'max_depth': 167}. Best is trial 105 with value: 0.8576682943445129.
Trial 169 finished with value: 0.8456091725437985 and parameters: {'max_depth': 98}. Best is trial 105 with value: 0.8576682943445129.
Trial 172 finished with value: 0.07866617431699886 and parameters: {'max_depth': 4}. Best is trial 105 with value: 0.8576682943445129.
Trial 173 finished with value: 0.8477334364086819 and parameters: {'max_depth': 51}. Best is trial 105 with value: 0.8576682943445129.
Trial 176 finished with value: 0.8486466109809214 and parameters: {'max_depth': 76}. Best is trial 105 with value: 0.8576682943445129.
Trial 182 finished with value: 0.8456091725437985 and parameters: {'max_depth': 180}. Best is trial 105 with value: 0.8576682943445129.
Trial 183 finished with value: 0.8456091725437985 and parameters: {'max_depth': 122}. Best is trial 105 with value: 0.8576682943445129.
Trial 180 finished with value: 0.85463085590739 and parameters: {'max_depth': 120}. Best is trial 105 with value: 0.8576682943445129.
Trial 174 finished with value: 0.8495518875183181 and parameters: {'max_depth': 26}. Best is trial 105 with value: 0.8576682943445129.
Trial 181 finished with value: 0.85463085590739 and parameters: {'max_depth': 148}. Best is trial 105 with value: 0.8576682943445129.
Trial 179 finished with value: 0.8477334364086819 and parameters: {'max_depth': 185}. Best is trial 105 with value: 0.8576682943445129.
Trial 188 finished with value: 0.8567551197722734 and parameters: {'max_depth': 140}. Best is trial 105 with value: 0.8576682943445129.
Trial 186 finished with value: 0.8567551197722734 and parameters: {'max_depth': 82}. Best is trial 105 with value: 0.8576682943445129.
Trial 184 finished with value: 0.8567551197722734 and parameters: {'max_depth': 108}. Best is trial 105 with value: 0.8576682943445129.
Trial 197 finished with value: 0.8456091725437985 and parameters: {'max_depth': 48}. Best is trial 105 with value: 0.8576682943445129.
Trial 178 finished with value: 0.85463085590739 and parameters: {'max_depth': 62}. Best is trial 105 with value: 0.8576682943445129.
Trial 195 finished with value: 0.8456091725437985 and parameters: {'max_depth': 43}. Best is trial 105 with value: 0.8576682943445129.
Trial 193 finished with value: 0.8456091725437985 and parameters: {'max_depth': 103}. Best is trial 105 with value: 0.8576682943445129.
Trial 192 finished with value: 0.8567551197722734 and parameters: {'max_depth': 182}. Best is trial 105 with value: 0.8576682943445129.
Trial 187 finished with value: 0.8456091725437985 and parameters: {'max_depth': 171}. Best is trial 105 with value: 0.8576682943445129.
Trial 199 finished with value: 0.85463085590739 and parameters: {'max_depth': 104}. Best is trial 105 with value: 0.8576682943445129.
Trial 196 finished with value: 0.7544461828001212 and parameters: {'max_depth': 9}. Best is trial 105 with value: 0.8576682943445129.
Trial 185 finished with value: 0.8456091725437985 and parameters: {'max_depth': 106}. Best is trial 105 with value: 0.8576682943445129.
Trial 189 finished with value: 0.85463085590739 and parameters: {'max_depth': 89}. Best is trial 105 with value: 0.8576682943445129.
Trial 194 finished with value: 0.85463085590739 and parameters: {'max_depth': 110}. Best is trial 105 with value: 0.8576682943445129.
Trial 198 finished with value: 0.85463085590739 and parameters: {'max_depth': 157}. Best is trial 105 with value: 0.8576682943445129.
Trial 191 finished with value: 0.85463085590739 and parameters: {'max_depth': 172}. Best is trial 105 with value: 0.8576682943445129.
Trial 190 finished with value: 0.8477235515865935 and parameters: {'max_depth': 13}. Best is trial 105 with value: 0.8576682943445129.
