A new study created in RDB with name: DecisionTreeRegressor_173819
Trial 18 finished with value: 0.8456091725437985 and parameters: {'max_depth': 78}. Best is trial 10 with value: 0.85463085590739.
Trial 4 finished with value: 0.8456091725437985 and parameters: {'max_depth': 146}. Best is trial 10 with value: 0.85463085590739.
Trial 1 finished with value: 0.8456091725437985 and parameters: {'max_depth': 80}. Best is trial 10 with value: 0.85463085590739.
Trial 20 finished with value: 0.8227940956732316 and parameters: {'max_depth': 11}. Best is trial 10 with value: 0.85463085590739.
Trial 6 finished with value: 0.85463085590739 and parameters: {'max_depth': 50}. Best is trial 10 with value: 0.85463085590739.
Trial 9 finished with value: 0.85463085590739 and parameters: {'max_depth': 30}. Best is trial 10 with value: 0.85463085590739.
Trial 14 finished with value: 0.8456091725437985 and parameters: {'max_depth': 143}. Best is trial 10 with value: 0.85463085590739.
Trial 3 finished with value: 0.85463085590739 and parameters: {'max_depth': 33}. Best is trial 10 with value: 0.85463085590739.
Trial 17 finished with value: 0.8456091725437985 and parameters: {'max_depth': 15}. Best is trial 10 with value: 0.85463085590739.
Trial 13 finished with value: 0.85463085590739 and parameters: {'max_depth': 94}. Best is trial 10 with value: 0.85463085590739.
Trial 8 finished with value: 0.8477334364086819 and parameters: {'max_depth': 163}. Best is trial 10 with value: 0.85463085590739.
Trial 2 finished with value: 0.85463085590739 and parameters: {'max_depth': 60}. Best is trial 10 with value: 0.85463085590739.
Trial 15 finished with value: 0.8456091725437985 and parameters: {'max_depth': 54}. Best is trial 10 with value: 0.85463085590739.
Trial 12 finished with value: 0.8456091725437985 and parameters: {'max_depth': 107}. Best is trial 10 with value: 0.85463085590739.
Trial 10 finished with value: 0.85463085590739 and parameters: {'max_depth': 67}. Best is trial 10 with value: 0.85463085590739.
Trial 5 finished with value: 0.8477334364086819 and parameters: {'max_depth': 138}. Best is trial 10 with value: 0.85463085590739.
Trial 7 finished with value: 0.8477334364086819 and parameters: {'max_depth': 117}. Best is trial 10 with value: 0.85463085590739.
Trial 19 finished with value: 0.8456091725437985 and parameters: {'max_depth': 33}. Best is trial 10 with value: 0.85463085590739.
Trial 0 finished with value: 0.8456091725437985 and parameters: {'max_depth': 90}. Best is trial 10 with value: 0.85463085590739.
Trial 16 finished with value: 0.85463085590739 and parameters: {'max_depth': 183}. Best is trial 10 with value: 0.85463085590739.
Trial 23 finished with value: 0.85463085590739 and parameters: {'max_depth': 157}. Best is trial 10 with value: 0.85463085590739.
Trial 21 finished with value: 0.85463085590739 and parameters: {'max_depth': 86}. Best is trial 22 with value: 0.8567551197722734.
Trial 22 finished with value: 0.8567551197722734 and parameters: {'max_depth': 71}. Best is trial 22 with value: 0.8567551197722734.
Trial 25 finished with value: 0.8567551197722734 and parameters: {'max_depth': 57}. Best is trial 22 with value: 0.8567551197722734.
Trial 24 finished with value: 0.8456091725437985 and parameters: {'max_depth': 72}. Best is trial 22 with value: 0.8567551197722734.
Trial 11 finished with value: 0.85463085590739 and parameters: {'max_depth': 122}. Best is trial 22 with value: 0.8567551197722734.
Trial 26 finished with value: 0.8456091725437985 and parameters: {'max_depth': 72}. Best is trial 22 with value: 0.8567551197722734.
Trial 29 finished with value: 0.8567551197722734 and parameters: {'max_depth': 78}. Best is trial 22 with value: 0.8567551197722734.
Trial 35 finished with value: 0.8477334364086819 and parameters: {'max_depth': 130}. Best is trial 22 with value: 0.8567551197722734.
Trial 31 finished with value: 0.8456091725437985 and parameters: {'max_depth': 41}. Best is trial 22 with value: 0.8567551197722734.
Trial 33 finished with value: 0.8495518875183181 and parameters: {'max_depth': 153}. Best is trial 22 with value: 0.8567551197722734.
Trial 32 finished with value: 0.8486466109809214 and parameters: {'max_depth': 90}. Best is trial 22 with value: 0.8567551197722734.
Trial 39 finished with value: 0.5496164330063569 and parameters: {'max_depth': 7}. Best is trial 22 with value: 0.8567551197722734.
Trial 30 finished with value: 0.8456091725437985 and parameters: {'max_depth': 85}. Best is trial 22 with value: 0.8567551197722734.
Trial 34 finished with value: 0.8456091725437985 and parameters: {'max_depth': 118}. Best is trial 22 with value: 0.8567551197722734.
Trial 27 finished with value: 0.8456091725437985 and parameters: {'max_depth': 143}. Best is trial 22 with value: 0.8567551197722734.
Trial 37 finished with value: 0.8456091725437985 and parameters: {'max_depth': 141}. Best is trial 22 with value: 0.8567551197722734.
Trial 41 finished with value: 0.8456091725437985 and parameters: {'max_depth': 76}. Best is trial 22 with value: 0.8567551197722734.
Trial 47 finished with value: 0.85463085590739 and parameters: {'max_depth': 85}. Best is trial 22 with value: 0.8567551197722734.
Trial 44 finished with value: 0.8456091725437985 and parameters: {'max_depth': 157}. Best is trial 22 with value: 0.8567551197722734.
Trial 40 finished with value: 0.85463085590739 and parameters: {'max_depth': 57}. Best is trial 22 with value: 0.8567551197722734.
Trial 42 finished with value: 0.85463085590739 and parameters: {'max_depth': 46}. Best is trial 22 with value: 0.8567551197722734.
Trial 46 finished with value: 0.8456091725437985 and parameters: {'max_depth': 115}. Best is trial 22 with value: 0.8567551197722734.
Trial 36 finished with value: 0.8567551197722734 and parameters: {'max_depth': 94}. Best is trial 22 with value: 0.8567551197722734.
Trial 38 finished with value: 0.85463085590739 and parameters: {'max_depth': 90}. Best is trial 22 with value: 0.8567551197722734.
Trial 43 finished with value: 0.85463085590739 and parameters: {'max_depth': 130}. Best is trial 22 with value: 0.8567551197722734.
Trial 28 finished with value: 0.8456091725437985 and parameters: {'max_depth': 126}. Best is trial 22 with value: 0.8567551197722734.
Trial 49 finished with value: 0.8456091725437985 and parameters: {'max_depth': 103}. Best is trial 22 with value: 0.8567551197722734.
Trial 55 finished with value: 0.8477334364086819 and parameters: {'max_depth': 187}. Best is trial 22 with value: 0.8567551197722734.
Trial 50 finished with value: 0.8456091725437985 and parameters: {'max_depth': 31}. Best is trial 22 with value: 0.8567551197722734.
Trial 52 finished with value: 0.8477334364086819 and parameters: {'max_depth': 72}. Best is trial 22 with value: 0.8567551197722734.
Trial 57 finished with value: 0.8456091725437985 and parameters: {'max_depth': 120}. Best is trial 22 with value: 0.8567551197722734.
Trial 45 finished with value: 0.8567551197722734 and parameters: {'max_depth': 44}. Best is trial 22 with value: 0.8567551197722734.
Trial 54 finished with value: 0.8456091725437985 and parameters: {'max_depth': 145}. Best is trial 22 with value: 0.8567551197722734.
Trial 56 finished with value: 0.8456091725437985 and parameters: {'max_depth': 103}. Best is trial 22 with value: 0.8567551197722734.
Trial 53 finished with value: 0.8567551197722734 and parameters: {'max_depth': 94}. Best is trial 22 with value: 0.8567551197722734.
Trial 58 finished with value: 0.8456091725437985 and parameters: {'max_depth': 42}. Best is trial 22 with value: 0.8567551197722734.
Trial 61 finished with value: 0.8456091725437985 and parameters: {'max_depth': 63}. Best is trial 22 with value: 0.8567551197722734.
Trial 62 finished with value: 0.85463085590739 and parameters: {'max_depth': 123}. Best is trial 22 with value: 0.8567551197722734.
Trial 64 finished with value: 0.85463085590739 and parameters: {'max_depth': 137}. Best is trial 22 with value: 0.8567551197722734.
Trial 51 finished with value: 0.8567551197722734 and parameters: {'max_depth': 144}. Best is trial 22 with value: 0.8567551197722734.
Trial 60 finished with value: 0.831815779036823 and parameters: {'max_depth': 11}. Best is trial 22 with value: 0.8567551197722734.
Trial 69 finished with value: 0.8456091725437985 and parameters: {'max_depth': 189}. Best is trial 22 with value: 0.8567551197722734.
Trial 59 finished with value: 0.8477334364086819 and parameters: {'max_depth': 121}. Best is trial 22 with value: 0.8567551197722734.
Trial 63 finished with value: 0.8564493070170262 and parameters: {'max_depth': 142}. Best is trial 22 with value: 0.8567551197722734.
Trial 68 finished with value: 0.85463085590739 and parameters: {'max_depth': 94}. Best is trial 22 with value: 0.8567551197722734.
Trial 66 finished with value: 0.8456091725437985 and parameters: {'max_depth': 18}. Best is trial 22 with value: 0.8567551197722734.
Trial 70 finished with value: 0.8456091725437985 and parameters: {'max_depth': 155}. Best is trial 22 with value: 0.8567551197722734.
Trial 74 finished with value: 0.5496164330063569 and parameters: {'max_depth': 7}. Best is trial 22 with value: 0.8567551197722734.
Trial 65 finished with value: 0.85463085590739 and parameters: {'max_depth': 90}. Best is trial 22 with value: 0.8567551197722734.
Trial 48 finished with value: 0.85463085590739 and parameters: {'max_depth': 168}. Best is trial 22 with value: 0.8567551197722734.
Trial 78 finished with value: 0.85463085590739 and parameters: {'max_depth': 70}. Best is trial 22 with value: 0.8567551197722734.
Trial 82 finished with value: 0.85463085590739 and parameters: {'max_depth': 36}. Best is trial 22 with value: 0.8567551197722734.
Trial 76 finished with value: 0.8477334364086819 and parameters: {'max_depth': 185}. Best is trial 22 with value: 0.8567551197722734.
Trial 71 finished with value: 0.8456091725437985 and parameters: {'max_depth': 46}. Best is trial 22 with value: 0.8567551197722734.
Trial 80 finished with value: 0.8477334364086819 and parameters: {'max_depth': 49}. Best is trial 22 with value: 0.8567551197722734.
Trial 83 finished with value: 0.85463085590739 and parameters: {'max_depth': 41}. Best is trial 22 with value: 0.8567551197722734.
Trial 73 finished with value: 0.8456091725437985 and parameters: {'max_depth': 36}. Best is trial 22 with value: 0.8567551197722734.
Trial 79 finished with value: 0.8567551197722734 and parameters: {'max_depth': 94}. Best is trial 22 with value: 0.8567551197722734.
Trial 75 finished with value: 0.85463085590739 and parameters: {'max_depth': 129}. Best is trial 22 with value: 0.8567551197722734.
Trial 67 finished with value: 0.8567551197722734 and parameters: {'max_depth': 74}. Best is trial 22 with value: 0.8567551197722734.
Trial 72 finished with value: 0.85463085590739 and parameters: {'max_depth': 198}. Best is trial 22 with value: 0.8567551197722734.
Trial 85 finished with value: 0.8456091725437985 and parameters: {'max_depth': 164}. Best is trial 22 with value: 0.8567551197722734.
Trial 81 finished with value: 0.8477334364086819 and parameters: {'max_depth': 190}. Best is trial 22 with value: 0.8567551197722734.
Trial 77 finished with value: 0.8456091725437985 and parameters: {'max_depth': 145}. Best is trial 22 with value: 0.8567551197722734.
Trial 90 finished with value: 0.8456091725437985 and parameters: {'max_depth': 160}. Best is trial 22 with value: 0.8567551197722734.
Trial 88 finished with value: 0.8456091725437985 and parameters: {'max_depth': 115}. Best is trial 22 with value: 0.8567551197722734.
Trial 87 finished with value: 0.8456091725437985 and parameters: {'max_depth': 171}. Best is trial 22 with value: 0.8567551197722734.
Trial 89 finished with value: 0.8456091725437985 and parameters: {'max_depth': 46}. Best is trial 22 with value: 0.8567551197722734.
Trial 92 finished with value: 0.8456091725437985 and parameters: {'max_depth': 24}. Best is trial 22 with value: 0.8567551197722734.
Trial 84 finished with value: 0.8456091725437985 and parameters: {'max_depth': 140}. Best is trial 22 with value: 0.8567551197722734.
Trial 94 finished with value: 0.8564493070170262 and parameters: {'max_depth': 129}. Best is trial 22 with value: 0.8567551197722734.
Trial 91 finished with value: 0.8456091725437985 and parameters: {'max_depth': 104}. Best is trial 22 with value: 0.8567551197722734.
Trial 93 finished with value: 0.85463085590739 and parameters: {'max_depth': 37}. Best is trial 22 with value: 0.8567551197722734.
Trial 95 finished with value: 0.8456091725437985 and parameters: {'max_depth': 161}. Best is trial 22 with value: 0.8567551197722734.
Trial 108 finished with value: 0.8456091725437985 and parameters: {'max_depth': 131}. Best is trial 22 with value: 0.8567551197722734.
Trial 101 finished with value: 0.85463085590739 and parameters: {'max_depth': 171}. Best is trial 22 with value: 0.8567551197722734.
Trial 99 finished with value: 0.8567551197722734 and parameters: {'max_depth': 52}. Best is trial 105 with value: 0.8576682943445129.
Trial 106 finished with value: 0.85463085590739 and parameters: {'max_depth': 26}. Best is trial 105 with value: 0.8576682943445129.
Trial 97 finished with value: 0.8456091725437985 and parameters: {'max_depth': 42}. Best is trial 105 with value: 0.8576682943445129.
Trial 102 finished with value: 0.8456091725437985 and parameters: {'max_depth': 32}. Best is trial 105 with value: 0.8576682943445129.
Trial 98 finished with value: 0.85463085590739 and parameters: {'max_depth': 173}. Best is trial 105 with value: 0.8576682943445129.
Trial 105 finished with value: 0.8576682943445129 and parameters: {'max_depth': 42}. Best is trial 105 with value: 0.8576682943445129.
Trial 110 finished with value: 0.85463085590739 and parameters: {'max_depth': 65}. Best is trial 105 with value: 0.8576682943445129.
Trial 86 finished with value: 0.8456091725437985 and parameters: {'max_depth': 37}. Best is trial 105 with value: 0.8576682943445129.
Trial 112 finished with value: 0.85463085590739 and parameters: {'max_depth': 87}. Best is trial 105 with value: 0.8576682943445129.
Trial 104 finished with value: 0.8567551197722734 and parameters: {'max_depth': 150}. Best is trial 105 with value: 0.8576682943445129.
Trial 107 finished with value: 0.85463085590739 and parameters: {'max_depth': 187}. Best is trial 105 with value: 0.8576682943445129.
Trial 100 finished with value: 0.85463085590739 and parameters: {'max_depth': 120}. Best is trial 105 with value: 0.8576682943445129.
Trial 115 finished with value: 0.8456091725437985 and parameters: {'max_depth': 74}. Best is trial 105 with value: 0.8576682943445129.
Trial 109 finished with value: 0.8456091725437985 and parameters: {'max_depth': 162}. Best is trial 105 with value: 0.8576682943445129.
Trial 103 finished with value: 0.8567551197722734 and parameters: {'max_depth': 23}. Best is trial 105 with value: 0.8576682943445129.
Trial 96 finished with value: 0.8567551197722734 and parameters: {'max_depth': 116}. Best is trial 105 with value: 0.8576682943445129.
Trial 114 finished with value: -0.08700839442240452 and parameters: {'max_depth': 3}. Best is trial 105 with value: 0.8576682943445129.
Trial 116 finished with value: 0.8456091725437985 and parameters: {'max_depth': 99}. Best is trial 105 with value: 0.8576682943445129.
Trial 118 finished with value: 0.8564493070170262 and parameters: {'max_depth': 158}. Best is trial 105 with value: 0.8576682943445129.
Trial 111 finished with value: 0.85463085590739 and parameters: {'max_depth': 75}. Best is trial 105 with value: 0.8576682943445129.
Trial 119 finished with value: 0.8456091725437985 and parameters: {'max_depth': 91}. Best is trial 105 with value: 0.8576682943445129.
Trial 113 finished with value: 0.8456091725437985 and parameters: {'max_depth': 179}. Best is trial 105 with value: 0.8576682943445129.
Trial 121 finished with value: 0.8456091725437985 and parameters: {'max_depth': 76}. Best is trial 105 with value: 0.8576682943445129.
Trial 123 finished with value: 0.8456091725437985 and parameters: {'max_depth': 189}. Best is trial 105 with value: 0.8576682943445129.
Trial 127 finished with value: 0.8456091725437985 and parameters: {'max_depth': 144}. Best is trial 105 with value: 0.8576682943445129.
Trial 126 finished with value: 0.8474276236534347 and parameters: {'max_depth': 28}. Best is trial 105 with value: 0.8576682943445129.
Trial 129 finished with value: 0.8456091725437985 and parameters: {'max_depth': 23}. Best is trial 105 with value: 0.8576682943445129.
Trial 131 finished with value: 0.8456091725437985 and parameters: {'max_depth': 112}. Best is trial 105 with value: 0.8576682943445129.
Trial 132 finished with value: 0.85463085590739 and parameters: {'max_depth': 85}. Best is trial 105 with value: 0.8576682943445129.
Trial 122 finished with value: 0.5496164330063568 and parameters: {'max_depth': 7}. Best is trial 105 with value: 0.8576682943445129.
Trial 120 finished with value: 0.85463085590739 and parameters: {'max_depth': 102}. Best is trial 105 with value: 0.8576682943445129.
Trial 125 finished with value: 0.8456091725437985 and parameters: {'max_depth': 165}. Best is trial 105 with value: 0.8576682943445129.
Trial 139 finished with value: 0.8567551197722734 and parameters: {'max_depth': 166}. Best is trial 105 with value: 0.8576682943445129.
Trial 136 finished with value: 0.8477334364086819 and parameters: {'max_depth': 49}. Best is trial 105 with value: 0.8576682943445129.
Trial 138 finished with value: 0.8456091725437985 and parameters: {'max_depth': 180}. Best is trial 105 with value: 0.8576682943445129.
Trial 124 finished with value: 0.8567551197722734 and parameters: {'max_depth': 36}. Best is trial 105 with value: 0.8576682943445129.
Trial 117 finished with value: 0.8437490613703039 and parameters: {'max_depth': 12}. Best is trial 105 with value: 0.8576682943445129.
Trial 130 finished with value: 0.8567551197722734 and parameters: {'max_depth': 133}. Best is trial 105 with value: 0.8576682943445129.
Trial 133 finished with value: 0.8456091725437985 and parameters: {'max_depth': 98}. Best is trial 105 with value: 0.8576682943445129.
Trial 141 finished with value: 0.8456091725437985 and parameters: {'max_depth': 88}. Best is trial 105 with value: 0.8576682943445129.
Trial 135 finished with value: 0.8567551197722734 and parameters: {'max_depth': 129}. Best is trial 105 with value: 0.8576682943445129.
Trial 137 finished with value: 0.8456091725437985 and parameters: {'max_depth': 83}. Best is trial 105 with value: 0.8576682943445129.
Trial 128 finished with value: 0.8567551197722734 and parameters: {'max_depth': 21}. Best is trial 105 with value: 0.8576682943445129.
Trial 143 finished with value: 0.85463085590739 and parameters: {'max_depth': 161}. Best is trial 105 with value: 0.8576682943445129.
Trial 149 finished with value: 0.8456091725437985 and parameters: {'max_depth': 178}. Best is trial 105 with value: 0.8576682943445129.
Trial 140 finished with value: -0.0870083944224046 and parameters: {'max_depth': 3}. Best is trial 105 with value: 0.8576682943445129.
Trial 148 finished with value: 0.85463085590739 and parameters: {'max_depth': 56}. Best is trial 105 with value: 0.8576682943445129.
Trial 147 finished with value: 0.8456091725437985 and parameters: {'max_depth': 134}. Best is trial 105 with value: 0.8576682943445129.
Trial 154 finished with value: 0.8477334364086819 and parameters: {'max_depth': 145}. Best is trial 105 with value: 0.8576682943445129.
Trial 145 finished with value: 0.8474276236534347 and parameters: {'max_depth': 185}. Best is trial 105 with value: 0.8576682943445129.
Trial 158 finished with value: 0.85463085590739 and parameters: {'max_depth': 88}. Best is trial 105 with value: 0.8576682943445129.
Trial 153 finished with value: 0.85463085590739 and parameters: {'max_depth': 144}. Best is trial 105 with value: 0.8576682943445129.
Trial 151 finished with value: 0.8456091725437985 and parameters: {'max_depth': 128}. Best is trial 105 with value: 0.8576682943445129.
Trial 156 finished with value: 0.8456091725437985 and parameters: {'max_depth': 126}. Best is trial 105 with value: 0.8576682943445129.
Trial 134 finished with value: 0.8576682943445129 and parameters: {'max_depth': 82}. Best is trial 105 with value: 0.8576682943445129.
Trial 150 finished with value: 0.85463085590739 and parameters: {'max_depth': 116}. Best is trial 105 with value: 0.8576682943445129.
Trial 146 finished with value: 0.8567551197722734 and parameters: {'max_depth': 49}. Best is trial 105 with value: 0.8576682943445129.
Trial 155 finished with value: 0.8486466109809214 and parameters: {'max_depth': 128}. Best is trial 105 with value: 0.8576682943445129.
Trial 144 finished with value: 0.8456091725437985 and parameters: {'max_depth': 190}. Best is trial 105 with value: 0.8576682943445129.
Trial 157 finished with value: 0.8567551197722734 and parameters: {'max_depth': 170}. Best is trial 105 with value: 0.8576682943445129.
Trial 165 finished with value: 0.8456091725437985 and parameters: {'max_depth': 111}. Best is trial 105 with value: 0.8576682943445129.
Trial 160 finished with value: 0.8456091725437985 and parameters: {'max_depth': 95}. Best is trial 105 with value: 0.8576682943445129.
Trial 159 finished with value: 0.85463085590739 and parameters: {'max_depth': 156}. Best is trial 105 with value: 0.8576682943445129.
Trial 142 finished with value: 0.85463085590739 and parameters: {'max_depth': 121}. Best is trial 105 with value: 0.8576682943445129.
Trial 152 finished with value: 0.8576682943445129 and parameters: {'max_depth': 164}. Best is trial 105 with value: 0.8576682943445129.
Trial 168 finished with value: 0.8456091725437985 and parameters: {'max_depth': 175}. Best is trial 105 with value: 0.8576682943445129.
Trial 166 finished with value: 0.85463085590739 and parameters: {'max_depth': 64}. Best is trial 105 with value: 0.8576682943445129.
