Trial 3827 finished with value: -10950644521111.61 and parameters: {'max_depth': 10, 'min_child_weight': 1, 'gamma': 0.5079777653439119, 'subsample': 0.17656867688188893, 'colsample_bytree': 0.4031384750281952, 'learning_rate': 0.9447682836647139, 'reg_alpha': 0.0001742325316159182, 'reg_lambda': 0.5800621282621777}. Best is trial 3619 with value: 0.9384500514029486.
Trial 3812 finished with value: 0.8817740235885202 and parameters: {'max_depth': 9, 'min_child_weight': 1, 'gamma': 0.08609430151077624, 'subsample': 0.5364348165131075, 'colsample_bytree': 0.9230305848486026, 'learning_rate': 0.31716589803262385, 'reg_alpha': 0.10207521190884185, 'reg_lambda': 0.6480931235460204}. Best is trial 3619 with value: 0.9384500514029486.
Trial 3840 finished with value: 0.8261740537859721 and parameters: {'max_depth': 5, 'min_child_weight': 4, 'gamma': 0.6420925049944113, 'subsample': 0.562634431950291, 'colsample_bytree': 0.9575612683794793, 'learning_rate': 0.10522364044747823, 'reg_alpha': 0.00024075777954111737, 'reg_lambda': 3.4893303988308815}. Best is trial 3619 with value: 0.9384500514029486.
Trial 3857 finished with value: 0.3783881556499448 and parameters: {'max_depth': 2, 'min_child_weight': 1, 'gamma': 0.5676685195457459, 'subsample': 0.5846949237758037, 'colsample_bytree': 0.6452174180230809, 'learning_rate': 0.7392266525544631, 'reg_alpha': 0.008163843750264696, 'reg_lambda': 0.12019360775282967}. Best is trial 3619 with value: 0.9384500514029486.
Trial 3852 finished with value: 0.07218998286970922 and parameters: {'max_depth': 5, 'min_child_weight': 5, 'gamma': 0.8388312985079235, 'subsample': 0.6828434464174713, 'colsample_bytree': 0.06347918282844356, 'learning_rate': 0.3620514254648851, 'reg_alpha': 0.26305033514173753, 'reg_lambda': 0.00034563553687939083}. Best is trial 3619 with value: 0.9384500514029486.
Trial 3854 finished with value: -245031344.87594622 and parameters: {'max_depth': 6, 'min_child_weight': 4, 'gamma': 0.9333592722572868, 'subsample': 0.06180766540681004, 'colsample_bytree': 0.6346980395312292, 'learning_rate': 0.8023018453952062, 'reg_alpha': 0.0002993626424228818, 'reg_lambda': 0.008088568073952536}. Best is trial 3619 with value: 0.9384500514029486.
Trial 3836 finished with value: 0.4095852851616573 and parameters: {'max_depth': 10, 'min_child_weight': 5, 'gamma': 0.7317047453554558, 'subsample': 0.41601153297878735, 'colsample_bytree': 0.5573012056296452, 'learning_rate': 0.7525575227253573, 'reg_alpha': 0.22528496828508904, 'reg_lambda': 0.3048847826045034}. Best is trial 3619 with value: 0.9384500514029486.
Trial 3861 finished with value: 0.07605557746988606 and parameters: {'max_depth': 1, 'min_child_weight': 2, 'gamma': 0.7263525309376739, 'subsample': 0.8659826005192274, 'colsample_bytree': 0.02885392254685004, 'learning_rate': 0.8343731438017188, 'reg_alpha': 0.001510954128598267, 'reg_lambda': 0.04192604236710328}. Best is trial 3619 with value: 0.9384500514029486.
Trial 3848 finished with value: 0.5830849029323936 and parameters: {'max_depth': 5, 'min_child_weight': 4, 'gamma': 0.46402169212794, 'subsample': 0.28860197163901, 'colsample_bytree': 0.7762594972152542, 'learning_rate': 0.044860157033094095, 'reg_alpha': 6.721244624520717, 'reg_lambda': 9.595545070516309}. Best is trial 3619 with value: 0.9384500514029486.
Trial 3864 finished with value: 0.08812037337089845 and parameters: {'max_depth': 1, 'min_child_weight': 2, 'gamma': 0.5907403359187945, 'subsample': 0.7687237271434169, 'colsample_bytree': 0.2534354247451456, 'learning_rate': 0.5742593055159203, 'reg_alpha': 0.13590009942539527, 'reg_lambda': 0.005432036382813236}. Best is trial 3619 with value: 0.9384500514029486.
Trial 3841 finished with value: 0.8905134876200483 and parameters: {'max_depth': 7, 'min_child_weight': 2, 'gamma': 0.6647448177683177, 'subsample': 0.7485553171323209, 'colsample_bytree': 0.3469364146427406, 'learning_rate': 0.743818122530127, 'reg_alpha': 0.36967859457291113, 'reg_lambda': 0.0018689358896192677}. Best is trial 3619 with value: 0.9384500514029486.
Trial 3843 finished with value: -17996.466232252118 and parameters: {'max_depth': 10, 'min_child_weight': 2, 'gamma': 0.5543191431992137, 'subsample': 0.09801713225753983, 'colsample_bytree': 0.863192074251969, 'learning_rate': 0.4900778170308031, 'reg_alpha': 0.0014998369777041818, 'reg_lambda': 0.00014384831189015278}. Best is trial 3619 with value: 0.9384500514029486.
Trial 3842 finished with value: -47100.51740880142 and parameters: {'max_depth': 7, 'min_child_weight': 2, 'gamma': 0.14737031546911994, 'subsample': 0.16388509406604235, 'colsample_bytree': 0.9859965665782578, 'learning_rate': 0.5811503367960225, 'reg_alpha': 0.009682062706792085, 'reg_lambda': 0.00026727947865939704}. Best is trial 3619 with value: 0.9384500514029486.
Trial 3858 finished with value: 0.09719332468413545 and parameters: {'max_depth': 10, 'min_child_weight': 5, 'gamma': 0.1640148841906971, 'subsample': 0.7222284653711815, 'colsample_bytree': 0.06122438668988073, 'learning_rate': 0.056846955070372185, 'reg_alpha': 1.243284351328019, 'reg_lambda': 0.002903465900841047}. Best is trial 3619 with value: 0.9384500514029486.
Trial 3871 finished with value: -0.028561095100227363 and parameters: {'max_depth': 1, 'min_child_weight': 5, 'gamma': 0.5205513972814383, 'subsample': 0.28571633698818233, 'colsample_bytree': 0.47895118375729817, 'learning_rate': 0.958798128648, 'reg_alpha': 0.5201979675687437, 'reg_lambda': 1.1462271568003148}. Best is trial 3619 with value: 0.9384500514029486.
Trial 3847 finished with value: 0.7610059278672988 and parameters: {'max_depth': 8, 'min_child_weight': 4, 'gamma': 0.9518914115580394, 'subsample': 0.5694625059195366, 'colsample_bytree': 0.37005355101536175, 'learning_rate': 0.9716007139882877, 'reg_alpha': 0.7834481708895636, 'reg_lambda': 4.231164711268142}. Best is trial 3619 with value: 0.9384500514029486.
Trial 3851 finished with value: 0.4810003746810017 and parameters: {'max_depth': 7, 'min_child_weight': 5, 'gamma': 0.8919378256742411, 'subsample': 0.3122310031202067, 'colsample_bytree': 0.3631702609373799, 'learning_rate': 0.5924697253871255, 'reg_alpha': 1.4561270383622327, 'reg_lambda': 0.15728709013576997}. Best is trial 3619 with value: 0.9384500514029486.
Trial 3865 finished with value: 0.09097466749205106 and parameters: {'max_depth': 10, 'min_child_weight': 5, 'gamma': 0.6067099314802632, 'subsample': 0.9721857392658872, 'colsample_bytree': 0.001417490376781183, 'learning_rate': 0.24344462762599306, 'reg_alpha': 5.881933183156808, 'reg_lambda': 9.017501848491108}. Best is trial 3619 with value: 0.9384500514029486.
Trial 3855 finished with value: 0.8403457715647779 and parameters: {'max_depth': 5, 'min_child_weight': 1, 'gamma': 0.9464681423505168, 'subsample': 0.6903628522419967, 'colsample_bytree': 0.6878894751795713, 'learning_rate': 0.1668419342488615, 'reg_alpha': 7.305279773593966, 'reg_lambda': 0.42350793343957505}. Best is trial 3619 with value: 0.9384500514029486.
Trial 3856 finished with value: 0.7266675251256773 and parameters: {'max_depth': 6, 'min_child_weight': 3, 'gamma': 0.504252611124071, 'subsample': 0.6066415338880148, 'colsample_bytree': 0.21369509380766594, 'learning_rate': 0.22285235299784845, 'reg_alpha': 0.007943016617749304, 'reg_lambda': 1.5412840729401562}. Best is trial 3619 with value: 0.9384500514029486.
Trial 3867 finished with value: 0.7360620668486538 and parameters: {'max_depth': 3, 'min_child_weight': 4, 'gamma': 0.193792024076184, 'subsample': 0.9775430521299177, 'colsample_bytree': 0.9875522667341349, 'learning_rate': 0.3547214525409935, 'reg_alpha': 0.79868273530097, 'reg_lambda': 0.1485302059738439}. Best is trial 3619 with value: 0.9384500514029486.
Trial 3838 finished with value: -1195194568004.0293 and parameters: {'max_depth': 8, 'min_child_weight': 1, 'gamma': 0.36698815902018234, 'subsample': 0.43324945760773703, 'colsample_bytree': 0.8314898864269336, 'learning_rate': 0.9481386654736331, 'reg_alpha': 0.0180391838442905, 'reg_lambda': 0.0010101854809874012}. Best is trial 3619 with value: 0.9384500514029486.
Trial 3850 finished with value: 0.9016325098747993 and parameters: {'max_depth': 8, 'min_child_weight': 5, 'gamma': 0.25191251151351646, 'subsample': 0.8980080681631355, 'colsample_bytree': 0.5753173003398399, 'learning_rate': 0.41095482538110417, 'reg_alpha': 1.804613865366652, 'reg_lambda': 0.011879411013675845}. Best is trial 3619 with value: 0.9384500514029486.
Trial 3860 finished with value: 0.7266349450254812 and parameters: {'max_depth': 4, 'min_child_weight': 1, 'gamma': 0.5653211755455743, 'subsample': 0.5842032223263912, 'colsample_bytree': 0.540511714830994, 'learning_rate': 0.7368146169448953, 'reg_alpha': 1.8087895296872383, 'reg_lambda': 0.2715876489316558}. Best is trial 3619 with value: 0.9384500514029486.
Trial 3849 finished with value: 0.9069066714676368 and parameters: {'max_depth': 6, 'min_child_weight': 2, 'gamma': 0.33599727145810576, 'subsample': 0.6705676004540562, 'colsample_bytree': 0.9727270272502908, 'learning_rate': 0.5056957818824006, 'reg_alpha': 0.09259503549613429, 'reg_lambda': 0.0023876456455173556}. Best is trial 3619 with value: 0.9384500514029486.
Trial 3872 finished with value: -0.4097330513441553 and parameters: {'max_depth': 3, 'min_child_weight': 5, 'gamma': 0.7678871236935138, 'subsample': 0.30220814581272715, 'colsample_bytree': 0.9075306388848006, 'learning_rate': 0.9207538251272925, 'reg_alpha': 1.5122787963780129, 'reg_lambda': 1.7671577454082217}. Best is trial 3619 with value: 0.9384500514029486.
Trial 3873 finished with value: 0.5060377062327307 and parameters: {'max_depth': 3, 'min_child_weight': 4, 'gamma': 0.048053845192771005, 'subsample': 0.35626509456714905, 'colsample_bytree': 0.6675426137833484, 'learning_rate': 0.603103158425883, 'reg_alpha': 2.681254812260567, 'reg_lambda': 0.003275364794404085}. Best is trial 3619 with value: 0.9384500514029486.
Trial 3862 finished with value: 0.8941012224763042 and parameters: {'max_depth': 7, 'min_child_weight': 4, 'gamma': 0.09267296058651975, 'subsample': 0.9330196494296427, 'colsample_bytree': 0.8014567460687696, 'learning_rate': 0.42488813644389867, 'reg_alpha': 6.636534483894878, 'reg_lambda': 4.9425437493152}. Best is trial 3619 with value: 0.9384500514029486.
Trial 3859 finished with value: 0.8831275617363992 and parameters: {'max_depth': 8, 'min_child_weight': 1, 'gamma': 0.30931882642283004, 'subsample': 0.7525882596596748, 'colsample_bytree': 0.4140328620388366, 'learning_rate': 0.4966636272256043, 'reg_alpha': 0.5008636797916894, 'reg_lambda': 0.04698821665649762}. Best is trial 3619 with value: 0.9384500514029486.
Trial 3870 finished with value: -14.746826694631624 and parameters: {'max_depth': 6, 'min_child_weight': 1, 'gamma': 0.5501568605317022, 'subsample': 0.3155290245236366, 'colsample_bytree': 0.17446622719703764, 'learning_rate': 0.8145047125759571, 'reg_alpha': 0.012349280920838427, 'reg_lambda': 0.0002923307848610652}. Best is trial 3619 with value: 0.9384500514029486.
Trial 3866 finished with value: 0.7182156294663155 and parameters: {'max_depth': 8, 'min_child_weight': 1, 'gamma': 0.41150496627445143, 'subsample': 0.3512961722262393, 'colsample_bytree': 0.25007912433585466, 'learning_rate': 0.04127271700769586, 'reg_alpha': 0.040391684335579145, 'reg_lambda': 0.68358372987748}. Best is trial 3619 with value: 0.9384500514029486.
Trial 3880 finished with value: 0.5140744566362627 and parameters: {'max_depth': 4, 'min_child_weight': 1, 'gamma': 0.9144606707916595, 'subsample': 0.6277549048565599, 'colsample_bytree': 0.32848304337583967, 'learning_rate': 0.9191241363656402, 'reg_alpha': 0.0492350155939604, 'reg_lambda': 0.09861384992146845}. Best is trial 3619 with value: 0.9384500514029486.
Trial 3853 finished with value: 0.3675723743265436 and parameters: {'max_depth': 8, 'min_child_weight': 1, 'gamma': 0.7898911016501295, 'subsample': 0.46683745986919345, 'colsample_bytree': 0.8451676009328346, 'learning_rate': 0.8922132956859014, 'reg_alpha': 0.10714342988531265, 'reg_lambda': 0.0012056856365941372}. Best is trial 3619 with value: 0.9384500514029486.
Trial 3881 finished with value: 0.261771709672485 and parameters: {'max_depth': 8, 'min_child_weight': 1, 'gamma': 0.9424470173693321, 'subsample': 0.028522825929665152, 'colsample_bytree': 0.5038779489782688, 'learning_rate': 0.051716159609788814, 'reg_alpha': 0.1183399522315009, 'reg_lambda': 0.26262747990382757}. Best is trial 3619 with value: 0.9384500514029486.
Trial 3888 finished with value: -9.222772954517445e+16 and parameters: {'max_depth': 7, 'min_child_weight': 2, 'gamma': 0.2486156184291093, 'subsample': 0.024537914707714048, 'colsample_bytree': 0.8934689728000815, 'learning_rate': 0.7113449990150872, 'reg_alpha': 3.4701845152322943, 'reg_lambda': 0.00020097113065034678}. Best is trial 3619 with value: 0.9384500514029486.
Trial 3875 finished with value: 0.6247967719298049 and parameters: {'max_depth': 8, 'min_child_weight': 5, 'gamma': 0.2683824400772967, 'subsample': 0.23429111269227676, 'colsample_bytree': 0.5695754964099315, 'learning_rate': 0.29334805660052155, 'reg_alpha': 0.004512444141724955, 'reg_lambda': 0.5594214183538173}. Best is trial 3619 with value: 0.9384500514029486.
Trial 3863 finished with value: 0.8797022062122791 and parameters: {'max_depth': 8, 'min_child_weight': 4, 'gamma': 0.3585995653924805, 'subsample': 0.7567218781156797, 'colsample_bytree': 0.5783913346824053, 'learning_rate': 0.8522784018112887, 'reg_alpha': 0.0014421584455523613, 'reg_lambda': 9.023563790610627}. Best is trial 3619 with value: 0.9384500514029486.
Trial 3893 finished with value: -3.772954663216863 and parameters: {'max_depth': 9, 'min_child_weight': 4, 'gamma': 0.97630997149578, 'subsample': 0.01972534678325899, 'colsample_bytree': 0.7626905638093688, 'learning_rate': 0.7396404121800023, 'reg_alpha': 0.007444026601480717, 'reg_lambda': 0.5684540784629626}. Best is trial 3619 with value: 0.9384500514029486.
Trial 3874 finished with value: 0.8856267070040823 and parameters: {'max_depth': 9, 'min_child_weight': 3, 'gamma': 0.06395013699694341, 'subsample': 0.6536227213163541, 'colsample_bytree': 0.9275302537844086, 'learning_rate': 0.539187298500887, 'reg_alpha': 4.9609013513151865, 'reg_lambda': 3.139228830622622}. Best is trial 3619 with value: 0.9384500514029486.
Trial 3890 finished with value: 0.39529983052211015 and parameters: {'max_depth': 3, 'min_child_weight': 3, 'gamma': 0.39799550910733805, 'subsample': 0.46133026836972013, 'colsample_bytree': 0.9104885745043197, 'learning_rate': 0.9535036806256015, 'reg_alpha': 5.111898590579641, 'reg_lambda': 0.012852895954317394}. Best is trial 3619 with value: 0.9384500514029486.
Trial 3891 finished with value: 0.41100283526564013 and parameters: {'max_depth': 2, 'min_child_weight': 3, 'gamma': 0.3885471425714535, 'subsample': 0.4705918014864908, 'colsample_bytree': 0.8349816927116311, 'learning_rate': 0.5638477310122314, 'reg_alpha': 0.0054307850257654154, 'reg_lambda': 0.02286485214825082}. Best is trial 3619 with value: 0.9384500514029486.
Trial 3878 finished with value: 0.8658189142355803 and parameters: {'max_depth': 6, 'min_child_weight': 4, 'gamma': 0.27991731689724786, 'subsample': 0.7478333854345017, 'colsample_bytree': 0.5488205035950836, 'learning_rate': 0.8475115619000021, 'reg_alpha': 7.699953005054532, 'reg_lambda': 0.0019253911715902351}. Best is trial 3619 with value: 0.9384500514029486.
Trial 3876 finished with value: 0.7769728585053114 and parameters: {'max_depth': 9, 'min_child_weight': 5, 'gamma': 0.12274034268028156, 'subsample': 0.3616171660349591, 'colsample_bytree': 0.7972668306546049, 'learning_rate': 0.7506506168216166, 'reg_alpha': 0.3739289982132912, 'reg_lambda': 3.214670998124683}. Best is trial 3619 with value: 0.9384500514029486.
Trial 3894 finished with value: -2.9171698711203105 and parameters: {'max_depth': 8, 'min_child_weight': 3, 'gamma': 0.5293033980276829, 'subsample': 0.02093742092765083, 'colsample_bytree': 0.7998855168079376, 'learning_rate': 0.36371219441662317, 'reg_alpha': 1.577051441625682, 'reg_lambda': 0.02846701665067167}. Best is trial 3619 with value: 0.9384500514029486.
Trial 3869 finished with value: 0.8980951348128208 and parameters: {'max_depth': 10, 'min_child_weight': 3, 'gamma': 0.3640370630768932, 'subsample': 0.8992680241427831, 'colsample_bytree': 0.391733364419831, 'learning_rate': 0.9738732073002538, 'reg_alpha': 0.0002406101529942109, 'reg_lambda': 6.047300151829498}. Best is trial 3619 with value: 0.9384500514029486.
Trial 3892 finished with value: 0.4710728828976999 and parameters: {'max_depth': 3, 'min_child_weight': 4, 'gamma': 0.31679768614271075, 'subsample': 0.117654594353239, 'colsample_bytree': 0.9733772611425768, 'learning_rate': 0.039032195572973216, 'reg_alpha': 0.0016434274297919577, 'reg_lambda': 0.0004806209894203582}. Best is trial 3619 with value: 0.9384500514029486.
Trial 3877 finished with value: 0.7526631259597909 and parameters: {'max_depth': 9, 'min_child_weight': 2, 'gamma': 0.6404926547780639, 'subsample': 0.4198453041128981, 'colsample_bytree': 0.21967269094987696, 'learning_rate': 0.1908973183082392, 'reg_alpha': 0.03939966377265454, 'reg_lambda': 0.008057080295140576}. Best is trial 3619 with value: 0.9384500514029486.
Trial 3883 finished with value: 0.7205811677020952 and parameters: {'max_depth': 7, 'min_child_weight': 1, 'gamma': 0.5603589099426141, 'subsample': 0.7806994438606057, 'colsample_bytree': 0.42568893845328004, 'learning_rate': 0.01363644649371376, 'reg_alpha': 0.012542456276504195, 'reg_lambda': 2.5712736813387136}. Best is trial 3619 with value: 0.9384500514029486.
Trial 3868 finished with value: 0.9112564513170852 and parameters: {'max_depth': 9, 'min_child_weight': 4, 'gamma': 0.9308251197740689, 'subsample': 0.7957397508809714, 'colsample_bytree': 0.9454173906775353, 'learning_rate': 0.3558453673921854, 'reg_alpha': 0.8079383087437492, 'reg_lambda': 0.015695019200810238}. Best is trial 3619 with value: 0.9384500514029486.
Trial 3887 finished with value: 0.6133863517492145 and parameters: {'max_depth': 10, 'min_child_weight': 4, 'gamma': 0.40512174335890716, 'subsample': 0.6158676424213616, 'colsample_bytree': 0.14581167727678102, 'learning_rate': 0.7846021961141816, 'reg_alpha': 1.3930097103409227, 'reg_lambda': 0.001256326748564759}. Best is trial 3619 with value: 0.9384500514029486.
Trial 3884 finished with value: 0.46769385501142025 and parameters: {'max_depth': 8, 'min_child_weight': 3, 'gamma': 0.21972447949064056, 'subsample': 0.45715197622643833, 'colsample_bytree': 0.20086574367292898, 'learning_rate': 0.6884093910345541, 'reg_alpha': 0.0001296149276414235, 'reg_lambda': 0.0007465524425226618}. Best is trial 3619 with value: 0.9384500514029486.
Trial 3905 finished with value: 0.25500003560551787 and parameters: {'max_depth': 2, 'min_child_weight': 4, 'gamma': 0.05698737553399269, 'subsample': 0.2746818159275668, 'colsample_bytree': 0.5929941054079153, 'learning_rate': 0.5103916190926532, 'reg_alpha': 2.255067335338476, 'reg_lambda': 0.064308757873593}. Best is trial 3619 with value: 0.9384500514029486.
Trial 3903 finished with value: 0.035667261790720904 and parameters: {'max_depth': 3, 'min_child_weight': 4, 'gamma': 0.19994088178436875, 'subsample': 0.621542179036401, 'colsample_bytree': 0.04031863432118554, 'learning_rate': 0.606006188304392, 'reg_alpha': 0.6468655075428557, 'reg_lambda': 1.1881168496541763}. Best is trial 3619 with value: 0.9384500514029486.
Trial 3897 finished with value: 0.5532754625587883 and parameters: {'max_depth': 4, 'min_child_weight': 5, 'gamma': 0.05384864824178093, 'subsample': 0.6262614635484842, 'colsample_bytree': 0.31419240540193594, 'learning_rate': 0.9794480140118225, 'reg_alpha': 0.6222441428547265, 'reg_lambda': 0.0005100247489831503}. Best is trial 3619 with value: 0.9384500514029486.
Trial 3895 finished with value: -3.593520985891668 and parameters: {'max_depth': 4, 'min_child_weight': 2, 'gamma': 0.993703638515005, 'subsample': 0.2025848963685849, 'colsample_bytree': 0.5264124604082284, 'learning_rate': 0.6322945819667143, 'reg_alpha': 3.2733136005402543, 'reg_lambda': 0.003211272436122614}. Best is trial 3619 with value: 0.9384500514029486.
Trial 3885 finished with value: 0.8495275300644134 and parameters: {'max_depth': 9, 'min_child_weight': 4, 'gamma': 0.5520562001668863, 'subsample': 0.7334890708972872, 'colsample_bytree': 0.2912460300057721, 'learning_rate': 0.5708787410854645, 'reg_alpha': 0.0005192482273904633, 'reg_lambda': 1.324208453842445}. Best is trial 3619 with value: 0.9384500514029486.
Trial 3882 finished with value: 0.8048259800953916 and parameters: {'max_depth': 8, 'min_child_weight': 2, 'gamma': 0.2609939968212781, 'subsample': 0.2771344979735604, 'colsample_bytree': 0.7564186933892658, 'learning_rate': 0.5553698988525455, 'reg_alpha': 0.08054453177231648, 'reg_lambda': 1.3384873797494985}. Best is trial 3619 with value: 0.9384500514029486.
Trial 3906 finished with value: -662846454873.8536 and parameters: {'max_depth': 10, 'min_child_weight': 1, 'gamma': 0.6440237873402653, 'subsample': 0.012973562508962422, 'colsample_bytree': 0.1280195094026889, 'learning_rate': 0.5118300948420461, 'reg_alpha': 0.7005426545076996, 'reg_lambda': 0.0008444582070310681}. Best is trial 3619 with value: 0.9384500514029486.
Trial 3914 finished with value: 0.07759629365811316 and parameters: {'max_depth': 1, 'min_child_weight': 4, 'gamma': 0.5202786639012587, 'subsample': 0.1696465293667011, 'colsample_bytree': 0.9367053483574567, 'learning_rate': 0.07391056714413247, 'reg_alpha': 0.30973576243135464, 'reg_lambda': 0.1700067558880601}. Best is trial 3619 with value: 0.9384500514029486.
