Trial 1308 finished with value: -1496.6652502611305 and parameters: {'max_depth': 9, 'min_child_weight': 3, 'gamma': 0.3967300132991324, 'subsample': 0.06025428771678243, 'colsample_bytree': 0.3382900302051137, 'learning_rate': 0.5686257979484709, 'reg_alpha': 0.002463036631876873, 'reg_lambda': 0.03653447111572053}. Best is trial 715 with value: 0.9377859576434285.
Trial 1297 finished with value: -319.3803838411474 and parameters: {'max_depth': 9, 'min_child_weight': 2, 'gamma': 0.4737377859855181, 'subsample': 0.0937603229518238, 'colsample_bytree': 0.8254833068551259, 'learning_rate': 0.43945352486537126, 'reg_alpha': 0.0001584506377193621, 'reg_lambda': 0.04768995757880978}. Best is trial 715 with value: 0.9377859576434285.
Trial 1282 finished with value: 0.9109592150240219 and parameters: {'max_depth': 7, 'min_child_weight': 2, 'gamma': 0.740896096601187, 'subsample': 0.6076629312457219, 'colsample_bytree': 0.9167308679080455, 'learning_rate': 0.36571950141125076, 'reg_alpha': 0.0014028247666861358, 'reg_lambda': 1.658364705439979}. Best is trial 715 with value: 0.9377859576434285.
Trial 1318 finished with value: 0.3688640503509348 and parameters: {'max_depth': 3, 'min_child_weight': 1, 'gamma': 0.5130261581882056, 'subsample': 0.37931471060036204, 'colsample_bytree': 0.5992030974997926, 'learning_rate': 0.5996355548946724, 'reg_alpha': 0.005338854630671373, 'reg_lambda': 0.01804753080583791}. Best is trial 715 with value: 0.9377859576434285.
Trial 1317 finished with value: -0.9777333019753391 and parameters: {'max_depth': 10, 'min_child_weight': 5, 'gamma': 0.5222764593604252, 'subsample': 0.0746137578783096, 'colsample_bytree': 0.4867045447662609, 'learning_rate': 0.3650429832094637, 'reg_alpha': 0.00615441489024771, 'reg_lambda': 0.01953637186121275}. Best is trial 715 with value: 0.9377859576434285.
Trial 1302 finished with value: -5.691717961474548e+17 and parameters: {'max_depth': 5, 'min_child_weight': 2, 'gamma': 0.14934491701069885, 'subsample': 0.27170296120971393, 'colsample_bytree': 0.9690416078067906, 'learning_rate': 0.9439746415233989, 'reg_alpha': 0.09597693880697997, 'reg_lambda': 0.0022526327104935226}. Best is trial 715 with value: 0.9377859576434285.
Trial 1299 finished with value: 0.8553931177350037 and parameters: {'max_depth': 6, 'min_child_weight': 5, 'gamma': 0.00945361746844553, 'subsample': 0.877169136568923, 'colsample_bytree': 0.5535216149819825, 'learning_rate': 0.13131327686847816, 'reg_alpha': 3.4778571384071424, 'reg_lambda': 0.4266345205156616}. Best is trial 715 with value: 0.9377859576434285.
Trial 1296 finished with value: 0.9066717542051154 and parameters: {'max_depth': 6, 'min_child_weight': 1, 'gamma': 0.13205736264926082, 'subsample': 0.5766282493562518, 'colsample_bytree': 0.7936774235326847, 'learning_rate': 0.19453657571916505, 'reg_alpha': 0.0001641111424194283, 'reg_lambda': 0.2267327324897835}. Best is trial 715 with value: 0.9377859576434285.
Trial 1305 finished with value: 0.7967134066571127 and parameters: {'max_depth': 5, 'min_child_weight': 2, 'gamma': 0.19163329377944383, 'subsample': 0.2616014192949412, 'colsample_bytree': 0.9132756297560308, 'learning_rate': 0.1615272006522106, 'reg_alpha': 6.538896520825589, 'reg_lambda': 0.0003794877114311066}. Best is trial 715 with value: 0.9377859576434285.
Trial 1315 finished with value: 0.4852507844786317 and parameters: {'max_depth': 4, 'min_child_weight': 4, 'gamma': 0.33330623936996573, 'subsample': 0.9503810846926095, 'colsample_bytree': 0.13067772511890174, 'learning_rate': 0.47335194167650385, 'reg_alpha': 0.011545164114701108, 'reg_lambda': 0.004090454441318342}. Best is trial 715 with value: 0.9377859576434285.
Trial 1290 finished with value: 0.907694166298498 and parameters: {'max_depth': 8, 'min_child_weight': 3, 'gamma': 0.4941508030062741, 'subsample': 0.8964851505985714, 'colsample_bytree': 0.8265704904148525, 'learning_rate': 0.27962715159878915, 'reg_alpha': 0.6314990070304537, 'reg_lambda': 0.0013552027029831494}. Best is trial 715 with value: 0.9377859576434285.
Trial 1327 finished with value: -5.456686070679149 and parameters: {'max_depth': 7, 'min_child_weight': 2, 'gamma': 0.4083727713897459, 'subsample': 0.004560493554068512, 'colsample_bytree': 0.11923296587097887, 'learning_rate': 0.7569821317115668, 'reg_alpha': 4.638296340154717, 'reg_lambda': 0.4198391834086995}. Best is trial 715 with value: 0.9377859576434285.
Trial 1311 finished with value: -379754.4126244312 and parameters: {'max_depth': 7, 'min_child_weight': 3, 'gamma': 0.8084145613980561, 'subsample': 0.10756925512802507, 'colsample_bytree': 0.35282455116635025, 'learning_rate': 0.7683570988162836, 'reg_alpha': 0.5305505538338724, 'reg_lambda': 0.19354707560150283}. Best is trial 715 with value: 0.9377859576434285.
Trial 1325 finished with value: -15.883235312298757 and parameters: {'max_depth': 8, 'min_child_weight': 3, 'gamma': 0.16275706781696764, 'subsample': 0.019524007220176776, 'colsample_bytree': 0.42914333958516926, 'learning_rate': 0.5554504645501293, 'reg_alpha': 0.008405915558259078, 'reg_lambda': 0.0011035642396473456}. Best is trial 715 with value: 0.9377859576434285.
Trial 1306 finished with value: 0.7846404437650424 and parameters: {'max_depth': 6, 'min_child_weight': 5, 'gamma': 0.42427625043531125, 'subsample': 0.32936538702710383, 'colsample_bytree': 0.9252343220168479, 'learning_rate': 0.2265208960766989, 'reg_alpha': 0.013278814704405837, 'reg_lambda': 0.00021525594544893393}. Best is trial 715 with value: 0.9377859576434285.
Trial 1331 finished with value: 0.09138468333585406 and parameters: {'max_depth': 1, 'min_child_weight': 5, 'gamma': 0.1295943421270801, 'subsample': 0.7985121963469184, 'colsample_bytree': 0.15726318810021078, 'learning_rate': 0.566527163943337, 'reg_alpha': 0.011779065103340109, 'reg_lambda': 0.00915080885361578}. Best is trial 715 with value: 0.9377859576434285.
Trial 1319 finished with value: 0.612280153776833 and parameters: {'max_depth': 5, 'min_child_weight': 3, 'gamma': 0.6831176221723781, 'subsample': 0.5882803028141785, 'colsample_bytree': 0.17437545897578965, 'learning_rate': 0.2235383152412871, 'reg_alpha': 0.00014983634016827076, 'reg_lambda': 0.058929674983096876}. Best is trial 715 with value: 0.9377859576434285.
Trial 1294 finished with value: 0.9014566595043413 and parameters: {'max_depth': 10, 'min_child_weight': 5, 'gamma': 0.5813034773561148, 'subsample': 0.8138627423886488, 'colsample_bytree': 0.8753399348875073, 'learning_rate': 0.09843818354111944, 'reg_alpha': 0.04212041450973582, 'reg_lambda': 3.938038217869036}. Best is trial 715 with value: 0.9377859576434285.
Trial 1326 finished with value: -0.31168209946012637 and parameters: {'max_depth': 5, 'min_child_weight': 1, 'gamma': 0.6345075662019016, 'subsample': 0.13576756867652662, 'colsample_bytree': 0.029537098431626885, 'learning_rate': 0.8956670255109577, 'reg_alpha': 0.0031003021719036537, 'reg_lambda': 0.0014242628972003979}. Best is trial 715 with value: 0.9377859576434285.
Trial 1307 finished with value: 0.8505288244118218 and parameters: {'max_depth': 6, 'min_child_weight': 1, 'gamma': 0.5982110207446982, 'subsample': 0.5630325239300571, 'colsample_bytree': 0.8452579129041511, 'learning_rate': 0.8115904242383807, 'reg_alpha': 0.00035683442137506954, 'reg_lambda': 2.159302111546481}. Best is trial 715 with value: 0.9377859576434285.
Trial 1340 finished with value: 0.3925013019216805 and parameters: {'max_depth': 2, 'min_child_weight': 1, 'gamma': 0.38713318457828816, 'subsample': 0.24057525279001968, 'colsample_bytree': 0.4785432137949809, 'learning_rate': 0.05016006161899467, 'reg_alpha': 3.09236545138467, 'reg_lambda': 0.000752777560711416}. Best is trial 715 with value: 0.9377859576434285.
Trial 1310 finished with value: 0.8731632458107867 and parameters: {'max_depth': 6, 'min_child_weight': 1, 'gamma': 0.5422369527324152, 'subsample': 0.9236338434316734, 'colsample_bytree': 0.8975246886930657, 'learning_rate': 0.5786759668235673, 'reg_alpha': 0.016419983678077687, 'reg_lambda': 0.0005221928000440167}. Best is trial 715 with value: 0.9377859576434285.
Trial 1345 finished with value: -0.05615951487511359 and parameters: {'max_depth': 2, 'min_child_weight': 3, 'gamma': 0.6056503264564144, 'subsample': 0.0125042278924834, 'colsample_bytree': 0.3733631225445393, 'learning_rate': 0.14063432335722215, 'reg_alpha': 0.12377051867788406, 'reg_lambda': 0.12946932085827112}. Best is trial 715 with value: 0.9377859576434285.
Trial 1324 finished with value: 0.7898229913945654 and parameters: {'max_depth': 5, 'min_child_weight': 5, 'gamma': 0.30923098914529923, 'subsample': 0.5819274810273162, 'colsample_bytree': 0.5891991453706724, 'learning_rate': 0.9098294296784759, 'reg_alpha': 3.469757500281655, 'reg_lambda': 4.064407576135177}. Best is trial 715 with value: 0.9377859576434285.
Trial 1323 finished with value: 0.7330959491700152 and parameters: {'max_depth': 7, 'min_child_weight': 5, 'gamma': 0.16790731663571945, 'subsample': 0.3041071114225061, 'colsample_bytree': 0.5493745056787487, 'learning_rate': 0.26684745313465996, 'reg_alpha': 0.00013543102924000908, 'reg_lambda': 0.05115995311803081}. Best is trial 715 with value: 0.9377859576434285.
Trial 1333 finished with value: 0.6959538832053057 and parameters: {'max_depth': 4, 'min_child_weight': 3, 'gamma': 0.5643549281361345, 'subsample': 0.627572133589709, 'colsample_bytree': 0.3513691341022479, 'learning_rate': 0.16578031113922476, 'reg_alpha': 0.0003901662251851102, 'reg_lambda': 0.010213748864276517}. Best is trial 715 with value: 0.9377859576434285.
Trial 1309 finished with value: 0.8975790475351741 and parameters: {'max_depth': 8, 'min_child_weight': 4, 'gamma': 0.23811034116074636, 'subsample': 0.7347007701633241, 'colsample_bytree': 0.6801608224638084, 'learning_rate': 0.10222939201441883, 'reg_alpha': 0.03832283372438011, 'reg_lambda': 0.7833933734884813}. Best is trial 715 with value: 0.9377859576434285.
Trial 1316 finished with value: 0.8533539546605932 and parameters: {'max_depth': 10, 'min_child_weight': 3, 'gamma': 0.11422961249516994, 'subsample': 0.478108306935235, 'colsample_bytree': 0.8359577700568548, 'learning_rate': 0.7635515445797278, 'reg_alpha': 2.928892398679493, 'reg_lambda': 0.41972998104458054}. Best is trial 715 with value: 0.9377859576434285.
Trial 1344 finished with value: 0.45499621734332013 and parameters: {'max_depth': 2, 'min_child_weight': 4, 'gamma': 0.7599768268408519, 'subsample': 0.724781363204222, 'colsample_bytree': 0.45032747758880964, 'learning_rate': 0.6155891435618971, 'reg_alpha': 0.030795218546297815, 'reg_lambda': 0.008026434302647122}. Best is trial 715 with value: 0.9377859576434285.
Trial 1329 finished with value: 0.8722590813697702 and parameters: {'max_depth': 6, 'min_child_weight': 1, 'gamma': 0.14106447895660146, 'subsample': 0.9715341026911687, 'colsample_bytree': 0.5110978890425834, 'learning_rate': 0.24796243593475853, 'reg_alpha': 6.835719270638959, 'reg_lambda': 0.013119092623304978}. Best is trial 715 with value: 0.9377859576434285.
Trial 1328 finished with value: 0.853513848120458 and parameters: {'max_depth': 5, 'min_child_weight': 5, 'gamma': 0.2603055247183389, 'subsample': 0.5021899945891763, 'colsample_bytree': 0.9095575255632733, 'learning_rate': 0.5242738247154295, 'reg_alpha': 0.08594033281536438, 'reg_lambda': 0.9916996677685114}. Best is trial 715 with value: 0.9377859576434285.
Trial 1334 finished with value: 0.9083112343787529 and parameters: {'max_depth': 6, 'min_child_weight': 2, 'gamma': 0.6358179057231068, 'subsample': 0.9852458165726897, 'colsample_bytree': 0.8834715654194568, 'learning_rate': 0.6441279187057556, 'reg_alpha': 1.872334889014529, 'reg_lambda': 0.01734461619015338}. Best is trial 715 with value: 0.9377859576434285.
Trial 1347 finished with value: 0.5930823604306136 and parameters: {'max_depth': 3, 'min_child_weight': 3, 'gamma': 0.34021264152838915, 'subsample': 0.5676296322114782, 'colsample_bytree': 0.3475187661467781, 'learning_rate': 0.28113459279484654, 'reg_alpha': 0.00012447402626111152, 'reg_lambda': 0.047233913715143426}. Best is trial 715 with value: 0.9377859576434285.
Trial 1350 finished with value: -0.5742361733650077 and parameters: {'max_depth': 2, 'min_child_weight': 3, 'gamma': 0.3203466586837649, 'subsample': 0.11862076748968942, 'colsample_bytree': 0.3605717714119654, 'learning_rate': 0.4989383472648612, 'reg_alpha': 0.008528277242428993, 'reg_lambda': 0.0014740405892284345}. Best is trial 715 with value: 0.9377859576434285.
Trial 1321 finished with value: 0.8881677660339323 and parameters: {'max_depth': 8, 'min_child_weight': 2, 'gamma': 0.5627867414266123, 'subsample': 0.7548218656430223, 'colsample_bytree': 0.48604586067922884, 'learning_rate': 0.16947631720935197, 'reg_alpha': 0.00016572629046322811, 'reg_lambda': 0.8324276622424327}. Best is trial 715 with value: 0.9377859576434285.
Trial 1337 finished with value: 0.5255368633080394 and parameters: {'max_depth': 9, 'min_child_weight': 5, 'gamma': 0.30069704944724995, 'subsample': 0.288883338963696, 'colsample_bytree': 0.14378366868960923, 'learning_rate': 0.23749763703355664, 'reg_alpha': 0.05691929099020013, 'reg_lambda': 0.004757934665612255}. Best is trial 715 with value: 0.9377859576434285.
Trial 1348 finished with value: -0.43917841695965526 and parameters: {'max_depth': 3, 'min_child_weight': 4, 'gamma': 0.5474888142627607, 'subsample': 0.14745957121741549, 'colsample_bytree': 0.0586993967531243, 'learning_rate': 0.8086390907384629, 'reg_alpha': 0.23213784873522753, 'reg_lambda': 0.11120309726666915}. Best is trial 715 with value: 0.9377859576434285.
Trial 1332 finished with value: 0.794836231304747 and parameters: {'max_depth': 7, 'min_child_weight': 3, 'gamma': 0.4270273201369158, 'subsample': 0.3091812263616506, 'colsample_bytree': 0.5545416068172122, 'learning_rate': 0.588909526446675, 'reg_alpha': 0.00013084814387272835, 'reg_lambda': 6.069489341368061}. Best is trial 715 with value: 0.9377859576434285.
Trial 1353 finished with value: 0.48594999365561803 and parameters: {'max_depth': 2, 'min_child_weight': 3, 'gamma': 0.021219062435922642, 'subsample': 0.9917929017263176, 'colsample_bytree': 0.5395906459794564, 'learning_rate': 0.6599413563099227, 'reg_alpha': 0.05230915069860225, 'reg_lambda': 0.5685160970116082}. Best is trial 715 with value: 0.9377859576434285.
Trial 1354 finished with value: 0.44099610853008075 and parameters: {'max_depth': 2, 'min_child_weight': 5, 'gamma': 0.033433746250808305, 'subsample': 0.7629304396716414, 'colsample_bytree': 0.9073795752078694, 'learning_rate': 0.05605491897199244, 'reg_alpha': 0.0008651529308921979, 'reg_lambda': 0.0005466857873108831}. Best is trial 715 with value: 0.9377859576434285.
Trial 1355 finished with value: 0.36385189704905363 and parameters: {'max_depth': 2, 'min_child_weight': 1, 'gamma': 0.7817110484058849, 'subsample': 0.5973511219777801, 'colsample_bytree': 0.5059545340009283, 'learning_rate': 0.027278966030449325, 'reg_alpha': 0.17927007258051936, 'reg_lambda': 0.020625073287319606}. Best is trial 715 with value: 0.9377859576434285.
Trial 1330 finished with value: 0.7225799881889422 and parameters: {'max_depth': 9, 'min_child_weight': 1, 'gamma': 0.5782390394369642, 'subsample': 0.49095854000387107, 'colsample_bytree': 0.41544905640988217, 'learning_rate': 0.9205000980128699, 'reg_alpha': 3.1378698079320895, 'reg_lambda': 0.03842691636285379}. Best is trial 715 with value: 0.9377859576434285.
Trial 1338 finished with value: 0.7946641699072304 and parameters: {'max_depth': 6, 'min_child_weight': 2, 'gamma': 0.0706032462222872, 'subsample': 0.24750243150323914, 'colsample_bytree': 0.8861432441064048, 'learning_rate': 0.059191122848246125, 'reg_alpha': 1.9560534598929713, 'reg_lambda': 0.3536012845358388}. Best is trial 715 with value: 0.9377859576434285.
Trial 1339 finished with value: 0.808035459487802 and parameters: {'max_depth': 9, 'min_child_weight': 4, 'gamma': 0.7373244212760358, 'subsample': 0.6307119672351028, 'colsample_bytree': 0.27720092026690113, 'learning_rate': 0.6433771264159768, 'reg_alpha': 3.6137541832828255, 'reg_lambda': 0.0008887757725278771}. Best is trial 715 with value: 0.9377859576434285.
Trial 1361 finished with value: 0.09323360296738104 and parameters: {'max_depth': 1, 'min_child_weight': 2, 'gamma': 0.20779339284100173, 'subsample': 0.979931820809274, 'colsample_bytree': 0.7623988662103556, 'learning_rate': 0.5684150193947388, 'reg_alpha': 3.1210489507146857, 'reg_lambda': 0.1582427182431216}. Best is trial 715 with value: 0.9377859576434285.
Trial 1364 finished with value: 0.09175940845075856 and parameters: {'max_depth': 1, 'min_child_weight': 5, 'gamma': 0.6787330252527066, 'subsample': 0.25720523048771404, 'colsample_bytree': 0.30998541835158533, 'learning_rate': 0.0917347756443212, 'reg_alpha': 0.0006699634977919095, 'reg_lambda': 0.006285530717758167}. Best is trial 715 with value: 0.9377859576434285.
Trial 1341 finished with value: 0.895278397903042 and parameters: {'max_depth': 6, 'min_child_weight': 5, 'gamma': 0.2786607005734607, 'subsample': 0.7583451275303865, 'colsample_bytree': 0.6385551160614501, 'learning_rate': 0.9858783234823915, 'reg_alpha': 0.15065892723863855, 'reg_lambda': 0.02068397603487385}. Best is trial 715 with value: 0.9377859576434285.
Trial 1342 finished with value: 0.8991402112974198 and parameters: {'max_depth': 6, 'min_child_weight': 2, 'gamma': 0.7384289143240231, 'subsample': 0.7374953691856403, 'colsample_bytree': 0.971801585364045, 'learning_rate': 0.215124011589915, 'reg_alpha': 1.4778096821244424, 'reg_lambda': 0.42655869741758623}. Best is trial 715 with value: 0.9377859576434285.
Trial 1360 finished with value: -2.0859431392752588 and parameters: {'max_depth': 3, 'min_child_weight': 5, 'gamma': 0.8670578463386045, 'subsample': 0.23642225787252868, 'colsample_bytree': 0.8518109628003565, 'learning_rate': 0.7629114537226575, 'reg_alpha': 0.13845709124561012, 'reg_lambda': 0.0005136401762250209}. Best is trial 715 with value: 0.9377859576434285.
Trial 1343 finished with value: 0.5774057342743746 and parameters: {'max_depth': 9, 'min_child_weight': 5, 'gamma': 0.7380048021442782, 'subsample': 0.5114527721958037, 'colsample_bytree': 0.2447539106668727, 'learning_rate': 0.8737888034318941, 'reg_alpha': 0.000269510337058012, 'reg_lambda': 0.0006982389755032469}. Best is trial 715 with value: 0.9377859576434285.
Trial 1346 finished with value: 0.8884627389008467 and parameters: {'max_depth': 6, 'min_child_weight': 2, 'gamma': 0.59988208295131, 'subsample': 0.9980251928901259, 'colsample_bytree': 0.44750725319017526, 'learning_rate': 0.724331848327308, 'reg_alpha': 0.013456646607185612, 'reg_lambda': 0.0004154753426356254}. Best is trial 715 with value: 0.9377859576434285.
Trial 1320 finished with value: 0.8614844740034547 and parameters: {'max_depth': 9, 'min_child_weight': 1, 'gamma': 0.28621487307813, 'subsample': 0.7380863497361567, 'colsample_bytree': 0.9633996618966996, 'learning_rate': 0.802825376920143, 'reg_alpha': 0.08695572951687089, 'reg_lambda': 0.00013030310311642346}. Best is trial 715 with value: 0.9377859576434285.
Trial 1367 finished with value: 0.08051169192305489 and parameters: {'max_depth': 4, 'min_child_weight': 3, 'gamma': 0.20135243104422507, 'subsample': 0.3685630853099514, 'colsample_bytree': 0.05847366954963973, 'learning_rate': 0.17565530575101407, 'reg_alpha': 0.002804124562848487, 'reg_lambda': 0.231270504593771}. Best is trial 715 with value: 0.9377859576434285.
Trial 1359 finished with value: 0.028440550792686058 and parameters: {'max_depth': 10, 'min_child_weight': 5, 'gamma': 0.8301113206958711, 'subsample': 0.5374642007015688, 'colsample_bytree': 0.021763384519446594, 'learning_rate': 0.7244112475325466, 'reg_alpha': 3.5998081592003186, 'reg_lambda': 0.0031845240528144553}. Best is trial 715 with value: 0.9377859576434285.
Trial 1349 finished with value: 0.8731325819562777 and parameters: {'max_depth': 6, 'min_child_weight': 1, 'gamma': 0.4060005462272033, 'subsample': 0.5427674483249751, 'colsample_bytree': 0.5436902877543477, 'learning_rate': 0.8531897529638132, 'reg_alpha': 5.39543688565386, 'reg_lambda': 0.17683517656027117}. Best is trial 715 with value: 0.9377859576434285.
Trial 1373 finished with value: 0.07962652617178509 and parameters: {'max_depth': 1, 'min_child_weight': 5, 'gamma': 0.7099284878743253, 'subsample': 0.2900550717640987, 'colsample_bytree': 0.5357963433021162, 'learning_rate': 0.020810092951812353, 'reg_alpha': 0.0010928080512642067, 'reg_lambda': 0.6402333116418558}. Best is trial 715 with value: 0.9377859576434285.
Trial 1366 finished with value: 0.6354470632691128 and parameters: {'max_depth': 4, 'min_child_weight': 1, 'gamma': 0.1797131721122004, 'subsample': 0.8642605152957601, 'colsample_bytree': 0.1796330968617218, 'learning_rate': 0.9546847185343299, 'reg_alpha': 1.1376358644350468, 'reg_lambda': 0.0002529405205508095}. Best is trial 715 with value: 0.9377859576434285.
Trial 1336 finished with value: 0.9155799131913568 and parameters: {'max_depth': 9, 'min_child_weight': 2, 'gamma': 0.9605478596265935, 'subsample': 0.9294017864696605, 'colsample_bytree': 0.810918850012726, 'learning_rate': 0.029028895315773462, 'reg_alpha': 0.8764119841766956, 'reg_lambda': 0.0017890952457210367}. Best is trial 715 with value: 0.9377859576434285.
Trial 1371 finished with value: 0.6948544209582674 and parameters: {'max_depth': 3, 'min_child_weight': 3, 'gamma': 0.7454743579079962, 'subsample': 0.9225174855891916, 'colsample_bytree': 0.8817411105161462, 'learning_rate': 0.19415581640263768, 'reg_alpha': 0.14596756499715888, 'reg_lambda': 0.0006431030129825651}. Best is trial 715 with value: 0.9377859576434285.
