Trial 1251 finished with value: 0.05538534773402093 and parameters: {'max_depth': 10, 'min_child_weight': 4, 'gamma': 0.36458158103043303, 'subsample': 0.24119433896604647, 'colsample_bytree': 0.057838040285884906, 'learning_rate': 0.3822402158204248, 'reg_alpha': 0.7501977452187479, 'reg_lambda': 0.0007812064674680097}. Best is trial 715 with value: 0.9377859576434285.
Trial 1248 finished with value: 0.8079966624582452 and parameters: {'max_depth': 4, 'min_child_weight': 2, 'gamma': 0.03424951402823506, 'subsample': 0.8359319301756483, 'colsample_bytree': 0.6642812319298703, 'learning_rate': 0.30804626466352425, 'reg_alpha': 0.00011251134193757448, 'reg_lambda': 4.8157118873641895}. Best is trial 715 with value: 0.9377859576434285.
Trial 1244 finished with value: 0.8517027508719544 and parameters: {'max_depth': 10, 'min_child_weight': 1, 'gamma': 0.5867682404433965, 'subsample': 0.9008708396752733, 'colsample_bytree': 0.20445333354861517, 'learning_rate': 0.5827087321836735, 'reg_alpha': 6.2547077426136735, 'reg_lambda': 0.06015785217857771}. Best is trial 715 with value: 0.9377859576434285.
Trial 1256 finished with value: -0.0005726063536687698 and parameters: {'max_depth': 7, 'min_child_weight': 3, 'gamma': 0.5009363930459046, 'subsample': 0.3306330880675301, 'colsample_bytree': 0.06349740535636406, 'learning_rate': 0.8789503056353659, 'reg_alpha': 7.272692743075126, 'reg_lambda': 0.5984255190766433}. Best is trial 715 with value: 0.9377859576434285.
Trial 1232 finished with value: 0.908534379172388 and parameters: {'max_depth': 7, 'min_child_weight': 1, 'gamma': 0.2268661431057083, 'subsample': 0.8268993535449548, 'colsample_bytree': 0.6668952412218752, 'learning_rate': 0.2686914301521589, 'reg_alpha': 0.04519061112605106, 'reg_lambda': 0.00163167134879318}. Best is trial 715 with value: 0.9377859576434285.
Trial 1259 finished with value: 0.770851140219444 and parameters: {'max_depth': 3, 'min_child_weight': 4, 'gamma': 0.4340743750711157, 'subsample': 0.9465347037420633, 'colsample_bytree': 0.9431641354680419, 'learning_rate': 0.9170125838462558, 'reg_alpha': 0.0005127249347660979, 'reg_lambda': 0.00011510038054194098}. Best is trial 715 with value: 0.9377859576434285.
Trial 1265 finished with value: -0.9560326524958974 and parameters: {'max_depth': 2, 'min_child_weight': 4, 'gamma': 0.41431256099888214, 'subsample': 0.1814585882331965, 'colsample_bytree': 0.7553848682753127, 'learning_rate': 0.7167011296996328, 'reg_alpha': 0.00016207296423360063, 'reg_lambda': 0.000379019772149829}. Best is trial 715 with value: 0.9377859576434285.
Trial 1246 finished with value: 0.6174364619230137 and parameters: {'max_depth': 7, 'min_child_weight': 5, 'gamma': 0.7817315127443054, 'subsample': 0.3247609892410759, 'colsample_bytree': 0.46238190632804466, 'learning_rate': 0.5613829233059545, 'reg_alpha': 0.0006383981939902524, 'reg_lambda': 0.35830287464290583}. Best is trial 715 with value: 0.9377859576434285.
Trial 1271 finished with value: 0.09108011858899255 and parameters: {'max_depth': 1, 'min_child_weight': 3, 'gamma': 0.0926998071141808, 'subsample': 0.48556764818556897, 'colsample_bytree': 0.6554481436189409, 'learning_rate': 0.03725647716331093, 'reg_alpha': 0.4525477693744673, 'reg_lambda': 0.6364440269774142}. Best is trial 715 with value: 0.9377859576434285.
Trial 1261 finished with value: -0.31654496485252387 and parameters: {'max_depth': 5, 'min_child_weight': 3, 'gamma': 0.5230789117974007, 'subsample': 0.209533611938446, 'colsample_bytree': 0.1202451029525814, 'learning_rate': 0.7002521543765268, 'reg_alpha': 0.023660171902111508, 'reg_lambda': 0.0007235852261903305}. Best is trial 715 with value: 0.9377859576434285.
Trial 1262 finished with value: 0.7575395635598516 and parameters: {'max_depth': 4, 'min_child_weight': 4, 'gamma': 0.027231740704602103, 'subsample': 0.7722995107951887, 'colsample_bytree': 0.38267929654409527, 'learning_rate': 0.9165698046826136, 'reg_alpha': 0.0010103137577101118, 'reg_lambda': 0.011727823648013632}. Best is trial 715 with value: 0.9377859576434285.
Trial 1266 finished with value: 0.6610927624339802 and parameters: {'max_depth': 3, 'min_child_weight': 5, 'gamma': 0.9705152981437846, 'subsample': 0.8598752815986609, 'colsample_bytree': 0.40843782277791707, 'learning_rate': 0.772971482170549, 'reg_alpha': 0.09120210685485411, 'reg_lambda': 0.16841347919520092}. Best is trial 715 with value: 0.9377859576434285.
Trial 1264 finished with value: 0.663036954639495 and parameters: {'max_depth': 4, 'min_child_weight': 4, 'gamma': 0.5770261498568313, 'subsample': 0.2850403000903253, 'colsample_bytree': 0.7541866301017337, 'learning_rate': 0.3491239883790831, 'reg_alpha': 0.029453918747466997, 'reg_lambda': 2.9566863011530318}. Best is trial 715 with value: 0.9377859576434285.
Trial 1230 finished with value: 0.8525089496360418 and parameters: {'max_depth': 9, 'min_child_weight': 2, 'gamma': 0.7180913141926021, 'subsample': 0.8174409213531646, 'colsample_bytree': 0.7499093951651665, 'learning_rate': 0.8134044759191894, 'reg_alpha': 0.06201541828728326, 'reg_lambda': 0.00267816850427908}. Best is trial 715 with value: 0.9377859576434285.
Trial 1237 finished with value: 0.8693420174520422 and parameters: {'max_depth': 10, 'min_child_weight': 2, 'gamma': 0.6048267478429528, 'subsample': 0.5879517688761143, 'colsample_bytree': 0.45235595043723453, 'learning_rate': 0.6583905548002011, 'reg_alpha': 0.001498035391392841, 'reg_lambda': 1.1304097734304956}. Best is trial 715 with value: 0.9377859576434285.
Trial 1250 finished with value: 0.8479802383167065 and parameters: {'max_depth': 10, 'min_child_weight': 4, 'gamma': 0.21454169862543138, 'subsample': 0.883690153054426, 'colsample_bytree': 0.6147306996348223, 'learning_rate': 0.06847996636254605, 'reg_alpha': 4.807228674125582, 'reg_lambda': 5.835834352155197}. Best is trial 715 with value: 0.9377859576434285.
Trial 1278 finished with value: 0.08483414958425947 and parameters: {'max_depth': 1, 'min_child_weight': 2, 'gamma': 0.6170103854360074, 'subsample': 0.6525699577321343, 'colsample_bytree': 0.1993695696311667, 'learning_rate': 0.124897515867061, 'reg_alpha': 0.0001916433487308227, 'reg_lambda': 0.692264810781364}. Best is trial 715 with value: 0.9377859576434285.
Trial 1241 finished with value: 0.691043096414579 and parameters: {'max_depth': 9, 'min_child_weight': 2, 'gamma': 0.27491587183377564, 'subsample': 0.3504287094655826, 'colsample_bytree': 0.5509010774395547, 'learning_rate': 0.5955298337748312, 'reg_alpha': 0.01401841460803657, 'reg_lambda': 0.15367420898851367}. Best is trial 715 with value: 0.9377859576434285.
Trial 1242 finished with value: 0.8968560303178091 and parameters: {'max_depth': 8, 'min_child_weight': 1, 'gamma': 0.24728334041491173, 'subsample': 0.7759240102674752, 'colsample_bytree': 0.8973928987321986, 'learning_rate': 0.5927048753133856, 'reg_alpha': 0.35929618098969957, 'reg_lambda': 0.0016861113807503678}. Best is trial 715 with value: 0.9377859576434285.
Trial 1263 finished with value: -1.172701490449841e+16 and parameters: {'max_depth': 7, 'min_child_weight': 2, 'gamma': 0.5263421938926747, 'subsample': 0.10833595429016363, 'colsample_bytree': 0.255447531517075, 'learning_rate': 0.8943398727300333, 'reg_alpha': 3.023201062688266, 'reg_lambda': 0.11884274052100169}. Best is trial 715 with value: 0.9377859576434285.
Trial 1280 finished with value: 0.023897641227970202 and parameters: {'max_depth': 1, 'min_child_weight': 1, 'gamma': 0.44724698071341307, 'subsample': 0.2204561521744257, 'colsample_bytree': 0.4022444297662604, 'learning_rate': 0.6410535052706026, 'reg_alpha': 0.17240799808407864, 'reg_lambda': 0.5302158008147684}. Best is trial 715 with value: 0.9377859576434285.
Trial 1281 finished with value: 0.07467832528379512 and parameters: {'max_depth': 1, 'min_child_weight': 5, 'gamma': 0.6651633902897364, 'subsample': 0.358397306013291, 'colsample_bytree': 0.2501112991034403, 'learning_rate': 0.18501254450376836, 'reg_alpha': 2.663005853778711, 'reg_lambda': 0.037055607191540614}. Best is trial 715 with value: 0.9377859576434285.
Trial 1245 finished with value: -396.98153218147513 and parameters: {'max_depth': 10, 'min_child_weight': 2, 'gamma': 0.6686571129865562, 'subsample': 0.2951915364283909, 'colsample_bytree': 0.585230453555549, 'learning_rate': 0.7684977197276248, 'reg_alpha': 0.010227000218047826, 'reg_lambda': 0.00022019886658662167}. Best is trial 715 with value: 0.9377859576434285.
Trial 1270 finished with value: -50.60664101320954 and parameters: {'max_depth': 4, 'min_child_weight': 3, 'gamma': 0.7674744865975353, 'subsample': 0.1867513230130463, 'colsample_bytree': 0.6839210557719253, 'learning_rate': 0.6757439933639435, 'reg_alpha': 0.21356721570234935, 'reg_lambda': 0.00015766829371683598}. Best is trial 715 with value: 0.9377859576434285.
Trial 1260 finished with value: 0.8468673163586601 and parameters: {'max_depth': 7, 'min_child_weight': 2, 'gamma': 0.3625378556492337, 'subsample': 0.7721704789065673, 'colsample_bytree': 0.2912503437366173, 'learning_rate': 0.17113415040597701, 'reg_alpha': 0.00024282693513509097, 'reg_lambda': 0.06353844945561529}. Best is trial 715 with value: 0.9377859576434285.
Trial 1258 finished with value: 0.6548264919332119 and parameters: {'max_depth': 8, 'min_child_weight': 3, 'gamma': 0.543124235410883, 'subsample': 0.28054234468608585, 'colsample_bytree': 0.5003851234888942, 'learning_rate': 0.01657814666032953, 'reg_alpha': 0.0047431452546342154, 'reg_lambda': 0.015219784283965334}. Best is trial 715 with value: 0.9377859576434285.
Trial 1273 finished with value: 0.0671871201835068 and parameters: {'max_depth': 10, 'min_child_weight': 4, 'gamma': 0.17003490552735256, 'subsample': 0.6424863223729662, 'colsample_bytree': 0.03062590201140314, 'learning_rate': 0.374442246033617, 'reg_alpha': 0.11873846527456039, 'reg_lambda': 0.0001099197809961008}. Best is trial 715 with value: 0.9377859576434285.
Trial 1249 finished with value: 0.887087301557995 and parameters: {'max_depth': 9, 'min_child_weight': 2, 'gamma': 0.16089307195910185, 'subsample': 0.3404213148895321, 'colsample_bytree': 0.6906285424641497, 'learning_rate': 0.21773820527184273, 'reg_alpha': 0.020512466211584014, 'reg_lambda': 0.0025372667838870766}. Best is trial 715 with value: 0.9377859576434285.
Trial 1275 finished with value: 0.09408669935097716 and parameters: {'max_depth': 4, 'min_child_weight': 4, 'gamma': 0.6056781949959563, 'subsample': 0.3225473011541826, 'colsample_bytree': 0.22959576651772662, 'learning_rate': 0.7241396977638828, 'reg_alpha': 3.2113215686099528, 'reg_lambda': 0.00017299384187638688}. Best is trial 715 with value: 0.9377859576434285.
Trial 1279 finished with value: 0.41357558704683983 and parameters: {'max_depth': 3, 'min_child_weight': 3, 'gamma': 0.09553669938630249, 'subsample': 0.07173339475888763, 'colsample_bytree': 0.735691461125612, 'learning_rate': 0.10811796009616947, 'reg_alpha': 0.0002652597274337263, 'reg_lambda': 0.28434481261519196}. Best is trial 715 with value: 0.9377859576434285.
Trial 1284 finished with value: -0.5645922931402853 and parameters: {'max_depth': 2, 'min_child_weight': 1, 'gamma': 0.4151451496970814, 'subsample': 0.053337719650119464, 'colsample_bytree': 0.6071671868709883, 'learning_rate': 0.15462284068995047, 'reg_alpha': 0.0005196090473215197, 'reg_lambda': 0.04373512696576349}. Best is trial 715 with value: 0.9377859576434285.
Trial 1289 finished with value: 0.45421459024883204 and parameters: {'max_depth': 2, 'min_child_weight': 1, 'gamma': 0.9015904313430045, 'subsample': 0.6433149042061682, 'colsample_bytree': 0.263054886486347, 'learning_rate': 0.26500467689098106, 'reg_alpha': 1.8314979147121213, 'reg_lambda': 0.026424589350797705}. Best is trial 715 with value: 0.9377859576434285.
Trial 1288 finished with value: -1.9514241511332533 and parameters: {'max_depth': 4, 'min_child_weight': 2, 'gamma': 0.9724476438290672, 'subsample': 0.024474929082082153, 'colsample_bytree': 0.3428950562857681, 'learning_rate': 0.5070072543640873, 'reg_alpha': 0.045989311178640864, 'reg_lambda': 2.2977331921382027}. Best is trial 715 with value: 0.9377859576434285.
Trial 1269 finished with value: 0.7717847520452324 and parameters: {'max_depth': 7, 'min_child_weight': 1, 'gamma': 0.7276559775699811, 'subsample': 0.31045519110165376, 'colsample_bytree': 0.29219141205501886, 'learning_rate': 0.22718764892212118, 'reg_alpha': 0.0007965390232922949, 'reg_lambda': 0.007598076063345955}. Best is trial 715 with value: 0.9377859576434285.
Trial 1292 finished with value: -0.18988727041349746 and parameters: {'max_depth': 2, 'min_child_weight': 5, 'gamma': 0.756981383236138, 'subsample': 0.26606152841227837, 'colsample_bytree': 0.6577576228661357, 'learning_rate': 0.8590067143725876, 'reg_alpha': 2.5400352429458763, 'reg_lambda': 0.0001647339644694885}. Best is trial 715 with value: 0.9377859576434285.
Trial 1286 finished with value: 0.5629331383404743 and parameters: {'max_depth': 3, 'min_child_weight': 1, 'gamma': 0.8446772124856547, 'subsample': 0.3243973095303033, 'colsample_bytree': 0.6845172312541162, 'learning_rate': 0.32724687400849006, 'reg_alpha': 0.002589411614956988, 'reg_lambda': 0.0010390787017335319}. Best is trial 715 with value: 0.9377859576434285.
Trial 1247 finished with value: 0.8276377565187663 and parameters: {'max_depth': 10, 'min_child_weight': 3, 'gamma': 0.09890948531024024, 'subsample': 0.8052308073732418, 'colsample_bytree': 0.9382458476619989, 'learning_rate': 0.9013216697463418, 'reg_alpha': 0.0028652257776655824, 'reg_lambda': 0.0005394885658595137}. Best is trial 715 with value: 0.9377859576434285.
Trial 1276 finished with value: 0.8517388007164857 and parameters: {'max_depth': 5, 'min_child_weight': 1, 'gamma': 0.18351268642763507, 'subsample': 0.6672859781288579, 'colsample_bytree': 0.5823032373476636, 'learning_rate': 0.7092764649430898, 'reg_alpha': 0.8215587079324147, 'reg_lambda': 0.0014839871172362858}. Best is trial 715 with value: 0.9377859576434285.
Trial 1253 finished with value: 0.9062258655708477 and parameters: {'max_depth': 9, 'min_child_weight': 1, 'gamma': 0.2759316087744932, 'subsample': 0.7852492300811565, 'colsample_bytree': 0.804424571053833, 'learning_rate': 0.2593800585982249, 'reg_alpha': 0.04898261251492414, 'reg_lambda': 0.001504797090578029}. Best is trial 715 with value: 0.9377859576434285.
Trial 1277 finished with value: 0.742616946368466 and parameters: {'max_depth': 6, 'min_child_weight': 5, 'gamma': 0.632393345330072, 'subsample': 0.8025805965229341, 'colsample_bytree': 0.22523343650481376, 'learning_rate': 0.7335185190937741, 'reg_alpha': 0.2258853900194432, 'reg_lambda': 0.003650901680437532}. Best is trial 715 with value: 0.9377859576434285.
Trial 1268 finished with value: 0.9128127556776497 and parameters: {'max_depth': 7, 'min_child_weight': 2, 'gamma': 0.19124660545705663, 'subsample': 0.6931626554933128, 'colsample_bytree': 0.6623802728544846, 'learning_rate': 0.10578980080707356, 'reg_alpha': 0.01409798480191305, 'reg_lambda': 0.049654811488393145}. Best is trial 715 with value: 0.9377859576434285.
Trial 1293 finished with value: 0.5283916561400134 and parameters: {'max_depth': 3, 'min_child_weight': 2, 'gamma': 0.405062859525812, 'subsample': 0.5215995259229192, 'colsample_bytree': 0.3277392977867838, 'learning_rate': 0.7627562228927784, 'reg_alpha': 0.11753405831068683, 'reg_lambda': 0.0704567626709021}. Best is trial 715 with value: 0.9377859576434285.
Trial 1285 finished with value: -1.502390065581112 and parameters: {'max_depth': 10, 'min_child_weight': 1, 'gamma': 0.24562000793831928, 'subsample': 0.06004532737952106, 'colsample_bytree': 0.19548129439931405, 'learning_rate': 0.5799041102212268, 'reg_alpha': 0.0008681399579063025, 'reg_lambda': 2.7592079732698758}. Best is trial 715 with value: 0.9377859576434285.
Trial 1301 finished with value: 0.06784665490847022 and parameters: {'max_depth': 1, 'min_child_weight': 5, 'gamma': 0.38867666607651086, 'subsample': 0.5327491245644683, 'colsample_bytree': 0.9143039802781054, 'learning_rate': 0.5231201409170723, 'reg_alpha': 0.00017258372756829657, 'reg_lambda': 9.668677224566192}. Best is trial 715 with value: 0.9377859576434285.
Trial 1272 finished with value: 0.9161646322585614 and parameters: {'max_depth': 8, 'min_child_weight': 2, 'gamma': 0.37939885900115344, 'subsample': 0.4866233923149651, 'colsample_bytree': 0.6314803587823886, 'learning_rate': 0.44141696901008187, 'reg_alpha': 1.1477317817637218, 'reg_lambda': 0.0005516537280489927}. Best is trial 715 with value: 0.9377859576434285.
Trial 1283 finished with value: 0.6197138333284034 and parameters: {'max_depth': 5, 'min_child_weight': 2, 'gamma': 0.8747826845428734, 'subsample': 0.11764865705723637, 'colsample_bytree': 0.9543108622724314, 'learning_rate': 0.029272257853185435, 'reg_alpha': 0.34043717875150337, 'reg_lambda': 0.00904641382129528}. Best is trial 715 with value: 0.9377859576434285.
Trial 1300 finished with value: -534979704431048.94 and parameters: {'max_depth': 2, 'min_child_weight': 3, 'gamma': 0.7067638405276164, 'subsample': 0.059422561483866154, 'colsample_bytree': 0.6723365529421003, 'learning_rate': 0.98597341370771, 'reg_alpha': 1.9292474869776164, 'reg_lambda': 0.00011159490448361362}. Best is trial 715 with value: 0.9377859576434285.
Trial 1287 finished with value: -32.496671307027086 and parameters: {'max_depth': 8, 'min_child_weight': 5, 'gamma': 0.4551097217557376, 'subsample': 0.1556794102814546, 'colsample_bytree': 0.5688630913443938, 'learning_rate': 0.7094696027679562, 'reg_alpha': 0.002494225089886705, 'reg_lambda': 0.00042583833989431224}. Best is trial 715 with value: 0.9377859576434285.
Trial 1298 finished with value: 0.10168835549514917 and parameters: {'max_depth': 4, 'min_child_weight': 1, 'gamma': 0.9676874798764764, 'subsample': 0.23997471161911843, 'colsample_bytree': 0.07032320121886382, 'learning_rate': 0.029717785838095034, 'reg_alpha': 0.17799656253274737, 'reg_lambda': 0.006777563877178422}. Best is trial 715 with value: 0.9377859576434285.
Trial 1291 finished with value: -7.320614909330791 and parameters: {'max_depth': 5, 'min_child_weight': 3, 'gamma': 0.6391704178305647, 'subsample': 0.24284320003144932, 'colsample_bytree': 0.336523793179484, 'learning_rate': 0.7292782925212219, 'reg_alpha': 0.03390025280331468, 'reg_lambda': 0.0008291805138540356}. Best is trial 715 with value: 0.9377859576434285.
Trial 1304 finished with value: 0.43662728903101705 and parameters: {'max_depth': 2, 'min_child_weight': 2, 'gamma': 0.7111841442545778, 'subsample': 0.6578306034822984, 'colsample_bytree': 0.27297975583601963, 'learning_rate': 0.13639452821158726, 'reg_alpha': 0.26557708153818427, 'reg_lambda': 0.9451008271934297}. Best is trial 715 with value: 0.9377859576434285.
Trial 1267 finished with value: 0.9007965957384656 and parameters: {'max_depth': 8, 'min_child_weight': 1, 'gamma': 0.25257201496654114, 'subsample': 0.7012110581326919, 'colsample_bytree': 0.8897457447033021, 'learning_rate': 0.17379707076577622, 'reg_alpha': 0.06310612206164169, 'reg_lambda': 0.7021207735035501}. Best is trial 715 with value: 0.9377859576434285.
Trial 1313 finished with value: 0.09032861486376033 and parameters: {'max_depth': 1, 'min_child_weight': 4, 'gamma': 0.05019189466914242, 'subsample': 0.7348488332172693, 'colsample_bytree': 0.5590622944052556, 'learning_rate': 0.20042815249949852, 'reg_alpha': 0.0013554248065471184, 'reg_lambda': 0.0025889049486053197}. Best is trial 715 with value: 0.9377859576434285.
Trial 1314 finished with value: 0.07760668978446524 and parameters: {'max_depth': 1, 'min_child_weight': 5, 'gamma': 0.23932413592302038, 'subsample': 0.3645662023058388, 'colsample_bytree': 0.21703494991630312, 'learning_rate': 0.019718042890827014, 'reg_alpha': 0.0031265724363001724, 'reg_lambda': 0.00988006950021755}. Best is trial 715 with value: 0.9377859576434285.
Trial 1295 finished with value: -4.0402056182801425e+31 and parameters: {'max_depth': 8, 'min_child_weight': 1, 'gamma': 0.1253609382410117, 'subsample': 0.03323903528389227, 'colsample_bytree': 0.9633988310321087, 'learning_rate': 0.6727287165654062, 'reg_alpha': 4.490783374040702, 'reg_lambda': 0.0509800852890563}. Best is trial 715 with value: 0.9377859576434285.
Trial 1274 finished with value: 0.8913749685872414 and parameters: {'max_depth': 8, 'min_child_weight': 3, 'gamma': 0.7488468950327264, 'subsample': 0.6457639852400111, 'colsample_bytree': 0.9442946090874926, 'learning_rate': 0.5530456148525472, 'reg_alpha': 0.5018909626499094, 'reg_lambda': 0.11902763998700538}. Best is trial 715 with value: 0.9377859576434285.
Trial 1312 finished with value: -0.026160099238281997 and parameters: {'max_depth': 2, 'min_child_weight': 3, 'gamma': 0.6288412918112893, 'subsample': 0.22656184263544088, 'colsample_bytree': 0.03217296775684708, 'learning_rate': 0.8437437263638812, 'reg_alpha': 0.00012479951915774642, 'reg_lambda': 0.19001835485982702}. Best is trial 715 with value: 0.9377859576434285.
Trial 1303 finished with value: 0.7570534302973246 and parameters: {'max_depth': 4, 'min_child_weight': 5, 'gamma': 0.22626985660444343, 'subsample': 0.6469937176063458, 'colsample_bytree': 0.6168794483020628, 'learning_rate': 0.5368991669023685, 'reg_alpha': 0.06820521439107903, 'reg_lambda': 0.00025724485173139305}. Best is trial 715 with value: 0.9377859576434285.
Trial 1322 finished with value: 0.0849344527675068 and parameters: {'max_depth': 1, 'min_child_weight': 2, 'gamma': 0.9752964295978404, 'subsample': 0.5952639533949391, 'colsample_bytree': 0.7499266256540597, 'learning_rate': 0.24392021315233858, 'reg_alpha': 1.224721331859172, 'reg_lambda': 1.0229135996985832}. Best is trial 715 with value: 0.9377859576434285.
