Trial 3680 finished with value: 0.082966525797627 and parameters: {'max_depth': 1, 'min_child_weight': 3, 'gamma': 0.9286085493230039, 'subsample': 0.6518436787652053, 'colsample_bytree': 0.4621038193256223, 'learning_rate': 0.961411505444049, 'reg_alpha': 0.1438203512496274, 'reg_lambda': 0.003258107161522518}. Best is trial 3619 with value: 0.9384500514029486.
Trial 3677 finished with value: 0.24113473042515493 and parameters: {'max_depth': 2, 'min_child_weight': 4, 'gamma': 0.27447630306884563, 'subsample': 0.1154630534068306, 'colsample_bytree': 0.25103425338809826, 'learning_rate': 0.17599561392615748, 'reg_alpha': 0.0034107324378313667, 'reg_lambda': 0.10067232986673785}. Best is trial 3619 with value: 0.9384500514029486.
Trial 3675 finished with value: 0.6125000576602925 and parameters: {'max_depth': 3, 'min_child_weight': 3, 'gamma': 0.45400218778592427, 'subsample': 0.5376378008524819, 'colsample_bytree': 0.5215696913845024, 'learning_rate': 0.5038230013900081, 'reg_alpha': 0.15968906498542734, 'reg_lambda': 0.040819007294156}. Best is trial 3619 with value: 0.9384500514029486.
Trial 3658 finished with value: 0.861715221890752 and parameters: {'max_depth': 6, 'min_child_weight': 3, 'gamma': 0.4189145522662344, 'subsample': 0.4172142347648161, 'colsample_bytree': 0.9139861712321217, 'learning_rate': 0.32554976058396845, 'reg_alpha': 5.222601469500166, 'reg_lambda': 1.2726467193147708}. Best is trial 3619 with value: 0.9384500514029486.
Trial 3671 finished with value: -0.06627298349733467 and parameters: {'max_depth': 6, 'min_child_weight': 2, 'gamma': 0.832961007041385, 'subsample': 0.043991960382765205, 'colsample_bytree': 0.5487206854512832, 'learning_rate': 0.20119749654652896, 'reg_alpha': 0.005514125793146882, 'reg_lambda': 0.4301081956050203}. Best is trial 3619 with value: 0.9384500514029486.
Trial 3665 finished with value: 0.3839640846611644 and parameters: {'max_depth': 6, 'min_child_weight': 1, 'gamma': 0.035362903479480345, 'subsample': 0.06526238662128614, 'colsample_bytree': 0.20464874626197183, 'learning_rate': 0.09583488337649937, 'reg_alpha': 0.2901925807963738, 'reg_lambda': 0.05165433070723218}. Best is trial 3619 with value: 0.9384500514029486.
Trial 3650 finished with value: 0.8108719059976415 and parameters: {'max_depth': 10, 'min_child_weight': 2, 'gamma': 0.41426498719963767, 'subsample': 0.3323925922056964, 'colsample_bytree': 0.4403454940111571, 'learning_rate': 0.47711494949019595, 'reg_alpha': 1.0564496843098437, 'reg_lambda': 0.1694724312947431}. Best is trial 3619 with value: 0.9384500514029486.
Trial 3686 finished with value: -3.401497611431072 and parameters: {'max_depth': 2, 'min_child_weight': 2, 'gamma': 0.9585641074727311, 'subsample': 0.021372505376345607, 'colsample_bytree': 0.9024885298925789, 'learning_rate': 0.2915911033264603, 'reg_alpha': 5.823688395089484, 'reg_lambda': 0.05852237297764961}. Best is trial 3619 with value: 0.9384500514029486.
Trial 3683 finished with value: 0.4335258777963533 and parameters: {'max_depth': 3, 'min_child_weight': 4, 'gamma': 0.5737958091111875, 'subsample': 0.17584071766333398, 'colsample_bytree': 0.343827737524356, 'learning_rate': 0.14369330479658904, 'reg_alpha': 0.5276940309791066, 'reg_lambda': 0.0013891349489336443}. Best is trial 3619 with value: 0.9384500514029486.
Trial 3690 finished with value: -42.278317602472896 and parameters: {'max_depth': 5, 'min_child_weight': 4, 'gamma': 0.2846426642901191, 'subsample': 0.017136264779144095, 'colsample_bytree': 0.860160389432038, 'learning_rate': 0.8623340870089808, 'reg_alpha': 0.00024890942938291183, 'reg_lambda': 0.008436502680251446}. Best is trial 3619 with value: 0.9384500514029486.
Trial 3663 finished with value: 0.8906791492981617 and parameters: {'max_depth': 10, 'min_child_weight': 2, 'gamma': 0.3861071320290802, 'subsample': 0.7307006702631992, 'colsample_bytree': 0.4921102639726842, 'learning_rate': 0.22843556602844106, 'reg_alpha': 3.174363898544542, 'reg_lambda': 0.0018913040133053827}. Best is trial 3619 with value: 0.9384500514029486.
Trial 3679 finished with value: 0.6927492211566821 and parameters: {'max_depth': 4, 'min_child_weight': 2, 'gamma': 0.6746970070719365, 'subsample': 0.3653658712280785, 'colsample_bytree': 0.4664820040248978, 'learning_rate': 0.287356102370138, 'reg_alpha': 0.00292155247070915, 'reg_lambda': 0.11277962432008032}. Best is trial 3619 with value: 0.9384500514029486.
Trial 3670 finished with value: -1.3175038904806439e+29 and parameters: {'max_depth': 10, 'min_child_weight': 2, 'gamma': 0.17012049723748512, 'subsample': 0.09480045398768755, 'colsample_bytree': 0.40551803642433537, 'learning_rate': 0.9154417051343672, 'reg_alpha': 0.0015412091208715291, 'reg_lambda': 0.04597100540925653}. Best is trial 3619 with value: 0.9384500514029486.
Trial 3681 finished with value: 0.47739943380469985 and parameters: {'max_depth': 7, 'min_child_weight': 3, 'gamma': 0.3745141250429008, 'subsample': 0.10301654523387382, 'colsample_bytree': 0.499764506981478, 'learning_rate': 0.0840267875008166, 'reg_alpha': 0.01486879249263967, 'reg_lambda': 3.6988344412860648}. Best is trial 3619 with value: 0.9384500514029486.
Trial 3682 finished with value: 0.35343513439923746 and parameters: {'max_depth': 5, 'min_child_weight': 5, 'gamma': 0.39379283660557285, 'subsample': 0.1820191223487967, 'colsample_bytree': 0.1941241852725475, 'learning_rate': 0.3147603201760343, 'reg_alpha': 0.18721214896504737, 'reg_lambda': 0.0016834995465120617}. Best is trial 3619 with value: 0.9384500514029486.
Trial 3648 finished with value: 0.923331080291442 and parameters: {'max_depth': 10, 'min_child_weight': 1, 'gamma': 0.6163216811212634, 'subsample': 0.4807621516489904, 'colsample_bytree': 0.7769728690727538, 'learning_rate': 0.9711184890679138, 'reg_alpha': 0.04475249982481001, 'reg_lambda': 3.1480477758846614}. Best is trial 3619 with value: 0.9384500514029486.
Trial 3672 finished with value: 0.7976247752010422 and parameters: {'max_depth': 6, 'min_child_weight': 2, 'gamma': 0.6552176751373288, 'subsample': 0.24068497360617658, 'colsample_bytree': 0.8904813544738124, 'learning_rate': 0.05126386443905517, 'reg_alpha': 0.2856943095223677, 'reg_lambda': 0.0024404046202231703}. Best is trial 3619 with value: 0.9384500514029486.
Trial 3676 finished with value: 0.6881442865739902 and parameters: {'max_depth': 8, 'min_child_weight': 2, 'gamma': 0.8462426982017534, 'subsample': 0.3084719748697682, 'colsample_bytree': 0.194805057293438, 'learning_rate': 0.28768712249254746, 'reg_alpha': 0.6900015079016499, 'reg_lambda': 0.06415226675775368}. Best is trial 3619 with value: 0.9384500514029486.
Trial 3698 finished with value: 0.09131134682221814 and parameters: {'max_depth': 1, 'min_child_weight': 2, 'gamma': 0.39013547944331417, 'subsample': 0.9027268571705921, 'colsample_bytree': 0.6322731777846321, 'learning_rate': 0.051642742026354216, 'reg_alpha': 0.00022917929132051622, 'reg_lambda': 3.352529696054528}. Best is trial 3619 with value: 0.9384500514029486.
Trial 3669 finished with value: 0.5477717569531781 and parameters: {'max_depth': 8, 'min_child_weight': 3, 'gamma': 0.4165338515415319, 'subsample': 0.5038950324751913, 'colsample_bytree': 0.33009742110728346, 'learning_rate': 0.9533217882351864, 'reg_alpha': 0.7358166811259613, 'reg_lambda': 0.09379694880769292}. Best is trial 3619 with value: 0.9384500514029486.
Trial 3696 finished with value: 0.023942308125578727 and parameters: {'max_depth': 2, 'min_child_weight': 1, 'gamma': 0.5944778572982392, 'subsample': 0.3856940732058941, 'colsample_bytree': 0.046151026666702566, 'learning_rate': 0.6021745137067162, 'reg_alpha': 0.0005016348134257984, 'reg_lambda': 0.0021025956045094786}. Best is trial 3619 with value: 0.9384500514029486.
Trial 3701 finished with value: -0.006305177614265278 and parameters: {'max_depth': 1, 'min_child_weight': 3, 'gamma': 0.40786191999838395, 'subsample': 0.1325348819784763, 'colsample_bytree': 0.27907403196070113, 'learning_rate': 0.4670229900629258, 'reg_alpha': 0.49988434223625405, 'reg_lambda': 0.12459737548857937}. Best is trial 3619 with value: 0.9384500514029486.
Trial 3662 finished with value: 0.7998533878948524 and parameters: {'max_depth': 10, 'min_child_weight': 3, 'gamma': 0.7028526456888148, 'subsample': 0.4207011035312136, 'colsample_bytree': 0.6504057022434665, 'learning_rate': 0.022757454950963707, 'reg_alpha': 0.021939324651687797, 'reg_lambda': 0.0002198487792912001}. Best is trial 3619 with value: 0.9384500514029486.
Trial 3667 finished with value: -17816923870818.53 and parameters: {'max_depth': 8, 'min_child_weight': 3, 'gamma': 0.8870324059179873, 'subsample': 0.31970851206387585, 'colsample_bytree': 0.8836320878707814, 'learning_rate': 0.9789956666405175, 'reg_alpha': 0.00828522893581718, 'reg_lambda': 0.000821306138158703}. Best is trial 3619 with value: 0.9384500514029486.
Trial 3689 finished with value: 0.6083043338400763 and parameters: {'max_depth': 4, 'min_child_weight': 3, 'gamma': 0.8791901821349855, 'subsample': 0.44847880246273175, 'colsample_bytree': 0.5691645342644247, 'learning_rate': 0.7321329701991109, 'reg_alpha': 3.427392843339374, 'reg_lambda': 0.0002850038958884755}. Best is trial 3619 with value: 0.9384500514029486.
Trial 3692 finished with value: 0.9059703290312086 and parameters: {'max_depth': 7, 'min_child_weight': 3, 'gamma': 0.7149933957828317, 'subsample': 0.9342647291001005, 'colsample_bytree': 0.6064889704926673, 'learning_rate': 0.7643001890176317, 'reg_alpha': 7.319364285434787, 'reg_lambda': 0.012084764669862}. Best is trial 3619 with value: 0.9384500514029486.
Trial 3678 finished with value: 0.8763632035843296 and parameters: {'max_depth': 7, 'min_child_weight': 5, 'gamma': 0.6462304010446698, 'subsample': 0.6562691879547095, 'colsample_bytree': 0.8154039191008772, 'learning_rate': 0.13331365261355177, 'reg_alpha': 1.1794789870232256, 'reg_lambda': 0.00026942157255974424}. Best is trial 3619 with value: 0.9384500514029486.
Trial 3709 finished with value: -0.7586190432539874 and parameters: {'max_depth': 7, 'min_child_weight': 5, 'gamma': 0.5200109567623907, 'subsample': 0.017332623603826258, 'colsample_bytree': 0.7457490008874059, 'learning_rate': 0.04257579267076228, 'reg_alpha': 0.40299833755055664, 'reg_lambda': 0.004257672875588509}. Best is trial 3619 with value: 0.9384500514029486.
Trial 3708 finished with value: 0.07492967175390126 and parameters: {'max_depth': 1, 'min_child_weight': 4, 'gamma': 0.4257028792653522, 'subsample': 0.7536894784932207, 'colsample_bytree': 0.14106047575705782, 'learning_rate': 0.33623862646430136, 'reg_alpha': 0.5096229094455093, 'reg_lambda': 0.18034539960426807}. Best is trial 3619 with value: 0.9384500514029486.
Trial 3685 finished with value: 0.8515681147333113 and parameters: {'max_depth': 7, 'min_child_weight': 5, 'gamma': 0.20107766024447704, 'subsample': 0.524966795949185, 'colsample_bytree': 0.8556152140470157, 'learning_rate': 0.9336949661570983, 'reg_alpha': 8.15549495524232, 'reg_lambda': 4.056382590655472}. Best is trial 3619 with value: 0.9384500514029486.
Trial 3702 finished with value: 0.6026701668424773 and parameters: {'max_depth': 3, 'min_child_weight': 2, 'gamma': 0.5162836231791064, 'subsample': 0.4857345933593664, 'colsample_bytree': 0.9713593392319673, 'learning_rate': 0.06679096158562692, 'reg_alpha': 1.736606000331631, 'reg_lambda': 0.706934649652246}. Best is trial 3619 with value: 0.9384500514029486.
Trial 3699 finished with value: 0.3575868413746767 and parameters: {'max_depth': 6, 'min_child_weight': 5, 'gamma': 0.47416259974915653, 'subsample': 0.1441001367205741, 'colsample_bytree': 0.3989773568957612, 'learning_rate': 0.25616757999191264, 'reg_alpha': 3.4980759616966477, 'reg_lambda': 0.524561753306506}. Best is trial 3619 with value: 0.9384500514029486.
Trial 3700 finished with value: 0.6771821121160978 and parameters: {'max_depth': 4, 'min_child_weight': 1, 'gamma': 0.8568547764234823, 'subsample': 0.5126807305917265, 'colsample_bytree': 0.39766715609776626, 'learning_rate': 0.631609059306652, 'reg_alpha': 7.531986979339555, 'reg_lambda': 0.0003196475238320537}. Best is trial 3619 with value: 0.9384500514029486.
Trial 3705 finished with value: -5914790688987.962 and parameters: {'max_depth': 6, 'min_child_weight': 3, 'gamma': 0.4240468109743334, 'subsample': 0.04611910902719796, 'colsample_bytree': 0.8975195119101232, 'learning_rate': 0.9877384970546577, 'reg_alpha': 0.005480972028449319, 'reg_lambda': 1.2275383933538926}. Best is trial 3619 with value: 0.9384500514029486.
Trial 3703 finished with value: 0.6839414600425774 and parameters: {'max_depth': 3, 'min_child_weight': 1, 'gamma': 0.8766152464206974, 'subsample': 0.7911148780293571, 'colsample_bytree': 0.6360567458265594, 'learning_rate': 0.33550989122543295, 'reg_alpha': 0.0025877529491115585, 'reg_lambda': 0.25758550076029463}. Best is trial 3619 with value: 0.9384500514029486.
Trial 3697 finished with value: -60.883800696856476 and parameters: {'max_depth': 7, 'min_child_weight': 5, 'gamma': 0.602029415439479, 'subsample': 0.19231777695526464, 'colsample_bytree': 0.45640229730337456, 'learning_rate': 0.7744108970679948, 'reg_alpha': 0.8917640001815565, 'reg_lambda': 0.0005704812739217504}. Best is trial 3619 with value: 0.9384500514029486.
Trial 3684 finished with value: 0.776381826236774 and parameters: {'max_depth': 9, 'min_child_weight': 4, 'gamma': 0.775286368783556, 'subsample': 0.504112162854369, 'colsample_bytree': 0.4386784325008325, 'learning_rate': 0.6464838593672354, 'reg_alpha': 0.005975154128980387, 'reg_lambda': 0.0001220468009220137}. Best is trial 3619 with value: 0.9384500514029486.
Trial 3674 finished with value: 0.8501547899504475 and parameters: {'max_depth': 10, 'min_child_weight': 2, 'gamma': 0.9447535914898172, 'subsample': 0.5365920327847443, 'colsample_bytree': 0.9590411781474566, 'learning_rate': 0.7315534475981017, 'reg_alpha': 0.43022369201442084, 'reg_lambda': 0.00026547878423401576}. Best is trial 3619 with value: 0.9384500514029486.
Trial 3673 finished with value: -1370.9597613367134 and parameters: {'max_depth': 9, 'min_child_weight': 1, 'gamma': 0.39446231776705454, 'subsample': 0.44643119878101334, 'colsample_bytree': 0.6875477803543661, 'learning_rate': 0.906389157619128, 'reg_alpha': 0.00395712888802836, 'reg_lambda': 0.004036661753391618}. Best is trial 3619 with value: 0.9384500514029486.
Trial 3716 finished with value: 0.028929347473319135 and parameters: {'max_depth': 1, 'min_child_weight': 5, 'gamma': 0.6756861547962743, 'subsample': 0.21593650484779547, 'colsample_bytree': 0.7966496134738682, 'learning_rate': 0.4608186139240178, 'reg_alpha': 0.0009997230721971754, 'reg_lambda': 0.07081858689092949}. Best is trial 3619 with value: 0.9384500514029486.
Trial 3691 finished with value: 0.7696504035265971 and parameters: {'max_depth': 8, 'min_child_weight': 4, 'gamma': 0.29946850469509645, 'subsample': 0.5147988884316999, 'colsample_bytree': 0.3583115982505011, 'learning_rate': 0.47267634998745045, 'reg_alpha': 0.03230171505995593, 'reg_lambda': 0.0013012410955669511}. Best is trial 3619 with value: 0.9384500514029486.
Trial 3719 finished with value: 0.05060715148366739 and parameters: {'max_depth': 1, 'min_child_weight': 1, 'gamma': 0.47251786107264193, 'subsample': 0.28466083819159105, 'colsample_bytree': 0.03680447330768233, 'learning_rate': 0.37866795379195384, 'reg_alpha': 0.0006793930530024628, 'reg_lambda': 0.023309345229017533}. Best is trial 3619 with value: 0.9384500514029486.
Trial 3694 finished with value: 0.8818448274768639 and parameters: {'max_depth': 8, 'min_child_weight': 1, 'gamma': 0.4262856396050172, 'subsample': 0.8500222001596197, 'colsample_bytree': 0.3648215740144629, 'learning_rate': 0.15621164575288826, 'reg_alpha': 3.0508736017976874, 'reg_lambda': 0.02638503419597922}. Best is trial 3619 with value: 0.9384500514029486.
Trial 3720 finished with value: 0.45534092581666136 and parameters: {'max_depth': 2, 'min_child_weight': 2, 'gamma': 0.34685551304424056, 'subsample': 0.8759308661645365, 'colsample_bytree': 0.26026023120476427, 'learning_rate': 0.9649230001350252, 'reg_alpha': 4.555547111920332, 'reg_lambda': 0.0013899563358254683}. Best is trial 3619 with value: 0.9384500514029486.
Trial 3688 finished with value: 0.9102159496505571 and parameters: {'max_depth': 7, 'min_child_weight': 1, 'gamma': 0.12155507665029941, 'subsample': 0.9115144128562646, 'colsample_bytree': 0.9521406840168195, 'learning_rate': 0.03984479406202246, 'reg_alpha': 0.04134203527752908, 'reg_lambda': 0.5993475078674261}. Best is trial 3619 with value: 0.9384500514029486.
Trial 3687 finished with value: 0.8937303825867915 and parameters: {'max_depth': 9, 'min_child_weight': 3, 'gamma': 0.6297015496950619, 'subsample': 0.5483595255780702, 'colsample_bytree': 0.8188386953031496, 'learning_rate': 0.07460005354740351, 'reg_alpha': 1.710326724866256, 'reg_lambda': 0.026313862317105665}. Best is trial 3619 with value: 0.9384500514029486.
Trial 3717 finished with value: 0.06955295475650516 and parameters: {'max_depth': 3, 'min_child_weight': 3, 'gamma': 0.780575454415974, 'subsample': 0.4698321501583709, 'colsample_bytree': 0.02780411602721522, 'learning_rate': 0.40734837480204356, 'reg_alpha': 0.4542601824664638, 'reg_lambda': 6.530098579287945}. Best is trial 3619 with value: 0.9384500514029486.
Trial 3706 finished with value: 0.8853931165687856 and parameters: {'max_depth': 5, 'min_child_weight': 4, 'gamma': 0.8326570316850441, 'subsample': 0.8099640871567967, 'colsample_bytree': 0.7901879023743298, 'learning_rate': 0.19975037070530255, 'reg_alpha': 0.0006041211601108167, 'reg_lambda': 0.010416788973937417}. Best is trial 3619 with value: 0.9384500514029486.
Trial 3718 finished with value: 0.5649961760461314 and parameters: {'max_depth': 3, 'min_child_weight': 5, 'gamma': 0.5907915128785325, 'subsample': 0.5134895471028339, 'colsample_bytree': 0.42329018583259215, 'learning_rate': 0.7060053538187315, 'reg_alpha': 0.00068471751861722, 'reg_lambda': 0.00024695643455844885}. Best is trial 3619 with value: 0.9384500514029486.
Trial 3695 finished with value: 0.7687990360946074 and parameters: {'max_depth': 8, 'min_child_weight': 2, 'gamma': 0.22727341463457895, 'subsample': 0.37949681694042225, 'colsample_bytree': 0.8097453401192235, 'learning_rate': 0.013181075751072857, 'reg_alpha': 0.0017076704657367327, 'reg_lambda': 0.9838684957315417}. Best is trial 3619 with value: 0.9384500514029486.
Trial 3704 finished with value: 0.8049789693908789 and parameters: {'max_depth': 6, 'min_child_weight': 5, 'gamma': 0.281637839140931, 'subsample': 0.6559458131953392, 'colsample_bytree': 0.4432300355939093, 'learning_rate': 0.8892350608693316, 'reg_alpha': 0.08690213314070337, 'reg_lambda': 0.05284768817120601}. Best is trial 3619 with value: 0.9384500514029486.
Trial 3693 finished with value: 0.8834688148406173 and parameters: {'max_depth': 9, 'min_child_weight': 5, 'gamma': 0.3994619391442671, 'subsample': 0.9026492965540154, 'colsample_bytree': 0.4101806736487297, 'learning_rate': 0.40023275991971097, 'reg_alpha': 0.00068817559966099, 'reg_lambda': 0.23521106531247837}. Best is trial 3619 with value: 0.9384500514029486.
Trial 3714 finished with value: 0.31106899349427947 and parameters: {'max_depth': 10, 'min_child_weight': 5, 'gamma': 0.42127306653522845, 'subsample': 0.15418047668118984, 'colsample_bytree': 0.4570907736228861, 'learning_rate': 0.36319756926298186, 'reg_alpha': 8.520267427165821, 'reg_lambda': 0.006649644024742905}. Best is trial 3619 with value: 0.9384500514029486.
Trial 3726 finished with value: 0.16763702544285353 and parameters: {'max_depth': 2, 'min_child_weight': 2, 'gamma': 0.015628584091030517, 'subsample': 0.44994116989642097, 'colsample_bytree': 0.21270719021057483, 'learning_rate': 0.8662962463338102, 'reg_alpha': 0.004436752462019421, 'reg_lambda': 0.08792103038801685}. Best is trial 3619 with value: 0.9384500514029486.
Trial 3715 finished with value: 0.6213133409253457 and parameters: {'max_depth': 5, 'min_child_weight': 4, 'gamma': 0.5710331135479545, 'subsample': 0.6544083999718514, 'colsample_bytree': 0.14764235286076988, 'learning_rate': 0.590671997687462, 'reg_alpha': 0.01062825305222073, 'reg_lambda': 0.00026745195563851037}. Best is trial 3619 with value: 0.9384500514029486.
Trial 3729 finished with value: 0.08710537690875814 and parameters: {'max_depth': 1, 'min_child_weight': 2, 'gamma': 0.17916611266630544, 'subsample': 0.6561969241277263, 'colsample_bytree': 0.426393308174675, 'learning_rate': 0.4322925286734227, 'reg_alpha': 0.015270266723813677, 'reg_lambda': 0.02631089834963612}. Best is trial 3619 with value: 0.9384500514029486.
Trial 3725 finished with value: 0.35201080173292654 and parameters: {'max_depth': 9, 'min_child_weight': 2, 'gamma': 0.6676808264791848, 'subsample': 0.04331464595899848, 'colsample_bytree': 0.5942511946578143, 'learning_rate': 0.1534848082713044, 'reg_alpha': 0.0003352661470230144, 'reg_lambda': 7.912715062128959}. Best is trial 3619 with value: 0.9384500514029486.
Trial 3710 finished with value: 0.825487743199134 and parameters: {'max_depth': 6, 'min_child_weight': 4, 'gamma': 0.0598829857515949, 'subsample': 0.7372066561881662, 'colsample_bytree': 0.36644255343601817, 'learning_rate': 0.7609436940056277, 'reg_alpha': 0.11853267858051998, 'reg_lambda': 0.061349993099185395}. Best is trial 3619 with value: 0.9384500514029486.
Trial 3734 finished with value: -0.09585553426956041 and parameters: {'max_depth': 1, 'min_child_weight': 2, 'gamma': 0.4048143101627495, 'subsample': 0.19497084729849412, 'colsample_bytree': 0.5200673177920239, 'learning_rate': 0.8243616312174055, 'reg_alpha': 7.164715491218566, 'reg_lambda': 0.6668985883025389}. Best is trial 3619 with value: 0.9384500514029486.
