Trial 2191 finished with value: 0.47207472264189115 and parameters: {'max_depth': 4, 'min_child_weight': 5, 'gamma': 0.07374732230570924, 'subsample': 0.2997191720547582, 'colsample_bytree': 0.14107200981941215, 'learning_rate': 0.14636948647305503, 'reg_alpha': 0.0003020120359824816, 'reg_lambda': 0.0030320188535833425}. Best is trial 715 with value: 0.9377859576434285.
Trial 2194 finished with value: 0.3729884992174857 and parameters: {'max_depth': 3, 'min_child_weight': 3, 'gamma': 0.8756212574763451, 'subsample': 0.530263561661685, 'colsample_bytree': 0.5748240888582097, 'learning_rate': 0.9906316537885166, 'reg_alpha': 0.024773505000397867, 'reg_lambda': 0.0007136015304808137}. Best is trial 715 with value: 0.9377859576434285.
Trial 2195 finished with value: 0.03917877610734631 and parameters: {'max_depth': 8, 'min_child_weight': 5, 'gamma': 0.04076424122922251, 'subsample': 0.23241435322910775, 'colsample_bytree': 0.011046105799797035, 'learning_rate': 0.5370803240274205, 'reg_alpha': 0.5379772149919227, 'reg_lambda': 4.215774417353958}. Best is trial 715 with value: 0.9377859576434285.
Trial 2172 finished with value: 0.8708813400746722 and parameters: {'max_depth': 8, 'min_child_weight': 5, 'gamma': 0.19072406340341097, 'subsample': 0.5114257148975951, 'colsample_bytree': 0.8145706665840805, 'learning_rate': 0.8696554667195843, 'reg_alpha': 0.001620787072924481, 'reg_lambda': 0.004078496467154381}. Best is trial 715 with value: 0.9377859576434285.
Trial 2184 finished with value: 0.7358651189659386 and parameters: {'max_depth': 6, 'min_child_weight': 4, 'gamma': 0.7288536899599524, 'subsample': 0.7925416025963428, 'colsample_bytree': 0.19356897790048266, 'learning_rate': 0.20320622485228845, 'reg_alpha': 0.1307141383527855, 'reg_lambda': 0.1178521692973635}. Best is trial 715 with value: 0.9377859576434285.
Trial 2183 finished with value: 0.7602844428724946 and parameters: {'max_depth': 9, 'min_child_weight': 4, 'gamma': 0.23347919108179416, 'subsample': 0.4747586057446245, 'colsample_bytree': 0.3329029140490062, 'learning_rate': 0.5524160824964186, 'reg_alpha': 0.025848824486562304, 'reg_lambda': 6.571663689539987}. Best is trial 715 with value: 0.9377859576434285.
Trial 2174 finished with value: 0.8796424341299106 and parameters: {'max_depth': 8, 'min_child_weight': 2, 'gamma': 0.7880041503497639, 'subsample': 0.3217559976150083, 'colsample_bytree': 0.8589414824587356, 'learning_rate': 0.14663777986774484, 'reg_alpha': 1.4339791469787577, 'reg_lambda': 0.0024031894355419268}. Best is trial 715 with value: 0.9377859576434285.
Trial 2206 finished with value: 0.08566589863185384 and parameters: {'max_depth': 4, 'min_child_weight': 4, 'gamma': 0.40918198354720714, 'subsample': 0.06032709422805482, 'colsample_bytree': 0.4983269034336031, 'learning_rate': 0.21821531269787908, 'reg_alpha': 0.0024023344351725745, 'reg_lambda': 2.6383528327382697}. Best is trial 715 with value: 0.9377859576434285.
Trial 2199 finished with value: -175.52769626072327 and parameters: {'max_depth': 5, 'min_child_weight': 3, 'gamma': 0.45749151399454846, 'subsample': 0.08796018372717929, 'colsample_bytree': 0.9881593823781787, 'learning_rate': 0.6344855838818055, 'reg_alpha': 2.6813523578340797, 'reg_lambda': 0.9143667007808828}. Best is trial 715 with value: 0.9377859576434285.
Trial 2214 finished with value: 0.09388282363619296 and parameters: {'max_depth': 1, 'min_child_weight': 4, 'gamma': 0.8039398857223111, 'subsample': 0.769252945425314, 'colsample_bytree': 0.7880723432015768, 'learning_rate': 0.4234092312037603, 'reg_alpha': 0.006264231459990593, 'reg_lambda': 0.12624567147733678}. Best is trial 715 with value: 0.9377859576434285.
Trial 2186 finished with value: -772042.8212594681 and parameters: {'max_depth': 8, 'min_child_weight': 5, 'gamma': 0.2099134460014873, 'subsample': 0.25998603520310093, 'colsample_bytree': 0.9946644576705559, 'learning_rate': 0.9313275453960688, 'reg_alpha': 0.0007013954147427337, 'reg_lambda': 0.016487631001352452}. Best is trial 715 with value: 0.9377859576434285.
Trial 2205 finished with value: 0.560153300817647 and parameters: {'max_depth': 4, 'min_child_weight': 1, 'gamma': 0.4441335889747301, 'subsample': 0.9745607288348712, 'colsample_bytree': 0.163985471413026, 'learning_rate': 0.06953830184445786, 'reg_alpha': 0.00826712746947216, 'reg_lambda': 0.02003160595681289}. Best is trial 715 with value: 0.9377859576434285.
Trial 2219 finished with value: -4.69462550643248 and parameters: {'max_depth': 5, 'min_child_weight': 5, 'gamma': 0.2582179940356507, 'subsample': 0.0026619323831553743, 'colsample_bytree': 0.159428405171966, 'learning_rate': 0.614917921310718, 'reg_alpha': 0.00015648776731448427, 'reg_lambda': 0.013052074904934756}. Best is trial 715 with value: 0.9377859576434285.
Trial 2211 finished with value: 0.528626013957554 and parameters: {'max_depth': 3, 'min_child_weight': 1, 'gamma': 0.9023069788990289, 'subsample': 0.2889521235555732, 'colsample_bytree': 0.5647938880720367, 'learning_rate': 0.05645567909510707, 'reg_alpha': 0.00011468524208634907, 'reg_lambda': 0.011453510741499504}. Best is trial 715 with value: 0.9377859576434285.
Trial 2217 finished with value: -0.13732514217812614 and parameters: {'max_depth': 3, 'min_child_weight': 5, 'gamma': 0.5387636172758286, 'subsample': 0.02545777625650958, 'colsample_bytree': 0.820088026288898, 'learning_rate': 0.21546083978959696, 'reg_alpha': 0.01541536140875294, 'reg_lambda': 0.20355362778914707}. Best is trial 715 with value: 0.9377859576434285.
Trial 2188 finished with value: 0.8979304912888788 and parameters: {'max_depth': 6, 'min_child_weight': 2, 'gamma': 0.38419792488857196, 'subsample': 0.4822887535639, 'colsample_bytree': 0.9920303236749299, 'learning_rate': 0.3092714355214423, 'reg_alpha': 0.0011149859426776028, 'reg_lambda': 0.002003492066312611}. Best is trial 715 with value: 0.9377859576434285.
Trial 2221 finished with value: -1.237501304186285 and parameters: {'max_depth': 6, 'min_child_weight': 4, 'gamma': 0.7324959709616712, 'subsample': 0.020526803107629, 'colsample_bytree': 0.32844546558282695, 'learning_rate': 0.48042620271479464, 'reg_alpha': 0.0006156793467322917, 'reg_lambda': 0.00020388892991313697}. Best is trial 715 with value: 0.9377859576434285.
Trial 2215 finished with value: 0.06666441470407371 and parameters: {'max_depth': 5, 'min_child_weight': 3, 'gamma': 0.47406521443244976, 'subsample': 0.06326599708745739, 'colsample_bytree': 0.04664432821448383, 'learning_rate': 0.017114379084443243, 'reg_alpha': 0.00011488662151532172, 'reg_lambda': 0.2638324494049695}. Best is trial 715 with value: 0.9377859576434285.
Trial 2198 finished with value: 0.8868467501363564 and parameters: {'max_depth': 6, 'min_child_weight': 1, 'gamma': 0.5641567091784743, 'subsample': 0.7011718777152994, 'colsample_bytree': 0.5473403198817907, 'learning_rate': 0.5699513695736875, 'reg_alpha': 0.7249383056360336, 'reg_lambda': 1.2834861169447418}. Best is trial 715 with value: 0.9377859576434285.
Trial 2207 finished with value: 0.8644583688808516 and parameters: {'max_depth': 5, 'min_child_weight': 3, 'gamma': 0.9933466933594536, 'subsample': 0.7096470384855711, 'colsample_bytree': 0.6182112179714849, 'learning_rate': 0.35026537599810104, 'reg_alpha': 0.00321438028412884, 'reg_lambda': 0.00040051350773212763}. Best is trial 715 with value: 0.9377859576434285.
Trial 2201 finished with value: -1661425339843593.8 and parameters: {'max_depth': 7, 'min_child_weight': 1, 'gamma': 0.05344681941137963, 'subsample': 0.09689882585538734, 'colsample_bytree': 0.32797040884450424, 'learning_rate': 0.6247223092080757, 'reg_alpha': 0.005780368163687354, 'reg_lambda': 0.001670100940680701}. Best is trial 715 with value: 0.9377859576434285.
Trial 2216 finished with value: 0.748691275196712 and parameters: {'max_depth': 3, 'min_child_weight': 2, 'gamma': 0.9354556411499715, 'subsample': 0.9247443747336794, 'colsample_bytree': 0.9813639724179423, 'learning_rate': 0.38208388561484463, 'reg_alpha': 0.002149434161044262, 'reg_lambda': 0.00013691614841684457}. Best is trial 715 with value: 0.9377859576434285.
Trial 2190 finished with value: 0.9292610727560162 and parameters: {'max_depth': 8, 'min_child_weight': 4, 'gamma': 0.04735620103152849, 'subsample': 0.7702704348312513, 'colsample_bytree': 0.8994873118387126, 'learning_rate': 0.8224015732751553, 'reg_alpha': 0.0017817948554840956, 'reg_lambda': 5.609205190229705}. Best is trial 715 with value: 0.9377859576434285.
Trial 2202 finished with value: 0.8275447966946673 and parameters: {'max_depth': 6, 'min_child_weight': 2, 'gamma': 0.43310160996148617, 'subsample': 0.5964643937219295, 'colsample_bytree': 0.7303545051570394, 'learning_rate': 0.020500277949455636, 'reg_alpha': 0.016100245712802476, 'reg_lambda': 0.09117491062516146}. Best is trial 715 with value: 0.9377859576434285.
Trial 2209 finished with value: 0.7773212626708057 and parameters: {'max_depth': 7, 'min_child_weight': 2, 'gamma': 0.3494251944612645, 'subsample': 0.357529696189007, 'colsample_bytree': 0.27682775668112514, 'learning_rate': 0.33077249179278667, 'reg_alpha': 0.4500027305467098, 'reg_lambda': 0.002994965384531539}. Best is trial 715 with value: 0.9377859576434285.
Trial 2185 finished with value: 0.9193286981215815 and parameters: {'max_depth': 9, 'min_child_weight': 4, 'gamma': 0.9024691451601508, 'subsample': 0.6010908475807661, 'colsample_bytree': 0.9599362213852037, 'learning_rate': 0.583428035046689, 'reg_alpha': 0.004498096476079828, 'reg_lambda': 0.0007480517328047683}. Best is trial 715 with value: 0.9377859576434285.
Trial 2196 finished with value: 0.915162298995216 and parameters: {'max_depth': 7, 'min_child_weight': 4, 'gamma': 0.29493293112307273, 'subsample': 0.7800200001242421, 'colsample_bytree': 0.9792834185412531, 'learning_rate': 0.34945510189582174, 'reg_alpha': 0.00018091315111722832, 'reg_lambda': 0.00026166370177293054}. Best is trial 715 with value: 0.9377859576434285.
Trial 2203 finished with value: 0.8871266086279002 and parameters: {'max_depth': 8, 'min_child_weight': 4, 'gamma': 0.3711595287379036, 'subsample': 0.8761044254319651, 'colsample_bytree': 0.3935806250724988, 'learning_rate': 0.6578223183164968, 'reg_alpha': 0.0858009356601497, 'reg_lambda': 0.0006696468790706875}. Best is trial 715 with value: 0.9377859576434285.
Trial 2220 finished with value: 0.7458023652713617 and parameters: {'max_depth': 4, 'min_child_weight': 1, 'gamma': 0.8050526495680675, 'subsample': 0.4350788467448311, 'colsample_bytree': 0.5650429415457386, 'learning_rate': 0.46842595147507704, 'reg_alpha': 0.13523036569922994, 'reg_lambda': 0.0003906540178747234}. Best is trial 715 with value: 0.9377859576434285.
Trial 2208 finished with value: 0.6991973214604369 and parameters: {'max_depth': 7, 'min_child_weight': 1, 'gamma': 0.4207433057738127, 'subsample': 0.1328981737920103, 'colsample_bytree': 0.7656447311852914, 'learning_rate': 0.2237029868702184, 'reg_alpha': 0.0008678961939260739, 'reg_lambda': 0.02212896548432845}. Best is trial 715 with value: 0.9377859576434285.
Trial 2223 finished with value: -30878485.38951926 and parameters: {'max_depth': 4, 'min_child_weight': 3, 'gamma': 0.5843208409848178, 'subsample': 0.09245390593880776, 'colsample_bytree': 0.866696258245987, 'learning_rate': 0.7677900340390931, 'reg_alpha': 0.001496128913687974, 'reg_lambda': 0.5971143270847833}. Best is trial 715 with value: 0.9377859576434285.
Trial 2213 finished with value: 0.9140450038478976 and parameters: {'max_depth': 6, 'min_child_weight': 1, 'gamma': 0.3171916444802918, 'subsample': 0.6491632210474632, 'colsample_bytree': 0.9240305580995439, 'learning_rate': 0.2786559091696995, 'reg_alpha': 4.142994906229375, 'reg_lambda': 0.00046790983575743165}. Best is trial 715 with value: 0.9377859576434285.
Trial 2228 finished with value: 0.24268852045084113 and parameters: {'max_depth': 3, 'min_child_weight': 4, 'gamma': 0.6891635816741013, 'subsample': 0.4336246785988236, 'colsample_bytree': 0.2978651865718235, 'learning_rate': 0.8862923952152744, 'reg_alpha': 1.1209906130282556, 'reg_lambda': 2.0593869805793625}. Best is trial 715 with value: 0.9377859576434285.
Trial 2235 finished with value: -2.3055110229210585 and parameters: {'max_depth': 8, 'min_child_weight': 5, 'gamma': 0.2516268154058544, 'subsample': 0.016399591454365536, 'colsample_bytree': 0.42025615207061173, 'learning_rate': 0.6139582383203659, 'reg_alpha': 4.570981991949036, 'reg_lambda': 0.20448200422786225}. Best is trial 715 with value: 0.9377859576434285.
Trial 2204 finished with value: 0.8928187052161527 and parameters: {'max_depth': 8, 'min_child_weight': 1, 'gamma': 0.15710279017488127, 'subsample': 0.3411668775424712, 'colsample_bytree': 0.9252733918394267, 'learning_rate': 0.4940596072128083, 'reg_alpha': 0.5070816419981045, 'reg_lambda': 4.3607990643894095}. Best is trial 715 with value: 0.9377859576434285.
Trial 2212 finished with value: -0.26231392539143356 and parameters: {'max_depth': 9, 'min_child_weight': 2, 'gamma': 0.03880872842081595, 'subsample': 0.18605339623544181, 'colsample_bytree': 0.2564755866489934, 'learning_rate': 0.4495061342371278, 'reg_alpha': 0.02483192853614469, 'reg_lambda': 0.0048204344848399696}. Best is trial 715 with value: 0.9377859576434285.
Trial 2226 finished with value: 0.6924208628854637 and parameters: {'max_depth': 4, 'min_child_weight': 4, 'gamma': 0.34981504479813263, 'subsample': 0.3409935764142312, 'colsample_bytree': 0.8148352145166449, 'learning_rate': 0.11752513679570009, 'reg_alpha': 0.07677903997831435, 'reg_lambda': 0.07041434160209042}. Best is trial 715 with value: 0.9377859576434285.
Trial 2210 finished with value: 0.808314516336526 and parameters: {'max_depth': 7, 'min_child_weight': 1, 'gamma': 0.05403025388099414, 'subsample': 0.217897130615055, 'colsample_bytree': 0.6356245304661825, 'learning_rate': 0.2772045773206758, 'reg_alpha': 0.0002236341517338446, 'reg_lambda': 0.0010120842121944878}. Best is trial 715 with value: 0.9377859576434285.
Trial 2229 finished with value: 0.2574668069990901 and parameters: {'max_depth': 9, 'min_child_weight': 2, 'gamma': 0.4497034326781113, 'subsample': 0.040864209647070826, 'colsample_bytree': 0.8976929633917802, 'learning_rate': 0.08353519549053601, 'reg_alpha': 0.0797546097946124, 'reg_lambda': 0.18473778746119118}. Best is trial 715 with value: 0.9377859576434285.
Trial 2238 finished with value: -32969.7702607736 and parameters: {'max_depth': 7, 'min_child_weight': 5, 'gamma': 0.020240597974771624, 'subsample': 0.0463507680772659, 'colsample_bytree': 0.8414893673144429, 'learning_rate': 0.870816209025226, 'reg_alpha': 2.182608696551509, 'reg_lambda': 0.0021174873215235486}. Best is trial 715 with value: 0.9377859576434285.
Trial 2222 finished with value: 0.8789820044513295 and parameters: {'max_depth': 6, 'min_child_weight': 2, 'gamma': 0.19116536620564284, 'subsample': 0.8970016368262304, 'colsample_bytree': 0.32824021858975905, 'learning_rate': 0.6588657777258218, 'reg_alpha': 0.0015101312096448447, 'reg_lambda': 0.003132902678921074}. Best is trial 715 with value: 0.9377859576434285.
Trial 2232 finished with value: 0.0924207899832769 and parameters: {'max_depth': 10, 'min_child_weight': 4, 'gamma': 0.6252994318371359, 'subsample': 0.9858927585523164, 'colsample_bytree': 0.005790018789386786, 'learning_rate': 0.13391357494911316, 'reg_alpha': 0.00018517785536680234, 'reg_lambda': 0.13948028957956898}. Best is trial 715 with value: 0.9377859576434285.
Trial 2239 finished with value: 0.010934785542007918 and parameters: {'max_depth': 3, 'min_child_weight': 3, 'gamma': 0.610941036003234, 'subsample': 0.2722512194495862, 'colsample_bytree': 0.028189267862232747, 'learning_rate': 0.6410162595961992, 'reg_alpha': 0.00018839848934461045, 'reg_lambda': 0.0013211566341412358}. Best is trial 715 with value: 0.9377859576434285.
Trial 2242 finished with value: 0.471180933695315 and parameters: {'max_depth': 2, 'min_child_weight': 2, 'gamma': 0.15573415349227648, 'subsample': 0.7907123552123121, 'colsample_bytree': 0.434900248057541, 'learning_rate': 0.38054733603587665, 'reg_alpha': 0.010996670947268411, 'reg_lambda': 0.0002745131341486145}. Best is trial 715 with value: 0.9377859576434285.
Trial 2231 finished with value: 0.7452638861326807 and parameters: {'max_depth': 5, 'min_child_weight': 2, 'gamma': 0.7736835820961931, 'subsample': 0.9016514018499261, 'colsample_bytree': 0.187403045012274, 'learning_rate': 0.8103157472303504, 'reg_alpha': 0.01289131701602679, 'reg_lambda': 0.03655554367291017}. Best is trial 715 with value: 0.9377859576434285.
Trial 2218 finished with value: 0.7835074232600858 and parameters: {'max_depth': 9, 'min_child_weight': 3, 'gamma': 0.8453631039866792, 'subsample': 0.3972103795805427, 'colsample_bytree': 0.29486709175252857, 'learning_rate': 0.3708827722591602, 'reg_alpha': 0.0018648562662793116, 'reg_lambda': 0.017850238673267634}. Best is trial 715 with value: 0.9377859576434285.
Trial 2224 finished with value: 0.9061632162300465 and parameters: {'max_depth': 7, 'min_child_weight': 3, 'gamma': 0.7401044081787715, 'subsample': 0.9300428385359761, 'colsample_bytree': 0.819397176314271, 'learning_rate': 0.18582480530294732, 'reg_alpha': 2.417757957948097, 'reg_lambda': 0.02125780215336243}. Best is trial 715 with value: 0.9377859576434285.
Trial 2247 finished with value: -0.6374870764075558 and parameters: {'max_depth': 8, 'min_child_weight': 5, 'gamma': 0.8318906393474779, 'subsample': 0.051879521821096564, 'colsample_bytree': 0.3176584247922951, 'learning_rate': 0.6017481811968173, 'reg_alpha': 1.3124962842651144, 'reg_lambda': 3.740951892902545}. Best is trial 715 with value: 0.9377859576434285.
Trial 2245 finished with value: -0.06769152205966475 and parameters: {'max_depth': 4, 'min_child_weight': 5, 'gamma': 0.8026179181680265, 'subsample': 0.15585450233491227, 'colsample_bytree': 0.0436069317879475, 'learning_rate': 0.4646116831652236, 'reg_alpha': 0.0023225336493356056, 'reg_lambda': 0.0005362060503550116}. Best is trial 715 with value: 0.9377859576434285.
Trial 2237 finished with value: 0.7550658484882028 and parameters: {'max_depth': 4, 'min_child_weight': 1, 'gamma': 0.42462129416906, 'subsample': 0.9273684182216257, 'colsample_bytree': 0.2828244641112174, 'learning_rate': 0.7892441379032683, 'reg_alpha': 0.04121316351584208, 'reg_lambda': 0.0229549902843159}. Best is trial 715 with value: 0.9377859576434285.
Trial 2254 finished with value: -0.10077302767343937 and parameters: {'max_depth': 1, 'min_child_weight': 3, 'gamma': 0.11262153073084791, 'subsample': 0.06644082567804344, 'colsample_bytree': 0.053534993452653445, 'learning_rate': 0.2204154653685484, 'reg_alpha': 0.006864095103085849, 'reg_lambda': 0.12893351417787519}. Best is trial 715 with value: 0.9377859576434285.
Trial 2234 finished with value: -3.8492710295861516e+22 and parameters: {'max_depth': 5, 'min_child_weight': 3, 'gamma': 0.5415364716010231, 'subsample': 0.18060525932001814, 'colsample_bytree': 0.9659320355885433, 'learning_rate': 0.9491565841084126, 'reg_alpha': 0.00042622974236998946, 'reg_lambda': 0.03795150525090054}. Best is trial 715 with value: 0.9377859576434285.
Trial 2225 finished with value: 0.8230324542016111 and parameters: {'max_depth': 9, 'min_child_weight': 5, 'gamma': 0.6561101218197164, 'subsample': 0.7651043891155124, 'colsample_bytree': 0.274311411914673, 'learning_rate': 0.23703996013687134, 'reg_alpha': 0.6012335316578601, 'reg_lambda': 0.01113278396911929}. Best is trial 715 with value: 0.9377859576434285.
Trial 2236 finished with value: 0.7240889704706928 and parameters: {'max_depth': 5, 'min_child_weight': 5, 'gamma': 0.6890346463173633, 'subsample': 0.680733252842887, 'colsample_bytree': 0.2786353732449798, 'learning_rate': 0.6440759155474636, 'reg_alpha': 0.00279916482168833, 'reg_lambda': 0.15934380990110766}. Best is trial 715 with value: 0.9377859576434285.
Trial 2259 finished with value: 0.06077332294147416 and parameters: {'max_depth': 2, 'min_child_weight': 4, 'gamma': 0.034878311918834504, 'subsample': 0.023246048560706, 'colsample_bytree': 0.6805665125075377, 'learning_rate': 0.1329143811294209, 'reg_alpha': 0.035192651502292734, 'reg_lambda': 0.03998090616258108}. Best is trial 715 with value: 0.9377859576434285.
Trial 2263 finished with value: 0.05174653956709272 and parameters: {'max_depth': 1, 'min_child_weight': 1, 'gamma': 0.259649166951023, 'subsample': 0.43772099306092194, 'colsample_bytree': 0.03302164672549124, 'learning_rate': 0.6841389548573259, 'reg_alpha': 0.1588603384433456, 'reg_lambda': 3.6621949525709043}. Best is trial 715 with value: 0.9377859576434285.
Trial 2227 finished with value: 0.8751291503687771 and parameters: {'max_depth': 8, 'min_child_weight': 3, 'gamma': 0.8721909877333955, 'subsample': 0.3740096396035415, 'colsample_bytree': 0.9846737984947403, 'learning_rate': 0.5264449465450144, 'reg_alpha': 1.8384500948784084, 'reg_lambda': 0.005302314416193346}. Best is trial 715 with value: 0.9377859576434285.
Trial 2257 finished with value: -251444148.44723937 and parameters: {'max_depth': 7, 'min_child_weight': 1, 'gamma': 0.7124884841921656, 'subsample': 0.011189853934275962, 'colsample_bytree': 0.6326452127438931, 'learning_rate': 0.6456201202501222, 'reg_alpha': 0.0009432708757860515, 'reg_lambda': 0.4169428559744473}. Best is trial 715 with value: 0.9377859576434285.
Trial 2260 finished with value: 0.20481827958052715 and parameters: {'max_depth': 2, 'min_child_weight': 1, 'gamma': 0.5131040240314447, 'subsample': 0.4077222662001988, 'colsample_bytree': 0.5776802598059776, 'learning_rate': 0.8985018552653012, 'reg_alpha': 0.19237943217290912, 'reg_lambda': 0.642867706746391}. Best is trial 715 with value: 0.9377859576434285.
