Trial 553 finished with value: 0.0700169813262967 and parameters: {'max_depth': 1, 'min_child_weight': 5, 'gamma': 0.8079176130457999, 'subsample': 0.6006091335784961, 'colsample_bytree': 0.6651309208422728, 'learning_rate': 0.6763597579822724, 'reg_alpha': 0.002973076103913319, 'reg_lambda': 0.0013097398803977064}. Best is trial 325 with value: 0.9241119014369545.
Trial 499 finished with value: 0.8808869456777026 and parameters: {'max_depth': 9, 'min_child_weight': 2, 'gamma': 0.0988945997385342, 'subsample': 0.6710663684814508, 'colsample_bytree': 0.7712120871243943, 'learning_rate': 0.7262776954006541, 'reg_alpha': 0.0005475169470056827, 'reg_lambda': 0.16623644422360748}. Best is trial 325 with value: 0.9241119014369545.
Trial 512 finished with value: 0.903298347523554 and parameters: {'max_depth': 8, 'min_child_weight': 1, 'gamma': 0.37323316716914035, 'subsample': 0.6558328531191683, 'colsample_bytree': 0.609444763512808, 'learning_rate': 0.06507367571949818, 'reg_alpha': 0.09841979524454479, 'reg_lambda': 1.9217114203134713}. Best is trial 325 with value: 0.9241119014369545.
Trial 538 finished with value: -0.531426984906488 and parameters: {'max_depth': 8, 'min_child_weight': 1, 'gamma': 0.5278419902638568, 'subsample': 0.18866728530976884, 'colsample_bytree': 0.01929700951631741, 'learning_rate': 0.9662337425682087, 'reg_alpha': 1.7293568774992916, 'reg_lambda': 0.0014864781283882784}. Best is trial 325 with value: 0.9241119014369545.
Trial 513 finished with value: 0.8727952268126346 and parameters: {'max_depth': 9, 'min_child_weight': 2, 'gamma': 0.952010273167396, 'subsample': 0.2788635705660998, 'colsample_bytree': 0.6838327446033805, 'learning_rate': 0.1667464150249901, 'reg_alpha': 0.0016424566507719843, 'reg_lambda': 0.0006248236575985835}. Best is trial 325 with value: 0.9241119014369545.
Trial 551 finished with value: 0.4665860343280525 and parameters: {'max_depth': 2, 'min_child_weight': 2, 'gamma': 0.6155089457639111, 'subsample': 0.8708502468924587, 'colsample_bytree': 0.8585884976925483, 'learning_rate': 0.8730260915702129, 'reg_alpha': 1.0054119069054128, 'reg_lambda': 0.34666286646202027}. Best is trial 325 with value: 0.9241119014369545.
Trial 543 finished with value: -0.8994100686031574 and parameters: {'max_depth': 9, 'min_child_weight': 5, 'gamma': 0.005009625492553349, 'subsample': 0.11091994131454364, 'colsample_bytree': 0.9331462637327081, 'learning_rate': 0.46735041122918175, 'reg_alpha': 5.978329561915793, 'reg_lambda': 0.0012725088019535948}. Best is trial 325 with value: 0.9241119014369545.
Trial 539 finished with value: 0.7949549163154032 and parameters: {'max_depth': 4, 'min_child_weight': 3, 'gamma': 0.4012506416088346, 'subsample': 0.49240192246579206, 'colsample_bytree': 0.9176662176944363, 'learning_rate': 0.38202588754332845, 'reg_alpha': 0.5920710027991317, 'reg_lambda': 0.004338299696113262}. Best is trial 325 with value: 0.9241119014369545.
Trial 534 finished with value: 0.7761581815264781 and parameters: {'max_depth': 6, 'min_child_weight': 3, 'gamma': 0.064552707616792, 'subsample': 0.3534296439843373, 'colsample_bytree': 0.5158271966151609, 'learning_rate': 0.42163357511845123, 'reg_alpha': 0.5885965851873116, 'reg_lambda': 0.47593712903451824}. Best is trial 325 with value: 0.9241119014369545.
Trial 529 finished with value: 0.8074958658013995 and parameters: {'max_depth': 8, 'min_child_weight': 4, 'gamma': 0.5323702841048011, 'subsample': 0.741185193135234, 'colsample_bytree': 0.330388362947059, 'learning_rate': 0.06565279086232156, 'reg_alpha': 0.0025770207483929715, 'reg_lambda': 0.21556389057648212}. Best is trial 325 with value: 0.9241119014369545.
Trial 549 finished with value: -0.174932420137644 and parameters: {'max_depth': 5, 'min_child_weight': 3, 'gamma': 0.0031672089885259602, 'subsample': 0.05637956256646859, 'colsample_bytree': 0.24821673319190907, 'learning_rate': 0.2024649865450111, 'reg_alpha': 0.31457773995394034, 'reg_lambda': 0.001070870211591592}. Best is trial 325 with value: 0.9241119014369545.
Trial 535 finished with value: 0.8211901833143753 and parameters: {'max_depth': 6, 'min_child_weight': 1, 'gamma': 0.7508184383946788, 'subsample': 0.24019871239939217, 'colsample_bytree': 0.9715452958775216, 'learning_rate': 0.7477577326712056, 'reg_alpha': 0.33801497829105137, 'reg_lambda': 0.821549418597523}. Best is trial 325 with value: 0.9241119014369545.
Trial 562 finished with value: 0.4348443387989001 and parameters: {'max_depth': 2, 'min_child_weight': 1, 'gamma': 0.0912680363373799, 'subsample': 0.7029916912924199, 'colsample_bytree': 0.7462244421406208, 'learning_rate': 0.6075851616951714, 'reg_alpha': 4.915848109450768, 'reg_lambda': 0.27422236412639556}. Best is trial 325 with value: 0.9241119014369545.
Trial 544 finished with value: 0.7869297814658409 and parameters: {'max_depth': 6, 'min_child_weight': 4, 'gamma': 0.9128153605841367, 'subsample': 0.8270171148534077, 'colsample_bytree': 0.26280258327554185, 'learning_rate': 0.46379131255741746, 'reg_alpha': 0.10787794804238929, 'reg_lambda': 0.024849234783666945}. Best is trial 325 with value: 0.9241119014369545.
Trial 540 finished with value: 0.7198327104130531 and parameters: {'max_depth': 8, 'min_child_weight': 4, 'gamma': 0.2894857658942168, 'subsample': 0.817047585856764, 'colsample_bytree': 0.1429133790552981, 'learning_rate': 0.6538181721894091, 'reg_alpha': 0.0031996672000037573, 'reg_lambda': 0.008925940881843826}. Best is trial 325 with value: 0.9241119014369545.
Trial 554 finished with value: 0.30530470093817336 and parameters: {'max_depth': 10, 'min_child_weight': 2, 'gamma': 0.6295973985721002, 'subsample': 0.08644349173707211, 'colsample_bytree': 0.6054663519524699, 'learning_rate': 0.4216757378911239, 'reg_alpha': 2.8237650467999544, 'reg_lambda': 4.004341084595063}. Best is trial 325 with value: 0.9241119014369545.
Trial 557 finished with value: 0.09116624855258373 and parameters: {'max_depth': 8, 'min_child_weight': 2, 'gamma': 0.44322297721594184, 'subsample': 0.5248628981761233, 'colsample_bytree': 0.020928648640150427, 'learning_rate': 0.0995812609789064, 'reg_alpha': 0.628936105508907, 'reg_lambda': 0.001451349702677509}. Best is trial 325 with value: 0.9241119014369545.
Trial 561 finished with value: 0.08927786540402895 and parameters: {'max_depth': 6, 'min_child_weight': 4, 'gamma': 0.3360476172833887, 'subsample': 0.7702743491410025, 'colsample_bytree': 0.006892489529957135, 'learning_rate': 0.0969965146034808, 'reg_alpha': 0.0031297787808972047, 'reg_lambda': 0.0019756918363325526}. Best is trial 325 with value: 0.9241119014369545.
Trial 542 finished with value: 0.8055813757313792 and parameters: {'max_depth': 9, 'min_child_weight': 3, 'gamma': 0.8165398825663475, 'subsample': 0.6169887521137035, 'colsample_bytree': 0.2757658329437005, 'learning_rate': 0.9448404135243493, 'reg_alpha': 0.004889973472534493, 'reg_lambda': 7.353549017690174}. Best is trial 325 with value: 0.9241119014369545.
Trial 566 finished with value: 0.6221405254631205 and parameters: {'max_depth': 3, 'min_child_weight': 5, 'gamma': 0.041647690386634406, 'subsample': 0.8171162244414477, 'colsample_bytree': 0.8943173293735662, 'learning_rate': 0.06899136416900065, 'reg_alpha': 0.0003671368304087315, 'reg_lambda': 0.05764495838771846}. Best is trial 325 with value: 0.9241119014369545.
Trial 555 finished with value: 0.6635387996313218 and parameters: {'max_depth': 6, 'min_child_weight': 3, 'gamma': 0.34172834311023337, 'subsample': 0.24924329578163562, 'colsample_bytree': 0.4436147036250456, 'learning_rate': 0.4128839388573786, 'reg_alpha': 1.125876274841825, 'reg_lambda': 2.8319801615694207}. Best is trial 325 with value: 0.9241119014369545.
Trial 568 finished with value: 0.7643794735730053 and parameters: {'max_depth': 3, 'min_child_weight': 5, 'gamma': 0.9399804246012474, 'subsample': 0.9682755598662731, 'colsample_bytree': 0.9100376535813611, 'learning_rate': 0.7705464885602996, 'reg_alpha': 0.029780423813025803, 'reg_lambda': 0.01827886232368998}. Best is trial 325 with value: 0.9241119014369545.
Trial 567 finished with value: 0.06913318511241033 and parameters: {'max_depth': 4, 'min_child_weight': 3, 'gamma': 0.1841313634824424, 'subsample': 0.4332229297773428, 'colsample_bytree': 0.11707673787985351, 'learning_rate': 0.9900309098803508, 'reg_alpha': 0.1634464852307717, 'reg_lambda': 0.0016345236232656723}. Best is trial 325 with value: 0.9241119014369545.
Trial 574 finished with value: 0.3760080909981731 and parameters: {'max_depth': 2, 'min_child_weight': 5, 'gamma': 0.7133144458094907, 'subsample': 0.37912584684095596, 'colsample_bytree': 0.23072480338411683, 'learning_rate': 0.2695113795360756, 'reg_alpha': 0.00011165475526691297, 'reg_lambda': 0.0212554748750453}. Best is trial 325 with value: 0.9241119014369545.
Trial 565 finished with value: 0.6431063967665978 and parameters: {'max_depth': 4, 'min_child_weight': 4, 'gamma': 0.8474918014460607, 'subsample': 0.5694232442148454, 'colsample_bytree': 0.5785129241867842, 'learning_rate': 0.8784469956888732, 'reg_alpha': 0.0004982507342837993, 'reg_lambda': 0.5559414677652788}. Best is trial 325 with value: 0.9241119014369545.
Trial 560 finished with value: 0.7701069298955319 and parameters: {'max_depth': 8, 'min_child_weight': 2, 'gamma': 0.3598551287422812, 'subsample': 0.524718694845037, 'colsample_bytree': 0.24607989980234957, 'learning_rate': 0.30332551226671056, 'reg_alpha': 7.33013047000664, 'reg_lambda': 0.30050918252982206}. Best is trial 325 with value: 0.9241119014369545.
Trial 569 finished with value: 0.7361601567247471 and parameters: {'max_depth': 4, 'min_child_weight': 2, 'gamma': 0.016549752064758616, 'subsample': 0.5174756288739095, 'colsample_bytree': 0.5650149960159073, 'learning_rate': 0.36544968596356076, 'reg_alpha': 0.5270457761285241, 'reg_lambda': 0.02075591527406433}. Best is trial 325 with value: 0.9241119014369545.
Trial 578 finished with value: 0.1940037194282228 and parameters: {'max_depth': 2, 'min_child_weight': 5, 'gamma': 0.824014356595225, 'subsample': 0.3814740203713015, 'colsample_bytree': 0.5747721409555061, 'learning_rate': 0.8168951750004432, 'reg_alpha': 0.4317787053024812, 'reg_lambda': 0.0016697323315574024}. Best is trial 325 with value: 0.9241119014369545.
Trial 575 finished with value: 0.6736012540771146 and parameters: {'max_depth': 3, 'min_child_weight': 3, 'gamma': 0.8390730130003216, 'subsample': 0.770816126772412, 'colsample_bytree': 0.7418868038853905, 'learning_rate': 0.8658682299559309, 'reg_alpha': 0.0003085237777722556, 'reg_lambda': 0.028847897940405074}. Best is trial 325 with value: 0.9241119014369545.
Trial 552 finished with value: 0.8616791286589405 and parameters: {'max_depth': 7, 'min_child_weight': 2, 'gamma': 0.9319811246818082, 'subsample': 0.41875417853724917, 'colsample_bytree': 0.800980375429016, 'learning_rate': 0.49946089060515586, 'reg_alpha': 0.03388100421337935, 'reg_lambda': 0.01155825156150073}. Best is trial 325 with value: 0.9241119014369545.
Trial 577 finished with value: 0.5423970767150381 and parameters: {'max_depth': 3, 'min_child_weight': 2, 'gamma': 0.15301327875203075, 'subsample': 0.4805292692643649, 'colsample_bytree': 0.34482470200707815, 'learning_rate': 0.09826433893527697, 'reg_alpha': 0.0016942480177084952, 'reg_lambda': 0.034324686322085164}. Best is trial 325 with value: 0.9241119014369545.
Trial 564 finished with value: 0.7290204504275928 and parameters: {'max_depth': 10, 'min_child_weight': 4, 'gamma': 0.9724017642705061, 'subsample': 0.5359771042226317, 'colsample_bytree': 0.2105495609676601, 'learning_rate': 0.6640692379755393, 'reg_alpha': 0.003716315412068781, 'reg_lambda': 2.9048631910178786}. Best is trial 325 with value: 0.9241119014369545.
Trial 584 finished with value: 0.0828387932250326 and parameters: {'max_depth': 1, 'min_child_weight': 5, 'gamma': 0.3145903326934215, 'subsample': 0.41730132393674146, 'colsample_bytree': 0.6085974582222258, 'learning_rate': 0.08949953771453889, 'reg_alpha': 0.01313605839968979, 'reg_lambda': 0.00774929353348355}. Best is trial 325 with value: 0.9241119014369545.
Trial 548 finished with value: 0.8795355461846471 and parameters: {'max_depth': 10, 'min_child_weight': 3, 'gamma': 0.6626319359825108, 'subsample': 0.6199645999235773, 'colsample_bytree': 0.3979742355281558, 'learning_rate': 0.32462379860913093, 'reg_alpha': 0.00034222174809642506, 'reg_lambda': 0.0446908445721347}. Best is trial 325 with value: 0.9241119014369545.
Trial 582 finished with value: 0.46909726093884563 and parameters: {'max_depth': 2, 'min_child_weight': 1, 'gamma': 0.05718723158714334, 'subsample': 0.747184476695057, 'colsample_bytree': 0.673476541833982, 'learning_rate': 0.6971230791541173, 'reg_alpha': 0.0024445936147023057, 'reg_lambda': 0.00016302451872323272}. Best is trial 325 with value: 0.9241119014369545.
Trial 576 finished with value: 0.06529400821508456 and parameters: {'max_depth': 8, 'min_child_weight': 2, 'gamma': 0.641073873948838, 'subsample': 0.5889146853780892, 'colsample_bytree': 0.035590227841060695, 'learning_rate': 0.42642485165471744, 'reg_alpha': 0.020685790734126262, 'reg_lambda': 0.00025592772636732347}. Best is trial 325 with value: 0.9241119014369545.
Trial 571 finished with value: 0.8453733268043373 and parameters: {'max_depth': 5, 'min_child_weight': 2, 'gamma': 0.7824456748654918, 'subsample': 0.5835144247564579, 'colsample_bytree': 0.5506661111759645, 'learning_rate': 0.6369156039114784, 'reg_alpha': 5.559965256344028, 'reg_lambda': 0.0012654255342545114}. Best is trial 325 with value: 0.9241119014369545.
Trial 556 finished with value: 0.8487913968650214 and parameters: {'max_depth': 10, 'min_child_weight': 3, 'gamma': 0.9108716651416956, 'subsample': 0.561385187406015, 'colsample_bytree': 0.4026935959966662, 'learning_rate': 0.23504636039703652, 'reg_alpha': 0.8077138812967632, 'reg_lambda': 0.12121567642748024}. Best is trial 325 with value: 0.9241119014369545.
Trial 547 finished with value: 0.915651873491501 and parameters: {'max_depth': 10, 'min_child_weight': 5, 'gamma': 0.30449563543546354, 'subsample': 0.9804273067500847, 'colsample_bytree': 0.9434700653044671, 'learning_rate': 0.2149055337296436, 'reg_alpha': 0.24992719994983267, 'reg_lambda': 0.13523882999986134}. Best is trial 325 with value: 0.9241119014369545.
Trial 558 finished with value: 0.8810578021596467 and parameters: {'max_depth': 8, 'min_child_weight': 3, 'gamma': 0.08640643560522743, 'subsample': 0.7809338912857626, 'colsample_bytree': 0.36857558568057014, 'learning_rate': 0.520911376756037, 'reg_alpha': 0.00013202300925932144, 'reg_lambda': 0.05612289284739551}. Best is trial 325 with value: 0.9241119014369545.
Trial 570 finished with value: -219579101.11689594 and parameters: {'max_depth': 9, 'min_child_weight': 2, 'gamma': 0.09857750068606574, 'subsample': 0.10872494162022528, 'colsample_bytree': 0.36748123767363683, 'learning_rate': 0.7590617947099401, 'reg_alpha': 0.01596726801232515, 'reg_lambda': 0.30325457832477326}. Best is trial 325 with value: 0.9241119014369545.
Trial 563 finished with value: 0.898843321393696 and parameters: {'max_depth': 10, 'min_child_weight': 1, 'gamma': 0.6451896256173335, 'subsample': 0.5698684905056122, 'colsample_bytree': 0.5852439711457497, 'learning_rate': 0.3926174342768812, 'reg_alpha': 2.289222432647582, 'reg_lambda': 2.5454310341582858}. Best is trial 325 with value: 0.9241119014369545.
Trial 546 finished with value: 0.9207142982533411 and parameters: {'max_depth': 8, 'min_child_weight': 2, 'gamma': 0.6013505780451958, 'subsample': 0.9168484090930873, 'colsample_bytree': 0.9585982670575037, 'learning_rate': 0.639571306187204, 'reg_alpha': 0.0029605233296970345, 'reg_lambda': 0.00025096639536074174}. Best is trial 325 with value: 0.9241119014369545.
Trial 573 finished with value: 0.5853070798414087 and parameters: {'max_depth': 6, 'min_child_weight': 5, 'gamma': 0.04135929052261145, 'subsample': 0.3109917621741134, 'colsample_bytree': 0.7138873926516347, 'learning_rate': 0.8885058414560947, 'reg_alpha': 0.0011361658243518727, 'reg_lambda': 4.812255085445537}. Best is trial 325 with value: 0.9241119014369545.
Trial 589 finished with value: 0.38157484173521955 and parameters: {'max_depth': 2, 'min_child_weight': 4, 'gamma': 0.07885653144809879, 'subsample': 0.6378503435087406, 'colsample_bytree': 0.10283309311549882, 'learning_rate': 0.16555685733183212, 'reg_alpha': 0.0017734583021310885, 'reg_lambda': 0.6012361599568714}. Best is trial 325 with value: 0.9241119014369545.
Trial 585 finished with value: -1.022841566496476 and parameters: {'max_depth': 3, 'min_child_weight': 1, 'gamma': 0.4934603015737764, 'subsample': 0.1279732217723648, 'colsample_bytree': 0.1960506751446811, 'learning_rate': 0.47863185056364, 'reg_alpha': 0.00011909255617235824, 'reg_lambda': 0.13815422642341668}. Best is trial 325 with value: 0.9241119014369545.
Trial 580 finished with value: 0.808177775788805 and parameters: {'max_depth': 4, 'min_child_weight': 5, 'gamma': 0.030664994300261816, 'subsample': 0.8901773202680079, 'colsample_bytree': 0.7939758919424995, 'learning_rate': 0.5659652444159741, 'reg_alpha': 7.396398208209495, 'reg_lambda': 0.37483948428359704}. Best is trial 325 with value: 0.9241119014369545.
Trial 572 finished with value: 0.683883734226082 and parameters: {'max_depth': 7, 'min_child_weight': 1, 'gamma': 0.929319633309567, 'subsample': 0.17428511356896415, 'colsample_bytree': 0.5509560626928162, 'learning_rate': 0.10258620323449563, 'reg_alpha': 0.0027184141196986275, 'reg_lambda': 5.686470043923427}. Best is trial 325 with value: 0.9241119014369545.
Trial 598 finished with value: -0.25930158275236986 and parameters: {'max_depth': 1, 'min_child_weight': 4, 'gamma': 0.16699374993009075, 'subsample': 0.08991951189671488, 'colsample_bytree': 0.6573021055807993, 'learning_rate': 0.8279788348939455, 'reg_alpha': 0.24488911688657305, 'reg_lambda': 1.8098791441963196}. Best is trial 325 with value: 0.9241119014369545.
Trial 592 finished with value: 0.44043678656427726 and parameters: {'max_depth': 2, 'min_child_weight': 1, 'gamma': 0.3114474465234356, 'subsample': 0.7949026986345809, 'colsample_bytree': 0.3640764303070453, 'learning_rate': 0.8386920444573731, 'reg_alpha': 0.00011017693661698159, 'reg_lambda': 1.4215487472659436}. Best is trial 325 with value: 0.9241119014369545.
Trial 583 finished with value: 0.4848902542377938 and parameters: {'max_depth': 5, 'min_child_weight': 4, 'gamma': 0.835667398090576, 'subsample': 0.9058892020629512, 'colsample_bytree': 0.1100463053719718, 'learning_rate': 0.6150481443443434, 'reg_alpha': 0.01840132107602813, 'reg_lambda': 0.8139024798733608}. Best is trial 325 with value: 0.9241119014369545.
Trial 559 finished with value: 0.89851505427671 and parameters: {'max_depth': 8, 'min_child_weight': 1, 'gamma': 0.6231302401011347, 'subsample': 0.7074924890575566, 'colsample_bytree': 0.6673088602233737, 'learning_rate': 0.9832729077842874, 'reg_alpha': 0.02954789157498451, 'reg_lambda': 0.0019426665635114322}. Best is trial 325 with value: 0.9241119014369545.
Trial 591 finished with value: 0.16904658129415817 and parameters: {'max_depth': 3, 'min_child_weight': 2, 'gamma': 0.5238657462431893, 'subsample': 0.29557189662694494, 'colsample_bytree': 0.16119014756106076, 'learning_rate': 0.674947576148043, 'reg_alpha': 0.0399799801201738, 'reg_lambda': 0.21324672094026098}. Best is trial 325 with value: 0.9241119014369545.
Trial 604 finished with value: 0.07200224103880651 and parameters: {'max_depth': 1, 'min_child_weight': 3, 'gamma': 0.7997326388851949, 'subsample': 0.5936217048476182, 'colsample_bytree': 0.15283902984933107, 'learning_rate': 0.5824483790010182, 'reg_alpha': 3.3649759313016676, 'reg_lambda': 0.00011157240591358261}. Best is trial 325 with value: 0.9241119014369545.
Trial 586 finished with value: 0.46219212738558907 and parameters: {'max_depth': 5, 'min_child_weight': 2, 'gamma': 0.7130869091191955, 'subsample': 0.2525231166746392, 'colsample_bytree': 0.12437213239942446, 'learning_rate': 0.1524009313649738, 'reg_alpha': 0.0020866856539332105, 'reg_lambda': 0.0007068609010711714}. Best is trial 325 with value: 0.9241119014369545.
Trial 579 finished with value: 0.8422284822519222 and parameters: {'max_depth': 10, 'min_child_weight': 5, 'gamma': 0.5992490732652472, 'subsample': 0.9598233624019619, 'colsample_bytree': 0.23313614115319603, 'learning_rate': 0.5800177684467345, 'reg_alpha': 2.75764664038721, 'reg_lambda': 0.2895081925141248}. Best is trial 325 with value: 0.9241119014369545.
Trial 609 finished with value: 0.4556083781896651 and parameters: {'max_depth': 2, 'min_child_weight': 2, 'gamma': 0.06305414656720165, 'subsample': 0.7675086400158495, 'colsample_bytree': 0.39611544467859194, 'learning_rate': 0.37647559007901, 'reg_alpha': 0.03965567008375033, 'reg_lambda': 0.0004034666660405838}. Best is trial 325 with value: 0.9241119014369545.
Trial 594 finished with value: 0.7152114827265905 and parameters: {'max_depth': 4, 'min_child_weight': 2, 'gamma': 0.43214268489521557, 'subsample': 0.6720951060681655, 'colsample_bytree': 0.5636127752369109, 'learning_rate': 0.7539473294733077, 'reg_alpha': 0.0011452490669957877, 'reg_lambda': 0.13373553213731515}. Best is trial 325 with value: 0.9241119014369545.
Trial 596 finished with value: 0.2228967895003638 and parameters: {'max_depth': 5, 'min_child_weight': 5, 'gamma': 0.48210616678710005, 'subsample': 0.41580497217110535, 'colsample_bytree': 0.09626136771267257, 'learning_rate': 0.7539869260230876, 'reg_alpha': 0.007247684338861701, 'reg_lambda': 0.00013845705132923817}. Best is trial 325 with value: 0.9241119014369545.
