Trial 683 finished with value: 0.8954562903434189 and parameters: {'max_depth': 9, 'min_child_weight': 3, 'gamma': 0.4827597687914942, 'subsample': 0.9500295966182054, 'colsample_bytree': 0.875451756352749, 'learning_rate': 0.7097847387202529, 'reg_alpha': 0.002817441888183444, 'reg_lambda': 0.01872685468086644}. Best is trial 325 with value: 0.9241119014369545.
Trial 723 finished with value: 0.0648812752675273 and parameters: {'max_depth': 4, 'min_child_weight': 2, 'gamma': 0.04447803952989038, 'subsample': 0.8202187384890418, 'colsample_bytree': 0.08691932301191796, 'learning_rate': 0.7081945478826938, 'reg_alpha': 0.011859026125916666, 'reg_lambda': 0.001272581119934862}. Best is trial 325 with value: 0.9241119014369545.
Trial 731 finished with value: 0.07093050020971356 and parameters: {'max_depth': 1, 'min_child_weight': 4, 'gamma': 0.1718983128544369, 'subsample': 0.6010268453624691, 'colsample_bytree': 0.4982929644815217, 'learning_rate': 0.40162824600948743, 'reg_alpha': 0.0006473912129060113, 'reg_lambda': 3.509790294018858}. Best is trial 325 with value: 0.9241119014369545.
Trial 711 finished with value: 0.8471346407608166 and parameters: {'max_depth': 5, 'min_child_weight': 3, 'gamma': 0.4019270496085562, 'subsample': 0.8240331211328701, 'colsample_bytree': 0.7249749840039219, 'learning_rate': 0.9833287015459229, 'reg_alpha': 0.019569301670318312, 'reg_lambda': 0.003432690045892139}. Best is trial 325 with value: 0.9241119014369545.
Trial 719 finished with value: 0.5653480346292366 and parameters: {'max_depth': 4, 'min_child_weight': 5, 'gamma': 0.5162112500934757, 'subsample': 0.7028528791483476, 'colsample_bytree': 0.23062913763775783, 'learning_rate': 0.048602999195249685, 'reg_alpha': 3.857515237161919, 'reg_lambda': 0.0031902251652262546}. Best is trial 325 with value: 0.9241119014369545.
Trial 714 finished with value: 0.7486768708101028 and parameters: {'max_depth': 7, 'min_child_weight': 3, 'gamma': 0.2240912252003192, 'subsample': 0.4595515736834773, 'colsample_bytree': 0.3218086822538203, 'learning_rate': 0.0914569449587973, 'reg_alpha': 3.7958202766627243, 'reg_lambda': 1.178252426950599}. Best is trial 325 with value: 0.9241119014369545.
Trial 716 finished with value: 0.6819747845191974 and parameters: {'max_depth': 6, 'min_child_weight': 2, 'gamma': 0.7965753175732959, 'subsample': 0.1257007124843703, 'colsample_bytree': 0.9445116340267492, 'learning_rate': 0.12062036399284404, 'reg_alpha': 0.09203342992706173, 'reg_lambda': 0.00031100381327842303}. Best is trial 325 with value: 0.9241119014369545.
Trial 726 finished with value: 0.021985008068728072 and parameters: {'max_depth': 7, 'min_child_weight': 3, 'gamma': 0.34799699728996836, 'subsample': 0.28838321234917474, 'colsample_bytree': 0.06889639524397373, 'learning_rate': 0.8330076804856379, 'reg_alpha': 0.004231919052068348, 'reg_lambda': 0.0002987906070958392}. Best is trial 325 with value: 0.9241119014369545.
Trial 728 finished with value: 0.08734354104692452 and parameters: {'max_depth': 7, 'min_child_weight': 5, 'gamma': 0.9702358419653926, 'subsample': 0.8377707228013632, 'colsample_bytree': 0.02377317367873144, 'learning_rate': 0.09972648707524878, 'reg_alpha': 0.03081576061863898, 'reg_lambda': 0.0056199767668000545}. Best is trial 325 with value: 0.9241119014369545.
Trial 724 finished with value: 0.8377152670092645 and parameters: {'max_depth': 4, 'min_child_weight': 4, 'gamma': 0.8662221511205952, 'subsample': 0.7876815665583863, 'colsample_bytree': 0.7402620993766936, 'learning_rate': 0.6457767085944304, 'reg_alpha': 2.2294995661478807, 'reg_lambda': 0.011505241222614248}. Best is trial 325 with value: 0.9241119014369545.
Trial 705 finished with value: 0.9044877433368351 and parameters: {'max_depth': 8, 'min_child_weight': 4, 'gamma': 0.8649134943732231, 'subsample': 0.7734948913249787, 'colsample_bytree': 0.9412808939171055, 'learning_rate': 0.6562305217220603, 'reg_alpha': 0.19329893329096526, 'reg_lambda': 0.0006361205462899819}. Best is trial 325 with value: 0.9241119014369545.
Trial 712 finished with value: 0.9131726433033224 and parameters: {'max_depth': 6, 'min_child_weight': 4, 'gamma': 0.8630208529218875, 'subsample': 0.7841618490278395, 'colsample_bytree': 0.8278200976034841, 'learning_rate': 0.25788788001091223, 'reg_alpha': 0.0020222396080066844, 'reg_lambda': 0.5068595342678422}. Best is trial 325 with value: 0.9241119014369545.
Trial 718 finished with value: 0.5922139193617487 and parameters: {'max_depth': 5, 'min_child_weight': 1, 'gamma': 0.16705251988899983, 'subsample': 0.4813402353953521, 'colsample_bytree': 0.8690994296086235, 'learning_rate': 0.8698661352893875, 'reg_alpha': 2.2711732129830486, 'reg_lambda': 0.0007648720797438982}. Best is trial 325 with value: 0.9241119014369545.
Trial 740 finished with value: 0.06639656365707183 and parameters: {'max_depth': 2, 'min_child_weight': 1, 'gamma': 0.2804279267840101, 'subsample': 0.6642357517178795, 'colsample_bytree': 0.0504624614631346, 'learning_rate': 0.38952434788134105, 'reg_alpha': 0.012455878164130007, 'reg_lambda': 0.008574430966364137}. Best is trial 325 with value: 0.9241119014369545.
Trial 721 finished with value: 0.9078451704108503 and parameters: {'max_depth': 10, 'min_child_weight': 4, 'gamma': 0.4551724814102617, 'subsample': 0.9870558012731792, 'colsample_bytree': 0.5941302349031525, 'learning_rate': 0.3853258900792219, 'reg_alpha': 2.817178323977285, 'reg_lambda': 0.004326861298034491}. Best is trial 325 with value: 0.9241119014369545.
Trial 732 finished with value: 0.05223776443721543 and parameters: {'max_depth': 9, 'min_child_weight': 3, 'gamma': 0.25788467786648095, 'subsample': 0.34567513055617227, 'colsample_bytree': 0.021622072601009346, 'learning_rate': 0.48788031896518824, 'reg_alpha': 0.009894206425478154, 'reg_lambda': 7.711113202325036}. Best is trial 325 with value: 0.9241119014369545.
Trial 725 finished with value: 0.8139087639440589 and parameters: {'max_depth': 5, 'min_child_weight': 4, 'gamma': 0.8736665931099561, 'subsample': 0.8292328989896796, 'colsample_bytree': 0.364550026690201, 'learning_rate': 0.8143914280682408, 'reg_alpha': 0.0006024453600070629, 'reg_lambda': 3.172181420530442}. Best is trial 325 with value: 0.9241119014369545.
Trial 736 finished with value: 0.4986641552707381 and parameters: {'max_depth': 3, 'min_child_weight': 4, 'gamma': 0.4767254461655862, 'subsample': 0.7129130586475355, 'colsample_bytree': 0.14895992512493494, 'learning_rate': 0.9607565472898136, 'reg_alpha': 1.3626087285684254, 'reg_lambda': 0.0008980704847429528}. Best is trial 325 with value: 0.9241119014369545.
Trial 745 finished with value: 0.0901177184606984 and parameters: {'max_depth': 1, 'min_child_weight': 2, 'gamma': 0.08525609085522123, 'subsample': 0.8844394461783109, 'colsample_bytree': 0.11506875708318498, 'learning_rate': 0.4870303228605414, 'reg_alpha': 0.0016646788460968488, 'reg_lambda': 0.11408637348003803}. Best is trial 325 with value: 0.9241119014369545.
Trial 722 finished with value: 0.7943057206787951 and parameters: {'max_depth': 6, 'min_child_weight': 5, 'gamma': 0.27770227004515025, 'subsample': 0.7743017922037211, 'colsample_bytree': 0.33450092808652876, 'learning_rate': 0.24857849510740615, 'reg_alpha': 0.010943309520689377, 'reg_lambda': 0.0016101838321609385}. Best is trial 325 with value: 0.9241119014369545.
Trial 734 finished with value: 0.07842015303870647 and parameters: {'max_depth': 10, 'min_child_weight': 4, 'gamma': 0.4984828283571373, 'subsample': 0.9052288978309941, 'colsample_bytree': 0.07388343713038692, 'learning_rate': 0.5381658895612441, 'reg_alpha': 0.9556366005012167, 'reg_lambda': 1.0184362598050187}. Best is trial 325 with value: 0.9241119014369545.
Trial 733 finished with value: 0.8021725987554379 and parameters: {'max_depth': 4, 'min_child_weight': 2, 'gamma': 0.4812569387827853, 'subsample': 0.5969778165671313, 'colsample_bytree': 0.6798075091637201, 'learning_rate': 0.4734235883000477, 'reg_alpha': 0.19497674424245418, 'reg_lambda': 0.03514500758013783}. Best is trial 325 with value: 0.9241119014369545.
Trial 744 finished with value: 0.3939143549339749 and parameters: {'max_depth': 2, 'min_child_weight': 5, 'gamma': 0.08905914283305749, 'subsample': 0.4684367304977114, 'colsample_bytree': 0.28973474424077406, 'learning_rate': 0.5035191622327861, 'reg_alpha': 0.0003799965809461323, 'reg_lambda': 0.06805108384490208}. Best is trial 325 with value: 0.9241119014369545.
Trial 729 finished with value: 0.6945490422685692 and parameters: {'max_depth': 7, 'min_child_weight': 2, 'gamma': 0.15481904096662757, 'subsample': 0.13392481679782797, 'colsample_bytree': 0.9458962960712751, 'learning_rate': 0.16914301170411505, 'reg_alpha': 0.0019963890396903585, 'reg_lambda': 4.8774064608373076}. Best is trial 325 with value: 0.9241119014369545.
Trial 739 finished with value: 0.0724108970814436 and parameters: {'max_depth': 8, 'min_child_weight': 3, 'gamma': 0.4569847574250948, 'subsample': 0.35514125822260756, 'colsample_bytree': 0.009387978158915344, 'learning_rate': 0.24230795479439826, 'reg_alpha': 0.02075201027776014, 'reg_lambda': 0.08504195045359975}. Best is trial 325 with value: 0.9241119014369545.
Trial 737 finished with value: 0.09691819849432234 and parameters: {'max_depth': 9, 'min_child_weight': 2, 'gamma': 0.7582322926338323, 'subsample': 0.06843858065265962, 'colsample_bytree': 0.10981039476862275, 'learning_rate': 0.15075580600277894, 'reg_alpha': 0.530674413203289, 'reg_lambda': 0.000154786918119825}. Best is trial 325 with value: 0.9241119014369545.
Trial 751 finished with value: 0.1423446641090014 and parameters: {'max_depth': 2, 'min_child_weight': 1, 'gamma': 0.47750376202872247, 'subsample': 0.32197010765920886, 'colsample_bytree': 0.43143203852781875, 'learning_rate': 0.901711012281674, 'reg_alpha': 3.6355113815085662, 'reg_lambda': 0.1255085816374099}. Best is trial 325 with value: 0.9241119014369545.
Trial 756 finished with value: -0.17457248275372897 and parameters: {'max_depth': 8, 'min_child_weight': 2, 'gamma': 0.21729250837446334, 'subsample': 0.0067925518395969275, 'colsample_bytree': 0.4021883482478251, 'learning_rate': 0.1438179181300121, 'reg_alpha': 0.4107234036323494, 'reg_lambda': 0.9504986392569931}. Best is trial 325 with value: 0.9241119014369545.
Trial 730 finished with value: 0.6494715458030212 and parameters: {'max_depth': 9, 'min_child_weight': 4, 'gamma': 0.47061191827922266, 'subsample': 0.47557679892833626, 'colsample_bytree': 0.18259822516858992, 'learning_rate': 0.6566702322423215, 'reg_alpha': 0.0008905046120606711, 'reg_lambda': 0.6162420140291933}. Best is trial 325 with value: 0.9241119014369545.
Trial 752 finished with value: -3.8205108539604358 and parameters: {'max_depth': 3, 'min_child_weight': 5, 'gamma': 0.2162989023079981, 'subsample': 0.08117203801662065, 'colsample_bytree': 0.9278888718920638, 'learning_rate': 0.7948188264012603, 'reg_alpha': 0.0006577920055479193, 'reg_lambda': 4.011668246283669}. Best is trial 325 with value: 0.9241119014369545.
Trial 742 finished with value: 0.5796842426720216 and parameters: {'max_depth': 4, 'min_child_weight': 2, 'gamma': 0.09300597203118699, 'subsample': 0.34041423206172405, 'colsample_bytree': 0.4387673940775615, 'learning_rate': 0.07280450435373198, 'reg_alpha': 0.062263931127219264, 'reg_lambda': 7.291587511560757}. Best is trial 325 with value: 0.9241119014369545.
Trial 748 finished with value: 0.6099809598428444 and parameters: {'max_depth': 4, 'min_child_weight': 5, 'gamma': 0.11102639179700025, 'subsample': 0.8557828724452676, 'colsample_bytree': 0.21889275711681022, 'learning_rate': 0.12269346968186856, 'reg_alpha': 0.8851808817034518, 'reg_lambda': 0.005762261488306851}. Best is trial 325 with value: 0.9241119014369545.
Trial 758 finished with value: -98798465712588.16 and parameters: {'max_depth': 10, 'min_child_weight': 2, 'gamma': 0.7205822409837639, 'subsample': 0.018588564051733147, 'colsample_bytree': 0.46999131556556284, 'learning_rate': 0.7232614965028346, 'reg_alpha': 0.20332588877360577, 'reg_lambda': 0.0003261176910530881}. Best is trial 325 with value: 0.9241119014369545.
Trial 754 finished with value: 0.5013971879819047 and parameters: {'max_depth': 3, 'min_child_weight': 2, 'gamma': 0.25163927701012145, 'subsample': 0.1872435118621536, 'colsample_bytree': 0.7486758664104411, 'learning_rate': 0.08198842516100091, 'reg_alpha': 0.3629876677471785, 'reg_lambda': 0.8038489827258919}. Best is trial 325 with value: 0.9241119014369545.
Trial 727 finished with value: 0.7449106136541445 and parameters: {'max_depth': 10, 'min_child_weight': 4, 'gamma': 0.48730380010326046, 'subsample': 0.6180094291148586, 'colsample_bytree': 0.401650220843653, 'learning_rate': 0.8514755478696318, 'reg_alpha': 0.0004067052324121344, 'reg_lambda': 0.00015405830660975472}. Best is trial 325 with value: 0.9241119014369545.
Trial 735 finished with value: 0.8820697845673944 and parameters: {'max_depth': 8, 'min_child_weight': 2, 'gamma': 0.8513627817114311, 'subsample': 0.8570993101289373, 'colsample_bytree': 0.3541587335187053, 'learning_rate': 0.30698309194471873, 'reg_alpha': 0.9152862325959392, 'reg_lambda': 4.048967937233753}. Best is trial 715 with value: 0.9377859576434285.
Trial 715 finished with value: 0.9377859576434285 and parameters: {'max_depth': 10, 'min_child_weight': 3, 'gamma': 0.747540868909497, 'subsample': 0.5860777353932083, 'colsample_bytree': 0.9178854159621357, 'learning_rate': 0.4616272102062773, 'reg_alpha': 0.002219066298464066, 'reg_lambda': 0.00019578518750672548}. Best is trial 715 with value: 0.9377859576434285.
Trial 750 finished with value: 0.43070810518168634 and parameters: {'max_depth': 6, 'min_child_weight': 3, 'gamma': 0.9736186554346499, 'subsample': 0.19560350213580757, 'colsample_bytree': 0.33172389575562466, 'learning_rate': 0.020815371628651103, 'reg_alpha': 8.065846469194772, 'reg_lambda': 2.5501262326528367}. Best is trial 715 with value: 0.9377859576434285.
Trial 738 finished with value: 0.8635865829454058 and parameters: {'max_depth': 7, 'min_child_weight': 5, 'gamma': 0.018643594002704766, 'subsample': 0.8258475726605345, 'colsample_bytree': 0.9161901589999348, 'learning_rate': 0.7012607324858332, 'reg_alpha': 0.8478474162198368, 'reg_lambda': 0.0008231044595392298}. Best is trial 715 with value: 0.9377859576434285.
Trial 749 finished with value: 0.8213162625143361 and parameters: {'max_depth': 6, 'min_child_weight': 2, 'gamma': 0.1826733265512518, 'subsample': 0.8743394094117946, 'colsample_bytree': 0.3522532450421645, 'learning_rate': 0.28301596346856817, 'reg_alpha': 9.367958096716807, 'reg_lambda': 0.05483990017792157}. Best is trial 715 with value: 0.9377859576434285.
Trial 757 finished with value: 0.531167942489222 and parameters: {'max_depth': 4, 'min_child_weight': 3, 'gamma': 0.15130101755305014, 'subsample': 0.10539910850637346, 'colsample_bytree': 0.9949876165014873, 'learning_rate': 0.11469248952952071, 'reg_alpha': 0.012612121750371574, 'reg_lambda': 0.31107859989396636}. Best is trial 715 with value: 0.9377859576434285.
Trial 765 finished with value: 0.004260381672849756 and parameters: {'max_depth': 2, 'min_child_weight': 3, 'gamma': 0.05435624053120536, 'subsample': 0.443328025984587, 'colsample_bytree': 0.08918314348961187, 'learning_rate': 0.8173903024126283, 'reg_alpha': 0.0013829057313451288, 'reg_lambda': 0.00041943193550828906}. Best is trial 715 with value: 0.9377859576434285.
Trial 761 finished with value: 0.5681776302027663 and parameters: {'max_depth': 3, 'min_child_weight': 3, 'gamma': 0.09978771883262672, 'subsample': 0.5663960181419218, 'colsample_bytree': 0.45091792366642525, 'learning_rate': 0.7634232359287768, 'reg_alpha': 3.8788607303934954, 'reg_lambda': 0.0016931752796603874}. Best is trial 715 with value: 0.9377859576434285.
Trial 743 finished with value: 0.8846903032682607 and parameters: {'max_depth': 7, 'min_child_weight': 1, 'gamma': 0.5674996211693014, 'subsample': 0.7133745772994747, 'colsample_bytree': 0.6312418529673137, 'learning_rate': 0.3126811244817286, 'reg_alpha': 6.5430676761444095, 'reg_lambda': 0.002738036937091869}. Best is trial 715 with value: 0.9377859576434285.
Trial 774 finished with value: -0.9687913339444019 and parameters: {'max_depth': 1, 'min_child_weight': 3, 'gamma': 0.5958943003464338, 'subsample': 0.09707883178257426, 'colsample_bytree': 0.01967859700381802, 'learning_rate': 0.8849120704106442, 'reg_alpha': 0.6794890880905954, 'reg_lambda': 2.5406810722732014}. Best is trial 715 with value: 0.9377859576434285.
Trial 779 finished with value: -5.729807638605504 and parameters: {'max_depth': 10, 'min_child_weight': 5, 'gamma': 0.6974233129937429, 'subsample': 0.00735900241881593, 'colsample_bytree': 0.9662211353538506, 'learning_rate': 0.3188677208635946, 'reg_alpha': 0.020336545342410767, 'reg_lambda': 0.0001431224936247474}. Best is trial 715 with value: 0.9377859576434285.
Trial 777 finished with value: -0.08940018273842891 and parameters: {'max_depth': 1, 'min_child_weight': 4, 'gamma': 0.8848079265943363, 'subsample': 0.1768302591124824, 'colsample_bytree': 0.3734319136433183, 'learning_rate': 0.47072321790810034, 'reg_alpha': 0.00023259215176920742, 'reg_lambda': 0.3163866483073227}. Best is trial 715 with value: 0.9377859576434285.
Trial 746 finished with value: 0.911752674994438 and parameters: {'max_depth': 6, 'min_child_weight': 4, 'gamma': 0.7510033179571599, 'subsample': 0.9912011121229032, 'colsample_bytree': 0.7928149205576911, 'learning_rate': 0.14605432274700614, 'reg_alpha': 0.0004986506844521384, 'reg_lambda': 0.016809166507141052}. Best is trial 715 with value: 0.9377859576434285.
Trial 753 finished with value: 0.7213607396246777 and parameters: {'max_depth': 8, 'min_child_weight': 5, 'gamma': 0.5252694935291762, 'subsample': 0.3452964915115948, 'colsample_bytree': 0.8804510555401315, 'learning_rate': 0.13012719436420084, 'reg_alpha': 0.0033957513041621484, 'reg_lambda': 8.507133487146882}. Best is trial 715 with value: 0.9377859576434285.
Trial 747 finished with value: 0.9074319038068673 and parameters: {'max_depth': 8, 'min_child_weight': 2, 'gamma': 0.63259769872939, 'subsample': 0.7995055702714986, 'colsample_bytree': 0.6703569433219494, 'learning_rate': 0.09743436613856093, 'reg_alpha': 3.2398086980385163, 'reg_lambda': 0.00024550453846822786}. Best is trial 715 with value: 0.9377859576434285.
Trial 771 finished with value: 0.1005718831241264 and parameters: {'max_depth': 3, 'min_child_weight': 5, 'gamma': 0.935039242405422, 'subsample': 0.13298204352229093, 'colsample_bytree': 0.7247365003629921, 'learning_rate': 0.37836902455193977, 'reg_alpha': 7.690417653837299, 'reg_lambda': 0.0001460173721486002}. Best is trial 715 with value: 0.9377859576434285.
Trial 778 finished with value: 0.06620048214470398 and parameters: {'max_depth': 4, 'min_child_weight': 5, 'gamma': 0.5559567970460861, 'subsample': 0.7796028050583123, 'colsample_bytree': 0.03877672652297415, 'learning_rate': 0.6864816091481716, 'reg_alpha': 4.424184433627255, 'reg_lambda': 0.0007333222064990022}. Best is trial 715 with value: 0.9377859576434285.
Trial 759 finished with value: 0.8960584286279817 and parameters: {'max_depth': 7, 'min_child_weight': 2, 'gamma': 0.7993404036423309, 'subsample': 0.9565962593921491, 'colsample_bytree': 0.39370190469868116, 'learning_rate': 0.9950812198348764, 'reg_alpha': 0.7841184435054843, 'reg_lambda': 0.0003093584368195798}. Best is trial 715 with value: 0.9377859576434285.
Trial 766 finished with value: 0.822737576194658 and parameters: {'max_depth': 5, 'min_child_weight': 1, 'gamma': 0.030715720148668857, 'subsample': 0.7666481662528559, 'colsample_bytree': 0.33471079882974075, 'learning_rate': 0.6263323885062801, 'reg_alpha': 0.3066493785847946, 'reg_lambda': 0.00010368494616033422}. Best is trial 715 with value: 0.9377859576434285.
Trial 755 finished with value: 0.9066557644201255 and parameters: {'max_depth': 7, 'min_child_weight': 2, 'gamma': 0.7796447700291521, 'subsample': 0.8284070536353996, 'colsample_bytree': 0.9956306126719111, 'learning_rate': 0.3793160912373372, 'reg_alpha': 1.3161955511892884, 'reg_lambda': 0.0178977970950044}. Best is trial 715 with value: 0.9377859576434285.
Trial 775 finished with value: 0.35897448984446195 and parameters: {'max_depth': 4, 'min_child_weight': 3, 'gamma': 0.9308359711528053, 'subsample': 0.28202555978857036, 'colsample_bytree': 0.2910017816517514, 'learning_rate': 0.7013682343929, 'reg_alpha': 0.0013837932313285387, 'reg_lambda': 2.6015056356116113}. Best is trial 715 with value: 0.9377859576434285.
Trial 762 finished with value: 0.7003074262940956 and parameters: {'max_depth': 7, 'min_child_weight': 5, 'gamma': 0.8808505616419011, 'subsample': 0.38619892990139737, 'colsample_bytree': 0.4337503673557741, 'learning_rate': 0.5214332722547711, 'reg_alpha': 0.19678513366821435, 'reg_lambda': 0.0036985911290497615}. Best is trial 715 with value: 0.9377859576434285.
Trial 767 finished with value: 0.799429125094965 and parameters: {'max_depth': 6, 'min_child_weight': 1, 'gamma': 0.17605618930133393, 'subsample': 0.6488118205428308, 'colsample_bytree': 0.3199151512432242, 'learning_rate': 0.22834599960705526, 'reg_alpha': 7.164175129107206, 'reg_lambda': 2.0472170195468458}. Best is trial 715 with value: 0.9377859576434285.
Trial 764 finished with value: -6.105720685683423e+23 and parameters: {'max_depth': 8, 'min_child_weight': 1, 'gamma': 0.11459401841107142, 'subsample': 0.057353914479837176, 'colsample_bytree': 0.7366105503436041, 'learning_rate': 0.5793623539878408, 'reg_alpha': 1.7380706146258371, 'reg_lambda': 0.005737450140838012}. Best is trial 715 with value: 0.9377859576434285.
