Trial 3713 finished with value: 0.8853353824482789 and parameters: {'max_depth': 5, 'min_child_weight': 3, 'gamma': 0.024260664135489662, 'subsample': 0.939988899056437, 'colsample_bytree': 0.6277736153119243, 'learning_rate': 0.522927976370503, 'reg_alpha': 0.001692027318119025, 'reg_lambda': 0.002215092805092125}. Best is trial 3619 with value: 0.9384500514029486.
Trial 3731 finished with value: 0.399307538182279 and parameters: {'max_depth': 2, 'min_child_weight': 1, 'gamma': 0.8967013029655031, 'subsample': 0.6272985707324078, 'colsample_bytree': 0.15575096643192632, 'learning_rate': 0.7344423750087476, 'reg_alpha': 0.009258627819719454, 'reg_lambda': 0.18979836112519194}. Best is trial 3619 with value: 0.9384500514029486.
Trial 3735 finished with value: 0.08803984967616682 and parameters: {'max_depth': 1, 'min_child_weight': 1, 'gamma': 0.4215497783589932, 'subsample': 0.651667018248181, 'colsample_bytree': 0.6513651870790896, 'learning_rate': 0.8295978861262965, 'reg_alpha': 0.00013487751906267862, 'reg_lambda': 0.027644391657625327}. Best is trial 3619 with value: 0.9384500514029486.
Trial 3739 finished with value: -0.12435377129228967 and parameters: {'max_depth': 1, 'min_child_weight': 1, 'gamma': 0.14337376827977633, 'subsample': 0.13369620882509836, 'colsample_bytree': 0.2098513433476138, 'learning_rate': 0.740901994220566, 'reg_alpha': 0.01260259385656698, 'reg_lambda': 0.029933145727777985}. Best is trial 3619 with value: 0.9384500514029486.
Trial 3721 finished with value: -3.17699553889437 and parameters: {'max_depth': 4, 'min_child_weight': 2, 'gamma': 0.3694704324774316, 'subsample': 0.22469682960093096, 'colsample_bytree': 0.7834075997995178, 'learning_rate': 0.5813630529947419, 'reg_alpha': 0.00010430638139275393, 'reg_lambda': 0.0003719062067925603}. Best is trial 3619 with value: 0.9384500514029486.
Trial 3707 finished with value: 0.9085283834330725 and parameters: {'max_depth': 7, 'min_child_weight': 3, 'gamma': 0.6862196057168481, 'subsample': 0.9527714067220618, 'colsample_bytree': 0.7748936164553718, 'learning_rate': 0.8900225990987427, 'reg_alpha': 0.00020007789212598602, 'reg_lambda': 3.6702336408739082}. Best is trial 3619 with value: 0.9384500514029486.
Trial 3724 finished with value: 0.4394228382685862 and parameters: {'max_depth': 10, 'min_child_weight': 3, 'gamma': 0.8877520281951164, 'subsample': 0.20822474595859652, 'colsample_bytree': 0.09538546273610382, 'learning_rate': 0.16329686080658867, 'reg_alpha': 0.014953566424234956, 'reg_lambda': 0.03915717878695099}. Best is trial 3619 with value: 0.9384500514029486.
Trial 3741 finished with value: -1.3094293226963372 and parameters: {'max_depth': 4, 'min_child_weight': 1, 'gamma': 0.8140707624430048, 'subsample': 0.07694363329509035, 'colsample_bytree': 0.05663798142888188, 'learning_rate': 0.9789718107358567, 'reg_alpha': 1.0536901295885615, 'reg_lambda': 2.071725625336202}. Best is trial 3619 with value: 0.9384500514029486.
Trial 3744 finished with value: 0.47001050195890465 and parameters: {'max_depth': 2, 'min_child_weight': 4, 'gamma': 0.22798337912202582, 'subsample': 0.7215790894457395, 'colsample_bytree': 0.6436979517757377, 'learning_rate': 0.3995990101231294, 'reg_alpha': 0.00017616283034205314, 'reg_lambda': 0.6766119498503264}. Best is trial 3619 with value: 0.9384500514029486.
Trial 3733 finished with value: 0.640488844367013 and parameters: {'max_depth': 4, 'min_child_weight': 5, 'gamma': 0.10502048535840425, 'subsample': 0.688245295912966, 'colsample_bytree': 0.18237803406500552, 'learning_rate': 0.559475937896105, 'reg_alpha': 0.009984513290358602, 'reg_lambda': 1.492801186015979}. Best is trial 3619 with value: 0.9384500514029486.
Trial 3730 finished with value: 0.8189730248199938 and parameters: {'max_depth': 4, 'min_child_weight': 2, 'gamma': 0.0734391564076905, 'subsample': 0.7995613283174902, 'colsample_bytree': 0.9139377379862164, 'learning_rate': 0.13512453491743004, 'reg_alpha': 0.3677487399992542, 'reg_lambda': 0.07717487781232932}. Best is trial 3619 with value: 0.9384500514029486.
Trial 3723 finished with value: 0.8001352708693457 and parameters: {'max_depth': 6, 'min_child_weight': 5, 'gamma': 0.6419894426742663, 'subsample': 0.42752139829352265, 'colsample_bytree': 0.7583070276904714, 'learning_rate': 0.33152028623126817, 'reg_alpha': 3.870066085323577, 'reg_lambda': 0.007214356072071378}. Best is trial 3619 with value: 0.9384500514029486.
Trial 3749 finished with value: 0.44538758415529767 and parameters: {'max_depth': 2, 'min_child_weight': 5, 'gamma': 0.13610438834591654, 'subsample': 0.7095044651817815, 'colsample_bytree': 0.8929477455010977, 'learning_rate': 0.7484180619681141, 'reg_alpha': 0.0002652853308160782, 'reg_lambda': 0.004553020312457707}. Best is trial 3619 with value: 0.9384500514029486.
Trial 3712 finished with value: 0.8874569293729495 and parameters: {'max_depth': 7, 'min_child_weight': 2, 'gamma': 0.12066612007988009, 'subsample': 0.698467460694038, 'colsample_bytree': 0.7038599075778266, 'learning_rate': 0.6760621220449616, 'reg_alpha': 0.0001627689270156423, 'reg_lambda': 0.0005432171312957388}. Best is trial 3619 with value: 0.9384500514029486.
Trial 3722 finished with value: 0.40129985137640056 and parameters: {'max_depth': 10, 'min_child_weight': 2, 'gamma': 0.38122083158318787, 'subsample': 0.508540112234442, 'colsample_bytree': 0.14419997637313542, 'learning_rate': 0.8558850265652065, 'reg_alpha': 0.03135669580881766, 'reg_lambda': 0.03540112437460529}. Best is trial 3619 with value: 0.9384500514029486.
Trial 3752 finished with value: -0.9726705768428702 and parameters: {'max_depth': 1, 'min_child_weight': 3, 'gamma': 0.8101983231141333, 'subsample': 0.036951101681807486, 'colsample_bytree': 0.1170631623198114, 'learning_rate': 0.8735492705818844, 'reg_alpha': 0.014315864839794606, 'reg_lambda': 0.36093268266368905}. Best is trial 3619 with value: 0.9384500514029486.
Trial 3746 finished with value: 0.5891811142796581 and parameters: {'max_depth': 3, 'min_child_weight': 1, 'gamma': 0.1168327372407233, 'subsample': 0.36956787069841834, 'colsample_bytree': 0.6977665971078973, 'learning_rate': 0.1763286025638039, 'reg_alpha': 2.8605266413936925, 'reg_lambda': 0.02800536688254475}. Best is trial 3619 with value: 0.9384500514029486.
Trial 3743 finished with value: -0.40998578111355805 and parameters: {'max_depth': 8, 'min_child_weight': 4, 'gamma': 0.7900896826502372, 'subsample': 0.1779161353256451, 'colsample_bytree': 0.07330777789426512, 'learning_rate': 0.9737622576964788, 'reg_alpha': 0.027697923770136038, 'reg_lambda': 0.025789549079617134}. Best is trial 3619 with value: 0.9384500514029486.
Trial 3727 finished with value: 0.7239068760780768 and parameters: {'max_depth': 9, 'min_child_weight': 5, 'gamma': 0.5036761182301541, 'subsample': 0.7986360242974083, 'colsample_bytree': 0.14316343039770396, 'learning_rate': 0.46477709535886336, 'reg_alpha': 0.1436671470683933, 'reg_lambda': 0.0001510974228857492}. Best is trial 3619 with value: 0.9384500514029486.
Trial 3732 finished with value: 0.4767600532752658 and parameters: {'max_depth': 10, 'min_child_weight': 2, 'gamma': 0.637725453872234, 'subsample': 0.7003452861462302, 'colsample_bytree': 0.0912742945330155, 'learning_rate': 0.4203122108911589, 'reg_alpha': 0.30518142938218257, 'reg_lambda': 0.006159085736759233}. Best is trial 3619 with value: 0.9384500514029486.
Trial 3747 finished with value: 0.062176688840941394 and parameters: {'max_depth': 4, 'min_child_weight': 1, 'gamma': 0.8832436942970232, 'subsample': 0.0965479957389016, 'colsample_bytree': 0.29594853961595746, 'learning_rate': 0.670795164235388, 'reg_alpha': 1.5364277616951572, 'reg_lambda': 7.868216798748956}. Best is trial 3619 with value: 0.9384500514029486.
Trial 3737 finished with value: 0.7220342684249826 and parameters: {'max_depth': 5, 'min_child_weight': 5, 'gamma': 0.7800896112743377, 'subsample': 0.37212506431586057, 'colsample_bytree': 0.4730476070560312, 'learning_rate': 0.43602572088861635, 'reg_alpha': 0.03864123253548444, 'reg_lambda': 2.2769936653979945}. Best is trial 3619 with value: 0.9384500514029486.
Trial 3748 finished with value: -473504649940.02637 and parameters: {'max_depth': 4, 'min_child_weight': 1, 'gamma': 0.5893268012377025, 'subsample': 0.20469568823577755, 'colsample_bytree': 0.329276231744949, 'learning_rate': 0.9474346318910489, 'reg_alpha': 0.0036470472969095803, 'reg_lambda': 0.001630815996095879}. Best is trial 3619 with value: 0.9384500514029486.
Trial 3736 finished with value: -6.295123223079233 and parameters: {'max_depth': 8, 'min_child_weight': 5, 'gamma': 0.16734561371552004, 'subsample': 0.258377581191488, 'colsample_bytree': 0.7670013538235679, 'learning_rate': 0.757399143338712, 'reg_alpha': 0.48939213859181235, 'reg_lambda': 0.0019413634971826713}. Best is trial 3619 with value: 0.9384500514029486.
Trial 3711 finished with value: 0.8918187642973842 and parameters: {'max_depth': 9, 'min_child_weight': 4, 'gamma': 0.5637024248830109, 'subsample': 0.8985712901817262, 'colsample_bytree': 0.9733296555984176, 'learning_rate': 0.8096301911212772, 'reg_alpha': 0.0011057579815678612, 'reg_lambda': 0.0127460672623791}. Best is trial 3619 with value: 0.9384500514029486.
Trial 3728 finished with value: -5.114356520917492e+31 and parameters: {'max_depth': 8, 'min_child_weight': 2, 'gamma': 0.9543911016579067, 'subsample': 0.20046818118413712, 'colsample_bytree': 0.9166433061142315, 'learning_rate': 0.8673821383962993, 'reg_alpha': 1.2514540428383554, 'reg_lambda': 0.0017855462266849792}. Best is trial 3619 with value: 0.9384500514029486.
Trial 3756 finished with value: 0.6753165350479025 and parameters: {'max_depth': 3, 'min_child_weight': 2, 'gamma': 0.05186520326421651, 'subsample': 0.6408200869853685, 'colsample_bytree': 0.9335944075185099, 'learning_rate': 0.17866606230777626, 'reg_alpha': 0.00044547412442958904, 'reg_lambda': 0.0034587633552512725}. Best is trial 3619 with value: 0.9384500514029486.
Trial 3745 finished with value: 0.7530779422311695 and parameters: {'max_depth': 6, 'min_child_weight': 4, 'gamma': 0.8652628861603022, 'subsample': 0.5491267224364921, 'colsample_bytree': 0.32178974504683033, 'learning_rate': 0.12011205610562092, 'reg_alpha': 0.040477506043115924, 'reg_lambda': 0.008779306209924396}. Best is trial 3619 with value: 0.9384500514029486.
Trial 3768 finished with value: 0.08055563849637608 and parameters: {'max_depth': 1, 'min_child_weight': 4, 'gamma': 0.09679469853757128, 'subsample': 0.7229335203818005, 'colsample_bytree': 0.5529958804121667, 'learning_rate': 0.6046531588923347, 'reg_alpha': 0.1672853004554978, 'reg_lambda': 0.00014370403897335046}. Best is trial 3619 with value: 0.9384500514029486.
Trial 3769 finished with value: 0.08689373473184966 and parameters: {'max_depth': 1, 'min_child_weight': 4, 'gamma': 0.9991216669330716, 'subsample': 0.7047945148458364, 'colsample_bytree': 0.7824885586790146, 'learning_rate': 0.7297450708052907, 'reg_alpha': 0.23514581784685146, 'reg_lambda': 0.062219267833306335}. Best is trial 3619 with value: 0.9384500514029486.
Trial 3740 finished with value: 0.8678947462354138 and parameters: {'max_depth': 10, 'min_child_weight': 5, 'gamma': 0.05432573052439016, 'subsample': 0.629596491780035, 'colsample_bytree': 0.7422746125206992, 'learning_rate': 0.2759705819305184, 'reg_alpha': 2.0830138287453797, 'reg_lambda': 7.137318289354279}. Best is trial 3619 with value: 0.9384500514029486.
Trial 3757 finished with value: 0.6534251123356143 and parameters: {'max_depth': 4, 'min_child_weight': 3, 'gamma': 0.3374352385085334, 'subsample': 0.5895737141499265, 'colsample_bytree': 0.648941330338992, 'learning_rate': 0.9514341310271128, 'reg_alpha': 0.520033373250806, 'reg_lambda': 0.016803574844451614}. Best is trial 3619 with value: 0.9384500514029486.
Trial 3761 finished with value: 0.8043093780491843 and parameters: {'max_depth': 4, 'min_child_weight': 5, 'gamma': 0.9187100553760517, 'subsample': 0.9898173654287509, 'colsample_bytree': 0.40572161981548327, 'learning_rate': 0.8665261056204118, 'reg_alpha': 0.9785363346282777, 'reg_lambda': 0.0005883294046330228}. Best is trial 3619 with value: 0.9384500514029486.
Trial 3758 finished with value: -8.236618243246989 and parameters: {'max_depth': 5, 'min_child_weight': 4, 'gamma': 0.1731650982185492, 'subsample': 0.13010553793638924, 'colsample_bytree': 0.7940183821265491, 'learning_rate': 0.529887848420592, 'reg_alpha': 0.01135676164711663, 'reg_lambda': 0.00889841713901859}. Best is trial 3619 with value: 0.9384500514029486.
Trial 3763 finished with value: 0.033940563703963054 and parameters: {'max_depth': 8, 'min_child_weight': 3, 'gamma': 0.0909023364935232, 'subsample': 0.08652318654323321, 'colsample_bytree': 0.12096319530876154, 'learning_rate': 0.2694947128892794, 'reg_alpha': 0.3940032328522254, 'reg_lambda': 0.0017754491225916995}. Best is trial 3619 with value: 0.9384500514029486.
Trial 3753 finished with value: 0.897425465463733 and parameters: {'max_depth': 5, 'min_child_weight': 5, 'gamma': 0.8144642317765747, 'subsample': 0.9603585834396358, 'colsample_bytree': 0.6346203757730462, 'learning_rate': 0.9787821817943024, 'reg_alpha': 0.000443855615509476, 'reg_lambda': 0.2522399656317992}. Best is trial 3619 with value: 0.9384500514029486.
Trial 3764 finished with value: 0.6103074636642017 and parameters: {'max_depth': 4, 'min_child_weight': 2, 'gamma': 0.8853992209060453, 'subsample': 0.3528279505191414, 'colsample_bytree': 0.27715948932384615, 'learning_rate': 0.1809164153871926, 'reg_alpha': 0.6581115576620532, 'reg_lambda': 0.018861265870875076}. Best is trial 3619 with value: 0.9384500514029486.
Trial 3750 finished with value: 0.6596512102005379 and parameters: {'max_depth': 9, 'min_child_weight': 1, 'gamma': 0.8181189030983613, 'subsample': 0.2712388472659474, 'colsample_bytree': 0.21384483229700801, 'learning_rate': 0.6224783840105735, 'reg_alpha': 0.0011472134786803315, 'reg_lambda': 2.86474102619107}. Best is trial 3619 with value: 0.9384500514029486.
Trial 3766 finished with value: 0.46619992153026096 and parameters: {'max_depth': 6, 'min_child_weight': 3, 'gamma': 0.20253098106930223, 'subsample': 0.08320285035790576, 'colsample_bytree': 0.39678253012813913, 'learning_rate': 0.05877434332918041, 'reg_alpha': 0.04454516066624205, 'reg_lambda': 0.0018627875141252945}. Best is trial 3619 with value: 0.9384500514029486.
Trial 3767 finished with value: 0.7597612241562302 and parameters: {'max_depth': 4, 'min_child_weight': 4, 'gamma': 0.13052272951404664, 'subsample': 0.5404596897403986, 'colsample_bytree': 0.8807752218091556, 'learning_rate': 0.14224528511039458, 'reg_alpha': 0.9135432459295733, 'reg_lambda': 0.01833326924518594}. Best is trial 3619 with value: 0.9384500514029486.
Trial 3780 finished with value: -6.534514977312142 and parameters: {'max_depth': 8, 'min_child_weight': 2, 'gamma': 0.5875838684898768, 'subsample': 0.0007272354168255113, 'colsample_bytree': 0.8764493227779168, 'learning_rate': 0.9314013401598404, 'reg_alpha': 0.0008455250359165524, 'reg_lambda': 0.029677974794189668}. Best is trial 3619 with value: 0.9384500514029486.
Trial 3765 finished with value: 0.3591175707406005 and parameters: {'max_depth': 8, 'min_child_weight': 4, 'gamma': 0.6266845351153421, 'subsample': 0.46988917234323446, 'colsample_bytree': 0.11989132388388624, 'learning_rate': 0.6770173614861283, 'reg_alpha': 0.7023892916696429, 'reg_lambda': 0.8130041760541518}. Best is trial 3619 with value: 0.9384500514029486.
Trial 3770 finished with value: 0.09188352162175668 and parameters: {'max_depth': 8, 'min_child_weight': 5, 'gamma': 0.8092114088333228, 'subsample': 0.1935013303035399, 'colsample_bytree': 0.04404433196188218, 'learning_rate': 0.06081539111660572, 'reg_alpha': 0.17277980121092856, 'reg_lambda': 0.0004156854651908162}. Best is trial 3619 with value: 0.9384500514029486.
Trial 3775 finished with value: 0.062161020708829506 and parameters: {'max_depth': 3, 'min_child_weight': 3, 'gamma': 0.7932744682518146, 'subsample': 0.3815211813322644, 'colsample_bytree': 0.04210716398580394, 'learning_rate': 0.3921721589100706, 'reg_alpha': 2.702234054311586, 'reg_lambda': 0.00039171631270996335}. Best is trial 3619 with value: 0.9384500514029486.
Trial 3742 finished with value: 0.9016608605338547 and parameters: {'max_depth': 9, 'min_child_weight': 1, 'gamma': 0.927788406747964, 'subsample': 0.9217018725575333, 'colsample_bytree': 0.5375761403290766, 'learning_rate': 0.40985657611584136, 'reg_alpha': 0.06746467042213952, 'reg_lambda': 0.0008549460820917567}. Best is trial 3619 with value: 0.9384500514029486.
Trial 3759 finished with value: 0.5851423559821165 and parameters: {'max_depth': 8, 'min_child_weight': 5, 'gamma': 0.9044598649972244, 'subsample': 0.44945473086338517, 'colsample_bytree': 0.30519754706073987, 'learning_rate': 0.7597779862189122, 'reg_alpha': 0.008343157122880201, 'reg_lambda': 0.0010006973329106663}. Best is trial 3619 with value: 0.9384500514029486.
Trial 3755 finished with value: 0.89997366022281 and parameters: {'max_depth': 7, 'min_child_weight': 2, 'gamma': 0.5768746399412544, 'subsample': 0.8422921174731306, 'colsample_bytree': 0.5860938404226353, 'learning_rate': 0.19038906682815215, 'reg_alpha': 0.1646475425343965, 'reg_lambda': 0.043733942033567}. Best is trial 3619 with value: 0.9384500514029486.
Trial 3787 finished with value: -4216.950016842414 and parameters: {'max_depth': 7, 'min_child_weight': 3, 'gamma': 0.6428340552421342, 'subsample': 0.011675018642723134, 'colsample_bytree': 0.48658065072222023, 'learning_rate': 0.785744186559934, 'reg_alpha': 0.00494782687521899, 'reg_lambda': 0.00022696941927337013}. Best is trial 3619 with value: 0.9384500514029486.
Trial 3762 finished with value: 0.9135924856458462 and parameters: {'max_depth': 6, 'min_child_weight': 4, 'gamma': 0.5833211010103558, 'subsample': 0.8204313978092667, 'colsample_bytree': 0.9341108067425293, 'learning_rate': 0.1513100538409513, 'reg_alpha': 0.0011576383983380224, 'reg_lambda': 0.0007975802055612278}. Best is trial 3619 with value: 0.9384500514029486.
Trial 3754 finished with value: 0.5581514550083037 and parameters: {'max_depth': 9, 'min_child_weight': 1, 'gamma': 0.24624027740763088, 'subsample': 0.2531544277295592, 'colsample_bytree': 0.34623895718929054, 'learning_rate': 0.4554691957076328, 'reg_alpha': 0.04781220332480369, 'reg_lambda': 0.0002861764098093287}. Best is trial 3619 with value: 0.9384500514029486.
Trial 3773 finished with value: -319504596.8701866 and parameters: {'max_depth': 10, 'min_child_weight': 5, 'gamma': 0.1880736211766445, 'subsample': 0.11520271356461487, 'colsample_bytree': 0.6454076640927565, 'learning_rate': 0.9196181747486138, 'reg_alpha': 0.00019973895620694832, 'reg_lambda': 0.015042980179331977}. Best is trial 3619 with value: 0.9384500514029486.
Trial 3738 finished with value: 0.9115279952465096 and parameters: {'max_depth': 10, 'min_child_weight': 2, 'gamma': 0.8645398346287352, 'subsample': 0.7496596230126454, 'colsample_bytree': 0.7338202717820331, 'learning_rate': 0.07771974293731043, 'reg_alpha': 0.006812558219148714, 'reg_lambda': 0.4283770309960271}. Best is trial 3619 with value: 0.9384500514029486.
Trial 3774 finished with value: 0.324496994974542 and parameters: {'max_depth': 10, 'min_child_weight': 4, 'gamma': 0.11085172194383963, 'subsample': 0.12774980475019326, 'colsample_bytree': 0.09610304737354525, 'learning_rate': 0.07566052106235666, 'reg_alpha': 0.0012284956520652731, 'reg_lambda': 0.0001759534918184791}. Best is trial 3619 with value: 0.9384500514029486.
Trial 3751 finished with value: 0.9127815938151828 and parameters: {'max_depth': 9, 'min_child_weight': 4, 'gamma': 0.8032824586797447, 'subsample': 0.8042467738036465, 'colsample_bytree': 0.8067830925126801, 'learning_rate': 0.10435801348809293, 'reg_alpha': 0.7006985158566461, 'reg_lambda': 0.0047205776564617575}. Best is trial 3619 with value: 0.9384500514029486.
Trial 3791 finished with value: 0.038146669630889155 and parameters: {'max_depth': 1, 'min_child_weight': 5, 'gamma': 0.5256105293927664, 'subsample': 0.31286065139863006, 'colsample_bytree': 0.39479521360642045, 'learning_rate': 0.3375260740785425, 'reg_alpha': 0.026117597989508367, 'reg_lambda': 0.01738542141275729}. Best is trial 3619 with value: 0.9384500514029486.
Trial 3781 finished with value: -3.750755127238074 and parameters: {'max_depth': 4, 'min_child_weight': 2, 'gamma': 0.5536965744391428, 'subsample': 0.09438639820881256, 'colsample_bytree': 0.7767827477784222, 'learning_rate': 0.4205488286495299, 'reg_alpha': 0.4980917872650009, 'reg_lambda': 0.18046304479181882}. Best is trial 3619 with value: 0.9384500514029486.
Trial 3784 finished with value: 0.6177840165898044 and parameters: {'max_depth': 3, 'min_child_weight': 2, 'gamma': 0.30156337535607824, 'subsample': 0.7259110626509504, 'colsample_bytree': 0.6706055455671853, 'learning_rate': 0.10216717154526, 'reg_alpha': 0.0018595158566226226, 'reg_lambda': 0.0013310327084659602}. Best is trial 3619 with value: 0.9384500514029486.
Trial 3783 finished with value: -0.5332905605192892 and parameters: {'max_depth': 4, 'min_child_weight': 5, 'gamma': 0.938059757573758, 'subsample': 0.1165049440362822, 'colsample_bytree': 0.6465082309418493, 'learning_rate': 0.40463581743767607, 'reg_alpha': 0.725342887983812, 'reg_lambda': 0.02857170290308164}. Best is trial 3619 with value: 0.9384500514029486.
Trial 3771 finished with value: 0.8752349609414003 and parameters: {'max_depth': 6, 'min_child_weight': 4, 'gamma': 0.718168686641004, 'subsample': 0.5482876863005905, 'colsample_bytree': 0.5174989393173938, 'learning_rate': 0.45079344376909236, 'reg_alpha': 0.021616825240450558, 'reg_lambda': 0.12806740720117946}. Best is trial 3619 with value: 0.9384500514029486.
