Trial 3443 finished with value: 0.07066405743861669 and parameters: {'max_depth': 1, 'min_child_weight': 3, 'gamma': 0.848728071343487, 'subsample': 0.5953072622033029, 'colsample_bytree': 0.6308862588859809, 'learning_rate': 0.999330362098112, 'reg_alpha': 0.856859777671553, 'reg_lambda': 1.513334342357633}. Best is trial 715 with value: 0.9377859576434285.
Trial 3444 finished with value: 0.07900867171388207 and parameters: {'max_depth': 1, 'min_child_weight': 3, 'gamma': 0.9739918435421644, 'subsample': 0.22333919593819807, 'colsample_bytree': 0.15986690788159874, 'learning_rate': 0.17511433358667716, 'reg_alpha': 0.05650822616463605, 'reg_lambda': 0.013865220686464688}. Best is trial 715 with value: 0.9377859576434285.
Trial 3412 finished with value: -3376795.420531359 and parameters: {'max_depth': 7, 'min_child_weight': 1, 'gamma': 0.6892558121594198, 'subsample': 0.13152236790963412, 'colsample_bytree': 0.9716784925618052, 'learning_rate': 0.4760712011428069, 'reg_alpha': 0.0010865187578093535, 'reg_lambda': 0.04632559334689658}. Best is trial 715 with value: 0.9377859576434285.
Trial 3445 finished with value: 0.405746050251119 and parameters: {'max_depth': 2, 'min_child_weight': 4, 'gamma': 0.8457741955078479, 'subsample': 0.811101885474032, 'colsample_bytree': 0.5546708498502797, 'learning_rate': 0.983736143550646, 'reg_alpha': 0.006028478108075878, 'reg_lambda': 0.0806772789822103}. Best is trial 715 with value: 0.9377859576434285.
Trial 3422 finished with value: 0.9281581010170097 and parameters: {'max_depth': 9, 'min_child_weight': 4, 'gamma': 0.7181610806826939, 'subsample': 0.8251675418556723, 'colsample_bytree': 0.9785896760763816, 'learning_rate': 0.9804761295130513, 'reg_alpha': 4.3488215947708335, 'reg_lambda': 0.0006131691775391003}. Best is trial 715 with value: 0.9377859576434285.
Trial 3448 finished with value: 0.08984028528633485 and parameters: {'max_depth': 1, 'min_child_weight': 5, 'gamma': 0.63570200892913, 'subsample': 0.7269582824172053, 'colsample_bytree': 0.6567833918290787, 'learning_rate': 0.07119696793096597, 'reg_alpha': 0.0005314613269728052, 'reg_lambda': 0.0003527561836315444}. Best is trial 715 with value: 0.9377859576434285.
Trial 3449 finished with value: 0.09343563735356628 and parameters: {'max_depth': 1, 'min_child_weight': 5, 'gamma': 0.22082488028355873, 'subsample': 0.9389779980715987, 'colsample_bytree': 0.8617106008833723, 'learning_rate': 0.37396406541123506, 'reg_alpha': 2.4594013211079337, 'reg_lambda': 0.0015956351244506566}. Best is trial 715 with value: 0.9377859576434285.
Trial 3419 finished with value: 0.8787229754041109 and parameters: {'max_depth': 7, 'min_child_weight': 3, 'gamma': 0.479409763473598, 'subsample': 0.6309188759242439, 'colsample_bytree': 0.701622897923739, 'learning_rate': 0.4375314444095638, 'reg_alpha': 2.854657988074578, 'reg_lambda': 0.10270891791891325}. Best is trial 715 with value: 0.9377859576434285.
Trial 3423 finished with value: 0.8417508716336047 and parameters: {'max_depth': 6, 'min_child_weight': 1, 'gamma': 0.6776205101808461, 'subsample': 0.35140974037622097, 'colsample_bytree': 0.668087095026987, 'learning_rate': 0.06933502618324705, 'reg_alpha': 2.147338054013141, 'reg_lambda': 0.31803675550017346}. Best is trial 715 with value: 0.9377859576434285.
Trial 3451 finished with value: 0.04373680079406468 and parameters: {'max_depth': 1, 'min_child_weight': 4, 'gamma': 0.1494224871513954, 'subsample': 0.4901845116619471, 'colsample_bytree': 0.1432937030807251, 'learning_rate': 0.652518430043916, 'reg_alpha': 0.1511947190589884, 'reg_lambda': 0.0002778329428650863}. Best is trial 715 with value: 0.9377859576434285.
Trial 3437 finished with value: -1.1631925459249218e+37 and parameters: {'max_depth': 6, 'min_child_weight': 1, 'gamma': 0.21452649450669692, 'subsample': 0.06113639660848258, 'colsample_bytree': 0.6927669050085324, 'learning_rate': 0.9173200959531325, 'reg_alpha': 0.0005663628808725269, 'reg_lambda': 0.11423502910682219}. Best is trial 715 with value: 0.9377859576434285.
Trial 3450 finished with value: -1.9343030142904454 and parameters: {'max_depth': 9, 'min_child_weight': 2, 'gamma': 0.887845701628189, 'subsample': 0.013772178364788279, 'colsample_bytree': 0.7014860637762279, 'learning_rate': 0.2763916232143918, 'reg_alpha': 2.6074880848175375, 'reg_lambda': 0.06026902468192772}. Best is trial 715 with value: 0.9377859576434285.
Trial 3440 finished with value: 0.57430900499748 and parameters: {'max_depth': 4, 'min_child_weight': 5, 'gamma': 0.10152310771356521, 'subsample': 0.7150603956235312, 'colsample_bytree': 0.18654551117536133, 'learning_rate': 0.9677453322108587, 'reg_alpha': 0.002181891641023816, 'reg_lambda': 0.0007815173044160346}. Best is trial 715 with value: 0.9377859576434285.
Trial 3432 finished with value: 0.24140533842276854 and parameters: {'max_depth': 6, 'min_child_weight': 2, 'gamma': 0.8142067042050073, 'subsample': 0.40268257737961355, 'colsample_bytree': 0.2502002952563791, 'learning_rate': 0.7275081465213686, 'reg_alpha': 0.0007671796395346423, 'reg_lambda': 0.0076628457967961375}. Best is trial 715 with value: 0.9377859576434285.
Trial 3415 finished with value: 0.8636750060049212 and parameters: {'max_depth': 9, 'min_child_weight': 1, 'gamma': 0.36150536382773335, 'subsample': 0.5971279242765414, 'colsample_bytree': 0.38046041764346616, 'learning_rate': 0.34967927535655696, 'reg_alpha': 0.04541939685582873, 'reg_lambda': 0.009357599424682981}. Best is trial 715 with value: 0.9377859576434285.
Trial 3435 finished with value: 0.39751870660245736 and parameters: {'max_depth': 8, 'min_child_weight': 3, 'gamma': 0.9123007679235111, 'subsample': 0.22721973054934308, 'colsample_bytree': 0.12143026534139434, 'learning_rate': 0.24550293826226155, 'reg_alpha': 0.32699555870457037, 'reg_lambda': 0.00045113439115049384}. Best is trial 715 with value: 0.9377859576434285.
Trial 3447 finished with value: 0.40143961552056573 and parameters: {'max_depth': 3, 'min_child_weight': 3, 'gamma': 0.19162226832065588, 'subsample': 0.2521119412014696, 'colsample_bytree': 0.27742631956584585, 'learning_rate': 0.24893486580341762, 'reg_alpha': 0.16394934597562663, 'reg_lambda': 0.06007140131306676}. Best is trial 715 with value: 0.9377859576434285.
Trial 3452 finished with value: -0.27668894931194854 and parameters: {'max_depth': 3, 'min_child_weight': 2, 'gamma': 0.2688610766642644, 'subsample': 0.14745945338800415, 'colsample_bytree': 0.7766143388161912, 'learning_rate': 0.5475316217570814, 'reg_alpha': 0.00039683483811780616, 'reg_lambda': 1.7670265879578058}. Best is trial 715 with value: 0.9377859576434285.
Trial 3417 finished with value: 0.8744573135497941 and parameters: {'max_depth': 9, 'min_child_weight': 2, 'gamma': 0.5368971549541901, 'subsample': 0.8487318588455227, 'colsample_bytree': 0.9080693821977273, 'learning_rate': 0.4917348758295699, 'reg_alpha': 0.6079069313119788, 'reg_lambda': 0.028496335535572587}. Best is trial 715 with value: 0.9377859576434285.
Trial 3463 finished with value: 0.04545708425473417 and parameters: {'max_depth': 1, 'min_child_weight': 3, 'gamma': 0.8828724934188419, 'subsample': 0.46721900329373056, 'colsample_bytree': 0.7937204787194502, 'learning_rate': 0.6172947635997365, 'reg_alpha': 0.0005018322820816723, 'reg_lambda': 0.0005728111628126492}. Best is trial 715 with value: 0.9377859576434285.
Trial 3438 finished with value: 0.8848934448812512 and parameters: {'max_depth': 5, 'min_child_weight': 3, 'gamma': 0.035115809589976066, 'subsample': 0.455275088605251, 'colsample_bytree': 0.958372277717794, 'learning_rate': 0.6485991374113835, 'reg_alpha': 1.4097687882456025, 'reg_lambda': 1.535809362512259}. Best is trial 715 with value: 0.9377859576434285.
Trial 3425 finished with value: 0.8428175120854107 and parameters: {'max_depth': 7, 'min_child_weight': 1, 'gamma': 0.8656477121265787, 'subsample': 0.48121317321204105, 'colsample_bytree': 0.9861203959860697, 'learning_rate': 0.4506510277977266, 'reg_alpha': 0.00984815370905558, 'reg_lambda': 0.10940148915854712}. Best is trial 715 with value: 0.9377859576434285.
Trial 3455 finished with value: -143.6442770495622 and parameters: {'max_depth': 4, 'min_child_weight': 2, 'gamma': 0.061512963820230304, 'subsample': 0.03739931782814965, 'colsample_bytree': 0.24576169124656633, 'learning_rate': 0.4480825618153551, 'reg_alpha': 0.0001397733567929044, 'reg_lambda': 0.0001261585582036859}. Best is trial 715 with value: 0.9377859576434285.
Trial 3429 finished with value: 0.8782058261412418 and parameters: {'max_depth': 9, 'min_child_weight': 4, 'gamma': 0.729942559778449, 'subsample': 0.6952366607932178, 'colsample_bytree': 0.41130370631072277, 'learning_rate': 0.8406892690194938, 'reg_alpha': 0.00012201519007943936, 'reg_lambda': 0.06454559504549366}. Best is trial 715 with value: 0.9377859576434285.
Trial 3433 finished with value: 0.8489733659549897 and parameters: {'max_depth': 10, 'min_child_weight': 4, 'gamma': 0.0804420300906703, 'subsample': 0.6412806796918016, 'colsample_bytree': 0.45426973683620897, 'learning_rate': 0.17745990026330483, 'reg_alpha': 0.09266922952886991, 'reg_lambda': 2.0314494923159603}. Best is trial 715 with value: 0.9377859576434285.
Trial 3469 finished with value: -0.6613387275995672 and parameters: {'max_depth': 1, 'min_child_weight': 5, 'gamma': 0.6822811738441651, 'subsample': 0.10632068973503328, 'colsample_bytree': 0.993266960648922, 'learning_rate': 0.9946426342415742, 'reg_alpha': 0.001149036010800814, 'reg_lambda': 0.0013798743465560117}. Best is trial 715 with value: 0.9377859576434285.
Trial 3454 finished with value: -54433.46420838737 and parameters: {'max_depth': 4, 'min_child_weight': 1, 'gamma': 0.30593994454446183, 'subsample': 0.27775795444351403, 'colsample_bytree': 0.9653044327504609, 'learning_rate': 0.7710349990768635, 'reg_alpha': 0.1419641619851687, 'reg_lambda': 0.012486126561876927}. Best is trial 715 with value: 0.9377859576434285.
Trial 3458 finished with value: 0.08978133237736985 and parameters: {'max_depth': 9, 'min_child_weight': 5, 'gamma': 0.5434391432986525, 'subsample': 0.3874600508652005, 'colsample_bytree': 0.07696879262242218, 'learning_rate': 0.09619086475203875, 'reg_alpha': 0.0025139009283845176, 'reg_lambda': 0.013857706665917208}. Best is trial 715 with value: 0.9377859576434285.
Trial 3457 finished with value: 0.37624440542944837 and parameters: {'max_depth': 5, 'min_child_weight': 5, 'gamma': 0.5499084615750142, 'subsample': 0.563011539393614, 'colsample_bytree': 0.11094649197310436, 'learning_rate': 0.8681570915838138, 'reg_alpha': 3.038586530199214, 'reg_lambda': 1.9559330715175358}. Best is trial 715 with value: 0.9377859576434285.
Trial 3462 finished with value: -2565579870303.3667 and parameters: {'max_depth': 5, 'min_child_weight': 3, 'gamma': 0.28880224946164346, 'subsample': 0.05761149778852914, 'colsample_bytree': 0.1462177477238905, 'learning_rate': 0.9688627594641912, 'reg_alpha': 0.4025177784448907, 'reg_lambda': 0.31330729139001107}. Best is trial 715 with value: 0.9377859576434285.
Trial 3470 finished with value: 0.4313758233791039 and parameters: {'max_depth': 2, 'min_child_weight': 5, 'gamma': 0.03749957751410404, 'subsample': 0.5832843768925476, 'colsample_bytree': 0.10442185784484548, 'learning_rate': 0.36876060374554676, 'reg_alpha': 1.8661975991202835, 'reg_lambda': 0.5659312893725501}. Best is trial 715 with value: 0.9377859576434285.
Trial 3430 finished with value: 0.8955960652392179 and parameters: {'max_depth': 9, 'min_child_weight': 5, 'gamma': 0.7214082636055597, 'subsample': 0.9958084214325881, 'colsample_bytree': 0.8217657131172489, 'learning_rate': 0.6060486948276077, 'reg_alpha': 0.00015260491795137852, 'reg_lambda': 0.00011102930515309142}. Best is trial 715 with value: 0.9377859576434285.
Trial 3446 finished with value: 0.8825344614732974 and parameters: {'max_depth': 7, 'min_child_weight': 2, 'gamma': 0.23840351476794297, 'subsample': 0.4047652534261441, 'colsample_bytree': 0.694441661511599, 'learning_rate': 0.376296498395845, 'reg_alpha': 4.854078273502782, 'reg_lambda': 1.2706264357606631}. Best is trial 715 with value: 0.9377859576434285.
Trial 3460 finished with value: 0.7114651222734915 and parameters: {'max_depth': 5, 'min_child_weight': 4, 'gamma': 0.030327679458431844, 'subsample': 0.8998516275787956, 'colsample_bytree': 0.17553355282247485, 'learning_rate': 0.5355625144510668, 'reg_alpha': 0.005224904763686704, 'reg_lambda': 0.2252595209025206}. Best is trial 715 with value: 0.9377859576434285.
Trial 3456 finished with value: -171.1272704974891 and parameters: {'max_depth': 8, 'min_child_weight': 5, 'gamma': 0.704019427193626, 'subsample': 0.277660627776527, 'colsample_bytree': 0.33966139815299323, 'learning_rate': 0.9870546790107108, 'reg_alpha': 5.02794345833214, 'reg_lambda': 0.009433417324045472}. Best is trial 715 with value: 0.9377859576434285.
Trial 3473 finished with value: 0.37942762294493715 and parameters: {'max_depth': 3, 'min_child_weight': 4, 'gamma': 0.4621286760729717, 'subsample': 0.2193238793994885, 'colsample_bytree': 0.3422825823776422, 'learning_rate': 0.3487632998117748, 'reg_alpha': 0.0002761744802161544, 'reg_lambda': 3.5376638089645582}. Best is trial 715 with value: 0.9377859576434285.
Trial 3464 finished with value: 0.8058109217810692 and parameters: {'max_depth': 5, 'min_child_weight': 5, 'gamma': 0.8639916586581615, 'subsample': 0.4946955024588885, 'colsample_bytree': 0.8981522280612315, 'learning_rate': 0.5554092095445635, 'reg_alpha': 0.5210057361239354, 'reg_lambda': 0.007594303416124174}. Best is trial 715 with value: 0.9377859576434285.
Trial 3465 finished with value: 0.48700145911409803 and parameters: {'max_depth': 9, 'min_child_weight': 1, 'gamma': 0.09147908934096749, 'subsample': 0.7532589163845511, 'colsample_bytree': 0.1171776361880611, 'learning_rate': 0.37674645179405675, 'reg_alpha': 0.16190286041494983, 'reg_lambda': 0.3241967834659248}. Best is trial 715 with value: 0.9377859576434285.
Trial 3471 finished with value: 0.7069901436087175 and parameters: {'max_depth': 4, 'min_child_weight': 2, 'gamma': 0.5349493273725435, 'subsample': 0.6841280699672413, 'colsample_bytree': 0.3209939687348846, 'learning_rate': 0.1960285219532809, 'reg_alpha': 0.7228695508208742, 'reg_lambda': 0.5450273205220603}. Best is trial 715 with value: 0.9377859576434285.
Trial 3459 finished with value: -6871543.441854317 and parameters: {'max_depth': 7, 'min_child_weight': 1, 'gamma': 0.3038908144664938, 'subsample': 0.15433042916237405, 'colsample_bytree': 0.3892528121718605, 'learning_rate': 0.7888243400612677, 'reg_alpha': 0.1653711323229384, 'reg_lambda': 0.517898670978338}. Best is trial 715 with value: 0.9377859576434285.
Trial 3441 finished with value: 0.9165009822219305 and parameters: {'max_depth': 8, 'min_child_weight': 2, 'gamma': 0.9221048850217518, 'subsample': 0.8889144949087968, 'colsample_bytree': 0.6726998432688568, 'learning_rate': 0.3566436215442541, 'reg_alpha': 0.0014416875808305287, 'reg_lambda': 0.0001374656035361344}. Best is trial 715 with value: 0.9377859576434285.
Trial 3478 finished with value: 0.39392166613274676 and parameters: {'max_depth': 3, 'min_child_weight': 2, 'gamma': 0.16117036874072244, 'subsample': 0.06581177248155323, 'colsample_bytree': 0.5699128205491869, 'learning_rate': 0.04726177935120346, 'reg_alpha': 0.023493886961548704, 'reg_lambda': 0.0030363466098207305}. Best is trial 715 with value: 0.9377859576434285.
Trial 3461 finished with value: 0.9263443189610382 and parameters: {'max_depth': 6, 'min_child_weight': 5, 'gamma': 0.30575448414261497, 'subsample': 0.8464139837614788, 'colsample_bytree': 0.8850183172120631, 'learning_rate': 0.5780697458169749, 'reg_alpha': 0.0010515381404749978, 'reg_lambda': 0.0037428336522036822}. Best is trial 715 with value: 0.9377859576434285.
Trial 3436 finished with value: 0.7655277904824788 and parameters: {'max_depth': 10, 'min_child_weight': 1, 'gamma': 0.632055691815791, 'subsample': 0.6646473709862938, 'colsample_bytree': 0.877643353797757, 'learning_rate': 0.7724284041162047, 'reg_alpha': 0.2589892660405109, 'reg_lambda': 0.0003059192652948512}. Best is trial 715 with value: 0.9377859576434285.
Trial 3479 finished with value: 0.08178836789303016 and parameters: {'max_depth': 10, 'min_child_weight': 2, 'gamma': 0.8405632505299407, 'subsample': 0.46885077408215703, 'colsample_bytree': 0.03690850789075051, 'learning_rate': 0.22128435563660787, 'reg_alpha': 0.02189850460599359, 'reg_lambda': 0.0017205568514629785}. Best is trial 715 with value: 0.9377859576434285.
Trial 3467 finished with value: 0.8916305353700011 and parameters: {'max_depth': 6, 'min_child_weight': 3, 'gamma': 0.00989548777024818, 'subsample': 0.7341801611412858, 'colsample_bytree': 0.5505440754277102, 'learning_rate': 0.3635177309853588, 'reg_alpha': 2.309435985339915, 'reg_lambda': 1.6824599781442786}. Best is trial 715 with value: 0.9377859576434285.
Trial 3491 finished with value: -86.31007509480843 and parameters: {'max_depth': 3, 'min_child_weight': 3, 'gamma': 0.4726422250235892, 'subsample': 0.010912003279436644, 'colsample_bytree': 0.42627598183026005, 'learning_rate': 0.7308423246816759, 'reg_alpha': 0.03430148335360215, 'reg_lambda': 0.00010421001753667538}. Best is trial 715 with value: 0.9377859576434285.
Trial 3477 finished with value: 0.636097183543725 and parameters: {'max_depth': 4, 'min_child_weight': 2, 'gamma': 0.8333213990845211, 'subsample': 0.6616121577426031, 'colsample_bytree': 0.9622373563691415, 'learning_rate': 0.013685837054884242, 'reg_alpha': 0.00030956492531477664, 'reg_lambda': 0.0021944927789267375}. Best is trial 715 with value: 0.9377859576434285.
Trial 3466 finished with value: 0.8090515769341808 and parameters: {'max_depth': 7, 'min_child_weight': 3, 'gamma': 0.9115265587418604, 'subsample': 0.8770823056054711, 'colsample_bytree': 0.4518029014165985, 'learning_rate': 0.027753545517842593, 'reg_alpha': 0.00017266249438224531, 'reg_lambda': 0.2953939157956241}. Best is trial 715 with value: 0.9377859576434285.
Trial 3474 finished with value: -35.43528659834712 and parameters: {'max_depth': 9, 'min_child_weight': 3, 'gamma': 0.5427963260930168, 'subsample': 0.1366222422961425, 'colsample_bytree': 0.2328811424999595, 'learning_rate': 0.6753430115787862, 'reg_alpha': 4.444460656638087, 'reg_lambda': 0.003891329195551984}. Best is trial 715 with value: 0.9377859576434285.
Trial 3475 finished with value: -32035304.875277787 and parameters: {'max_depth': 5, 'min_child_weight': 1, 'gamma': 0.8558034890136513, 'subsample': 0.14428643392319473, 'colsample_bytree': 0.6039236630567067, 'learning_rate': 0.7569492300174281, 'reg_alpha': 0.00010424802081405384, 'reg_lambda': 0.521869616554581}. Best is trial 715 with value: 0.9377859576434285.
Trial 3480 finished with value: -1.9598026530572863 and parameters: {'max_depth': 8, 'min_child_weight': 4, 'gamma': 0.19697661214153017, 'subsample': 0.190900618917206, 'colsample_bytree': 0.11536360568955595, 'learning_rate': 0.8485316072086417, 'reg_alpha': 0.46845110592512446, 'reg_lambda': 0.00016660285538896464}. Best is trial 715 with value: 0.9377859576434285.
Trial 3472 finished with value: 0.5902476335707375 and parameters: {'max_depth': 7, 'min_child_weight': 2, 'gamma': 0.19072615588019504, 'subsample': 0.1936144378148572, 'colsample_bytree': 0.30192983715405963, 'learning_rate': 0.2118062511643235, 'reg_alpha': 0.002986823054136564, 'reg_lambda': 0.3071576936431169}. Best is trial 715 with value: 0.9377859576434285.
Trial 3453 finished with value: 0.9270093673855937 and parameters: {'max_depth': 9, 'min_child_weight': 3, 'gamma': 0.43029180570927517, 'subsample': 0.694364756909669, 'colsample_bytree': 0.766768157962527, 'learning_rate': 0.4372133534837441, 'reg_alpha': 0.22338194352639798, 'reg_lambda': 0.00012916109317224136}. Best is trial 715 with value: 0.9377859576434285.
Trial 3486 finished with value: 0.6993532873460222 and parameters: {'max_depth': 3, 'min_child_weight': 3, 'gamma': 0.960946912736521, 'subsample': 0.809464115849985, 'colsample_bytree': 0.6973078598288307, 'learning_rate': 0.26928213303394233, 'reg_alpha': 0.000893866505204196, 'reg_lambda': 0.001562586778221694}. Best is trial 715 with value: 0.9377859576434285.
Trial 3495 finished with value: 0.09845913747454704 and parameters: {'max_depth': 1, 'min_child_weight': 2, 'gamma': 0.7270881120605971, 'subsample': 0.8844298058325201, 'colsample_bytree': 0.315215446635009, 'learning_rate': 0.7704306795524317, 'reg_alpha': 7.4794949906775745, 'reg_lambda': 5.5228066117523005}. Best is trial 715 with value: 0.9377859576434285.
Trial 3484 finished with value: 0.8027390950050112 and parameters: {'max_depth': 4, 'min_child_weight': 1, 'gamma': 0.2031182042175893, 'subsample': 0.546526246407961, 'colsample_bytree': 0.5862500660330748, 'learning_rate': 0.604638321121347, 'reg_alpha': 0.00026537368875287186, 'reg_lambda': 0.01212940140169771}. Best is trial 715 with value: 0.9377859576434285.
Trial 3492 finished with value: 0.5066829012298274 and parameters: {'max_depth': 3, 'min_child_weight': 2, 'gamma': 0.3678443175505397, 'subsample': 0.8129591279944478, 'colsample_bytree': 0.1588124049961207, 'learning_rate': 0.1512898518814566, 'reg_alpha': 1.2555561904385615, 'reg_lambda': 0.00012327866677815712}. Best is trial 715 with value: 0.9377859576434285.
Trial 3468 finished with value: 0.8945951759587848 and parameters: {'max_depth': 9, 'min_child_weight': 2, 'gamma': 0.23684996944203918, 'subsample': 0.8381976520973601, 'colsample_bytree': 0.3524707884003506, 'learning_rate': 0.6676066886293759, 'reg_alpha': 0.037399474203114826, 'reg_lambda': 0.13067097534572192}. Best is trial 715 with value: 0.9377859576434285.
