Trial 2367 finished with value: 0.8343273585446218 and parameters: {'max_depth': 4, 'min_child_weight': 1, 'gamma': 0.9380530406734595, 'subsample': 0.7790194163651326, 'colsample_bytree': 0.8509614751567494, 'learning_rate': 0.1942692672501145, 'reg_alpha': 0.008338816247324504, 'reg_lambda': 0.0004797435440288021}. Best is trial 715 with value: 0.9377859576434285.
Trial 2363 finished with value: 0.48596621484025565 and parameters: {'max_depth': 9, 'min_child_weight': 3, 'gamma': 0.24590936881074987, 'subsample': 0.7977265661712943, 'colsample_bytree': 0.1310474806943328, 'learning_rate': 0.4079339617399327, 'reg_alpha': 0.0003048568095318302, 'reg_lambda': 0.7944826618802925}. Best is trial 715 with value: 0.9377859576434285.
Trial 2382 finished with value: 0.023930711024031492 and parameters: {'max_depth': 1, 'min_child_weight': 3, 'gamma': 0.7781208712724356, 'subsample': 0.32318764997432037, 'colsample_bytree': 0.49704985154782644, 'learning_rate': 0.6479178260903886, 'reg_alpha': 0.000519436069897496, 'reg_lambda': 0.050550855143604474}. Best is trial 715 with value: 0.9377859576434285.
Trial 2358 finished with value: 0.8179637676570293 and parameters: {'max_depth': 7, 'min_child_weight': 3, 'gamma': 0.6907942830775329, 'subsample': 0.9192341672611722, 'colsample_bytree': 0.2709466650795328, 'learning_rate': 0.9932613168731812, 'reg_alpha': 0.18309018995384171, 'reg_lambda': 0.004440374013767194}. Best is trial 715 with value: 0.9377859576434285.
Trial 2336 finished with value: 0.9333521033473151 and parameters: {'max_depth': 10, 'min_child_weight': 2, 'gamma': 0.9621836398958612, 'subsample': 0.666577633528096, 'colsample_bytree': 0.8341401678150551, 'learning_rate': 0.4436182117824693, 'reg_alpha': 0.00031519904284810473, 'reg_lambda': 0.9834419899188229}. Best is trial 715 with value: 0.9377859576434285.
Trial 2370 finished with value: -0.7673570201635402 and parameters: {'max_depth': 5, 'min_child_weight': 1, 'gamma': 0.11395382873987048, 'subsample': 0.24281802656052698, 'colsample_bytree': 0.22160758935959302, 'learning_rate': 0.5848928277642551, 'reg_alpha': 0.2730580380339152, 'reg_lambda': 0.01939369573414762}. Best is trial 715 with value: 0.9377859576434285.
Trial 2383 finished with value: 0.33854235171943 and parameters: {'max_depth': 2, 'min_child_weight': 3, 'gamma': 0.9550612787136654, 'subsample': 0.5773459934332047, 'colsample_bytree': 0.9280184874673135, 'learning_rate': 0.968260072140871, 'reg_alpha': 9.784038010900085, 'reg_lambda': 0.0005497671656222411}. Best is trial 715 with value: 0.9377859576434285.
Trial 2390 finished with value: 0.07958261197159414 and parameters: {'max_depth': 1, 'min_child_weight': 2, 'gamma': 0.5195057352285773, 'subsample': 0.3712565795327921, 'colsample_bytree': 0.06092160817649439, 'learning_rate': 0.1764172025820312, 'reg_alpha': 0.00025435858151408975, 'reg_lambda': 0.9860984704381696}. Best is trial 715 with value: 0.9377859576434285.
Trial 2385 finished with value: -8138.735675898928 and parameters: {'max_depth': 7, 'min_child_weight': 5, 'gamma': 0.04468794756868766, 'subsample': 0.06391975573346764, 'colsample_bytree': 0.4278872507237129, 'learning_rate': 0.8017699515600255, 'reg_alpha': 0.003661625764954108, 'reg_lambda': 0.009085495802223568}. Best is trial 715 with value: 0.9377859576434285.
Trial 2373 finished with value: 0.5463929022130222 and parameters: {'max_depth': 6, 'min_child_weight': 4, 'gamma': 0.455130151269418, 'subsample': 0.3678293177697769, 'colsample_bytree': 0.1973675209763942, 'learning_rate': 0.5523749742669981, 'reg_alpha': 0.11691658266285543, 'reg_lambda': 0.08532863947835172}. Best is trial 715 with value: 0.9377859576434285.
Trial 2366 finished with value: -1.2622927211659788e+21 and parameters: {'max_depth': 7, 'min_child_weight': 2, 'gamma': 0.8875883819064202, 'subsample': 0.13356329976328174, 'colsample_bytree': 0.7398793573911471, 'learning_rate': 0.7693319358989886, 'reg_alpha': 2.2545429623234208, 'reg_lambda': 0.044356578461288}. Best is trial 715 with value: 0.9377859576434285.
Trial 2392 finished with value: 0.0639701674599391 and parameters: {'max_depth': 2, 'min_child_weight': 2, 'gamma': 0.5891741361680688, 'subsample': 0.7479378233199286, 'colsample_bytree': 0.05493017226117869, 'learning_rate': 0.5214921280829046, 'reg_alpha': 0.0013348707804519697, 'reg_lambda': 7.078410739773663}. Best is trial 715 with value: 0.9377859576434285.
Trial 2379 finished with value: 0.7727917652962429 and parameters: {'max_depth': 4, 'min_child_weight': 3, 'gamma': 0.26542430180260956, 'subsample': 0.9288094614261785, 'colsample_bytree': 0.49706902112982687, 'learning_rate': 0.3804191216842555, 'reg_alpha': 0.0252402295308959, 'reg_lambda': 8.03688847032703}. Best is trial 715 with value: 0.9377859576434285.
Trial 2364 finished with value: 0.8671716049242675 and parameters: {'max_depth': 8, 'min_child_weight': 3, 'gamma': 0.24493208481312068, 'subsample': 0.8866064246207662, 'colsample_bytree': 0.3297622567381503, 'learning_rate': 0.13123203345818424, 'reg_alpha': 0.02274305127443626, 'reg_lambda': 0.00016235441478911646}. Best is trial 715 with value: 0.9377859576434285.
Trial 2375 finished with value: 0.6744320540233467 and parameters: {'max_depth': 7, 'min_child_weight': 5, 'gamma': 0.49553300829848657, 'subsample': 0.6494980862702837, 'colsample_bytree': 0.1579464931163893, 'learning_rate': 0.38245347957246656, 'reg_alpha': 0.007491964895224233, 'reg_lambda': 1.3051186728144477}. Best is trial 715 with value: 0.9377859576434285.
Trial 2395 finished with value: -0.20361598011326393 and parameters: {'max_depth': 1, 'min_child_weight': 5, 'gamma': 0.7276500076658912, 'subsample': 0.14670954338459907, 'colsample_bytree': 0.7746631137305028, 'learning_rate': 0.7471319286424934, 'reg_alpha': 0.00015046058516631622, 'reg_lambda': 0.0026896275671836247}. Best is trial 715 with value: 0.9377859576434285.
Trial 2351 finished with value: 0.8635828591397244 and parameters: {'max_depth': 10, 'min_child_weight': 1, 'gamma': 0.47873641590623905, 'subsample': 0.6344584851945401, 'colsample_bytree': 0.5892116517776356, 'learning_rate': 0.7079305324507782, 'reg_alpha': 0.06266323625497404, 'reg_lambda': 0.16737004448810894}. Best is trial 715 with value: 0.9377859576434285.
Trial 2389 finished with value: 0.6208530496200704 and parameters: {'max_depth': 3, 'min_child_weight': 1, 'gamma': 0.5616110904350844, 'subsample': 0.7370931016890313, 'colsample_bytree': 0.3313036756330655, 'learning_rate': 0.5694022441628148, 'reg_alpha': 0.018142670209849665, 'reg_lambda': 0.0016723979795785157}. Best is trial 715 with value: 0.9377859576434285.
Trial 2377 finished with value: 0.6259956873194379 and parameters: {'max_depth': 6, 'min_child_weight': 3, 'gamma': 0.6070708728720596, 'subsample': 0.15593601295477344, 'colsample_bytree': 0.9097848206071366, 'learning_rate': 0.16754130029845893, 'reg_alpha': 1.9962747590248269, 'reg_lambda': 0.0026043589802708074}. Best is trial 715 with value: 0.9377859576434285.
Trial 2396 finished with value: 0.09117179146990675 and parameters: {'max_depth': 2, 'min_child_weight': 5, 'gamma': 0.7807176766263129, 'subsample': 0.6356311568428966, 'colsample_bytree': 0.07724471448503123, 'learning_rate': 0.10818514368434118, 'reg_alpha': 0.0029025370749561547, 'reg_lambda': 0.17842149941058413}. Best is trial 715 with value: 0.9377859576434285.
Trial 2387 finished with value: 0.7806649751932782 and parameters: {'max_depth': 4, 'min_child_weight': 3, 'gamma': 0.5063952730215512, 'subsample': 0.9322232909700399, 'colsample_bytree': 0.5262870105093619, 'learning_rate': 0.9755804555648401, 'reg_alpha': 0.06306079092961074, 'reg_lambda': 0.0003210809058134858}. Best is trial 715 with value: 0.9377859576434285.
Trial 2352 finished with value: 0.8869629864841889 and parameters: {'max_depth': 9, 'min_child_weight': 2, 'gamma': 0.714991534410113, 'subsample': 0.7053963248646109, 'colsample_bytree': 0.7694837006086533, 'learning_rate': 0.3651886648056152, 'reg_alpha': 0.013521294137680462, 'reg_lambda': 0.13958472295963623}. Best is trial 715 with value: 0.9377859576434285.
Trial 2368 finished with value: 0.8923521235229538 and parameters: {'max_depth': 9, 'min_child_weight': 4, 'gamma': 0.1017684991524701, 'subsample': 0.976093835074141, 'colsample_bytree': 0.393440971714479, 'learning_rate': 0.24360583794633262, 'reg_alpha': 0.03167556031309123, 'reg_lambda': 1.6834116283313278}. Best is trial 715 with value: 0.9377859576434285.
Trial 2405 finished with value: 0.06559546804353238 and parameters: {'max_depth': 1, 'min_child_weight': 1, 'gamma': 0.6540583822219919, 'subsample': 0.5535863324655572, 'colsample_bytree': 0.69346318601417, 'learning_rate': 0.5594709868029444, 'reg_alpha': 5.067080961885544, 'reg_lambda': 0.3628093955109246}. Best is trial 715 with value: 0.9377859576434285.
Trial 2374 finished with value: 0.8792144207550334 and parameters: {'max_depth': 8, 'min_child_weight': 4, 'gamma': 0.053445623877292014, 'subsample': 0.6744626840395561, 'colsample_bytree': 0.4839723725984678, 'learning_rate': 0.4725573917908239, 'reg_alpha': 0.02796562107609776, 'reg_lambda': 0.10875153902920666}. Best is trial 715 with value: 0.9377859576434285.
Trial 2399 finished with value: -34859.4794158519 and parameters: {'max_depth': 3, 'min_child_weight': 2, 'gamma': 0.21949962923654798, 'subsample': 0.11467997486567938, 'colsample_bytree': 0.3300707347359937, 'learning_rate': 0.7545222875689456, 'reg_alpha': 0.2629072187714038, 'reg_lambda': 0.0029672962739502096}. Best is trial 715 with value: 0.9377859576434285.
Trial 2369 finished with value: 0.9053807868646941 and parameters: {'max_depth': 8, 'min_child_weight': 4, 'gamma': 0.7311823011141293, 'subsample': 0.8291565899174695, 'colsample_bytree': 0.9134259814143201, 'learning_rate': 0.9040887518426076, 'reg_alpha': 0.13612347425739688, 'reg_lambda': 0.0024487620236038265}. Best is trial 715 with value: 0.9377859576434285.
Trial 2384 finished with value: 0.6396330151608964 and parameters: {'max_depth': 8, 'min_child_weight': 3, 'gamma': 0.3861643764857713, 'subsample': 0.5026677514761124, 'colsample_bytree': 0.1795660866668387, 'learning_rate': 0.44737878737099834, 'reg_alpha': 0.017225268066439033, 'reg_lambda': 0.006108827891370463}. Best is trial 715 with value: 0.9377859576434285.
Trial 2359 finished with value: 0.8944788770775896 and parameters: {'max_depth': 10, 'min_child_weight': 2, 'gamma': 0.16301790892035373, 'subsample': 0.6568761638974805, 'colsample_bytree': 0.7043257624257768, 'learning_rate': 0.4194521261626275, 'reg_alpha': 0.00034038201051244456, 'reg_lambda': 0.024470186198959947}. Best is trial 715 with value: 0.9377859576434285.
Trial 2403 finished with value: 0.09184023134291593 and parameters: {'max_depth': 4, 'min_child_weight': 4, 'gamma': 0.43902304237246903, 'subsample': 0.19132619181870414, 'colsample_bytree': 0.0836419511712192, 'learning_rate': 0.06048466769070682, 'reg_alpha': 0.05729967024332079, 'reg_lambda': 0.00019380295020770045}. Best is trial 715 with value: 0.9377859576434285.
Trial 2394 finished with value: -745.8984617015981 and parameters: {'max_depth': 5, 'min_child_weight': 5, 'gamma': 0.5701785415673869, 'subsample': 0.26284250538250054, 'colsample_bytree': 0.6565170244991227, 'learning_rate': 0.9181617074259019, 'reg_alpha': 0.0032764998665286657, 'reg_lambda': 0.00048733788746429727}. Best is trial 715 with value: 0.9377859576434285.
Trial 2393 finished with value: 0.8643364431894445 and parameters: {'max_depth': 5, 'min_child_weight': 1, 'gamma': 0.9944484782176078, 'subsample': 0.9516098534551122, 'colsample_bytree': 0.44619700478963786, 'learning_rate': 0.30398763224556347, 'reg_alpha': 0.0016799752009714964, 'reg_lambda': 0.05394428125041451}. Best is trial 715 with value: 0.9377859576434285.
Trial 2398 finished with value: 0.08834712448974033 and parameters: {'max_depth': 9, 'min_child_weight': 1, 'gamma': 0.7614798095647001, 'subsample': 0.21184973247107175, 'colsample_bytree': 0.027938860847739444, 'learning_rate': 0.08925448149571213, 'reg_alpha': 0.00225748467838019, 'reg_lambda': 0.33158508800767456}. Best is trial 715 with value: 0.9377859576434285.
Trial 2404 finished with value: 0.07629637118795905 and parameters: {'max_depth': 7, 'min_child_weight': 4, 'gamma': 0.6200007683839318, 'subsample': 0.05909725903817886, 'colsample_bytree': 0.3974615018117107, 'learning_rate': 0.16701801776761338, 'reg_alpha': 0.022557680731818155, 'reg_lambda': 0.002622941562718829}. Best is trial 715 with value: 0.9377859576434285.
Trial 2409 finished with value: 0.3971195302680465 and parameters: {'max_depth': 2, 'min_child_weight': 2, 'gamma': 0.010632743264014866, 'subsample': 0.6346123699386164, 'colsample_bytree': 0.6113576941662034, 'learning_rate': 0.8809479992256602, 'reg_alpha': 2.1515472170874514, 'reg_lambda': 0.2505799887758436}. Best is trial 715 with value: 0.9377859576434285.
Trial 2400 finished with value: 0.5852838251145424 and parameters: {'max_depth': 4, 'min_child_weight': 5, 'gamma': 0.7331073434235257, 'subsample': 0.4273110351889079, 'colsample_bytree': 0.8275247399677057, 'learning_rate': 0.7521224712955068, 'reg_alpha': 0.4271686578650673, 'reg_lambda': 0.005534828685014798}. Best is trial 715 with value: 0.9377859576434285.
Trial 2380 finished with value: 0.9003823781187708 and parameters: {'max_depth': 7, 'min_child_weight': 2, 'gamma': 0.579513196751783, 'subsample': 0.6112881929197284, 'colsample_bytree': 0.9197638328329601, 'learning_rate': 0.5004927059708408, 'reg_alpha': 0.26360326408557994, 'reg_lambda': 3.772212477526005}. Best is trial 715 with value: 0.9377859576434285.
Trial 2408 finished with value: -1.7852834989291169 and parameters: {'max_depth': 4, 'min_child_weight': 2, 'gamma': 0.7876918379542074, 'subsample': 0.05769830959035338, 'colsample_bytree': 0.035557565848417516, 'learning_rate': 0.7630604853757486, 'reg_alpha': 0.37030685207539066, 'reg_lambda': 0.692330844894619}. Best is trial 715 with value: 0.9377859576434285.
Trial 2407 finished with value: 0.4242071171812715 and parameters: {'max_depth': 3, 'min_child_weight': 1, 'gamma': 0.4448558365815104, 'subsample': 0.22937551749830898, 'colsample_bytree': 0.7304501282324328, 'learning_rate': 0.39122476038207255, 'reg_alpha': 0.37852786742934363, 'reg_lambda': 0.5536030464168832}. Best is trial 715 with value: 0.9377859576434285.
Trial 2388 finished with value: 0.8696814818906834 and parameters: {'max_depth': 7, 'min_child_weight': 3, 'gamma': 0.05910578732923055, 'subsample': 0.34143822248912603, 'colsample_bytree': 0.7553320026341712, 'learning_rate': 0.3959442197982447, 'reg_alpha': 0.1594948353615427, 'reg_lambda': 0.10921490181560156}. Best is trial 715 with value: 0.9377859576434285.
Trial 2420 finished with value: -0.1445437800766235 and parameters: {'max_depth': 9, 'min_child_weight': 1, 'gamma': 0.6612077787628738, 'subsample': 0.007242940877165593, 'colsample_bytree': 0.2877339168239711, 'learning_rate': 0.11295633279983619, 'reg_alpha': 4.52598452536458, 'reg_lambda': 0.638069622446474}. Best is trial 715 with value: 0.9377859576434285.
Trial 2397 finished with value: 0.4036606399307601 and parameters: {'max_depth': 7, 'min_child_weight': 4, 'gamma': 0.038494788600743846, 'subsample': 0.28380072188250727, 'colsample_bytree': 0.23921598477355055, 'learning_rate': 0.5102426312274344, 'reg_alpha': 0.014115897351534224, 'reg_lambda': 0.21284065899084662}. Best is trial 715 with value: 0.9377859576434285.
Trial 2386 finished with value: 0.5535114795598521 and parameters: {'max_depth': 7, 'min_child_weight': 2, 'gamma': 0.5949363963520293, 'subsample': 0.4196845867437802, 'colsample_bytree': 0.7692222966855112, 'learning_rate': 0.7879984327423749, 'reg_alpha': 0.0009526426067365248, 'reg_lambda': 0.0007869731629968664}. Best is trial 715 with value: 0.9377859576434285.
Trial 2413 finished with value: 0.03779459841966173 and parameters: {'max_depth': 3, 'min_child_weight': 5, 'gamma': 0.5012608531631783, 'subsample': 0.15608890683595023, 'colsample_bytree': 0.890154588508788, 'learning_rate': 0.4006371179457291, 'reg_alpha': 0.0003754363741531826, 'reg_lambda': 0.0006045573664824099}. Best is trial 715 with value: 0.9377859576434285.
Trial 2406 finished with value: 0.7200550117295204 and parameters: {'max_depth': 5, 'min_child_weight': 1, 'gamma': 0.9006207367757318, 'subsample': 0.46578544962055024, 'colsample_bytree': 0.26909408664866086, 'learning_rate': 0.298922927506612, 'reg_alpha': 0.2568487842564541, 'reg_lambda': 0.030975668877436975}. Best is trial 715 with value: 0.9377859576434285.
Trial 2402 finished with value: 0.8547254542047983 and parameters: {'max_depth': 10, 'min_child_weight': 2, 'gamma': 0.7723945518183511, 'subsample': 0.732855986612213, 'colsample_bytree': 0.23312268195621633, 'learning_rate': 0.3769077796326952, 'reg_alpha': 6.235683619945391, 'reg_lambda': 0.013175569096752895}. Best is trial 715 with value: 0.9377859576434285.
Trial 2410 finished with value: 0.5853007918653648 and parameters: {'max_depth': 6, 'min_child_weight': 5, 'gamma': 0.04657744684347487, 'subsample': 0.16837732111681303, 'colsample_bytree': 0.8199725953652048, 'learning_rate': 0.12518065804345613, 'reg_alpha': 3.628282277103634, 'reg_lambda': 0.9524311672049409}. Best is trial 715 with value: 0.9377859576434285.
Trial 2412 finished with value: 0.7221903923793815 and parameters: {'max_depth': 4, 'min_child_weight': 5, 'gamma': 0.1940056703019647, 'subsample': 0.6845086426240649, 'colsample_bytree': 0.6964993366169558, 'learning_rate': 0.838274946324107, 'reg_alpha': 0.37703981027860406, 'reg_lambda': 0.026907837121813175}. Best is trial 715 with value: 0.9377859576434285.
Trial 2422 finished with value: 0.704147564888168 and parameters: {'max_depth': 3, 'min_child_weight': 5, 'gamma': 0.5966511523226371, 'subsample': 0.723957148202812, 'colsample_bytree': 0.6836311160252162, 'learning_rate': 0.6347152551481942, 'reg_alpha': 4.90694531199316, 'reg_lambda': 0.1539490511004075}. Best is trial 715 with value: 0.9377859576434285.
Trial 2423 finished with value: -0.8882332582676684 and parameters: {'max_depth': 3, 'min_child_weight': 4, 'gamma': 0.3173767119602773, 'subsample': 0.17907999627324567, 'colsample_bytree': 0.738917106983029, 'learning_rate': 0.567953877497204, 'reg_alpha': 0.6636422864714898, 'reg_lambda': 0.08139041271956221}. Best is trial 715 with value: 0.9377859576434285.
Trial 2432 finished with value: 0.060842586415517465 and parameters: {'max_depth': 1, 'min_child_weight': 3, 'gamma': 0.7071815706373696, 'subsample': 0.1896011168879459, 'colsample_bytree': 0.3469970297567231, 'learning_rate': 0.17725411971791805, 'reg_alpha': 0.08882706985235389, 'reg_lambda': 0.011406246460358807}. Best is trial 715 with value: 0.9377859576434285.
Trial 2417 finished with value: 0.8549658604334471 and parameters: {'max_depth': 10, 'min_child_weight': 1, 'gamma': 0.012928692465184355, 'subsample': 0.9772955250104095, 'colsample_bytree': 0.251562456892958, 'learning_rate': 0.6500403166660115, 'reg_alpha': 6.834585268758594, 'reg_lambda': 0.04330857863227083}. Best is trial 715 with value: 0.9377859576434285.
Trial 2428 finished with value: 0.32919548175714847 and parameters: {'max_depth': 2, 'min_child_weight': 1, 'gamma': 0.5165203449433341, 'subsample': 0.15938903605542676, 'colsample_bytree': 0.3829119000812782, 'learning_rate': 0.17858792535472812, 'reg_alpha': 0.8658501607691248, 'reg_lambda': 0.030333521227462138}. Best is trial 715 with value: 0.9377859576434285.
Trial 2419 finished with value: 0.08898300715564617 and parameters: {'max_depth': 7, 'min_child_weight': 4, 'gamma': 0.31892602632331635, 'subsample': 0.5072314740860022, 'colsample_bytree': 0.011169544231342199, 'learning_rate': 0.10892290047630238, 'reg_alpha': 0.00045868414017559455, 'reg_lambda': 0.012580994850775963}. Best is trial 715 with value: 0.9377859576434285.
Trial 2401 finished with value: 0.8462696660283313 and parameters: {'max_depth': 8, 'min_child_weight': 4, 'gamma': 0.9544500322265277, 'subsample': 0.7739619978164892, 'colsample_bytree': 0.3117244336539102, 'learning_rate': 0.3333498507240622, 'reg_alpha': 0.18388064769170404, 'reg_lambda': 0.00018598187663209}. Best is trial 715 with value: 0.9377859576434285.
Trial 2411 finished with value: 0.27387511561689637 and parameters: {'max_depth': 7, 'min_child_weight': 4, 'gamma': 0.4670652877850451, 'subsample': 0.30058626410861367, 'colsample_bytree': 0.2507358848729464, 'learning_rate': 0.6955728419756694, 'reg_alpha': 3.2918605155519773, 'reg_lambda': 0.22059170603020362}. Best is trial 715 with value: 0.9377859576434285.
Trial 2421 finished with value: 0.8183702097003068 and parameters: {'max_depth': 4, 'min_child_weight': 1, 'gamma': 0.26709780106346714, 'subsample': 0.9543001214375509, 'colsample_bytree': 0.4861396829221273, 'learning_rate': 0.24513414983382276, 'reg_alpha': 0.0073141169724541075, 'reg_lambda': 0.005636420896516868}. Best is trial 715 with value: 0.9377859576434285.
Trial 2427 finished with value: 0.4744009790905253 and parameters: {'max_depth': 3, 'min_child_weight': 2, 'gamma': 0.6325539472733259, 'subsample': 0.5567314200074872, 'colsample_bytree': 0.18897098623624975, 'learning_rate': 0.04341500915876528, 'reg_alpha': 0.0003324953102571184, 'reg_lambda': 0.0010584684332835819}. Best is trial 715 with value: 0.9377859576434285.
Trial 2414 finished with value: 0.9055339471022639 and parameters: {'max_depth': 5, 'min_child_weight': 2, 'gamma': 0.41448187612311693, 'subsample': 0.9544792105942955, 'colsample_bytree': 0.7878933587146684, 'learning_rate': 0.6058864028458595, 'reg_alpha': 2.254830077077708, 'reg_lambda': 0.14281887755918665}. Best is trial 715 with value: 0.9377859576434285.
