Trial 1719 finished with value: 0.576424216934162 and parameters: {'max_depth': 4, 'min_child_weight': 4, 'gamma': 0.6407406811866394, 'subsample': 0.23050214155751558, 'colsample_bytree': 0.5178799270958107, 'learning_rate': 0.18982271490770664, 'reg_alpha': 0.0007567467354174765, 'reg_lambda': 0.00010153780001290507}. Best is trial 715 with value: 0.9377859576434285.
Trial 1697 finished with value: -3.849001531852277e+20 and parameters: {'max_depth': 8, 'min_child_weight': 1, 'gamma': 0.1482887540025295, 'subsample': 0.30568090811716453, 'colsample_bytree': 0.5338727580087715, 'learning_rate': 0.883643100885454, 'reg_alpha': 3.766432640751522, 'reg_lambda': 0.0005298183764672764}. Best is trial 715 with value: 0.9377859576434285.
Trial 1711 finished with value: -582.6955060523763 and parameters: {'max_depth': 6, 'min_child_weight': 1, 'gamma': 0.594817595299583, 'subsample': 0.07108541777921351, 'colsample_bytree': 0.7278590080944907, 'learning_rate': 0.34906444546751947, 'reg_alpha': 0.5219242001842336, 'reg_lambda': 0.0014291929838254843}. Best is trial 715 with value: 0.9377859576434285.
Trial 1720 finished with value: 0.839625676373718 and parameters: {'max_depth': 4, 'min_child_weight': 2, 'gamma': 0.12847890060207312, 'subsample': 0.6045547022451763, 'colsample_bytree': 0.85319148870323, 'learning_rate': 0.7943677993258536, 'reg_alpha': 0.0008411281273177688, 'reg_lambda': 4.907297148140916}. Best is trial 715 with value: 0.9377859576434285.
Trial 1728 finished with value: 0.6498583661340334 and parameters: {'max_depth': 3, 'min_child_weight': 2, 'gamma': 0.9331238627710909, 'subsample': 0.943060914578312, 'colsample_bytree': 0.2950685844302121, 'learning_rate': 0.8405385394718737, 'reg_alpha': 4.955588459936179, 'reg_lambda': 8.053694481158857}. Best is trial 715 with value: 0.9377859576434285.
Trial 1738 finished with value: -1.6311765003158765 and parameters: {'max_depth': 5, 'min_child_weight': 5, 'gamma': 0.039316692453687296, 'subsample': 0.014806233818860814, 'colsample_bytree': 0.4333896960892063, 'learning_rate': 0.07202643418717647, 'reg_alpha': 0.0011352983010347896, 'reg_lambda': 0.009373183352674655}. Best is trial 715 with value: 0.9377859576434285.
Trial 1716 finished with value: 0.824630019767313 and parameters: {'max_depth': 5, 'min_child_weight': 1, 'gamma': 0.027703364470663905, 'subsample': 0.8329647705004943, 'colsample_bytree': 0.611862342011258, 'learning_rate': 0.07090266845765414, 'reg_alpha': 0.01618966545237114, 'reg_lambda': 1.7639795106240177}. Best is trial 715 with value: 0.9377859576434285.
Trial 1737 finished with value: 0.42247041987421574 and parameters: {'max_depth': 2, 'min_child_weight': 4, 'gamma': 0.06699082004677315, 'subsample': 0.5311063408405107, 'colsample_bytree': 0.6859222865169603, 'learning_rate': 0.47005556992029107, 'reg_alpha': 0.00038919640082850067, 'reg_lambda': 0.00032349721928453797}. Best is trial 715 with value: 0.9377859576434285.
Trial 1724 finished with value: 0.8288131342860676 and parameters: {'max_depth': 4, 'min_child_weight': 1, 'gamma': 0.6442555443937954, 'subsample': 0.747082076649104, 'colsample_bytree': 0.9000102009503952, 'learning_rate': 0.8878264624866397, 'reg_alpha': 7.514068923530119, 'reg_lambda': 0.08763916202700445}. Best is trial 715 with value: 0.9377859576434285.
Trial 1725 finished with value: 0.8717905138707908 and parameters: {'max_depth': 4, 'min_child_weight': 4, 'gamma': 0.5781587363998201, 'subsample': 0.8928023785503427, 'colsample_bytree': 0.9704201690833214, 'learning_rate': 0.5666152505948325, 'reg_alpha': 0.00160948104687764, 'reg_lambda': 0.004467596361699032}. Best is trial 715 with value: 0.9377859576434285.
Trial 1739 finished with value: 0.23813458827515013 and parameters: {'max_depth': 2, 'min_child_weight': 3, 'gamma': 0.8636287448512109, 'subsample': 0.2765029922249753, 'colsample_bytree': 0.25676513441324267, 'learning_rate': 0.6978415632749111, 'reg_alpha': 0.0014148554466589399, 'reg_lambda': 0.0020330110104357377}. Best is trial 715 with value: 0.9377859576434285.
Trial 1717 finished with value: 0.794466392361911 and parameters: {'max_depth': 6, 'min_child_weight': 2, 'gamma': 0.7387601290557958, 'subsample': 0.361681969093799, 'colsample_bytree': 0.43090358754771874, 'learning_rate': 0.08694831299764783, 'reg_alpha': 0.004995223099031593, 'reg_lambda': 0.0001173483670376036}. Best is trial 715 with value: 0.9377859576434285.
Trial 1734 finished with value: 0.4071998121134495 and parameters: {'max_depth': 3, 'min_child_weight': 2, 'gamma': 0.7486840509346238, 'subsample': 0.1770674380223568, 'colsample_bytree': 0.15359345241599187, 'learning_rate': 0.13724930329076246, 'reg_alpha': 0.0002885877911302736, 'reg_lambda': 7.0735088580137}. Best is trial 715 with value: 0.9377859576434285.
Trial 1729 finished with value: 0.8229558925317455 and parameters: {'max_depth': 4, 'min_child_weight': 1, 'gamma': 0.11109562976392273, 'subsample': 0.7897429881105972, 'colsample_bytree': 0.7995712103078749, 'learning_rate': 0.7863457345533076, 'reg_alpha': 0.00917544808287916, 'reg_lambda': 0.0010334191151862638}. Best is trial 715 with value: 0.9377859576434285.
Trial 1714 finished with value: 0.854508888527432 and parameters: {'max_depth': 8, 'min_child_weight': 3, 'gamma': 0.18524772813560264, 'subsample': 0.6879901380775391, 'colsample_bytree': 0.42078489033908906, 'learning_rate': 0.31124952803044137, 'reg_alpha': 0.676611831026366, 'reg_lambda': 7.981379216343787}. Best is trial 715 with value: 0.9377859576434285.
Trial 1733 finished with value: 0.7216474885361065 and parameters: {'max_depth': 4, 'min_child_weight': 1, 'gamma': 0.0837430252069804, 'subsample': 0.40697414822836164, 'colsample_bytree': 0.6307295735121577, 'learning_rate': 0.3019096056508087, 'reg_alpha': 0.01158813495595986, 'reg_lambda': 0.0018083801489060137}. Best is trial 715 with value: 0.9377859576434285.
Trial 1713 finished with value: 0.9022250640395855 and parameters: {'max_depth': 8, 'min_child_weight': 2, 'gamma': 0.48331336862146357, 'subsample': 0.43521016888530595, 'colsample_bytree': 0.476708820518283, 'learning_rate': 0.4622673034632887, 'reg_alpha': 0.001961692322605727, 'reg_lambda': 0.00018466023970359658}. Best is trial 715 with value: 0.9377859576434285.
Trial 1710 finished with value: 0.932351613702378 and parameters: {'max_depth': 8, 'min_child_weight': 2, 'gamma': 0.6922720484279068, 'subsample': 0.6920570073843587, 'colsample_bytree': 0.6807279794260148, 'learning_rate': 0.5323317312225953, 'reg_alpha': 0.041427896188231395, 'reg_lambda': 0.0018975821316065597}. Best is trial 715 with value: 0.9377859576434285.
Trial 1736 finished with value: -0.600599736775185 and parameters: {'max_depth': 6, 'min_child_weight': 3, 'gamma': 0.42662198919849026, 'subsample': 0.12795579453314854, 'colsample_bytree': 0.8261440187336911, 'learning_rate': 0.8801682293790365, 'reg_alpha': 0.042120968641091154, 'reg_lambda': 6.615363327426769}. Best is trial 715 with value: 0.9377859576434285.
Trial 1745 finished with value: 0.6512499393486625 and parameters: {'max_depth': 3, 'min_child_weight': 3, 'gamma': 0.2659999938812636, 'subsample': 0.6076094732972369, 'colsample_bytree': 0.8722168590125157, 'learning_rate': 0.7343294270362718, 'reg_alpha': 0.19422029796631668, 'reg_lambda': 0.00010543378338918325}. Best is trial 715 with value: 0.9377859576434285.
Trial 1705 finished with value: 0.9119086837241197 and parameters: {'max_depth': 9, 'min_child_weight': 2, 'gamma': 0.4550287682906954, 'subsample': 0.7297284357162054, 'colsample_bytree': 0.8612267256744031, 'learning_rate': 0.018376331925681, 'reg_alpha': 0.3396762267650907, 'reg_lambda': 0.12747335154344636}. Best is trial 715 with value: 0.9377859576434285.
Trial 1752 finished with value: 0.1735079335905166 and parameters: {'max_depth': 2, 'min_child_weight': 4, 'gamma': 0.06601145857495017, 'subsample': 0.12411275167001456, 'colsample_bytree': 0.271133065055966, 'learning_rate': 0.04465860704513347, 'reg_alpha': 1.3063420782332489, 'reg_lambda': 3.9198898658852124}. Best is trial 715 with value: 0.9377859576434285.
Trial 1730 finished with value: 0.8237207816736404 and parameters: {'max_depth': 6, 'min_child_weight': 1, 'gamma': 0.9174141932098498, 'subsample': 0.417230754779639, 'colsample_bytree': 0.49026360589344364, 'learning_rate': 0.6196707156746774, 'reg_alpha': 0.00767014102983429, 'reg_lambda': 2.771041051585269}. Best is trial 715 with value: 0.9377859576434285.
Trial 1747 finished with value: -169.7928331527851 and parameters: {'max_depth': 3, 'min_child_weight': 5, 'gamma': 0.5209427109747048, 'subsample': 0.17585266206725292, 'colsample_bytree': 0.9471209627276928, 'learning_rate': 0.8946971360380329, 'reg_alpha': 1.6735294222486239, 'reg_lambda': 0.48662179217737767}. Best is trial 715 with value: 0.9377859576434285.
Trial 1750 finished with value: 0.5666713376167114 and parameters: {'max_depth': 3, 'min_child_weight': 4, 'gamma': 0.38524497654169076, 'subsample': 0.5735297763335385, 'colsample_bytree': 0.3759859802192116, 'learning_rate': 0.22935638619224563, 'reg_alpha': 0.6943728488515869, 'reg_lambda': 8.991214400736702}. Best is trial 715 with value: 0.9377859576434285.
Trial 1741 finished with value: 0.7946013877378538 and parameters: {'max_depth': 5, 'min_child_weight': 1, 'gamma': 0.2406038546448498, 'subsample': 0.9289109446761638, 'colsample_bytree': 0.28986622607429136, 'learning_rate': 0.2825767578394899, 'reg_alpha': 0.10052322335782497, 'reg_lambda': 0.5177947657475012}. Best is trial 715 with value: 0.9377859576434285.
Trial 1731 finished with value: -890960937.4070085 and parameters: {'max_depth': 6, 'min_child_weight': 1, 'gamma': 0.6898873731434781, 'subsample': 0.198163078989678, 'colsample_bytree': 0.668136483623089, 'learning_rate': 0.641498336615095, 'reg_alpha': 0.07200274029162795, 'reg_lambda': 0.033178210137109025}. Best is trial 715 with value: 0.9377859576434285.
Trial 1735 finished with value: 0.8384086179428165 and parameters: {'max_depth': 6, 'min_child_weight': 2, 'gamma': 0.28278905551512346, 'subsample': 0.7054170916092843, 'colsample_bytree': 0.463778746242995, 'learning_rate': 0.6135730125203319, 'reg_alpha': 0.4175193805865118, 'reg_lambda': 0.0003228151512378942}. Best is trial 715 with value: 0.9377859576434285.
Trial 1742 finished with value: -4.974445546277134 and parameters: {'max_depth': 7, 'min_child_weight': 5, 'gamma': 0.5330812896070911, 'subsample': 0.1934100430250606, 'colsample_bytree': 0.8729784941044365, 'learning_rate': 0.6699250681957724, 'reg_alpha': 0.016394062036581926, 'reg_lambda': 0.3214516637157824}. Best is trial 715 with value: 0.9377859576434285.
Trial 1748 finished with value: -13229745245.983656 and parameters: {'max_depth': 4, 'min_child_weight': 1, 'gamma': 0.4525844438545549, 'subsample': 0.04986591584015343, 'colsample_bytree': 0.6010111001788626, 'learning_rate': 0.49784692220321936, 'reg_alpha': 0.0007420865425121806, 'reg_lambda': 0.0011647351709705707}. Best is trial 715 with value: 0.9377859576434285.
Trial 1764 finished with value: 0.02409545348104598 and parameters: {'max_depth': 1, 'min_child_weight': 2, 'gamma': 0.7609703406706824, 'subsample': 0.14127838308588792, 'colsample_bytree': 0.545004822297792, 'learning_rate': 0.29251391566481955, 'reg_alpha': 5.536807628963793, 'reg_lambda': 0.11535800971171685}. Best is trial 715 with value: 0.9377859576434285.
Trial 1740 finished with value: 0.7713972288503459 and parameters: {'max_depth': 7, 'min_child_weight': 4, 'gamma': 0.41074578018080554, 'subsample': 0.6231804690299888, 'colsample_bytree': 0.42156885958117796, 'learning_rate': 0.08990651391708648, 'reg_alpha': 0.0019270486729684145, 'reg_lambda': 7.017178730331673}. Best is trial 715 with value: 0.9377859576434285.
Trial 1715 finished with value: 0.9128315724530608 and parameters: {'max_depth': 10, 'min_child_weight': 4, 'gamma': 0.7293945504954401, 'subsample': 0.8229412811510021, 'colsample_bytree': 0.9410562695467448, 'learning_rate': 0.05910318391684066, 'reg_alpha': 0.0030739797868450055, 'reg_lambda': 0.00048767454894508536}. Best is trial 715 with value: 0.9377859576434285.
Trial 1744 finished with value: 0.533312886853722 and parameters: {'max_depth': 9, 'min_child_weight': 5, 'gamma': 0.7806606939751859, 'subsample': 0.26254809258731626, 'colsample_bytree': 0.6281942763643593, 'learning_rate': 0.4957642143866827, 'reg_alpha': 0.0010378425733459662, 'reg_lambda': 0.00014355853130865154}. Best is trial 715 with value: 0.9377859576434285.
Trial 1732 finished with value: 0.8921241875731031 and parameters: {'max_depth': 8, 'min_child_weight': 1, 'gamma': 0.1327152655660092, 'subsample': 0.6550050553137046, 'colsample_bytree': 0.47482009152825244, 'learning_rate': 0.27993843036682464, 'reg_alpha': 0.0031341379352112387, 'reg_lambda': 5.038489314004435}. Best is trial 715 with value: 0.9377859576434285.
Trial 1743 finished with value: 0.8920573716774624 and parameters: {'max_depth': 6, 'min_child_weight': 5, 'gamma': 0.21849030494322474, 'subsample': 0.9667868573680803, 'colsample_bytree': 0.7248521864747407, 'learning_rate': 0.11971482949575218, 'reg_alpha': 0.030854870360399387, 'reg_lambda': 0.045210529296379795}. Best is trial 715 with value: 0.9377859576434285.
Trial 1760 finished with value: -1057909.5644338669 and parameters: {'max_depth': 9, 'min_child_weight': 3, 'gamma': 0.19080410287113136, 'subsample': 0.05457980382460437, 'colsample_bytree': 0.48600408684155794, 'learning_rate': 0.6987452115140088, 'reg_alpha': 0.17531970187482257, 'reg_lambda': 0.16855998109713777}. Best is trial 715 with value: 0.9377859576434285.
Trial 1771 finished with value: 0.07485886414916748 and parameters: {'max_depth': 1, 'min_child_weight': 5, 'gamma': 0.37568274742703567, 'subsample': 0.6093374907397432, 'colsample_bytree': 0.27263838873336044, 'learning_rate': 0.4180239614174196, 'reg_alpha': 0.00046637735939642676, 'reg_lambda': 1.5644902893296264}. Best is trial 715 with value: 0.9377859576434285.
Trial 1755 finished with value: 0.7122956704291126 and parameters: {'max_depth': 5, 'min_child_weight': 5, 'gamma': 0.2506534499680009, 'subsample': 0.6645687428571475, 'colsample_bytree': 0.2372781114563116, 'learning_rate': 0.3130962909624504, 'reg_alpha': 0.08485527205617485, 'reg_lambda': 0.0004542084003157728}. Best is trial 715 with value: 0.9377859576434285.
Trial 1769 finished with value: 0.07831287614651546 and parameters: {'max_depth': 2, 'min_child_weight': 2, 'gamma': 0.5856986977808111, 'subsample': 0.9180815012335296, 'colsample_bytree': 0.08321969977492816, 'learning_rate': 0.8375418485983217, 'reg_alpha': 0.07079806046521973, 'reg_lambda': 0.06996272123208679}. Best is trial 715 with value: 0.9377859576434285.
Trial 1772 finished with value: 0.06462032731642417 and parameters: {'max_depth': 1, 'min_child_weight': 5, 'gamma': 0.027305202690459107, 'subsample': 0.6091812787627624, 'colsample_bytree': 0.06349980089213503, 'learning_rate': 0.3525931336239957, 'reg_alpha': 0.028730679108792692, 'reg_lambda': 0.013512608061202242}. Best is trial 715 with value: 0.9377859576434285.
Trial 1746 finished with value: 0.47902521522491476 and parameters: {'max_depth': 9, 'min_child_weight': 3, 'gamma': 0.9564830466946851, 'subsample': 0.27095014432682163, 'colsample_bytree': 0.4489060301880611, 'learning_rate': 0.5160395667273884, 'reg_alpha': 0.10836527515916734, 'reg_lambda': 0.002474642492865837}. Best is trial 715 with value: 0.9377859576434285.
Trial 1773 finished with value: 0.4561072331326685 and parameters: {'max_depth': 2, 'min_child_weight': 2, 'gamma': 0.4396285213373986, 'subsample': 0.9017549526586349, 'colsample_bytree': 0.0982857467668985, 'learning_rate': 0.8765824633553974, 'reg_alpha': 0.006476673277961439, 'reg_lambda': 0.044061308423886614}. Best is trial 715 with value: 0.9377859576434285.
Trial 1753 finished with value: 0.8177440528270604 and parameters: {'max_depth': 7, 'min_child_weight': 5, 'gamma': 0.7276054877775331, 'subsample': 0.3659660440788135, 'colsample_bytree': 0.9632070926726185, 'learning_rate': 0.3780438453173628, 'reg_alpha': 2.9607427297033837, 'reg_lambda': 0.004797739417238024}. Best is trial 715 with value: 0.9377859576434285.
Trial 1751 finished with value: 0.8826551873128894 and parameters: {'max_depth': 7, 'min_child_weight': 4, 'gamma': 0.7749706839519773, 'subsample': 0.8910352894357717, 'colsample_bytree': 0.9664160663801055, 'learning_rate': 0.9054252890673711, 'reg_alpha': 1.3625510928190578, 'reg_lambda': 0.0019663255097881766}. Best is trial 715 with value: 0.9377859576434285.
Trial 1766 finished with value: 0.06099058817367886 and parameters: {'max_depth': 8, 'min_child_weight': 4, 'gamma': 0.5489534755058832, 'subsample': 0.6807178898554511, 'colsample_bytree': 0.012536038925203608, 'learning_rate': 0.5208341565039976, 'reg_alpha': 0.0003741738793312815, 'reg_lambda': 0.027836036603674646}. Best is trial 715 with value: 0.9377859576434285.
Trial 1778 finished with value: -12.809045524900132 and parameters: {'max_depth': 10, 'min_child_weight': 5, 'gamma': 0.4686480854456476, 'subsample': 0.0118007739298025, 'colsample_bytree': 0.43100240784980093, 'learning_rate': 0.002584436420473235, 'reg_alpha': 0.017337563270578362, 'reg_lambda': 0.658078429035938}. Best is trial 715 with value: 0.9377859576434285.
Trial 1763 finished with value: -113.39424870600982 and parameters: {'max_depth': 6, 'min_child_weight': 1, 'gamma': 0.33421060249563894, 'subsample': 0.0605601983167634, 'colsample_bytree': 0.17594389942706978, 'learning_rate': 0.3726862511836013, 'reg_alpha': 0.9886133018936855, 'reg_lambda': 0.00012940944751683078}. Best is trial 715 with value: 0.9377859576434285.
Trial 1761 finished with value: 0.37236505986276786 and parameters: {'max_depth': 9, 'min_child_weight': 5, 'gamma': 0.5685091242608473, 'subsample': 0.5861134078469167, 'colsample_bytree': 0.09963223220421247, 'learning_rate': 0.9233640882287125, 'reg_alpha': 0.007674663355063843, 'reg_lambda': 1.405940861409081}. Best is trial 715 with value: 0.9377859576434285.
Trial 1758 finished with value: 0.7972587019057285 and parameters: {'max_depth': 6, 'min_child_weight': 2, 'gamma': 0.9874648777127354, 'subsample': 0.5104452094561803, 'colsample_bytree': 0.44671591143449485, 'learning_rate': 0.4464996950911231, 'reg_alpha': 5.27784674880757, 'reg_lambda': 2.492788889275156}. Best is trial 715 with value: 0.9377859576434285.
Trial 1767 finished with value: -0.1510231181397384 and parameters: {'max_depth': 4, 'min_child_weight': 2, 'gamma': 0.008575991584232168, 'subsample': 0.21922181071775781, 'colsample_bytree': 0.5350145516144208, 'learning_rate': 0.5132309753149192, 'reg_alpha': 0.009980231203430527, 'reg_lambda': 0.00020864689990225994}. Best is trial 715 with value: 0.9377859576434285.
Trial 1759 finished with value: 0.8567918909306317 and parameters: {'max_depth': 5, 'min_child_weight': 4, 'gamma': 0.5119193197097688, 'subsample': 0.636489109903029, 'colsample_bytree': 0.9786575972704221, 'learning_rate': 0.12077929125687148, 'reg_alpha': 1.9333744177354837, 'reg_lambda': 0.00039784545108191197}. Best is trial 715 with value: 0.9377859576434285.
Trial 1775 finished with value: 0.4340412444791507 and parameters: {'max_depth': 2, 'min_child_weight': 2, 'gamma': 0.1988762553988085, 'subsample': 0.5337677143501258, 'colsample_bytree': 0.22845464255373715, 'learning_rate': 0.6073677971526236, 'reg_alpha': 4.576919135429352, 'reg_lambda': 5.837036795080374}. Best is trial 715 with value: 0.9377859576434285.
Trial 1754 finished with value: 0.7388397394731728 and parameters: {'max_depth': 10, 'min_child_weight': 5, 'gamma': 0.4613281362132653, 'subsample': 0.91407976867551, 'colsample_bytree': 0.16879961284206846, 'learning_rate': 0.5595851682205424, 'reg_alpha': 0.007327442581793065, 'reg_lambda': 0.005106006293621734}. Best is trial 715 with value: 0.9377859576434285.
Trial 1757 finished with value: 0.7000082764194258 and parameters: {'max_depth': 9, 'min_child_weight': 2, 'gamma': 0.04128681978984561, 'subsample': 0.4807059074873937, 'colsample_bytree': 0.1491045877267858, 'learning_rate': 0.3146565307182274, 'reg_alpha': 0.0001451772410973846, 'reg_lambda': 0.0012745322386352618}. Best is trial 715 with value: 0.9377859576434285.
Trial 1765 finished with value: -0.8169145815189699 and parameters: {'max_depth': 9, 'min_child_weight': 2, 'gamma': 0.4755673677919612, 'subsample': 0.19738943301158784, 'colsample_bytree': 0.12152854058837093, 'learning_rate': 0.7331788794167691, 'reg_alpha': 0.0017227263342270975, 'reg_lambda': 0.11081065272831295}. Best is trial 715 with value: 0.9377859576434285.
Trial 1781 finished with value: -0.003442602743634837 and parameters: {'max_depth': 1, 'min_child_weight': 4, 'gamma': 0.3581764451358662, 'subsample': 0.6326581999241969, 'colsample_bytree': 0.31107147839698956, 'learning_rate': 0.00847643410117449, 'reg_alpha': 0.05029202148124983, 'reg_lambda': 2.680537929983465}. Best is trial 715 with value: 0.9377859576434285.
Trial 1756 finished with value: 0.8382417936272768 and parameters: {'max_depth': 7, 'min_child_weight': 5, 'gamma': 0.7824706374937964, 'subsample': 0.5518551892755027, 'colsample_bytree': 0.5542966939844318, 'learning_rate': 0.17779129325457965, 'reg_alpha': 0.000203326946827792, 'reg_lambda': 0.0026533407716769234}. Best is trial 715 with value: 0.9377859576434285.
Trial 1749 finished with value: 0.8845349237376836 and parameters: {'max_depth': 10, 'min_child_weight': 5, 'gamma': 0.4257295181987605, 'subsample': 0.5402277272471008, 'colsample_bytree': 0.7631497089291769, 'learning_rate': 0.7426090437143874, 'reg_alpha': 0.00012403715814437855, 'reg_lambda': 0.0021831980779239875}. Best is trial 715 with value: 0.9377859576434285.
