Trial 1435 finished with value: 0.1444854905034787 and parameters: {'max_depth': 9, 'min_child_weight': 2, 'gamma': 0.23633346931447174, 'subsample': 0.03503575828201988, 'colsample_bytree': 0.35350030989875825, 'learning_rate': 0.09829535401750567, 'reg_alpha': 0.049520200798830925, 'reg_lambda': 8.888954868782971}. Best is trial 715 with value: 0.9377859576434285.
Trial 1434 finished with value: 0.7107499284213943 and parameters: {'max_depth': 3, 'min_child_weight': 3, 'gamma': 0.8632951182030092, 'subsample': 0.9106934175341019, 'colsample_bytree': 0.7364283250179544, 'learning_rate': 0.31075403513495403, 'reg_alpha': 0.26790503134750693, 'reg_lambda': 3.191730353826842}. Best is trial 715 with value: 0.9377859576434285.
Trial 1439 finished with value: 0.46071083878892716 and parameters: {'max_depth': 2, 'min_child_weight': 3, 'gamma': 0.07475926143969525, 'subsample': 0.9036940070917052, 'colsample_bytree': 0.30599875530709786, 'learning_rate': 0.914100371891715, 'reg_alpha': 0.009296502903085988, 'reg_lambda': 0.036847065904442665}. Best is trial 715 with value: 0.9377859576434285.
Trial 1436 finished with value: 0.6942638756243416 and parameters: {'max_depth': 3, 'min_child_weight': 4, 'gamma': 0.022689697681531062, 'subsample': 0.9955858038008775, 'colsample_bytree': 0.4669818032417916, 'learning_rate': 0.5070929312986887, 'reg_alpha': 1.2966949739552485, 'reg_lambda': 8.909128948632663}. Best is trial 715 with value: 0.9377859576434285.
Trial 1424 finished with value: -2.490356683603282e+24 and parameters: {'max_depth': 5, 'min_child_weight': 2, 'gamma': 0.36863259507907786, 'subsample': 0.21445999905023572, 'colsample_bytree': 0.7735100771352644, 'learning_rate': 0.9777520836495558, 'reg_alpha': 0.5700849838930098, 'reg_lambda': 0.018388951646952395}. Best is trial 715 with value: 0.9377859576434285.
Trial 1414 finished with value: 0.8503198390229482 and parameters: {'max_depth': 7, 'min_child_weight': 3, 'gamma': 0.6555336154552066, 'subsample': 0.7042962840740553, 'colsample_bytree': 0.2885459861672226, 'learning_rate': 0.4587216687243919, 'reg_alpha': 0.0010488330336315636, 'reg_lambda': 0.002441255222116276}. Best is trial 715 with value: 0.9377859576434285.
Trial 1421 finished with value: 0.9046836025023631 and parameters: {'max_depth': 8, 'min_child_weight': 4, 'gamma': 0.4663049536559567, 'subsample': 0.9055498425111884, 'colsample_bytree': 0.9980616508908623, 'learning_rate': 0.5864348289700666, 'reg_alpha': 2.45568060837907, 'reg_lambda': 0.30670548731044717}. Best is trial 715 with value: 0.9377859576434285.
Trial 1446 finished with value: 0.06931742027767476 and parameters: {'max_depth': 1, 'min_child_weight': 4, 'gamma': 0.4387002436029195, 'subsample': 0.4276342327899595, 'colsample_bytree': 0.9991683484400193, 'learning_rate': 0.39121658857828223, 'reg_alpha': 0.0007626965609280757, 'reg_lambda': 8.03943132699431}. Best is trial 715 with value: 0.9377859576434285.
Trial 1432 finished with value: 0.44059170301980766 and parameters: {'max_depth': 9, 'min_child_weight': 4, 'gamma': 0.603383569376052, 'subsample': 0.14297365593646083, 'colsample_bytree': 0.8863727193623826, 'learning_rate': 0.2866764886408949, 'reg_alpha': 0.9349938885817383, 'reg_lambda': 0.24171850504863504}. Best is trial 715 with value: 0.9377859576434285.
Trial 1433 finished with value: -113.99260939323179 and parameters: {'max_depth': 6, 'min_child_weight': 3, 'gamma': 0.09790647483930959, 'subsample': 0.12342372729600914, 'colsample_bytree': 0.46284009954799976, 'learning_rate': 0.6527096368263193, 'reg_alpha': 0.0007114842744155757, 'reg_lambda': 0.4175048087955794}. Best is trial 715 with value: 0.9377859576434285.
Trial 1427 finished with value: 0.8902417606281418 and parameters: {'max_depth': 5, 'min_child_weight': 4, 'gamma': 0.6079149597030374, 'subsample': 0.6047846845332074, 'colsample_bytree': 0.9482870669463985, 'learning_rate': 0.8748862720476331, 'reg_alpha': 1.8380336478681476, 'reg_lambda': 0.841465518351946}. Best is trial 715 with value: 0.9377859576434285.
Trial 1448 finished with value: 0.04678283414328591 and parameters: {'max_depth': 2, 'min_child_weight': 3, 'gamma': 0.8377795554730646, 'subsample': 0.7016613118527602, 'colsample_bytree': 0.0007441225830797649, 'learning_rate': 0.9303059466941507, 'reg_alpha': 0.006628339000737648, 'reg_lambda': 7.113634825226848}. Best is trial 715 with value: 0.9377859576434285.
Trial 1447 finished with value: 0.4034855413722785 and parameters: {'max_depth': 2, 'min_child_weight': 1, 'gamma': 0.016408367412758973, 'subsample': 0.5233962151511233, 'colsample_bytree': 0.7922802526276546, 'learning_rate': 0.6212243586489333, 'reg_alpha': 0.00014660635603705346, 'reg_lambda': 9.944599649153622}. Best is trial 715 with value: 0.9377859576434285.
Trial 1426 finished with value: 0.7637281766647078 and parameters: {'max_depth': 7, 'min_child_weight': 2, 'gamma': 0.5581525440614795, 'subsample': 0.4555647003412284, 'colsample_bytree': 0.25582226918609396, 'learning_rate': 0.32873706446353335, 'reg_alpha': 0.00011380313016975712, 'reg_lambda': 0.00013741398370812905}. Best is trial 715 with value: 0.9377859576434285.
Trial 1417 finished with value: 0.8525171361931745 and parameters: {'max_depth': 10, 'min_child_weight': 2, 'gamma': 0.8360050120213594, 'subsample': 0.34079049689174745, 'colsample_bytree': 0.4885837584201188, 'learning_rate': 0.1811585374564575, 'reg_alpha': 0.012106924527201308, 'reg_lambda': 0.5406742413276123}. Best is trial 715 with value: 0.9377859576434285.
Trial 1428 finished with value: 0.8809799799397109 and parameters: {'max_depth': 6, 'min_child_weight': 3, 'gamma': 0.15802731668087389, 'subsample': 0.675269137936321, 'colsample_bytree': 0.5111658371275124, 'learning_rate': 0.29533825003977343, 'reg_alpha': 0.015232459452114426, 'reg_lambda': 0.9745065746450753}. Best is trial 715 with value: 0.9377859576434285.
Trial 1452 finished with value: 0.056432167174512715 and parameters: {'max_depth': 1, 'min_child_weight': 3, 'gamma': 0.5419720386500978, 'subsample': 0.3590700468237854, 'colsample_bytree': 0.2966313205168518, 'learning_rate': 0.7099550517583078, 'reg_alpha': 0.3768696835378137, 'reg_lambda': 0.020515830764525483}. Best is trial 715 with value: 0.9377859576434285.
Trial 1429 finished with value: 0.8019084296991572 and parameters: {'max_depth': 8, 'min_child_weight': 5, 'gamma': 0.29395205785675305, 'subsample': 0.48840094232831943, 'colsample_bytree': 0.7097112139252354, 'learning_rate': 0.1396826885229141, 'reg_alpha': 4.497432174157984, 'reg_lambda': 3.5890532772531816}. Best is trial 715 with value: 0.9377859576434285.
Trial 1438 finished with value: 0.48068983017329203 and parameters: {'max_depth': 8, 'min_child_weight': 5, 'gamma': 0.16251079956829073, 'subsample': 0.23154341643958132, 'colsample_bytree': 0.7155257480361644, 'learning_rate': 0.009463134488074454, 'reg_alpha': 0.008201142044350242, 'reg_lambda': 0.33287659764766464}. Best is trial 715 with value: 0.9377859576434285.
Trial 1450 finished with value: -0.9191204476169602 and parameters: {'max_depth': 2, 'min_child_weight': 2, 'gamma': 0.23217996312707256, 'subsample': 0.6696061001556188, 'colsample_bytree': 0.44908332268148743, 'learning_rate': 0.0023597769748063824, 'reg_alpha': 0.26267320577144115, 'reg_lambda': 0.7674862739424249}. Best is trial 715 with value: 0.9377859576434285.
Trial 1437 finished with value: 0.8848476865609906 and parameters: {'max_depth': 5, 'min_child_weight': 4, 'gamma': 0.2070004117798897, 'subsample': 0.6825225267097759, 'colsample_bytree': 0.9584602352265407, 'learning_rate': 0.5178862560673858, 'reg_alpha': 0.0009753258445530786, 'reg_lambda': 0.15018918838978645}. Best is trial 715 with value: 0.9377859576434285.
Trial 1449 finished with value: 0.3639420158958223 and parameters: {'max_depth': 3, 'min_child_weight': 3, 'gamma': 0.3331505522535033, 'subsample': 0.26787046139803483, 'colsample_bytree': 0.13432926778945642, 'learning_rate': 0.43901166380169954, 'reg_alpha': 0.30579412320755345, 'reg_lambda': 0.8927479292084567}. Best is trial 715 with value: 0.9377859576434285.
Trial 1443 finished with value: 0.7593792392696047 and parameters: {'max_depth': 5, 'min_child_weight': 1, 'gamma': 0.1508361363373648, 'subsample': 0.7885776738620318, 'colsample_bytree': 0.251553687258523, 'learning_rate': 0.8436375922477529, 'reg_alpha': 5.570988205132725, 'reg_lambda': 0.4787114570153898}. Best is trial 715 with value: 0.9377859576434285.
Trial 1445 finished with value: 0.7016397304166648 and parameters: {'max_depth': 4, 'min_child_weight': 2, 'gamma': 0.5646693152759662, 'subsample': 0.6382737032976351, 'colsample_bytree': 0.382754815836298, 'learning_rate': 0.6562182616715502, 'reg_alpha': 0.1508965697079817, 'reg_lambda': 0.36185049926654994}. Best is trial 715 with value: 0.9377859576434285.
Trial 1440 finished with value: 0.7658823214686282 and parameters: {'max_depth': 6, 'min_child_weight': 4, 'gamma': 0.30985506797177365, 'subsample': 0.6870831931783302, 'colsample_bytree': 0.2857423881077227, 'learning_rate': 0.12675115711019036, 'reg_alpha': 0.0168707477475611, 'reg_lambda': 0.009471527428580043}. Best is trial 715 with value: 0.9377859576434285.
Trial 1461 finished with value: 0.093640082465531 and parameters: {'max_depth': 1, 'min_child_weight': 2, 'gamma': 0.10261174069513868, 'subsample': 0.9640403589109138, 'colsample_bytree': 0.7041727648485968, 'learning_rate': 0.8939587664469768, 'reg_alpha': 0.21241661362295272, 'reg_lambda': 0.000705335004373974}. Best is trial 715 with value: 0.9377859576434285.
Trial 1465 finished with value: -0.8354041806401653 and parameters: {'max_depth': 1, 'min_child_weight': 4, 'gamma': 0.7731209433081742, 'subsample': 0.17510953809400687, 'colsample_bytree': 0.20188274634766934, 'learning_rate': 0.0027250176950699423, 'reg_alpha': 0.0001322677860156643, 'reg_lambda': 0.0023082975726282096}. Best is trial 715 with value: 0.9377859576434285.
Trial 1420 finished with value: 0.8517745048491695 and parameters: {'max_depth': 8, 'min_child_weight': 1, 'gamma': 0.28988925225978, 'subsample': 0.8766565683019989, 'colsample_bytree': 0.8480983179420399, 'learning_rate': 0.8347745579111822, 'reg_alpha': 0.15876541468406796, 'reg_lambda': 0.20339987361318926}. Best is trial 715 with value: 0.9377859576434285.
Trial 1459 finished with value: 0.4848056084014192 and parameters: {'max_depth': 2, 'min_child_weight': 1, 'gamma': 0.6984858169841549, 'subsample': 0.9816840529412794, 'colsample_bytree': 0.6348327109573265, 'learning_rate': 0.5577889103946448, 'reg_alpha': 1.0134830563145532, 'reg_lambda': 6.030751368308796}. Best is trial 715 with value: 0.9377859576434285.
Trial 1430 finished with value: 0.9149953131605648 and parameters: {'max_depth': 7, 'min_child_weight': 2, 'gamma': 0.5740193756991978, 'subsample': 0.8479290582502248, 'colsample_bytree': 0.8708096720549633, 'learning_rate': 0.7828440268753594, 'reg_alpha': 0.19143345201362222, 'reg_lambda': 3.7978136166342424}. Best is trial 715 with value: 0.9377859576434285.
Trial 1453 finished with value: 0.027496253475576472 and parameters: {'max_depth': 6, 'min_child_weight': 5, 'gamma': 0.26918900618132424, 'subsample': 0.4531052462955154, 'colsample_bytree': 0.03156637177313226, 'learning_rate': 0.7069125987268342, 'reg_alpha': 1.8224513681342371, 'reg_lambda': 0.6892673350549722}. Best is trial 715 with value: 0.9377859576434285.
Trial 1425 finished with value: 0.9119421044220708 and parameters: {'max_depth': 9, 'min_child_weight': 3, 'gamma': 0.9333655763409706, 'subsample': 0.7177793428793645, 'colsample_bytree': 0.7684513548361874, 'learning_rate': 0.24090082594898032, 'reg_alpha': 0.0044205350366089856, 'reg_lambda': 2.9859905720144773}. Best is trial 715 with value: 0.9377859576434285.
Trial 1466 finished with value: 0.3144790097021431 and parameters: {'max_depth': 2, 'min_child_weight': 2, 'gamma': 0.7031916752427833, 'subsample': 0.3958285792846127, 'colsample_bytree': 0.1556017135745147, 'learning_rate': 0.6485478937117033, 'reg_alpha': 0.7278639144754476, 'reg_lambda': 0.042127408243623266}. Best is trial 715 with value: 0.9377859576434285.
Trial 1444 finished with value: 0.5808680276311031 and parameters: {'max_depth': 9, 'min_child_weight': 3, 'gamma': 0.47611572347719133, 'subsample': 0.4697271437623848, 'colsample_bytree': 0.147762863525843, 'learning_rate': 0.04345608613508445, 'reg_alpha': 0.09862958987289427, 'reg_lambda': 0.00010479279265463123}. Best is trial 715 with value: 0.9377859576434285.
Trial 1441 finished with value: 0.8669697396183016 and parameters: {'max_depth': 8, 'min_child_weight': 5, 'gamma': 0.8620990233781445, 'subsample': 0.7504390972270414, 'colsample_bytree': 0.7531957561675185, 'learning_rate': 0.6616278260865718, 'reg_alpha': 1.702016999476527, 'reg_lambda': 0.05152612887096693}. Best is trial 715 with value: 0.9377859576434285.
Trial 1442 finished with value: -559869159275.4209 and parameters: {'max_depth': 10, 'min_child_weight': 3, 'gamma': 0.8496486359873242, 'subsample': 0.19637528619029299, 'colsample_bytree': 0.7562998111948039, 'learning_rate': 0.8543317054059779, 'reg_alpha': 4.700359813616031, 'reg_lambda': 0.03257298991041949}. Best is trial 715 with value: 0.9377859576434285.
Trial 1468 finished with value: -0.027205453573154126 and parameters: {'max_depth': 2, 'min_child_weight': 2, 'gamma': 0.9531963255494834, 'subsample': 0.24220153543696354, 'colsample_bytree': 0.7783901201735329, 'learning_rate': 0.6396708019112418, 'reg_alpha': 0.016688428958570107, 'reg_lambda': 0.18837282694849025}. Best is trial 715 with value: 0.9377859576434285.
Trial 1471 finished with value: -1.1124865088172754e+37 and parameters: {'max_depth': 6, 'min_child_weight': 1, 'gamma': 0.95991613000188, 'subsample': 0.022655810557975165, 'colsample_bytree': 0.18636616986082744, 'learning_rate': 0.9313371785617985, 'reg_alpha': 3.063866471717387, 'reg_lambda': 0.009266180615054546}. Best is trial 715 with value: 0.9377859576434285.
Trial 1462 finished with value: 0.7385121457872159 and parameters: {'max_depth': 4, 'min_child_weight': 4, 'gamma': 0.7316535055574502, 'subsample': 0.520903663005036, 'colsample_bytree': 0.6055593007897583, 'learning_rate': 0.590067877168616, 'reg_alpha': 0.01523461884982887, 'reg_lambda': 0.013367156303299708}. Best is trial 715 with value: 0.9377859576434285.
Trial 1460 finished with value: 0.568564604801827 and parameters: {'max_depth': 5, 'min_child_weight': 4, 'gamma': 0.8343047221623138, 'subsample': 0.17980875088843695, 'colsample_bytree': 0.5469682589973697, 'learning_rate': 0.14618248196589545, 'reg_alpha': 7.173407582056822, 'reg_lambda': 0.006644355280242856}. Best is trial 715 with value: 0.9377859576434285.
Trial 1454 finished with value: 0.05473893941194695 and parameters: {'max_depth': 6, 'min_child_weight': 2, 'gamma': 0.535897841060593, 'subsample': 0.13943510894830313, 'colsample_bytree': 0.835253301278982, 'learning_rate': 0.5668565422507162, 'reg_alpha': 0.7095394532485013, 'reg_lambda': 1.6527407659928184}. Best is trial 715 with value: 0.9377859576434285.
Trial 1456 finished with value: 0.665742386614081 and parameters: {'max_depth': 5, 'min_child_weight': 1, 'gamma': 0.17694644256660141, 'subsample': 0.36651442845677906, 'colsample_bytree': 0.3821050786172907, 'learning_rate': 0.577394490022476, 'reg_alpha': 0.5928263998720241, 'reg_lambda': 0.4452216823897008}. Best is trial 715 with value: 0.9377859576434285.
Trial 1464 finished with value: -23800.76637455654 and parameters: {'max_depth': 8, 'min_child_weight': 4, 'gamma': 0.012968830249891261, 'subsample': 0.10518575536509145, 'colsample_bytree': 0.6902270307793068, 'learning_rate': 0.7067676660561298, 'reg_alpha': 3.2221661181444543, 'reg_lambda': 0.00018622592099436924}. Best is trial 715 with value: 0.9377859576434285.
Trial 1463 finished with value: 0.8552935638971569 and parameters: {'max_depth': 4, 'min_child_weight': 1, 'gamma': 0.1713304217617012, 'subsample': 0.7027878779121726, 'colsample_bytree': 0.9859498544217979, 'learning_rate': 0.417632361415879, 'reg_alpha': 0.6403918787922213, 'reg_lambda': 2.6942401299258925}. Best is trial 715 with value: 0.9377859576434285.
Trial 1467 finished with value: 0.7772785091166676 and parameters: {'max_depth': 4, 'min_child_weight': 4, 'gamma': 0.9382781772864531, 'subsample': 0.9339472382326176, 'colsample_bytree': 0.3846170837926852, 'learning_rate': 0.701331280920636, 'reg_alpha': 0.00012476568884559956, 'reg_lambda': 0.039026403807872846}. Best is trial 715 with value: 0.9377859576434285.
Trial 1481 finished with value: -6.4981650089463905 and parameters: {'max_depth': 6, 'min_child_weight': 3, 'gamma': 0.22447939616184276, 'subsample': 0.002263609855494453, 'colsample_bytree': 0.3296484391518142, 'learning_rate': 0.8698037247835301, 'reg_alpha': 0.621583699206041, 'reg_lambda': 0.0020641683484113778}. Best is trial 715 with value: 0.9377859576434285.
Trial 1431 finished with value: 0.8819537195921561 and parameters: {'max_depth': 10, 'min_child_weight': 1, 'gamma': 0.3546095056639147, 'subsample': 0.8963754302420671, 'colsample_bytree': 0.6145828435823282, 'learning_rate': 0.3585738393495145, 'reg_alpha': 0.0006425109741729542, 'reg_lambda': 0.0003213052717868855}. Best is trial 715 with value: 0.9377859576434285.
Trial 1451 finished with value: 0.8739252187541586 and parameters: {'max_depth': 7, 'min_child_weight': 5, 'gamma': 0.878630407563969, 'subsample': 0.7428167774437916, 'colsample_bytree': 0.41436856514490616, 'learning_rate': 0.6568286826822524, 'reg_alpha': 0.00014622692407087316, 'reg_lambda': 0.006827965851064454}. Best is trial 715 with value: 0.9377859576434285.
Trial 1457 finished with value: 0.8761526224690104 and parameters: {'max_depth': 6, 'min_child_weight': 2, 'gamma': 0.24746298392442145, 'subsample': 0.9287200941498326, 'colsample_bytree': 0.3571361080095137, 'learning_rate': 0.5004865446009047, 'reg_alpha': 0.01563197217458547, 'reg_lambda': 0.0038657307052256218}. Best is trial 715 with value: 0.9377859576434285.
Trial 1476 finished with value: -1.1295932794896084 and parameters: {'max_depth': 3, 'min_child_weight': 1, 'gamma': 0.4034336103013567, 'subsample': 0.2278239766027912, 'colsample_bytree': 0.532094661780337, 'learning_rate': 0.7551377827851387, 'reg_alpha': 0.00544671142899926, 'reg_lambda': 0.5224871169975405}. Best is trial 715 with value: 0.9377859576434285.
Trial 1482 finished with value: 0.09662939710675833 and parameters: {'max_depth': 7, 'min_child_weight': 3, 'gamma': 0.21945687677153702, 'subsample': 0.017533795344774172, 'colsample_bytree': 0.6293152016759705, 'learning_rate': 0.11617939168621738, 'reg_alpha': 0.0018110326608243856, 'reg_lambda': 0.0025326087912652985}. Best is trial 715 with value: 0.9377859576434285.
Trial 1477 finished with value: -0.04240683410347161 and parameters: {'max_depth': 3, 'min_child_weight': 5, 'gamma': 0.9434018342337763, 'subsample': 0.3487519577409962, 'colsample_bytree': 0.9026389474493306, 'learning_rate': 0.8193613129615308, 'reg_alpha': 0.09405333924389177, 'reg_lambda': 0.0001139099078100711}. Best is trial 715 with value: 0.9377859576434285.
Trial 1455 finished with value: 0.8640173893174975 and parameters: {'max_depth': 10, 'min_child_weight': 4, 'gamma': 0.8191698843365062, 'subsample': 0.7051190141688745, 'colsample_bytree': 0.5407321469396819, 'learning_rate': 0.16830455979365644, 'reg_alpha': 4.151554390725728, 'reg_lambda': 1.4451241806299762}. Best is trial 715 with value: 0.9377859576434285.
Trial 1470 finished with value: 0.8828650883766657 and parameters: {'max_depth': 5, 'min_child_weight': 3, 'gamma': 0.2245987209262359, 'subsample': 0.9495996474833704, 'colsample_bytree': 0.9185369295611059, 'learning_rate': 0.4991052881063708, 'reg_alpha': 2.273579542654934, 'reg_lambda': 0.15609320626204218}. Best is trial 715 with value: 0.9377859576434285.
Trial 1487 finished with value: 0.4751192445941113 and parameters: {'max_depth': 2, 'min_child_weight': 1, 'gamma': 0.977011694368206, 'subsample': 0.7027257581770533, 'colsample_bytree': 0.9017886421830723, 'learning_rate': 0.2697377455313319, 'reg_alpha': 0.0003737649364901102, 'reg_lambda': 0.47579633752436457}. Best is trial 715 with value: 0.9377859576434285.
Trial 1483 finished with value: -1.7035178083464404 and parameters: {'max_depth': 6, 'min_child_weight': 3, 'gamma': 0.8595604189406839, 'subsample': 0.03420923404245535, 'colsample_bytree': 0.4475853199757265, 'learning_rate': 0.39690855319639706, 'reg_alpha': 1.2161348231746607, 'reg_lambda': 0.049888588343190036}. Best is trial 715 with value: 0.9377859576434285.
Trial 1493 finished with value: -0.35010444343592767 and parameters: {'max_depth': 10, 'min_child_weight': 5, 'gamma': 0.20108718638939627, 'subsample': 0.016131722857375075, 'colsample_bytree': 0.6255363537944961, 'learning_rate': 0.3049374927223336, 'reg_alpha': 0.013614426825284279, 'reg_lambda': 7.797163237458081}. Best is trial 715 with value: 0.9377859576434285.
Trial 1488 finished with value: -0.02855497880367298 and parameters: {'max_depth': 9, 'min_child_weight': 2, 'gamma': 0.6267102733766258, 'subsample': 0.019066940930744902, 'colsample_bytree': 0.01678164715955799, 'learning_rate': 0.03315908128181011, 'reg_alpha': 0.003173096128898705, 'reg_lambda': 0.004867358018401506}. Best is trial 715 with value: 0.9377859576434285.
Trial 1484 finished with value: 0.6424368065983155 and parameters: {'max_depth': 3, 'min_child_weight': 3, 'gamma': 0.1997829732672729, 'subsample': 0.9556833511316248, 'colsample_bytree': 0.3288440570997715, 'learning_rate': 0.3527635792967714, 'reg_alpha': 0.0004893610076883692, 'reg_lambda': 0.18129348496116332}. Best is trial 715 with value: 0.9377859576434285.
