Trial 3760 finished with value: 0.8998768842125353 and parameters: {'max_depth': 9, 'min_child_weight': 5, 'gamma': 0.5678818294217223, 'subsample': 0.63311104301672, 'colsample_bytree': 0.7221335495134571, 'learning_rate': 0.7937876178143313, 'reg_alpha': 0.0043975222556155436, 'reg_lambda': 0.1696190753730743}. Best is trial 3619 with value: 0.9384500514029486.
Trial 3802 finished with value: -4.536965710191458 and parameters: {'max_depth': 1, 'min_child_weight': 4, 'gamma': 0.45501514317333125, 'subsample': 0.058329565052828714, 'colsample_bytree': 0.8038248936892154, 'learning_rate': 0.98767599707758, 'reg_alpha': 0.030036152712895104, 'reg_lambda': 0.00020449480987050778}. Best is trial 3619 with value: 0.9384500514029486.
Trial 3772 finished with value: 0.6333968861958946 and parameters: {'max_depth': 8, 'min_child_weight': 3, 'gamma': 0.6231442509950249, 'subsample': 0.22331448223553818, 'colsample_bytree': 0.761555314783217, 'learning_rate': 0.355932650908811, 'reg_alpha': 0.00011049442842118721, 'reg_lambda': 0.008367253080799188}. Best is trial 3619 with value: 0.9384500514029486.
Trial 3792 finished with value: 0.28486632587051347 and parameters: {'max_depth': 3, 'min_child_weight': 4, 'gamma': 0.40256652212294775, 'subsample': 0.31548851438599024, 'colsample_bytree': 0.3058089606544613, 'learning_rate': 0.9591566287502966, 'reg_alpha': 0.02727476667564853, 'reg_lambda': 3.9814633058318423}. Best is trial 3619 with value: 0.9384500514029486.
Trial 3786 finished with value: 0.6569885549771877 and parameters: {'max_depth': 5, 'min_child_weight': 5, 'gamma': 0.9099396779317578, 'subsample': 0.6275939231032115, 'colsample_bytree': 0.22456401811373128, 'learning_rate': 0.8879556884206301, 'reg_alpha': 0.0005997018601235477, 'reg_lambda': 1.57873931533998}. Best is trial 3619 with value: 0.9384500514029486.
Trial 3789 finished with value: 0.28158818216260845 and parameters: {'max_depth': 4, 'min_child_weight': 5, 'gamma': 0.4511878383516803, 'subsample': 0.27426791666553174, 'colsample_bytree': 0.46587288129068916, 'learning_rate': 0.5745833587591377, 'reg_alpha': 0.03946768412731562, 'reg_lambda': 0.013494547882658076}. Best is trial 3619 with value: 0.9384500514029486.
Trial 3776 finished with value: 0.7643784471990174 and parameters: {'max_depth': 9, 'min_child_weight': 4, 'gamma': 0.2574622333235633, 'subsample': 0.392105925559728, 'colsample_bytree': 0.36573047198995556, 'learning_rate': 0.18241145138191073, 'reg_alpha': 0.005663397604815704, 'reg_lambda': 0.09825991760262277}. Best is trial 3619 with value: 0.9384500514029486.
Trial 3779 finished with value: 0.7777921318375208 and parameters: {'max_depth': 8, 'min_child_weight': 4, 'gamma': 0.03508821119129413, 'subsample': 0.28256410393761167, 'colsample_bytree': 0.845222968607455, 'learning_rate': 0.14497764174685934, 'reg_alpha': 1.0642920199912886, 'reg_lambda': 0.0005336663778295653}. Best is trial 3619 with value: 0.9384500514029486.
Trial 3788 finished with value: 0.20481864590613574 and parameters: {'max_depth': 8, 'min_child_weight': 4, 'gamma': 0.28932659891927837, 'subsample': 0.38350301354136296, 'colsample_bytree': 0.11508889247495713, 'learning_rate': 0.7872820528718997, 'reg_alpha': 0.00010146414847101115, 'reg_lambda': 0.24842933393086442}. Best is trial 3619 with value: 0.9384500514029486.
Trial 3795 finished with value: 0.6936545332895345 and parameters: {'max_depth': 4, 'min_child_weight': 1, 'gamma': 0.026648216426535587, 'subsample': 0.5931480992638756, 'colsample_bytree': 0.38662934537538296, 'learning_rate': 0.7223293307792712, 'reg_alpha': 1.5218868245441257, 'reg_lambda': 0.3879445065029364}. Best is trial 3619 with value: 0.9384500514029486.
Trial 3777 finished with value: 0.799291397707462 and parameters: {'max_depth': 7, 'min_child_weight': 5, 'gamma': 0.7281838309740392, 'subsample': 0.5385278632429411, 'colsample_bytree': 0.8598290091697772, 'learning_rate': 0.8973522681808553, 'reg_alpha': 0.008932653707209668, 'reg_lambda': 1.3266091604347643}. Best is trial 3619 with value: 0.9384500514029486.
Trial 3807 finished with value: -3.4907114044781453 and parameters: {'max_depth': 9, 'min_child_weight': 4, 'gamma': 0.44361476453784787, 'subsample': 0.013423520965036073, 'colsample_bytree': 0.3026076262171674, 'learning_rate': 0.7981197527776336, 'reg_alpha': 0.00013400901744586922, 'reg_lambda': 0.005042435429543081}. Best is trial 3619 with value: 0.9384500514029486.
Trial 3785 finished with value: 0.7522333848693907 and parameters: {'max_depth': 7, 'min_child_weight': 5, 'gamma': 0.38641001845174716, 'subsample': 0.9244911436842642, 'colsample_bytree': 0.26971304566953613, 'learning_rate': 0.0791246803084803, 'reg_alpha': 0.46950233247822226, 'reg_lambda': 0.0005068800073818661}. Best is trial 3619 with value: 0.9384500514029486.
Trial 3778 finished with value: 0.852170534896994 and parameters: {'max_depth': 10, 'min_child_weight': 4, 'gamma': 0.5033265827530604, 'subsample': 0.9339098373609233, 'colsample_bytree': 0.23584606887999582, 'learning_rate': 0.5583175911108834, 'reg_alpha': 0.00044859608249498507, 'reg_lambda': 0.5510343671878697}. Best is trial 3619 with value: 0.9384500514029486.
Trial 3801 finished with value: 0.060612856475235156 and parameters: {'max_depth': 8, 'min_child_weight': 1, 'gamma': 0.31145003720607967, 'subsample': 0.807187823617506, 'colsample_bytree': 0.0892738073778081, 'learning_rate': 0.8097698140202645, 'reg_alpha': 0.002718625377173142, 'reg_lambda': 2.9445552683340974}. Best is trial 3619 with value: 0.9384500514029486.
Trial 3793 finished with value: 0.6566636069957118 and parameters: {'max_depth': 6, 'min_child_weight': 4, 'gamma': 0.1021743830180909, 'subsample': 0.5887926261219179, 'colsample_bytree': 0.17330644429656383, 'learning_rate': 0.28395275803872533, 'reg_alpha': 0.005110794001380614, 'reg_lambda': 0.043621263335196475}. Best is trial 3619 with value: 0.9384500514029486.
Trial 3790 finished with value: 0.6149953256019938 and parameters: {'max_depth': 10, 'min_child_weight': 5, 'gamma': 0.9207257675141217, 'subsample': 0.2525240727108927, 'colsample_bytree': 0.35904237732129096, 'learning_rate': 0.1562345110997594, 'reg_alpha': 0.000873846050658807, 'reg_lambda': 0.00016956850239923085}. Best is trial 3619 with value: 0.9384500514029486.
Trial 3782 finished with value: 0.8996106099201715 and parameters: {'max_depth': 8, 'min_child_weight': 2, 'gamma': 0.3138690354640036, 'subsample': 0.5878641136574967, 'colsample_bytree': 0.5611902124131679, 'learning_rate': 0.1687839337937519, 'reg_alpha': 0.06705429478758634, 'reg_lambda': 4.013880014888349}. Best is trial 3619 with value: 0.9384500514029486.
Trial 3794 finished with value: 0.019696927901936077 and parameters: {'max_depth': 6, 'min_child_weight': 2, 'gamma': 0.9855571646184258, 'subsample': 0.3681444884635532, 'colsample_bytree': 0.29398847839535014, 'learning_rate': 0.7669327140412966, 'reg_alpha': 0.00032251329720541335, 'reg_lambda': 0.05002571146894217}. Best is trial 3619 with value: 0.9384500514029486.
Trial 3799 finished with value: 0.4714781632531768 and parameters: {'max_depth': 5, 'min_child_weight': 2, 'gamma': 0.49411876356904716, 'subsample': 0.14463047926725492, 'colsample_bytree': 0.5888110273811917, 'learning_rate': 0.34372574427716185, 'reg_alpha': 4.946132474845635, 'reg_lambda': 0.000368596467118067}. Best is trial 3619 with value: 0.9384500514029486.
Trial 3810 finished with value: -78.53801488205391 and parameters: {'max_depth': 2, 'min_child_weight': 3, 'gamma': 0.5017780283453551, 'subsample': 0.05262679974508033, 'colsample_bytree': 0.8666388690261728, 'learning_rate': 0.00017228883526709815, 'reg_alpha': 0.00011803312620113431, 'reg_lambda': 0.0005010349874149}. Best is trial 3619 with value: 0.9384500514029486.
Trial 3814 finished with value: 0.4358673712144574 and parameters: {'max_depth': 2, 'min_child_weight': 1, 'gamma': 0.6724076939405917, 'subsample': 0.3695625504554695, 'colsample_bytree': 0.5258777108303366, 'learning_rate': 0.39492641409962004, 'reg_alpha': 0.00011279470076751643, 'reg_lambda': 3.4780441973346954}. Best is trial 3619 with value: 0.9384500514029486.
Trial 3820 finished with value: -7.688499141306204 and parameters: {'max_depth': 4, 'min_child_weight': 5, 'gamma': 0.011629361490647638, 'subsample': 0.016753342791718806, 'colsample_bytree': 0.2714553727663588, 'learning_rate': 0.7530760085011066, 'reg_alpha': 0.03663214564792679, 'reg_lambda': 0.007270691699273924}. Best is trial 3619 with value: 0.9384500514029486.
Trial 3811 finished with value: 0.5760477231289386 and parameters: {'max_depth': 3, 'min_child_weight': 4, 'gamma': 0.6592731679547199, 'subsample': 0.9177956959959757, 'colsample_bytree': 0.2173200904753776, 'learning_rate': 0.28877433907597483, 'reg_alpha': 5.898419627584196, 'reg_lambda': 0.010920892156988604}. Best is trial 3619 with value: 0.9384500514029486.
Trial 3822 finished with value: 0.0807013609758721 and parameters: {'max_depth': 1, 'min_child_weight': 3, 'gamma': 0.5383281783827119, 'subsample': 0.3786528137034403, 'colsample_bytree': 0.6958728569949987, 'learning_rate': 0.3178212639897563, 'reg_alpha': 0.0001753903552955611, 'reg_lambda': 0.03865967466120577}. Best is trial 3619 with value: 0.9384500514029486.
Trial 3805 finished with value: 0.7116268802926558 and parameters: {'max_depth': 5, 'min_child_weight': 2, 'gamma': 0.7471393457295197, 'subsample': 0.34110622071024244, 'colsample_bytree': 0.3316265196898338, 'learning_rate': 0.4250260644658158, 'reg_alpha': 6.434467083462315, 'reg_lambda': 4.941528897591398}. Best is trial 3619 with value: 0.9384500514029486.
Trial 3819 finished with value: 0.47278018826476664 and parameters: {'max_depth': 2, 'min_child_weight': 5, 'gamma': 0.8788354996210579, 'subsample': 0.6398230908640831, 'colsample_bytree': 0.948867838423377, 'learning_rate': 0.41843480587169013, 'reg_alpha': 0.009147054867796569, 'reg_lambda': 2.5789136435869833}. Best is trial 3619 with value: 0.9384500514029486.
Trial 3806 finished with value: 0.5806841758271513 and parameters: {'max_depth': 5, 'min_child_weight': 5, 'gamma': 0.4370833043428035, 'subsample': 0.24979010873876362, 'colsample_bytree': 0.6641371552795109, 'learning_rate': 0.3472556868863753, 'reg_alpha': 3.178060714782666, 'reg_lambda': 0.09720265085624809}. Best is trial 3619 with value: 0.9384500514029486.
Trial 3817 finished with value: 0.6756626534495069 and parameters: {'max_depth': 3, 'min_child_weight': 3, 'gamma': 0.48359663227053107, 'subsample': 0.864137042140407, 'colsample_bytree': 0.4156640011552415, 'learning_rate': 0.6046533279254449, 'reg_alpha': 0.007325241065995859, 'reg_lambda': 0.5255309578913081}. Best is trial 3619 with value: 0.9384500514029486.
Trial 3798 finished with value: 0.38057205396469496 and parameters: {'max_depth': 10, 'min_child_weight': 1, 'gamma': 0.3247164285038373, 'subsample': 0.08736978011096308, 'colsample_bytree': 0.4823664643628053, 'learning_rate': 0.20201229117557962, 'reg_alpha': 0.0012317485593649207, 'reg_lambda': 0.05248195581475677}. Best is trial 3619 with value: 0.9384500514029486.
Trial 3797 finished with value: 0.8454562980201741 and parameters: {'max_depth': 9, 'min_child_weight': 2, 'gamma': 0.5707556611467309, 'subsample': 0.5743003291168653, 'colsample_bytree': 0.23791034199933203, 'learning_rate': 0.3401707647849317, 'reg_alpha': 0.0012926105699130061, 'reg_lambda': 0.004990504095776779}. Best is trial 3619 with value: 0.9384500514029486.
Trial 3816 finished with value: 0.06584209284852698 and parameters: {'max_depth': 8, 'min_child_weight': 3, 'gamma': 0.8831683349378094, 'subsample': 0.6142648736782598, 'colsample_bytree': 0.016027821335952264, 'learning_rate': 0.3707089340619196, 'reg_alpha': 1.5530872114479748, 'reg_lambda': 0.031021162255481998}. Best is trial 3619 with value: 0.9384500514029486.
Trial 3796 finished with value: 0.932234544627716 and parameters: {'max_depth': 9, 'min_child_weight': 2, 'gamma': 0.6136250181778036, 'subsample': 0.7245302212007477, 'colsample_bytree': 0.6700823127654748, 'learning_rate': 0.8633438105079172, 'reg_alpha': 0.855287395968305, 'reg_lambda': 0.0011616383860846723}. Best is trial 3619 with value: 0.9384500514029486.
Trial 3800 finished with value: 0.8990037481755276 and parameters: {'max_depth': 10, 'min_child_weight': 1, 'gamma': 0.9217543359051682, 'subsample': 0.4543649845256852, 'colsample_bytree': 0.6167701764869776, 'learning_rate': 0.5537724025560323, 'reg_alpha': 2.841328564493135, 'reg_lambda': 0.4529972957857768}. Best is trial 3619 with value: 0.9384500514029486.
Trial 3823 finished with value: 0.419798077693086 and parameters: {'max_depth': 3, 'min_child_weight': 1, 'gamma': 0.9334540583085728, 'subsample': 0.23981754554196566, 'colsample_bytree': 0.12316578257609567, 'learning_rate': 0.1507613176149183, 'reg_alpha': 0.8581340754179783, 'reg_lambda': 0.34547882956587633}. Best is trial 3619 with value: 0.9384500514029486.
Trial 3804 finished with value: 0.8671950257144074 and parameters: {'max_depth': 9, 'min_child_weight': 4, 'gamma': 0.18922093667777518, 'subsample': 0.5454048855540156, 'colsample_bytree': 0.6911149938792919, 'learning_rate': 0.7829645785529668, 'reg_alpha': 4.8998479816160465, 'reg_lambda': 1.3926201348377563}. Best is trial 3619 with value: 0.9384500514029486.
Trial 3825 finished with value: 0.5943297113111989 and parameters: {'max_depth': 3, 'min_child_weight': 4, 'gamma': 0.37013962418574564, 'subsample': 0.29988696405224957, 'colsample_bytree': 0.8367381795104138, 'learning_rate': 0.1974483011529834, 'reg_alpha': 0.2739525170608917, 'reg_lambda': 1.8474713003351715}. Best is trial 3619 with value: 0.9384500514029486.
Trial 3808 finished with value: 0.7520622948576999 and parameters: {'max_depth': 9, 'min_child_weight': 3, 'gamma': 0.536762698351056, 'subsample': 0.4365460830961859, 'colsample_bytree': 0.24651830933827223, 'learning_rate': 0.15925862599445428, 'reg_alpha': 2.6403972950686003, 'reg_lambda': 0.18143572892128054}. Best is trial 3619 with value: 0.9384500514029486.
Trial 3815 finished with value: 0.8862268517796491 and parameters: {'max_depth': 5, 'min_child_weight': 2, 'gamma': 0.16479648772655542, 'subsample': 0.9527514054489863, 'colsample_bytree': 0.5055387086281607, 'learning_rate': 0.9136634981856175, 'reg_alpha': 0.00018184947886566914, 'reg_lambda': 0.007138727486367886}. Best is trial 3619 with value: 0.9384500514029486.
Trial 3839 finished with value: 0.06760601552778508 and parameters: {'max_depth': 1, 'min_child_weight': 5, 'gamma': 0.8137619099309663, 'subsample': 0.4914751885869654, 'colsample_bytree': 0.23178204712888895, 'learning_rate': 0.5162020992995591, 'reg_alpha': 0.11619662081564912, 'reg_lambda': 0.004766801454802294}. Best is trial 3619 with value: 0.9384500514029486.
Trial 3809 finished with value: 0.8778213446826395 and parameters: {'max_depth': 8, 'min_child_weight': 5, 'gamma': 0.22047304550488434, 'subsample': 0.9586077866828976, 'colsample_bytree': 0.349243112593286, 'learning_rate': 0.7839112728034824, 'reg_alpha': 0.002821163941289587, 'reg_lambda': 1.5045520211645034}. Best is trial 3619 with value: 0.9384500514029486.
Trial 3813 finished with value: 0.9101106646031747 and parameters: {'max_depth': 8, 'min_child_weight': 1, 'gamma': 0.46116705525857904, 'subsample': 0.6952625941768833, 'colsample_bytree': 0.978042259510994, 'learning_rate': 0.3830071457116391, 'reg_alpha': 4.092869207871713, 'reg_lambda': 0.06759819850475245}. Best is trial 3619 with value: 0.9384500514029486.
Trial 3818 finished with value: 0.6206263795974789 and parameters: {'max_depth': 10, 'min_child_weight': 5, 'gamma': 0.8463432162310844, 'subsample': 0.4731240366366515, 'colsample_bytree': 0.15539355546942657, 'learning_rate': 0.52116482743094, 'reg_alpha': 2.0426967448027242, 'reg_lambda': 0.009536115006169322}. Best is trial 3619 with value: 0.9384500514029486.
Trial 3803 finished with value: 0.8941489997644236 and parameters: {'max_depth': 8, 'min_child_weight': 3, 'gamma': 0.386463416268366, 'subsample': 0.8549319583959208, 'colsample_bytree': 0.6423482388054756, 'learning_rate': 0.904727721927624, 'reg_alpha': 0.08728727481262144, 'reg_lambda': 0.01544413838043416}. Best is trial 3619 with value: 0.9384500514029486.
Trial 3833 finished with value: 0.09176349899210434 and parameters: {'max_depth': 5, 'min_child_weight': 5, 'gamma': 0.9656091333590666, 'subsample': 0.9915965867528106, 'colsample_bytree': 0.07213066255356981, 'learning_rate': 0.6578745727391131, 'reg_alpha': 0.027894272620605585, 'reg_lambda': 0.0839356252345219}. Best is trial 3619 with value: 0.9384500514029486.
Trial 3844 finished with value: -0.3127826274618998 and parameters: {'max_depth': 1, 'min_child_weight': 1, 'gamma': 0.42306832355630686, 'subsample': 0.20862849520915117, 'colsample_bytree': 0.654559782512606, 'learning_rate': 0.9523052158950966, 'reg_alpha': 0.0011593057124633527, 'reg_lambda': 0.09825025060309382}. Best is trial 3619 with value: 0.9384500514029486.
Trial 3821 finished with value: -100.07357387563681 and parameters: {'max_depth': 6, 'min_child_weight': 3, 'gamma': 0.6542577745308075, 'subsample': 0.3198976185109528, 'colsample_bytree': 0.4477382727713385, 'learning_rate': 0.9059891703938546, 'reg_alpha': 0.11512792315098175, 'reg_lambda': 0.005633436305620274}. Best is trial 3619 with value: 0.9384500514029486.
Trial 3834 finished with value: 0.06398528076214806 and parameters: {'max_depth': 7, 'min_child_weight': 5, 'gamma': 0.8296202925178797, 'subsample': 0.8112955922702519, 'colsample_bytree': 0.07487046069225134, 'learning_rate': 0.6752358354736835, 'reg_alpha': 0.0022863194868801757, 'reg_lambda': 0.43793852348512863}. Best is trial 3619 with value: 0.9384500514029486.
Trial 3846 finished with value: 0.026052950830898657 and parameters: {'max_depth': 1, 'min_child_weight': 2, 'gamma': 0.3375941742268148, 'subsample': 0.21073370772543043, 'colsample_bytree': 0.42554841330708015, 'learning_rate': 0.28637859612764593, 'reg_alpha': 9.819653712218049, 'reg_lambda': 0.1678872450035936}. Best is trial 3619 with value: 0.9384500514029486.
Trial 3826 finished with value: 0.8999639979435603 and parameters: {'max_depth': 5, 'min_child_weight': 4, 'gamma': 0.6487987496221752, 'subsample': 0.7496038357449312, 'colsample_bytree': 0.829342592609552, 'learning_rate': 0.603964326718326, 'reg_alpha': 0.022413567891901756, 'reg_lambda': 0.27268204032600274}. Best is trial 3619 with value: 0.9384500514029486.
Trial 3837 finished with value: 0.0774741380966499 and parameters: {'max_depth': 10, 'min_child_weight': 1, 'gamma': 0.27415897829057223, 'subsample': 0.5983943881886062, 'colsample_bytree': 0.021572669938791367, 'learning_rate': 0.23546180636255232, 'reg_alpha': 0.005503142200764854, 'reg_lambda': 0.00017183571367606186}. Best is trial 3619 with value: 0.9384500514029486.
Trial 3824 finished with value: 0.7477505601790586 and parameters: {'max_depth': 9, 'min_child_weight': 3, 'gamma': 0.7762999441756442, 'subsample': 0.17782683904790175, 'colsample_bytree': 0.9585701048925706, 'learning_rate': 0.290758333710053, 'reg_alpha': 0.008915745193421023, 'reg_lambda': 0.010179949156497552}. Best is trial 3619 with value: 0.9384500514029486.
Trial 3845 finished with value: -1143138.4197603336 and parameters: {'max_depth': 2, 'min_child_weight': 2, 'gamma': 0.9371696472379211, 'subsample': 0.06768708113973132, 'colsample_bytree': 0.15966187948736865, 'learning_rate': 0.9034470538615165, 'reg_alpha': 0.0003109196722096219, 'reg_lambda': 0.004910249267918317}. Best is trial 3619 with value: 0.9384500514029486.
Trial 3832 finished with value: 0.6395615741450555 and parameters: {'max_depth': 6, 'min_child_weight': 5, 'gamma': 0.49780393834660297, 'subsample': 0.27909074211687956, 'colsample_bytree': 0.37076437872793055, 'learning_rate': 0.2132619880437856, 'reg_alpha': 1.8480890808674049, 'reg_lambda': 0.5270147842110582}. Best is trial 3619 with value: 0.9384500514029486.
Trial 3835 finished with value: 0.7115495364884822 and parameters: {'max_depth': 5, 'min_child_weight': 5, 'gamma': 0.1721807560483809, 'subsample': 0.5347443825952384, 'colsample_bytree': 0.4229244825537892, 'learning_rate': 0.08767639294828511, 'reg_alpha': 2.5303083648106304, 'reg_lambda': 0.13892290349091257}. Best is trial 3619 with value: 0.9384500514029486.
Trial 3831 finished with value: -5.672250885808173 and parameters: {'max_depth': 8, 'min_child_weight': 4, 'gamma': 0.5886496151843276, 'subsample': 0.26836785378286776, 'colsample_bytree': 0.4668266371710096, 'learning_rate': 0.9511820197008376, 'reg_alpha': 0.004071034088435447, 'reg_lambda': 1.42358368212638}. Best is trial 3619 with value: 0.9384500514029486.
Trial 3828 finished with value: 0.7172691297888357 and parameters: {'max_depth': 9, 'min_child_weight': 4, 'gamma': 0.11958946410592419, 'subsample': 0.614436967748179, 'colsample_bytree': 0.24263308119962623, 'learning_rate': 0.7951914471782419, 'reg_alpha': 0.010930319857978337, 'reg_lambda': 0.00021285964137911445}. Best is trial 3619 with value: 0.9384500514029486.
Trial 3829 finished with value: 0.8446275685965359 and parameters: {'max_depth': 8, 'min_child_weight': 2, 'gamma': 0.29569856055236365, 'subsample': 0.4194618896679051, 'colsample_bytree': 0.38263942289194275, 'learning_rate': 0.29409413266727513, 'reg_alpha': 1.6370002925507459, 'reg_lambda': 0.27103817806934405}. Best is trial 3619 with value: 0.9384500514029486.
Trial 3830 finished with value: 0.8535759535415177 and parameters: {'max_depth': 8, 'min_child_weight': 4, 'gamma': 0.012849091444261829, 'subsample': 0.42759945940669186, 'colsample_bytree': 0.9764579194223866, 'learning_rate': 0.1440481330545207, 'reg_alpha': 6.417727629157351, 'reg_lambda': 0.00013350644856330527}. Best is trial 3619 with value: 0.9384500514029486.
