Trial 2549 finished with value: 0.7459118743911828 and parameters: {'max_depth': 3, 'min_child_weight': 1, 'gamma': 0.977704907815901, 'subsample': 0.9685608911977599, 'colsample_bytree': 0.9335905551994557, 'learning_rate': 0.4702116057372583, 'reg_alpha': 0.20195891162895951, 'reg_lambda': 5.850107265482237}. Best is trial 715 with value: 0.9377859576434285.
Trial 2528 finished with value: 0.8135887972676994 and parameters: {'max_depth': 8, 'min_child_weight': 5, 'gamma': 0.14722216173707847, 'subsample': 0.9713753324781536, 'colsample_bytree': 0.8029486176318733, 'learning_rate': 0.011416829354941593, 'reg_alpha': 1.7260762546662238, 'reg_lambda': 0.1073793718769892}. Best is trial 715 with value: 0.9377859576434285.
Trial 2529 finished with value: 0.8918113760413773 and parameters: {'max_depth': 9, 'min_child_weight': 3, 'gamma': 0.9490189380164937, 'subsample': 0.7327565573245711, 'colsample_bytree': 0.3358547093474765, 'learning_rate': 0.428655706930928, 'reg_alpha': 0.00040993148668275826, 'reg_lambda': 0.06112881447934786}. Best is trial 715 with value: 0.9377859576434285.
Trial 2542 finished with value: 0.7230364566529013 and parameters: {'max_depth': 6, 'min_child_weight': 2, 'gamma': 0.7638036900134292, 'subsample': 0.8027770513012015, 'colsample_bytree': 0.13748233436807067, 'learning_rate': 0.5589548281680421, 'reg_alpha': 0.2504641645972507, 'reg_lambda': 0.026920957895624608}. Best is trial 715 with value: 0.9377859576434285.
Trial 2551 finished with value: 0.00478744593192475 and parameters: {'max_depth': 10, 'min_child_weight': 4, 'gamma': 0.4205601270426722, 'subsample': 0.42645126225639285, 'colsample_bytree': 0.05253549678696201, 'learning_rate': 0.8581098502493453, 'reg_alpha': 0.0667130441468568, 'reg_lambda': 0.0003266332912991913}. Best is trial 715 with value: 0.9377859576434285.
Trial 2541 finished with value: 0.8410931564927362 and parameters: {'max_depth': 7, 'min_child_weight': 5, 'gamma': 0.9901519554670607, 'subsample': 0.9852466448805782, 'colsample_bytree': 0.31635818703949947, 'learning_rate': 0.259555816793854, 'reg_alpha': 0.875596940375274, 'reg_lambda': 0.0001399985245254254}. Best is trial 715 with value: 0.9377859576434285.
Trial 2559 finished with value: 0.4539315840868497 and parameters: {'max_depth': 2, 'min_child_weight': 1, 'gamma': 0.9121446034273055, 'subsample': 0.7103717584101512, 'colsample_bytree': 0.6174620635167287, 'learning_rate': 0.49409525572620916, 'reg_alpha': 4.9331011501286195, 'reg_lambda': 0.04358588361708549}. Best is trial 715 with value: 0.9377859576434285.
Trial 2556 finished with value: 0.17626752797364814 and parameters: {'max_depth': 3, 'min_child_weight': 3, 'gamma': 0.896376521149234, 'subsample': 0.14177118711104675, 'colsample_bytree': 0.7841391784728535, 'learning_rate': 0.3144054069578147, 'reg_alpha': 0.0053310769390368514, 'reg_lambda': 0.0729962084588468}. Best is trial 715 with value: 0.9377859576434285.
Trial 2545 finished with value: 0.2222183950942622 and parameters: {'max_depth': 10, 'min_child_weight': 3, 'gamma': 0.39554384230398976, 'subsample': 0.42280639381149276, 'colsample_bytree': 0.1312738444944851, 'learning_rate': 0.7967372521241803, 'reg_alpha': 0.00013530257830371935, 'reg_lambda': 0.15541312552007178}. Best is trial 715 with value: 0.9377859576434285.
Trial 2552 finished with value: -5.031177181918034 and parameters: {'max_depth': 5, 'min_child_weight': 2, 'gamma': 0.22520251937295543, 'subsample': 0.1748364636353681, 'colsample_bytree': 0.13986975527661105, 'learning_rate': 0.6532104122821126, 'reg_alpha': 0.0003887751554550002, 'reg_lambda': 0.05080609074404729}. Best is trial 715 with value: 0.9377859576434285.
Trial 2563 finished with value: -0.05276004962408518 and parameters: {'max_depth': 2, 'min_child_weight': 1, 'gamma': 0.6033150655629781, 'subsample': 0.35829589265024386, 'colsample_bytree': 0.11316591010387289, 'learning_rate': 0.9594923859828881, 'reg_alpha': 0.8318566869315813, 'reg_lambda': 0.02681164242524513}. Best is trial 715 with value: 0.9377859576434285.
Trial 2536 finished with value: 0.8478173526799527 and parameters: {'max_depth': 7, 'min_child_weight': 3, 'gamma': 0.030049684585104486, 'subsample': 0.4560159708069972, 'colsample_bytree': 0.5860847210934799, 'learning_rate': 0.14774243675582488, 'reg_alpha': 0.0023222491353799717, 'reg_lambda': 0.013039605414794226}. Best is trial 715 with value: 0.9377859576434285.
Trial 2554 finished with value: -34414.25673237185 and parameters: {'max_depth': 4, 'min_child_weight': 4, 'gamma': 0.12099439787001598, 'subsample': 0.25009339197309755, 'colsample_bytree': 0.9239928033480619, 'learning_rate': 0.9329552591159977, 'reg_alpha': 2.8470574404752735, 'reg_lambda': 0.0012203838736921406}. Best is trial 715 with value: 0.9377859576434285.
Trial 2571 finished with value: -0.1364774638550611 and parameters: {'max_depth': 1, 'min_child_weight': 3, 'gamma': 0.5279843713348172, 'subsample': 0.10213805601857318, 'colsample_bytree': 0.4986857996608639, 'learning_rate': 0.41843248332144123, 'reg_alpha': 0.003665762633751634, 'reg_lambda': 0.008541337338058603}. Best is trial 715 with value: 0.9377859576434285.
Trial 2561 finished with value: 0.045909361696674235 and parameters: {'max_depth': 8, 'min_child_weight': 5, 'gamma': 0.5841755598790954, 'subsample': 0.4344809533556546, 'colsample_bytree': 0.06410042827517715, 'learning_rate': 0.6258334481648179, 'reg_alpha': 0.010640476180242603, 'reg_lambda': 2.830804696019059}. Best is trial 715 with value: 0.9377859576434285.
Trial 2560 finished with value: 0.6591451342205633 and parameters: {'max_depth': 4, 'min_child_weight': 2, 'gamma': 0.07440289157932589, 'subsample': 0.8194444637416152, 'colsample_bytree': 0.2722700459431805, 'learning_rate': 0.12261624602968779, 'reg_alpha': 0.34638808117432035, 'reg_lambda': 0.7886620750832373}. Best is trial 715 with value: 0.9377859576434285.
Trial 2537 finished with value: 0.8727331403040895 and parameters: {'max_depth': 8, 'min_child_weight': 3, 'gamma': 0.18521661770864783, 'subsample': 0.585194713905812, 'colsample_bytree': 0.6908943300044724, 'learning_rate': 0.5148382941648522, 'reg_alpha': 0.020469301468781363, 'reg_lambda': 0.0004558289326123837}. Best is trial 715 with value: 0.9377859576434285.
Trial 2532 finished with value: 0.914148557810555 and parameters: {'max_depth': 10, 'min_child_weight': 4, 'gamma': 0.3986232434818602, 'subsample': 0.6699478258565845, 'colsample_bytree': 0.9974065536899194, 'learning_rate': 0.3749231795264588, 'reg_alpha': 0.053240472639636036, 'reg_lambda': 1.2547094820679423}. Best is trial 715 with value: 0.9377859576434285.
Trial 2548 finished with value: 0.8782837023547214 and parameters: {'max_depth': 7, 'min_child_weight': 3, 'gamma': 0.7057296829425439, 'subsample': 0.5782598521231256, 'colsample_bytree': 0.8435592861542158, 'learning_rate': 0.09285558831546115, 'reg_alpha': 5.534622197602603, 'reg_lambda': 0.017225851726390254}. Best is trial 715 with value: 0.9377859576434285.
Trial 2576 finished with value: 0.32704813876322075 and parameters: {'max_depth': 2, 'min_child_weight': 1, 'gamma': 0.16521168780361983, 'subsample': 0.41207411741246003, 'colsample_bytree': 0.8416531875753375, 'learning_rate': 0.5487216930357484, 'reg_alpha': 0.23593617628332963, 'reg_lambda': 0.00031519019997312635}. Best is trial 715 with value: 0.9377859576434285.
Trial 2579 finished with value: 0.06207183121491011 and parameters: {'max_depth': 1, 'min_child_weight': 5, 'gamma': 0.9466180317727467, 'subsample': 0.5766319511235104, 'colsample_bytree': 0.03769398931269907, 'learning_rate': 0.39459762322898506, 'reg_alpha': 0.05335415971164721, 'reg_lambda': 0.05734034242113392}. Best is trial 715 with value: 0.9377859576434285.
Trial 2577 finished with value: -28.057127609696053 and parameters: {'max_depth': 6, 'min_child_weight': 5, 'gamma': 0.26864399300032504, 'subsample': 0.04749535188920173, 'colsample_bytree': 0.3833032068574117, 'learning_rate': 0.681828290915628, 'reg_alpha': 0.0006824642633439961, 'reg_lambda': 0.019057200997057516}. Best is trial 715 with value: 0.9377859576434285.
Trial 2573 finished with value: 0.09090662144046784 and parameters: {'max_depth': 6, 'min_child_weight': 2, 'gamma': 0.5327767312652584, 'subsample': 0.9817403657470933, 'colsample_bytree': 0.04844496949904986, 'learning_rate': 0.26496664118973934, 'reg_alpha': 6.51437789366281, 'reg_lambda': 0.0007125635217145439}. Best is trial 715 with value: 0.9377859576434285.
Trial 2567 finished with value: 0.7894651897614119 and parameters: {'max_depth': 4, 'min_child_weight': 4, 'gamma': 0.22127815271607854, 'subsample': 0.853654067389556, 'colsample_bytree': 0.41540757118192173, 'learning_rate': 0.7945108302006791, 'reg_alpha': 0.0026304856277794934, 'reg_lambda': 0.002826438733029251}. Best is trial 715 with value: 0.9377859576434285.
Trial 2565 finished with value: 0.8544811848086908 and parameters: {'max_depth': 4, 'min_child_weight': 4, 'gamma': 0.04183222704821732, 'subsample': 0.7358537311469086, 'colsample_bytree': 0.96541909939745, 'learning_rate': 0.8179166778404078, 'reg_alpha': 3.249875396140918, 'reg_lambda': 0.0008726867159002895}. Best is trial 715 with value: 0.9377859576434285.
Trial 2580 finished with value: 0.0530080878779016 and parameters: {'max_depth': 1, 'min_child_weight': 2, 'gamma': 0.011776005222605024, 'subsample': 0.5160052723457089, 'colsample_bytree': 0.18629743853705805, 'learning_rate': 0.4610267308469207, 'reg_alpha': 0.355552908579993, 'reg_lambda': 0.00014149086641112717}. Best is trial 715 with value: 0.9377859576434285.
Trial 2568 finished with value: 0.8495540357104 and parameters: {'max_depth': 4, 'min_child_weight': 3, 'gamma': 0.34744198580545305, 'subsample': 0.8265259030895505, 'colsample_bytree': 0.9081352828713568, 'learning_rate': 0.6419309786240264, 'reg_alpha': 0.005472550372463855, 'reg_lambda': 0.02634167095359887}. Best is trial 715 with value: 0.9377859576434285.
Trial 2566 finished with value: 0.5897462628662822 and parameters: {'max_depth': 5, 'min_child_weight': 5, 'gamma': 0.30615656927422763, 'subsample': 0.3278837748352651, 'colsample_bytree': 0.2867039613581813, 'learning_rate': 0.105564811088528, 'reg_alpha': 0.5018382121923809, 'reg_lambda': 0.011296498256771195}. Best is trial 715 with value: 0.9377859576434285.
Trial 2553 finished with value: 0.8714774760677594 and parameters: {'max_depth': 7, 'min_child_weight': 5, 'gamma': 0.6297098092908894, 'subsample': 0.7182312882558701, 'colsample_bytree': 0.5630918422184921, 'learning_rate': 0.18345042779388765, 'reg_alpha': 0.0003604098677699868, 'reg_lambda': 0.018133253377877294}. Best is trial 715 with value: 0.9377859576434285.
Trial 2557 finished with value: -0.031855722019012454 and parameters: {'max_depth': 9, 'min_child_weight': 3, 'gamma': 0.5129179501842157, 'subsample': 0.2543139408527162, 'colsample_bytree': 0.5287769325926189, 'learning_rate': 0.6849058656867453, 'reg_alpha': 8.41752451322298, 'reg_lambda': 0.014366611128968117}. Best is trial 715 with value: 0.9377859576434285.
Trial 2539 finished with value: 0.9178014354061428 and parameters: {'max_depth': 9, 'min_child_weight': 4, 'gamma': 0.9975981659665052, 'subsample': 0.847036823794494, 'colsample_bytree': 0.9367466609094235, 'learning_rate': 0.1688062194731248, 'reg_alpha': 0.01249462616518814, 'reg_lambda': 0.01481307413381527}. Best is trial 715 with value: 0.9377859576434285.
Trial 2578 finished with value: 0.6056241663625129 and parameters: {'max_depth': 3, 'min_child_weight': 1, 'gamma': 0.37696557868901315, 'subsample': 0.6478967399549675, 'colsample_bytree': 0.41489035645773586, 'learning_rate': 0.1710401494767273, 'reg_alpha': 4.292599803387684, 'reg_lambda': 0.0005889872610619632}. Best is trial 715 with value: 0.9377859576434285.
Trial 2587 finished with value: 0.07253612757727083 and parameters: {'max_depth': 1, 'min_child_weight': 3, 'gamma': 0.8417073472275777, 'subsample': 0.6163153644974526, 'colsample_bytree': 0.14010699700590257, 'learning_rate': 0.4343205010888097, 'reg_alpha': 0.000255800696875819, 'reg_lambda': 0.0032443208139281894}. Best is trial 715 with value: 0.9377859576434285.
Trial 2590 finished with value: 0.08651743431489636 and parameters: {'max_depth': 1, 'min_child_weight': 3, 'gamma': 0.6404960995815595, 'subsample': 0.793750084673983, 'colsample_bytree': 0.7760438669146971, 'learning_rate': 0.5449530125315838, 'reg_alpha': 0.0024851950248499814, 'reg_lambda': 1.5826319944145701}. Best is trial 715 with value: 0.9377859576434285.
Trial 2584 finished with value: 0.47797130064358867 and parameters: {'max_depth': 2, 'min_child_weight': 5, 'gamma': 0.6423583567618248, 'subsample': 0.8725786644395985, 'colsample_bytree': 0.630918047740672, 'learning_rate': 0.4766821416254974, 'reg_alpha': 2.367967682213693, 'reg_lambda': 3.7898192163819893}. Best is trial 715 with value: 0.9377859576434285.
Trial 2586 finished with value: 0.45665201052445425 and parameters: {'max_depth': 2, 'min_child_weight': 2, 'gamma': 0.9646243337131406, 'subsample': 0.6646062037029953, 'colsample_bytree': 0.31185443784090083, 'learning_rate': 0.3755205939686328, 'reg_alpha': 0.00015064484966773303, 'reg_lambda': 0.005510122220543031}. Best is trial 715 with value: 0.9377859576434285.
Trial 2589 finished with value: 0.434586306870113 and parameters: {'max_depth': 2, 'min_child_weight': 2, 'gamma': 0.2378697555416175, 'subsample': 0.9176064892448262, 'colsample_bytree': 0.46446314004704414, 'learning_rate': 0.05487273455774133, 'reg_alpha': 0.00032781497980009214, 'reg_lambda': 0.0008219533691576699}. Best is trial 715 with value: 0.9377859576434285.
Trial 2572 finished with value: 0.7245123784038627 and parameters: {'max_depth': 5, 'min_child_weight': 5, 'gamma': 0.19150104168563686, 'subsample': 0.6847637914644318, 'colsample_bytree': 0.8287356010749558, 'learning_rate': 0.0226606659057077, 'reg_alpha': 1.83822615026054, 'reg_lambda': 0.32773153457975945}. Best is trial 715 with value: 0.9377859576434285.
Trial 2569 finished with value: 0.7754665301435494 and parameters: {'max_depth': 6, 'min_child_weight': 4, 'gamma': 0.799008548900169, 'subsample': 0.3383021558220275, 'colsample_bytree': 0.7075777737647124, 'learning_rate': 0.09578516087112743, 'reg_alpha': 0.018074123602233316, 'reg_lambda': 0.001943744479095465}. Best is trial 715 with value: 0.9377859576434285.
Trial 2564 finished with value: 0.913536843767828 and parameters: {'max_depth': 6, 'min_child_weight': 2, 'gamma': 0.5882740296546787, 'subsample': 0.902463024478762, 'colsample_bytree': 0.8577467873960294, 'learning_rate': 0.975549168615381, 'reg_alpha': 0.04004823851520463, 'reg_lambda': 0.011346216065869537}. Best is trial 715 with value: 0.9377859576434285.
Trial 2562 finished with value: 0.8914900975852534 and parameters: {'max_depth': 8, 'min_child_weight': 1, 'gamma': 0.4147600688648031, 'subsample': 0.8180666347542107, 'colsample_bytree': 0.39255531659800835, 'learning_rate': 0.1564659085790956, 'reg_alpha': 0.08291584918570771, 'reg_lambda': 1.3139987367958923}. Best is trial 715 with value: 0.9377859576434285.
Trial 2595 finished with value: 0.08198147034723648 and parameters: {'max_depth': 2, 'min_child_weight': 3, 'gamma': 0.08057881936498201, 'subsample': 0.7525466202889686, 'colsample_bytree': 0.04331136238244204, 'learning_rate': 0.20129705255563834, 'reg_alpha': 0.069573432817894, 'reg_lambda': 0.0004510170789885533}. Best is trial 715 with value: 0.9377859576434285.
Trial 2575 finished with value: 0.5323715349820277 and parameters: {'max_depth': 9, 'min_child_weight': 2, 'gamma': 0.8674093367334976, 'subsample': 0.20800116999661133, 'colsample_bytree': 0.13862851183236524, 'learning_rate': 0.08544158856061168, 'reg_alpha': 0.05004410582791194, 'reg_lambda': 0.9191413569810377}. Best is trial 715 with value: 0.9377859576434285.
Trial 2574 finished with value: 0.658143134841667 and parameters: {'max_depth': 9, 'min_child_weight': 4, 'gamma': 0.6723801323833468, 'subsample': 0.372220820665633, 'colsample_bytree': 0.30781063466492287, 'learning_rate': 0.5924128862964269, 'reg_alpha': 0.315929206776432, 'reg_lambda': 0.0065818885977045345}. Best is trial 715 with value: 0.9377859576434285.
Trial 2558 finished with value: 0.8134754779338963 and parameters: {'max_depth': 10, 'min_child_weight': 3, 'gamma': 0.2840227145283257, 'subsample': 0.4290891479789489, 'colsample_bytree': 0.769846423203109, 'learning_rate': 0.7006142475034511, 'reg_alpha': 0.00024678139223646554, 'reg_lambda': 0.3375388642850672}. Best is trial 715 with value: 0.9377859576434285.
Trial 2570 finished with value: 0.8396560674834335 and parameters: {'max_depth': 7, 'min_child_weight': 3, 'gamma': 0.561956549729221, 'subsample': 0.6478582082258574, 'colsample_bytree': 0.43612409032460864, 'learning_rate': 0.3258962642942076, 'reg_alpha': 0.00021788218793785657, 'reg_lambda': 0.0006970014987607846}. Best is trial 715 with value: 0.9377859576434285.
Trial 2604 finished with value: 0.040306430792798754 and parameters: {'max_depth': 1, 'min_child_weight': 5, 'gamma': 0.2578508411511067, 'subsample': 0.15205016280535988, 'colsample_bytree': 0.3118707205753173, 'learning_rate': 0.25475909453973267, 'reg_alpha': 2.8578279265842252, 'reg_lambda': 0.4742852894047578}. Best is trial 715 with value: 0.9377859576434285.
Trial 2601 finished with value: 0.4557310841933608 and parameters: {'max_depth': 2, 'min_child_weight': 3, 'gamma': 0.5490825516070211, 'subsample': 0.8612388449299916, 'colsample_bytree': 0.21998807094287287, 'learning_rate': 0.6691564340889568, 'reg_alpha': 2.44884781103768, 'reg_lambda': 0.03787626621150507}. Best is trial 715 with value: 0.9377859576434285.
Trial 2593 finished with value: 0.5535599932811799 and parameters: {'max_depth': 4, 'min_child_weight': 4, 'gamma': 0.667833947679704, 'subsample': 0.49997582767709225, 'colsample_bytree': 0.14969278947189835, 'learning_rate': 0.44318323832413875, 'reg_alpha': 0.0009741757808255511, 'reg_lambda': 0.6572094851634928}. Best is trial 715 with value: 0.9377859576434285.
Trial 2599 finished with value: -0.19705161847016442 and parameters: {'max_depth': 4, 'min_child_weight': 1, 'gamma': 0.3159042189514445, 'subsample': 0.14894583537994432, 'colsample_bytree': 0.04914458961949353, 'learning_rate': 0.43634896117429156, 'reg_alpha': 3.4179022273809285, 'reg_lambda': 0.0003153905087005922}. Best is trial 715 with value: 0.9377859576434285.
Trial 2596 finished with value: 0.30706567894083975 and parameters: {'max_depth': 10, 'min_child_weight': 5, 'gamma': 0.1291838996404031, 'subsample': 0.11811093017831664, 'colsample_bytree': 0.3265037588480525, 'learning_rate': 0.31047766132529875, 'reg_alpha': 1.4445341446336206, 'reg_lambda': 2.1485345063072927}. Best is trial 715 with value: 0.9377859576434285.
Trial 2597 finished with value: 0.17392644803936458 and parameters: {'max_depth': 4, 'min_child_weight': 4, 'gamma': 0.8915804478752749, 'subsample': 0.3972720015438961, 'colsample_bytree': 0.11465806878981966, 'learning_rate': 0.8173822833178522, 'reg_alpha': 1.1930064760076204, 'reg_lambda': 0.015471195814490553}. Best is trial 715 with value: 0.9377859576434285.
Trial 2594 finished with value: 0.6270916340566772 and parameters: {'max_depth': 4, 'min_child_weight': 2, 'gamma': 0.18647778489652944, 'subsample': 0.5405007459863379, 'colsample_bytree': 0.27573918007823783, 'learning_rate': 0.10064890706475127, 'reg_alpha': 0.00012962182458906363, 'reg_lambda': 3.964285724680391}. Best is trial 715 with value: 0.9377859576434285.
Trial 2602 finished with value: 0.18069293105066941 and parameters: {'max_depth': 3, 'min_child_weight': 3, 'gamma': 0.2340710529309915, 'subsample': 0.2573264969933282, 'colsample_bytree': 0.24497717796882124, 'learning_rate': 0.5655628071881625, 'reg_alpha': 0.00035416156600651393, 'reg_lambda': 0.04504079747283286}. Best is trial 715 with value: 0.9377859576434285.
Trial 2610 finished with value: -0.17311340168248485 and parameters: {'max_depth': 1, 'min_child_weight': 4, 'gamma': 0.4834272349752827, 'subsample': 0.10581715035198114, 'colsample_bytree': 0.9232066557903875, 'learning_rate': 0.7199282582210689, 'reg_alpha': 0.00019693904926364495, 'reg_lambda': 1.5988806996334772}. Best is trial 715 with value: 0.9377859576434285.
Trial 2588 finished with value: 0.5124931888692652 and parameters: {'max_depth': 8, 'min_child_weight': 1, 'gamma': 0.812331220561258, 'subsample': 0.08620590051683341, 'colsample_bytree': 0.4581747815027467, 'learning_rate': 0.03114717606125994, 'reg_alpha': 0.0019034338446774891, 'reg_lambda': 2.0267479357475287}. Best is trial 715 with value: 0.9377859576434285.
Trial 2611 finished with value: -5.144493503461151 and parameters: {'max_depth': 1, 'min_child_weight': 5, 'gamma': 0.055957756326419306, 'subsample': 0.1560123738339222, 'colsample_bytree': 0.8882001507417888, 'learning_rate': 0.0014874671636964099, 'reg_alpha': 0.03819077138089692, 'reg_lambda': 0.00013492801030533878}. Best is trial 715 with value: 0.9377859576434285.
Trial 2583 finished with value: 0.7760701514552574 and parameters: {'max_depth': 6, 'min_child_weight': 4, 'gamma': 0.6722376484084942, 'subsample': 0.3340880656990671, 'colsample_bytree': 0.6888266088349214, 'learning_rate': 0.16286982152978635, 'reg_alpha': 0.029891566657204972, 'reg_lambda': 0.0001660016395657318}. Best is trial 715 with value: 0.9377859576434285.
Trial 2608 finished with value: -68.34560993972677 and parameters: {'max_depth': 10, 'min_child_weight': 4, 'gamma': 0.2865971593648059, 'subsample': 0.022608414792817166, 'colsample_bytree': 0.9213004380456238, 'learning_rate': 0.7466262594004527, 'reg_alpha': 0.0019420841109391738, 'reg_lambda': 0.008594777893497028}. Best is trial 715 with value: 0.9377859576434285.
