Trial 2942 finished with value: 0.826750309533607 and parameters: {'max_depth': 9, 'min_child_weight': 1, 'gamma': 0.5170728395339586, 'subsample': 0.21157708693235067, 'colsample_bytree': 0.881686281197138, 'learning_rate': 0.23910817862860256, 'reg_alpha': 7.867301661351254, 'reg_lambda': 0.054743930283746765}. Best is trial 715 with value: 0.9377859576434285.
Trial 2948 finished with value: 0.8772038473245778 and parameters: {'max_depth': 5, 'min_child_weight': 1, 'gamma': 0.18099691843027355, 'subsample': 0.6639829809973274, 'colsample_bytree': 0.8686032993508427, 'learning_rate': 0.5197823293007922, 'reg_alpha': 0.1312900288587133, 'reg_lambda': 0.00053531558883485}. Best is trial 715 with value: 0.9377859576434285.
Trial 2960 finished with value: 0.014716218196628671 and parameters: {'max_depth': 4, 'min_child_weight': 3, 'gamma': 0.3915814070524466, 'subsample': 0.0564039774970968, 'colsample_bytree': 0.9274500506174722, 'learning_rate': 0.2920280035681696, 'reg_alpha': 0.2697051326580827, 'reg_lambda': 1.255549315759683}. Best is trial 715 with value: 0.9377859576434285.
Trial 2978 finished with value: 0.06356310275218292 and parameters: {'max_depth': 1, 'min_child_weight': 5, 'gamma': 0.2375828368723597, 'subsample': 0.2222807666279235, 'colsample_bytree': 0.5241877613957538, 'learning_rate': 0.25392370876670434, 'reg_alpha': 0.01354936845264623, 'reg_lambda': 0.0013367226229142827}. Best is trial 715 with value: 0.9377859576434285.
Trial 2967 finished with value: -26.83065995559259 and parameters: {'max_depth': 3, 'min_child_weight': 1, 'gamma': 0.32313018465715027, 'subsample': 0.11941200076117198, 'colsample_bytree': 0.39121102248310957, 'learning_rate': 0.5361290516919209, 'reg_alpha': 0.9133353382492148, 'reg_lambda': 0.0010997708671369292}. Best is trial 715 with value: 0.9377859576434285.
Trial 2963 finished with value: 0.6171337935898651 and parameters: {'max_depth': 4, 'min_child_weight': 5, 'gamma': 0.0811788415369773, 'subsample': 0.8269695781416697, 'colsample_bytree': 0.3225325034481389, 'learning_rate': 0.07516526148851355, 'reg_alpha': 0.015951765989929586, 'reg_lambda': 9.363005424775954}. Best is trial 715 with value: 0.9377859576434285.
Trial 2957 finished with value: 0.4712113510180217 and parameters: {'max_depth': 6, 'min_child_weight': 1, 'gamma': 0.8612223655333745, 'subsample': 0.5948599790378072, 'colsample_bytree': 0.17936729277815755, 'learning_rate': 0.9137355735435128, 'reg_alpha': 0.004479902577398169, 'reg_lambda': 0.0007034198663446013}. Best is trial 715 with value: 0.9377859576434285.
Trial 2980 finished with value: 0.07872170934402994 and parameters: {'max_depth': 1, 'min_child_weight': 3, 'gamma': 0.6003653597803402, 'subsample': 0.15150492881190458, 'colsample_bytree': 0.11821924909452697, 'learning_rate': 0.091332141453905, 'reg_alpha': 0.0030874576772389303, 'reg_lambda': 0.0010366126452559267}. Best is trial 715 with value: 0.9377859576434285.
Trial 2939 finished with value: 0.4204665894114138 and parameters: {'max_depth': 9, 'min_child_weight': 1, 'gamma': 0.4220128048301812, 'subsample': 0.3339682367681365, 'colsample_bytree': 0.5258385811585282, 'learning_rate': 0.6322837186704913, 'reg_alpha': 0.004432237277680063, 'reg_lambda': 0.0001797850677068721}. Best is trial 715 with value: 0.9377859576434285.
Trial 2970 finished with value: 0.6023501452673341 and parameters: {'max_depth': 3, 'min_child_weight': 5, 'gamma': 0.660185117067355, 'subsample': 0.4089195289207558, 'colsample_bytree': 0.9178890966533434, 'learning_rate': 0.661382491784042, 'reg_alpha': 0.9969762044099771, 'reg_lambda': 0.001759318881855398}. Best is trial 715 with value: 0.9377859576434285.
Trial 2958 finished with value: 0.8254203329884516 and parameters: {'max_depth': 5, 'min_child_weight': 2, 'gamma': 0.08982859215900363, 'subsample': 0.6952890340215774, 'colsample_bytree': 0.48881485475626085, 'learning_rate': 0.3500476226345083, 'reg_alpha': 0.0039615090129459995, 'reg_lambda': 5.59718995680912}. Best is trial 715 with value: 0.9377859576434285.
Trial 2937 finished with value: 0.9074363820723957 and parameters: {'max_depth': 10, 'min_child_weight': 1, 'gamma': 0.535073905477413, 'subsample': 0.7297012477400736, 'colsample_bytree': 0.6356760442729893, 'learning_rate': 0.3059305790798247, 'reg_alpha': 0.1433763292609829, 'reg_lambda': 4.601442040849567}. Best is trial 715 with value: 0.9377859576434285.
Trial 2966 finished with value: -0.30859606951246377 and parameters: {'max_depth': 8, 'min_child_weight': 2, 'gamma': 0.6234276577665092, 'subsample': 0.1787105618460444, 'colsample_bytree': 0.053481582732175514, 'learning_rate': 0.6526072061409637, 'reg_alpha': 0.020645947616167375, 'reg_lambda': 0.00010405830211708005}. Best is trial 715 with value: 0.9377859576434285.
Trial 2953 finished with value: 0.6781216288301696 and parameters: {'max_depth': 8, 'min_child_weight': 5, 'gamma': 0.8838670832496062, 'subsample': 0.3414853813684813, 'colsample_bytree': 0.300672310380246, 'learning_rate': 0.22878982913358692, 'reg_alpha': 0.07194434837562119, 'reg_lambda': 0.0009651591670140969}. Best is trial 715 with value: 0.9377859576434285.
Trial 2976 finished with value: -5.587243087800349 and parameters: {'max_depth': 3, 'min_child_weight': 2, 'gamma': 0.7239871811323136, 'subsample': 0.25322097932168874, 'colsample_bytree': 0.22271068473774291, 'learning_rate': 0.9737941328497247, 'reg_alpha': 6.417247285130671, 'reg_lambda': 0.0006040063033918416}. Best is trial 715 with value: 0.9377859576434285.
Trial 2969 finished with value: 0.6790742557717976 and parameters: {'max_depth': 6, 'min_child_weight': 5, 'gamma': 0.009406721329944578, 'subsample': 0.8897721003312775, 'colsample_bytree': 0.1789498579597818, 'learning_rate': 0.773130164834415, 'reg_alpha': 6.62839398111838, 'reg_lambda': 3.6382089464462553}. Best is trial 715 with value: 0.9377859576434285.
Trial 2959 finished with value: 0.9102258722510708 and parameters: {'max_depth': 6, 'min_child_weight': 5, 'gamma': 0.8209338278390446, 'subsample': 0.49567710160914025, 'colsample_bytree': 0.9820214392894066, 'learning_rate': 0.7291257275798325, 'reg_alpha': 0.1336367064369529, 'reg_lambda': 0.22662675330279985}. Best is trial 715 with value: 0.9377859576434285.
Trial 2990 finished with value: -0.05075120164721406 and parameters: {'max_depth': 1, 'min_child_weight': 2, 'gamma': 0.949320993490371, 'subsample': 0.3663291622073094, 'colsample_bytree': 0.5285463213604207, 'learning_rate': 0.982003484440954, 'reg_alpha': 0.3458633442664727, 'reg_lambda': 0.01831155942560722}. Best is trial 715 with value: 0.9377859576434285.
Trial 2989 finished with value: 0.07174556312290874 and parameters: {'max_depth': 1, 'min_child_weight': 5, 'gamma': 0.4443227503014304, 'subsample': 0.39688063982691557, 'colsample_bytree': 0.6611449101821036, 'learning_rate': 0.4898990344211862, 'reg_alpha': 0.003754902238716802, 'reg_lambda': 0.0011493615928276028}. Best is trial 715 with value: 0.9377859576434285.
Trial 2965 finished with value: 0.7812293453149344 and parameters: {'max_depth': 5, 'min_child_weight': 5, 'gamma': 0.5437385152290733, 'subsample': 0.42148622623597665, 'colsample_bytree': 0.8663565613838461, 'learning_rate': 0.37952787189919457, 'reg_alpha': 0.030088794032777703, 'reg_lambda': 0.027822133184738557}. Best is trial 715 with value: 0.9377859576434285.
Trial 2972 finished with value: 0.8566972254294616 and parameters: {'max_depth': 4, 'min_child_weight': 5, 'gamma': 0.719285755649736, 'subsample': 0.8261101505488584, 'colsample_bytree': 0.7320520899490366, 'learning_rate': 0.8893164769839091, 'reg_alpha': 0.1334192663174602, 'reg_lambda': 0.22979802857694853}. Best is trial 715 with value: 0.9377859576434285.
Trial 2985 finished with value: -46.224977153929295 and parameters: {'max_depth': 8, 'min_child_weight': 4, 'gamma': 0.5896883040796811, 'subsample': 0.03152840432337989, 'colsample_bytree': 0.8647826891570379, 'learning_rate': 0.5832205918902205, 'reg_alpha': 0.00043074593940253933, 'reg_lambda': 0.00046315853593480465}. Best is trial 715 with value: 0.9377859576434285.
Trial 2973 finished with value: -67624211.33563282 and parameters: {'max_depth': 8, 'min_child_weight': 3, 'gamma': 0.694644740579665, 'subsample': 0.08225857466103337, 'colsample_bytree': 0.24672905684193525, 'learning_rate': 0.8425912135486615, 'reg_alpha': 0.000489307114607825, 'reg_lambda': 0.2599920568100514}. Best is trial 715 with value: 0.9377859576434285.
Trial 2961 finished with value: 0.7041668204171613 and parameters: {'max_depth': 7, 'min_child_weight': 3, 'gamma': 0.09694399716061208, 'subsample': 0.6574606454096956, 'colsample_bytree': 0.24199006753219332, 'learning_rate': 0.03286741754912281, 'reg_alpha': 0.001762718325728686, 'reg_lambda': 0.0008694200429463509}. Best is trial 715 with value: 0.9377859576434285.
Trial 2941 finished with value: 0.9099632283474367 and parameters: {'max_depth': 9, 'min_child_weight': 3, 'gamma': 0.7743834630613623, 'subsample': 0.8992528254582978, 'colsample_bytree': 0.8057697077958982, 'learning_rate': 0.40701006643946125, 'reg_alpha': 0.001210853863762841, 'reg_lambda': 0.018464144545169776}. Best is trial 715 with value: 0.9377859576434285.
Trial 2975 finished with value: 0.7048399234423594 and parameters: {'max_depth': 4, 'min_child_weight': 1, 'gamma': 0.8886269943726272, 'subsample': 0.3731673601473243, 'colsample_bytree': 0.6175818580683374, 'learning_rate': 0.08725360155490502, 'reg_alpha': 4.482416604823029, 'reg_lambda': 0.00022590442109940315}. Best is trial 715 with value: 0.9377859576434285.
Trial 2981 finished with value: -291790765.47187495 and parameters: {'max_depth': 5, 'min_child_weight': 2, 'gamma': 0.10612099763797511, 'subsample': 0.023814370712528565, 'colsample_bytree': 0.376096278000268, 'learning_rate': 0.6229929606514386, 'reg_alpha': 1.6811004743493365, 'reg_lambda': 0.03638049890303717}. Best is trial 715 with value: 0.9377859576434285.
Trial 2974 finished with value: -68.19662004877591 and parameters: {'max_depth': 4, 'min_child_weight': 2, 'gamma': 0.42115510867767914, 'subsample': 0.3910154402744538, 'colsample_bytree': 0.7526100657746346, 'learning_rate': 0.9971712051945468, 'reg_alpha': 0.0004226724432703608, 'reg_lambda': 0.006522138995879936}. Best is trial 715 with value: 0.9377859576434285.
Trial 2992 finished with value: 0.08839598579676303 and parameters: {'max_depth': 1, 'min_child_weight': 3, 'gamma': 0.31945834408129836, 'subsample': 0.8889450275504046, 'colsample_bytree': 0.6896157631000331, 'learning_rate': 0.18233324205673473, 'reg_alpha': 0.008369637708168183, 'reg_lambda': 0.00016571358550573656}. Best is trial 715 with value: 0.9377859576434285.
Trial 2977 finished with value: 0.7777685717209346 and parameters: {'max_depth': 5, 'min_child_weight': 5, 'gamma': 0.7926948324638484, 'subsample': 0.9784246480311674, 'colsample_bytree': 0.20931668873038634, 'learning_rate': 0.94508091349208, 'reg_alpha': 0.00375758942852439, 'reg_lambda': 1.9343141798722039}. Best is trial 715 with value: 0.9377859576434285.
Trial 2996 finished with value: -3.522509465373199 and parameters: {'max_depth': 1, 'min_child_weight': 3, 'gamma': 0.9511845074038249, 'subsample': 0.0056822341782197805, 'colsample_bytree': 0.08001491884482936, 'learning_rate': 0.11766053884083627, 'reg_alpha': 0.016497920140862637, 'reg_lambda': 0.12681473481362532}. Best is trial 715 with value: 0.9377859576434285.
Trial 2995 finished with value: 5.3043230824656454e-05 and parameters: {'max_depth': 1, 'min_child_weight': 2, 'gamma': 0.3585206536846637, 'subsample': 0.49830398518995456, 'colsample_bytree': 0.11882986404125484, 'learning_rate': 0.9856436006294007, 'reg_alpha': 0.00025096683571351606, 'reg_lambda': 0.0005724565385053192}. Best is trial 715 with value: 0.9377859576434285.
Trial 2983 finished with value: -0.1597508035240434 and parameters: {'max_depth': 8, 'min_child_weight': 5, 'gamma': 0.05687731184458378, 'subsample': 0.18856870364377987, 'colsample_bytree': 0.04228168855529335, 'learning_rate': 0.7496972784493338, 'reg_alpha': 0.0001268690265916676, 'reg_lambda': 0.0002484813664565274}. Best is trial 715 with value: 0.9377859576434285.
Trial 2997 finished with value: -0.18275899747483393 and parameters: {'max_depth': 1, 'min_child_weight': 2, 'gamma': 0.5385011464341893, 'subsample': 0.08906124275153848, 'colsample_bytree': 0.8172740390756891, 'learning_rate': 0.6642424994235036, 'reg_alpha': 0.0013477269672411444, 'reg_lambda': 0.0004612455805472265}. Best is trial 715 with value: 0.9377859576434285.
Trial 3005 finished with value: -4.179057123751995 and parameters: {'max_depth': 2, 'min_child_weight': 5, 'gamma': 0.12925821178562724, 'subsample': 0.01438828279997284, 'colsample_bytree': 0.190190266907296, 'learning_rate': 0.7698749092417806, 'reg_alpha': 0.3342127248126778, 'reg_lambda': 0.07079177043706857}. Best is trial 715 with value: 0.9377859576434285.
Trial 3007 finished with value: 0.0913162948584941 and parameters: {'max_depth': 1, 'min_child_weight': 1, 'gamma': 0.7256831331871855, 'subsample': 0.9354949970503738, 'colsample_bytree': 0.5404687972487459, 'learning_rate': 0.8628684258397055, 'reg_alpha': 0.0017491937254891163, 'reg_lambda': 0.0037680221462247894}. Best is trial 715 with value: 0.9377859576434285.
Trial 3004 finished with value: 0.24101606895426084 and parameters: {'max_depth': 2, 'min_child_weight': 3, 'gamma': 0.5396542215093021, 'subsample': 0.751525650141552, 'colsample_bytree': 0.17071234753262754, 'learning_rate': 0.02490378096512369, 'reg_alpha': 1.123987921604696, 'reg_lambda': 0.00045007091421976104}. Best is trial 715 with value: 0.9377859576434285.
Trial 2971 finished with value: 0.8980224089131651 and parameters: {'max_depth': 6, 'min_child_weight': 2, 'gamma': 0.3858234701102369, 'subsample': 0.7333637206476727, 'colsample_bytree': 0.8729580201088423, 'learning_rate': 0.07139246282224987, 'reg_alpha': 0.0013493523995485607, 'reg_lambda': 0.0028768441140097716}. Best is trial 715 with value: 0.9377859576434285.
Trial 2991 finished with value: 0.7582961693096028 and parameters: {'max_depth': 4, 'min_child_weight': 3, 'gamma': 0.9700158807641234, 'subsample': 0.6969565304484335, 'colsample_bytree': 0.5396323622040318, 'learning_rate': 0.7068665962059981, 'reg_alpha': 0.00011453174922418403, 'reg_lambda': 4.158727359715095}. Best is trial 715 with value: 0.9377859576434285.
Trial 2993 finished with value: 0.06851314908033383 and parameters: {'max_depth': 9, 'min_child_weight': 4, 'gamma': 0.40987855911413085, 'subsample': 0.6150608330821035, 'colsample_bytree': 0.06933153780822543, 'learning_rate': 0.335152825611412, 'reg_alpha': 5.228387615004922, 'reg_lambda': 0.00019409593666323607}. Best is trial 715 with value: 0.9377859576434285.
Trial 3002 finished with value: 0.5924673913926121 and parameters: {'max_depth': 3, 'min_child_weight': 5, 'gamma': 0.33114752001240144, 'subsample': 0.43009094479845644, 'colsample_bytree': 0.5829964023107352, 'learning_rate': 0.395069051386453, 'reg_alpha': 6.977399696880142, 'reg_lambda': 0.008177107695820904}. Best is trial 715 with value: 0.9377859576434285.
Trial 2979 finished with value: 0.9085993098850788 and parameters: {'max_depth': 6, 'min_child_weight': 4, 'gamma': 0.3337106903892346, 'subsample': 0.9458043461416475, 'colsample_bytree': 0.8783214886728815, 'learning_rate': 0.5067174018994066, 'reg_alpha': 0.007546526737979776, 'reg_lambda': 0.06750540189999861}. Best is trial 715 with value: 0.9377859576434285.
Trial 2988 finished with value: -148055953.16825438 and parameters: {'max_depth': 5, 'min_child_weight': 1, 'gamma': 0.6591867639574894, 'subsample': 0.10703117988389921, 'colsample_bytree': 0.9312985026137707, 'learning_rate': 0.48628913455486233, 'reg_alpha': 0.04696142762593222, 'reg_lambda': 0.0023357354982929896}. Best is trial 715 with value: 0.9377859576434285.
Trial 3012 finished with value: 0.43065991023563205 and parameters: {'max_depth': 2, 'min_child_weight': 5, 'gamma': 0.8231833335432333, 'subsample': 0.5757809588859789, 'colsample_bytree': 0.8902911817910016, 'learning_rate': 0.6549291192722813, 'reg_alpha': 0.03152178445801102, 'reg_lambda': 0.45498642448659965}. Best is trial 715 with value: 0.9377859576434285.
Trial 2986 finished with value: -181.71731148375116 and parameters: {'max_depth': 6, 'min_child_weight': 2, 'gamma': 0.5471767449485482, 'subsample': 0.2632707642007388, 'colsample_bytree': 0.3089148073966689, 'learning_rate': 0.7913751007830649, 'reg_alpha': 0.00247815154046495, 'reg_lambda': 0.024789667509589653}. Best is trial 715 with value: 0.9377859576434285.
Trial 2999 finished with value: -7182.84308688413 and parameters: {'max_depth': 6, 'min_child_weight': 3, 'gamma': 0.1519776096816452, 'subsample': 0.09391464895794166, 'colsample_bytree': 0.6276148200446837, 'learning_rate': 0.8874886775842125, 'reg_alpha': 0.004689022626874284, 'reg_lambda': 1.9761485591315104}. Best is trial 715 with value: 0.9377859576434285.
Trial 3006 finished with value: -1.475442906361533e+24 and parameters: {'max_depth': 6, 'min_child_weight': 2, 'gamma': 0.6609262338787866, 'subsample': 0.04232070327510851, 'colsample_bytree': 0.4026161823646772, 'learning_rate': 0.8019205344761174, 'reg_alpha': 0.28418009162395574, 'reg_lambda': 0.0002907445190938826}. Best is trial 715 with value: 0.9377859576434285.
Trial 3000 finished with value: 0.8303373238752926 and parameters: {'max_depth': 4, 'min_child_weight': 3, 'gamma': 0.34654867964250446, 'subsample': 0.8742026172391545, 'colsample_bytree': 0.6726454227624261, 'learning_rate': 0.6167627968645584, 'reg_alpha': 0.000314673383926466, 'reg_lambda': 0.11498713728161822}. Best is trial 715 with value: 0.9377859576434285.
Trial 3008 finished with value: 0.09029860744576661 and parameters: {'max_depth': 7, 'min_child_weight': 3, 'gamma': 0.09383156753714161, 'subsample': 0.6491580212607753, 'colsample_bytree': 0.05601117943066314, 'learning_rate': 0.09594873776510882, 'reg_alpha': 0.04390403907457901, 'reg_lambda': 1.2451851994499654}. Best is trial 715 with value: 0.9377859576434285.
Trial 3019 finished with value: 0.081433144526138 and parameters: {'max_depth': 1, 'min_child_weight': 5, 'gamma': 0.08949444028606468, 'subsample': 0.7784394351959146, 'colsample_bytree': 0.20679992514465118, 'learning_rate': 0.3312864399397616, 'reg_alpha': 0.0005411646345179905, 'reg_lambda': 0.0003291898738909122}. Best is trial 715 with value: 0.9377859576434285.
Trial 3022 finished with value: -0.03869318094120715 and parameters: {'max_depth': 1, 'min_child_weight': 1, 'gamma': 0.11125311687821349, 'subsample': 0.31332081056848404, 'colsample_bytree': 0.08721046978269908, 'learning_rate': 0.9302457908163233, 'reg_alpha': 0.015464848044830828, 'reg_lambda': 0.03508584040165069}. Best is trial 715 with value: 0.9377859576434285.
Trial 3001 finished with value: -1.5904565564871318 and parameters: {'max_depth': 6, 'min_child_weight': 4, 'gamma': 0.22890369789998355, 'subsample': 0.2255006731786201, 'colsample_bytree': 0.4656728509407212, 'learning_rate': 0.9140637773025392, 'reg_alpha': 0.3025862960719313, 'reg_lambda': 2.3593858132944834}. Best is trial 715 with value: 0.9377859576434285.
Trial 2994 finished with value: 0.9026125660149821 and parameters: {'max_depth': 5, 'min_child_weight': 4, 'gamma': 0.460037971662267, 'subsample': 0.9487629163457458, 'colsample_bytree': 0.9842569182496296, 'learning_rate': 0.8612334214836866, 'reg_alpha': 0.3445782795243152, 'reg_lambda': 0.358853371581672}. Best is trial 715 with value: 0.9377859576434285.
Trial 2987 finished with value: 0.8616428032750447 and parameters: {'max_depth': 7, 'min_child_weight': 3, 'gamma': 0.1298227477110936, 'subsample': 0.35920486502173565, 'colsample_bytree': 0.7606265631209943, 'learning_rate': 0.5829488868007981, 'reg_alpha': 0.1923012330163679, 'reg_lambda': 0.42465199426080086}. Best is trial 715 with value: 0.9377859576434285.
Trial 3024 finished with value: 0.09072980027008201 and parameters: {'max_depth': 1, 'min_child_weight': 2, 'gamma': 0.9204877966670614, 'subsample': 0.6305575084809372, 'colsample_bytree': 0.7747171083105494, 'learning_rate': 0.6804177975157145, 'reg_alpha': 4.968522308861561, 'reg_lambda': 0.004771669077565044}. Best is trial 715 with value: 0.9377859576434285.
Trial 3011 finished with value: -1.8069101648178463 and parameters: {'max_depth': 6, 'min_child_weight': 5, 'gamma': 0.8006158732059051, 'subsample': 0.16313666870626276, 'colsample_bytree': 0.2001107362484249, 'learning_rate': 0.6840398950585138, 'reg_alpha': 0.0008716405367676047, 'reg_lambda': 0.0042370218405585625}. Best is trial 715 with value: 0.9377859576434285.
Trial 2998 finished with value: 0.7785486886954193 and parameters: {'max_depth': 6, 'min_child_weight': 4, 'gamma': 0.11573275081272083, 'subsample': 0.3089974642011729, 'colsample_bytree': 0.9290517733716503, 'learning_rate': 0.3016490357225067, 'reg_alpha': 0.03409811648265178, 'reg_lambda': 0.0010097278568861002}. Best is trial 715 with value: 0.9377859576434285.
Trial 3009 finished with value: 0.635920785092649 and parameters: {'max_depth': 5, 'min_child_weight': 2, 'gamma': 0.5860089476097574, 'subsample': 0.27572184994085225, 'colsample_bytree': 0.328499813025933, 'learning_rate': 0.3011068864335822, 'reg_alpha': 0.0006870264667016154, 'reg_lambda': 0.0006014990054538195}. Best is trial 715 with value: 0.9377859576434285.
Trial 3023 finished with value: 0.058700044826286456 and parameters: {'max_depth': 2, 'min_child_weight': 3, 'gamma': 0.5092284373950844, 'subsample': 0.11203015521177628, 'colsample_bytree': 0.28836370865994054, 'learning_rate': 0.3273123322980134, 'reg_alpha': 0.004319636399629193, 'reg_lambda': 0.00010641318575728244}. Best is trial 715 with value: 0.9377859576434285.
