A new study created in RDB with name: XGBRegressor_19256
Trial 11 finished with value: 0.07443795994089411 and parameters: {'max_depth': 1, 'min_child_weight': 3, 'gamma': 0.1908344179144159, 'subsample': 0.5373264795338532, 'colsample_bytree': 0.1878905835814385, 'learning_rate': 0.3885907841050964, 'reg_alpha': 0.04505663257400045, 'reg_lambda': 9.907070951085458}. Best is trial 11 with value: 0.07443795994089411.
Trial 16 finished with value: 0.08926861595783994 and parameters: {'max_depth': 1, 'min_child_weight': 5, 'gamma': 0.3787506535336833, 'subsample': 0.7255958581662783, 'colsample_bytree': 0.9115604743489731, 'learning_rate': 0.020151100961997015, 'reg_alpha': 0.0028221112083093606, 'reg_lambda': 0.003349871133520006}. Best is trial 16 with value: 0.08926861595783994.
Trial 0 finished with value: 0.03061077188591743 and parameters: {'max_depth': 1, 'min_child_weight': 5, 'gamma': 0.7895730457198138, 'subsample': 0.5120135489083232, 'colsample_bytree': 0.22468377412992158, 'learning_rate': 0.8272912515441396, 'reg_alpha': 2.1693030863937297, 'reg_lambda': 0.006418437882871708}. Best is trial 16 with value: 0.08926861595783994.
Trial 2 finished with value: -15.39116266249738 and parameters: {'max_depth': 7, 'min_child_weight': 5, 'gamma': 0.03607824284463612, 'subsample': 0.0431378600705411, 'colsample_bytree': 0.17797995182654702, 'learning_rate': 0.7340925025794284, 'reg_alpha': 0.08329785920815903, 'reg_lambda': 0.07310543048220287}. Best is trial 16 with value: 0.08926861595783994.
Trial 18 finished with value: 0.2301318038680455 and parameters: {'max_depth': 2, 'min_child_weight': 4, 'gamma': 0.22752413318390097, 'subsample': 0.3698655428822565, 'colsample_bytree': 0.09608378278616592, 'learning_rate': 0.7381567398905401, 'reg_alpha': 4.8877928165891396, 'reg_lambda': 0.007966291455288434}. Best is trial 18 with value: 0.2301318038680455.
Trial 24 finished with value: 0.06288934570761198 and parameters: {'max_depth': 1, 'min_child_weight': 2, 'gamma': 0.37356725688102943, 'subsample': 0.2789370263157166, 'colsample_bytree': 0.8135907532103427, 'learning_rate': 0.011187772394547157, 'reg_alpha': 6.710680363144664, 'reg_lambda': 0.00789324725434006}. Best is trial 18 with value: 0.2301318038680455.
Trial 6 finished with value: 0.29410731805750334 and parameters: {'max_depth': 3, 'min_child_weight': 4, 'gamma': 0.3141419679834384, 'subsample': 0.34666143535416183, 'colsample_bytree': 0.09558056482350019, 'learning_rate': 0.5577010590450177, 'reg_alpha': 0.02881296072226364, 'reg_lambda': 0.021215302318696828}. Best is trial 6 with value: 0.29410731805750334.
Trial 26 finished with value: 0.08820317111409662 and parameters: {'max_depth': 1, 'min_child_weight': 5, 'gamma': 0.002691790828893814, 'subsample': 0.7850692711086488, 'colsample_bytree': 0.15773815910437972, 'learning_rate': 0.184901593899799, 'reg_alpha': 0.15280993019253158, 'reg_lambda': 0.09349403036388189}. Best is trial 6 with value: 0.29410731805750334.
Trial 7 finished with value: 0.0751866657548893 and parameters: {'max_depth': 5, 'min_child_weight': 2, 'gamma': 0.7117871378735475, 'subsample': 0.899644439821692, 'colsample_bytree': 0.04817544383403738, 'learning_rate': 0.8184200447598771, 'reg_alpha': 0.0007367745296486658, 'reg_lambda': 4.56189781830593}. Best is trial 6 with value: 0.29410731805750334.
Trial 3 finished with value: 0.6528943113598316 and parameters: {'max_depth': 3, 'min_child_weight': 2, 'gamma': 0.5769736961796101, 'subsample': 0.45606790677347686, 'colsample_bytree': 0.9529485297221003, 'learning_rate': 0.7083785811179651, 'reg_alpha': 0.41911106622701266, 'reg_lambda': 7.095205070427312}. Best is trial 3 with value: 0.6528943113598316.
Trial 1 finished with value: 0.5781730821655334 and parameters: {'max_depth': 3, 'min_child_weight': 3, 'gamma': 0.4743950330857034, 'subsample': 0.6695038197070878, 'colsample_bytree': 0.45353643296584756, 'learning_rate': 0.12862276355915692, 'reg_alpha': 0.00012346095685362125, 'reg_lambda': 2.5808804972900385}. Best is trial 3 with value: 0.6528943113598316.
Trial 28 finished with value: 0.025467597000462493 and parameters: {'max_depth': 1, 'min_child_weight': 1, 'gamma': 0.5253519803577045, 'subsample': 0.16117479003140922, 'colsample_bytree': 0.1514383453583783, 'learning_rate': 0.1767578043426764, 'reg_alpha': 0.0016749794583462785, 'reg_lambda': 0.0036368461121594115}. Best is trial 3 with value: 0.6528943113598316.
Trial 4 finished with value: 0.019754293025907955 and parameters: {'max_depth': 10, 'min_child_weight': 1, 'gamma': 0.13419759607887072, 'subsample': 0.6319439759171057, 'colsample_bytree': 0.025082224920331964, 'learning_rate': 0.8330538911382198, 'reg_alpha': 5.597603073807454, 'reg_lambda': 0.6465606217016362}. Best is trial 3 with value: 0.6528943113598316.
Trial 9 finished with value: -247775254775.24118 and parameters: {'max_depth': 10, 'min_child_weight': 2, 'gamma': 0.8152456765096145, 'subsample': 0.05958227758535051, 'colsample_bytree': 0.742170957708012, 'learning_rate': 0.6078793933998775, 'reg_alpha': 3.9439095729357234, 'reg_lambda': 0.01684706667085658}. Best is trial 3 with value: 0.6528943113598316.
Trial 5 finished with value: 0.8025976674846556 and parameters: {'max_depth': 4, 'min_child_weight': 3, 'gamma': 0.2729372530216325, 'subsample': 0.6752997339633274, 'colsample_bytree': 0.8998389882765622, 'learning_rate': 0.48212855476979777, 'reg_alpha': 8.903004437975513, 'reg_lambda': 1.0462989335797988}. Best is trial 5 with value: 0.8025976674846556.
Trial 12 finished with value: -0.8414668485003367 and parameters: {'max_depth': 7, 'min_child_weight': 2, 'gamma': 0.29349720419045533, 'subsample': 0.19421347802434463, 'colsample_bytree': 0.11947343014111589, 'learning_rate': 0.7218467790518133, 'reg_alpha': 0.00014714993209124868, 'reg_lambda': 0.003336874766199596}. Best is trial 5 with value: 0.8025976674846556.
Trial 27 finished with value: 0.38839029779887696 and parameters: {'max_depth': 3, 'min_child_weight': 5, 'gamma': 0.9531519823740989, 'subsample': 0.12195922049545294, 'colsample_bytree': 0.5973026901280086, 'learning_rate': 0.0332005476471976, 'reg_alpha': 0.002039696877183398, 'reg_lambda': 0.00015654203104982557}. Best is trial 5 with value: 0.8025976674846556.
Trial 32 finished with value: 0.482450116336826 and parameters: {'max_depth': 2, 'min_child_weight': 4, 'gamma': 0.4175023083050511, 'subsample': 0.9557599365373927, 'colsample_bytree': 0.9911519003480925, 'learning_rate': 0.8490155618707207, 'reg_alpha': 0.0026648299681485423, 'reg_lambda': 0.22539263439182378}. Best is trial 5 with value: 0.8025976674846556.
Trial 30 finished with value: -0.7738635736031616 and parameters: {'max_depth': 10, 'min_child_weight': 5, 'gamma': 0.41609018203076353, 'subsample': 0.06382922112471978, 'colsample_bytree': 0.033710833977082966, 'learning_rate': 0.004761319834410749, 'reg_alpha': 0.002052144418640569, 'reg_lambda': 0.00011755668666220164}. Best is trial 5 with value: 0.8025976674846556.
Trial 10 finished with value: 0.7506039764985081 and parameters: {'max_depth': 6, 'min_child_weight': 1, 'gamma': 0.2425630248170474, 'subsample': 0.9370580746595081, 'colsample_bytree': 0.15489039392513093, 'learning_rate': 0.3513710358569132, 'reg_alpha': 0.001728151802461882, 'reg_lambda': 1.345281595580675}. Best is trial 5 with value: 0.8025976674846556.
Trial 14 finished with value: 0.7130386062545628 and parameters: {'max_depth': 5, 'min_child_weight': 2, 'gamma': 0.590858012332664, 'subsample': 0.22781522609095028, 'colsample_bytree': 0.6521349979769494, 'learning_rate': 0.21494652702419315, 'reg_alpha': 0.0023271997433579454, 'reg_lambda': 0.002964391854364786}. Best is trial 5 with value: 0.8025976674846556.
Trial 13 finished with value: 0.7732892475711429 and parameters: {'max_depth': 6, 'min_child_weight': 5, 'gamma': 0.6855881428895478, 'subsample': 0.4999427793960106, 'colsample_bytree': 0.5138805700887611, 'learning_rate': 0.5424872128905179, 'reg_alpha': 0.032119322204464264, 'reg_lambda': 0.000669865333491536}. Best is trial 5 with value: 0.8025976674846556.
Trial 19 finished with value: 0.5972349455393733 and parameters: {'max_depth': 9, 'min_child_weight': 4, 'gamma': 0.23053197576862872, 'subsample': 0.3698919820616796, 'colsample_bytree': 0.26812624717686695, 'learning_rate': 0.6025860292720663, 'reg_alpha': 5.00026103919899, 'reg_lambda': 0.0002835861133287873}. Best is trial 5 with value: 0.8025976674846556.
Trial 8 finished with value: 0.5661573333040391 and parameters: {'max_depth': 7, 'min_child_weight': 4, 'gamma': 0.8085649882294011, 'subsample': 0.3176336088159678, 'colsample_bytree': 0.23383597578462734, 'learning_rate': 0.544195012794675, 'reg_alpha': 0.012999615997900496, 'reg_lambda': 0.00754650200977498}. Best is trial 5 with value: 0.8025976674846556.
Trial 37 finished with value: 0.3690456953929514 and parameters: {'max_depth': 2, 'min_child_weight': 5, 'gamma': 0.8644709140814764, 'subsample': 0.1375182468617282, 'colsample_bytree': 0.5932967232400553, 'learning_rate': 0.08966138981407701, 'reg_alpha': 0.000385298503093198, 'reg_lambda': 0.01952843849331743}. Best is trial 5 with value: 0.8025976674846556.
Trial 23 finished with value: 0.7831279861240344 and parameters: {'max_depth': 6, 'min_child_weight': 2, 'gamma': 0.14255263393564355, 'subsample': 0.4943915603127397, 'colsample_bytree': 0.45989903578663294, 'learning_rate': 0.0455199701217861, 'reg_alpha': 1.0365132626803315, 'reg_lambda': 0.00116021334256186}. Best is trial 5 with value: 0.8025976674846556.
Trial 43 finished with value: -0.04840853144894462 and parameters: {'max_depth': 1, 'min_child_weight': 4, 'gamma': 0.8131727804523026, 'subsample': 0.062236709579879035, 'colsample_bytree': 0.8510510846679175, 'learning_rate': 0.24124261499059896, 'reg_alpha': 0.010062412065397236, 'reg_lambda': 7.811470001167264}. Best is trial 5 with value: 0.8025976674846556.
Trial 20 finished with value: 0.8822518656299785 and parameters: {'max_depth': 8, 'min_child_weight': 2, 'gamma': 0.8771138821328032, 'subsample': 0.5789147755217227, 'colsample_bytree': 0.6628157499447251, 'learning_rate': 0.6489325712427821, 'reg_alpha': 3.9414625737545452, 'reg_lambda': 0.0001647942674645804}. Best is trial 20 with value: 0.8822518656299785.
Trial 34 finished with value: 0.08665165177265152 and parameters: {'max_depth': 9, 'min_child_weight': 4, 'gamma': 0.6147270425028765, 'subsample': 0.8250225326997705, 'colsample_bytree': 0.07008420908387947, 'learning_rate': 0.11953765307386954, 'reg_alpha': 4.771158609928115, 'reg_lambda': 0.12810597368601534}. Best is trial 5 with value: 0.8025976674846556.
Trial 25 finished with value: 0.8291214161554131 and parameters: {'max_depth': 5, 'min_child_weight': 1, 'gamma': 0.2802755818884738, 'subsample': 0.3778621847060242, 'colsample_bytree': 0.8439309049216944, 'learning_rate': 0.3567789413765914, 'reg_alpha': 9.256575337053055, 'reg_lambda': 0.28481435876481664}. Best is trial 20 with value: 0.8822518656299785.
Trial 33 finished with value: 0.05079301573650653 and parameters: {'max_depth': 9, 'min_child_weight': 4, 'gamma': 0.2818393048697435, 'subsample': 0.5829350914092855, 'colsample_bytree': 0.04743522787949139, 'learning_rate': 0.5634674350601748, 'reg_alpha': 1.393509504532052, 'reg_lambda': 0.04248667808223227}. Best is trial 20 with value: 0.8822518656299785.
Trial 15 finished with value: 0.8802206371121856 and parameters: {'max_depth': 8, 'min_child_weight': 5, 'gamma': 0.1935251898609599, 'subsample': 0.5689184646251512, 'colsample_bytree': 0.8473264905199863, 'learning_rate': 0.32150784866697346, 'reg_alpha': 3.970110678593622, 'reg_lambda': 0.0002090285487918187}. Best is trial 20 with value: 0.8822518656299785.
Trial 21 finished with value: 0.8492918225875006 and parameters: {'max_depth': 7, 'min_child_weight': 3, 'gamma': 0.7926868810063455, 'subsample': 0.7249102808239196, 'colsample_bytree': 0.3261768372906856, 'learning_rate': 0.1967823885349661, 'reg_alpha': 0.08892149653102845, 'reg_lambda': 0.014466158974670776}. Best is trial 20 with value: 0.8822518656299785.
Trial 35 finished with value: 0.7468577839912078 and parameters: {'max_depth': 4, 'min_child_weight': 2, 'gamma': 0.9143984292394286, 'subsample': 0.6492282577580515, 'colsample_bytree': 0.3455191795780541, 'learning_rate': 0.4235461483485137, 'reg_alpha': 0.1444375737001324, 'reg_lambda': 0.20083548956359476}. Best is trial 20 with value: 0.8822518656299785.
Trial 17 finished with value: 0.887397272790873 and parameters: {'max_depth': 10, 'min_child_weight': 1, 'gamma': 0.6466151367941364, 'subsample': 0.3663390837313869, 'colsample_bytree': 0.7049515919554477, 'learning_rate': 0.565590078954007, 'reg_alpha': 1.8249400775174658, 'reg_lambda': 7.456823903691775}. Best is trial 17 with value: 0.887397272790873.
Trial 54 finished with value: 0.09041496216182374 and parameters: {'max_depth': 1, 'min_child_weight': 4, 'gamma': 0.6066399425758788, 'subsample': 0.8708434366758312, 'colsample_bytree': 0.5543480939224645, 'learning_rate': 0.7557860588469241, 'reg_alpha': 1.6003733582739301, 'reg_lambda': 0.1157751311241321}. Best is trial 17 with value: 0.887397272790873.
Trial 22 finished with value: 0.9062316073417402 and parameters: {'max_depth': 7, 'min_child_weight': 2, 'gamma': 0.1859793253923746, 'subsample': 0.9593748741392256, 'colsample_bytree': 0.672236566571008, 'learning_rate': 0.22042352169420998, 'reg_alpha': 0.0009990656259844437, 'reg_lambda': 0.12657380658683967}. Best is trial 22 with value: 0.9062316073417402.
Trial 42 finished with value: -0.8349518829679108 and parameters: {'max_depth': 9, 'min_child_weight': 5, 'gamma': 0.42667464711060243, 'subsample': 0.12366457475122172, 'colsample_bytree': 0.651530930575683, 'learning_rate': 0.9289584130229264, 'reg_alpha': 0.000560306233788844, 'reg_lambda': 7.724820622478232}. Best is trial 22 with value: 0.9062316073417402.
Trial 45 finished with value: -0.6244530456402754 and parameters: {'max_depth': 8, 'min_child_weight': 5, 'gamma': 0.7331056201107453, 'subsample': 0.07575104387362186, 'colsample_bytree': 0.6718063066672895, 'learning_rate': 0.39857699949982195, 'reg_alpha': 0.0020033923028797175, 'reg_lambda': 0.3643857262311097}. Best is trial 22 with value: 0.9062316073417402.
Trial 50 finished with value: 0.43908820916045654 and parameters: {'max_depth': 2, 'min_child_weight': 3, 'gamma': 0.013034735663727592, 'subsample': 0.28232920930341054, 'colsample_bytree': 0.976429926947621, 'learning_rate': 0.11032366215752143, 'reg_alpha': 0.03311338983296129, 'reg_lambda': 0.003284438334067273}. Best is trial 22 with value: 0.9062316073417402.
Trial 38 finished with value: 0.6150419078947482 and parameters: {'max_depth': 5, 'min_child_weight': 1, 'gamma': 0.6347977786699733, 'subsample': 0.3686423243417578, 'colsample_bytree': 0.21572670533416693, 'learning_rate': 0.47142062730568446, 'reg_alpha': 0.0003374624135396906, 'reg_lambda': 8.38820634597109}. Best is trial 22 with value: 0.9062316073417402.
Trial 39 finished with value: 0.7657631102049323 and parameters: {'max_depth': 4, 'min_child_weight': 2, 'gamma': 0.022848447826648965, 'subsample': 0.719793733374285, 'colsample_bytree': 0.4920049963589471, 'learning_rate': 0.703905551161115, 'reg_alpha': 0.030366124470982126, 'reg_lambda': 0.013138961381700974}. Best is trial 22 with value: 0.9062316073417402.
Trial 44 finished with value: 0.48958509489831453 and parameters: {'max_depth': 5, 'min_child_weight': 4, 'gamma': 0.5815278769744929, 'subsample': 0.960181783390072, 'colsample_bytree': 0.12255380419898532, 'learning_rate': 0.6374032855284055, 'reg_alpha': 8.928475050870615, 'reg_lambda': 0.019088332379437013}. Best is trial 22 with value: 0.9062316073417402.
Trial 52 finished with value: 0.052462399067231644 and parameters: {'max_depth': 3, 'min_child_weight': 3, 'gamma': 0.2807881557313522, 'subsample': 0.5350648234800823, 'colsample_bytree': 0.03671046500948105, 'learning_rate': 0.48128190641401725, 'reg_alpha': 0.6913893202986975, 'reg_lambda': 0.1472878711379897}. Best is trial 22 with value: 0.9062316073417402.
Trial 40 finished with value: 0.5226435562720894 and parameters: {'max_depth': 5, 'min_child_weight': 4, 'gamma': 0.9497720260072522, 'subsample': 0.21164216879314202, 'colsample_bytree': 0.3135307310127803, 'learning_rate': 0.12457123096066591, 'reg_alpha': 0.016586963905670535, 'reg_lambda': 4.762005116794204}. Best is trial 22 with value: 0.9062316073417402.
Trial 36 finished with value: -1224974217.1358774 and parameters: {'max_depth': 7, 'min_child_weight': 3, 'gamma': 0.7207836180143136, 'subsample': 0.14205324520212104, 'colsample_bytree': 0.5991737383990887, 'learning_rate': 0.7807212241248965, 'reg_alpha': 0.00021766299499223216, 'reg_lambda': 0.056474979364685936}. Best is trial 22 with value: 0.9062316073417402.
Trial 41 finished with value: -0.21908087098338622 and parameters: {'max_depth': 7, 'min_child_weight': 2, 'gamma': 0.043790627214514766, 'subsample': 0.22183580947387194, 'colsample_bytree': 0.11379234058524934, 'learning_rate': 0.6834621356600327, 'reg_alpha': 0.13718985770746306, 'reg_lambda': 0.049592452174950806}. Best is trial 22 with value: 0.9062316073417402.
Trial 59 finished with value: 0.45183610797177376 and parameters: {'max_depth': 2, 'min_child_weight': 4, 'gamma': 0.38408881235284575, 'subsample': 0.8209468717751328, 'colsample_bytree': 0.14277297245574794, 'learning_rate': 0.3767709743440696, 'reg_alpha': 0.0005764194196810593, 'reg_lambda': 0.1780904210539533}. Best is trial 22 with value: 0.9062316073417402.
Trial 48 finished with value: 0.07637088602027485 and parameters: {'max_depth': 10, 'min_child_weight': 5, 'gamma': 0.626854632131579, 'subsample': 0.5008682120690464, 'colsample_bytree': 0.025186431665199294, 'learning_rate': 0.20184998711162516, 'reg_alpha': 0.0010403396964214736, 'reg_lambda': 0.00020768026155354005}. Best is trial 22 with value: 0.9062316073417402.
Trial 31 finished with value: 0.8963924099611225 and parameters: {'max_depth': 7, 'min_child_weight': 1, 'gamma': 0.59032377485854, 'subsample': 0.9657678916767714, 'colsample_bytree': 0.9293063445897672, 'learning_rate': 0.6868384455149769, 'reg_alpha': 1.136776115927001, 'reg_lambda': 0.07030063527758093}. Best is trial 22 with value: 0.9062316073417402.
Trial 65 finished with value: 0.08155427701857985 and parameters: {'max_depth': 2, 'min_child_weight': 5, 'gamma': 0.7165382051695592, 'subsample': 0.9884110464344775, 'colsample_bytree': 0.21799130387895505, 'learning_rate': 0.005614109085629426, 'reg_alpha': 7.871634585322772, 'reg_lambda': 1.7008752915309602}. Best is trial 22 with value: 0.9062316073417402.
Trial 70 finished with value: -0.11108301932014965 and parameters: {'max_depth': 1, 'min_child_weight': 4, 'gamma': 0.6094704784775131, 'subsample': 0.05791658921528142, 'colsample_bytree': 0.5811722488786639, 'learning_rate': 0.3252619201206429, 'reg_alpha': 0.014861884545242354, 'reg_lambda': 0.0025646320498419833}. Best is trial 22 with value: 0.9062316073417402.
Trial 62 finished with value: -1.2530984697100608e+18 and parameters: {'max_depth': 4, 'min_child_weight': 2, 'gamma': 0.8259376046299195, 'subsample': 0.02834368136915122, 'colsample_bytree': 0.7746600896734142, 'learning_rate': 0.7273687296417727, 'reg_alpha': 0.20360815018262857, 'reg_lambda': 0.08162867029268876}. Best is trial 22 with value: 0.9062316073417402.
Trial 61 finished with value: 0.09677446205235435 and parameters: {'max_depth': 3, 'min_child_weight': 2, 'gamma': 0.6576406479947564, 'subsample': 0.38006255698761815, 'colsample_bytree': 0.3915006317706824, 'learning_rate': 0.8995686062108268, 'reg_alpha': 0.0028230089435540597, 'reg_lambda': 0.2610422429330694}. Best is trial 22 with value: 0.9062316073417402.
Trial 64 finished with value: 0.7486188936409548 and parameters: {'max_depth': 3, 'min_child_weight': 2, 'gamma': 0.8841804234747161, 'subsample': 0.8826099152632817, 'colsample_bytree': 0.7652852216956871, 'learning_rate': 0.9750409579183118, 'reg_alpha': 0.1112234907127425, 'reg_lambda': 0.0002368040308070351}. Best is trial 22 with value: 0.9062316073417402.
Trial 53 finished with value: 0.4883095713560354 and parameters: {'max_depth': 8, 'min_child_weight': 1, 'gamma': 0.47507387905153275, 'subsample': 0.5654616800159946, 'colsample_bytree': 0.10578910150031151, 'learning_rate': 0.16259632466652119, 'reg_alpha': 0.08729937336440999, 'reg_lambda': 0.0005774692838878096}. Best is trial 22 with value: 0.9062316073417402.
Trial 66 finished with value: 0.6432599812000097 and parameters: {'max_depth': 3, 'min_child_weight': 5, 'gamma': 0.9220740836733898, 'subsample': 0.7005808988049534, 'colsample_bytree': 0.5074528874345381, 'learning_rate': 0.9230402189894915, 'reg_alpha': 0.001320678266664525, 'reg_lambda': 0.001479382313089576}. Best is trial 22 with value: 0.9062316073417402.
Trial 74 finished with value: 0.09044807430854204 and parameters: {'max_depth': 1, 'min_child_weight': 4, 'gamma': 0.4446892706023464, 'subsample': 0.7739585754810853, 'colsample_bytree': 0.9088965936397484, 'learning_rate': 0.42005595160066656, 'reg_alpha': 0.041470405011751046, 'reg_lambda': 1.3235420456664866}. Best is trial 22 with value: 0.9062316073417402.
Trial 29 finished with value: 0.8244086136311518 and parameters: {'max_depth': 9, 'min_child_weight': 4, 'gamma': 0.45394109177649034, 'subsample': 0.6412789908937214, 'colsample_bytree': 0.9613361288743326, 'learning_rate': 0.7848241899339885, 'reg_alpha': 0.026707382341981164, 'reg_lambda': 0.050622091864831686}. Best is trial 22 with value: 0.9062316073417402.
Trial 55 finished with value: 0.8415701476697129 and parameters: {'max_depth': 8, 'min_child_weight': 2, 'gamma': 0.034145207076132444, 'subsample': 0.8639886042981584, 'colsample_bytree': 0.33124494353501943, 'learning_rate': 0.09063337516720948, 'reg_alpha': 6.1805276764522015, 'reg_lambda': 0.010789810989533691}. Best is trial 22 with value: 0.9062316073417402.
