Trial 1015 finished with value: 0.08776188949278782 and parameters: {'max_depth': 9, 'min_child_weight': 3, 'gamma': 0.4230861467999666, 'subsample': 0.24576258349421565, 'colsample_bytree': 0.024806063342661444, 'learning_rate': 0.13018916125150315, 'reg_alpha': 0.001369934207362682, 'reg_lambda': 0.05014940515601843}. Best is trial 715 with value: 0.9377859576434285.
Trial 1020 finished with value: 0.41625614248976145 and parameters: {'max_depth': 3, 'min_child_weight': 3, 'gamma': 0.6258414892930844, 'subsample': 0.7329404993651021, 'colsample_bytree': 0.9091429548423148, 'learning_rate': 0.007449727733258582, 'reg_alpha': 0.0001327350416106617, 'reg_lambda': 0.1735178947155387}. Best is trial 715 with value: 0.9377859576434285.
Trial 1026 finished with value: 0.008572141008643286 and parameters: {'max_depth': 5, 'min_child_weight': 5, 'gamma': 0.6069669538475049, 'subsample': 0.03912037840824645, 'colsample_bytree': 0.29053983303609154, 'learning_rate': 0.1543627689544581, 'reg_alpha': 0.01398537159360877, 'reg_lambda': 0.3427341089762323}. Best is trial 715 with value: 0.9377859576434285.
Trial 1013 finished with value: -289.61458053796065 and parameters: {'max_depth': 5, 'min_child_weight': 1, 'gamma': 0.316561993396858, 'subsample': 0.23712320243903529, 'colsample_bytree': 0.23051933951332348, 'learning_rate': 0.7330912489419826, 'reg_alpha': 0.03050164243395455, 'reg_lambda': 0.0003786017943166609}. Best is trial 715 with value: 0.9377859576434285.
Trial 1005 finished with value: 0.8652927308892773 and parameters: {'max_depth': 7, 'min_child_weight': 1, 'gamma': 0.48383569807267335, 'subsample': 0.6282507798294549, 'colsample_bytree': 0.2554845001358418, 'learning_rate': 0.5060744883101793, 'reg_alpha': 0.01242016599531647, 'reg_lambda': 0.025243358847480444}. Best is trial 715 with value: 0.9377859576434285.
Trial 1009 finished with value: 0.8716163011705271 and parameters: {'max_depth': 6, 'min_child_weight': 1, 'gamma': 0.4138812843614704, 'subsample': 0.6466719005318317, 'colsample_bytree': 0.5886418386025687, 'learning_rate': 0.6330561596005038, 'reg_alpha': 0.9699049808767661, 'reg_lambda': 0.02361557697613848}. Best is trial 715 with value: 0.9377859576434285.
Trial 1019 finished with value: -0.43070321412071083 and parameters: {'max_depth': 10, 'min_child_weight': 5, 'gamma': 0.7809903458313611, 'subsample': 0.16198907692445397, 'colsample_bytree': 0.38692179584690023, 'learning_rate': 0.5402423952068804, 'reg_alpha': 0.0003443169319319694, 'reg_lambda': 0.6003596723397638}. Best is trial 715 with value: 0.9377859576434285.
Trial 1028 finished with value: 0.5882650040046551 and parameters: {'max_depth': 3, 'min_child_weight': 1, 'gamma': 0.6453115182109364, 'subsample': 0.9815622214692165, 'colsample_bytree': 0.35105557530772735, 'learning_rate': 0.14725348276157002, 'reg_alpha': 2.4958517032659024, 'reg_lambda': 2.3860633930527495}. Best is trial 715 with value: 0.9377859576434285.
Trial 1010 finished with value: -42.26528644687804 and parameters: {'max_depth': 7, 'min_child_weight': 5, 'gamma': 0.5388596141953256, 'subsample': 0.34118794957834764, 'colsample_bytree': 0.5100537355375744, 'learning_rate': 0.9938544635087546, 'reg_alpha': 0.007715803807100005, 'reg_lambda': 0.001361357413957637}. Best is trial 715 with value: 0.9377859576434285.
Trial 1018 finished with value: 0.6668255903017529 and parameters: {'max_depth': 5, 'min_child_weight': 2, 'gamma': 0.24118763595967374, 'subsample': 0.5005806447444141, 'colsample_bytree': 0.31394993427419093, 'learning_rate': 0.5645237126107645, 'reg_alpha': 0.019790476018101282, 'reg_lambda': 0.006663253685854458}. Best is trial 715 with value: 0.9377859576434285.
Trial 1012 finished with value: -0.20909558332217001 and parameters: {'max_depth': 7, 'min_child_weight': 4, 'gamma': 0.5748972758544686, 'subsample': 0.30822840624600745, 'colsample_bytree': 0.2961389942816248, 'learning_rate': 0.7618110498705225, 'reg_alpha': 0.0005631507129734391, 'reg_lambda': 0.00022480576460928112}. Best is trial 715 with value: 0.9377859576434285.
Trial 1003 finished with value: 0.8220593515370684 and parameters: {'max_depth': 9, 'min_child_weight': 5, 'gamma': 0.31646222661507994, 'subsample': 0.7397883189249318, 'colsample_bytree': 0.32942634107896696, 'learning_rate': 0.20570653660992055, 'reg_alpha': 0.024989239431218908, 'reg_lambda': 0.441503037064725}. Best is trial 715 with value: 0.9377859576434285.
Trial 1025 finished with value: 0.04916048329620448 and parameters: {'max_depth': 8, 'min_child_weight': 4, 'gamma': 0.06470385699103876, 'subsample': 0.7266708800519107, 'colsample_bytree': 0.0863948067399174, 'learning_rate': 0.9551994921132246, 'reg_alpha': 0.014090071416608566, 'reg_lambda': 2.103453107474558}. Best is trial 715 with value: 0.9377859576434285.
Trial 1006 finished with value: 0.8822606939773501 and parameters: {'max_depth': 7, 'min_child_weight': 3, 'gamma': 0.31965561547548293, 'subsample': 0.48152162159245715, 'colsample_bytree': 0.7430431065793347, 'learning_rate': 0.1170688895525972, 'reg_alpha': 1.9537411624568004, 'reg_lambda': 0.005804838545400608}. Best is trial 715 with value: 0.9377859576434285.
Trial 1035 finished with value: 0.0887613895086954 and parameters: {'max_depth': 1, 'min_child_weight': 3, 'gamma': 0.9771228599205607, 'subsample': 0.3758303568927639, 'colsample_bytree': 0.16036492910658717, 'learning_rate': 0.06349568306443132, 'reg_alpha': 0.00019707820251575617, 'reg_lambda': 0.14686249395176174}. Best is trial 715 with value: 0.9377859576434285.
Trial 1021 finished with value: -6.999487767436517e+16 and parameters: {'max_depth': 5, 'min_child_weight': 1, 'gamma': 0.845902111604166, 'subsample': 0.20212214007707874, 'colsample_bytree': 0.9376532505040089, 'learning_rate': 0.8800230606198789, 'reg_alpha': 0.005826981425293396, 'reg_lambda': 0.3605625469004127}. Best is trial 715 with value: 0.9377859576434285.
Trial 1016 finished with value: 0.7811220303134481 and parameters: {'max_depth': 6, 'min_child_weight': 3, 'gamma': 0.8026839194935778, 'subsample': 0.49839013704340673, 'colsample_bytree': 0.5060783731647983, 'learning_rate': 0.7760907122714499, 'reg_alpha': 0.25301582635512276, 'reg_lambda': 0.008699128720555066}. Best is trial 715 with value: 0.9377859576434285.
Trial 1007 finished with value: 0.8582360075691077 and parameters: {'max_depth': 7, 'min_child_weight': 2, 'gamma': 0.20901942140412788, 'subsample': 0.3195745876569177, 'colsample_bytree': 0.8507981358696518, 'learning_rate': 0.4569777605936336, 'reg_alpha': 0.0012878089715309283, 'reg_lambda': 0.08406861960197043}. Best is trial 715 with value: 0.9377859576434285.
Trial 1040 finished with value: 0.09240581657960831 and parameters: {'max_depth': 1, 'min_child_weight': 4, 'gamma': 0.849177860277997, 'subsample': 0.8277000748063155, 'colsample_bytree': 0.9128051968056146, 'learning_rate': 0.1857122872392224, 'reg_alpha': 0.00014808267526309802, 'reg_lambda': 0.33456124817735994}. Best is trial 715 with value: 0.9377859576434285.
Trial 1041 finished with value: 0.0796915287041455 and parameters: {'max_depth': 1, 'min_child_weight': 1, 'gamma': 0.688051521102577, 'subsample': 0.3184685701802422, 'colsample_bytree': 0.38724102099336233, 'learning_rate': 0.08753712030484173, 'reg_alpha': 4.424279350708162, 'reg_lambda': 0.001803284385038471}. Best is trial 715 with value: 0.9377859576434285.
Trial 1043 finished with value: 0.030341809821939604 and parameters: {'max_depth': 1, 'min_child_weight': 4, 'gamma': 0.7842029222110317, 'subsample': 0.4843117277172825, 'colsample_bytree': 0.47459365929620156, 'learning_rate': 0.6808727578670604, 'reg_alpha': 0.029951325982354417, 'reg_lambda': 0.01677808168341592}. Best is trial 715 with value: 0.9377859576434285.
Trial 1032 finished with value: 0.08645322725495776 and parameters: {'max_depth': 10, 'min_child_weight': 3, 'gamma': 0.40705042747502607, 'subsample': 0.9612031554612731, 'colsample_bytree': 0.08842981348087131, 'learning_rate': 0.3403043454727509, 'reg_alpha': 3.814444182071406, 'reg_lambda': 0.8047536191396276}. Best is trial 715 with value: 0.9377859576434285.
Trial 1022 finished with value: 0.4245866360422246 and parameters: {'max_depth': 8, 'min_child_weight': 5, 'gamma': 0.5814406538649259, 'subsample': 0.40316664350742193, 'colsample_bytree': 0.4781657313575576, 'learning_rate': 0.8269324406121816, 'reg_alpha': 0.0016248143947281948, 'reg_lambda': 0.14834254868143482}. Best is trial 715 with value: 0.9377859576434285.
Trial 1029 finished with value: -657251206.8130287 and parameters: {'max_depth': 9, 'min_child_weight': 1, 'gamma': 0.47009169539108797, 'subsample': 0.084536437749971, 'colsample_bytree': 0.12186575672886313, 'learning_rate': 0.7507786020865879, 'reg_alpha': 0.3639843048601172, 'reg_lambda': 0.10297012721793584}. Best is trial 715 with value: 0.9377859576434285.
Trial 1024 finished with value: 0.8387512904967723 and parameters: {'max_depth': 6, 'min_child_weight': 3, 'gamma': 0.04183016807992712, 'subsample': 0.6583684541703326, 'colsample_bytree': 0.6554254760510428, 'learning_rate': 0.8440943094310319, 'reg_alpha': 0.3402864272001246, 'reg_lambda': 0.031189768773917704}. Best is trial 715 with value: 0.9377859576434285.
Trial 1030 finished with value: -24827.174119099218 and parameters: {'max_depth': 5, 'min_child_weight': 1, 'gamma': 0.21769267541413617, 'subsample': 0.16763920769187401, 'colsample_bytree': 0.5413248239082791, 'learning_rate': 0.571945970952922, 'reg_alpha': 0.005884319232776895, 'reg_lambda': 0.0013771970398450783}. Best is trial 715 with value: 0.9377859576434285.
Trial 1014 finished with value: 0.9054583025367007 and parameters: {'max_depth': 10, 'min_child_weight': 4, 'gamma': 0.997884205486508, 'subsample': 0.4454627853154237, 'colsample_bytree': 0.981209275561315, 'learning_rate': 0.23987815172166727, 'reg_alpha': 0.0024554153119533237, 'reg_lambda': 0.004694335610594711}. Best is trial 715 with value: 0.9377859576434285.
Trial 1031 finished with value: 0.8537259256666252 and parameters: {'max_depth': 5, 'min_child_weight': 1, 'gamma': 0.3517097827584046, 'subsample': 0.8569185003433993, 'colsample_bytree': 0.8187858238796788, 'learning_rate': 0.8687863337816752, 'reg_alpha': 0.018067276089185996, 'reg_lambda': 0.2977311639647694}. Best is trial 715 with value: 0.9377859576434285.
Trial 1050 finished with value: 0.5590691910685703 and parameters: {'max_depth': 3, 'min_child_weight': 1, 'gamma': 0.44859718376646873, 'subsample': 0.19915875724906706, 'colsample_bytree': 0.6876546168587191, 'learning_rate': 0.07253778911693143, 'reg_alpha': 0.02696965940152814, 'reg_lambda': 0.03636793606472461}. Best is trial 715 with value: 0.9377859576434285.
Trial 1051 finished with value: 0.5621659021035388 and parameters: {'max_depth': 3, 'min_child_weight': 1, 'gamma': 0.8135677947795121, 'subsample': 0.42242629834628254, 'colsample_bytree': 0.6286650137121368, 'learning_rate': 0.053828245527315355, 'reg_alpha': 0.0001085052824263569, 'reg_lambda': 0.016799566186190783}. Best is trial 715 with value: 0.9377859576434285.
Trial 1017 finished with value: 0.9163944977611341 and parameters: {'max_depth': 8, 'min_child_weight': 2, 'gamma': 0.10128431090668166, 'subsample': 0.6527989206000617, 'colsample_bytree': 0.8909439911404442, 'learning_rate': 0.36701319089612383, 'reg_alpha': 0.0003751029253468758, 'reg_lambda': 0.9625324600941633}. Best is trial 715 with value: 0.9377859576434285.
Trial 1045 finished with value: 0.7799481049428854 and parameters: {'max_depth': 4, 'min_child_weight': 4, 'gamma': 0.48387848585091964, 'subsample': 0.8676389552935878, 'colsample_bytree': 0.5180629467123838, 'learning_rate': 0.6921239527676573, 'reg_alpha': 0.11740738909983765, 'reg_lambda': 0.15445982956441065}. Best is trial 715 with value: 0.9377859576434285.
Trial 1048 finished with value: 0.6639987221938903 and parameters: {'max_depth': 4, 'min_child_weight': 2, 'gamma': 0.877500900262693, 'subsample': 0.5383831733283957, 'colsample_bytree': 0.25940681989868497, 'learning_rate': 0.16325516160885323, 'reg_alpha': 1.4744558169519844, 'reg_lambda': 0.0035447618227531304}. Best is trial 715 with value: 0.9377859576434285.
Trial 1055 finished with value: 0.21491926537075043 and parameters: {'max_depth': 2, 'min_child_weight': 2, 'gamma': 0.8765470672388035, 'subsample': 0.051175278165209726, 'colsample_bytree': 0.9893200950485688, 'learning_rate': 0.01530245818615461, 'reg_alpha': 0.519683005432378, 'reg_lambda': 0.02011686593953615}. Best is trial 715 with value: 0.9377859576434285.
Trial 1047 finished with value: -1542.897521187442 and parameters: {'max_depth': 6, 'min_child_weight': 4, 'gamma': 0.6567729471237344, 'subsample': 0.13259676339975668, 'colsample_bytree': 0.35117723390305255, 'learning_rate': 0.7802983329315609, 'reg_alpha': 0.00023194167817483494, 'reg_lambda': 0.0002149200594295484}. Best is trial 715 with value: 0.9377859576434285.
Trial 1052 finished with value: 0.6219848882858643 and parameters: {'max_depth': 4, 'min_child_weight': 5, 'gamma': 0.5707738445266606, 'subsample': 0.22558920789811654, 'colsample_bytree': 0.9512647054834499, 'learning_rate': 0.07252756925600279, 'reg_alpha': 0.0017929733149026972, 'reg_lambda': 0.0006489512635341376}. Best is trial 715 with value: 0.9377859576434285.
Trial 1027 finished with value: 0.8864888764290139 and parameters: {'max_depth': 9, 'min_child_weight': 5, 'gamma': 0.3954450504700039, 'subsample': 0.6980177163819834, 'colsample_bytree': 0.8606641947455452, 'learning_rate': 0.8646728682231886, 'reg_alpha': 0.0003921602754467926, 'reg_lambda': 0.02973392541776325}. Best is trial 715 with value: 0.9377859576434285.
Trial 1033 finished with value: 0.8800584819828019 and parameters: {'max_depth': 7, 'min_child_weight': 4, 'gamma': 0.25861300370234774, 'subsample': 0.49586834111534306, 'colsample_bytree': 0.92212433063808, 'learning_rate': 0.43233620679695106, 'reg_alpha': 0.7714292586746437, 'reg_lambda': 0.07387613002538324}. Best is trial 715 with value: 0.9377859576434285.
Trial 1064 finished with value: 0.06911275998045482 and parameters: {'max_depth': 1, 'min_child_weight': 5, 'gamma': 0.5714672116363813, 'subsample': 0.41806094040628117, 'colsample_bytree': 0.0391385243730864, 'learning_rate': 0.27722580550758236, 'reg_alpha': 0.06678295482268182, 'reg_lambda': 0.28647163787521146}. Best is trial 715 with value: 0.9377859576434285.
Trial 1044 finished with value: 0.7390960524612933 and parameters: {'max_depth': 7, 'min_child_weight': 5, 'gamma': 0.10944339755643151, 'subsample': 0.3645693846708923, 'colsample_bytree': 0.7581689131216484, 'learning_rate': 0.678361374722299, 'reg_alpha': 0.00016755810601917152, 'reg_lambda': 4.060833544479103}. Best is trial 715 with value: 0.9377859576434285.
Trial 1034 finished with value: 0.9043627001566362 and parameters: {'max_depth': 8, 'min_child_weight': 4, 'gamma': 0.1814158331176815, 'subsample': 0.8067283261287147, 'colsample_bytree': 0.8245473624425143, 'learning_rate': 0.7976920961490628, 'reg_alpha': 0.5003267376238434, 'reg_lambda': 0.0006399089353413522}. Best is trial 715 with value: 0.9377859576434285.
Trial 1049 finished with value: -8575.326428628985 and parameters: {'max_depth': 10, 'min_child_weight': 5, 'gamma': 0.9134336615624705, 'subsample': 0.22899368766926076, 'colsample_bytree': 0.8088771107093151, 'learning_rate': 0.9722607537921379, 'reg_alpha': 0.002334104442725005, 'reg_lambda': 0.702779408624173}. Best is trial 715 with value: 0.9377859576434285.
Trial 1058 finished with value: 0.6876757890009291 and parameters: {'max_depth': 3, 'min_child_weight': 4, 'gamma': 0.34349446473613154, 'subsample': 0.9641970725697592, 'colsample_bytree': 0.9901581456586188, 'learning_rate': 0.13662324225416567, 'reg_alpha': 0.5358576993826043, 'reg_lambda': 0.00022012533070360534}. Best is trial 715 with value: 0.9377859576434285.
Trial 1037 finished with value: 0.793063380528043 and parameters: {'max_depth': 9, 'min_child_weight': 5, 'gamma': 0.2974759441927062, 'subsample': 0.758133570028326, 'colsample_bytree': 0.2642034692161521, 'learning_rate': 0.19319630491727202, 'reg_alpha': 0.003053041399274238, 'reg_lambda': 0.0027433234691175224}. Best is trial 715 with value: 0.9377859576434285.
Trial 1042 finished with value: 0.8218537940044555 and parameters: {'max_depth': 9, 'min_child_weight': 2, 'gamma': 0.7784986732401898, 'subsample': 0.7396681828742547, 'colsample_bytree': 0.3140706310351049, 'learning_rate': 0.17668566709757205, 'reg_alpha': 0.020576680215959164, 'reg_lambda': 5.6214179042820485}. Best is trial 715 with value: 0.9377859576434285.
Trial 1056 finished with value: 0.4229297611538984 and parameters: {'max_depth': 6, 'min_child_weight': 5, 'gamma': 0.946448407853437, 'subsample': 0.19463854007928627, 'colsample_bytree': 0.3972623699863044, 'learning_rate': 0.015216393666818595, 'reg_alpha': 2.4756294979760494, 'reg_lambda': 0.00026742228234022256}. Best is trial 715 with value: 0.9377859576434285.
Trial 1038 finished with value: 0.9000612356721599 and parameters: {'max_depth': 8, 'min_child_weight': 4, 'gamma': 0.19899708774310143, 'subsample': 0.5369267336055958, 'colsample_bytree': 0.754122146634221, 'learning_rate': 0.32683290742709015, 'reg_alpha': 0.00026727333056878274, 'reg_lambda': 1.9294163604681325}. Best is trial 715 with value: 0.9377859576434285.
Trial 1074 finished with value: -2.28282176448779 and parameters: {'max_depth': 3, 'min_child_weight': 5, 'gamma': 0.34783365558647417, 'subsample': 0.012547232175883272, 'colsample_bytree': 0.46194225037658, 'learning_rate': 0.5574888198398863, 'reg_alpha': 0.03548510733780831, 'reg_lambda': 1.9396470225374758}. Best is trial 715 with value: 0.9377859576434285.
Trial 1062 finished with value: 0.0010369983966067476 and parameters: {'max_depth': 6, 'min_child_weight': 5, 'gamma': 0.6849108207201744, 'subsample': 0.5212273670444513, 'colsample_bytree': 0.028271307801906453, 'learning_rate': 0.846257115793264, 'reg_alpha': 0.0012580732790612933, 'reg_lambda': 0.006458412737367571}. Best is trial 715 with value: 0.9377859576434285.
Trial 1057 finished with value: 0.7760619833549359 and parameters: {'max_depth': 5, 'min_child_weight': 4, 'gamma': 0.5927787791932037, 'subsample': 0.45217763848680703, 'colsample_bytree': 0.624157027733357, 'learning_rate': 0.3038762058690846, 'reg_alpha': 0.00012197877341142663, 'reg_lambda': 1.4783966682358365}. Best is trial 715 with value: 0.9377859576434285.
Trial 1039 finished with value: 0.9002694662527102 and parameters: {'max_depth': 8, 'min_child_weight': 3, 'gamma': 0.8886127895391345, 'subsample': 0.7842961906370319, 'colsample_bytree': 0.659099767784464, 'learning_rate': 0.10595597885713248, 'reg_alpha': 0.5064356148203335, 'reg_lambda': 0.7687524479367877}. Best is trial 715 with value: 0.9377859576434285.
Trial 1061 finished with value: 0.2744385604411463 and parameters: {'max_depth': 4, 'min_child_weight': 1, 'gamma': 0.018656406418598004, 'subsample': 0.24697675829771193, 'colsample_bytree': 0.40400753286546043, 'learning_rate': 0.41679936266512696, 'reg_alpha': 0.08741067510499861, 'reg_lambda': 0.002670005910007902}. Best is trial 715 with value: 0.9377859576434285.
Trial 1067 finished with value: 0.526116930144451 and parameters: {'max_depth': 3, 'min_child_weight': 2, 'gamma': 0.4487752974072864, 'subsample': 0.6053305692239758, 'colsample_bytree': 0.17867533257508506, 'learning_rate': 0.28094221532899344, 'reg_alpha': 0.30982009209264766, 'reg_lambda': 0.01092464229994019}. Best is trial 715 with value: 0.9377859576434285.
Trial 1046 finished with value: 0.8881042522377188 and parameters: {'max_depth': 8, 'min_child_weight': 4, 'gamma': 0.5293283857992681, 'subsample': 0.5486802331301421, 'colsample_bytree': 0.8521977530835331, 'learning_rate': 0.46378624776263777, 'reg_alpha': 0.024393292441306155, 'reg_lambda': 3.979291095985748}. Best is trial 715 with value: 0.9377859576434285.
Trial 1053 finished with value: 0.8844579858973508 and parameters: {'max_depth': 8, 'min_child_weight': 3, 'gamma': 0.43446688573373693, 'subsample': 0.8712118915540409, 'colsample_bytree': 0.7169357085337446, 'learning_rate': 0.5038111360968012, 'reg_alpha': 1.5382181710898228, 'reg_lambda': 0.00014869979995482517}. Best is trial 715 with value: 0.9377859576434285.
Trial 1063 finished with value: 0.8305861512170735 and parameters: {'max_depth': 4, 'min_child_weight': 1, 'gamma': 0.7624051203279728, 'subsample': 0.5587793173606443, 'colsample_bytree': 0.947526135608663, 'learning_rate': 0.6711470206374394, 'reg_alpha': 0.06075741619676334, 'reg_lambda': 9.980228444080256}. Best is trial 715 with value: 0.9377859576434285.
Trial 1069 finished with value: -4.3081439978475487e+21 and parameters: {'max_depth': 3, 'min_child_weight': 1, 'gamma': 0.2089374016594684, 'subsample': 0.1153462338545882, 'colsample_bytree': 0.9058218155583152, 'learning_rate': 0.9901241604683635, 'reg_alpha': 0.0012369451200728873, 'reg_lambda': 0.4001719367246367}. Best is trial 715 with value: 0.9377859576434285.
Trial 1068 finished with value: 0.3012697347711735 and parameters: {'max_depth': 4, 'min_child_weight': 2, 'gamma': 0.9110677106704913, 'subsample': 0.11164606673190369, 'colsample_bytree': 0.22955196466492467, 'learning_rate': 0.4269743025252002, 'reg_alpha': 0.029288113391827988, 'reg_lambda': 8.995004666630628}. Best is trial 715 with value: 0.9377859576434285.
Trial 1054 finished with value: 0.7392341973652605 and parameters: {'max_depth': 8, 'min_child_weight': 5, 'gamma': 0.11828170488093082, 'subsample': 0.9705454131335362, 'colsample_bytree': 0.3808768836049041, 'learning_rate': 0.01969953759219345, 'reg_alpha': 0.004175921307715667, 'reg_lambda': 0.9258947709123903}. Best is trial 715 with value: 0.9377859576434285.
