Trial 3083 finished with value: -2.165018545394 and parameters: {'max_depth': 2, 'min_child_weight': 3, 'gamma': 0.6868412165343056, 'subsample': 0.17987941460253076, 'colsample_bytree': 0.8575114071562261, 'learning_rate': 0.802644403361498, 'reg_alpha': 0.015272278751039078, 'reg_lambda': 0.009098975058995639}. Best is trial 715 with value: 0.9377859576434285.
Trial 3081 finished with value: 0.24797586747963324 and parameters: {'max_depth': 4, 'min_child_weight': 5, 'gamma': 0.6627790905321085, 'subsample': 0.167917117857738, 'colsample_bytree': 0.6344869517787761, 'learning_rate': 0.004550558723020459, 'reg_alpha': 0.02009144535184147, 'reg_lambda': 0.0003607265420179426}. Best is trial 715 with value: 0.9377859576434285.
Trial 3090 finished with value: 0.07571976277317909 and parameters: {'max_depth': 1, 'min_child_weight': 4, 'gamma': 0.8282126559502998, 'subsample': 0.3847455177169339, 'colsample_bytree': 0.655531502152694, 'learning_rate': 0.17594265204628934, 'reg_alpha': 0.001150410061863117, 'reg_lambda': 0.000400851111437768}. Best is trial 715 with value: 0.9377859576434285.
Trial 3077 finished with value: 0.21462590736609619 and parameters: {'max_depth': 10, 'min_child_weight': 2, 'gamma': 0.7518140969372695, 'subsample': 0.17810009987952324, 'colsample_bytree': 0.11279373341174159, 'learning_rate': 0.48838118555674526, 'reg_alpha': 2.679859722952783, 'reg_lambda': 1.9285064141897257}. Best is trial 715 with value: 0.9377859576434285.
Trial 3092 finished with value: 0.05810015211107419 and parameters: {'max_depth': 1, 'min_child_weight': 3, 'gamma': 0.5749562889530662, 'subsample': 0.2155468249816923, 'colsample_bytree': 0.9560324242160392, 'learning_rate': 0.24943277383004492, 'reg_alpha': 0.02563284038392717, 'reg_lambda': 2.138628920164138}. Best is trial 715 with value: 0.9377859576434285.
Trial 3078 finished with value: -111.36161559434498 and parameters: {'max_depth': 5, 'min_child_weight': 1, 'gamma': 0.3643587080371131, 'subsample': 0.10578615920168055, 'colsample_bytree': 0.32538159294401214, 'learning_rate': 0.4147568437467948, 'reg_alpha': 0.004552943507108271, 'reg_lambda': 0.002417214789932926}. Best is trial 715 with value: 0.9377859576434285.
Trial 3073 finished with value: -4.59962940960253e+35 and parameters: {'max_depth': 9, 'min_child_weight': 1, 'gamma': 0.8620582194749727, 'subsample': 0.10286539445310772, 'colsample_bytree': 0.17016193039060323, 'learning_rate': 0.9405045132668679, 'reg_alpha': 0.019647419000060114, 'reg_lambda': 0.007910562803694898}. Best is trial 715 with value: 0.9377859576434285.
Trial 3087 finished with value: 0.492736123759357 and parameters: {'max_depth': 3, 'min_child_weight': 3, 'gamma': 0.9671732297439944, 'subsample': 0.9904294437233916, 'colsample_bytree': 0.1238694671302002, 'learning_rate': 0.500032592466056, 'reg_alpha': 0.0005241831695787281, 'reg_lambda': 0.006142367267299407}. Best is trial 715 with value: 0.9377859576434285.
Trial 3097 finished with value: 0.07230533267860156 and parameters: {'max_depth': 1, 'min_child_weight': 1, 'gamma': 0.31612126004910357, 'subsample': 0.180603280930264, 'colsample_bytree': 0.22536428715017942, 'learning_rate': 0.1261998746538766, 'reg_alpha': 0.0008610464908721822, 'reg_lambda': 0.6546086922082227}. Best is trial 715 with value: 0.9377859576434285.
Trial 3093 finished with value: 0.3726264988434023 and parameters: {'max_depth': 2, 'min_child_weight': 5, 'gamma': 0.9058297483692686, 'subsample': 0.5430620383728775, 'colsample_bytree': 0.419499894717578, 'learning_rate': 0.8319833174668432, 'reg_alpha': 0.0022469038537104072, 'reg_lambda': 0.0001441810645317898}. Best is trial 715 with value: 0.9377859576434285.
Trial 3064 finished with value: 0.8942512356998232 and parameters: {'max_depth': 8, 'min_child_weight': 3, 'gamma': 0.4985158210791668, 'subsample': 0.7804416270892778, 'colsample_bytree': 0.575990759112703, 'learning_rate': 0.17727280926864397, 'reg_alpha': 0.00048521979022548775, 'reg_lambda': 5.613264100014542}. Best is trial 715 with value: 0.9377859576434285.
Trial 3100 finished with value: 0.09271903614650602 and parameters: {'max_depth': 1, 'min_child_weight': 3, 'gamma': 0.25035059381786884, 'subsample': 0.7399963799801175, 'colsample_bytree': 0.5648186892692652, 'learning_rate': 0.4294783868240125, 'reg_alpha': 0.021596272479659947, 'reg_lambda': 0.11827881733964403}. Best is trial 715 with value: 0.9377859576434285.
Trial 3089 finished with value: 0.3343966457698741 and parameters: {'max_depth': 3, 'min_child_weight': 2, 'gamma': 0.6237849696175934, 'subsample': 0.20413253952037747, 'colsample_bytree': 0.3168125381188176, 'learning_rate': 0.3617717621460015, 'reg_alpha': 0.0031901855127512632, 'reg_lambda': 1.1940476935066484}. Best is trial 715 with value: 0.9377859576434285.
Trial 3085 finished with value: 0.056344857587391294 and parameters: {'max_depth': 10, 'min_child_weight': 4, 'gamma': 0.7461591849255252, 'subsample': 0.6503862174618527, 'colsample_bytree': 0.004285035115971336, 'learning_rate': 0.5768926483990602, 'reg_alpha': 0.0003329560381189818, 'reg_lambda': 0.0028110700698422805}. Best is trial 715 with value: 0.9377859576434285.
Trial 3082 finished with value: 0.7315669536355595 and parameters: {'max_depth': 6, 'min_child_weight': 3, 'gamma': 0.9112652636076964, 'subsample': 0.35466732891077624, 'colsample_bytree': 0.4066152053001403, 'learning_rate': 0.13758716257616532, 'reg_alpha': 0.00012233875924653356, 'reg_lambda': 0.00013661033736547974}. Best is trial 715 with value: 0.9377859576434285.
Trial 3067 finished with value: 0.8672139471084241 and parameters: {'max_depth': 9, 'min_child_weight': 4, 'gamma': 0.23367832431508495, 'subsample': 0.6662336699080029, 'colsample_bytree': 0.640455143001607, 'learning_rate': 0.7604205512855101, 'reg_alpha': 0.2014406960675786, 'reg_lambda': 0.4734420277725014}. Best is trial 715 with value: 0.9377859576434285.
Trial 3091 finished with value: 0.3993688011189283 and parameters: {'max_depth': 4, 'min_child_weight': 3, 'gamma': 0.4227075064326653, 'subsample': 0.259987409664975, 'colsample_bytree': 0.25391823380648937, 'learning_rate': 0.5595850110882052, 'reg_alpha': 0.04102092915833188, 'reg_lambda': 1.121633812414056}. Best is trial 715 with value: 0.9377859576434285.
Trial 3071 finished with value: 0.9113432904339753 and parameters: {'max_depth': 9, 'min_child_weight': 3, 'gamma': 0.04960566803780497, 'subsample': 0.9388861549114805, 'colsample_bytree': 0.7126861266521087, 'learning_rate': 0.440694848267863, 'reg_alpha': 0.24858218844160518, 'reg_lambda': 0.001635992122917378}. Best is trial 715 with value: 0.9377859576434285.
Trial 3106 finished with value: -6.130613782024699 and parameters: {'max_depth': 3, 'min_child_weight': 2, 'gamma': 0.6984310726830326, 'subsample': 0.0018849537017489038, 'colsample_bytree': 0.6984576062700513, 'learning_rate': 0.254817844337637, 'reg_alpha': 0.7195014774677152, 'reg_lambda': 1.5673102248570763}. Best is trial 715 with value: 0.9377859576434285.
Trial 3109 finished with value: -3.9451697317868972 and parameters: {'max_depth': 2, 'min_child_weight': 3, 'gamma': 0.10215844994392764, 'subsample': 0.00500565914035811, 'colsample_bytree': 0.5239219358543463, 'learning_rate': 0.09440462217355539, 'reg_alpha': 0.14724207593704755, 'reg_lambda': 0.03847152355835928}. Best is trial 715 with value: 0.9377859576434285.
Trial 3102 finished with value: 0.4573407369283927 and parameters: {'max_depth': 2, 'min_child_weight': 5, 'gamma': 0.8618751347079049, 'subsample': 0.5591068500218243, 'colsample_bytree': 0.8586613273144221, 'learning_rate': 0.1463002818113902, 'reg_alpha': 3.9093078019754803, 'reg_lambda': 0.21081826005518411}. Best is trial 715 with value: 0.9377859576434285.
Trial 3080 finished with value: 0.7388323685747049 and parameters: {'max_depth': 9, 'min_child_weight': 5, 'gamma': 0.15906229837768793, 'subsample': 0.4956983006847262, 'colsample_bytree': 0.46293640933157154, 'learning_rate': 0.6391964985397913, 'reg_alpha': 1.1169761261447393, 'reg_lambda': 0.0005967111666049773}. Best is trial 715 with value: 0.9377859576434285.
Trial 3099 finished with value: -0.6423329247452079 and parameters: {'max_depth': 10, 'min_child_weight': 3, 'gamma': 0.8214531146633152, 'subsample': 0.17797298466993272, 'colsample_bytree': 0.05134369614813272, 'learning_rate': 0.9303302693142724, 'reg_alpha': 0.006962564044902728, 'reg_lambda': 0.08920588845637062}. Best is trial 715 with value: 0.9377859576434285.
Trial 3084 finished with value: 0.8126966684253163 and parameters: {'max_depth': 6, 'min_child_weight': 2, 'gamma': 0.5847340093512059, 'subsample': 0.6598843826580092, 'colsample_bytree': 0.45143893590465256, 'learning_rate': 0.3605293979566919, 'reg_alpha': 0.9073656105366864, 'reg_lambda': 0.05775322495587043}. Best is trial 715 with value: 0.9377859576434285.
Trial 3098 finished with value: 0.7556711889560476 and parameters: {'max_depth': 4, 'min_child_weight': 5, 'gamma': 0.6789596509411111, 'subsample': 0.7404985072987761, 'colsample_bytree': 0.6954520649466498, 'learning_rate': 0.13950293155139915, 'reg_alpha': 0.0005004309094982078, 'reg_lambda': 0.0010324370801093926}. Best is trial 715 with value: 0.9377859576434285.
Trial 3116 finished with value: -0.4269828539687736 and parameters: {'max_depth': 1, 'min_child_weight': 2, 'gamma': 0.9733433762545741, 'subsample': 0.04281498158646768, 'colsample_bytree': 0.8781580197040213, 'learning_rate': 0.3759797360231303, 'reg_alpha': 0.12599006224498654, 'reg_lambda': 0.0005931849353889668}. Best is trial 715 with value: 0.9377859576434285.
Trial 3095 finished with value: 0.3655938731815179 and parameters: {'max_depth': 10, 'min_child_weight': 3, 'gamma': 0.47950160858701574, 'subsample': 0.1495312394570073, 'colsample_bytree': 0.18682501643815752, 'learning_rate': 0.21507717546546412, 'reg_alpha': 0.00010019550770988307, 'reg_lambda': 0.09438713434326326}. Best is trial 715 with value: 0.9377859576434285.
Trial 3069 finished with value: 0.8978114774114839 and parameters: {'max_depth': 9, 'min_child_weight': 2, 'gamma': 0.9268674165764044, 'subsample': 0.6611562113330186, 'colsample_bytree': 0.7529556414769581, 'learning_rate': 0.6346356442994612, 'reg_alpha': 0.0013777077413033062, 'reg_lambda': 0.006924340982939465}. Best is trial 715 with value: 0.9377859576434285.
Trial 3101 finished with value: 0.49827046746920595 and parameters: {'max_depth': 8, 'min_child_weight': 2, 'gamma': 0.03949059714061276, 'subsample': 0.8553415787100264, 'colsample_bytree': 0.11607319179182174, 'learning_rate': 0.15340930801128372, 'reg_alpha': 7.1096476101836155, 'reg_lambda': 0.005279258662225895}. Best is trial 715 with value: 0.9377859576434285.
Trial 3066 finished with value: 0.9240154967379829 and parameters: {'max_depth': 10, 'min_child_weight': 3, 'gamma': 0.18378821782653731, 'subsample': 0.8899176974704379, 'colsample_bytree': 0.8521142602548546, 'learning_rate': 0.6125435377520978, 'reg_alpha': 0.02905100792799082, 'reg_lambda': 0.005078618569846348}. Best is trial 715 with value: 0.9377859576434285.
Trial 3105 finished with value: 0.7292029777904991 and parameters: {'max_depth': 4, 'min_child_weight': 1, 'gamma': 0.3005673031726751, 'subsample': 0.6832448365498999, 'colsample_bytree': 0.40146235890359405, 'learning_rate': 0.19784328832699272, 'reg_alpha': 1.1945118075657868, 'reg_lambda': 1.9706767043019144}. Best is trial 715 with value: 0.9377859576434285.
Trial 3121 finished with value: 0.09432992449622854 and parameters: {'max_depth': 1, 'min_child_weight': 2, 'gamma': 0.5413103067990751, 'subsample': 0.7611148923701295, 'colsample_bytree': 0.872537585900803, 'learning_rate': 0.23771307825849275, 'reg_alpha': 1.083408664084127, 'reg_lambda': 7.254453655888286}. Best is trial 715 with value: 0.9377859576434285.
Trial 3086 finished with value: 0.8283937121653736 and parameters: {'max_depth': 8, 'min_child_weight': 3, 'gamma': 0.867656772295556, 'subsample': 0.5788871585199117, 'colsample_bytree': 0.43779862943347736, 'learning_rate': 0.8623110464661006, 'reg_alpha': 0.04233018528426819, 'reg_lambda': 2.326741847437452}. Best is trial 715 with value: 0.9377859576434285.
Trial 3096 finished with value: 0.6939770613457888 and parameters: {'max_depth': 6, 'min_child_weight': 1, 'gamma': 0.4928347007515326, 'subsample': 0.239061528688417, 'colsample_bytree': 0.570701402019695, 'learning_rate': 0.38210396231568955, 'reg_alpha': 0.2867726203128244, 'reg_lambda': 0.002017135665714286}. Best is trial 715 with value: 0.9377859576434285.
Trial 3123 finished with value: -1.1021132968995828 and parameters: {'max_depth': 1, 'min_child_weight': 3, 'gamma': 0.3594918566230172, 'subsample': 0.09460750309218302, 'colsample_bytree': 0.09217810895769274, 'learning_rate': 0.6996792464586048, 'reg_alpha': 0.10576068663416321, 'reg_lambda': 0.0017305364647184156}. Best is trial 715 with value: 0.9377859576434285.
Trial 3104 finished with value: 0.5157811644546333 and parameters: {'max_depth': 7, 'min_child_weight': 1, 'gamma': 0.35610024584114697, 'subsample': 0.0815534397718275, 'colsample_bytree': 0.5583795687129349, 'learning_rate': 0.26271763650747115, 'reg_alpha': 0.00026129393947448655, 'reg_lambda': 4.6477940775705235}. Best is trial 715 with value: 0.9377859576434285.
Trial 3103 finished with value: 0.7225599520891959 and parameters: {'max_depth': 6, 'min_child_weight': 3, 'gamma': 0.7305836348490556, 'subsample': 0.782075706754479, 'colsample_bytree': 0.14287970908000613, 'learning_rate': 0.7612709404850693, 'reg_alpha': 0.041088281981560615, 'reg_lambda': 0.0013372613969630095}. Best is trial 715 with value: 0.9377859576434285.
Trial 3111 finished with value: 0.627512400046518 and parameters: {'max_depth': 4, 'min_child_weight': 5, 'gamma': 0.6298070553069552, 'subsample': 0.28554706650520445, 'colsample_bytree': 0.8038268410314832, 'learning_rate': 0.401703077295807, 'reg_alpha': 0.0001095636274745883, 'reg_lambda': 0.12017856745314441}. Best is trial 715 with value: 0.9377859576434285.
Trial 3118 finished with value: 0.1014458456437938 and parameters: {'max_depth': 4, 'min_child_weight': 5, 'gamma': 0.34815865336779306, 'subsample': 0.5825056263344032, 'colsample_bytree': 0.04457431482465468, 'learning_rate': 0.042248574012389906, 'reg_alpha': 0.040481832104902075, 'reg_lambda': 0.02122621601521332}. Best is trial 715 with value: 0.9377859576434285.
Trial 3110 finished with value: 0.47641483675054286 and parameters: {'max_depth': 7, 'min_child_weight': 5, 'gamma': 0.9222385658994788, 'subsample': 0.1796745342908176, 'colsample_bytree': 0.47001213612011905, 'learning_rate': 0.3171099501450644, 'reg_alpha': 4.712459935707602, 'reg_lambda': 0.1292263360433263}. Best is trial 715 with value: 0.9377859576434285.
Trial 3120 finished with value: 0.5464787150781851 and parameters: {'max_depth': 3, 'min_child_weight': 2, 'gamma': 0.4643136140105374, 'subsample': 0.260591264766741, 'colsample_bytree': 0.5627213823265269, 'learning_rate': 0.09675815479065653, 'reg_alpha': 5.0379397434696696, 'reg_lambda': 0.6888572231245442}. Best is trial 715 with value: 0.9377859576434285.
Trial 3088 finished with value: 0.908639900768857 and parameters: {'max_depth': 8, 'min_child_weight': 2, 'gamma': 0.843342770637676, 'subsample': 0.9186700947118792, 'colsample_bytree': 0.5431846049216839, 'learning_rate': 0.09708383882865734, 'reg_alpha': 0.04657416125719059, 'reg_lambda': 0.01608336563978514}. Best is trial 715 with value: 0.9377859576434285.
Trial 3119 finished with value: -237045354125.51025 and parameters: {'max_depth': 5, 'min_child_weight': 5, 'gamma': 0.3583963753410142, 'subsample': 0.10024318687638656, 'colsample_bytree': 0.6283746718737483, 'learning_rate': 0.9758225111542393, 'reg_alpha': 0.1600020394184377, 'reg_lambda': 0.0011045655261037789}. Best is trial 715 with value: 0.9377859576434285.
Trial 3094 finished with value: 0.765563580650088 and parameters: {'max_depth': 9, 'min_child_weight': 4, 'gamma': 0.07967544592201226, 'subsample': 0.5133541178132048, 'colsample_bytree': 0.5269748758469136, 'learning_rate': 0.8244084275671504, 'reg_alpha': 0.04977526004604947, 'reg_lambda': 0.04912129921147366}. Best is trial 715 with value: 0.9377859576434285.
Trial 3127 finished with value: 0.48050258250227995 and parameters: {'max_depth': 2, 'min_child_weight': 2, 'gamma': 0.6506351084712609, 'subsample': 0.9105693565559031, 'colsample_bytree': 0.6780380385043354, 'learning_rate': 0.5837012199583298, 'reg_alpha': 5.456037494378908, 'reg_lambda': 0.3904568802484858}. Best is trial 715 with value: 0.9377859576434285.
Trial 3113 finished with value: 0.8667086327210252 and parameters: {'max_depth': 8, 'min_child_weight': 1, 'gamma': 0.5036895862080791, 'subsample': 0.9159433664182374, 'colsample_bytree': 0.3685466714021455, 'learning_rate': 0.6173007739312695, 'reg_alpha': 2.84581507964864, 'reg_lambda': 1.4808122983937313}. Best is trial 715 with value: 0.9377859576434285.
Trial 3117 finished with value: 0.7356927334204117 and parameters: {'max_depth': 5, 'min_child_weight': 1, 'gamma': 0.7624644283136146, 'subsample': 0.18042293353055738, 'colsample_bytree': 0.7900028025771573, 'learning_rate': 0.17977385148113745, 'reg_alpha': 0.028917234315022352, 'reg_lambda': 0.036462580731975835}. Best is trial 715 with value: 0.9377859576434285.
Trial 3122 finished with value: 0.596243770275188 and parameters: {'max_depth': 4, 'min_child_weight': 5, 'gamma': 0.25873590267079827, 'subsample': 0.20792246259526304, 'colsample_bytree': 0.8672069038806066, 'learning_rate': 0.13409430306650616, 'reg_alpha': 0.0003577604099409129, 'reg_lambda': 0.000464831993787481}. Best is trial 715 with value: 0.9377859576434285.
Trial 3135 finished with value: -0.09693869788364018 and parameters: {'max_depth': 2, 'min_child_weight': 3, 'gamma': 0.5418791932696669, 'subsample': 0.021745960746118564, 'colsample_bytree': 0.8866652549074362, 'learning_rate': 0.14399629655022528, 'reg_alpha': 0.04340197472113042, 'reg_lambda': 0.010030980152932242}. Best is trial 715 with value: 0.9377859576434285.
Trial 3124 finished with value: 0.5377744714815715 and parameters: {'max_depth': 4, 'min_child_weight': 5, 'gamma': 0.9266453687454068, 'subsample': 0.230289448243725, 'colsample_bytree': 0.692439193098034, 'learning_rate': 0.24448519649819278, 'reg_alpha': 0.03043144979410309, 'reg_lambda': 0.0629582798680385}. Best is trial 715 with value: 0.9377859576434285.
Trial 3130 finished with value: 0.09278105315770105 and parameters: {'max_depth': 3, 'min_child_weight': 2, 'gamma': 0.3135203580892464, 'subsample': 0.2370099536192133, 'colsample_bytree': 0.4342059968367348, 'learning_rate': 0.6387338528061928, 'reg_alpha': 7.050679910711495, 'reg_lambda': 0.10308806262062571}. Best is trial 715 with value: 0.9377859576434285.
Trial 3115 finished with value: 0.6188107222290437 and parameters: {'max_depth': 10, 'min_child_weight': 3, 'gamma': 0.7622777996226135, 'subsample': 0.21840554957435332, 'colsample_bytree': 0.26247968085426554, 'learning_rate': 0.26909594316327423, 'reg_alpha': 0.1427318479035482, 'reg_lambda': 0.00010594201211181292}. Best is trial 715 with value: 0.9377859576434285.
Trial 3141 finished with value: -0.43557567592755153 and parameters: {'max_depth': 1, 'min_child_weight': 3, 'gamma': 0.5211226118781639, 'subsample': 0.1747833111939845, 'colsample_bytree': 0.2311855406264054, 'learning_rate': 0.936992054658587, 'reg_alpha': 0.05340284221234704, 'reg_lambda': 0.00482744120026312}. Best is trial 715 with value: 0.9377859576434285.
Trial 3137 finished with value: 0.46800069408840134 and parameters: {'max_depth': 2, 'min_child_weight': 5, 'gamma': 0.9659531134028485, 'subsample': 0.8559332793474601, 'colsample_bytree': 0.2746457657150714, 'learning_rate': 0.6187310818000943, 'reg_alpha': 2.627797935179063, 'reg_lambda': 0.38488838809510817}. Best is trial 715 with value: 0.9377859576434285.
Trial 3125 finished with value: -388419867.40152365 and parameters: {'max_depth': 10, 'min_child_weight': 1, 'gamma': 0.9191244814475886, 'subsample': 0.04879452184032251, 'colsample_bytree': 0.10281697934718304, 'learning_rate': 0.58109248867876, 'reg_alpha': 0.3210931652628635, 'reg_lambda': 0.012307200350183938}. Best is trial 715 with value: 0.9377859576434285.
Trial 3114 finished with value: 0.9019764786819295 and parameters: {'max_depth': 8, 'min_child_weight': 4, 'gamma': 0.7704306774979833, 'subsample': 0.8250469127647623, 'colsample_bytree': 0.4772739734098701, 'learning_rate': 0.5250035979865504, 'reg_alpha': 0.18487294258778525, 'reg_lambda': 0.0005907985258102284}. Best is trial 715 with value: 0.9377859576434285.
Trial 3138 finished with value: 0.09854114247431123 and parameters: {'max_depth': 6, 'min_child_weight': 4, 'gamma': 0.3159479737260493, 'subsample': 0.3481422890657998, 'colsample_bytree': 0.014725519234440765, 'learning_rate': 0.02036239819478103, 'reg_alpha': 1.4058155600712883, 'reg_lambda': 0.0067343806898183785}. Best is trial 715 with value: 0.9377859576434285.
Trial 3134 finished with value: -0.04518519235007564 and parameters: {'max_depth': 10, 'min_child_weight': 5, 'gamma': 0.23126700020175783, 'subsample': 0.1733764783891587, 'colsample_bytree': 0.14409197280658403, 'learning_rate': 0.41353473965027465, 'reg_alpha': 0.18188037521886247, 'reg_lambda': 0.0006044957765272405}. Best is trial 715 with value: 0.9377859576434285.
Trial 3128 finished with value: 0.8829614736767275 and parameters: {'max_depth': 5, 'min_child_weight': 5, 'gamma': 0.5639134545143114, 'subsample': 0.8725976896588367, 'colsample_bytree': 0.7785085690906326, 'learning_rate': 0.3664348479311679, 'reg_alpha': 0.06885319907788233, 'reg_lambda': 3.6570664506270414}. Best is trial 715 with value: 0.9377859576434285.
