Trial 2669 finished with value: 0.4833903978958492 and parameters: {'max_depth': 2, 'min_child_weight': 2, 'gamma': 0.32635457531983236, 'subsample': 0.9866518081556893, 'colsample_bytree': 0.358752596285543, 'learning_rate': 0.9996634299261814, 'reg_alpha': 1.2659918277613988, 'reg_lambda': 0.00047263337756789646}. Best is trial 715 with value: 0.9377859576434285.
Trial 2660 finished with value: 0.26110393917382174 and parameters: {'max_depth': 8, 'min_child_weight': 2, 'gamma': 0.7174670975430949, 'subsample': 0.24719402950301284, 'colsample_bytree': 0.11290214200918891, 'learning_rate': 0.9773569357974023, 'reg_alpha': 2.2704044402882078, 'reg_lambda': 5.656991652519017}. Best is trial 715 with value: 0.9377859576434285.
Trial 2651 finished with value: -1.502760682878119 and parameters: {'max_depth': 9, 'min_child_weight': 3, 'gamma': 0.12551408326027436, 'subsample': 0.1330729217273896, 'colsample_bytree': 0.45738312546682514, 'learning_rate': 0.48333674768049206, 'reg_alpha': 2.4154044734312503, 'reg_lambda': 0.0002839077157697355}. Best is trial 715 with value: 0.9377859576434285.
Trial 2645 finished with value: 0.8005546219432245 and parameters: {'max_depth': 9, 'min_child_weight': 5, 'gamma': 0.848979409590542, 'subsample': 0.635252353419173, 'colsample_bytree': 0.3071895242146405, 'learning_rate': 0.35723663541667205, 'reg_alpha': 0.2543975033775748, 'reg_lambda': 0.000517995177693244}. Best is trial 715 with value: 0.9377859576434285.
Trial 2673 finished with value: 0.3939288194345741 and parameters: {'max_depth': 2, 'min_child_weight': 4, 'gamma': 0.13919348143999188, 'subsample': 0.7774011453439844, 'colsample_bytree': 0.3515100382683285, 'learning_rate': 0.059710044826545294, 'reg_alpha': 4.425685047236554, 'reg_lambda': 0.7694011303231814}. Best is trial 715 with value: 0.9377859576434285.
Trial 2675 finished with value: 0.4117454017514345 and parameters: {'max_depth': 2, 'min_child_weight': 4, 'gamma': 0.7152873116866907, 'subsample': 0.24290881055397673, 'colsample_bytree': 0.8916716331226038, 'learning_rate': 0.12696289710109554, 'reg_alpha': 0.00026672968728311323, 'reg_lambda': 0.011676692531606438}. Best is trial 715 with value: 0.9377859576434285.
Trial 2676 finished with value: -0.5288600232600233 and parameters: {'max_depth': 2, 'min_child_weight': 3, 'gamma': 0.5063329786461667, 'subsample': 0.23650443843532176, 'colsample_bytree': 0.6286172511783423, 'learning_rate': 0.8235266568111379, 'reg_alpha': 0.12577127635395993, 'reg_lambda': 0.010135626466990994}. Best is trial 715 with value: 0.9377859576434285.
Trial 2666 finished with value: 0.09443524303256504 and parameters: {'max_depth': 7, 'min_child_weight': 5, 'gamma': 0.9203426878250174, 'subsample': 0.148985306191731, 'colsample_bytree': 0.3821291911898811, 'learning_rate': 0.3569064373187796, 'reg_alpha': 0.0002204840517637628, 'reg_lambda': 0.00018717853897947032}. Best is trial 715 with value: 0.9377859576434285.
Trial 2685 finished with value: 0.0763749818725157 and parameters: {'max_depth': 1, 'min_child_weight': 3, 'gamma': 0.6974609150525432, 'subsample': 0.6328167203703342, 'colsample_bytree': 0.7705440855952043, 'learning_rate': 0.48365116612120285, 'reg_alpha': 0.01593712659873824, 'reg_lambda': 0.06195698073539727}. Best is trial 715 with value: 0.9377859576434285.
Trial 2667 finished with value: 0.7150903165563192 and parameters: {'max_depth': 5, 'min_child_weight': 1, 'gamma': 0.6824756157406634, 'subsample': 0.9058516761278197, 'colsample_bytree': 0.1419270270034595, 'learning_rate': 0.44727587513892064, 'reg_alpha': 3.2625212865156614, 'reg_lambda': 0.014054834100848535}. Best is trial 715 with value: 0.9377859576434285.
Trial 2661 finished with value: 0.7763242215663861 and parameters: {'max_depth': 6, 'min_child_weight': 5, 'gamma': 0.9845202570310718, 'subsample': 0.3222979679625364, 'colsample_bytree': 0.9111877790473324, 'learning_rate': 0.2456686465990593, 'reg_alpha': 0.04876079012979439, 'reg_lambda': 0.0005609289365444524}. Best is trial 715 with value: 0.9377859576434285.
Trial 2681 finished with value: -2.26484462374621 and parameters: {'max_depth': 2, 'min_child_weight': 3, 'gamma': 0.1388193332668295, 'subsample': 0.21328139189270534, 'colsample_bytree': 0.6229569809091098, 'learning_rate': 0.8810073766739649, 'reg_alpha': 0.18838859271021946, 'reg_lambda': 0.11704712637063118}. Best is trial 715 with value: 0.9377859576434285.
Trial 2674 finished with value: 0.47903358396627443 and parameters: {'max_depth': 3, 'min_child_weight': 4, 'gamma': 0.14081278615901327, 'subsample': 0.1479275106632867, 'colsample_bytree': 0.8582451008760497, 'learning_rate': 0.10957620650318056, 'reg_alpha': 0.2377034432747198, 'reg_lambda': 0.08539392732418628}. Best is trial 715 with value: 0.9377859576434285.
Trial 2683 finished with value: 0.3813409324238206 and parameters: {'max_depth': 2, 'min_child_weight': 5, 'gamma': 0.044112869246438535, 'subsample': 0.39234577917472957, 'colsample_bytree': 0.569508492658554, 'learning_rate': 0.4150039210402646, 'reg_alpha': 0.004805233670651731, 'reg_lambda': 0.00017764437929782678}. Best is trial 715 with value: 0.9377859576434285.
Trial 2678 finished with value: 0.049723589190273344 and parameters: {'max_depth': 8, 'min_child_weight': 2, 'gamma': 0.5178464619087989, 'subsample': 0.03947575453669894, 'colsample_bytree': 0.48959054322875517, 'learning_rate': 0.15842113726580265, 'reg_alpha': 0.2812018483673535, 'reg_lambda': 0.6748606369621236}. Best is trial 715 with value: 0.9377859576434285.
Trial 2664 finished with value: 0.6185112445524941 and parameters: {'max_depth': 7, 'min_child_weight': 4, 'gamma': 0.6120376111613014, 'subsample': 0.3646666332053481, 'colsample_bytree': 0.5219954631582334, 'learning_rate': 0.01242367954964807, 'reg_alpha': 0.00014001492948041794, 'reg_lambda': 0.004345862822070815}. Best is trial 715 with value: 0.9377859576434285.
Trial 2684 finished with value: 0.4133672373704429 and parameters: {'max_depth': 4, 'min_child_weight': 1, 'gamma': 0.0816278993406826, 'subsample': 0.39721300017148864, 'colsample_bytree': 0.11390972247115783, 'learning_rate': 0.4744786264173685, 'reg_alpha': 6.8640217042397484, 'reg_lambda': 0.5107538917249115}. Best is trial 715 with value: 0.9377859576434285.
Trial 2690 finished with value: 0.09905719019027047 and parameters: {'max_depth': 3, 'min_child_weight': 5, 'gamma': 0.5935512730899887, 'subsample': 0.42369111211320654, 'colsample_bytree': 0.07160438505636468, 'learning_rate': 0.05077840649436827, 'reg_alpha': 0.00019992046455766582, 'reg_lambda': 0.010248115172795424}. Best is trial 715 with value: 0.9377859576434285.
Trial 2662 finished with value: 0.8937889832967705 and parameters: {'max_depth': 9, 'min_child_weight': 5, 'gamma': 0.05239917956242279, 'subsample': 0.9801804810169608, 'colsample_bytree': 0.5248149701186001, 'learning_rate': 0.5678938784190924, 'reg_alpha': 0.2242425040881905, 'reg_lambda': 0.029396704750433482}. Best is trial 715 with value: 0.9377859576434285.
Trial 2668 finished with value: 0.7743172577993149 and parameters: {'max_depth': 7, 'min_child_weight': 5, 'gamma': 0.8454070511832933, 'subsample': 0.5223382191497802, 'colsample_bytree': 0.5172690436774839, 'learning_rate': 0.13832097931193155, 'reg_alpha': 0.026774479474003632, 'reg_lambda': 6.38571280189684}. Best is trial 715 with value: 0.9377859576434285.
Trial 2677 finished with value: 0.7789201743511261 and parameters: {'max_depth': 5, 'min_child_weight': 3, 'gamma': 0.8039014185218606, 'subsample': 0.5647908057015312, 'colsample_bytree': 0.44642852230147634, 'learning_rate': 0.10612062265687827, 'reg_alpha': 0.6913957618420583, 'reg_lambda': 0.00048655103608196445}. Best is trial 715 with value: 0.9377859576434285.
Trial 2691 finished with value: 0.06024185689250562 and parameters: {'max_depth': 4, 'min_child_weight': 4, 'gamma': 0.6827713852978291, 'subsample': 0.5334223862671752, 'colsample_bytree': 0.048963194330117754, 'learning_rate': 0.4402244266834294, 'reg_alpha': 0.0005500116126306812, 'reg_lambda': 6.9211755687225205}. Best is trial 715 with value: 0.9377859576434285.
Trial 2693 finished with value: 0.38813479883925595 and parameters: {'max_depth': 3, 'min_child_weight': 5, 'gamma': 0.35030428027037896, 'subsample': 0.2023676364319551, 'colsample_bytree': 0.9623655595407091, 'learning_rate': 0.015822041783927654, 'reg_alpha': 7.691422194714231, 'reg_lambda': 2.890562071701814}. Best is trial 715 with value: 0.9377859576434285.
Trial 2686 finished with value: 0.10551513825479202 and parameters: {'max_depth': 5, 'min_child_weight': 2, 'gamma': 0.49255591290153156, 'subsample': 0.14400041750792336, 'colsample_bytree': 0.15621057877872002, 'learning_rate': 0.5522030954786668, 'reg_alpha': 0.09111198263919937, 'reg_lambda': 2.4149614223445384}. Best is trial 715 with value: 0.9377859576434285.
Trial 2658 finished with value: 0.8925562981931459 and parameters: {'max_depth': 9, 'min_child_weight': 3, 'gamma': 0.2653172266746602, 'subsample': 0.597429682257867, 'colsample_bytree': 0.5197851632713539, 'learning_rate': 0.2379851258382728, 'reg_alpha': 0.007819520660105583, 'reg_lambda': 0.0004933112140388902}. Best is trial 715 with value: 0.9377859576434285.
Trial 2695 finished with value: 0.6117332384824504 and parameters: {'max_depth': 3, 'min_child_weight': 1, 'gamma': 0.7400975914878769, 'subsample': 0.5480481559406447, 'colsample_bytree': 0.6380256901823776, 'learning_rate': 0.4366564791571216, 'reg_alpha': 0.032172264361086715, 'reg_lambda': 0.0010716217074202945}. Best is trial 715 with value: 0.9377859576434285.
Trial 2698 finished with value: 0.4207229878391392 and parameters: {'max_depth': 2, 'min_child_weight': 1, 'gamma': 0.10067720061644936, 'subsample': 0.5388752635806993, 'colsample_bytree': 0.6609619676429219, 'learning_rate': 0.5085455069921535, 'reg_alpha': 4.622601171778887, 'reg_lambda': 0.0004943542430604838}. Best is trial 715 with value: 0.9377859576434285.
Trial 2679 finished with value: -55637759.88735017 and parameters: {'max_depth': 9, 'min_child_weight': 2, 'gamma': 0.342107723427428, 'subsample': 0.08906209875228399, 'colsample_bytree': 0.893459537699151, 'learning_rate': 0.5331597072727413, 'reg_alpha': 0.019481776782165967, 'reg_lambda': 0.0015426249240608595}. Best is trial 715 with value: 0.9377859576434285.
Trial 2655 finished with value: 0.9230681645019156 and parameters: {'max_depth': 8, 'min_child_weight': 1, 'gamma': 0.9772021207070757, 'subsample': 0.8302042053585345, 'colsample_bytree': 0.9071191406463606, 'learning_rate': 0.3683856743149668, 'reg_alpha': 0.02090154903742113, 'reg_lambda': 0.0021231335156794992}. Best is trial 715 with value: 0.9377859576434285.
Trial 2703 finished with value: -0.06363249325260348 and parameters: {'max_depth': 1, 'min_child_weight': 1, 'gamma': 0.623742013051295, 'subsample': 0.006330413516006161, 'colsample_bytree': 0.63314843028837, 'learning_rate': 0.12199975710218058, 'reg_alpha': 0.0016583722590715639, 'reg_lambda': 0.6005983504833942}. Best is trial 715 with value: 0.9377859576434285.
Trial 2697 finished with value: 0.5454593457223177 and parameters: {'max_depth': 3, 'min_child_weight': 5, 'gamma': 0.9042588124986047, 'subsample': 0.2684466641778779, 'colsample_bytree': 0.8766609418515567, 'learning_rate': 0.22029128911011575, 'reg_alpha': 0.0006370207904964475, 'reg_lambda': 0.00013207226912244336}. Best is trial 715 with value: 0.9377859576434285.
Trial 2702 finished with value: 0.4081665657714728 and parameters: {'max_depth': 2, 'min_child_weight': 3, 'gamma': 0.6665702793069944, 'subsample': 0.2847656574576889, 'colsample_bytree': 0.2547938590043912, 'learning_rate': 0.23764094878805642, 'reg_alpha': 0.03811153478800363, 'reg_lambda': 5.176363459970982}. Best is trial 715 with value: 0.9377859576434285.
Trial 2671 finished with value: 0.8468823803593527 and parameters: {'max_depth': 9, 'min_child_weight': 4, 'gamma': 0.019917964036432645, 'subsample': 0.8414712792338065, 'colsample_bytree': 0.2851917273773409, 'learning_rate': 0.31659269187100125, 'reg_alpha': 0.0045263796246646365, 'reg_lambda': 1.6926205998005839}. Best is trial 715 with value: 0.9377859576434285.
Trial 2704 finished with value: -0.29000782159239047 and parameters: {'max_depth': 8, 'min_child_weight': 4, 'gamma': 0.7185585877020437, 'subsample': 0.02370180825741297, 'colsample_bytree': 0.9212526768959336, 'learning_rate': 0.26319160775799766, 'reg_alpha': 0.000594812151455785, 'reg_lambda': 0.3100832662676103}. Best is trial 715 with value: 0.9377859576434285.
Trial 2672 finished with value: 0.7877373145122405 and parameters: {'max_depth': 10, 'min_child_weight': 2, 'gamma': 0.6585150574856082, 'subsample': 0.33010555448863865, 'colsample_bytree': 0.39904036770916274, 'learning_rate': 0.16245910354278625, 'reg_alpha': 0.0002138753424391807, 'reg_lambda': 0.6680086444409156}. Best is trial 715 with value: 0.9377859576434285.
Trial 2694 finished with value: 0.8465906475805789 and parameters: {'max_depth': 5, 'min_child_weight': 4, 'gamma': 0.28022361880488755, 'subsample': 0.49865694209482436, 'colsample_bytree': 0.9751492813395896, 'learning_rate': 0.3160918661135085, 'reg_alpha': 0.004259164970153411, 'reg_lambda': 0.0004197172306932346}. Best is trial 715 with value: 0.9377859576434285.
Trial 2714 finished with value: 0.009710545519794823 and parameters: {'max_depth': 1, 'min_child_weight': 2, 'gamma': 0.05454133756716595, 'subsample': 0.6530374220400774, 'colsample_bytree': 0.5369232794655233, 'learning_rate': 0.008430419240449294, 'reg_alpha': 0.01591147158102285, 'reg_lambda': 0.03903303455175556}. Best is trial 715 with value: 0.9377859576434285.
Trial 2699 finished with value: 0.08209203224118475 and parameters: {'max_depth': 9, 'min_child_weight': 3, 'gamma': 0.24168849906011014, 'subsample': 0.38580712498281655, 'colsample_bytree': 0.009561815010273311, 'learning_rate': 0.17106492889555158, 'reg_alpha': 0.00030174339568169773, 'reg_lambda': 0.02531660639930151}. Best is trial 715 with value: 0.9377859576434285.
Trial 2705 finished with value: -10.148201061475856 and parameters: {'max_depth': 3, 'min_child_weight': 1, 'gamma': 0.8475001523624165, 'subsample': 0.24601864516424565, 'colsample_bytree': 0.38472233133876654, 'learning_rate': 0.8786776360480621, 'reg_alpha': 0.5501844717516735, 'reg_lambda': 0.2632865728561305}. Best is trial 715 with value: 0.9377859576434285.
Trial 2696 finished with value: -1118.9554060143685 and parameters: {'max_depth': 6, 'min_child_weight': 3, 'gamma': 0.07923559310402162, 'subsample': 0.1826265930576081, 'colsample_bytree': 0.4007137749257267, 'learning_rate': 0.7196227531767045, 'reg_alpha': 0.1400102553775837, 'reg_lambda': 0.0002128315789326757}. Best is trial 715 with value: 0.9377859576434285.
Trial 2687 finished with value: 0.902563809640656 and parameters: {'max_depth': 6, 'min_child_weight': 4, 'gamma': 0.5971410741503038, 'subsample': 0.7085859525834021, 'colsample_bytree': 0.9407535269346896, 'learning_rate': 0.5445970336026262, 'reg_alpha': 0.06844983545216801, 'reg_lambda': 0.050102311352317866}. Best is trial 715 with value: 0.9377859576434285.
Trial 2692 finished with value: 0.3966701666806084 and parameters: {'max_depth': 8, 'min_child_weight': 5, 'gamma': 0.31164531334143974, 'subsample': 0.2671877351834584, 'colsample_bytree': 0.855436784861704, 'learning_rate': 0.5680619111342928, 'reg_alpha': 0.0015310827371215398, 'reg_lambda': 0.03304414491263232}. Best is trial 715 with value: 0.9377859576434285.
Trial 2680 finished with value: 0.8839462935363903 and parameters: {'max_depth': 8, 'min_child_weight': 1, 'gamma': 0.26997071999286015, 'subsample': 0.40595125463822035, 'colsample_bytree': 0.552285752122682, 'learning_rate': 0.23340226587750612, 'reg_alpha': 0.00010851330997653413, 'reg_lambda': 0.005731106192983646}. Best is trial 715 with value: 0.9377859576434285.
Trial 2712 finished with value: 0.7169773063077283 and parameters: {'max_depth': 3, 'min_child_weight': 2, 'gamma': 0.1610367268330989, 'subsample': 0.7781370734719104, 'colsample_bytree': 0.8253704140957638, 'learning_rate': 0.6011201097711976, 'reg_alpha': 0.008583738767867204, 'reg_lambda': 0.0530246888254373}. Best is trial 715 with value: 0.9377859576434285.
Trial 2713 finished with value: -2.0164130912681517 and parameters: {'max_depth': 3, 'min_child_weight': 2, 'gamma': 0.6332242329595832, 'subsample': 0.10220277177934856, 'colsample_bytree': 0.8153281321558058, 'learning_rate': 0.45813263435623774, 'reg_alpha': 0.004719814911061238, 'reg_lambda': 1.12230114700212}. Best is trial 715 with value: 0.9377859576434285.
Trial 2700 finished with value: 0.8240238826659938 and parameters: {'max_depth': 5, 'min_child_weight': 2, 'gamma': 0.19467483551648712, 'subsample': 0.7754148511372482, 'colsample_bytree': 0.3881675750991529, 'learning_rate': 0.4364854169445118, 'reg_alpha': 0.0015826032447263767, 'reg_lambda': 0.09258609269910896}. Best is trial 715 with value: 0.9377859576434285.
Trial 2716 finished with value: 0.6996365961468158 and parameters: {'max_depth': 3, 'min_child_weight': 5, 'gamma': 0.13970316606900757, 'subsample': 0.6075104932156736, 'colsample_bytree': 0.8645168219393593, 'learning_rate': 0.4244445980753313, 'reg_alpha': 0.34646238297140924, 'reg_lambda': 0.002444453794533778}. Best is trial 715 with value: 0.9377859576434285.
Trial 2721 finished with value: -2.951423896495551 and parameters: {'max_depth': 6, 'min_child_weight': 3, 'gamma': 0.831332149126387, 'subsample': 0.02271921278352096, 'colsample_bytree': 0.8232224143514658, 'learning_rate': 0.5222445632522937, 'reg_alpha': 0.04824402053931763, 'reg_lambda': 1.5590455427152385}. Best is trial 715 with value: 0.9377859576434285.
Trial 2701 finished with value: 0.7001760792987322 and parameters: {'max_depth': 6, 'min_child_weight': 4, 'gamma': 0.8526865866829796, 'subsample': 0.2529044087852471, 'colsample_bytree': 0.5636590074871296, 'learning_rate': 0.16148126031605248, 'reg_alpha': 0.016403197177425752, 'reg_lambda': 0.002669535664802975}. Best is trial 715 with value: 0.9377859576434285.
Trial 2688 finished with value: 0.8669978578851356 and parameters: {'max_depth': 10, 'min_child_weight': 4, 'gamma': 0.7925659541945376, 'subsample': 0.5170226584805763, 'colsample_bytree': 0.5486092601818898, 'learning_rate': 0.7525686558361608, 'reg_alpha': 0.0008917718829318999, 'reg_lambda': 0.5116411858391556}. Best is trial 715 with value: 0.9377859576434285.
Trial 2710 finished with value: 0.8195834953375735 and parameters: {'max_depth': 4, 'min_child_weight': 3, 'gamma': 0.6321596554683093, 'subsample': 0.6406975010194739, 'colsample_bytree': 0.9181542831042283, 'learning_rate': 0.3025148753200634, 'reg_alpha': 1.6017064447188991, 'reg_lambda': 0.1715104842791375}. Best is trial 715 with value: 0.9377859576434285.
Trial 2689 finished with value: 0.8949320447762408 and parameters: {'max_depth': 8, 'min_child_weight': 5, 'gamma': 0.899108190622822, 'subsample': 0.77912207696484, 'colsample_bytree': 0.7589251890111216, 'learning_rate': 0.531919459171749, 'reg_alpha': 0.016638850126314882, 'reg_lambda': 0.001082598097761382}. Best is trial 715 with value: 0.9377859576434285.
Trial 2722 finished with value: 0.6082197859352965 and parameters: {'max_depth': 3, 'min_child_weight': 3, 'gamma': 0.6587574435327349, 'subsample': 0.5697472420987568, 'colsample_bytree': 0.6275682063437692, 'learning_rate': 0.14246677357669135, 'reg_alpha': 0.00022372509314159898, 'reg_lambda': 0.1484495805105562}. Best is trial 715 with value: 0.9377859576434285.
Trial 2711 finished with value: -29.4898363844163 and parameters: {'max_depth': 8, 'min_child_weight': 4, 'gamma': 0.9341528093203851, 'subsample': 0.16804511327243254, 'colsample_bytree': 0.5747768826623021, 'learning_rate': 0.683010651412753, 'reg_alpha': 4.149906039967162, 'reg_lambda': 0.09184679352657932}. Best is trial 715 with value: 0.9377859576434285.
Trial 2706 finished with value: 0.723581957566204 and parameters: {'max_depth': 8, 'min_child_weight': 5, 'gamma': 0.1270902674197033, 'subsample': 0.45063021897177036, 'colsample_bytree': 0.44959107043585755, 'learning_rate': 0.8048113622117653, 'reg_alpha': 5.62242087868819, 'reg_lambda': 1.1441697531876385}. Best is trial 715 with value: 0.9377859576434285.
Trial 2731 finished with value: -0.20139379099692098 and parameters: {'max_depth': 1, 'min_child_weight': 5, 'gamma': 0.14809274148795615, 'subsample': 0.7556982424947316, 'colsample_bytree': 0.4233500988959964, 'learning_rate': 0.004885413516111381, 'reg_alpha': 0.011371122894747832, 'reg_lambda': 0.004815160517257232}. Best is trial 715 with value: 0.9377859576434285.
Trial 2732 finished with value: 0.08919070172297082 and parameters: {'max_depth': 1, 'min_child_weight': 5, 'gamma': 0.06303557923893122, 'subsample': 0.323834261162515, 'colsample_bytree': 0.7426680914502634, 'learning_rate': 0.5194512372730767, 'reg_alpha': 0.00045970862184848923, 'reg_lambda': 0.001025366877307178}. Best is trial 715 with value: 0.9377859576434285.
Trial 2720 finished with value: 0.06274298830000329 and parameters: {'max_depth': 9, 'min_child_weight': 5, 'gamma': 0.02042428497081905, 'subsample': 0.8241041427102009, 'colsample_bytree': 0.029981107768950688, 'learning_rate': 0.7918440497039249, 'reg_alpha': 0.06862903926192436, 'reg_lambda': 0.014604751896271282}. Best is trial 715 with value: 0.9377859576434285.
Trial 2724 finished with value: 0.0359598694759372 and parameters: {'max_depth': 7, 'min_child_weight': 3, 'gamma': 0.36417220020835817, 'subsample': 0.692690844842287, 'colsample_bytree': 0.05756201328289334, 'learning_rate': 0.9166919820042873, 'reg_alpha': 0.9308725766332729, 'reg_lambda': 0.027710966163618234}. Best is trial 715 with value: 0.9377859576434285.
