Trial 1776 finished with value: 0.053616390223144385 and parameters: {'max_depth': 4, 'min_child_weight': 4, 'gamma': 0.3017027400248682, 'subsample': 0.8023334379582582, 'colsample_bytree': 0.0815920912777266, 'learning_rate': 0.9574015555606394, 'reg_alpha': 6.957933916949143, 'reg_lambda': 0.0029333432756912586}. Best is trial 715 with value: 0.9377859576434285.
Trial 1783 finished with value: 0.46354684524201417 and parameters: {'max_depth': 2, 'min_child_weight': 3, 'gamma': 0.8274142104501592, 'subsample': 0.5564549038966368, 'colsample_bytree': 0.5242989847402145, 'learning_rate': 0.1402159670921671, 'reg_alpha': 1.41628549844608, 'reg_lambda': 0.02803957968743407}. Best is trial 715 with value: 0.9377859576434285.
Trial 1793 finished with value: -8.84481880563154 and parameters: {'max_depth': 4, 'min_child_weight': 5, 'gamma': 0.09035736410405704, 'subsample': 0.0053816606826203595, 'colsample_bytree': 0.682895949748902, 'learning_rate': 0.7705549511586751, 'reg_alpha': 0.2834928345360167, 'reg_lambda': 0.08396080533547531}. Best is trial 715 with value: 0.9377859576434285.
Trial 1787 finished with value: -0.07278286929592445 and parameters: {'max_depth': 2, 'min_child_weight': 2, 'gamma': 0.3003551777732878, 'subsample': 0.04915819460710125, 'colsample_bytree': 0.08645890038363835, 'learning_rate': 0.14485733420539237, 'reg_alpha': 0.004050565939070332, 'reg_lambda': 0.01387452047115732}. Best is trial 715 with value: 0.9377859576434285.
Trial 1782 finished with value: -1843005.400801979 and parameters: {'max_depth': 7, 'min_child_weight': 5, 'gamma': 0.760475933955786, 'subsample': 0.055140279268973025, 'colsample_bytree': 0.2496874661041657, 'learning_rate': 0.974439846600148, 'reg_alpha': 0.000166222998368287, 'reg_lambda': 0.0077867259753605636}. Best is trial 715 with value: 0.9377859576434285.
Trial 1762 finished with value: -3520.9173975573153 and parameters: {'max_depth': 7, 'min_child_weight': 3, 'gamma': 0.6456752408223829, 'subsample': 0.3123684096370516, 'colsample_bytree': 0.6022591847652863, 'learning_rate': 0.8934884841353001, 'reg_alpha': 0.01773662116782747, 'reg_lambda': 0.011483169992979214}. Best is trial 715 with value: 0.9377859576434285.
Trial 1788 finished with value: 0.14851335478190683 and parameters: {'max_depth': 2, 'min_child_weight': 5, 'gamma': 0.30620245991747264, 'subsample': 0.2792672787226025, 'colsample_bytree': 0.9647761410180451, 'learning_rate': 0.5932743659085628, 'reg_alpha': 3.1838404653856416, 'reg_lambda': 0.08032820269213307}. Best is trial 715 with value: 0.9377859576434285.
Trial 1780 finished with value: -0.18672167257761552 and parameters: {'max_depth': 7, 'min_child_weight': 4, 'gamma': 0.5856789137922752, 'subsample': 0.09287302796716368, 'colsample_bytree': 0.08946220291667395, 'learning_rate': 0.3947184601606415, 'reg_alpha': 0.700557084912709, 'reg_lambda': 0.00018989008973912343}. Best is trial 715 with value: 0.9377859576434285.
Trial 1792 finished with value: 0.31135662399194614 and parameters: {'max_depth': 2, 'min_child_weight': 1, 'gamma': 0.5540223823602942, 'subsample': 0.16127874016016785, 'colsample_bytree': 0.8476589326269047, 'learning_rate': 0.029399115495028827, 'reg_alpha': 0.15249059577776133, 'reg_lambda': 2.5589987088087613}. Best is trial 715 with value: 0.9377859576434285.
Trial 1785 finished with value: 0.6108202073322831 and parameters: {'max_depth': 3, 'min_child_weight': 1, 'gamma': 0.7838524329268897, 'subsample': 0.6968299877042773, 'colsample_bytree': 0.6124667097609685, 'learning_rate': 0.10427431018386824, 'reg_alpha': 0.0030265583712892675, 'reg_lambda': 0.15141738602517166}. Best is trial 715 with value: 0.9377859576434285.
Trial 1791 finished with value: 0.34903790307036786 and parameters: {'max_depth': 3, 'min_child_weight': 2, 'gamma': 0.14867937099171624, 'subsample': 0.5424965377028141, 'colsample_bytree': 0.16264609336698077, 'learning_rate': 0.8718158949384605, 'reg_alpha': 0.0003584515311317887, 'reg_lambda': 0.6686506931117188}. Best is trial 715 with value: 0.9377859576434285.
Trial 1770 finished with value: 0.7338035351280743 and parameters: {'max_depth': 10, 'min_child_weight': 3, 'gamma': 0.22544388767967172, 'subsample': 0.23254805785916233, 'colsample_bytree': 0.717316676172066, 'learning_rate': 0.09514642318738009, 'reg_alpha': 8.251098718762869, 'reg_lambda': 0.002873175226417048}. Best is trial 715 with value: 0.9377859576434285.
Trial 1768 finished with value: -0.05529117412232448 and parameters: {'max_depth': 8, 'min_child_weight': 5, 'gamma': 0.20112949889044895, 'subsample': 0.39962718890144866, 'colsample_bytree': 0.6286099162136971, 'learning_rate': 0.9020962050447637, 'reg_alpha': 0.0014229083248429061, 'reg_lambda': 0.1147094918648868}. Best is trial 715 with value: 0.9377859576434285.
Trial 1786 finished with value: -0.5888655854468166 and parameters: {'max_depth': 10, 'min_child_weight': 4, 'gamma': 0.6631814410723371, 'subsample': 0.13294315686946412, 'colsample_bytree': 0.06188072584573767, 'learning_rate': 0.8321378938647668, 'reg_alpha': 0.00036689738897495964, 'reg_lambda': 0.0002360513682702392}. Best is trial 715 with value: 0.9377859576434285.
Trial 1779 finished with value: 0.7570537770529138 and parameters: {'max_depth': 5, 'min_child_weight': 2, 'gamma': 0.5039746105961578, 'subsample': 0.6867834704295259, 'colsample_bytree': 0.269518084464929, 'learning_rate': 0.37831645789824964, 'reg_alpha': 0.5069075627449697, 'reg_lambda': 0.000905966001635408}. Best is trial 715 with value: 0.9377859576434285.
Trial 1797 finished with value: -0.5337044589709872 and parameters: {'max_depth': 4, 'min_child_weight': 2, 'gamma': 0.31733614840963476, 'subsample': 0.022861849223943187, 'colsample_bytree': 0.8660314230396721, 'learning_rate': 0.1703746034218251, 'reg_alpha': 1.076331246708166, 'reg_lambda': 0.006780544569713436}. Best is trial 715 with value: 0.9377859576434285.
Trial 1795 finished with value: 0.6223180256516303 and parameters: {'max_depth': 3, 'min_child_weight': 1, 'gamma': 0.37009033740474384, 'subsample': 0.8862719599280275, 'colsample_bytree': 0.2869025201180261, 'learning_rate': 0.7586764172013345, 'reg_alpha': 8.543494012863121, 'reg_lambda': 0.0023750788927432106}. Best is trial 715 with value: 0.9377859576434285.
Trial 1794 finished with value: 0.08521845827383374 and parameters: {'max_depth': 8, 'min_child_weight': 3, 'gamma': 0.5198140913206749, 'subsample': 0.971271814031367, 'colsample_bytree': 0.04022050245653874, 'learning_rate': 0.8736114095082499, 'reg_alpha': 4.689940478863707, 'reg_lambda': 0.16518072411446444}. Best is trial 715 with value: 0.9377859576434285.
Trial 1774 finished with value: 0.9031039847197223 and parameters: {'max_depth': 6, 'min_child_weight': 1, 'gamma': 0.5852199061262134, 'subsample': 0.9065120289287656, 'colsample_bytree': 0.42478318745851185, 'learning_rate': 0.6740969024631822, 'reg_alpha': 0.0004028294772552595, 'reg_lambda': 0.00016815706687390542}. Best is trial 715 with value: 0.9377859576434285.
Trial 1789 finished with value: 0.8797033362060832 and parameters: {'max_depth': 9, 'min_child_weight': 3, 'gamma': 0.13844374334647902, 'subsample': 0.95501808606503, 'colsample_bytree': 0.9622898356252207, 'learning_rate': 0.8438129640364309, 'reg_alpha': 4.822757466925988, 'reg_lambda': 0.04241626466791378}. Best is trial 715 with value: 0.9377859576434285.
Trial 1807 finished with value: -0.009616710017342812 and parameters: {'max_depth': 2, 'min_child_weight': 4, 'gamma': 0.3465570476286892, 'subsample': 0.08389905246824181, 'colsample_bytree': 0.8027837463974412, 'learning_rate': 0.2782857649922853, 'reg_alpha': 0.0978079134008203, 'reg_lambda': 0.014206904371028993}. Best is trial 715 with value: 0.9377859576434285.
Trial 1790 finished with value: 0.6812541344584677 and parameters: {'max_depth': 6, 'min_child_weight': 1, 'gamma': 0.3497284090963364, 'subsample': 0.8698024598101302, 'colsample_bytree': 0.19625269616262053, 'learning_rate': 0.0711549867535427, 'reg_alpha': 1.5072170204824298, 'reg_lambda': 3.806239422910619}. Best is trial 715 with value: 0.9377859576434285.
Trial 1801 finished with value: 0.07344811989163959 and parameters: {'max_depth': 8, 'min_child_weight': 2, 'gamma': 0.735521115973705, 'subsample': 0.4517435327314233, 'colsample_bytree': 0.02134113649712821, 'learning_rate': 0.31151143702156214, 'reg_alpha': 2.072959172521021, 'reg_lambda': 0.004692843888593089}. Best is trial 715 with value: 0.9377859576434285.
Trial 1813 finished with value: 0.381194174980267 and parameters: {'max_depth': 2, 'min_child_weight': 3, 'gamma': 0.44154137157196993, 'subsample': 0.7115737662210025, 'colsample_bytree': 0.7657929868941926, 'learning_rate': 0.8085473893526202, 'reg_alpha': 0.00010797996867450478, 'reg_lambda': 0.014148556494681074}. Best is trial 715 with value: 0.9377859576434285.
Trial 1802 finished with value: 0.08728793179222374 and parameters: {'max_depth': 9, 'min_child_weight': 3, 'gamma': 0.9388729718619089, 'subsample': 0.5118488757410093, 'colsample_bytree': 0.02459076991807496, 'learning_rate': 0.12743090091825215, 'reg_alpha': 0.04888050299964655, 'reg_lambda': 0.003487561227745892}. Best is trial 715 with value: 0.9377859576434285.
Trial 1811 finished with value: 0.5451492273286811 and parameters: {'max_depth': 3, 'min_child_weight': 2, 'gamma': 0.5558035466875633, 'subsample': 0.6347167780866102, 'colsample_bytree': 0.18234900004083476, 'learning_rate': 0.26361065518174986, 'reg_alpha': 0.0027720652439610057, 'reg_lambda': 0.0042264099366243375}. Best is trial 715 with value: 0.9377859576434285.
Trial 1816 finished with value: 0.4824873890567171 and parameters: {'max_depth': 2, 'min_child_weight': 4, 'gamma': 0.735710427262567, 'subsample': 0.9227530177834333, 'colsample_bytree': 0.6239572292400583, 'learning_rate': 0.7494050107910871, 'reg_alpha': 1.8426412875095952, 'reg_lambda': 2.325929162549112}. Best is trial 715 with value: 0.9377859576434285.
Trial 1806 finished with value: 0.6019279033408805 and parameters: {'max_depth': 4, 'min_child_weight': 5, 'gamma': 0.9912899881954585, 'subsample': 0.7028605393876489, 'colsample_bytree': 0.8579321516012021, 'learning_rate': 0.014468523221850438, 'reg_alpha': 1.5262541453402139, 'reg_lambda': 0.010633178982812167}. Best is trial 715 with value: 0.9377859576434285.
Trial 1777 finished with value: 0.8875617980344925 and parameters: {'max_depth': 7, 'min_child_weight': 3, 'gamma': 0.755889528835388, 'subsample': 0.8532035311949587, 'colsample_bytree': 0.7211913165743093, 'learning_rate': 0.5522143686094312, 'reg_alpha': 0.011228135762598304, 'reg_lambda': 2.0147878095862706}. Best is trial 715 with value: 0.9377859576434285.
Trial 1798 finished with value: 0.8289261008897569 and parameters: {'max_depth': 6, 'min_child_weight': 1, 'gamma': 0.5115063240034121, 'subsample': 0.7887046379150378, 'colsample_bytree': 0.31627968657150196, 'learning_rate': 0.8179652795710036, 'reg_alpha': 0.003705891703553421, 'reg_lambda': 0.0016145914265049113}. Best is trial 715 with value: 0.9377859576434285.
Trial 1818 finished with value: 0.3834381104910603 and parameters: {'max_depth': 2, 'min_child_weight': 5, 'gamma': 0.9823475034504906, 'subsample': 0.35338477535924284, 'colsample_bytree': 0.3270987118883977, 'learning_rate': 0.3586452336089345, 'reg_alpha': 0.011813877999609654, 'reg_lambda': 0.005024646919727996}. Best is trial 715 with value: 0.9377859576434285.
Trial 1800 finished with value: 0.8802102100354838 and parameters: {'max_depth': 5, 'min_child_weight': 2, 'gamma': 0.7449387790104581, 'subsample': 0.6742731827057796, 'colsample_bytree': 0.6726643143728502, 'learning_rate': 0.3347008351519771, 'reg_alpha': 1.8468776620927352, 'reg_lambda': 0.023280229949449976}. Best is trial 715 with value: 0.9377859576434285.
Trial 1824 finished with value: -5.379555265777815 and parameters: {'max_depth': 6, 'min_child_weight': 3, 'gamma': 0.486054641474824, 'subsample': 0.007920400663245175, 'colsample_bytree': 0.2625797445708383, 'learning_rate': 0.5337447133325972, 'reg_alpha': 0.000548209467679113, 'reg_lambda': 0.000518233699929034}. Best is trial 715 with value: 0.9377859576434285.
Trial 1821 finished with value: 0.15710172627979574 and parameters: {'max_depth': 2, 'min_child_weight': 5, 'gamma': 0.37441883352885963, 'subsample': 0.10474156373884613, 'colsample_bytree': 0.8484016279575022, 'learning_rate': 0.2919710145297778, 'reg_alpha': 0.058922538113222796, 'reg_lambda': 0.01409070187783466}. Best is trial 715 with value: 0.9377859576434285.
Trial 1784 finished with value: 0.8700618483475007 and parameters: {'max_depth': 7, 'min_child_weight': 4, 'gamma': 0.06313368338242897, 'subsample': 0.5684780240840774, 'colsample_bytree': 0.9969990605171812, 'learning_rate': 0.9197121319023949, 'reg_alpha': 0.03813798405712648, 'reg_lambda': 0.02085219864511458}. Best is trial 715 with value: 0.9377859576434285.
Trial 1803 finished with value: 0.8477776373134147 and parameters: {'max_depth': 7, 'min_child_weight': 2, 'gamma': 0.8424348471602644, 'subsample': 0.9388233337312225, 'colsample_bytree': 0.2340484250335897, 'learning_rate': 0.41236163855049957, 'reg_alpha': 0.05550910911984939, 'reg_lambda': 0.4510452422358424}. Best is trial 715 with value: 0.9377859576434285.
Trial 1796 finished with value: 0.8571992787869847 and parameters: {'max_depth': 8, 'min_child_weight': 5, 'gamma': 0.9781569022873322, 'subsample': 0.5229329079201003, 'colsample_bytree': 0.666065820670809, 'learning_rate': 0.5321060469527866, 'reg_alpha': 0.00016440129297813714, 'reg_lambda': 0.9309262488681497}. Best is trial 715 with value: 0.9377859576434285.
Trial 1812 finished with value: 0.5410607969920882 and parameters: {'max_depth': 5, 'min_child_weight': 3, 'gamma': 0.302591031994236, 'subsample': 0.5550350579564055, 'colsample_bytree': 0.40679619385426635, 'learning_rate': 0.9310718100832532, 'reg_alpha': 0.022011920303952527, 'reg_lambda': 0.16178772225014082}. Best is trial 715 with value: 0.9377859576434285.
Trial 1805 finished with value: 0.7241139708387316 and parameters: {'max_depth': 6, 'min_child_weight': 3, 'gamma': 0.6763826866704573, 'subsample': 0.35984996122695256, 'colsample_bytree': 0.769046499758699, 'learning_rate': 0.654128949628425, 'reg_alpha': 0.00029643417546665405, 'reg_lambda': 0.0002909691349694653}. Best is trial 715 with value: 0.9377859576434285.
Trial 1823 finished with value: 0.47790170502273943 and parameters: {'max_depth': 3, 'min_child_weight': 1, 'gamma': 0.8931528082104059, 'subsample': 0.19267724005412912, 'colsample_bytree': 0.38917902232602686, 'learning_rate': 0.352405311501351, 'reg_alpha': 0.0012212227035609277, 'reg_lambda': 7.631150473228617}. Best is trial 715 with value: 0.9377859576434285.
Trial 1820 finished with value: -21711383861087.023 and parameters: {'max_depth': 4, 'min_child_weight': 4, 'gamma': 0.6085653767732601, 'subsample': 0.12060929814436883, 'colsample_bytree': 0.6665459305186996, 'learning_rate': 0.9419225966965198, 'reg_alpha': 0.5191305253060694, 'reg_lambda': 0.0011661843524948254}. Best is trial 715 with value: 0.9377859576434285.
Trial 1819 finished with value: 0.1011115154303067 and parameters: {'max_depth': 7, 'min_child_weight': 3, 'gamma': 0.9514670996989923, 'subsample': 0.0760697938612862, 'colsample_bytree': 0.3451848708244246, 'learning_rate': 0.21473788633872437, 'reg_alpha': 0.007030242257134717, 'reg_lambda': 0.3523047170469289}. Best is trial 715 with value: 0.9377859576434285.
Trial 1809 finished with value: 0.7741718227639853 and parameters: {'max_depth': 7, 'min_child_weight': 5, 'gamma': 0.17870257455354677, 'subsample': 0.7531979593528164, 'colsample_bytree': 0.25983764139204535, 'learning_rate': 0.708100243449595, 'reg_alpha': 0.0013996206052483405, 'reg_lambda': 0.00011439138389151962}. Best is trial 715 with value: 0.9377859576434285.
Trial 1833 finished with value: -3.9921749824056842 and parameters: {'max_depth': 1, 'min_child_weight': 5, 'gamma': 0.7298012733708675, 'subsample': 0.015868825789429164, 'colsample_bytree': 0.2598279790626268, 'learning_rate': 0.8391187828308108, 'reg_alpha': 0.2692558940370612, 'reg_lambda': 0.07994967514025762}. Best is trial 715 with value: 0.9377859576434285.
Trial 1804 finished with value: 0.838086409279705 and parameters: {'max_depth': 8, 'min_child_weight': 1, 'gamma': 0.8089891182004185, 'subsample': 0.5304800494064321, 'colsample_bytree': 0.29801867601953835, 'learning_rate': 0.1218710345148245, 'reg_alpha': 0.06987400337698707, 'reg_lambda': 0.00280273956098995}. Best is trial 715 with value: 0.9377859576434285.
Trial 1815 finished with value: 0.9147966349935739 and parameters: {'max_depth': 5, 'min_child_weight': 3, 'gamma': 0.6823281508940328, 'subsample': 0.7960155286458057, 'colsample_bytree': 0.7187626691449999, 'learning_rate': 0.8127921485641436, 'reg_alpha': 0.0009641048108649165, 'reg_lambda': 0.0030210519704540117}. Best is trial 715 with value: 0.9377859576434285.
Trial 1808 finished with value: 0.8587693910125218 and parameters: {'max_depth': 8, 'min_child_weight': 1, 'gamma': 0.4682592786020512, 'subsample': 0.7208993230336574, 'colsample_bytree': 0.35559001252954325, 'learning_rate': 0.7887057835246055, 'reg_alpha': 0.35245135846863285, 'reg_lambda': 1.7126623951570124}. Best is trial 715 with value: 0.9377859576434285.
Trial 1830 finished with value: 0.6755595632162885 and parameters: {'max_depth': 3, 'min_child_weight': 5, 'gamma': 0.0678546918296743, 'subsample': 0.6325735601051797, 'colsample_bytree': 0.9359265330124173, 'learning_rate': 0.6384465190144593, 'reg_alpha': 1.0141805058071987, 'reg_lambda': 0.0011944787582045435}. Best is trial 715 with value: 0.9377859576434285.
Trial 1814 finished with value: 0.7996767596862333 and parameters: {'max_depth': 8, 'min_child_weight': 3, 'gamma': 0.4317323210875075, 'subsample': 0.42567635337380805, 'colsample_bytree': 0.3821087585279106, 'learning_rate': 0.2807965525729945, 'reg_alpha': 1.8827998438278444, 'reg_lambda': 0.0009568481173609066}. Best is trial 715 with value: 0.9377859576434285.
Trial 1829 finished with value: -0.804520393153914 and parameters: {'max_depth': 4, 'min_child_weight': 5, 'gamma': 0.3636116160480368, 'subsample': 0.2597291302133645, 'colsample_bytree': 0.25025951437654204, 'learning_rate': 0.758784904102404, 'reg_alpha': 0.0010741879601429939, 'reg_lambda': 0.001442091464524942}. Best is trial 715 with value: 0.9377859576434285.
Trial 1810 finished with value: 0.8969795637879654 and parameters: {'max_depth': 8, 'min_child_weight': 2, 'gamma': 0.8078433641267729, 'subsample': 0.9687047198490539, 'colsample_bytree': 0.43055899116084795, 'learning_rate': 0.878860170258483, 'reg_alpha': 0.0002126851970910748, 'reg_lambda': 0.16925955253920544}. Best is trial 715 with value: 0.9377859576434285.
Trial 1843 finished with value: 0.08076749104140214 and parameters: {'max_depth': 2, 'min_child_weight': 4, 'gamma': 0.9659126624952535, 'subsample': 0.6531944265380097, 'colsample_bytree': 0.05706078238437218, 'learning_rate': 0.2453765928177054, 'reg_alpha': 5.084752128541458, 'reg_lambda': 0.00033601876082412575}. Best is trial 715 with value: 0.9377859576434285.
Trial 1817 finished with value: 0.8835635089946058 and parameters: {'max_depth': 7, 'min_child_weight': 1, 'gamma': 0.49032733405284634, 'subsample': 0.2509572785949429, 'colsample_bytree': 0.6738538417151487, 'learning_rate': 0.14294275834091708, 'reg_alpha': 0.7963888833711567, 'reg_lambda': 0.0022393327820488264}. Best is trial 715 with value: 0.9377859576434285.
Trial 1840 finished with value: -0.10180431531816662 and parameters: {'max_depth': 4, 'min_child_weight': 3, 'gamma': 0.8567768923214091, 'subsample': 0.17916662891873536, 'colsample_bytree': 0.03555196080450551, 'learning_rate': 0.6011352441404192, 'reg_alpha': 0.10909933655370824, 'reg_lambda': 2.1593281812128096}. Best is trial 715 with value: 0.9377859576434285.
Trial 1834 finished with value: 0.09280543441866308 and parameters: {'max_depth': 7, 'min_child_weight': 1, 'gamma': 0.541904131694553, 'subsample': 0.412623332757701, 'colsample_bytree': 0.012802933848630516, 'learning_rate': 0.0789103129824339, 'reg_alpha': 0.022620973537385722, 'reg_lambda': 0.010098111808113852}. Best is trial 715 with value: 0.9377859576434285.
Trial 1799 finished with value: 0.8609729618573859 and parameters: {'max_depth': 10, 'min_child_weight': 2, 'gamma': 0.5605462959917604, 'subsample': 0.5918191828952031, 'colsample_bytree': 0.9784318868903372, 'learning_rate': 0.6892786822586345, 'reg_alpha': 0.35399432563572464, 'reg_lambda': 0.12774880506838962}. Best is trial 715 with value: 0.9377859576434285.
Trial 1841 finished with value: 0.4309389186488624 and parameters: {'max_depth': 3, 'min_child_weight': 2, 'gamma': 0.7994185378812354, 'subsample': 0.422705650296866, 'colsample_bytree': 0.35855382570596206, 'learning_rate': 0.7982861325264208, 'reg_alpha': 0.4327488742847551, 'reg_lambda': 2.1357728851129814}. Best is trial 715 with value: 0.9377859576434285.
Trial 1822 finished with value: 0.8088448157811593 and parameters: {'max_depth': 8, 'min_child_weight': 1, 'gamma': 0.6558851012227841, 'subsample': 0.3879811358758033, 'colsample_bytree': 0.5733790185576213, 'learning_rate': 0.06265634345183302, 'reg_alpha': 9.838885156839446, 'reg_lambda': 0.034935212488904535}. Best is trial 715 with value: 0.9377859576434285.
Trial 1837 finished with value: -2.370203057754074 and parameters: {'max_depth': 4, 'min_child_weight': 2, 'gamma': 0.6648903885621861, 'subsample': 0.3575974057920184, 'colsample_bytree': 0.19995410342058995, 'learning_rate': 0.9773933468375658, 'reg_alpha': 2.7872700889633735, 'reg_lambda': 0.03454665828674749}. Best is trial 715 with value: 0.9377859576434285.
