Trial 3228 finished with value: 0.788810047080835 and parameters: {'max_depth': 9, 'min_child_weight': 5, 'gamma': 0.0375880387531915, 'subsample': 0.45936891743013997, 'colsample_bytree': 0.5479660635679696, 'learning_rate': 0.620914805284335, 'reg_alpha': 0.00021188588338916174, 'reg_lambda': 0.009658198662587308}. Best is trial 715 with value: 0.9377859576434285.
Trial 3246 finished with value: 0.6079143431200644 and parameters: {'max_depth': 5, 'min_child_weight': 2, 'gamma': 0.3324416584783244, 'subsample': 0.40153760168700225, 'colsample_bytree': 0.24206432470892658, 'learning_rate': 0.5249889094032096, 'reg_alpha': 1.2807363411589834, 'reg_lambda': 0.0016841307184634752}. Best is trial 715 with value: 0.9377859576434285.
Trial 3232 finished with value: 0.8176872947650285 and parameters: {'max_depth': 6, 'min_child_weight': 3, 'gamma': 0.9526160368085509, 'subsample': 0.5894011579996858, 'colsample_bytree': 0.8749760029755712, 'learning_rate': 0.7053688466806377, 'reg_alpha': 0.006571781227369354, 'reg_lambda': 0.0038555191709250193}. Best is trial 715 with value: 0.9377859576434285.
Trial 3262 finished with value: 0.08682698088672383 and parameters: {'max_depth': 3, 'min_child_weight': 2, 'gamma': 0.638803579722652, 'subsample': 0.3838590343227364, 'colsample_bytree': 0.06247125682419874, 'learning_rate': 0.11664310787013532, 'reg_alpha': 0.006009041753916609, 'reg_lambda': 0.016650702570335612}. Best is trial 715 with value: 0.9377859576434285.
Trial 3260 finished with value: 0.546298367607124 and parameters: {'max_depth': 3, 'min_child_weight': 4, 'gamma': 0.6908410333564796, 'subsample': 0.32018535365137446, 'colsample_bytree': 0.9868629000005705, 'learning_rate': 0.5466693278609738, 'reg_alpha': 0.0008344004236019462, 'reg_lambda': 2.7956147795008937}. Best is trial 715 with value: 0.9377859576434285.
Trial 3253 finished with value: 0.7854068308012843 and parameters: {'max_depth': 5, 'min_child_weight': 2, 'gamma': 0.7683384172543648, 'subsample': 0.6665846074491775, 'colsample_bytree': 0.3413340798353286, 'learning_rate': 0.44205575378092976, 'reg_alpha': 0.0037781976644607326, 'reg_lambda': 0.17971511844405977}. Best is trial 715 with value: 0.9377859576434285.
Trial 3272 finished with value: 0.07798186740121545 and parameters: {'max_depth': 1, 'min_child_weight': 2, 'gamma': 0.006562433378455967, 'subsample': 0.6169128669330826, 'colsample_bytree': 0.6886472579832792, 'learning_rate': 0.30198909132620244, 'reg_alpha': 0.00040387382394421197, 'reg_lambda': 5.987082869084861}. Best is trial 715 with value: 0.9377859576434285.
Trial 3257 finished with value: -0.0617561566816832 and parameters: {'max_depth': 10, 'min_child_weight': 4, 'gamma': 0.646890771940731, 'subsample': 0.32281025660220763, 'colsample_bytree': 0.12194818881690184, 'learning_rate': 0.9140131660118559, 'reg_alpha': 8.337052853678793, 'reg_lambda': 0.6765129598027532}. Best is trial 715 with value: 0.9377859576434285.
Trial 3258 finished with value: 0.7916546739298567 and parameters: {'max_depth': 4, 'min_child_weight': 4, 'gamma': 0.13184516777197575, 'subsample': 0.8224542907005834, 'colsample_bytree': 0.509661593480881, 'learning_rate': 0.38341589287553546, 'reg_alpha': 0.09308043518912178, 'reg_lambda': 0.0019581256269895642}. Best is trial 715 with value: 0.9377859576434285.
Trial 3241 finished with value: 0.7561919275387777 and parameters: {'max_depth': 8, 'min_child_weight': 4, 'gamma': 0.7974077038075814, 'subsample': 0.32854196381069745, 'colsample_bytree': 0.595956940666893, 'learning_rate': 0.0664022998372118, 'reg_alpha': 0.014939518915126846, 'reg_lambda': 0.10848989830549188}. Best is trial 715 with value: 0.9377859576434285.
Trial 3271 finished with value: 0.43715251324172877 and parameters: {'max_depth': 2, 'min_child_weight': 4, 'gamma': 0.8937600165754429, 'subsample': 0.4905278891870457, 'colsample_bytree': 0.40543636060955524, 'learning_rate': 0.3552828517526443, 'reg_alpha': 0.031900803858797594, 'reg_lambda': 2.0508562284556784}. Best is trial 715 with value: 0.9377859576434285.
Trial 3223 finished with value: 0.9035694536963552 and parameters: {'max_depth': 10, 'min_child_weight': 3, 'gamma': 0.5981160716115665, 'subsample': 0.8380227105706002, 'colsample_bytree': 0.6615416317066956, 'learning_rate': 0.4194938439829906, 'reg_alpha': 0.0006977973010915795, 'reg_lambda': 2.784850580456579}. Best is trial 715 with value: 0.9377859576434285.
Trial 3274 finished with value: 0.4293739619392769 and parameters: {'max_depth': 2, 'min_child_weight': 5, 'gamma': 0.6152041212464713, 'subsample': 0.5249043549044119, 'colsample_bytree': 0.4958057870271674, 'learning_rate': 0.0834979782509454, 'reg_alpha': 0.00610459126643336, 'reg_lambda': 0.00554623609859819}. Best is trial 715 with value: 0.9377859576434285.
Trial 3256 finished with value: 0.8948402051658816 and parameters: {'max_depth': 5, 'min_child_weight': 2, 'gamma': 0.43330748940946606, 'subsample': 0.5906556879691782, 'colsample_bytree': 0.8236621512151515, 'learning_rate': 0.6399807814670397, 'reg_alpha': 0.00010634558648035882, 'reg_lambda': 5.77323229241271}. Best is trial 715 with value: 0.9377859576434285.
Trial 3251 finished with value: 0.7668002617757728 and parameters: {'max_depth': 7, 'min_child_weight': 1, 'gamma': 0.4793334254148145, 'subsample': 0.18419577909116036, 'colsample_bytree': 0.5957655916820612, 'learning_rate': 0.19898232196250942, 'reg_alpha': 0.0002377879051442745, 'reg_lambda': 4.700330762240155}. Best is trial 715 with value: 0.9377859576434285.
Trial 3268 finished with value: 0.05847419979226128 and parameters: {'max_depth': 5, 'min_child_weight': 4, 'gamma': 0.6450414994896351, 'subsample': 0.3239504249940498, 'colsample_bytree': 0.06885350441249616, 'learning_rate': 0.47516404743798124, 'reg_alpha': 0.03848511504751722, 'reg_lambda': 0.002208393706897064}. Best is trial 715 with value: 0.9377859576434285.
Trial 3267 finished with value: -7507969.614977061 and parameters: {'max_depth': 9, 'min_child_weight': 3, 'gamma': 0.7691112237979806, 'subsample': 0.06171471946329077, 'colsample_bytree': 0.12755045883629546, 'learning_rate': 0.9700206069620224, 'reg_alpha': 0.0013169833636207547, 'reg_lambda': 0.15687137208866747}. Best is trial 715 with value: 0.9377859576434285.
Trial 3264 finished with value: 0.7576608602626151 and parameters: {'max_depth': 4, 'min_child_weight': 5, 'gamma': 0.8095171034691446, 'subsample': 0.7577525743988195, 'colsample_bytree': 0.41932699217471825, 'learning_rate': 0.4223013640520106, 'reg_alpha': 0.00013279195752968455, 'reg_lambda': 0.0045122943667490895}. Best is trial 715 with value: 0.9377859576434285.
Trial 3273 finished with value: 0.08455735841916973 and parameters: {'max_depth': 4, 'min_child_weight': 2, 'gamma': 0.12147221591681323, 'subsample': 0.8726890199662146, 'colsample_bytree': 0.06970479830619714, 'learning_rate': 0.2018516937112751, 'reg_alpha': 0.29289522173248356, 'reg_lambda': 4.693534175916195}. Best is trial 715 with value: 0.9377859576434285.
Trial 3286 finished with value: 0.05555812546670432 and parameters: {'max_depth': 1, 'min_child_weight': 2, 'gamma': 0.45656638453280884, 'subsample': 0.5190600817915504, 'colsample_bytree': 0.13068449398741278, 'learning_rate': 0.6112897792524052, 'reg_alpha': 0.017089651681236866, 'reg_lambda': 2.838514716599747}. Best is trial 715 with value: 0.9377859576434285.
Trial 3290 finished with value: 0.09582741131695599 and parameters: {'max_depth': 1, 'min_child_weight': 3, 'gamma': 0.5022982807793572, 'subsample': 0.723182937481866, 'colsample_bytree': 0.007126685826592483, 'learning_rate': 0.11256003407001136, 'reg_alpha': 4.850974880900411, 'reg_lambda': 0.004225902776170929}. Best is trial 715 with value: 0.9377859576434285.
Trial 3282 finished with value: 0.03219768679320696 and parameters: {'max_depth': 3, 'min_child_weight': 4, 'gamma': 0.7504344678826943, 'subsample': 0.2401032304884555, 'colsample_bytree': 0.08858029515723465, 'learning_rate': 0.5316249337242474, 'reg_alpha': 0.22329938256707105, 'reg_lambda': 0.20288404025883364}. Best is trial 715 with value: 0.9377859576434285.
Trial 3278 finished with value: 0.6314852796230006 and parameters: {'max_depth': 3, 'min_child_weight': 4, 'gamma': 0.485342729206493, 'subsample': 0.5081329852958276, 'colsample_bytree': 0.8586974816497029, 'learning_rate': 0.6099325073204824, 'reg_alpha': 0.018981020377786446, 'reg_lambda': 0.00013544116502812567}. Best is trial 715 with value: 0.9377859576434285.
Trial 3287 finished with value: 0.4840132828787042 and parameters: {'max_depth': 2, 'min_child_weight': 1, 'gamma': 0.5698003992851662, 'subsample': 0.973062959313557, 'colsample_bytree': 0.38833972011899476, 'learning_rate': 0.7158727229363805, 'reg_alpha': 4.597934863627965, 'reg_lambda': 0.3266942615749176}. Best is trial 715 with value: 0.9377859576434285.
Trial 3266 finished with value: 0.4910175788667724 and parameters: {'max_depth': 9, 'min_child_weight': 4, 'gamma': 0.7697862652464312, 'subsample': 0.8705268629015691, 'colsample_bytree': 0.10870043254555806, 'learning_rate': 0.16119974545633386, 'reg_alpha': 0.8341809218475871, 'reg_lambda': 0.027506311880768103}. Best is trial 715 with value: 0.9377859576434285.
Trial 3277 finished with value: 0.7150959875396219 and parameters: {'max_depth': 4, 'min_child_weight': 1, 'gamma': 0.2311858990679646, 'subsample': 0.7644177560493676, 'colsample_bytree': 0.23193101064134003, 'learning_rate': 0.8344018197600743, 'reg_alpha': 1.2286838001414944, 'reg_lambda': 0.47651518117403674}. Best is trial 715 with value: 0.9377859576434285.
Trial 3254 finished with value: 0.8119435420493074 and parameters: {'max_depth': 10, 'min_child_weight': 5, 'gamma': 0.06592123881275036, 'subsample': 0.6064874598666355, 'colsample_bytree': 0.417284111938679, 'learning_rate': 0.14256930028062864, 'reg_alpha': 0.000669281138164427, 'reg_lambda': 0.0009636023549311414}. Best is trial 715 with value: 0.9377859576434285.
Trial 3289 finished with value: 0.4258511120629987 and parameters: {'max_depth': 2, 'min_child_weight': 1, 'gamma': 0.1705825581267797, 'subsample': 0.8063074395088848, 'colsample_bytree': 0.5141296627131863, 'learning_rate': 0.9229690193963213, 'reg_alpha': 4.35514515733845, 'reg_lambda': 0.0005351872058628684}. Best is trial 715 with value: 0.9377859576434285.
Trial 3269 finished with value: 0.49908447193745337 and parameters: {'max_depth': 9, 'min_child_weight': 4, 'gamma': 0.1719930955604836, 'subsample': 0.17481276216880215, 'colsample_bytree': 0.5337360490847816, 'learning_rate': 0.32591407967832253, 'reg_alpha': 0.08143527340547438, 'reg_lambda': 1.47965752199384}. Best is trial 715 with value: 0.9377859576434285.
Trial 3255 finished with value: 0.8099281712918929 and parameters: {'max_depth': 8, 'min_child_weight': 2, 'gamma': 0.07969947744801054, 'subsample': 0.42590289114988433, 'colsample_bytree': 0.7987770472818516, 'learning_rate': 0.6643619195635322, 'reg_alpha': 0.46088070789116264, 'reg_lambda': 0.49825640721862535}. Best is trial 715 with value: 0.9377859576434285.
Trial 3283 finished with value: 0.6902691744399225 and parameters: {'max_depth': 3, 'min_child_weight': 4, 'gamma': 0.8055409848685599, 'subsample': 0.5960670869931196, 'colsample_bytree': 0.9954622198328915, 'learning_rate': 0.4053350570785952, 'reg_alpha': 0.054181838348102265, 'reg_lambda': 0.00030822102772568754}. Best is trial 715 with value: 0.9377859576434285.
Trial 3275 finished with value: 0.7367601471277434 and parameters: {'max_depth': 5, 'min_child_weight': 5, 'gamma': 0.9412930006536165, 'subsample': 0.4653733446507351, 'colsample_bytree': 0.5114759201468229, 'learning_rate': 0.5656937736862102, 'reg_alpha': 1.4691909498358506, 'reg_lambda': 0.0015111033266354656}. Best is trial 715 with value: 0.9377859576434285.
Trial 3292 finished with value: 0.15588021855625422 and parameters: {'max_depth': 10, 'min_child_weight': 4, 'gamma': 0.14453461764409592, 'subsample': 0.026695324936914178, 'colsample_bytree': 0.987469483132225, 'learning_rate': 0.08341121036116572, 'reg_alpha': 1.0368362608525383, 'reg_lambda': 0.00018752622093963479}. Best is trial 715 with value: 0.9377859576434285.
Trial 3276 finished with value: 0.8216199411239191 and parameters: {'max_depth': 5, 'min_child_weight': 5, 'gamma': 0.18916702246795314, 'subsample': 0.8284126446254677, 'colsample_bytree': 0.6298066653188793, 'learning_rate': 0.1416246790873965, 'reg_alpha': 3.0940153991538026, 'reg_lambda': 0.5694159796409671}. Best is trial 715 with value: 0.9377859576434285.
Trial 3296 finished with value: 0.07219601424638358 and parameters: {'max_depth': 1, 'min_child_weight': 3, 'gamma': 0.5242604541310173, 'subsample': 0.8500540125660674, 'colsample_bytree': 0.0005681968775899104, 'learning_rate': 0.8348878506144927, 'reg_alpha': 0.009045096788613812, 'reg_lambda': 3.354188619654423}. Best is trial 715 with value: 0.9377859576434285.
Trial 3297 finished with value: 0.055843901023354035 and parameters: {'max_depth': 1, 'min_child_weight': 4, 'gamma': 0.14956207034339375, 'subsample': 0.6371729042535532, 'colsample_bytree': 0.9312233472109057, 'learning_rate': 0.6073795398634941, 'reg_alpha': 0.40454866519532956, 'reg_lambda': 0.4338117044496779}. Best is trial 715 with value: 0.9377859576434285.
Trial 3270 finished with value: 0.3213378958185668 and parameters: {'max_depth': 7, 'min_child_weight': 3, 'gamma': 0.8181276721280355, 'subsample': 0.25638909030538093, 'colsample_bytree': 0.5341386206795776, 'learning_rate': 0.6565532474188432, 'reg_alpha': 0.06379782969781708, 'reg_lambda': 1.1630948834078645}. Best is trial 715 with value: 0.9377859576434285.
Trial 3265 finished with value: 0.889496831651265 and parameters: {'max_depth': 7, 'min_child_weight': 2, 'gamma': 0.9129253973551008, 'subsample': 0.954863953108533, 'colsample_bytree': 0.49518075068806333, 'learning_rate': 0.9302215331762798, 'reg_alpha': 0.2692729331719414, 'reg_lambda': 0.002408634412054289}. Best is trial 715 with value: 0.9377859576434285.
Trial 3288 finished with value: 0.6600402649896926 and parameters: {'max_depth': 4, 'min_child_weight': 2, 'gamma': 0.8757711022464633, 'subsample': 0.5391496666788785, 'colsample_bytree': 0.512697348806315, 'learning_rate': 0.8558916222561895, 'reg_alpha': 0.0006831498450596529, 'reg_lambda': 1.8011265689743943}. Best is trial 715 with value: 0.9377859576434285.
Trial 3303 finished with value: 0.07261552801772445 and parameters: {'max_depth': 2, 'min_child_weight': 5, 'gamma': 0.8870861188575243, 'subsample': 0.5175383227755556, 'colsample_bytree': 0.003022364977587344, 'learning_rate': 0.222387760872914, 'reg_alpha': 0.008773526221990421, 'reg_lambda': 0.1092981440056073}. Best is trial 715 with value: 0.9377859576434285.
Trial 3280 finished with value: 0.8218682006150044 and parameters: {'max_depth': 6, 'min_child_weight': 1, 'gamma': 0.19865083607367684, 'subsample': 0.36010775500056125, 'colsample_bytree': 0.5639832518543453, 'learning_rate': 0.47150688982419675, 'reg_alpha': 8.403257093270975, 'reg_lambda': 0.014504996411725212}. Best is trial 715 with value: 0.9377859576434285.
Trial 3298 finished with value: 0.7061027223407266 and parameters: {'max_depth': 3, 'min_child_weight': 3, 'gamma': 0.8178740939219991, 'subsample': 0.7539724954959536, 'colsample_bytree': 0.8909964595136313, 'learning_rate': 0.3329416888638035, 'reg_alpha': 0.8748760485533198, 'reg_lambda': 0.00020317458826985452}. Best is trial 715 with value: 0.9377859576434285.
Trial 3281 finished with value: 0.8677065353582699 and parameters: {'max_depth': 6, 'min_child_weight': 5, 'gamma': 0.5492409767965917, 'subsample': 0.5781159624613149, 'colsample_bytree': 0.6021127726179559, 'learning_rate': 0.5714797546187748, 'reg_alpha': 0.16533296971991202, 'reg_lambda': 0.0034488227489658245}. Best is trial 715 with value: 0.9377859576434285.
Trial 3284 finished with value: 0.7520422514324859 and parameters: {'max_depth': 6, 'min_child_weight': 3, 'gamma': 0.31762477874365125, 'subsample': 0.36289480829652787, 'colsample_bytree': 0.4203636140770588, 'learning_rate': 0.15923424784668672, 'reg_alpha': 0.036187760134965795, 'reg_lambda': 0.0026588082468362905}. Best is trial 715 with value: 0.9377859576434285.
Trial 3308 finished with value: 0.04384044676988581 and parameters: {'max_depth': 3, 'min_child_weight': 1, 'gamma': 0.15249478115963755, 'subsample': 0.5163717214597668, 'colsample_bytree': 0.009607808642258076, 'learning_rate': 0.4544692618721574, 'reg_alpha': 0.00028880482849343687, 'reg_lambda': 0.6013644637364299}. Best is trial 715 with value: 0.9377859576434285.
Trial 3279 finished with value: 0.8941154832914602 and parameters: {'max_depth': 6, 'min_child_weight': 2, 'gamma': 0.5490755533945323, 'subsample': 0.35854203529287876, 'colsample_bytree': 0.9938032194902017, 'learning_rate': 0.15865914123414282, 'reg_alpha': 0.00019997382827047352, 'reg_lambda': 0.010907025734877108}. Best is trial 715 with value: 0.9377859576434285.
Trial 3307 finished with value: -0.2543690505269474 and parameters: {'max_depth': 10, 'min_child_weight': 5, 'gamma': 0.7868536570908636, 'subsample': 0.0715397999173718, 'colsample_bytree': 0.2627288805863909, 'learning_rate': 0.43174938086952575, 'reg_alpha': 0.2085736770836085, 'reg_lambda': 2.042109644778707}. Best is trial 715 with value: 0.9377859576434285.
Trial 3311 finished with value: 0.4359825919057171 and parameters: {'max_depth': 2, 'min_child_weight': 2, 'gamma': 0.29275855356715974, 'subsample': 0.3272636211652571, 'colsample_bytree': 0.9264699774678231, 'learning_rate': 0.12605622270804306, 'reg_alpha': 0.039613265028650785, 'reg_lambda': 6.434459373339774}. Best is trial 715 with value: 0.9377859576434285.
Trial 3314 finished with value: 0.08582055195401643 and parameters: {'max_depth': 1, 'min_child_weight': 1, 'gamma': 0.8617110103790941, 'subsample': 0.467306669974185, 'colsample_bytree': 0.33218081974448066, 'learning_rate': 0.11129840176349526, 'reg_alpha': 0.08799633873171853, 'reg_lambda': 2.6453880778342396}. Best is trial 715 with value: 0.9377859576434285.
Trial 3301 finished with value: 0.8020525508189175 and parameters: {'max_depth': 4, 'min_child_weight': 5, 'gamma': 0.10911483426583535, 'subsample': 0.7783926422098832, 'colsample_bytree': 0.6593598772083616, 'learning_rate': 0.37922838132368275, 'reg_alpha': 0.011756165522836561, 'reg_lambda': 0.003568578690307825}. Best is trial 715 with value: 0.9377859576434285.
Trial 3285 finished with value: 0.7790556371969058 and parameters: {'max_depth': 9, 'min_child_weight': 5, 'gamma': 0.8341649213626362, 'subsample': 0.8992919525694671, 'colsample_bytree': 0.25599797738067664, 'learning_rate': 0.11034933043795614, 'reg_alpha': 0.0009143948484628108, 'reg_lambda': 0.743719515814159}. Best is trial 715 with value: 0.9377859576434285.
Trial 3318 finished with value: 0.06050832712332915 and parameters: {'max_depth': 1, 'min_child_weight': 4, 'gamma': 0.3745636681516106, 'subsample': 0.5548693054647448, 'colsample_bytree': 0.6026811560396417, 'learning_rate': 0.920677682355026, 'reg_alpha': 0.01734501645476707, 'reg_lambda': 1.9354489340005336}. Best is trial 715 with value: 0.9377859576434285.
Trial 3300 finished with value: 0.3906661026667355 and parameters: {'max_depth': 10, 'min_child_weight': 3, 'gamma': 0.35646949195405087, 'subsample': 0.30706860637623723, 'colsample_bytree': 0.0986633086576395, 'learning_rate': 0.5795357510687797, 'reg_alpha': 0.312370404818438, 'reg_lambda': 2.757257582092106}. Best is trial 715 with value: 0.9377859576434285.
Trial 3261 finished with value: 0.9035015964439193 and parameters: {'max_depth': 10, 'min_child_weight': 1, 'gamma': 0.9837516581890863, 'subsample': 0.6737554038835908, 'colsample_bytree': 0.9994370710170375, 'learning_rate': 0.6628437538462578, 'reg_alpha': 0.47816091392320775, 'reg_lambda': 0.0364541697526306}. Best is trial 715 with value: 0.9377859576434285.
Trial 3294 finished with value: 0.8860084435411995 and parameters: {'max_depth': 5, 'min_child_weight': 5, 'gamma': 0.7123235436037151, 'subsample': 0.839753386180521, 'colsample_bytree': 0.8007195178118013, 'learning_rate': 0.7649741828292839, 'reg_alpha': 0.04751855262086178, 'reg_lambda': 0.8802676023851784}. Best is trial 715 with value: 0.9377859576434285.
Trial 3293 finished with value: 0.9061107818078253 and parameters: {'max_depth': 6, 'min_child_weight': 4, 'gamma': 0.7400374255748617, 'subsample': 0.9344488619886815, 'colsample_bytree': 0.48261456084121457, 'learning_rate': 0.7674124797750992, 'reg_alpha': 1.056182036495154, 'reg_lambda': 3.1645084551685643}. Best is trial 715 with value: 0.9377859576434285.
Trial 3309 finished with value: 0.41856231717748954 and parameters: {'max_depth': 5, 'min_child_weight': 4, 'gamma': 0.9792209382888362, 'subsample': 0.15075878256840902, 'colsample_bytree': 0.19374317855764223, 'learning_rate': 0.22266077987774713, 'reg_alpha': 0.0003907439297520441, 'reg_lambda': 1.5417021572270633}. Best is trial 715 with value: 0.9377859576434285.
Trial 3299 finished with value: 0.872696371724614 and parameters: {'max_depth': 5, 'min_child_weight': 2, 'gamma': 0.26094108946715733, 'subsample': 0.9208816844038504, 'colsample_bytree': 0.6082190987572785, 'learning_rate': 0.16243152718462417, 'reg_alpha': 1.2371534348523698, 'reg_lambda': 1.0128026904400986}. Best is trial 715 with value: 0.9377859576434285.
Trial 3322 finished with value: 0.09719229373323668 and parameters: {'max_depth': 1, 'min_child_weight': 2, 'gamma': 0.9665535764642096, 'subsample': 0.8453644354504868, 'colsample_bytree': 0.6285372161262119, 'learning_rate': 0.7145994031891647, 'reg_alpha': 0.007011392386735561, 'reg_lambda': 0.000910975202272461}. Best is trial 715 with value: 0.9377859576434285.
