Trial 2734 finished with value: 0.043038759071197606 and parameters: {'max_depth': 2, 'min_child_weight': 4, 'gamma': 0.4483182629366582, 'subsample': 0.10239902266471446, 'colsample_bytree': 0.04218919485327988, 'learning_rate': 0.07735360914760481, 'reg_alpha': 0.01609391013643771, 'reg_lambda': 0.00011874307882031475}. Best is trial 715 with value: 0.9377859576434285.
Trial 2715 finished with value: 0.8420949923798339 and parameters: {'max_depth': 6, 'min_child_weight': 5, 'gamma': 0.2919632859842092, 'subsample': 0.7923720338270789, 'colsample_bytree': 0.44579315889306426, 'learning_rate': 0.3675736795266574, 'reg_alpha': 0.9550650140351101, 'reg_lambda': 0.00017713477856292712}. Best is trial 715 with value: 0.9377859576434285.
Trial 2723 finished with value: 0.9039049089196367 and parameters: {'max_depth': 9, 'min_child_weight': 5, 'gamma': 0.5836757715174246, 'subsample': 0.9870192510398769, 'colsample_bytree': 0.6557453147417093, 'learning_rate': 0.8687855531273353, 'reg_alpha': 5.596412698960709, 'reg_lambda': 0.000605000269482646}. Best is trial 715 with value: 0.9377859576434285.
Trial 2727 finished with value: 0.026603518771995648 and parameters: {'max_depth': 9, 'min_child_weight': 3, 'gamma': 0.8765890455811298, 'subsample': 0.3512561284027583, 'colsample_bytree': 0.015914189742973983, 'learning_rate': 0.6655732277897952, 'reg_alpha': 0.3729922490713239, 'reg_lambda': 1.762014389676174}. Best is trial 715 with value: 0.9377859576434285.
Trial 2717 finished with value: 0.8991299237546834 and parameters: {'max_depth': 10, 'min_child_weight': 4, 'gamma': 0.8811049924118664, 'subsample': 0.9096133884893796, 'colsample_bytree': 0.7214444524989541, 'learning_rate': 0.760364786090954, 'reg_alpha': 4.320946723955408, 'reg_lambda': 0.046100791081574645}. Best is trial 715 with value: 0.9377859576434285.
Trial 2728 finished with value: 0.03572408398714089 and parameters: {'max_depth': 8, 'min_child_weight': 1, 'gamma': 0.07947982713099555, 'subsample': 0.5696037816030312, 'colsample_bytree': 0.03548570238572124, 'learning_rate': 0.6556073431280629, 'reg_alpha': 6.498847662490171, 'reg_lambda': 0.006771143351853155}. Best is trial 715 with value: 0.9377859576434285.
Trial 2708 finished with value: 0.8042882234391834 and parameters: {'max_depth': 10, 'min_child_weight': 4, 'gamma': 0.7558836754238328, 'subsample': 0.7055371136016163, 'colsample_bytree': 0.2382861462396596, 'learning_rate': 0.47706601992470843, 'reg_alpha': 0.07358946626765703, 'reg_lambda': 0.001741519770365067}. Best is trial 715 with value: 0.9377859576434285.
Trial 2707 finished with value: 0.8596659721595004 and parameters: {'max_depth': 8, 'min_child_weight': 3, 'gamma': 0.7277488803124592, 'subsample': 0.5303009836856566, 'colsample_bytree': 0.39451444124441626, 'learning_rate': 0.3258493767447923, 'reg_alpha': 0.0029052492605254544, 'reg_lambda': 0.08526224947616727}. Best is trial 715 with value: 0.9377859576434285.
Trial 2719 finished with value: -77122.39597897515 and parameters: {'max_depth': 9, 'min_child_weight': 4, 'gamma': 0.37452782669926943, 'subsample': 0.18082817110605198, 'colsample_bytree': 0.36710328132510206, 'learning_rate': 0.9544065083236659, 'reg_alpha': 0.00037531887581734776, 'reg_lambda': 0.48154239493527157}. Best is trial 715 with value: 0.9377859576434285.
Trial 2737 finished with value: 0.3601177909169684 and parameters: {'max_depth': 2, 'min_child_weight': 2, 'gamma': 0.398274530251127, 'subsample': 0.1931903513450638, 'colsample_bytree': 0.6984565594805288, 'learning_rate': 0.20840549660810792, 'reg_alpha': 0.0038344875881353383, 'reg_lambda': 0.2957941905653134}. Best is trial 715 with value: 0.9377859576434285.
Trial 2682 finished with value: 0.9233546259140695 and parameters: {'max_depth': 10, 'min_child_weight': 1, 'gamma': 0.4652691547096671, 'subsample': 0.984967527048615, 'colsample_bytree': 0.8191273161132183, 'learning_rate': 0.8828244226754235, 'reg_alpha': 0.00040418565213251145, 'reg_lambda': 0.0016586038544285757}. Best is trial 715 with value: 0.9377859576434285.
Trial 2735 finished with value: 0.20992322981795825 and parameters: {'max_depth': 5, 'min_child_weight': 4, 'gamma': 0.18438843987499576, 'subsample': 0.055509096510054645, 'colsample_bytree': 0.9282959391051282, 'learning_rate': 0.13025603419929566, 'reg_alpha': 2.3231519449545033, 'reg_lambda': 0.9166720323508993}. Best is trial 715 with value: 0.9377859576434285.
Trial 2747 finished with value: -12865625225.058382 and parameters: {'max_depth': 5, 'min_child_weight': 3, 'gamma': 0.8503548265058218, 'subsample': 0.012991572819234687, 'colsample_bytree': 0.6078411733453106, 'learning_rate': 0.9987465518292996, 'reg_alpha': 0.0028459650175529233, 'reg_lambda': 0.000978116532382316}. Best is trial 715 with value: 0.9377859576434285.
Trial 2740 finished with value: -0.45884846334555923 and parameters: {'max_depth': 3, 'min_child_weight': 3, 'gamma': 0.8229712687902934, 'subsample': 0.10332971230780874, 'colsample_bytree': 0.5153148616525148, 'learning_rate': 0.6441530736321242, 'reg_alpha': 0.0017655316083064073, 'reg_lambda': 4.27324845150016}. Best is trial 715 with value: 0.9377859576434285.
Trial 2750 finished with value: -12.35715216772651 and parameters: {'max_depth': 6, 'min_child_weight': 1, 'gamma': 0.22834409093986185, 'subsample': 0.5669952793867769, 'colsample_bytree': 0.009106009259459591, 'learning_rate': 0.001099534925597001, 'reg_alpha': 0.043982584040581085, 'reg_lambda': 9.76503501219262}. Best is trial 715 with value: 0.9377859576434285.
Trial 2746 finished with value: 0.4350876444329764 and parameters: {'max_depth': 2, 'min_child_weight': 2, 'gamma': 0.22397179704956194, 'subsample': 0.4519772168779933, 'colsample_bytree': 0.30665631307675434, 'learning_rate': 0.18579264111549754, 'reg_alpha': 0.02675907061734413, 'reg_lambda': 0.4214635451206172}. Best is trial 715 with value: 0.9377859576434285.
Trial 2709 finished with value: 0.8986245857091784 and parameters: {'max_depth': 8, 'min_child_weight': 1, 'gamma': 0.1125287513713581, 'subsample': 0.9569632110179039, 'colsample_bytree': 0.6080211656078846, 'learning_rate': 0.31463418586156844, 'reg_alpha': 0.010377704952473822, 'reg_lambda': 0.4587294640249055}. Best is trial 715 with value: 0.9377859576434285.
Trial 2726 finished with value: 0.8330932700611227 and parameters: {'max_depth': 7, 'min_child_weight': 2, 'gamma': 0.31392273939354154, 'subsample': 0.7040456076144841, 'colsample_bytree': 0.2682410941887128, 'learning_rate': 0.7684476140968063, 'reg_alpha': 0.00014075187363677994, 'reg_lambda': 0.00010484300209654235}. Best is trial 715 with value: 0.9377859576434285.
Trial 2754 finished with value: 0.0753193646769501 and parameters: {'max_depth': 1, 'min_child_weight': 4, 'gamma': 0.8254296513618617, 'subsample': 0.3390786707192903, 'colsample_bytree': 0.7501469841129018, 'learning_rate': 0.012859365819479107, 'reg_alpha': 0.13556722042195546, 'reg_lambda': 0.00012537522144501646}. Best is trial 715 with value: 0.9377859576434285.
Trial 2742 finished with value: -2.116814860004665 and parameters: {'max_depth': 9, 'min_child_weight': 5, 'gamma': 0.915038245853998, 'subsample': 0.10355855759846122, 'colsample_bytree': 0.6099024581341411, 'learning_rate': 0.49806040733314805, 'reg_alpha': 0.7041623920820715, 'reg_lambda': 0.0023935446666680724}. Best is trial 715 with value: 0.9377859576434285.
Trial 2738 finished with value: 0.7972570725667716 and parameters: {'max_depth': 5, 'min_child_weight': 5, 'gamma': 0.7987904917260767, 'subsample': 0.8291830089973855, 'colsample_bytree': 0.4374458590529917, 'learning_rate': 0.8342803788074262, 'reg_alpha': 0.011077797329671747, 'reg_lambda': 0.01766744708038919}. Best is trial 715 with value: 0.9377859576434285.
Trial 2725 finished with value: 0.7957199784462513 and parameters: {'max_depth': 9, 'min_child_weight': 3, 'gamma': 0.6676218929873816, 'subsample': 0.6327350088047031, 'colsample_bytree': 0.23484680663752233, 'learning_rate': 0.5365540957960273, 'reg_alpha': 0.0007419230423230597, 'reg_lambda': 0.00013712116736037768}. Best is trial 715 with value: 0.9377859576434285.
Trial 2744 finished with value: -59706692658.52912 and parameters: {'max_depth': 4, 'min_child_weight': 1, 'gamma': 0.9670797868947676, 'subsample': 0.13177389785741933, 'colsample_bytree': 0.8001498484396173, 'learning_rate': 0.6400943775184154, 'reg_alpha': 0.6495878681977016, 'reg_lambda': 0.00010760985157221035}. Best is trial 715 with value: 0.9377859576434285.
Trial 2757 finished with value: 0.3480999428722694 and parameters: {'max_depth': 2, 'min_child_weight': 4, 'gamma': 0.7843837431406361, 'subsample': 0.4342346712342594, 'colsample_bytree': 0.6248047778870403, 'learning_rate': 0.024126177991349307, 'reg_alpha': 0.006919837064184615, 'reg_lambda': 0.0026407337637828605}. Best is trial 715 with value: 0.9377859576434285.
Trial 2758 finished with value: 0.32215534074494456 and parameters: {'max_depth': 2, 'min_child_weight': 2, 'gamma': 0.6488957568286494, 'subsample': 0.6245340833691437, 'colsample_bytree': 0.5789030914843528, 'learning_rate': 0.9889980526308993, 'reg_alpha': 6.84520563300465, 'reg_lambda': 0.001108054140556501}. Best is trial 715 with value: 0.9377859576434285.
Trial 2751 finished with value: 0.020088775494993293 and parameters: {'max_depth': 10, 'min_child_weight': 3, 'gamma': 0.16890313761335796, 'subsample': 0.5544998820412499, 'colsample_bytree': 0.05674803068382761, 'learning_rate': 0.7583782545378355, 'reg_alpha': 1.6790576431678936, 'reg_lambda': 0.009788705069984208}. Best is trial 715 with value: 0.9377859576434285.
Trial 2748 finished with value: 0.9134171956463305 and parameters: {'max_depth': 8, 'min_child_weight': 5, 'gamma': 0.3532140851564487, 'subsample': 0.9834560786979591, 'colsample_bytree': 0.8157250249139798, 'learning_rate': 0.5352694150460514, 'reg_alpha': 4.925526227082761, 'reg_lambda': 0.00016343164872300404}. Best is trial 715 with value: 0.9377859576434285.
Trial 2718 finished with value: 0.9041326958101129 and parameters: {'max_depth': 9, 'min_child_weight': 1, 'gamma': 0.39187002356420164, 'subsample': 0.4789118644326673, 'colsample_bytree': 0.633903567132385, 'learning_rate': 0.6092879369604765, 'reg_alpha': 0.004742542049355449, 'reg_lambda': 1.3732817443003185}. Best is trial 715 with value: 0.9377859576434285.
Trial 2755 finished with value: 0.346276937380188 and parameters: {'max_depth': 3, 'min_child_weight': 5, 'gamma': 0.8188234548736771, 'subsample': 0.479045319058818, 'colsample_bytree': 0.4357357730840201, 'learning_rate': 0.892633687476397, 'reg_alpha': 0.014531161657592643, 'reg_lambda': 0.0001839025006754322}. Best is trial 715 with value: 0.9377859576434285.
Trial 2733 finished with value: 0.8933759810466396 and parameters: {'max_depth': 7, 'min_child_weight': 3, 'gamma': 0.8922174346627955, 'subsample': 0.894492111158287, 'colsample_bytree': 0.5006343361007347, 'learning_rate': 0.7015646263511348, 'reg_alpha': 0.00550868222322258, 'reg_lambda': 1.6256796233073474}. Best is trial 715 with value: 0.9377859576434285.
Trial 2729 finished with value: -1.9193147365179416e+23 and parameters: {'max_depth': 8, 'min_child_weight': 2, 'gamma': 0.32230639447063925, 'subsample': 0.21004035256734566, 'colsample_bytree': 0.9942035533796652, 'learning_rate': 0.8192621282751449, 'reg_alpha': 2.3263468830792378, 'reg_lambda': 0.00010317307833157932}. Best is trial 715 with value: 0.9377859576434285.
Trial 2745 finished with value: 0.7762502841365269 and parameters: {'max_depth': 5, 'min_child_weight': 2, 'gamma': 0.6807319218301902, 'subsample': 0.4877262341800156, 'colsample_bytree': 0.454683573425135, 'learning_rate': 0.38405181301062097, 'reg_alpha': 0.03231891063645967, 'reg_lambda': 0.00040548096314238746}. Best is trial 715 with value: 0.9377859576434285.
Trial 2736 finished with value: 0.6678303179264138 and parameters: {'max_depth': 8, 'min_child_weight': 3, 'gamma': 0.7242121702557682, 'subsample': 0.19639990235041238, 'colsample_bytree': 0.7969541701317875, 'learning_rate': 0.27444078986037024, 'reg_alpha': 0.00016465427264418387, 'reg_lambda': 0.0007170987665001844}. Best is trial 715 with value: 0.9377859576434285.
Trial 2749 finished with value: 0.7681198975930014 and parameters: {'max_depth': 5, 'min_child_weight': 4, 'gamma': 0.6416358026595741, 'subsample': 0.44489381302261366, 'colsample_bytree': 0.8275449526814902, 'learning_rate': 0.7786254143027393, 'reg_alpha': 0.060745764504082395, 'reg_lambda': 0.4387176172265351}. Best is trial 715 with value: 0.9377859576434285.
Trial 2767 finished with value: -0.02927261084553512 and parameters: {'max_depth': 1, 'min_child_weight': 5, 'gamma': 0.9194959664098535, 'subsample': 0.1413815926072547, 'colsample_bytree': 0.48998514287838, 'learning_rate': 0.27632533094643796, 'reg_alpha': 0.010602685562895175, 'reg_lambda': 0.7178924862181729}. Best is trial 715 with value: 0.9377859576434285.
Trial 2770 finished with value: 0.03889437376452485 and parameters: {'max_depth': 1, 'min_child_weight': 1, 'gamma': 0.9468807400427024, 'subsample': 0.23998321074248907, 'colsample_bytree': 0.5465926933107891, 'learning_rate': 0.7405815745663608, 'reg_alpha': 0.13948508496210585, 'reg_lambda': 3.2820915965683746}. Best is trial 715 with value: 0.9377859576434285.
Trial 2756 finished with value: 0.4064742028917951 and parameters: {'max_depth': 9, 'min_child_weight': 2, 'gamma': 0.5510874284693597, 'subsample': 0.1538454255925531, 'colsample_bytree': 0.17902159042652754, 'learning_rate': 0.017611246945678394, 'reg_alpha': 0.0002373433580249941, 'reg_lambda': 0.12439796393888577}. Best is trial 715 with value: 0.9377859576434285.
Trial 2730 finished with value: 0.9111811119292007 and parameters: {'max_depth': 10, 'min_child_weight': 2, 'gamma': 0.6488115753415086, 'subsample': 0.30308218600758796, 'colsample_bytree': 0.8811354730989126, 'learning_rate': 0.14959242055526356, 'reg_alpha': 0.0005565733984154487, 'reg_lambda': 0.004307757391557658}. Best is trial 715 with value: 0.9377859576434285.
Trial 2741 finished with value: 0.8416656288250872 and parameters: {'max_depth': 9, 'min_child_weight': 1, 'gamma': 0.0655189036233208, 'subsample': 0.20567046064540873, 'colsample_bytree': 0.6030513729232324, 'learning_rate': 0.10857717412664791, 'reg_alpha': 0.0007256782190098654, 'reg_lambda': 1.01210217124109}. Best is trial 715 with value: 0.9377859576434285.
Trial 2739 finished with value: 0.903468921351964 and parameters: {'max_depth': 10, 'min_child_weight': 1, 'gamma': 0.27940384798865614, 'subsample': 0.2434763440566552, 'colsample_bytree': 0.7440609357374859, 'learning_rate': 0.21485362635888794, 'reg_alpha': 0.225209305750073, 'reg_lambda': 0.013403031258017983}. Best is trial 715 with value: 0.9377859576434285.
Trial 2764 finished with value: 0.3710507804739681 and parameters: {'max_depth': 6, 'min_child_weight': 3, 'gamma': 0.5894671219392946, 'subsample': 0.15322614548767832, 'colsample_bytree': 0.18165882235568043, 'learning_rate': 0.17394910705684086, 'reg_alpha': 0.08964645366169931, 'reg_lambda': 0.04738845696121901}. Best is trial 715 with value: 0.9377859576434285.
Trial 2778 finished with value: 0.019310340077730005 and parameters: {'max_depth': 1, 'min_child_weight': 1, 'gamma': 0.5337939178953248, 'subsample': 0.22946399495528824, 'colsample_bytree': 0.773492828626188, 'learning_rate': 0.7658451952063178, 'reg_alpha': 0.7362786991490642, 'reg_lambda': 0.0002523434590543348}. Best is trial 715 with value: 0.9377859576434285.
Trial 2776 finished with value: 0.7015425880416932 and parameters: {'max_depth': 3, 'min_child_weight': 2, 'gamma': 0.7431137918770767, 'subsample': 0.666414070658784, 'colsample_bytree': 0.8161216232416042, 'learning_rate': 0.5407370160135516, 'reg_alpha': 0.6817000805844268, 'reg_lambda': 1.3275923550838817}. Best is trial 715 with value: 0.9377859576434285.
Trial 2762 finished with value: 0.6779529917832179 and parameters: {'max_depth': 6, 'min_child_weight': 3, 'gamma': 0.8236606575694437, 'subsample': 0.6199868820415285, 'colsample_bytree': 0.24384083918660904, 'learning_rate': 0.8874595330672115, 'reg_alpha': 1.3636137269320407, 'reg_lambda': 0.00029892827061169983}. Best is trial 715 with value: 0.9377859576434285.
Trial 2763 finished with value: 0.6548330005795966 and parameters: {'max_depth': 9, 'min_child_weight': 2, 'gamma': 0.8006123421705985, 'subsample': 0.3076805929183134, 'colsample_bytree': 0.21748551824084317, 'learning_rate': 0.5410783402549337, 'reg_alpha': 0.00014539954450947608, 'reg_lambda': 5.486490160722291}. Best is trial 715 with value: 0.9377859576434285.
Trial 2765 finished with value: 0.8414717189022707 and parameters: {'max_depth': 5, 'min_child_weight': 2, 'gamma': 0.9050146175375183, 'subsample': 0.4417191838867659, 'colsample_bytree': 0.9577665095043824, 'learning_rate': 0.39089407075391214, 'reg_alpha': 8.516384798405115, 'reg_lambda': 0.005020554613363169}. Best is trial 715 with value: 0.9377859576434285.
Trial 2759 finished with value: 0.8662190833865999 and parameters: {'max_depth': 7, 'min_child_weight': 2, 'gamma': 0.21412943914126514, 'subsample': 0.6167469868847122, 'colsample_bytree': 0.6766781901604632, 'learning_rate': 0.8757182614466178, 'reg_alpha': 0.7736968427588004, 'reg_lambda': 0.007597271545157234}. Best is trial 715 with value: 0.9377859576434285.
Trial 2780 finished with value: 0.07936071351454838 and parameters: {'max_depth': 3, 'min_child_weight': 3, 'gamma': 0.9881958359773266, 'subsample': 0.49179383686503875, 'colsample_bytree': 0.015246232916076852, 'learning_rate': 0.24655879677871817, 'reg_alpha': 0.0006091221164765351, 'reg_lambda': 0.00018161336467780283}. Best is trial 715 with value: 0.9377859576434285.
Trial 2772 finished with value: 0.38420516264323 and parameters: {'max_depth': 9, 'min_child_weight': 2, 'gamma': 0.37178976668596975, 'subsample': 0.18785848673196515, 'colsample_bytree': 0.13412095368571764, 'learning_rate': 0.24812511164382678, 'reg_alpha': 0.000260418973606041, 'reg_lambda': 0.5945654147342312}. Best is trial 715 with value: 0.9377859576434285.
Trial 2743 finished with value: 0.6653848082658906 and parameters: {'max_depth': 10, 'min_child_weight': 2, 'gamma': 0.4520709070732726, 'subsample': 0.5236493621120676, 'colsample_bytree': 0.6872042512348575, 'learning_rate': 0.951388607620776, 'reg_alpha': 0.0005574265051978831, 'reg_lambda': 0.00022508282691279172}. Best is trial 715 with value: 0.9377859576434285.
Trial 2752 finished with value: 0.9069934391700458 and parameters: {'max_depth': 10, 'min_child_weight': 4, 'gamma': 0.23110242906597844, 'subsample': 0.6557173622868534, 'colsample_bytree': 0.9013569968271475, 'learning_rate': 0.22595263566103652, 'reg_alpha': 0.3238925116041455, 'reg_lambda': 0.026263642251447072}. Best is trial 715 with value: 0.9377859576434285.
Trial 2768 finished with value: -0.9207836951770105 and parameters: {'max_depth': 7, 'min_child_weight': 5, 'gamma': 0.4167707187417128, 'subsample': 0.3956702468044304, 'colsample_bytree': 0.4227908159124908, 'learning_rate': 0.9159336287645665, 'reg_alpha': 0.0033348663564870934, 'reg_lambda': 0.00032892562340673074}. Best is trial 715 with value: 0.9377859576434285.
Trial 2766 finished with value: 0.8759501866973581 and parameters: {'max_depth': 6, 'min_child_weight': 3, 'gamma': 0.8479560113357204, 'subsample': 0.5442534465074086, 'colsample_bytree': 0.8194672024738429, 'learning_rate': 0.6823804779054572, 'reg_alpha': 0.0004304725850916327, 'reg_lambda': 0.025654452632728066}. Best is trial 715 with value: 0.9377859576434285.
Trial 2779 finished with value: 0.7648667997908447 and parameters: {'max_depth': 4, 'min_child_weight': 3, 'gamma': 0.6807559346880304, 'subsample': 0.8222083261388918, 'colsample_bytree': 0.3799359421963161, 'learning_rate': 0.3791933733801486, 'reg_alpha': 0.000684214555990065, 'reg_lambda': 0.001133626868810585}. Best is trial 715 with value: 0.9377859576434285.
Trial 2771 finished with value: 0.6098973410371455 and parameters: {'max_depth': 6, 'min_child_weight': 1, 'gamma': 0.15195434425676368, 'subsample': 0.4943791752203823, 'colsample_bytree': 0.6085265087028688, 'learning_rate': 0.8516048920892746, 'reg_alpha': 0.0664061175910173, 'reg_lambda': 0.0009865162957169117}. Best is trial 715 with value: 0.9377859576434285.
Trial 2788 finished with value: -5.1215004353265545 and parameters: {'max_depth': 10, 'min_child_weight': 5, 'gamma': 0.9347860862342142, 'subsample': 0.03619657862344383, 'colsample_bytree': 0.681289476392224, 'learning_rate': 0.5066115073700301, 'reg_alpha': 0.01536235474318512, 'reg_lambda': 0.0010937607630574434}. Best is trial 715 with value: 0.9377859576434285.
Trial 2753 finished with value: 0.9096188324511865 and parameters: {'max_depth': 10, 'min_child_weight': 1, 'gamma': 0.5722733589117499, 'subsample': 0.34271595801974974, 'colsample_bytree': 0.9574583172377252, 'learning_rate': 0.11781625113534588, 'reg_alpha': 0.5376465366496251, 'reg_lambda': 0.01379542534318787}. Best is trial 715 with value: 0.9377859576434285.
Trial 2769 finished with value: 0.8929329712861536 and parameters: {'max_depth': 6, 'min_child_weight': 3, 'gamma': 0.3643629711046771, 'subsample': 0.8013260079525906, 'colsample_bytree': 0.9197863900855094, 'learning_rate': 0.46145285431978655, 'reg_alpha': 0.06939701624612564, 'reg_lambda': 0.010427806963935837}. Best is trial 715 with value: 0.9377859576434285.
Trial 2789 finished with value: 0.30629974889863393 and parameters: {'max_depth': 2, 'min_child_weight': 5, 'gamma': 0.721851723710413, 'subsample': 0.6510126454510168, 'colsample_bytree': 0.1485288432211349, 'learning_rate': 0.0511926544107123, 'reg_alpha': 0.002134371590960089, 'reg_lambda': 0.04638610973595698}. Best is trial 715 with value: 0.9377859576434285.
