Trial 2885 finished with value: 0.7342189640391618 and parameters: {'max_depth': 6, 'min_child_weight': 3, 'gamma': 0.17318923560139343, 'subsample': 0.6490358716974718, 'colsample_bytree': 0.19961928775576387, 'learning_rate': 0.8448274874203959, 'reg_alpha': 0.15562574608083773, 'reg_lambda': 0.00022319111611780184}. Best is trial 715 with value: 0.9377859576434285.
Trial 2904 finished with value: 0.5608722552670982 and parameters: {'max_depth': 3, 'min_child_weight': 3, 'gamma': 0.13625604005499103, 'subsample': 0.6525109178537235, 'colsample_bytree': 0.30306465499576907, 'learning_rate': 0.5268931640845073, 'reg_alpha': 0.002160907145945617, 'reg_lambda': 1.6151030356808975}. Best is trial 715 with value: 0.9377859576434285.
Trial 2884 finished with value: 0.7639272042431209 and parameters: {'max_depth': 9, 'min_child_weight': 3, 'gamma': 0.5107988604299663, 'subsample': 0.9347813362319446, 'colsample_bytree': 0.1459378568456745, 'learning_rate': 0.8909627691203585, 'reg_alpha': 0.12000000804380227, 'reg_lambda': 0.0028044037088970943}. Best is trial 715 with value: 0.9377859576434285.
Trial 2913 finished with value: -8.572172446694596e+20 and parameters: {'max_depth': 3, 'min_child_weight': 1, 'gamma': 0.8827827359153624, 'subsample': 0.012316774362278404, 'colsample_bytree': 0.005916212212611738, 'learning_rate': 0.7256859867914951, 'reg_alpha': 1.0257614146178344, 'reg_lambda': 0.012222369311475082}. Best is trial 715 with value: 0.9377859576434285.
Trial 2907 finished with value: 0.07130884847453439 and parameters: {'max_depth': 4, 'min_child_weight': 3, 'gamma': 0.5115800994686495, 'subsample': 0.08856304615050958, 'colsample_bytree': 0.46257925387676113, 'learning_rate': 0.24958850433443003, 'reg_alpha': 0.000685850462125664, 'reg_lambda': 0.0001854850412393238}. Best is trial 715 with value: 0.9377859576434285.
Trial 2892 finished with value: 0.9035168778986807 and parameters: {'max_depth': 6, 'min_child_weight': 2, 'gamma': 0.22141278375760154, 'subsample': 0.8288945219470949, 'colsample_bytree': 0.9329543234614922, 'learning_rate': 0.23884620344856633, 'reg_alpha': 0.7255648498469225, 'reg_lambda': 0.0003577826354896332}. Best is trial 715 with value: 0.9377859576434285.
Trial 2910 finished with value: 0.05491755608964979 and parameters: {'max_depth': 4, 'min_child_weight': 1, 'gamma': 0.8477309343305495, 'subsample': 0.18363890165958519, 'colsample_bytree': 0.14106189516604273, 'learning_rate': 0.4043896302724207, 'reg_alpha': 0.0004539408159475837, 'reg_lambda': 0.0048617325529561935}. Best is trial 715 with value: 0.9377859576434285.
Trial 2888 finished with value: 0.5660153078372403 and parameters: {'max_depth': 9, 'min_child_weight': 3, 'gamma': 0.8350016594188762, 'subsample': 0.22972017375832354, 'colsample_bytree': 0.8754168867947284, 'learning_rate': 0.44809430115033544, 'reg_alpha': 0.07904452262337465, 'reg_lambda': 0.0539330283691793}. Best is trial 715 with value: 0.9377859576434285.
Trial 2891 finished with value: 0.8461912907645447 and parameters: {'max_depth': 8, 'min_child_weight': 3, 'gamma': 0.1182603944237991, 'subsample': 0.33553674200834605, 'colsample_bytree': 0.6271034708548756, 'learning_rate': 0.36453501527667975, 'reg_alpha': 1.1583160865387474, 'reg_lambda': 0.02887819535167733}. Best is trial 715 with value: 0.9377859576434285.
Trial 2918 finished with value: -14770578014.981432 and parameters: {'max_depth': 3, 'min_child_weight': 5, 'gamma': 0.7779089091109161, 'subsample': 0.10123907308332813, 'colsample_bytree': 0.7714113430074687, 'learning_rate': 0.9569335945735141, 'reg_alpha': 0.0014722714864811388, 'reg_lambda': 0.006645339758884334}. Best is trial 715 with value: 0.9377859576434285.
Trial 2911 finished with value: 0.7629838594649441 and parameters: {'max_depth': 4, 'min_child_weight': 4, 'gamma': 0.6772452677191844, 'subsample': 0.7200793876999112, 'colsample_bytree': 0.5677605436121858, 'learning_rate': 0.7679509196960393, 'reg_alpha': 0.2975458512611688, 'reg_lambda': 0.6606396487488813}. Best is trial 715 with value: 0.9377859576434285.
Trial 2883 finished with value: -3.222669472523074 and parameters: {'max_depth': 9, 'min_child_weight': 2, 'gamma': 0.9910838907426978, 'subsample': 0.35602576677221465, 'colsample_bytree': 0.6631547501761336, 'learning_rate': 0.9087229115865405, 'reg_alpha': 3.9592589020533726, 'reg_lambda': 0.13520587220719482}. Best is trial 715 with value: 0.9377859576434285.
Trial 2897 finished with value: 0.7706992481336176 and parameters: {'max_depth': 8, 'min_child_weight': 5, 'gamma': 0.550550030936467, 'subsample': 0.37258863184412283, 'colsample_bytree': 0.8605229603070351, 'learning_rate': 0.07514180439699403, 'reg_alpha': 0.0008063994210874605, 'reg_lambda': 1.9452858986503252}. Best is trial 715 with value: 0.9377859576434285.
Trial 2887 finished with value: 0.6654561318425208 and parameters: {'max_depth': 8, 'min_child_weight': 4, 'gamma': 0.5081150886790808, 'subsample': 0.5059301139266486, 'colsample_bytree': 0.898632238407185, 'learning_rate': 0.9644624155473953, 'reg_alpha': 0.00011451116058452695, 'reg_lambda': 0.004076797125627888}. Best is trial 715 with value: 0.9377859576434285.
Trial 2916 finished with value: 0.3292841495993761 and parameters: {'max_depth': 5, 'min_child_weight': 2, 'gamma': 0.6569261509169001, 'subsample': 0.23446710768805334, 'colsample_bytree': 0.12083722667004015, 'learning_rate': 0.5731924031951005, 'reg_alpha': 0.00010439309499423351, 'reg_lambda': 5.5699411334837095}. Best is trial 715 with value: 0.9377859576434285.
Trial 2881 finished with value: 0.9308129327587251 and parameters: {'max_depth': 8, 'min_child_weight': 4, 'gamma': 0.6396778395962799, 'subsample': 0.8657228138693295, 'colsample_bytree': 0.9068699534043643, 'learning_rate': 0.595925227813938, 'reg_alpha': 0.0020128601123553603, 'reg_lambda': 0.000559199242817074}. Best is trial 715 with value: 0.9377859576434285.
Trial 2898 finished with value: 0.9033453488034011 and parameters: {'max_depth': 6, 'min_child_weight': 2, 'gamma': 0.8489696634444568, 'subsample': 0.6335935664214873, 'colsample_bytree': 0.8375562962203024, 'learning_rate': 0.8300111880020259, 'reg_alpha': 0.10953279458579628, 'reg_lambda': 0.7273862182209486}. Best is trial 715 with value: 0.9377859576434285.
Trial 2920 finished with value: 0.4938738010939742 and parameters: {'max_depth': 3, 'min_child_weight': 2, 'gamma': 0.34460007958054717, 'subsample': 0.27118025598221895, 'colsample_bytree': 0.6102352254145376, 'learning_rate': 0.3301095411740059, 'reg_alpha': 1.0782594127622893, 'reg_lambda': 0.3184912263976012}. Best is trial 715 with value: 0.9377859576434285.
Trial 2914 finished with value: 0.6158619073017478 and parameters: {'max_depth': 6, 'min_child_weight': 5, 'gamma': 0.4742537346335399, 'subsample': 0.5391810508110444, 'colsample_bytree': 0.18042142316076604, 'learning_rate': 0.47782131044238785, 'reg_alpha': 0.3989832238999285, 'reg_lambda': 7.391209972556982}. Best is trial 715 with value: 0.9377859576434285.
Trial 2900 finished with value: 0.8634373301860622 and parameters: {'max_depth': 7, 'min_child_weight': 1, 'gamma': 0.6407175805658926, 'subsample': 0.3748124057814348, 'colsample_bytree': 0.48271061493163947, 'learning_rate': 0.3661205436374497, 'reg_alpha': 0.0005146480561369255, 'reg_lambda': 2.341669653508858}. Best is trial 715 with value: 0.9377859576434285.
Trial 2921 finished with value: 0.11946601347404205 and parameters: {'max_depth': 3, 'min_child_weight': 5, 'gamma': 0.15651080719682675, 'subsample': 0.4197375592730136, 'colsample_bytree': 0.9208155367716461, 'learning_rate': 0.893515476273256, 'reg_alpha': 0.6317899295939056, 'reg_lambda': 0.007525827862777281}. Best is trial 715 with value: 0.9377859576434285.
Trial 2917 finished with value: 0.7898359453147381 and parameters: {'max_depth': 4, 'min_child_weight': 3, 'gamma': 0.14179592060878454, 'subsample': 0.9788674853614379, 'colsample_bytree': 0.5377375988763787, 'learning_rate': 0.28306921376322247, 'reg_alpha': 0.0014750403892898095, 'reg_lambda': 0.01301411864469253}. Best is trial 715 with value: 0.9377859576434285.
Trial 2908 finished with value: 0.8704274464156715 and parameters: {'max_depth': 6, 'min_child_weight': 5, 'gamma': 0.45367290303552865, 'subsample': 0.611871521620694, 'colsample_bytree': 0.9153785314149676, 'learning_rate': 0.9341756013720729, 'reg_alpha': 0.00017508532743526866, 'reg_lambda': 0.11238191050119747}. Best is trial 715 with value: 0.9377859576434285.
Trial 2927 finished with value: 0.46754705544747416 and parameters: {'max_depth': 2, 'min_child_weight': 2, 'gamma': 0.1237508596775635, 'subsample': 0.9198911402637723, 'colsample_bytree': 0.16176717845709976, 'learning_rate': 0.851480808748207, 'reg_alpha': 0.0009426324436264861, 'reg_lambda': 0.034978230163804955}. Best is trial 715 with value: 0.9377859576434285.
Trial 2909 finished with value: 0.6256756452753985 and parameters: {'max_depth': 7, 'min_child_weight': 5, 'gamma': 0.10275757829450505, 'subsample': 0.32122170192374866, 'colsample_bytree': 0.9761160894655657, 'learning_rate': 0.5007317400834499, 'reg_alpha': 0.00023249908791115657, 'reg_lambda': 0.0014184572515832821}. Best is trial 715 with value: 0.9377859576434285.
Trial 2936 finished with value: 0.08740526174507113 and parameters: {'max_depth': 2, 'min_child_weight': 1, 'gamma': 0.35044105566794204, 'subsample': 0.9794317692904513, 'colsample_bytree': 0.03779826795432428, 'learning_rate': 0.5773782921661269, 'reg_alpha': 2.670835748337646, 'reg_lambda': 0.025577240366024805}. Best is trial 715 with value: 0.9377859576434285.
Trial 2919 finished with value: 0.8514927258377843 and parameters: {'max_depth': 5, 'min_child_weight': 4, 'gamma': 0.9353985199315488, 'subsample': 0.6292802335510864, 'colsample_bytree': 0.7390182394523188, 'learning_rate': 0.20764476528414988, 'reg_alpha': 0.0004667489033116489, 'reg_lambda': 0.0006607750738309863}. Best is trial 715 with value: 0.9377859576434285.
Trial 2912 finished with value: 0.8319390520563095 and parameters: {'max_depth': 7, 'min_child_weight': 3, 'gamma': 0.5710701849203624, 'subsample': 0.6418748454648806, 'colsample_bytree': 0.4030440854038614, 'learning_rate': 0.20889100237491665, 'reg_alpha': 0.04151637182936077, 'reg_lambda': 0.016457809340590573}. Best is trial 715 with value: 0.9377859576434285.
Trial 2926 finished with value: 0.4808182859544529 and parameters: {'max_depth': 4, 'min_child_weight': 3, 'gamma': 0.6953857591394161, 'subsample': 0.08431886934189858, 'colsample_bytree': 0.7971077045038614, 'learning_rate': 0.09726527409382324, 'reg_alpha': 0.00015394455923033935, 'reg_lambda': 0.0020865980937552825}. Best is trial 715 with value: 0.9377859576434285.
Trial 2932 finished with value: 0.30175163973626723 and parameters: {'max_depth': 3, 'min_child_weight': 3, 'gamma': 0.2633008177421947, 'subsample': 0.1880456916016887, 'colsample_bytree': 0.09971701992212967, 'learning_rate': 0.032812418031661905, 'reg_alpha': 0.08202154856067852, 'reg_lambda': 0.0008683071795977184}. Best is trial 715 with value: 0.9377859576434285.
Trial 2915 finished with value: 0.8081109091638886 and parameters: {'max_depth': 7, 'min_child_weight': 1, 'gamma': 0.3005903817595028, 'subsample': 0.15645768023216755, 'colsample_bytree': 0.6447614528582739, 'learning_rate': 0.11504860347798851, 'reg_alpha': 0.15604661044451695, 'reg_lambda': 0.00031223157485875955}. Best is trial 715 with value: 0.9377859576434285.
Trial 2928 finished with value: 0.36048988036325547 and parameters: {'max_depth': 9, 'min_child_weight': 3, 'gamma': 0.9499768479289801, 'subsample': 0.07701587097697371, 'colsample_bytree': 0.2646847788056017, 'learning_rate': 0.08194253551200537, 'reg_alpha': 4.5258687238430655, 'reg_lambda': 0.008487457196914468}. Best is trial 715 with value: 0.9377859576434285.
Trial 2931 finished with value: 0.562220038747807 and parameters: {'max_depth': 4, 'min_child_weight': 3, 'gamma': 0.6996867654880867, 'subsample': 0.45029829753423156, 'colsample_bytree': 0.20457689731280926, 'learning_rate': 0.5031543376292652, 'reg_alpha': 1.4448436092826085, 'reg_lambda': 0.19487585745517308}. Best is trial 715 with value: 0.9377859576434285.
Trial 2930 finished with value: 0.7967449498116346 and parameters: {'max_depth': 4, 'min_child_weight': 2, 'gamma': 0.4516061310317311, 'subsample': 0.8939564420155103, 'colsample_bytree': 0.6048276045336839, 'learning_rate': 0.729251661911032, 'reg_alpha': 1.4742808961897833, 'reg_lambda': 1.0175328372230448}. Best is trial 715 with value: 0.9377859576434285.
Trial 2934 finished with value: 0.7571123912613995 and parameters: {'max_depth': 4, 'min_child_weight': 3, 'gamma': 0.21965712876716315, 'subsample': 0.9277209736851413, 'colsample_bytree': 0.46248526116402155, 'learning_rate': 0.16041526840776277, 'reg_alpha': 0.03964123169369188, 'reg_lambda': 0.0058809889539878065}. Best is trial 715 with value: 0.9377859576434285.
Trial 2925 finished with value: 0.7792864033163783 and parameters: {'max_depth': 5, 'min_child_weight': 3, 'gamma': 0.701238528854159, 'subsample': 0.5819833085071295, 'colsample_bytree': 0.6137723202066863, 'learning_rate': 0.05451010741100215, 'reg_alpha': 0.5305786753712929, 'reg_lambda': 0.008848722294306888}. Best is trial 715 with value: 0.9377859576434285.
Trial 2933 finished with value: -0.7583000201751308 and parameters: {'max_depth': 5, 'min_child_weight': 4, 'gamma': 0.18482570437334178, 'subsample': 0.2525032619403844, 'colsample_bytree': 0.2210764192536414, 'learning_rate': 0.7071154757761059, 'reg_alpha': 0.002524220763745493, 'reg_lambda': 0.10278247074546852}. Best is trial 715 with value: 0.9377859576434285.
Trial 2950 finished with value: 0.0919834708664238 and parameters: {'max_depth': 1, 'min_child_weight': 5, 'gamma': 0.46753351381738417, 'subsample': 0.961859091000037, 'colsample_bytree': 0.0912245442767704, 'learning_rate': 0.7483770678656402, 'reg_alpha': 0.007019182511536487, 'reg_lambda': 0.0004280073084367775}. Best is trial 715 with value: 0.9377859576434285.
Trial 2943 finished with value: 0.41948732347990836 and parameters: {'max_depth': 3, 'min_child_weight': 5, 'gamma': 0.4017270469269064, 'subsample': 0.3487942652741248, 'colsample_bytree': 0.6716147477126134, 'learning_rate': 0.6442054952890139, 'reg_alpha': 0.002113886618131839, 'reg_lambda': 1.268726291002899}. Best is trial 715 with value: 0.9377859576434285.
Trial 2952 finished with value: 0.07175277421699958 and parameters: {'max_depth': 1, 'min_child_weight': 4, 'gamma': 0.11061130985257395, 'subsample': 0.3204004294255104, 'colsample_bytree': 0.5434140108052927, 'learning_rate': 0.884597981153538, 'reg_alpha': 4.965415182658843, 'reg_lambda': 0.0012688250273269707}. Best is trial 715 with value: 0.9377859576434285.
Trial 2945 finished with value: 0.6066846192219614 and parameters: {'max_depth': 3, 'min_child_weight': 5, 'gamma': 0.7171389396972447, 'subsample': 0.797182930239029, 'colsample_bytree': 0.3653690607738087, 'learning_rate': 0.8472653869269514, 'reg_alpha': 0.0002378479210208487, 'reg_lambda': 0.000454641720241164}. Best is trial 715 with value: 0.9377859576434285.
Trial 2944 finished with value: 0.0763023389699383 and parameters: {'max_depth': 4, 'min_child_weight': 4, 'gamma': 0.4124169372961297, 'subsample': 0.10127819732458276, 'colsample_bytree': 0.2525477549131505, 'learning_rate': 0.2717675002508716, 'reg_alpha': 0.08277024645474772, 'reg_lambda': 0.00014447688922655685}. Best is trial 715 with value: 0.9377859576434285.
Trial 2955 finished with value: -0.469876283167982 and parameters: {'max_depth': 5, 'min_child_weight': 5, 'gamma': 0.817687549724461, 'subsample': 0.016213272387508915, 'colsample_bytree': 0.5844440436409816, 'learning_rate': 0.20439052035761884, 'reg_alpha': 0.0006744303559899248, 'reg_lambda': 0.02133075351741021}. Best is trial 715 with value: 0.9377859576434285.
Trial 2924 finished with value: 0.8391517602460685 and parameters: {'max_depth': 7, 'min_child_weight': 5, 'gamma': 0.6861866800630183, 'subsample': 0.49834059244046425, 'colsample_bytree': 0.661075021070195, 'learning_rate': 0.20376484747243384, 'reg_alpha': 0.0048478267940800426, 'reg_lambda': 0.007997362038346414}. Best is trial 715 with value: 0.9377859576434285.
Trial 2923 finished with value: 0.9058669789387546 and parameters: {'max_depth': 7, 'min_child_weight': 4, 'gamma': 0.6259571314872199, 'subsample': 0.8012613985646065, 'colsample_bytree': 0.9982983405427246, 'learning_rate': 0.11124547462704582, 'reg_alpha': 2.1166172331628688, 'reg_lambda': 3.9027504897727665}. Best is trial 715 with value: 0.9377859576434285.
Trial 2940 finished with value: 0.3559203043919967 and parameters: {'max_depth': 10, 'min_child_weight': 1, 'gamma': 0.47964485587391337, 'subsample': 0.058490184012925606, 'colsample_bytree': 0.5626782289718503, 'learning_rate': 0.12018134540291503, 'reg_alpha': 2.3732094377418815, 'reg_lambda': 0.06922158348678921}. Best is trial 715 with value: 0.9377859576434285.
Trial 2956 finished with value: 0.46093051197583457 and parameters: {'max_depth': 2, 'min_child_weight': 4, 'gamma': 0.7226590732315719, 'subsample': 0.5852277879406351, 'colsample_bytree': 0.9282902641314035, 'learning_rate': 0.12098612260116681, 'reg_alpha': 0.0009204039145051491, 'reg_lambda': 0.9854154678337503}. Best is trial 715 with value: 0.9377859576434285.
Trial 2922 finished with value: 0.9043142565734352 and parameters: {'max_depth': 8, 'min_child_weight': 1, 'gamma': 0.22987263743808628, 'subsample': 0.22247822238800885, 'colsample_bytree': 0.8802883931160995, 'learning_rate': 0.12398194028953402, 'reg_alpha': 0.005962924549085329, 'reg_lambda': 0.09411762999262362}. Best is trial 715 with value: 0.9377859576434285.
Trial 2929 finished with value: 0.9234734457089278 and parameters: {'max_depth': 7, 'min_child_weight': 3, 'gamma': 0.9213613760053768, 'subsample': 0.520785281828013, 'colsample_bytree': 0.6213882380660327, 'learning_rate': 0.871435918699701, 'reg_alpha': 1.4684201860614052, 'reg_lambda': 1.6409987271087425}. Best is trial 715 with value: 0.9377859576434285.
Trial 2949 finished with value: 0.05477303836473718 and parameters: {'max_depth': 9, 'min_child_weight': 2, 'gamma': 0.9466523990659589, 'subsample': 0.7607078372988073, 'colsample_bytree': 0.03098336966076054, 'learning_rate': 0.8328194375243966, 'reg_alpha': 3.370074738108261, 'reg_lambda': 0.0002707576820720301}. Best is trial 715 with value: 0.9377859576434285.
Trial 2946 finished with value: 0.5475652452693958 and parameters: {'max_depth': 5, 'min_child_weight': 5, 'gamma': 0.9124707416747699, 'subsample': 0.22124058642389977, 'colsample_bytree': 0.7497230840269399, 'learning_rate': 0.01881875427427715, 'reg_alpha': 0.00015211932299949882, 'reg_lambda': 0.010522179585426485}. Best is trial 715 with value: 0.9377859576434285.
Trial 2962 finished with value: -0.14938998285020802 and parameters: {'max_depth': 1, 'min_child_weight': 2, 'gamma': 0.9018212539740331, 'subsample': 0.1953512378200153, 'colsample_bytree': 0.5329069883531236, 'learning_rate': 0.9121322441644591, 'reg_alpha': 0.0011541131601571864, 'reg_lambda': 0.021468995759429732}. Best is trial 715 with value: 0.9377859576434285.
Trial 2935 finished with value: 0.9027074005587175 and parameters: {'max_depth': 6, 'min_child_weight': 1, 'gamma': 0.9388939506496465, 'subsample': 0.6977758346575939, 'colsample_bytree': 0.8278795529475974, 'learning_rate': 0.15177488181422394, 'reg_alpha': 0.005956477640051499, 'reg_lambda': 1.1655392575554253}. Best is trial 715 with value: 0.9377859576434285.
Trial 2951 finished with value: 0.7842815946525687 and parameters: {'max_depth': 4, 'min_child_weight': 3, 'gamma': 0.12274633366774923, 'subsample': 0.7509016779309498, 'colsample_bytree': 0.6735506070368362, 'learning_rate': 0.7319174650187822, 'reg_alpha': 1.2727141486610332, 'reg_lambda': 0.57000663302342}. Best is trial 715 with value: 0.9377859576434285.
Trial 2954 finished with value: 0.04521455650586294 and parameters: {'max_depth': 6, 'min_child_weight': 2, 'gamma': 0.05362782096237917, 'subsample': 0.5554261133463074, 'colsample_bytree': 0.032687260909992966, 'learning_rate': 0.5700070161514211, 'reg_alpha': 0.03842108364695705, 'reg_lambda': 1.2041123983996285}. Best is trial 715 with value: 0.9377859576434285.
Trial 2968 finished with value: 0.08265330321723253 and parameters: {'max_depth': 1, 'min_child_weight': 5, 'gamma': 0.9860936895706973, 'subsample': 0.5589277461167136, 'colsample_bytree': 0.176111512902002, 'learning_rate': 0.12605595070461395, 'reg_alpha': 0.00013195119339963485, 'reg_lambda': 8.333009768317243}. Best is trial 715 with value: 0.9377859576434285.
Trial 2947 finished with value: 0.9051550162358644 and parameters: {'max_depth': 8, 'min_child_weight': 4, 'gamma': 0.6193520872934476, 'subsample': 0.8511440890735594, 'colsample_bytree': 0.8761937611055396, 'learning_rate': 0.887561632673412, 'reg_alpha': 6.955005274926702, 'reg_lambda': 0.002475890547988452}. Best is trial 715 with value: 0.9377859576434285.
Trial 2938 finished with value: -27.550627301385216 and parameters: {'max_depth': 8, 'min_child_weight': 2, 'gamma': 0.3463245830089783, 'subsample': 0.6175927344727404, 'colsample_bytree': 0.39765186976750644, 'learning_rate': 0.0006963781286121185, 'reg_alpha': 0.0066844834271559805, 'reg_lambda': 0.0014649352956870392}. Best is trial 715 with value: 0.9377859576434285.
Trial 2964 finished with value: 0.38009392937478365 and parameters: {'max_depth': 2, 'min_child_weight': 2, 'gamma': 0.6500226717332555, 'subsample': 0.5617102093902564, 'colsample_bytree': 0.46367281135074356, 'learning_rate': 0.04043466837815535, 'reg_alpha': 0.016909976558369084, 'reg_lambda': 0.18767683942021374}. Best is trial 715 with value: 0.9377859576434285.
