Trial 2615 finished with value: 0.09117139025626768 and parameters: {'max_depth': 1, 'min_child_weight': 5, 'gamma': 0.02260830305165462, 'subsample': 0.9317713949731693, 'colsample_bytree': 0.6066374975573218, 'learning_rate': 0.10994649729539163, 'reg_alpha': 1.7457956078486587, 'reg_lambda': 5.312199792292596}. Best is trial 715 with value: 0.9377859576434285.
Trial 2581 finished with value: 0.8436170534339289 and parameters: {'max_depth': 10, 'min_child_weight': 2, 'gamma': 0.6182761254431653, 'subsample': 0.5268044531106146, 'colsample_bytree': 0.6215152002076814, 'learning_rate': 0.9200439218010172, 'reg_alpha': 2.7286913519142413, 'reg_lambda': 0.05532862715230085}. Best is trial 715 with value: 0.9377859576434285.
Trial 2603 finished with value: -10.967112749066663 and parameters: {'max_depth': 4, 'min_child_weight': 3, 'gamma': 0.1582846188191689, 'subsample': 0.2666380763488856, 'colsample_bytree': 0.23955643730054665, 'learning_rate': 0.8888081917129754, 'reg_alpha': 0.0006424462201252806, 'reg_lambda': 0.004161102772449269}. Best is trial 715 with value: 0.9377859576434285.
Trial 2598 finished with value: 0.5748904655148219 and parameters: {'max_depth': 10, 'min_child_weight': 5, 'gamma': 0.9270380911693057, 'subsample': 0.4065571629537502, 'colsample_bytree': 0.18102518669846357, 'learning_rate': 0.6352245516562993, 'reg_alpha': 0.0008330760031697033, 'reg_lambda': 2.0244774817450497}. Best is trial 715 with value: 0.9377859576434285.
Trial 2591 finished with value: 0.8957339095947475 and parameters: {'max_depth': 6, 'min_child_weight': 5, 'gamma': 0.9464009948907542, 'subsample': 0.8650986903166725, 'colsample_bytree': 0.7223007865498525, 'learning_rate': 0.6806507351260597, 'reg_alpha': 0.012761968693168434, 'reg_lambda': 0.0008389168840479702}. Best is trial 715 with value: 0.9377859576434285.
Trial 2600 finished with value: 0.7451155092395477 and parameters: {'max_depth': 5, 'min_child_weight': 3, 'gamma': 0.7823465762622599, 'subsample': 0.4193772282931141, 'colsample_bytree': 0.4355917835010781, 'learning_rate': 0.5780287613694287, 'reg_alpha': 1.3227863837461078, 'reg_lambda': 0.07000030687429892}. Best is trial 715 with value: 0.9377859576434285.
Trial 2592 finished with value: 0.547326026871724 and parameters: {'max_depth': 7, 'min_child_weight': 1, 'gamma': 0.9212409623273796, 'subsample': 0.17535897022096059, 'colsample_bytree': 0.3397036448101638, 'learning_rate': 0.23735340304094388, 'reg_alpha': 0.007994875674810097, 'reg_lambda': 0.007566636588381969}. Best is trial 715 with value: 0.9377859576434285.
Trial 2582 finished with value: 0.8159244848943412 and parameters: {'max_depth': 8, 'min_child_weight': 5, 'gamma': 0.7540537771050456, 'subsample': 0.7012530191347202, 'colsample_bytree': 0.4860500732649893, 'learning_rate': 0.06961171304375802, 'reg_alpha': 0.05492555675354123, 'reg_lambda': 0.009980573710458886}. Best is trial 715 with value: 0.9377859576434285.
Trial 2607 finished with value: -0.5223245301084168 and parameters: {'max_depth': 7, 'min_child_weight': 5, 'gamma': 0.9200982960134554, 'subsample': 0.1541305675889143, 'colsample_bytree': 0.2866975440571192, 'learning_rate': 0.6107199970567486, 'reg_alpha': 0.0047660414575344924, 'reg_lambda': 0.706371599337089}. Best is trial 715 with value: 0.9377859576434285.
Trial 2623 finished with value: 0.33523194657775657 and parameters: {'max_depth': 2, 'min_child_weight': 1, 'gamma': 0.7170958516798773, 'subsample': 0.3222920600912138, 'colsample_bytree': 0.8761695399018491, 'learning_rate': 0.5540827470849293, 'reg_alpha': 0.003823604219844186, 'reg_lambda': 0.0011216675585222363}. Best is trial 715 with value: 0.9377859576434285.
Trial 2619 finished with value: -125.81257930789327 and parameters: {'max_depth': 4, 'min_child_weight': 3, 'gamma': 0.39305011132150414, 'subsample': 0.052337040094995846, 'colsample_bytree': 0.6831806673187544, 'learning_rate': 0.7374686323363516, 'reg_alpha': 0.13380265910487715, 'reg_lambda': 1.7214471945145184}. Best is trial 715 with value: 0.9377859576434285.
Trial 2630 finished with value: 0.08574948852960759 and parameters: {'max_depth': 1, 'min_child_weight': 1, 'gamma': 0.10141730288214679, 'subsample': 0.7769183175612175, 'colsample_bytree': 0.8079967267376684, 'learning_rate': 0.4716114569034946, 'reg_alpha': 0.003997684148497031, 'reg_lambda': 0.004416908721205765}. Best is trial 715 with value: 0.9377859576434285.
Trial 2605 finished with value: 0.6207419365222343 and parameters: {'max_depth': 8, 'min_child_weight': 3, 'gamma': 0.5403488052520499, 'subsample': 0.1776219382305938, 'colsample_bytree': 0.49540844018889574, 'learning_rate': 0.09067132715423243, 'reg_alpha': 4.4268393617474855, 'reg_lambda': 0.0009446353123950092}. Best is trial 715 with value: 0.9377859576434285.
Trial 2614 finished with value: -1.0970034730591898e+37 and parameters: {'max_depth': 6, 'min_child_weight': 1, 'gamma': 0.1429454353169215, 'subsample': 0.15872310970375336, 'colsample_bytree': 0.7182344176130288, 'learning_rate': 0.9964252459131664, 'reg_alpha': 0.789277646026299, 'reg_lambda': 0.0005250497067690787}. Best is trial 715 with value: 0.9377859576434285.
Trial 2616 finished with value: 0.7555238567325745 and parameters: {'max_depth': 4, 'min_child_weight': 4, 'gamma': 0.8056315218559582, 'subsample': 0.9941211095345136, 'colsample_bytree': 0.4678457669335023, 'learning_rate': 0.11499970976300267, 'reg_alpha': 0.00016569418053106344, 'reg_lambda': 0.03539488818743515}. Best is trial 715 with value: 0.9377859576434285.
Trial 2609 finished with value: 0.6939052734238857 and parameters: {'max_depth': 5, 'min_child_weight': 2, 'gamma': 0.30458680885409795, 'subsample': 0.9573714259914043, 'colsample_bytree': 0.2443182869141005, 'learning_rate': 0.04842971683086772, 'reg_alpha': 0.00020960529208372688, 'reg_lambda': 0.03875854642366648}. Best is trial 715 with value: 0.9377859576434285.
Trial 2629 finished with value: -5466697691.865395 and parameters: {'max_depth': 7, 'min_child_weight': 3, 'gamma': 0.5104046940533611, 'subsample': 0.025998577425262792, 'colsample_bytree': 0.7325004381754885, 'learning_rate': 0.8263559749010151, 'reg_alpha': 0.0001536819750297733, 'reg_lambda': 0.023175303913474936}. Best is trial 715 with value: 0.9377859576434285.
Trial 2635 finished with value: -1.4929216892672146 and parameters: {'max_depth': 1, 'min_child_weight': 5, 'gamma': 0.9275046674478122, 'subsample': 0.010174309555977645, 'colsample_bytree': 0.6729222145305773, 'learning_rate': 0.5451048880420066, 'reg_alpha': 1.6603636394550807, 'reg_lambda': 0.0381834662163743}. Best is trial 715 with value: 0.9377859576434285.
Trial 2622 finished with value: 0.37696071944894544 and parameters: {'max_depth': 4, 'min_child_weight': 2, 'gamma': 0.3271369792134545, 'subsample': 0.40257508502103345, 'colsample_bytree': 0.47367553221727665, 'learning_rate': 0.7458323988607334, 'reg_alpha': 0.15021616953218625, 'reg_lambda': 0.004168130146915143}. Best is trial 715 with value: 0.9377859576434285.
Trial 2633 finished with value: 0.40704724027629324 and parameters: {'max_depth': 2, 'min_child_weight': 4, 'gamma': 0.9978857426298569, 'subsample': 0.45178040530154406, 'colsample_bytree': 0.9651490848926922, 'learning_rate': 0.5199806255897376, 'reg_alpha': 0.00034554920703530715, 'reg_lambda': 0.00021311822380017963}. Best is trial 715 with value: 0.9377859576434285.
Trial 2621 finished with value: 0.5548755630795793 and parameters: {'max_depth': 5, 'min_child_weight': 5, 'gamma': 0.5715142508709156, 'subsample': 0.28484307756112126, 'colsample_bytree': 0.2321706559110115, 'learning_rate': 0.12064761045043759, 'reg_alpha': 1.4933362904016145, 'reg_lambda': 0.20071549798686664}. Best is trial 715 with value: 0.9377859576434285.
Trial 2612 finished with value: 0.7440869737282279 and parameters: {'max_depth': 7, 'min_child_weight': 4, 'gamma': 0.19661110442994134, 'subsample': 0.32804042089405716, 'colsample_bytree': 0.6106191362703078, 'learning_rate': 0.19866447886627958, 'reg_alpha': 0.01074890973377071, 'reg_lambda': 4.8297594747293635}. Best is trial 715 with value: 0.9377859576434285.
Trial 2585 finished with value: 0.9120195198657156 and parameters: {'max_depth': 9, 'min_child_weight': 1, 'gamma': 0.5583758609359922, 'subsample': 0.8436636516589833, 'colsample_bytree': 0.7263833121130843, 'learning_rate': 0.528606977382948, 'reg_alpha': 0.003547549935765625, 'reg_lambda': 3.2986149507583136}. Best is trial 715 with value: 0.9377859576434285.
Trial 2626 finished with value: 0.7983713132119994 and parameters: {'max_depth': 4, 'min_child_weight': 3, 'gamma': 0.07806901814397693, 'subsample': 0.9020582690732382, 'colsample_bytree': 0.5646937972609675, 'learning_rate': 0.503826609867581, 'reg_alpha': 0.0001260700096698734, 'reg_lambda': 0.6867337994425766}. Best is trial 715 with value: 0.9377859576434285.
Trial 2634 finished with value: 0.017873711376403655 and parameters: {'max_depth': 3, 'min_child_weight': 4, 'gamma': 0.20250357726590473, 'subsample': 0.3305805183720353, 'colsample_bytree': 0.04581013011384549, 'learning_rate': 0.7746655595644578, 'reg_alpha': 0.0002444085997429347, 'reg_lambda': 0.00010447122434291683}. Best is trial 715 with value: 0.9377859576434285.
Trial 2606 finished with value: 0.8803706305956792 and parameters: {'max_depth': 10, 'min_child_weight': 1, 'gamma': 0.3440512688866981, 'subsample': 0.7443079328918751, 'colsample_bytree': 0.2980607607903134, 'learning_rate': 0.0953561941892388, 'reg_alpha': 0.00012832646159336266, 'reg_lambda': 0.3098194590777339}. Best is trial 715 with value: 0.9377859576434285.
Trial 2641 finished with value: 0.38299810461325035 and parameters: {'max_depth': 2, 'min_child_weight': 4, 'gamma': 0.49141405719614495, 'subsample': 0.7843040414285118, 'colsample_bytree': 0.12011422302632935, 'learning_rate': 0.2187837718683261, 'reg_alpha': 3.6367516132507443, 'reg_lambda': 0.0008363471873145973}. Best is trial 715 with value: 0.9377859576434285.
Trial 2618 finished with value: 0.8384105995058458 and parameters: {'max_depth': 8, 'min_child_weight': 5, 'gamma': 0.5281471277179898, 'subsample': 0.3934458914365273, 'colsample_bytree': 0.8839799728209542, 'learning_rate': 0.31996398636309165, 'reg_alpha': 5.275291482267209, 'reg_lambda': 0.0013218876017421493}. Best is trial 715 with value: 0.9377859576434285.
Trial 2638 finished with value: 0.6477117453191729 and parameters: {'max_depth': 3, 'min_child_weight': 1, 'gamma': 0.9841156236757355, 'subsample': 0.9706719569624446, 'colsample_bytree': 0.7428517037326785, 'learning_rate': 0.09120766243150369, 'reg_alpha': 0.0007846432968896268, 'reg_lambda': 0.03304987120198277}. Best is trial 715 with value: 0.9377859576434285.
Trial 2620 finished with value: 0.8457742675305188 and parameters: {'max_depth': 6, 'min_child_weight': 5, 'gamma': 0.12575576970843405, 'subsample': 0.7363514833933125, 'colsample_bytree': 0.6189925192774428, 'learning_rate': 0.09790818809390556, 'reg_alpha': 0.036795425902452085, 'reg_lambda': 0.11932800629492213}. Best is trial 715 with value: 0.9377859576434285.
Trial 2631 finished with value: 0.7439391373514815 and parameters: {'max_depth': 5, 'min_child_weight': 5, 'gamma': 0.001658714319748067, 'subsample': 0.9026710890789044, 'colsample_bytree': 0.1907598001173687, 'learning_rate': 0.5565246128754102, 'reg_alpha': 0.07423664856114431, 'reg_lambda': 0.0002331281652486268}. Best is trial 715 with value: 0.9377859576434285.
Trial 2643 finished with value: 0.4698492900155989 and parameters: {'max_depth': 2, 'min_child_weight': 4, 'gamma': 0.03653313833600802, 'subsample': 0.6878809960765467, 'colsample_bytree': 0.3280948811073371, 'learning_rate': 0.5030275238561321, 'reg_alpha': 0.00028565838098052495, 'reg_lambda': 7.831099868598162}. Best is trial 715 with value: 0.9377859576434285.
Trial 2617 finished with value: 0.8469083619683945 and parameters: {'max_depth': 10, 'min_child_weight': 3, 'gamma': 0.645753088016531, 'subsample': 0.808102679606697, 'colsample_bytree': 0.23506992385132341, 'learning_rate': 0.43011714209505136, 'reg_alpha': 0.08305366827090783, 'reg_lambda': 2.646339365018838}. Best is trial 715 with value: 0.9377859576434285.
Trial 2648 finished with value: -0.043990238787993 and parameters: {'max_depth': 1, 'min_child_weight': 4, 'gamma': 0.3160119622989198, 'subsample': 0.2119588398887936, 'colsample_bytree': 0.17940423565757735, 'learning_rate': 0.6988283749434407, 'reg_alpha': 0.18588889999769173, 'reg_lambda': 0.23778458659096366}. Best is trial 715 with value: 0.9377859576434285.
Trial 2646 finished with value: 0.48659621135050013 and parameters: {'max_depth': 2, 'min_child_weight': 4, 'gamma': 0.7831887256611819, 'subsample': 0.9724757549309601, 'colsample_bytree': 0.8356073351331518, 'learning_rate': 0.5872054377716855, 'reg_alpha': 0.25194570496652613, 'reg_lambda': 6.222998282042106}. Best is trial 715 with value: 0.9377859576434285.
Trial 2649 finished with value: 0.0833638947365088 and parameters: {'max_depth': 1, 'min_child_weight': 4, 'gamma': 0.043557905828108034, 'subsample': 0.29977241061132276, 'colsample_bytree': 0.21715458482708472, 'learning_rate': 0.07106437105535701, 'reg_alpha': 0.08422689817297606, 'reg_lambda': 0.07163550635371473}. Best is trial 715 with value: 0.9377859576434285.
Trial 2636 finished with value: 0.5213884695839033 and parameters: {'max_depth': 4, 'min_child_weight': 5, 'gamma': 0.9770985585446846, 'subsample': 0.39726316947749574, 'colsample_bytree': 0.9799206527380238, 'learning_rate': 0.6259153891584196, 'reg_alpha': 0.00031941981186537076, 'reg_lambda': 0.0018002891328960358}. Best is trial 715 with value: 0.9377859576434285.
Trial 2637 finished with value: 0.7541103479148553 and parameters: {'max_depth': 4, 'min_child_weight': 5, 'gamma': 0.8291710832134878, 'subsample': 0.7156515920168618, 'colsample_bytree': 0.5780378111033767, 'learning_rate': 0.593658691152455, 'reg_alpha': 5.0757512424621325, 'reg_lambda': 0.02806310418127108}. Best is trial 715 with value: 0.9377859576434285.
Trial 2624 finished with value: 0.8228622160990873 and parameters: {'max_depth': 7, 'min_child_weight': 5, 'gamma': 0.83477419760788, 'subsample': 0.7290801835026665, 'colsample_bytree': 0.37363732169139185, 'learning_rate': 0.738035624538605, 'reg_alpha': 0.004392738907884156, 'reg_lambda': 0.008445061184960117}. Best is trial 715 with value: 0.9377859576434285.
Trial 2632 finished with value: 0.6274262316399736 and parameters: {'max_depth': 7, 'min_child_weight': 3, 'gamma': 0.987839298099098, 'subsample': 0.38544753567645107, 'colsample_bytree': 0.2139614799398598, 'learning_rate': 0.05646253825593983, 'reg_alpha': 2.375010751290541, 'reg_lambda': 0.00048485855938622523}. Best is trial 715 with value: 0.9377859576434285.
Trial 2653 finished with value: -1.2660162074727785 and parameters: {'max_depth': 1, 'min_child_weight': 5, 'gamma': 0.6446591969173826, 'subsample': 0.11770950026827032, 'colsample_bytree': 0.2943495458543036, 'learning_rate': 0.9419037938240763, 'reg_alpha': 0.010152371160618885, 'reg_lambda': 0.000246684242297352}. Best is trial 715 with value: 0.9377859576434285.
Trial 2627 finished with value: 0.859135003483795 and parameters: {'max_depth': 6, 'min_child_weight': 1, 'gamma': 0.48179306946827116, 'subsample': 0.6364341488819836, 'colsample_bytree': 0.40915751045227033, 'learning_rate': 0.6769921988311394, 'reg_alpha': 0.0012176881823940783, 'reg_lambda': 0.1351431964187641}. Best is trial 715 with value: 0.9377859576434285.
Trial 2652 finished with value: 0.475219648127133 and parameters: {'max_depth': 2, 'min_child_weight': 3, 'gamma': 0.9941324589598629, 'subsample': 0.9579240305474438, 'colsample_bytree': 0.23531435387461608, 'learning_rate': 0.37114511450046417, 'reg_alpha': 0.12228356904577126, 'reg_lambda': 0.03584530247791446}. Best is trial 715 with value: 0.9377859576434285.
Trial 2628 finished with value: -12935038.005327584 and parameters: {'max_depth': 8, 'min_child_weight': 2, 'gamma': 0.757083886024825, 'subsample': 0.1553207603919533, 'colsample_bytree': 0.7501153393771807, 'learning_rate': 0.6177922752698846, 'reg_alpha': 0.005562548397452998, 'reg_lambda': 0.00103732585419018}. Best is trial 715 with value: 0.9377859576434285.
Trial 2665 finished with value: 0.03285937243772957 and parameters: {'max_depth': 1, 'min_child_weight': 3, 'gamma': 0.9978030357142833, 'subsample': 0.20169683094704072, 'colsample_bytree': 0.49320705240091656, 'learning_rate': 0.30074864642342825, 'reg_alpha': 0.0018704682971572336, 'reg_lambda': 0.635943147470403}. Best is trial 715 with value: 0.9377859576434285.
Trial 2625 finished with value: 0.9117974713010526 and parameters: {'max_depth': 8, 'min_child_weight': 4, 'gamma': 0.35909466043514926, 'subsample': 0.6375461545294594, 'colsample_bytree': 0.698560991698852, 'learning_rate': 0.6626674046007546, 'reg_alpha': 0.0001401778533346915, 'reg_lambda': 0.00040095780340671764}. Best is trial 715 with value: 0.9377859576434285.
Trial 2654 finished with value: 0.5319419808237995 and parameters: {'max_depth': 3, 'min_child_weight': 5, 'gamma': 0.6405984165957874, 'subsample': 0.41138333453148623, 'colsample_bytree': 0.9836377636511319, 'learning_rate': 0.02818529101860634, 'reg_alpha': 0.03147232078350942, 'reg_lambda': 0.0001652244161134878}. Best is trial 715 with value: 0.9377859576434285.
Trial 2650 finished with value: 0.5473176905647911 and parameters: {'max_depth': 4, 'min_child_weight': 4, 'gamma': 0.2630145186138332, 'subsample': 0.5392674305804734, 'colsample_bytree': 0.3129628560106896, 'learning_rate': 0.9034021652611222, 'reg_alpha': 0.00027534487954162346, 'reg_lambda': 0.0030187954238387067}. Best is trial 715 with value: 0.9377859576434285.
Trial 2644 finished with value: 0.7722641842581235 and parameters: {'max_depth': 6, 'min_child_weight': 3, 'gamma': 0.800970930386403, 'subsample': 0.2861037276215064, 'colsample_bytree': 0.8214672298150276, 'learning_rate': 0.11293311647716364, 'reg_alpha': 7.2457059336820615, 'reg_lambda': 2.1361477273816005}. Best is trial 715 with value: 0.9377859576434285.
Trial 2613 finished with value: 0.9294432424316585 and parameters: {'max_depth': 10, 'min_child_weight': 1, 'gamma': 0.461361606096223, 'subsample': 0.6422580423529579, 'colsample_bytree': 0.7723401061806632, 'learning_rate': 0.9427186725127739, 'reg_alpha': 0.00026272000056693065, 'reg_lambda': 2.9396645084547814}. Best is trial 715 with value: 0.9377859576434285.
Trial 2640 finished with value: 0.34416985167117387 and parameters: {'max_depth': 6, 'min_child_weight': 3, 'gamma': 0.6508247136352578, 'subsample': 0.5038269727489246, 'colsample_bytree': 0.7705339859861853, 'learning_rate': 0.9934717315980852, 'reg_alpha': 0.001371771322242711, 'reg_lambda': 0.0011280578377308437}. Best is trial 715 with value: 0.9377859576434285.
Trial 2663 finished with value: 0.5190400138986571 and parameters: {'max_depth': 3, 'min_child_weight': 2, 'gamma': 0.7528079600761983, 'subsample': 0.9263370638316255, 'colsample_bytree': 0.15871510836376612, 'learning_rate': 0.16909920376783916, 'reg_alpha': 0.2045567862016335, 'reg_lambda': 0.02343108667729122}. Best is trial 715 with value: 0.9377859576434285.
Trial 2639 finished with value: 0.8046080718725095 and parameters: {'max_depth': 8, 'min_child_weight': 3, 'gamma': 0.27919835789814806, 'subsample': 0.6469154203672673, 'colsample_bytree': 0.26075285522692115, 'learning_rate': 0.5223870520499609, 'reg_alpha': 0.0002025376692783162, 'reg_lambda': 0.0006520912516483141}. Best is trial 715 with value: 0.9377859576434285.
Trial 2647 finished with value: 0.8699006279412052 and parameters: {'max_depth': 5, 'min_child_weight': 3, 'gamma': 0.7646783816860054, 'subsample': 0.7766058528981382, 'colsample_bytree': 0.6941567460207437, 'learning_rate': 0.273940389870327, 'reg_alpha': 2.9894098707450274, 'reg_lambda': 0.001641094808537011}. Best is trial 715 with value: 0.9377859576434285.
Trial 2670 finished with value: 0.08798808288596459 and parameters: {'max_depth': 1, 'min_child_weight': 1, 'gamma': 0.45165554330091595, 'subsample': 0.7190975563625042, 'colsample_bytree': 0.37768283515863843, 'learning_rate': 0.1789968068272102, 'reg_alpha': 0.17559453201016043, 'reg_lambda': 0.0031149853664819483}. Best is trial 715 with value: 0.9377859576434285.
Trial 2657 finished with value: 0.758882925463721 and parameters: {'max_depth': 4, 'min_child_weight': 3, 'gamma': 0.8218492262159383, 'subsample': 0.6553950653540924, 'colsample_bytree': 0.6729097546731426, 'learning_rate': 0.11899039612022422, 'reg_alpha': 0.10938464059540676, 'reg_lambda': 0.0022038466300667746}. Best is trial 715 with value: 0.9377859576434285.
Trial 2642 finished with value: 0.8816452800916642 and parameters: {'max_depth': 7, 'min_child_weight': 3, 'gamma': 0.5786885066618894, 'subsample': 0.8961836145790048, 'colsample_bytree': 0.41958084895468784, 'learning_rate': 0.14966751899895692, 'reg_alpha': 1.0636693475276027, 'reg_lambda': 0.012508901333252736}. Best is trial 715 with value: 0.9377859576434285.
Trial 2656 finished with value: -3.408848869649473 and parameters: {'max_depth': 7, 'min_child_weight': 4, 'gamma': 0.34287359410182805, 'subsample': 0.16513434728657628, 'colsample_bytree': 0.43035542393438064, 'learning_rate': 0.9915898725891296, 'reg_alpha': 0.0010987351345178348, 'reg_lambda': 4.4218710542597774}. Best is trial 715 with value: 0.9377859576434285.
Trial 2659 finished with value: -50.533025408001464 and parameters: {'max_depth': 4, 'min_child_weight': 2, 'gamma': 0.049898107904728706, 'subsample': 0.4486961501520268, 'colsample_bytree': 0.6766084165188464, 'learning_rate': 0.000396064269275187, 'reg_alpha': 0.07508019756975799, 'reg_lambda': 0.004661941472187466}. Best is trial 715 with value: 0.9377859576434285.
