Trial 2793 finished with value: -0.3144664666588031 and parameters: {'max_depth': 1, 'min_child_weight': 5, 'gamma': 0.9975589378389391, 'subsample': 0.08628610226212519, 'colsample_bytree': 0.04647910604901817, 'learning_rate': 0.8732406594327962, 'reg_alpha': 0.001083350899819936, 'reg_lambda': 1.2303826338772266}. Best is trial 715 with value: 0.9377859576434285.
Trial 2761 finished with value: 0.8594546520156308 and parameters: {'max_depth': 8, 'min_child_weight': 2, 'gamma': 0.6417353124653822, 'subsample': 0.5543818576577104, 'colsample_bytree': 0.9927808185451279, 'learning_rate': 0.8496509197287743, 'reg_alpha': 0.017014497679706756, 'reg_lambda': 3.0071559729564825}. Best is trial 715 with value: 0.9377859576434285.
Trial 2777 finished with value: 0.8485298539541108 and parameters: {'max_depth': 7, 'min_child_weight': 3, 'gamma': 0.09234681196148142, 'subsample': 0.37866791327430394, 'colsample_bytree': 0.9449319533887413, 'learning_rate': 0.613971726809207, 'reg_alpha': 1.5954444686235727, 'reg_lambda': 1.62786431920411}. Best is trial 715 with value: 0.9377859576434285.
Trial 2782 finished with value: 0.46379691974322285 and parameters: {'max_depth': 7, 'min_child_weight': 3, 'gamma': 0.8114970986797687, 'subsample': 0.10724922822505678, 'colsample_bytree': 0.30169620422227383, 'learning_rate': 0.08402470213070667, 'reg_alpha': 0.00974425238446185, 'reg_lambda': 0.5862246170606529}. Best is trial 715 with value: 0.9377859576434285.
Trial 2775 finished with value: 0.864403962943308 and parameters: {'max_depth': 7, 'min_child_weight': 3, 'gamma': 0.6011819419561852, 'subsample': 0.8226409710596423, 'colsample_bytree': 0.5081388188388419, 'learning_rate': 0.7755935113819798, 'reg_alpha': 0.0029877816223510324, 'reg_lambda': 0.44559515619719386}. Best is trial 715 with value: 0.9377859576434285.
Trial 2774 finished with value: 0.7648841622938203 and parameters: {'max_depth': 9, 'min_child_weight': 2, 'gamma': 0.43416215645245626, 'subsample': 0.31755171538647853, 'colsample_bytree': 0.5478792206082976, 'learning_rate': 0.020745978102558182, 'reg_alpha': 0.02033883216513939, 'reg_lambda': 0.1908099203902146}. Best is trial 715 with value: 0.9377859576434285.
Trial 2781 finished with value: 0.9108692511888676 and parameters: {'max_depth': 5, 'min_child_weight': 4, 'gamma': 0.8906925028324189, 'subsample': 0.9965422851575344, 'colsample_bytree': 0.7983662443799583, 'learning_rate': 0.5892701361897097, 'reg_alpha': 0.1504559573653557, 'reg_lambda': 3.5519140885335636}. Best is trial 715 with value: 0.9377859576434285.
Trial 2798 finished with value: 0.13689776562001899 and parameters: {'max_depth': 10, 'min_child_weight': 4, 'gamma': 0.15312952397386836, 'subsample': 0.03302853155800223, 'colsample_bytree': 0.4747317309361778, 'learning_rate': 0.03910078458794064, 'reg_alpha': 1.9999981047769382, 'reg_lambda': 0.16523106830256393}. Best is trial 715 with value: 0.9377859576434285.
Trial 2795 finished with value: 0.35299727645712964 and parameters: {'max_depth': 3, 'min_child_weight': 3, 'gamma': 0.8838978720895337, 'subsample': 0.14928118840222893, 'colsample_bytree': 0.3135280235269836, 'learning_rate': 0.1970844374135765, 'reg_alpha': 0.001414248271301585, 'reg_lambda': 0.0006951456012084292}. Best is trial 715 with value: 0.9377859576434285.
Trial 2786 finished with value: 0.7052450252494086 and parameters: {'max_depth': 5, 'min_child_weight': 1, 'gamma': 0.658623432115225, 'subsample': 0.8262116060693812, 'colsample_bytree': 0.37070992311283846, 'learning_rate': 0.06004201066538262, 'reg_alpha': 0.03707430503435631, 'reg_lambda': 8.377178905620672}. Best is trial 715 with value: 0.9377859576434285.
Trial 2801 finished with value: 0.4095888774336468 and parameters: {'max_depth': 2, 'min_child_weight': 3, 'gamma': 0.9983753942989162, 'subsample': 0.6316686212060225, 'colsample_bytree': 0.43530504178526364, 'learning_rate': 0.6003862092924165, 'reg_alpha': 0.043277005155940684, 'reg_lambda': 0.0005386028422944432}. Best is trial 715 with value: 0.9377859576434285.
Trial 2800 finished with value: 0.5690282012850714 and parameters: {'max_depth': 3, 'min_child_weight': 5, 'gamma': 0.9365595824424076, 'subsample': 0.6165054182900814, 'colsample_bytree': 0.24122803741971266, 'learning_rate': 0.8196999232578356, 'reg_alpha': 5.132634208926946, 'reg_lambda': 0.0010263678243000464}. Best is trial 715 with value: 0.9377859576434285.
Trial 2760 finished with value: 0.8912302327632338 and parameters: {'max_depth': 9, 'min_child_weight': 1, 'gamma': 0.6476113918766782, 'subsample': 0.9919246870515284, 'colsample_bytree': 0.9019216732881539, 'learning_rate': 0.10904386976653735, 'reg_alpha': 0.0001988438411287666, 'reg_lambda': 0.0005217070637163905}. Best is trial 715 with value: 0.9377859576434285.
Trial 2783 finished with value: 0.7885960948591172 and parameters: {'max_depth': 9, 'min_child_weight': 4, 'gamma': 0.4330089745808058, 'subsample': 0.4248668251482399, 'colsample_bytree': 0.4932638242886186, 'learning_rate': 0.2620646098524092, 'reg_alpha': 3.9632222120806926, 'reg_lambda': 0.4369649090101932}. Best is trial 715 with value: 0.9377859576434285.
Trial 2812 finished with value: 0.028241628930846217 and parameters: {'max_depth': 1, 'min_child_weight': 2, 'gamma': 0.7133716272664746, 'subsample': 0.24163328614660406, 'colsample_bytree': 0.3598025077315842, 'learning_rate': 0.3575861416887812, 'reg_alpha': 0.0006389031983620162, 'reg_lambda': 0.00012351051744549323}. Best is trial 715 with value: 0.9377859576434285.
Trial 2785 finished with value: 0.9037066347094784 and parameters: {'max_depth': 7, 'min_child_weight': 3, 'gamma': 0.9883888498785127, 'subsample': 0.7225381772506294, 'colsample_bytree': 0.4046391627485705, 'learning_rate': 0.6174689389897251, 'reg_alpha': 0.04222198615229317, 'reg_lambda': 0.620964335693505}. Best is trial 715 with value: 0.9377859576434285.
Trial 2792 finished with value: 0.7909204830993821 and parameters: {'max_depth': 6, 'min_child_weight': 3, 'gamma': 0.6268314273056587, 'subsample': 0.7449020821866561, 'colsample_bytree': 0.2881209783577082, 'learning_rate': 0.3466742263493391, 'reg_alpha': 0.01343578494254541, 'reg_lambda': 3.976495206775092}. Best is trial 715 with value: 0.9377859576434285.
Trial 2811 finished with value: 0.40572547984388757 and parameters: {'max_depth': 2, 'min_child_weight': 5, 'gamma': 0.7320919708869829, 'subsample': 0.7976020453282574, 'colsample_bytree': 0.27805731246342524, 'learning_rate': 0.06511084393479771, 'reg_alpha': 0.044721196489217845, 'reg_lambda': 0.20637421210764365}. Best is trial 715 with value: 0.9377859576434285.
Trial 2796 finished with value: -0.05743004824060719 and parameters: {'max_depth': 8, 'min_child_weight': 3, 'gamma': 0.7041168029380165, 'subsample': 0.17927360317758834, 'colsample_bytree': 0.8398197439031729, 'learning_rate': 0.9387981776519249, 'reg_alpha': 0.0008534389474693965, 'reg_lambda': 7.87515846841497}. Best is trial 715 with value: 0.9377859576434285.
Trial 2787 finished with value: 0.8773887054772954 and parameters: {'max_depth': 7, 'min_child_weight': 5, 'gamma': 0.44730687723472606, 'subsample': 0.7585341918951277, 'colsample_bytree': 0.6190832326948951, 'learning_rate': 0.7480450430008178, 'reg_alpha': 0.008207430164729279, 'reg_lambda': 1.646820127533911}. Best is trial 715 with value: 0.9377859576434285.
Trial 2773 finished with value: 0.9187124666597039 and parameters: {'max_depth': 10, 'min_child_weight': 1, 'gamma': 0.7782344644123922, 'subsample': 0.5072950858380707, 'colsample_bytree': 0.7378238083465061, 'learning_rate': 0.3293636208840257, 'reg_alpha': 0.0011117805083636432, 'reg_lambda': 0.00010678726665705671}. Best is trial 715 with value: 0.9377859576434285.
Trial 2804 finished with value: 0.30697595519518 and parameters: {'max_depth': 5, 'min_child_weight': 5, 'gamma': 0.6181789972237542, 'subsample': 0.11578166011135327, 'colsample_bytree': 0.7829243234633583, 'learning_rate': 0.2915722163526788, 'reg_alpha': 0.0006555409703017798, 'reg_lambda': 0.021417026818864558}. Best is trial 715 with value: 0.9377859576434285.
Trial 2791 finished with value: 0.8903226722318867 and parameters: {'max_depth': 6, 'min_child_weight': 4, 'gamma': 0.9213098483640515, 'subsample': 0.9446413872411396, 'colsample_bytree': 0.6439698341584823, 'learning_rate': 0.4903725090147335, 'reg_alpha': 0.49580697826984843, 'reg_lambda': 1.190256636379727}. Best is trial 715 with value: 0.9377859576434285.
Trial 2814 finished with value: 0.4085168551554142 and parameters: {'max_depth': 2, 'min_child_weight': 3, 'gamma': 0.09165845252226179, 'subsample': 0.5718849265718005, 'colsample_bytree': 0.17408089067126342, 'learning_rate': 0.17723612079802264, 'reg_alpha': 0.000239744926295416, 'reg_lambda': 8.816760092849371}. Best is trial 715 with value: 0.9377859576434285.
Trial 2794 finished with value: 0.705754932703854 and parameters: {'max_depth': 8, 'min_child_weight': 3, 'gamma': 0.157745963858127, 'subsample': 0.323923342576664, 'colsample_bytree': 0.3657817194663523, 'learning_rate': 0.610469250879497, 'reg_alpha': 0.0008847386950133324, 'reg_lambda': 4.242693821586307}. Best is trial 715 with value: 0.9377859576434285.
Trial 2784 finished with value: 0.9045015902908229 and parameters: {'max_depth': 10, 'min_child_weight': 4, 'gamma': 0.34747397000563873, 'subsample': 0.5871672812937884, 'colsample_bytree': 0.6956965794017685, 'learning_rate': 0.5100575734955591, 'reg_alpha': 0.0006097059353119826, 'reg_lambda': 2.8314916147721423}. Best is trial 715 with value: 0.9377859576434285.
Trial 2810 finished with value: 0.029226605538393645 and parameters: {'max_depth': 6, 'min_child_weight': 2, 'gamma': 0.5646145138605231, 'subsample': 0.12990361149938923, 'colsample_bytree': 0.07749663042016663, 'learning_rate': 0.18773945089648114, 'reg_alpha': 3.1099584845025308, 'reg_lambda': 0.05916049329773005}. Best is trial 715 with value: 0.9377859576434285.
Trial 2802 finished with value: 0.8840916717637627 and parameters: {'max_depth': 5, 'min_child_weight': 2, 'gamma': 0.6681319632927721, 'subsample': 0.9706040024745193, 'colsample_bytree': 0.45985798418241497, 'learning_rate': 0.9573689068605902, 'reg_alpha': 0.000670991765633944, 'reg_lambda': 0.341837115719368}. Best is trial 715 with value: 0.9377859576434285.
Trial 2790 finished with value: 0.8718744669856182 and parameters: {'max_depth': 9, 'min_child_weight': 4, 'gamma': 0.5432419882215944, 'subsample': 0.7755601875102387, 'colsample_bytree': 0.5577142915277838, 'learning_rate': 0.1026379433779594, 'reg_alpha': 1.7172859475042535, 'reg_lambda': 3.716698499284536}. Best is trial 715 with value: 0.9377859576434285.
Trial 2813 finished with value: 0.6097205615817278 and parameters: {'max_depth': 3, 'min_child_weight': 2, 'gamma': 0.30984547004937013, 'subsample': 0.8492577499987648, 'colsample_bytree': 0.9319784640567729, 'learning_rate': 0.06453271106502512, 'reg_alpha': 9.852118453596969, 'reg_lambda': 0.0005788311637210896}. Best is trial 715 with value: 0.9377859576434285.
Trial 2817 finished with value: 0.38451773696603603 and parameters: {'max_depth': 2, 'min_child_weight': 2, 'gamma': 0.5681378862268615, 'subsample': 0.5907775070743351, 'colsample_bytree': 0.4413213839767961, 'learning_rate': 0.8312324840513988, 'reg_alpha': 0.004056641374455854, 'reg_lambda': 0.0033828820418381504}. Best is trial 715 with value: 0.9377859576434285.
Trial 2809 finished with value: -1.0213027737613565 and parameters: {'max_depth': 6, 'min_child_weight': 1, 'gamma': 0.714941060028279, 'subsample': 0.039110663269397716, 'colsample_bytree': 0.1534865186615526, 'learning_rate': 0.180788093906032, 'reg_alpha': 0.009313798131257567, 'reg_lambda': 0.0011018833041340596}. Best is trial 715 with value: 0.9377859576434285.
Trial 2806 finished with value: 0.8883969248482992 and parameters: {'max_depth': 6, 'min_child_weight': 4, 'gamma': 0.9359629746659588, 'subsample': 0.9623520242656642, 'colsample_bytree': 0.82185127693895, 'learning_rate': 0.83624812461962, 'reg_alpha': 3.2842864703717223, 'reg_lambda': 0.00010912764560894692}. Best is trial 715 with value: 0.9377859576434285.
Trial 2829 finished with value: -0.8781943980346694 and parameters: {'max_depth': 1, 'min_child_weight': 1, 'gamma': 0.11878401370268832, 'subsample': 0.07565651716406363, 'colsample_bytree': 0.8718856400652462, 'learning_rate': 0.8751659261275079, 'reg_alpha': 0.00027041814285527814, 'reg_lambda': 0.017648280071175693}. Best is trial 715 with value: 0.9377859576434285.
Trial 2805 finished with value: 0.7564517790123145 and parameters: {'max_depth': 10, 'min_child_weight': 3, 'gamma': 0.9108427648948685, 'subsample': 0.8860846174122006, 'colsample_bytree': 0.17951903009851866, 'learning_rate': 0.7668169760300415, 'reg_alpha': 0.2939717321470034, 'reg_lambda': 0.25864138130859143}. Best is trial 715 with value: 0.9377859576434285.
Trial 2831 finished with value: -1.1825185351314087 and parameters: {'max_depth': 6, 'min_child_weight': 2, 'gamma': 0.13676812361277846, 'subsample': 0.008099615710290498, 'colsample_bytree': 0.35895122887953257, 'learning_rate': 0.015328913222124041, 'reg_alpha': 0.25400198012788205, 'reg_lambda': 0.0003303855616944941}. Best is trial 715 with value: 0.9377859576434285.
Trial 2816 finished with value: 0.0875644170604232 and parameters: {'max_depth': 9, 'min_child_weight': 2, 'gamma': 0.6089444410204303, 'subsample': 0.957201543613788, 'colsample_bytree': 0.06775840926817667, 'learning_rate': 0.22119098637795243, 'reg_alpha': 0.10693518280114177, 'reg_lambda': 0.0018313910055496585}. Best is trial 715 with value: 0.9377859576434285.
Trial 2822 finished with value: 0.6602831938285414 and parameters: {'max_depth': 3, 'min_child_weight': 2, 'gamma': 0.7805011287641901, 'subsample': 0.9082395569448397, 'colsample_bytree': 0.9596973041502035, 'learning_rate': 0.10200890061556545, 'reg_alpha': 0.00048124641511300165, 'reg_lambda': 0.0010771486579892863}. Best is trial 715 with value: 0.9377859576434285.
Trial 2807 finished with value: 0.8811047563364343 and parameters: {'max_depth': 10, 'min_child_weight': 3, 'gamma': 0.047290088473593284, 'subsample': 0.8797569506104215, 'colsample_bytree': 0.5397627996085194, 'learning_rate': 0.9982998590941149, 'reg_alpha': 0.9351311993458044, 'reg_lambda': 0.046755211545106694}. Best is trial 715 with value: 0.9377859576434285.
Trial 2826 finished with value: 0.3886404266966197 and parameters: {'max_depth': 3, 'min_child_weight': 5, 'gamma': 0.8701983075367438, 'subsample': 0.11582099671233803, 'colsample_bytree': 0.6699649359300178, 'learning_rate': 0.06690886162311882, 'reg_alpha': 1.3009455599365882, 'reg_lambda': 8.978451283982025}. Best is trial 715 with value: 0.9377859576434285.
Trial 2818 finished with value: 0.6750863001690859 and parameters: {'max_depth': 4, 'min_child_weight': 2, 'gamma': 0.7661261483476026, 'subsample': 0.46719506576469705, 'colsample_bytree': 0.35491661123544427, 'learning_rate': 0.33750879686262936, 'reg_alpha': 0.11651057300764292, 'reg_lambda': 0.001765335030528628}. Best is trial 715 with value: 0.9377859576434285.
Trial 2824 finished with value: 0.09978744791760925 and parameters: {'max_depth': 5, 'min_child_weight': 4, 'gamma': 0.5373722667996139, 'subsample': 0.5211744340368507, 'colsample_bytree': 0.021153674475632878, 'learning_rate': 0.04752046737600146, 'reg_alpha': 0.0002633084135210056, 'reg_lambda': 0.021995906156441137}. Best is trial 715 with value: 0.9377859576434285.
Trial 2832 finished with value: 0.06633551960815226 and parameters: {'max_depth': 2, 'min_child_weight': 5, 'gamma': 0.9921077733533313, 'subsample': 0.785465872142313, 'colsample_bytree': 0.010818489173241241, 'learning_rate': 0.5706574769566732, 'reg_alpha': 0.0004595057310444665, 'reg_lambda': 4.220969375798973}. Best is trial 715 with value: 0.9377859576434285.
Trial 2820 finished with value: -0.008227650722604885 and parameters: {'max_depth': 10, 'min_child_weight': 4, 'gamma': 0.3261998178593214, 'subsample': 0.5833179938884641, 'colsample_bytree': 0.05882207506040327, 'learning_rate': 0.9690654555720597, 'reg_alpha': 0.0005025144800906872, 'reg_lambda': 0.024257383439112438}. Best is trial 715 with value: 0.9377859576434285.
Trial 2808 finished with value: 0.7384807858183015 and parameters: {'max_depth': 7, 'min_child_weight': 1, 'gamma': 0.5041055040708915, 'subsample': 0.3807291364714237, 'colsample_bytree': 0.3593161798780433, 'learning_rate': 0.49836090485334517, 'reg_alpha': 0.001091667807887274, 'reg_lambda': 0.002840565281181023}. Best is trial 715 with value: 0.9377859576434285.
Trial 2830 finished with value: 0.5522599740940405 and parameters: {'max_depth': 3, 'min_child_weight': 1, 'gamma': 0.243748682470879, 'subsample': 0.5653669890150608, 'colsample_bytree': 0.2311493802775545, 'learning_rate': 0.5453914941056355, 'reg_alpha': 0.17392075347350816, 'reg_lambda': 0.00024121783144298738}. Best is trial 715 with value: 0.9377859576434285.
Trial 2834 finished with value: 0.03310966527237582 and parameters: {'max_depth': 2, 'min_child_weight': 1, 'gamma': 0.40783873409995164, 'subsample': 0.2545738056741361, 'colsample_bytree': 0.06650842045062821, 'learning_rate': 0.37398332236239273, 'reg_alpha': 0.1118293221288375, 'reg_lambda': 0.0013015720157183981}. Best is trial 715 with value: 0.9377859576434285.
Trial 2799 finished with value: 0.790969789005946 and parameters: {'max_depth': 8, 'min_child_weight': 2, 'gamma': 0.7466795166933984, 'subsample': 0.579508113919209, 'colsample_bytree': 0.9742325586839093, 'learning_rate': 0.8940072374381456, 'reg_alpha': 0.00500859427354885, 'reg_lambda': 0.026300345334000365}. Best is trial 715 with value: 0.9377859576434285.
Trial 2836 finished with value: 0.46853371168863317 and parameters: {'max_depth': 2, 'min_child_weight': 4, 'gamma': 0.0939520180457547, 'subsample': 0.7228199485340152, 'colsample_bytree': 0.5540770266193333, 'learning_rate': 0.46535829154929753, 'reg_alpha': 0.020925718173000638, 'reg_lambda': 3.8666816945195532}. Best is trial 715 with value: 0.9377859576434285.
Trial 2803 finished with value: 0.9061606511034241 and parameters: {'max_depth': 9, 'min_child_weight': 4, 'gamma': 0.01021983416647354, 'subsample': 0.8273745106510587, 'colsample_bytree': 0.854793938050269, 'learning_rate': 0.5768943480398061, 'reg_alpha': 0.129982164550785, 'reg_lambda': 2.3797201492144144}. Best is trial 715 with value: 0.9377859576434285.
Trial 2841 finished with value: 0.42764177490500105 and parameters: {'max_depth': 2, 'min_child_weight': 5, 'gamma': 0.2823045716045327, 'subsample': 0.8153680575211696, 'colsample_bytree': 0.12554349774948037, 'learning_rate': 0.764116566876988, 'reg_alpha': 0.1235888606341655, 'reg_lambda': 0.0979595609431918}. Best is trial 715 with value: 0.9377859576434285.
Trial 2821 finished with value: 0.4815026484911096 and parameters: {'max_depth': 7, 'min_child_weight': 5, 'gamma': 0.9905697894453303, 'subsample': 0.25901387613808, 'colsample_bytree': 0.563452207221384, 'learning_rate': 0.5382195482777321, 'reg_alpha': 2.126237561959016, 'reg_lambda': 1.5084519897160988}. Best is trial 715 with value: 0.9377859576434285.
Trial 2844 finished with value: 0.4823986583901409 and parameters: {'max_depth': 2, 'min_child_weight': 5, 'gamma': 0.25545459992055264, 'subsample': 0.9634052266880022, 'colsample_bytree': 0.7042237068549518, 'learning_rate': 0.20881911478281923, 'reg_alpha': 0.0001145773182768114, 'reg_lambda': 0.003457128306531985}. Best is trial 715 with value: 0.9377859576434285.
Trial 2827 finished with value: -4.160540500118174 and parameters: {'max_depth': 9, 'min_child_weight': 4, 'gamma': 0.3541829260979604, 'subsample': 0.2042809458032211, 'colsample_bytree': 0.387713879903717, 'learning_rate': 0.8065042314497041, 'reg_alpha': 2.5922948702838573, 'reg_lambda': 0.8071891832581655}. Best is trial 715 with value: 0.9377859576434285.
Trial 2828 finished with value: 0.8193159210063972 and parameters: {'max_depth': 5, 'min_child_weight': 4, 'gamma': 0.9182967276878136, 'subsample': 0.8737878638256592, 'colsample_bytree': 0.5361093310972999, 'learning_rate': 0.14775222843390512, 'reg_alpha': 0.00046867530838147324, 'reg_lambda': 0.010023874232827726}. Best is trial 715 with value: 0.9377859576434285.
Trial 2819 finished with value: 0.636740910825219 and parameters: {'max_depth': 10, 'min_child_weight': 5, 'gamma': 0.8969076812152108, 'subsample': 0.6612087273811486, 'colsample_bytree': 0.31997552377329364, 'learning_rate': 0.016037608400303438, 'reg_alpha': 0.00010584931544386522, 'reg_lambda': 0.7802270969400295}. Best is trial 715 with value: 0.9377859576434285.
Trial 2825 finished with value: 0.635338744987737 and parameters: {'max_depth': 6, 'min_child_weight': 5, 'gamma': 0.2499486402566169, 'subsample': 0.5089854229467691, 'colsample_bytree': 0.7276449906150989, 'learning_rate': 0.009299798611303145, 'reg_alpha': 0.0048586620931094626, 'reg_lambda': 0.03212081371934061}. Best is trial 715 with value: 0.9377859576434285.
Trial 2852 finished with value: 0.09238427662878103 and parameters: {'max_depth': 1, 'min_child_weight': 4, 'gamma': 0.051657139829171195, 'subsample': 0.988130817633782, 'colsample_bytree': 0.41909423132283197, 'learning_rate': 0.6980205861902119, 'reg_alpha': 0.0022031303397742736, 'reg_lambda': 0.00035836196867074823}. Best is trial 715 with value: 0.9377859576434285.
Trial 2823 finished with value: 0.9130136574791873 and parameters: {'max_depth': 6, 'min_child_weight': 1, 'gamma': 0.17473516542414302, 'subsample': 0.7233536752320449, 'colsample_bytree': 0.5500523586929119, 'learning_rate': 0.379106902649174, 'reg_alpha': 0.1568742444371907, 'reg_lambda': 0.9516456708137517}. Best is trial 715 with value: 0.9377859576434285.
