Trial 1647 finished with value: 0.7935404859527576 and parameters: {'max_depth': 6, 'min_child_weight': 5, 'gamma': 0.41645094306942165, 'subsample': 0.6993818013676174, 'colsample_bytree': 0.36544249860676414, 'learning_rate': 0.7323974415356482, 'reg_alpha': 0.055303135905084524, 'reg_lambda': 0.0010830569628525269}. Best is trial 715 with value: 0.9377859576434285.
Trial 1672 finished with value: 0.04741254014536228 and parameters: {'max_depth': 1, 'min_child_weight': 2, 'gamma': 0.6975969966576788, 'subsample': 0.37065880578496224, 'colsample_bytree': 0.35280749352864005, 'learning_rate': 0.916225062977848, 'reg_alpha': 0.013295198200857176, 'reg_lambda': 0.30316742670892244}. Best is trial 715 with value: 0.9377859576434285.
Trial 1655 finished with value: 0.3605311296550094 and parameters: {'max_depth': 6, 'min_child_weight': 4, 'gamma': 0.526432191250907, 'subsample': 0.24600995692565986, 'colsample_bytree': 0.12301569583198524, 'learning_rate': 0.38713708390635626, 'reg_alpha': 0.027086207735838738, 'reg_lambda': 0.0036585126196407923}. Best is trial 715 with value: 0.9377859576434285.
Trial 1666 finished with value: -12.010191640782686 and parameters: {'max_depth': 4, 'min_child_weight': 5, 'gamma': 0.5315851434059623, 'subsample': 0.0733370990481863, 'colsample_bytree': 0.9718182805809483, 'learning_rate': 0.867559287978237, 'reg_alpha': 0.05044570445580745, 'reg_lambda': 2.98830381911085}. Best is trial 715 with value: 0.9377859576434285.
Trial 1645 finished with value: 0.8286200780970494 and parameters: {'max_depth': 9, 'min_child_weight': 2, 'gamma': 0.5347948754258495, 'subsample': 0.6951221963068731, 'colsample_bytree': 0.2035831115418385, 'learning_rate': 0.41755579089399963, 'reg_alpha': 0.003449479896607069, 'reg_lambda': 0.03354041426802223}. Best is trial 715 with value: 0.9377859576434285.
Trial 1656 finished with value: 0.7720373706151067 and parameters: {'max_depth': 5, 'min_child_weight': 5, 'gamma': 0.34081598423175163, 'subsample': 0.4170982735398031, 'colsample_bytree': 0.9108442613219593, 'learning_rate': 0.4290866590927127, 'reg_alpha': 0.14798144766451424, 'reg_lambda': 9.355974421549272}. Best is trial 715 with value: 0.9377859576434285.
Trial 1670 finished with value: 0.6518370895791756 and parameters: {'max_depth': 3, 'min_child_weight': 2, 'gamma': 0.9267451600565744, 'subsample': 0.7463240990772101, 'colsample_bytree': 0.9363693224898081, 'learning_rate': 0.11296523122942981, 'reg_alpha': 0.09451751962834935, 'reg_lambda': 0.6718138607929725}. Best is trial 715 with value: 0.9377859576434285.
Trial 1676 finished with value: 0.4565245621320358 and parameters: {'max_depth': 2, 'min_child_weight': 2, 'gamma': 0.7676231222798359, 'subsample': 0.46446265964624267, 'colsample_bytree': 0.49289035785199664, 'learning_rate': 0.2002012774464209, 'reg_alpha': 0.004753521686023201, 'reg_lambda': 0.00029763027981430195}. Best is trial 715 with value: 0.9377859576434285.
Trial 1677 finished with value: 0.32357581350384185 and parameters: {'max_depth': 2, 'min_child_weight': 5, 'gamma': 0.9278573482758217, 'subsample': 0.21395121355830748, 'colsample_bytree': 0.5602185557788681, 'learning_rate': 0.3395910249852684, 'reg_alpha': 0.0001122239357741838, 'reg_lambda': 0.04449400845662879}. Best is trial 715 with value: 0.9377859576434285.
Trial 1668 finished with value: 0.00018735989950728892 and parameters: {'max_depth': 10, 'min_child_weight': 2, 'gamma': 0.02998462454282813, 'subsample': 0.4064255176757854, 'colsample_bytree': 0.046094623886257846, 'learning_rate': 0.7978869224726082, 'reg_alpha': 0.14287023410677835, 'reg_lambda': 1.3228819672232361}. Best is trial 715 with value: 0.9377859576434285.
Trial 1673 finished with value: 0.6884888692575497 and parameters: {'max_depth': 3, 'min_child_weight': 1, 'gamma': 0.6262612604966051, 'subsample': 0.5931596087545903, 'colsample_bytree': 0.8944744321456073, 'learning_rate': 0.25109907398694087, 'reg_alpha': 2.694531198287264, 'reg_lambda': 0.009471241035599412}. Best is trial 715 with value: 0.9377859576434285.
Trial 1660 finished with value: -932.9493471243428 and parameters: {'max_depth': 5, 'min_child_weight': 1, 'gamma': 0.9338085200394567, 'subsample': 0.28041144839285803, 'colsample_bytree': 0.7918618191702137, 'learning_rate': 0.6847345580736528, 'reg_alpha': 0.8220618245246916, 'reg_lambda': 0.013175608344026559}. Best is trial 715 with value: 0.9377859576434285.
Trial 1684 finished with value: -0.25700143940952547 and parameters: {'max_depth': 1, 'min_child_weight': 4, 'gamma': 0.9678181947195896, 'subsample': 0.11031780019669102, 'colsample_bytree': 0.8667795747661048, 'learning_rate': 0.4649518075521798, 'reg_alpha': 0.40919094258114946, 'reg_lambda': 0.005249103579565771}. Best is trial 715 with value: 0.9377859576434285.
Trial 1683 finished with value: -1.2235038580036373 and parameters: {'max_depth': 6, 'min_child_weight': 1, 'gamma': 0.2846821011551125, 'subsample': 0.004721260547302819, 'colsample_bytree': 0.4305756127569327, 'learning_rate': 0.17738437673849983, 'reg_alpha': 0.000984258311603848, 'reg_lambda': 0.026739600477686143}. Best is trial 715 with value: 0.9377859576434285.
Trial 1654 finished with value: 0.8582806320548452 and parameters: {'max_depth': 8, 'min_child_weight': 5, 'gamma': 0.3828860070176424, 'subsample': 0.44376747093833835, 'colsample_bytree': 0.9133379153714668, 'learning_rate': 0.38995005364055824, 'reg_alpha': 5.0602459028234374, 'reg_lambda': 0.0031893805346745684}. Best is trial 715 with value: 0.9377859576434285.
Trial 1675 finished with value: -0.5398285555372583 and parameters: {'max_depth': 3, 'min_child_weight': 3, 'gamma': 0.05182474940731285, 'subsample': 0.25957695198588215, 'colsample_bytree': 0.4559190161401694, 'learning_rate': 0.6836810073571576, 'reg_alpha': 0.012355967776347516, 'reg_lambda': 0.04208176140937108}. Best is trial 715 with value: 0.9377859576434285.
Trial 1686 finished with value: 0.07204913759033776 and parameters: {'max_depth': 1, 'min_child_weight': 1, 'gamma': 0.4540325691452193, 'subsample': 0.3432589565616124, 'colsample_bytree': 0.5646423083636999, 'learning_rate': 0.392967182623863, 'reg_alpha': 0.020834937863677287, 'reg_lambda': 0.0006226955697350061}. Best is trial 715 with value: 0.9377859576434285.
Trial 1662 finished with value: 0.6843223904064584 and parameters: {'max_depth': 8, 'min_child_weight': 5, 'gamma': 0.6375792895773346, 'subsample': 0.8060106877262218, 'colsample_bytree': 0.17850695554594764, 'learning_rate': 0.6490494730003391, 'reg_alpha': 0.006758217593828574, 'reg_lambda': 0.005204712537898009}. Best is trial 715 with value: 0.9377859576434285.
Trial 1689 finished with value: -0.18990802939196472 and parameters: {'max_depth': 1, 'min_child_weight': 3, 'gamma': 0.7574784075034259, 'subsample': 0.12430270458706538, 'colsample_bytree': 0.1876430797234485, 'learning_rate': 0.4774416851332124, 'reg_alpha': 0.0035947800216546365, 'reg_lambda': 0.001164964578837116}. Best is trial 715 with value: 0.9377859576434285.
Trial 1663 finished with value: 0.8714773581537809 and parameters: {'max_depth': 8, 'min_child_weight': 4, 'gamma': 0.8290991637857001, 'subsample': 0.6749692209196128, 'colsample_bytree': 0.9942555557316856, 'learning_rate': 0.7819579828033125, 'reg_alpha': 9.467364391000334, 'reg_lambda': 0.9168967113451189}. Best is trial 715 with value: 0.9377859576434285.
Trial 1661 finished with value: 0.8955976144450473 and parameters: {'max_depth': 10, 'min_child_weight': 2, 'gamma': 0.4218161993395133, 'subsample': 0.3765389849900922, 'colsample_bytree': 0.8888992148625927, 'learning_rate': 0.5166613645595001, 'reg_alpha': 6.429326601246516, 'reg_lambda': 0.03058299113894116}. Best is trial 715 with value: 0.9377859576434285.
Trial 1678 finished with value: 0.47099982771667787 and parameters: {'max_depth': 5, 'min_child_weight': 4, 'gamma': 0.273317218899195, 'subsample': 0.7248461434788994, 'colsample_bytree': 0.1244234626024866, 'learning_rate': 0.3958996285102552, 'reg_alpha': 1.1045196760954425, 'reg_lambda': 0.00032805013593167594}. Best is trial 715 with value: 0.9377859576434285.
Trial 1690 finished with value: 0.3099081381571067 and parameters: {'max_depth': 2, 'min_child_weight': 4, 'gamma': 0.47929551015603056, 'subsample': 0.21686683947253882, 'colsample_bytree': 0.6683808376326396, 'learning_rate': 0.5335667588714444, 'reg_alpha': 0.010332647044919499, 'reg_lambda': 7.655742147912584}. Best is trial 715 with value: 0.9377859576434285.
Trial 1695 finished with value: -3.37735342812335 and parameters: {'max_depth': 7, 'min_child_weight': 5, 'gamma': 0.20276220275391266, 'subsample': 0.03713829714632466, 'colsample_bytree': 0.3351171869473323, 'learning_rate': 0.6282135105347999, 'reg_alpha': 0.03900627592924229, 'reg_lambda': 0.19517508213311469}. Best is trial 715 with value: 0.9377859576434285.
Trial 1641 finished with value: 0.9102086621562897 and parameters: {'max_depth': 9, 'min_child_weight': 2, 'gamma': 0.19449093380431437, 'subsample': 0.7761161287801845, 'colsample_bytree': 0.8132008724508462, 'learning_rate': 0.6022319231701546, 'reg_alpha': 0.0007271618014741501, 'reg_lambda': 0.010236187757955338}. Best is trial 715 with value: 0.9377859576434285.
Trial 1657 finished with value: 0.8062279459394569 and parameters: {'max_depth': 8, 'min_child_weight': 2, 'gamma': 0.9656330463201938, 'subsample': 0.3986998304003123, 'colsample_bytree': 0.7065328214375334, 'learning_rate': 0.6716500161225328, 'reg_alpha': 0.12803985806311816, 'reg_lambda': 0.24733162140082338}. Best is trial 715 with value: 0.9377859576434285.
Trial 1667 finished with value: 0.8121883773631452 and parameters: {'max_depth': 8, 'min_child_weight': 2, 'gamma': 0.34459957947512676, 'subsample': 0.4527805702170439, 'colsample_bytree': 0.32427834927562915, 'learning_rate': 0.2943196818596976, 'reg_alpha': 0.0016751943037849046, 'reg_lambda': 2.499480169614131}. Best is trial 715 with value: 0.9377859576434285.
Trial 1694 finished with value: 0.6186155701006036 and parameters: {'max_depth': 3, 'min_child_weight': 4, 'gamma': 0.5014648951007397, 'subsample': 0.9253940786379087, 'colsample_bytree': 0.4529309773582545, 'learning_rate': 0.1616880532264875, 'reg_alpha': 0.7245118975543532, 'reg_lambda': 0.026512777250253153}. Best is trial 715 with value: 0.9377859576434285.
Trial 1682 finished with value: 0.4181027649300266 and parameters: {'max_depth': 7, 'min_child_weight': 4, 'gamma': 0.7657616234568599, 'subsample': 0.26117194606903416, 'colsample_bytree': 0.22294492998357063, 'learning_rate': 0.6065843421139068, 'reg_alpha': 0.1690297511065545, 'reg_lambda': 2.390537518853242}. Best is trial 715 with value: 0.9377859576434285.
Trial 1674 finished with value: 0.5534295741513382 and parameters: {'max_depth': 9, 'min_child_weight': 3, 'gamma': 0.4372346686613444, 'subsample': 0.24177132947668167, 'colsample_bytree': 0.35402810945555074, 'learning_rate': 0.35630034251993503, 'reg_alpha': 0.0015006172858806177, 'reg_lambda': 0.16209544043396962}. Best is trial 715 with value: 0.9377859576434285.
Trial 1693 finished with value: -0.02568151201498372 and parameters: {'max_depth': 6, 'min_child_weight': 3, 'gamma': 0.7219646837907904, 'subsample': 0.5207902278416674, 'colsample_bytree': 0.03657110137768049, 'learning_rate': 0.9929060427166829, 'reg_alpha': 0.02968972920611425, 'reg_lambda': 0.010492020400496443}. Best is trial 715 with value: 0.9377859576434285.
Trial 1701 finished with value: 0.438150852307102 and parameters: {'max_depth': 2, 'min_child_weight': 5, 'gamma': 0.33151433354479976, 'subsample': 0.5196164158319625, 'colsample_bytree': 0.2168328139211788, 'learning_rate': 0.2435718420639852, 'reg_alpha': 0.00014046922062161085, 'reg_lambda': 4.388677625356147}. Best is trial 715 with value: 0.9377859576434285.
Trial 1680 finished with value: -6.313670785233821 and parameters: {'max_depth': 10, 'min_child_weight': 5, 'gamma': 0.9470548494109424, 'subsample': 0.2335030839724731, 'colsample_bytree': 0.9691584183167433, 'learning_rate': 0.7141148325263172, 'reg_alpha': 0.003627988620467954, 'reg_lambda': 0.00026955733438648315}. Best is trial 715 with value: 0.9377859576434285.
Trial 1669 finished with value: 0.9113423264820035 and parameters: {'max_depth': 7, 'min_child_weight': 1, 'gamma': 0.8591207334310145, 'subsample': 0.8345198975830506, 'colsample_bytree': 0.7613810981766309, 'learning_rate': 0.2596728704367298, 'reg_alpha': 0.0002861408768303072, 'reg_lambda': 0.025688619842785695}. Best is trial 715 with value: 0.9377859576434285.
Trial 1692 finished with value: 0.6429804445013289 and parameters: {'max_depth': 5, 'min_child_weight': 5, 'gamma': 0.46007807867118844, 'subsample': 0.6700979364860045, 'colsample_bytree': 0.2596542454380335, 'learning_rate': 0.9554923349945091, 'reg_alpha': 0.48268346292748854, 'reg_lambda': 0.0011469059132419095}. Best is trial 715 with value: 0.9377859576434285.
Trial 1709 finished with value: 0.081796360393016 and parameters: {'max_depth': 1, 'min_child_weight': 2, 'gamma': 0.5880322198818301, 'subsample': 0.7055373749010223, 'colsample_bytree': 0.058137620553882274, 'learning_rate': 0.26390395639227193, 'reg_alpha': 0.3426951935915851, 'reg_lambda': 0.00017309859724231303}. Best is trial 715 with value: 0.9377859576434285.
Trial 1699 finished with value: 0.7092008059027393 and parameters: {'max_depth': 4, 'min_child_weight': 3, 'gamma': 0.27260611229738296, 'subsample': 0.647395125674799, 'colsample_bytree': 0.31642218318364934, 'learning_rate': 0.279554214889146, 'reg_alpha': 0.01067270327495529, 'reg_lambda': 0.0001319133735883717}. Best is trial 715 with value: 0.9377859576434285.
Trial 1700 finished with value: 0.6838460494355426 and parameters: {'max_depth': 4, 'min_child_weight': 1, 'gamma': 0.9760882150404954, 'subsample': 0.8193359172710595, 'colsample_bytree': 0.22634408991746024, 'learning_rate': 0.5880751580557424, 'reg_alpha': 0.000666934035277798, 'reg_lambda': 0.005645918712014738}. Best is trial 715 with value: 0.9377859576434285.
Trial 1702 finished with value: -420221.0672024119 and parameters: {'max_depth': 4, 'min_child_weight': 5, 'gamma': 0.996245927424748, 'subsample': 0.08490389706331758, 'colsample_bytree': 0.9809897467671165, 'learning_rate': 0.7842570045255776, 'reg_alpha': 7.063431218227129, 'reg_lambda': 0.00030811306327570894}. Best is trial 715 with value: 0.9377859576434285.
Trial 1698 finished with value: 0.7551422663552976 and parameters: {'max_depth': 4, 'min_child_weight': 4, 'gamma': 0.9693121553283826, 'subsample': 0.5370463229957856, 'colsample_bytree': 0.7372969951495562, 'learning_rate': 0.32303246796014295, 'reg_alpha': 0.0001113266260580194, 'reg_lambda': 0.027571410133933716}. Best is trial 715 with value: 0.9377859576434285.
Trial 1708 finished with value: 0.4811520476093288 and parameters: {'max_depth': 2, 'min_child_weight': 4, 'gamma': 0.6587289250357771, 'subsample': 0.8581433177170781, 'colsample_bytree': 0.5848037555042097, 'learning_rate': 0.3201078547075691, 'reg_alpha': 0.0007801936294591801, 'reg_lambda': 5.272942444048715}. Best is trial 715 with value: 0.9377859576434285.
Trial 1691 finished with value: 0.6543866339940589 and parameters: {'max_depth': 9, 'min_child_weight': 5, 'gamma': 0.25022159688629, 'subsample': 0.22466040439110158, 'colsample_bytree': 0.5760033188284452, 'learning_rate': 0.1470398228238291, 'reg_alpha': 0.033128213440672634, 'reg_lambda': 0.00013337457252849823}. Best is trial 715 with value: 0.9377859576434285.
Trial 1704 finished with value: 0.010021122947643457 and parameters: {'max_depth': 10, 'min_child_weight': 3, 'gamma': 0.6357759209534123, 'subsample': 0.31574119922127974, 'colsample_bytree': 0.0010801585355372234, 'learning_rate': 0.8995272128809036, 'reg_alpha': 5.081826219476307, 'reg_lambda': 0.00016910736105333823}. Best is trial 715 with value: 0.9377859576434285.
Trial 1706 finished with value: -3.1069188159284216e+36 and parameters: {'max_depth': 4, 'min_child_weight': 1, 'gamma': 0.7590304415363389, 'subsample': 0.030568240167130334, 'colsample_bytree': 0.8978358191057185, 'learning_rate': 0.8742932936003753, 'reg_alpha': 0.0009250990120697512, 'reg_lambda': 0.3243792073825539}. Best is trial 715 with value: 0.9377859576434285.
Trial 1685 finished with value: 0.7411295232859691 and parameters: {'max_depth': 8, 'min_child_weight': 2, 'gamma': 0.04045801771579138, 'subsample': 0.5225384252764486, 'colsample_bytree': 0.4814037603644955, 'learning_rate': 0.9674008712737139, 'reg_alpha': 0.6366371196532699, 'reg_lambda': 0.0005577018045854236}. Best is trial 715 with value: 0.9377859576434285.
Trial 1681 finished with value: 0.8942504090655098 and parameters: {'max_depth': 10, 'min_child_weight': 5, 'gamma': 0.13455302310921424, 'subsample': 0.8587231496952656, 'colsample_bytree': 0.6236509924375523, 'learning_rate': 0.7021278753271366, 'reg_alpha': 0.0021127752147937573, 'reg_lambda': 6.120521899455843}. Best is trial 715 with value: 0.9377859576434285.
Trial 1687 finished with value: 0.638183780499944 and parameters: {'max_depth': 9, 'min_child_weight': 3, 'gamma': 0.8621839852390566, 'subsample': 0.4446926425772708, 'colsample_bytree': 0.2927828253285909, 'learning_rate': 0.017389129113562607, 'reg_alpha': 0.06909932416586852, 'reg_lambda': 0.00012889974271278762}. Best is trial 715 with value: 0.9377859576434285.
Trial 1722 finished with value: 0.07338664574510585 and parameters: {'max_depth': 1, 'min_child_weight': 4, 'gamma': 0.5752934866409192, 'subsample': 0.43056312002317165, 'colsample_bytree': 0.6974183530762373, 'learning_rate': 0.11881474524016833, 'reg_alpha': 0.09161222716217554, 'reg_lambda': 0.3838412187491058}. Best is trial 715 with value: 0.9377859576434285.
Trial 1679 finished with value: 0.9169299795488304 and parameters: {'max_depth': 8, 'min_child_weight': 4, 'gamma': 0.5076113752847365, 'subsample': 0.9216020215538293, 'colsample_bytree': 0.824160367676272, 'learning_rate': 0.45728974277264234, 'reg_alpha': 0.00040030766612917133, 'reg_lambda': 0.05514537092707535}. Best is trial 715 with value: 0.9377859576434285.
Trial 1696 finished with value: 0.881943901453101 and parameters: {'max_depth': 6, 'min_child_weight': 3, 'gamma': 0.31169715317645785, 'subsample': 0.6171768588101997, 'colsample_bytree': 0.8583224448608272, 'learning_rate': 0.9528925385668637, 'reg_alpha': 0.014149661876214206, 'reg_lambda': 0.00012276479441124236}. Best is trial 715 with value: 0.9377859576434285.
Trial 1721 finished with value: 0.39245389458615676 and parameters: {'max_depth': 2, 'min_child_weight': 4, 'gamma': 0.33484965825192736, 'subsample': 0.2754555865279691, 'colsample_bytree': 0.7252114368503104, 'learning_rate': 0.1954345598160776, 'reg_alpha': 0.000155303611879304, 'reg_lambda': 0.052414250251451154}. Best is trial 715 with value: 0.9377859576434285.
Trial 1703 finished with value: 0.09416695452291865 and parameters: {'max_depth': 8, 'min_child_weight': 3, 'gamma': 0.2558483252134801, 'subsample': 0.24268491374496226, 'colsample_bytree': 0.17417282566115377, 'learning_rate': 0.5517542714892484, 'reg_alpha': 0.005752981956741859, 'reg_lambda': 0.004325043827615349}. Best is trial 715 with value: 0.9377859576434285.
Trial 1688 finished with value: 0.9322058440528239 and parameters: {'max_depth': 7, 'min_child_weight': 1, 'gamma': 0.14892181027075824, 'subsample': 0.47409070610506143, 'colsample_bytree': 0.8892008636504405, 'learning_rate': 0.20343956097368232, 'reg_alpha': 0.01331575089778753, 'reg_lambda': 0.0004304137155350068}. Best is trial 715 with value: 0.9377859576434285.
Trial 1726 finished with value: -0.004317057502098087 and parameters: {'max_depth': 1, 'min_child_weight': 3, 'gamma': 0.1125824407075563, 'subsample': 0.22657555142041463, 'colsample_bytree': 0.6551940181413666, 'learning_rate': 0.9463185362015403, 'reg_alpha': 0.00011288220227200911, 'reg_lambda': 0.0004136860540835245}. Best is trial 715 with value: 0.9377859576434285.
Trial 1723 finished with value: 0.010407419706120613 and parameters: {'max_depth': 3, 'min_child_weight': 2, 'gamma': 0.6284453128852887, 'subsample': 0.3666261584268157, 'colsample_bytree': 0.06682559269473742, 'learning_rate': 0.7678982980324599, 'reg_alpha': 0.519658934275749, 'reg_lambda': 0.0028446019675225117}. Best is trial 715 with value: 0.9377859576434285.
Trial 1718 finished with value: -1.5824396140907197e+20 and parameters: {'max_depth': 4, 'min_child_weight': 2, 'gamma': 0.41797105491421227, 'subsample': 0.047226403089575264, 'colsample_bytree': 0.8916708797469564, 'learning_rate': 0.707566047155998, 'reg_alpha': 2.709299144374489, 'reg_lambda': 0.008310745894410736}. Best is trial 715 with value: 0.9377859576434285.
Trial 1707 finished with value: 0.628318871911717 and parameters: {'max_depth': 10, 'min_child_weight': 1, 'gamma': 0.0942764530202247, 'subsample': 0.11556797133476726, 'colsample_bytree': 0.8274345050215647, 'learning_rate': 0.45749374162261425, 'reg_alpha': 4.276118797256239, 'reg_lambda': 5.315500341032081}. Best is trial 715 with value: 0.9377859576434285.
Trial 1712 finished with value: 0.7900658510018609 and parameters: {'max_depth': 5, 'min_child_weight': 1, 'gamma': 0.09790083874476785, 'subsample': 0.7692444749198529, 'colsample_bytree': 0.3318761205934776, 'learning_rate': 0.9385837319609373, 'reg_alpha': 0.00043656733506534776, 'reg_lambda': 8.22126586024982}. Best is trial 715 with value: 0.9377859576434285.
Trial 1727 finished with value: 0.07926517048758772 and parameters: {'max_depth': 2, 'min_child_weight': 2, 'gamma': 0.5995410000126926, 'subsample': 0.9301029548344423, 'colsample_bytree': 0.029009602723984007, 'learning_rate': 0.699336773248748, 'reg_alpha': 0.022375241565661726, 'reg_lambda': 0.00011525842464944126}. Best is trial 715 with value: 0.9377859576434285.
