Trial 3602 finished with value: 0.9018719544846143 and parameters: {'max_depth': 5, 'min_child_weight': 5, 'gamma': 0.7748502551025261, 'subsample': 0.7875450055915197, 'colsample_bytree': 0.9415664845790273, 'learning_rate': 0.4585994478324358, 'reg_alpha': 0.005109879180299414, 'reg_lambda': 5.122753149204942}. Best is trial 715 with value: 0.9377859576434285.
Trial 3609 finished with value: 0.37781187676210654 and parameters: {'max_depth': 5, 'min_child_weight': 4, 'gamma': 0.3459609305409519, 'subsample': 0.15417149435282484, 'colsample_bytree': 0.23544126405162613, 'learning_rate': 0.01641083064498905, 'reg_alpha': 0.0002875827346888048, 'reg_lambda': 0.1659891800328514}. Best is trial 715 with value: 0.9377859576434285.
Trial 3604 finished with value: 0.7014985188500873 and parameters: {'max_depth': 8, 'min_child_weight': 4, 'gamma': 0.1263872367390142, 'subsample': 0.5867032510363532, 'colsample_bytree': 0.2188795825487433, 'learning_rate': 0.7777727238225784, 'reg_alpha': 9.044294315416197, 'reg_lambda': 0.008616370807519121}. Best is trial 715 with value: 0.9377859576434285.
Trial 3624 finished with value: -39.66226731475936 and parameters: {'max_depth': 4, 'min_child_weight': 4, 'gamma': 0.8533068827287933, 'subsample': 0.0020324395441528864, 'colsample_bytree': 0.40035133466642325, 'learning_rate': 0.08768775311992627, 'reg_alpha': 0.0038125378641191447, 'reg_lambda': 0.012935024248610146}. Best is trial 715 with value: 0.9377859576434285.
Trial 3614 finished with value: 0.09225806834108122 and parameters: {'max_depth': 9, 'min_child_weight': 3, 'gamma': 0.17003140195978772, 'subsample': 0.9631986132611318, 'colsample_bytree': 0.030234474635822628, 'learning_rate': 0.09019311820218578, 'reg_alpha': 0.03867428634494613, 'reg_lambda': 0.12330994472381944}. Best is trial 715 with value: 0.9377859576434285.
Trial 3616 finished with value: 0.06937839393458148 and parameters: {'max_depth': 8, 'min_child_weight': 5, 'gamma': 0.26302689764472753, 'subsample': 0.7083913419449822, 'colsample_bytree': 0.0888902673627352, 'learning_rate': 0.6285615820217795, 'reg_alpha': 3.396097725791675, 'reg_lambda': 0.0019323752972337232}. Best is trial 715 with value: 0.9377859576434285.
Trial 3592 finished with value: 0.8982732701432182 and parameters: {'max_depth': 10, 'min_child_weight': 1, 'gamma': 0.6711960252510899, 'subsample': 0.9468440155997299, 'colsample_bytree': 0.5885711645537554, 'learning_rate': 0.799660020225463, 'reg_alpha': 1.3070153869006849, 'reg_lambda': 9.783344210139441}. Best is trial 715 with value: 0.9377859576434285.
Trial 3597 finished with value: 0.9020508430970652 and parameters: {'max_depth': 7, 'min_child_weight': 4, 'gamma': 0.471637591442833, 'subsample': 0.5661756197947889, 'colsample_bytree': 0.6922485763331296, 'learning_rate': 0.29352625022394185, 'reg_alpha': 0.0107315268666388, 'reg_lambda': 0.00010615501508923218}. Best is trial 715 with value: 0.9377859576434285.
Trial 3598 finished with value: 0.8960971226493613 and parameters: {'max_depth': 8, 'min_child_weight': 4, 'gamma': 0.7486078911281117, 'subsample': 0.5180585289896742, 'colsample_bytree': 0.6978280627486088, 'learning_rate': 0.5558937458623906, 'reg_alpha': 0.9198286786033882, 'reg_lambda': 0.8348594524319263}. Best is trial 715 with value: 0.9377859576434285.
Trial 3611 finished with value: -113.88891663636369 and parameters: {'max_depth': 7, 'min_child_weight': 1, 'gamma': 0.04951203000890503, 'subsample': 0.383549108146904, 'colsample_bytree': 0.22551155713048088, 'learning_rate': 0.9166040090477721, 'reg_alpha': 0.012168588893442644, 'reg_lambda': 0.00020672553420335042}. Best is trial 715 with value: 0.9377859576434285.
Trial 3595 finished with value: 0.7936393559697484 and parameters: {'max_depth': 10, 'min_child_weight': 1, 'gamma': 0.34924528916616715, 'subsample': 0.16103487430556762, 'colsample_bytree': 0.5202963688681821, 'learning_rate': 0.15849946488412925, 'reg_alpha': 0.07215397196021525, 'reg_lambda': 0.010999428770076324}. Best is trial 715 with value: 0.9377859576434285.
Trial 3608 finished with value: 0.8260884660638013 and parameters: {'max_depth': 7, 'min_child_weight': 5, 'gamma': 0.8192559847238842, 'subsample': 0.6547956673150981, 'colsample_bytree': 0.374079677245564, 'learning_rate': 0.4501524383322062, 'reg_alpha': 0.41465522525672566, 'reg_lambda': 0.010049557582412098}. Best is trial 715 with value: 0.9377859576434285.
Trial 3622 finished with value: 0.036682233925978566 and parameters: {'max_depth': 9, 'min_child_weight': 4, 'gamma': 0.8480673855575365, 'subsample': 0.4375366386564845, 'colsample_bytree': 0.027586448283938192, 'learning_rate': 0.7471660580748866, 'reg_alpha': 0.03317375150394401, 'reg_lambda': 3.511039191921822}. Best is trial 715 with value: 0.9377859576434285.
Trial 3615 finished with value: 0.8469315111863368 and parameters: {'max_depth': 7, 'min_child_weight': 4, 'gamma': 0.9596500687847878, 'subsample': 0.7393803074446812, 'colsample_bytree': 0.3542826133456579, 'learning_rate': 0.7845394173291861, 'reg_alpha': 3.337787048114968, 'reg_lambda': 0.02382395527678141}. Best is trial 715 with value: 0.9377859576434285.
Trial 3610 finished with value: 0.850665155355586 and parameters: {'max_depth': 7, 'min_child_weight': 5, 'gamma': 0.3305395135841015, 'subsample': 0.4178393657272408, 'colsample_bytree': 0.9268412585215019, 'learning_rate': 0.3678124574128895, 'reg_alpha': 0.0018876586630070455, 'reg_lambda': 0.0002738743699977174}. Best is trial 715 with value: 0.9377859576434285.
Trial 3625 finished with value: 0.613164022446564 and parameters: {'max_depth': 4, 'min_child_weight': 5, 'gamma': 0.17012086548856675, 'subsample': 0.6528889788357773, 'colsample_bytree': 0.19912820262536268, 'learning_rate': 0.307181641017895, 'reg_alpha': 0.39173737185930285, 'reg_lambda': 0.004612876924095562}. Best is trial 715 with value: 0.9377859576434285.
Trial 3618 finished with value: 0.780842570318271 and parameters: {'max_depth': 8, 'min_child_weight': 2, 'gamma': 0.15518828777546312, 'subsample': 0.9715966751597686, 'colsample_bytree': 0.16552709825388823, 'learning_rate': 0.666229789740575, 'reg_alpha': 0.012405120803997666, 'reg_lambda': 0.015995328157105068}. Best is trial 715 with value: 0.9377859576434285.
Trial 3617 finished with value: 0.7711860195851115 and parameters: {'max_depth': 10, 'min_child_weight': 3, 'gamma': 0.29349157734830655, 'subsample': 0.9882697195816178, 'colsample_bytree': 0.15132132041122948, 'learning_rate': 0.6099859111047323, 'reg_alpha': 0.0037534944881418265, 'reg_lambda': 3.794712427177774}. Best is trial 715 with value: 0.9377859576434285.
Trial 3636 finished with value: 0.09041502472636345 and parameters: {'max_depth': 1, 'min_child_weight': 2, 'gamma': 0.2400057711172311, 'subsample': 0.882590325356715, 'colsample_bytree': 0.838615102264759, 'learning_rate': 0.921224641096825, 'reg_alpha': 0.011188601117031727, 'reg_lambda': 0.00023319667864890437}. Best is trial 715 with value: 0.9377859576434285.
Trial 3623 finished with value: -2.249163158459366e+30 and parameters: {'max_depth': 5, 'min_child_weight': 2, 'gamma': 0.18251326493315545, 'subsample': 0.13665939958693063, 'colsample_bytree': 0.5260859544321882, 'learning_rate': 0.953365354961762, 'reg_alpha': 0.032731437673266424, 'reg_lambda': 0.00016919751094909846}. Best is trial 715 with value: 0.9377859576434285.
Trial 3640 finished with value: 0.09365607366137996 and parameters: {'max_depth': 1, 'min_child_weight': 2, 'gamma': 0.2838546692956214, 'subsample': 0.7704817481474907, 'colsample_bytree': 0.5916212379829711, 'learning_rate': 0.13527983563597135, 'reg_alpha': 1.0184042567061746, 'reg_lambda': 0.07573518515436285}. Best is trial 715 with value: 0.9377859576434285.
Trial 3635 finished with value: 0.07754080037037037 and parameters: {'max_depth': 3, 'min_child_weight': 2, 'gamma': 0.7826855106810807, 'subsample': 0.8146893110678615, 'colsample_bytree': 0.06042892052464044, 'learning_rate': 0.2628800377025359, 'reg_alpha': 0.0027867774533597398, 'reg_lambda': 0.007466697705773777}. Best is trial 715 with value: 0.9377859576434285.
Trial 3632 finished with value: 0.5642384306581159 and parameters: {'max_depth': 5, 'min_child_weight': 1, 'gamma': 0.4256216908228726, 'subsample': 0.5685282670537619, 'colsample_bytree': 0.14529256735987528, 'learning_rate': 0.9398764710536401, 'reg_alpha': 2.1239696635427143, 'reg_lambda': 1.5337054641362229}. Best is trial 715 with value: 0.9377859576434285.
Trial 3621 finished with value: 0.564180657297455 and parameters: {'max_depth': 10, 'min_child_weight': 4, 'gamma': 0.6329345716894813, 'subsample': 0.19291623953235115, 'colsample_bytree': 0.7570057610265587, 'learning_rate': 0.37193310369546084, 'reg_alpha': 0.1935600762226286, 'reg_lambda': 0.00013493558759174456}. Best is trial 715 with value: 0.9377859576434285.
Trial 3645 finished with value: 0.09042917225476918 and parameters: {'max_depth': 1, 'min_child_weight': 3, 'gamma': 0.154532927249172, 'subsample': 0.9211988539853213, 'colsample_bytree': 0.3636482436730505, 'learning_rate': 0.07448802160436196, 'reg_alpha': 0.001752476553471207, 'reg_lambda': 0.0013935825216908934}. Best is trial 715 with value: 0.9377859576434285.
Trial 3613 finished with value: 0.8345941013637037 and parameters: {'max_depth': 8, 'min_child_weight': 2, 'gamma': 0.7254637462659494, 'subsample': 0.5289003714704271, 'colsample_bytree': 0.4824423992363067, 'learning_rate': 0.49941634550235947, 'reg_alpha': 0.00069382766898158, 'reg_lambda': 0.0031247203570789243}. Best is trial 715 with value: 0.9377859576434285.
Trial 3646 finished with value: 0.059372170417530165 and parameters: {'max_depth': 1, 'min_child_weight': 5, 'gamma': 0.3125302247092423, 'subsample': 0.47192096490527813, 'colsample_bytree': 0.3485765941192225, 'learning_rate': 0.5920262261079606, 'reg_alpha': 0.03014231100085253, 'reg_lambda': 8.369877478917402}. Best is trial 715 with value: 0.9377859576434285.
Trial 3631 finished with value: 0.7180638969568591 and parameters: {'max_depth': 5, 'min_child_weight': 4, 'gamma': 0.3607910489101632, 'subsample': 0.36578936486749214, 'colsample_bytree': 0.5713719208455442, 'learning_rate': 0.46813495337642763, 'reg_alpha': 0.006128049167216555, 'reg_lambda': 0.0360396615314915}. Best is trial 715 with value: 0.9377859576434285.
Trial 3628 finished with value: 0.8680689922345778 and parameters: {'max_depth': 8, 'min_child_weight': 1, 'gamma': 0.46969306490201024, 'subsample': 0.9705799160788131, 'colsample_bytree': 0.21101024786890388, 'learning_rate': 0.42240942302871964, 'reg_alpha': 1.5685833103367988, 'reg_lambda': 0.0002496472657366413}. Best is trial 715 with value: 0.9377859576434285.
Trial 3630 finished with value: 0.9139097869211265 and parameters: {'max_depth': 5, 'min_child_weight': 4, 'gamma': 0.7091431270961467, 'subsample': 0.7397452628371692, 'colsample_bytree': 0.9075084228046119, 'learning_rate': 0.3649910534720162, 'reg_alpha': 0.00014484113050015036, 'reg_lambda': 0.0018983899705817245}. Best is trial 715 with value: 0.9377859576434285.
Trial 3642 finished with value: 0.5229592442138662 and parameters: {'max_depth': 3, 'min_child_weight': 4, 'gamma': 0.995735149201567, 'subsample': 0.5915232346048822, 'colsample_bytree': 0.25814576705170433, 'learning_rate': 0.11954927032010376, 'reg_alpha': 0.03193937607183106, 'reg_lambda': 0.7068267609788271}. Best is trial 715 with value: 0.9377859576434285.
Trial 3644 finished with value: -120.04330450110758 and parameters: {'max_depth': 4, 'min_child_weight': 2, 'gamma': 0.497307768085018, 'subsample': 0.026690114825740796, 'colsample_bytree': 0.3147020632412443, 'learning_rate': 0.43474156341249737, 'reg_alpha': 0.0003339710454050244, 'reg_lambda': 0.0012345804340445066}. Best is trial 715 with value: 0.9377859576434285.
Trial 3638 finished with value: 0.08897438972877736 and parameters: {'max_depth': 9, 'min_child_weight': 2, 'gamma': 0.300273504925349, 'subsample': 0.9702147277506554, 'colsample_bytree': 0.05198464543502768, 'learning_rate': 0.29627036617262437, 'reg_alpha': 0.0003307149171430495, 'reg_lambda': 0.1293091122095908}. Best is trial 715 with value: 0.9377859576434285.
Trial 3626 finished with value: 0.8662424837139413 and parameters: {'max_depth': 9, 'min_child_weight': 5, 'gamma': 0.8849585407326362, 'subsample': 0.8474315812615282, 'colsample_bytree': 0.3212584843178554, 'learning_rate': 0.72329454806897, 'reg_alpha': 0.6252809556818997, 'reg_lambda': 1.2328360864740002}. Best is trial 715 with value: 0.9377859576434285.
Trial 3655 finished with value: -0.06746891414612081 and parameters: {'max_depth': 1, 'min_child_weight': 5, 'gamma': 0.8974474097588518, 'subsample': 0.07895633383946954, 'colsample_bytree': 0.9835799998903729, 'learning_rate': 0.31643834818370176, 'reg_alpha': 0.00024560940312917494, 'reg_lambda': 5.18917925101514}. Best is trial 715 with value: 0.9377859576434285.
Trial 3620 finished with value: 0.8958731302304591 and parameters: {'max_depth': 7, 'min_child_weight': 3, 'gamma': 0.8770906400034991, 'subsample': 0.5012576105853574, 'colsample_bytree': 0.9562825302708531, 'learning_rate': 0.2772737315435668, 'reg_alpha': 0.010267723074292386, 'reg_lambda': 0.001239119486203377}. Best is trial 715 with value: 0.9377859576434285.
Trial 3627 finished with value: 0.8241222522144923 and parameters: {'max_depth': 7, 'min_child_weight': 4, 'gamma': 0.7460517949971313, 'subsample': 0.46165242393657513, 'colsample_bytree': 0.5702351181123843, 'learning_rate': 0.6679633269265091, 'reg_alpha': 0.20820482193380477, 'reg_lambda': 0.0013215573177656006}. Best is trial 715 with value: 0.9377859576434285.
Trial 3633 finished with value: 0.2011088617690871 and parameters: {'max_depth': 9, 'min_child_weight': 2, 'gamma': 0.09880206712829176, 'subsample': 0.13841550461831098, 'colsample_bytree': 0.2719602692372429, 'learning_rate': 0.31961706277100344, 'reg_alpha': 0.024501482162321092, 'reg_lambda': 0.004538512771419244}. Best is trial 715 with value: 0.9377859576434285.
Trial 3649 finished with value: 0.6629137020974736 and parameters: {'max_depth': 3, 'min_child_weight': 3, 'gamma': 0.002765874695650261, 'subsample': 0.7334376852905566, 'colsample_bytree': 0.40612188583593756, 'learning_rate': 0.5474575217229035, 'reg_alpha': 0.0024347084409467173, 'reg_lambda': 0.2519535592920666}. Best is trial 715 with value: 0.9377859576434285.
Trial 3657 finished with value: 0.3211351758127895 and parameters: {'max_depth': 2, 'min_child_weight': 1, 'gamma': 0.41778807617372593, 'subsample': 0.40871204465363964, 'colsample_bytree': 0.2722632673649136, 'learning_rate': 0.8018112651425856, 'reg_alpha': 0.0016928193759609027, 'reg_lambda': 0.49119298859037863}. Best is trial 715 with value: 0.9377859576434285.
Trial 3653 finished with value: 0.3350026050241339 and parameters: {'max_depth': 6, 'min_child_weight': 5, 'gamma': 0.6516705056308246, 'subsample': 0.0745980803163524, 'colsample_bytree': 0.8886594971930435, 'learning_rate': 0.10527640694796647, 'reg_alpha': 0.8881693842989913, 'reg_lambda': 0.07446181584616242}. Best is trial 715 with value: 0.9377859576434285.
Trial 3659 finished with value: 0.062285838127639416 and parameters: {'max_depth': 2, 'min_child_weight': 5, 'gamma': 0.48273697984932884, 'subsample': 0.6281448285723586, 'colsample_bytree': 0.037789185074871834, 'learning_rate': 0.4175865270719705, 'reg_alpha': 7.999803500331592, 'reg_lambda': 1.1333364659860368}. Best is trial 715 with value: 0.9377859576434285.
Trial 3629 finished with value: 0.6925271432589103 and parameters: {'max_depth': 10, 'min_child_weight': 1, 'gamma': 0.06598279998191381, 'subsample': 0.1845132469726416, 'colsample_bytree': 0.4003581701425727, 'learning_rate': 0.2541014396325988, 'reg_alpha': 0.2600896925084818, 'reg_lambda': 0.002048218466025295}. Best is trial 715 with value: 0.9377859576434285.
Trial 3634 finished with value: 0.8769745894535836 and parameters: {'max_depth': 7, 'min_child_weight': 5, 'gamma': 0.9705841613062126, 'subsample': 0.675925733513646, 'colsample_bytree': 0.6361983096905969, 'learning_rate': 0.7319964915419648, 'reg_alpha': 0.058204822295416674, 'reg_lambda': 0.0031912609549731544}. Best is trial 715 with value: 0.9377859576434285.
Trial 3641 finished with value: 0.5943936453561521 and parameters: {'max_depth': 7, 'min_child_weight': 5, 'gamma': 0.33466937393474505, 'subsample': 0.6783868651947882, 'colsample_bytree': 0.18457950782517207, 'learning_rate': 0.028008197949094815, 'reg_alpha': 0.1307636850596842, 'reg_lambda': 0.09568704756703968}. Best is trial 715 with value: 0.9377859576434285.
Trial 3619 finished with value: 0.9384500514029486 and parameters: {'max_depth': 9, 'min_child_weight': 2, 'gamma': 0.4329728136132921, 'subsample': 0.5885021278205436, 'colsample_bytree': 0.7466330182864849, 'learning_rate': 0.2246261817570364, 'reg_alpha': 0.009490489218617011, 'reg_lambda': 0.02217188674525817}. Best is trial 3619 with value: 0.9384500514029486.
Trial 3656 finished with value: 0.6134880834367797 and parameters: {'max_depth': 3, 'min_child_weight': 1, 'gamma': 0.040708871505462985, 'subsample': 0.5401211417237033, 'colsample_bytree': 0.5526616060705705, 'learning_rate': 0.6402816407740206, 'reg_alpha': 0.0006659585706565313, 'reg_lambda': 4.662912887532755}. Best is trial 3619 with value: 0.9384500514029486.
Trial 3637 finished with value: 0.20344831544258177 and parameters: {'max_depth': 10, 'min_child_weight': 2, 'gamma': 0.5925559967863159, 'subsample': 0.33777114807804354, 'colsample_bytree': 0.14832714689480608, 'learning_rate': 0.7193519360685955, 'reg_alpha': 0.005010594284602639, 'reg_lambda': 0.18993005169811647}. Best is trial 3619 with value: 0.9384500514029486.
Trial 3639 finished with value: -2.3028412430320413e+36 and parameters: {'max_depth': 6, 'min_child_weight': 1, 'gamma': 0.9041863677879625, 'subsample': 0.3031312150432972, 'colsample_bytree': 0.8479809421732408, 'learning_rate': 0.9710410002725766, 'reg_alpha': 0.03198366551593884, 'reg_lambda': 0.00045777282554028664}. Best is trial 3619 with value: 0.9384500514029486.
Trial 3652 finished with value: 0.45625951961958067 and parameters: {'max_depth': 6, 'min_child_weight': 1, 'gamma': 0.8351488682836281, 'subsample': 0.17249168214037014, 'colsample_bytree': 0.11804177008878247, 'learning_rate': 0.09840219982425369, 'reg_alpha': 0.0038968278093961, 'reg_lambda': 0.587238276748426}. Best is trial 3619 with value: 0.9384500514029486.
Trial 3647 finished with value: 0.787974051502931 and parameters: {'max_depth': 6, 'min_child_weight': 3, 'gamma': 0.4042276319996132, 'subsample': 0.22161443548170923, 'colsample_bytree': 0.9785104766804947, 'learning_rate': 0.20389343042226749, 'reg_alpha': 0.0012408251111374463, 'reg_lambda': 1.7483941025274001}. Best is trial 3619 with value: 0.9384500514029486.
Trial 3661 finished with value: 0.007766015449877173 and parameters: {'max_depth': 5, 'min_child_weight': 3, 'gamma': 0.3652072573504649, 'subsample': 0.6068852641112248, 'colsample_bytree': 0.007892513384999522, 'learning_rate': 0.8629295721341365, 'reg_alpha': 3.432456429747954, 'reg_lambda': 0.29572503566110486}. Best is trial 3619 with value: 0.9384500514029486.
Trial 3660 finished with value: 0.09028519270222021 and parameters: {'max_depth': 5, 'min_child_weight': 5, 'gamma': 0.860361400375691, 'subsample': 0.5585391262153273, 'colsample_bytree': 0.0383370503725714, 'learning_rate': 0.12195649866107683, 'reg_alpha': 0.004738761304065335, 'reg_lambda': 0.008447218458039628}. Best is trial 3619 with value: 0.9384500514029486.
Trial 3666 finished with value: 0.4626469748909707 and parameters: {'max_depth': 2, 'min_child_weight': 5, 'gamma': 0.10247554080882282, 'subsample': 0.7129103845967161, 'colsample_bytree': 0.9749688415555836, 'learning_rate': 0.4154574172023975, 'reg_alpha': 0.02083085460769436, 'reg_lambda': 6.265036971278236}. Best is trial 3619 with value: 0.9384500514029486.
Trial 3643 finished with value: 0.8479437316860888 and parameters: {'max_depth': 8, 'min_child_weight': 3, 'gamma': 0.0875739439118105, 'subsample': 0.7213664873280169, 'colsample_bytree': 0.2523669801150289, 'learning_rate': 0.6679136490323817, 'reg_alpha': 0.014213310322255817, 'reg_lambda': 0.5899547703027316}. Best is trial 3619 with value: 0.9384500514029486.
Trial 3654 finished with value: 0.7626604648539016 and parameters: {'max_depth': 5, 'min_child_weight': 4, 'gamma': 0.4548055329964663, 'subsample': 0.5558542741201835, 'colsample_bytree': 0.47140049940084106, 'learning_rate': 0.5513973779389811, 'reg_alpha': 0.0009264462162559499, 'reg_lambda': 0.013201319950057414}. Best is trial 3619 with value: 0.9384500514029486.
Trial 3664 finished with value: 0.639542711993932 and parameters: {'max_depth': 4, 'min_child_weight': 5, 'gamma': 0.5666570494725085, 'subsample': 0.2701536546369844, 'colsample_bytree': 0.7616954894039225, 'learning_rate': 0.1264352957057262, 'reg_alpha': 0.00012418864260603724, 'reg_lambda': 0.18612870358868447}. Best is trial 3619 with value: 0.9384500514029486.
Trial 3651 finished with value: 0.7697933611458421 and parameters: {'max_depth': 7, 'min_child_weight': 4, 'gamma': 0.6208147047665629, 'subsample': 0.9438382607485029, 'colsample_bytree': 0.31636987066847433, 'learning_rate': 0.04636474102779853, 'reg_alpha': 0.7756880700116425, 'reg_lambda': 0.00047205248152228666}. Best is trial 3619 with value: 0.9384500514029486.
Trial 3668 finished with value: 0.03745644524106286 and parameters: {'max_depth': 5, 'min_child_weight': 1, 'gamma': 0.8292575804426324, 'subsample': 0.685742290012018, 'colsample_bytree': 0.08609437851291912, 'learning_rate': 0.8828888239733749, 'reg_alpha': 0.0016921893396456024, 'reg_lambda': 0.00013385319655244464}. Best is trial 3619 with value: 0.9384500514029486.
