Trial 2240 finished with value: 0.8291914271970542 and parameters: {'max_depth': 9, 'min_child_weight': 3, 'gamma': 0.3254682946131481, 'subsample': 0.7266749722087308, 'colsample_bytree': 0.24708995115345544, 'learning_rate': 0.45428477384813537, 'reg_alpha': 6.318872971726878, 'reg_lambda': 0.010303001928350772}. Best is trial 715 with value: 0.9377859576434285.
Trial 2262 finished with value: 0.30700874166539355 and parameters: {'max_depth': 2, 'min_child_weight': 5, 'gamma': 0.7761187845559904, 'subsample': 0.3936030944413694, 'colsample_bytree': 0.4911642836462745, 'learning_rate': 0.6388036352892051, 'reg_alpha': 2.5580024764041043, 'reg_lambda': 0.7030833905588869}. Best is trial 715 with value: 0.9377859576434285.
Trial 2244 finished with value: 0.8905139088256762 and parameters: {'max_depth': 6, 'min_child_weight': 1, 'gamma': 0.758615482108523, 'subsample': 0.7621039017283153, 'colsample_bytree': 0.7326281325745705, 'learning_rate': 0.55471083369931, 'reg_alpha': 7.429660191336333, 'reg_lambda': 0.8878962884222497}. Best is trial 715 with value: 0.9377859576434285.
Trial 2230 finished with value: 0.7778020335459787 and parameters: {'max_depth': 10, 'min_child_weight': 4, 'gamma': 0.17125195627116496, 'subsample': 0.4185488129275684, 'colsample_bytree': 0.4871851608485629, 'learning_rate': 0.35699855837438743, 'reg_alpha': 0.004536050690254115, 'reg_lambda': 0.0011764556970372208}. Best is trial 715 with value: 0.9377859576434285.
Trial 2249 finished with value: 0.70565566818277 and parameters: {'max_depth': 5, 'min_child_weight': 5, 'gamma': 0.45178135367026784, 'subsample': 0.5639441287535903, 'colsample_bytree': 0.28559215163088514, 'learning_rate': 0.2086692203645465, 'reg_alpha': 0.7844049194696466, 'reg_lambda': 0.643120122625322}. Best is trial 715 with value: 0.9377859576434285.
Trial 2248 finished with value: -1.7244962702452282e+36 and parameters: {'max_depth': 7, 'min_child_weight': 3, 'gamma': 0.9592764668568771, 'subsample': 0.11225148572026966, 'colsample_bytree': 0.9149117227029259, 'learning_rate': 0.9879842696730556, 'reg_alpha': 0.00024772619247345263, 'reg_lambda': 0.00619477850195248}. Best is trial 715 with value: 0.9377859576434285.
Trial 2233 finished with value: 0.8939022519257773 and parameters: {'max_depth': 9, 'min_child_weight': 2, 'gamma': 0.8005964316862046, 'subsample': 0.5089396698443317, 'colsample_bytree': 0.7631036215927676, 'learning_rate': 0.27663087947169207, 'reg_alpha': 4.234670730803076, 'reg_lambda': 5.106174017628339}. Best is trial 715 with value: 0.9377859576434285.
Trial 2267 finished with value: 0.0926336126156415 and parameters: {'max_depth': 1, 'min_child_weight': 1, 'gamma': 0.22220113860048363, 'subsample': 0.9820352682764615, 'colsample_bytree': 0.2247030147957373, 'learning_rate': 0.0883406012493616, 'reg_alpha': 0.1745581534613266, 'reg_lambda': 0.0018874912658706383}. Best is trial 715 with value: 0.9377859576434285.
Trial 2252 finished with value: 0.529215910928127 and parameters: {'max_depth': 5, 'min_child_weight': 5, 'gamma': 0.27211735335908327, 'subsample': 0.3192156939845686, 'colsample_bytree': 0.4375045689806033, 'learning_rate': 0.487272533904342, 'reg_alpha': 0.054166638711487254, 'reg_lambda': 0.014158997073340375}. Best is trial 715 with value: 0.9377859576434285.
Trial 2250 finished with value: 0.790962374490201 and parameters: {'max_depth': 5, 'min_child_weight': 3, 'gamma': 0.1140126391982812, 'subsample': 0.9114210516706782, 'colsample_bytree': 0.4159296388810878, 'learning_rate': 0.0866818793909565, 'reg_alpha': 0.0025606904163729496, 'reg_lambda': 0.012226325223142483}. Best is trial 715 with value: 0.9377859576434285.
Trial 2265 finished with value: -9.550617968264772e+36 and parameters: {'max_depth': 6, 'min_child_weight': 1, 'gamma': 0.5217112034061105, 'subsample': 0.01199480067885128, 'colsample_bytree': 0.9228871068264246, 'learning_rate': 0.9684274535395773, 'reg_alpha': 0.0002506955464157821, 'reg_lambda': 0.0010326118138218826}. Best is trial 715 with value: 0.9377859576434285.
Trial 2246 finished with value: 0.8451758091434542 and parameters: {'max_depth': 7, 'min_child_weight': 2, 'gamma': 0.9949748579383118, 'subsample': 0.6243715281720583, 'colsample_bytree': 0.3452126289648817, 'learning_rate': 0.3833138082563975, 'reg_alpha': 0.04120746775460783, 'reg_lambda': 6.675430659150037}. Best is trial 715 with value: 0.9377859576434285.
Trial 2243 finished with value: 0.8718994655093143 and parameters: {'max_depth': 6, 'min_child_weight': 2, 'gamma': 0.051000828958700395, 'subsample': 0.37647730990233175, 'colsample_bytree': 0.8204203425082447, 'learning_rate': 0.440498846180728, 'reg_alpha': 0.001689050741432216, 'reg_lambda': 0.0001543828344249758}. Best is trial 715 with value: 0.9377859576434285.
Trial 2241 finished with value: 0.8412267447953778 and parameters: {'max_depth': 10, 'min_child_weight': 5, 'gamma': 0.14513539527407837, 'subsample': 0.3797430629891049, 'colsample_bytree': 0.840116702340465, 'learning_rate': 0.4819390406251606, 'reg_alpha': 1.8017188911049715, 'reg_lambda': 0.004849258775710103}. Best is trial 715 with value: 0.9377859576434285.
Trial 2258 finished with value: 0.9011116126334148 and parameters: {'max_depth': 6, 'min_child_weight': 1, 'gamma': 0.20453700256351381, 'subsample': 0.9746311955207287, 'colsample_bytree': 0.9763508918889576, 'learning_rate': 0.12815820317361937, 'reg_alpha': 5.712383766106888, 'reg_lambda': 0.029970059980670635}. Best is trial 715 with value: 0.9377859576434285.
Trial 2255 finished with value: 0.8139863416837193 and parameters: {'max_depth': 5, 'min_child_weight': 1, 'gamma': 0.2954434607443449, 'subsample': 0.3277897531848182, 'colsample_bytree': 0.7615990945248747, 'learning_rate': 0.2098143586151372, 'reg_alpha': 0.036519788322716594, 'reg_lambda': 0.0068833872858206305}. Best is trial 715 with value: 0.9377859576434285.
Trial 2256 finished with value: -14.521827575048036 and parameters: {'max_depth': 6, 'min_child_weight': 2, 'gamma': 0.4330824703573082, 'subsample': 0.15671960856993927, 'colsample_bytree': 0.40083865846513556, 'learning_rate': 0.5418648034399963, 'reg_alpha': 0.0013590996888769118, 'reg_lambda': 0.008746001549598002}. Best is trial 715 with value: 0.9377859576434285.
Trial 2281 finished with value: -0.0011665857107761913 and parameters: {'max_depth': 1, 'min_child_weight': 1, 'gamma': 0.2681685905835508, 'subsample': 0.21379883477993544, 'colsample_bytree': 0.5266175381364067, 'learning_rate': 0.9079703611148525, 'reg_alpha': 0.1818396963050853, 'reg_lambda': 5.674272420278522}. Best is trial 715 with value: 0.9377859576434285.
Trial 2282 finished with value: 0.08241385278917188 and parameters: {'max_depth': 1, 'min_child_weight': 2, 'gamma': 0.8441292481502451, 'subsample': 0.5744065361527266, 'colsample_bytree': 0.36835294715011346, 'learning_rate': 0.2722980518803668, 'reg_alpha': 0.06486311003950451, 'reg_lambda': 0.0003083211590310129}. Best is trial 715 with value: 0.9377859576434285.
Trial 2270 finished with value: 0.6162728197350409 and parameters: {'max_depth': 3, 'min_child_weight': 2, 'gamma': 0.23323849818130316, 'subsample': 0.7548837968668984, 'colsample_bytree': 0.4578517532305485, 'learning_rate': 0.24113242171329718, 'reg_alpha': 1.62551491400383, 'reg_lambda': 6.450464699078459}. Best is trial 715 with value: 0.9377859576434285.
Trial 2272 finished with value: 0.2588404443876501 and parameters: {'max_depth': 3, 'min_child_weight': 4, 'gamma': 0.8868503651622189, 'subsample': 0.4622343913748076, 'colsample_bytree': 0.6971607865168149, 'learning_rate': 0.9774498021846973, 'reg_alpha': 0.00031600099851150594, 'reg_lambda': 0.7691104936357336}. Best is trial 715 with value: 0.9377859576434285.
Trial 2261 finished with value: -155698789811296.28 and parameters: {'max_depth': 8, 'min_child_weight': 3, 'gamma': 0.537581333794026, 'subsample': 0.11618435129020455, 'colsample_bytree': 0.47226575340238264, 'learning_rate': 0.8433197289293521, 'reg_alpha': 0.0006857187514284956, 'reg_lambda': 0.005866880836831364}. Best is trial 715 with value: 0.9377859576434285.
Trial 2269 finished with value: 0.2967908344707345 and parameters: {'max_depth': 4, 'min_child_weight': 4, 'gamma': 0.6541799254494717, 'subsample': 0.16527859263908407, 'colsample_bytree': 0.9348731734642117, 'learning_rate': 0.34640074806013665, 'reg_alpha': 0.06718273970520382, 'reg_lambda': 0.0004400371920680847}. Best is trial 715 with value: 0.9377859576434285.
Trial 2286 finished with value: -44.982951592776125 and parameters: {'max_depth': 4, 'min_child_weight': 3, 'gamma': 0.5328283970046039, 'subsample': 0.011484214405621418, 'colsample_bytree': 0.9908369751803991, 'learning_rate': 0.6749084399035807, 'reg_alpha': 2.3904078460810556, 'reg_lambda': 0.0035808511092878356}. Best is trial 715 with value: 0.9377859576434285.
Trial 2253 finished with value: 0.9061503180746538 and parameters: {'max_depth': 7, 'min_child_weight': 1, 'gamma': 0.39383059132510945, 'subsample': 0.8685427709055574, 'colsample_bytree': 0.5664494788264826, 'learning_rate': 0.44986463989314085, 'reg_alpha': 0.00013998259679514423, 'reg_lambda': 9.785691942914543}. Best is trial 715 with value: 0.9377859576434285.
Trial 2264 finished with value: 0.8643890409564692 and parameters: {'max_depth': 5, 'min_child_weight': 2, 'gamma': 0.7987058765258307, 'subsample': 0.6764931464646391, 'colsample_bytree': 0.693515733271074, 'learning_rate': 0.7725977589179291, 'reg_alpha': 0.2553395043805165, 'reg_lambda': 0.00027156389979841856}. Best is trial 715 with value: 0.9377859576434285.
Trial 2288 finished with value: 0.08867221220891985 and parameters: {'max_depth': 1, 'min_child_weight': 2, 'gamma': 0.6522780230073438, 'subsample': 0.8931544754590527, 'colsample_bytree': 0.21412010446638186, 'learning_rate': 0.3778014673845028, 'reg_alpha': 0.011898492894833483, 'reg_lambda': 4.7331501692773355}. Best is trial 715 with value: 0.9377859576434285.
Trial 2279 finished with value: -36275721.490552455 and parameters: {'max_depth': 3, 'min_child_weight': 3, 'gamma': 0.35632305132126074, 'subsample': 0.10681950478134561, 'colsample_bytree': 0.9030609175533555, 'learning_rate': 0.7636340022234949, 'reg_alpha': 0.4348761432183758, 'reg_lambda': 0.008109800937881287}. Best is trial 715 with value: 0.9377859576434285.
Trial 2278 finished with value: 0.4783762060350336 and parameters: {'max_depth': 4, 'min_child_weight': 3, 'gamma': 0.5390630230345315, 'subsample': 0.6995555810101454, 'colsample_bytree': 0.1219919503009006, 'learning_rate': 0.4566965569777264, 'reg_alpha': 0.8717716668295235, 'reg_lambda': 0.02366718026023028}. Best is trial 715 with value: 0.9377859576434285.
Trial 2275 finished with value: 0.8008194814157253 and parameters: {'max_depth': 4, 'min_child_weight': 4, 'gamma': 0.25495418632595723, 'subsample': 0.6652409859839824, 'colsample_bytree': 0.8869443531788688, 'learning_rate': 0.7590757908622887, 'reg_alpha': 0.036489380041559674, 'reg_lambda': 1.5664765326153989}. Best is trial 715 with value: 0.9377859576434285.
Trial 2294 finished with value: -0.3332249503540724 and parameters: {'max_depth': 1, 'min_child_weight': 4, 'gamma': 0.6369009455686481, 'subsample': 0.09117927630658618, 'colsample_bytree': 0.49640353327783304, 'learning_rate': 0.7442128178266987, 'reg_alpha': 0.00010418772292209588, 'reg_lambda': 0.9667470837885304}. Best is trial 715 with value: 0.9377859576434285.
Trial 2291 finished with value: 0.3883681123239781 and parameters: {'max_depth': 2, 'min_child_weight': 3, 'gamma': 0.8600911572946914, 'subsample': 0.390772151745018, 'colsample_bytree': 0.5018411251672413, 'learning_rate': 0.43883030261458356, 'reg_alpha': 0.0002034176849027261, 'reg_lambda': 0.9578289161841099}. Best is trial 715 with value: 0.9377859576434285.
Trial 2290 finished with value: 0.0325649774677529 and parameters: {'max_depth': 2, 'min_child_weight': 3, 'gamma': 0.645524538269751, 'subsample': 0.3877123174110405, 'colsample_bytree': 0.7347040974644904, 'learning_rate': 0.9813120275840845, 'reg_alpha': 0.050234348564442775, 'reg_lambda': 0.014338472727650814}. Best is trial 715 with value: 0.9377859576434285.
Trial 2295 finished with value: 0.08512914142585382 and parameters: {'max_depth': 1, 'min_child_weight': 2, 'gamma': 0.33641201890431804, 'subsample': 0.658302890709902, 'colsample_bytree': 0.8730236744311834, 'learning_rate': 0.17108972682336787, 'reg_alpha': 0.015281024659052084, 'reg_lambda': 7.980904167036441}. Best is trial 715 with value: 0.9377859576434285.
Trial 2273 finished with value: 0.3162845253423015 and parameters: {'max_depth': 5, 'min_child_weight': 5, 'gamma': 0.6484711985272137, 'subsample': 0.4457976321452475, 'colsample_bytree': 0.7122919408325146, 'learning_rate': 0.8543728538635074, 'reg_alpha': 0.3349402409908748, 'reg_lambda': 0.012307241743906034}. Best is trial 715 with value: 0.9377859576434285.
Trial 2280 finished with value: 0.7490214987212593 and parameters: {'max_depth': 5, 'min_child_weight': 1, 'gamma': 0.06969021196721059, 'subsample': 0.882997329353581, 'colsample_bytree': 0.18327845167222145, 'learning_rate': 0.5770341863699989, 'reg_alpha': 9.518754926319424, 'reg_lambda': 0.0008139956705437856}. Best is trial 715 with value: 0.9377859576434285.
Trial 2277 finished with value: 0.4812599760903957 and parameters: {'max_depth': 7, 'min_child_weight': 3, 'gamma': 0.5159734772354049, 'subsample': 0.842716466654308, 'colsample_bytree': 0.1118876852429126, 'learning_rate': 0.4044771951686046, 'reg_alpha': 2.1482138496097667, 'reg_lambda': 2.2710632782467184}. Best is trial 715 with value: 0.9377859576434285.
Trial 2285 finished with value: 0.5579096341296362 and parameters: {'max_depth': 3, 'min_child_weight': 4, 'gamma': 0.76107719731396, 'subsample': 0.7249397234781173, 'colsample_bytree': 0.7814211377596341, 'learning_rate': 0.03167386025615049, 'reg_alpha': 0.003954607882176734, 'reg_lambda': 0.05887972088677327}. Best is trial 715 with value: 0.9377859576434285.
Trial 2289 finished with value: -0.24730487174137233 and parameters: {'max_depth': 9, 'min_child_weight': 4, 'gamma': 0.7235947532952306, 'subsample': 0.07409101754172942, 'colsample_bytree': 0.12360319043178081, 'learning_rate': 0.25273366623725413, 'reg_alpha': 0.5102348271695281, 'reg_lambda': 0.006901074702171953}. Best is trial 715 with value: 0.9377859576434285.
Trial 2287 finished with value: 0.4746489611454856 and parameters: {'max_depth': 6, 'min_child_weight': 4, 'gamma': 0.4606390739960511, 'subsample': 0.8942917994287979, 'colsample_bytree': 0.13598136065802247, 'learning_rate': 0.928130606163765, 'reg_alpha': 0.8065039754978617, 'reg_lambda': 0.01756736944253814}. Best is trial 715 with value: 0.9377859576434285.
Trial 2251 finished with value: 0.9315155346173398 and parameters: {'max_depth': 9, 'min_child_weight': 1, 'gamma': 0.007749026471865483, 'subsample': 0.5248124212770743, 'colsample_bytree': 0.9870662964448365, 'learning_rate': 0.49288167967148155, 'reg_alpha': 0.010636246211344551, 'reg_lambda': 1.9713131452523793}. Best is trial 715 with value: 0.9377859576434285.
Trial 2303 finished with value: 0.16212695436201635 and parameters: {'max_depth': 2, 'min_child_weight': 3, 'gamma': 0.09651025507280453, 'subsample': 0.3702120475573253, 'colsample_bytree': 0.7891872653594783, 'learning_rate': 0.9530809645542252, 'reg_alpha': 0.06286437916200331, 'reg_lambda': 0.039997580388941044}. Best is trial 715 with value: 0.9377859576434285.
Trial 2266 finished with value: 0.8920504639414063 and parameters: {'max_depth': 8, 'min_child_weight': 4, 'gamma': 0.46679628620698543, 'subsample': 0.7444308134439178, 'colsample_bytree': 0.5768817856399164, 'learning_rate': 0.7348115685028055, 'reg_alpha': 0.07187339780188842, 'reg_lambda': 0.003566854516430964}. Best is trial 715 with value: 0.9377859576434285.
Trial 2297 finished with value: 0.03930682873213569 and parameters: {'max_depth': 5, 'min_child_weight': 2, 'gamma': 0.9072851956940879, 'subsample': 0.4297612990532713, 'colsample_bytree': 0.1069611508686964, 'learning_rate': 0.9507411070216079, 'reg_alpha': 0.0462958399679299, 'reg_lambda': 0.2586080546730831}. Best is trial 715 with value: 0.9377859576434285.
Trial 2310 finished with value: 0.09278463692389691 and parameters: {'max_depth': 1, 'min_child_weight': 1, 'gamma': 0.5367302458571618, 'subsample': 0.973538806590827, 'colsample_bytree': 0.9427144754977278, 'learning_rate': 0.15162695745972898, 'reg_alpha': 0.00044908132081751556, 'reg_lambda': 1.549735207949036}. Best is trial 715 with value: 0.9377859576434285.
Trial 2271 finished with value: 0.8829681915794385 and parameters: {'max_depth': 8, 'min_child_weight': 1, 'gamma': 0.11350003260190933, 'subsample': 0.6471819250366864, 'colsample_bytree': 0.5146244448449778, 'learning_rate': 0.8038225039797582, 'reg_alpha': 0.026875570185673915, 'reg_lambda': 0.6305521452712424}. Best is trial 715 with value: 0.9377859576434285.
Trial 2276 finished with value: 0.8825845023820929 and parameters: {'max_depth': 9, 'min_child_weight': 5, 'gamma': 0.7148259110533183, 'subsample': 0.8023327400997976, 'colsample_bytree': 0.43440766771099426, 'learning_rate': 0.42196428601570646, 'reg_alpha': 0.06658144934229548, 'reg_lambda': 0.020244953968341844}. Best is trial 715 with value: 0.9377859576434285.
Trial 2296 finished with value: -7.36445949248966e+18 and parameters: {'max_depth': 6, 'min_child_weight': 3, 'gamma': 0.9565706559950904, 'subsample': 0.10248083378521167, 'colsample_bytree': 0.7297069160560993, 'learning_rate': 0.8800238589716874, 'reg_alpha': 0.0051994051828455606, 'reg_lambda': 0.09357184384908063}. Best is trial 715 with value: 0.9377859576434285.
Trial 2283 finished with value: 0.9176302200442172 and parameters: {'max_depth': 9, 'min_child_weight': 3, 'gamma': 0.8703404229687949, 'subsample': 0.9011206929095351, 'colsample_bytree': 0.9916286046874783, 'learning_rate': 0.3138160529523675, 'reg_alpha': 2.2228959710349576, 'reg_lambda': 0.00021656921869662386}. Best is trial 715 with value: 0.9377859576434285.
Trial 2284 finished with value: 0.8904903004761079 and parameters: {'max_depth': 6, 'min_child_weight': 3, 'gamma': 0.28206668952049463, 'subsample': 0.9202942825500614, 'colsample_bytree': 0.6747417341608576, 'learning_rate': 0.7504534336991568, 'reg_alpha': 0.10450766215440171, 'reg_lambda': 0.7864035108865827}. Best is trial 715 with value: 0.9377859576434285.
Trial 2301 finished with value: 0.07816663240943429 and parameters: {'max_depth': 8, 'min_child_weight': 1, 'gamma': 0.0751278911379254, 'subsample': 0.8955372983078828, 'colsample_bytree': 0.001679911880880014, 'learning_rate': 0.5940241514966716, 'reg_alpha': 0.003417527778224016, 'reg_lambda': 0.6769364400791208}. Best is trial 715 with value: 0.9377859576434285.
Trial 2293 finished with value: -915708151799429.2 and parameters: {'max_depth': 6, 'min_child_weight': 2, 'gamma': 0.7917513130176378, 'subsample': 0.10769897339625634, 'colsample_bytree': 0.5974911140666838, 'learning_rate': 0.7046545570709767, 'reg_alpha': 0.007065568856801695, 'reg_lambda': 0.0006498964130258437}. Best is trial 715 with value: 0.9377859576434285.
Trial 2306 finished with value: 0.011167338729089926 and parameters: {'max_depth': 4, 'min_child_weight': 3, 'gamma': 0.7879809307988717, 'subsample': 0.23633005270299745, 'colsample_bytree': 0.2839260257372047, 'learning_rate': 0.5370317161774761, 'reg_alpha': 0.00428140775783496, 'reg_lambda': 0.018140491268723764}. Best is trial 715 with value: 0.9377859576434285.
Trial 2305 finished with value: -12.661417300536984 and parameters: {'max_depth': 10, 'min_child_weight': 5, 'gamma': 0.6573298090045163, 'subsample': 0.11896652366612803, 'colsample_bytree': 0.23430340222018764, 'learning_rate': 0.7026706150387494, 'reg_alpha': 0.26557659780265436, 'reg_lambda': 0.1404787232517974}. Best is trial 715 with value: 0.9377859576434285.
Trial 2268 finished with value: 0.8866232034201058 and parameters: {'max_depth': 8, 'min_child_weight': 3, 'gamma': 0.592834684858624, 'subsample': 0.961508501230968, 'colsample_bytree': 0.8928061752347063, 'learning_rate': 0.7990284009052717, 'reg_alpha': 0.002006656845579846, 'reg_lambda': 0.007614597874659274}. Best is trial 715 with value: 0.9377859576434285.
Trial 2292 finished with value: 0.8410927067591552 and parameters: {'max_depth': 8, 'min_child_weight': 3, 'gamma': 0.05200838440002242, 'subsample': 0.7896493224752984, 'colsample_bytree': 0.3700727986970328, 'learning_rate': 0.2959942785493409, 'reg_alpha': 5.727476475212518, 'reg_lambda': 0.8593365510062607}. Best is trial 715 with value: 0.9377859576434285.
Trial 2299 finished with value: 0.8975326109177317 and parameters: {'max_depth': 10, 'min_child_weight': 2, 'gamma': 0.06309660967080255, 'subsample': 0.8508297218299447, 'colsample_bytree': 0.682108748536094, 'learning_rate': 0.37263731253653176, 'reg_alpha': 9.287076964925353, 'reg_lambda': 0.0001373183168250836}. Best is trial 715 with value: 0.9377859576434285.
Trial 2298 finished with value: 0.7722958473904399 and parameters: {'max_depth': 6, 'min_child_weight': 3, 'gamma': 0.26643610635759263, 'subsample': 0.5686227572979327, 'colsample_bytree': 0.43990564295946855, 'learning_rate': 0.08772658292376001, 'reg_alpha': 8.87937354525782, 'reg_lambda': 0.0007129983014602839}. Best is trial 715 with value: 0.9377859576434285.
Trial 2307 finished with value: 0.7719084446768535 and parameters: {'max_depth': 6, 'min_child_weight': 2, 'gamma': 0.7784588300798074, 'subsample': 0.5140542309639401, 'colsample_bytree': 0.24754110627851478, 'learning_rate': 0.6088410561198737, 'reg_alpha': 0.0013690819119395686, 'reg_lambda': 1.7223083378338528}. Best is trial 715 with value: 0.9377859576434285.
