Trial 1474 finished with value: 0.48993813172395173 and parameters: {'max_depth': 9, 'min_child_weight': 4, 'gamma': 0.40048712717356827, 'subsample': 0.9515636104185333, 'colsample_bytree': 0.09543983750409069, 'learning_rate': 0.25576131696044, 'reg_alpha': 0.23624636053313985, 'reg_lambda': 2.6655741508792516}. Best is trial 715 with value: 0.9377859576434285.
Trial 1496 finished with value: 0.05534404281708757 and parameters: {'max_depth': 1, 'min_child_weight': 5, 'gamma': 0.5139388711571541, 'subsample': 0.35499953986255994, 'colsample_bytree': 0.742282167216622, 'learning_rate': 0.5058526686138749, 'reg_alpha': 0.0010606136596070426, 'reg_lambda': 0.00034538714690293383}. Best is trial 715 with value: 0.9377859576434285.
Trial 1475 finished with value: -0.2811790494294486 and parameters: {'max_depth': 9, 'min_child_weight': 1, 'gamma': 0.01925662650459181, 'subsample': 0.3162650847302455, 'colsample_bytree': 0.10904778381347824, 'learning_rate': 0.7660624697354134, 'reg_alpha': 0.0003909281895732697, 'reg_lambda': 0.010243356030127175}. Best is trial 715 with value: 0.9377859576434285.
Trial 1458 finished with value: -87.34858072834375 and parameters: {'max_depth': 9, 'min_child_weight': 1, 'gamma': 0.541193877173624, 'subsample': 0.3954015589457833, 'colsample_bytree': 0.3421189311718086, 'learning_rate': 0.8287093199142741, 'reg_alpha': 0.00021875288707245264, 'reg_lambda': 0.008317462606363435}. Best is trial 715 with value: 0.9377859576434285.
Trial 1479 finished with value: 0.6942760508460705 and parameters: {'max_depth': 6, 'min_child_weight': 4, 'gamma': 0.7140943810835656, 'subsample': 0.7942738941371594, 'colsample_bytree': 0.16831345969016243, 'learning_rate': 0.8209203132891412, 'reg_alpha': 0.0001909780612533301, 'reg_lambda': 0.2536080686674677}. Best is trial 715 with value: 0.9377859576434285.
Trial 1478 finished with value: -23.284617864862632 and parameters: {'max_depth': 6, 'min_child_weight': 1, 'gamma': 0.911322683928268, 'subsample': 0.36278220193419575, 'colsample_bytree': 0.1540503348083211, 'learning_rate': 0.934287860330131, 'reg_alpha': 0.002636417873302415, 'reg_lambda': 0.0033620074228441826}. Best is trial 715 with value: 0.9377859576434285.
Trial 1499 finished with value: 0.03343724360673907 and parameters: {'max_depth': 1, 'min_child_weight': 1, 'gamma': 0.5849501029047909, 'subsample': 0.5693740273994634, 'colsample_bytree': 0.25110414481490595, 'learning_rate': 0.8685188133816488, 'reg_alpha': 0.00011359465428999322, 'reg_lambda': 0.00020858929904336973}. Best is trial 715 with value: 0.9377859576434285.
Trial 1501 finished with value: 0.09979355457645805 and parameters: {'max_depth': 1, 'min_child_weight': 4, 'gamma': 0.8307807640363295, 'subsample': 0.8789957428193754, 'colsample_bytree': 0.3532041938466638, 'learning_rate': 0.6507646994950743, 'reg_alpha': 0.018632717098941987, 'reg_lambda': 0.9127926581434418}. Best is trial 715 with value: 0.9377859576434285.
Trial 1473 finished with value: 0.8696219306126189 and parameters: {'max_depth': 7, 'min_child_weight': 1, 'gamma': 0.13631770195835158, 'subsample': 0.5408953839762909, 'colsample_bytree': 0.33496361252355145, 'learning_rate': 0.8290980508656197, 'reg_alpha': 0.00011014196518975973, 'reg_lambda': 3.887368971127669}. Best is trial 715 with value: 0.9377859576434285.
Trial 1472 finished with value: 0.9117446598416118 and parameters: {'max_depth': 6, 'min_child_weight': 1, 'gamma': 0.14834731896989717, 'subsample': 0.9052486005455196, 'colsample_bytree': 0.8904694781915637, 'learning_rate': 0.16439234590291163, 'reg_alpha': 0.05956038009500566, 'reg_lambda': 0.00020424580174493244}. Best is trial 715 with value: 0.9377859576434285.
Trial 1500 finished with value: 0.1617794508677713 and parameters: {'max_depth': 2, 'min_child_weight': 5, 'gamma': 0.7209016801598415, 'subsample': 0.28163971596466353, 'colsample_bytree': 0.2606790541315128, 'learning_rate': 0.5939467950827673, 'reg_alpha': 0.0005458253545398348, 'reg_lambda': 0.08928858400306852}. Best is trial 715 with value: 0.9377859576434285.
Trial 1489 finished with value: 0.42298840131569343 and parameters: {'max_depth': 5, 'min_child_weight': 2, 'gamma': 0.6373714365952345, 'subsample': 0.0970188845397919, 'colsample_bytree': 0.14864499294510447, 'learning_rate': 0.14227583368719743, 'reg_alpha': 0.05365664515272842, 'reg_lambda': 1.4481057607226377}. Best is trial 715 with value: 0.9377859576434285.
Trial 1491 finished with value: -111816888.01825397 and parameters: {'max_depth': 10, 'min_child_weight': 5, 'gamma': 0.40998222918384475, 'subsample': 0.11516558190273074, 'colsample_bytree': 0.9748788348600732, 'learning_rate': 0.8698980142599105, 'reg_alpha': 0.000613758847560201, 'reg_lambda': 0.02835068629962672}. Best is trial 715 with value: 0.9377859576434285.
Trial 1469 finished with value: 0.8919473587782363 and parameters: {'max_depth': 7, 'min_child_weight': 3, 'gamma': 0.8229460144994866, 'subsample': 0.6642415777501594, 'colsample_bytree': 0.8711370517412276, 'learning_rate': 0.4407696750105875, 'reg_alpha': 0.001417328496030618, 'reg_lambda': 3.0830731513451854}. Best is trial 715 with value: 0.9377859576434285.
Trial 1485 finished with value: -1.4242616896972224e+18 and parameters: {'max_depth': 10, 'min_child_weight': 2, 'gamma': 0.8106745360988974, 'subsample': 0.07197732880365182, 'colsample_bytree': 0.6862943782669441, 'learning_rate': 0.6734273035013632, 'reg_alpha': 1.9223961467063935, 'reg_lambda': 0.00163469333244274}. Best is trial 715 with value: 0.9377859576434285.
Trial 1480 finished with value: 0.859494622906274 and parameters: {'max_depth': 6, 'min_child_weight': 3, 'gamma': 0.2762142424274713, 'subsample': 0.7264944791282886, 'colsample_bytree': 0.4747130736694445, 'learning_rate': 0.2564663982507307, 'reg_alpha': 0.00014221041164060535, 'reg_lambda': 0.001977800627080118}. Best is trial 715 with value: 0.9377859576434285.
Trial 1486 finished with value: 0.8356211245423466 and parameters: {'max_depth': 5, 'min_child_weight': 4, 'gamma': 0.8511062941348192, 'subsample': 0.708095513013073, 'colsample_bytree': 0.678580547742925, 'learning_rate': 0.31801306321145006, 'reg_alpha': 0.19017812844549747, 'reg_lambda': 2.5179125374766835}. Best is trial 715 with value: 0.9377859576434285.
Trial 1495 finished with value: 0.8443674070609517 and parameters: {'max_depth': 4, 'min_child_weight': 3, 'gamma': 0.13274885709761663, 'subsample': 0.8366572607598155, 'colsample_bytree': 0.7510469531846659, 'learning_rate': 0.4488536901206216, 'reg_alpha': 0.0008608582463131951, 'reg_lambda': 0.0012780401033163505}. Best is trial 715 with value: 0.9377859576434285.
Trial 1502 finished with value: 0.651707018236497 and parameters: {'max_depth': 3, 'min_child_weight': 2, 'gamma': 0.9568682749194236, 'subsample': 0.8190698028510092, 'colsample_bytree': 0.6056367667995146, 'learning_rate': 0.1661345592366773, 'reg_alpha': 0.00013361984769386326, 'reg_lambda': 0.0008304470737407213}. Best is trial 715 with value: 0.9377859576434285.
Trial 1510 finished with value: -0.5103920259436111 and parameters: {'max_depth': 2, 'min_child_weight': 2, 'gamma': 0.09662849728668055, 'subsample': 0.1484621045142247, 'colsample_bytree': 0.134572643391476, 'learning_rate': 0.5381628897792348, 'reg_alpha': 0.11987149184963375, 'reg_lambda': 0.015507039718391293}. Best is trial 715 with value: 0.9377859576434285.
Trial 1498 finished with value: -19090.629761834374 and parameters: {'max_depth': 4, 'min_child_weight': 4, 'gamma': 0.7073818652708047, 'subsample': 0.21995235052168993, 'colsample_bytree': 0.4861303049793717, 'learning_rate': 0.9778010116162263, 'reg_alpha': 1.0066371009632584, 'reg_lambda': 0.00012613169253626334}. Best is trial 715 with value: 0.9377859576434285.
Trial 1494 finished with value: 0.7946662174956061 and parameters: {'max_depth': 5, 'min_child_weight': 5, 'gamma': 0.6886260820085363, 'subsample': 0.36581752267848267, 'colsample_bytree': 0.9758908744227043, 'learning_rate': 0.48058932322383374, 'reg_alpha': 0.004869101557842174, 'reg_lambda': 4.035179044283919}. Best is trial 715 with value: 0.9377859576434285.
Trial 1508 finished with value: 0.4940998966238354 and parameters: {'max_depth': 3, 'min_child_weight': 3, 'gamma': 0.3947100343544976, 'subsample': 0.11862633320683935, 'colsample_bytree': 0.9908851884935801, 'learning_rate': 0.16386376031536065, 'reg_alpha': 0.005133840522090023, 'reg_lambda': 3.521411256686904}. Best is trial 715 with value: 0.9377859576434285.
Trial 1504 finished with value: 0.08883393510416762 and parameters: {'max_depth': 6, 'min_child_weight': 2, 'gamma': 0.7449076152337991, 'subsample': 0.9788618548141773, 'colsample_bytree': 0.01532784314264013, 'learning_rate': 0.7092411311007941, 'reg_alpha': 0.24818771223960695, 'reg_lambda': 3.3527404587106866}. Best is trial 715 with value: 0.9377859576434285.
Trial 1511 finished with value: 0.18137047628434194 and parameters: {'max_depth': 3, 'min_child_weight': 2, 'gamma': 0.31631502001003287, 'subsample': 0.24483776349605224, 'colsample_bytree': 0.5912415248989318, 'learning_rate': 0.48205137423030475, 'reg_alpha': 0.00031010911817741516, 'reg_lambda': 0.0005813769653349083}. Best is trial 715 with value: 0.9377859576434285.
Trial 1517 finished with value: -3.1492219003271402 and parameters: {'max_depth': 7, 'min_child_weight': 5, 'gamma': 0.2755698568422388, 'subsample': 0.04345623303305701, 'colsample_bytree': 0.663094206961791, 'learning_rate': 0.5559544873601757, 'reg_alpha': 0.0538715733833821, 'reg_lambda': 0.197296471084248}. Best is trial 715 with value: 0.9377859576434285.
Trial 1507 finished with value: 0.07427184990677668 and parameters: {'max_depth': 9, 'min_child_weight': 5, 'gamma': 0.48370441557133637, 'subsample': 0.712635379851062, 'colsample_bytree': 0.030781529912030647, 'learning_rate': 0.430058265903269, 'reg_alpha': 0.00835577515113745, 'reg_lambda': 0.10345960677248998}. Best is trial 715 with value: 0.9377859576434285.
Trial 1514 finished with value: -0.2124600514403701 and parameters: {'max_depth': 7, 'min_child_weight': 5, 'gamma': 0.9605410010268197, 'subsample': 0.07399933737839193, 'colsample_bytree': 0.09137829265771447, 'learning_rate': 0.27703345616782216, 'reg_alpha': 0.0004571019589959455, 'reg_lambda': 0.7591167273198304}. Best is trial 715 with value: 0.9377859576434285.
Trial 1513 finished with value: 0.6028473068973286 and parameters: {'max_depth': 3, 'min_child_weight': 2, 'gamma': 0.2176735572268601, 'subsample': 0.3678140383628947, 'colsample_bytree': 0.8274641277943656, 'learning_rate': 0.23597240169409484, 'reg_alpha': 0.00032464034010143455, 'reg_lambda': 0.012611727059670792}. Best is trial 715 with value: 0.9377859576434285.
Trial 1515 finished with value: 0.060026938182709 and parameters: {'max_depth': 4, 'min_child_weight': 2, 'gamma': 0.7175273106653662, 'subsample': 0.3049462965666686, 'colsample_bytree': 0.061603138820154, 'learning_rate': 0.3930295781856774, 'reg_alpha': 0.005938254022890381, 'reg_lambda': 0.4953402280124259}. Best is trial 715 with value: 0.9377859576434285.
Trial 1506 finished with value: 0.3904961129616946 and parameters: {'max_depth': 5, 'min_child_weight': 5, 'gamma': 0.8339870621589193, 'subsample': 0.3280997006682168, 'colsample_bytree': 0.25803211888894484, 'learning_rate': 0.009225664618050522, 'reg_alpha': 0.0002681561598380903, 'reg_lambda': 0.0819038328882177}. Best is trial 715 with value: 0.9377859576434285.
Trial 1490 finished with value: 0.8144765394314694 and parameters: {'max_depth': 8, 'min_child_weight': 5, 'gamma': 0.433795142368272, 'subsample': 0.8952810216770197, 'colsample_bytree': 0.30960148180729063, 'learning_rate': 0.8740864220101474, 'reg_alpha': 0.00013881361283440513, 'reg_lambda': 0.02712966668003}. Best is trial 715 with value: 0.9377859576434285.
Trial 1519 finished with value: -4.10226419601475 and parameters: {'max_depth': 3, 'min_child_weight': 4, 'gamma': 0.2225930247494644, 'subsample': 0.2504359372840034, 'colsample_bytree': 0.29771508009790293, 'learning_rate': 0.9032152489253308, 'reg_alpha': 0.38464561731058894, 'reg_lambda': 0.001721492786443147}. Best is trial 715 with value: 0.9377859576434285.
Trial 1509 finished with value: 0.6283421628746096 and parameters: {'max_depth': 5, 'min_child_weight': 5, 'gamma': 0.2868452613408661, 'subsample': 0.44965334133756485, 'colsample_bytree': 0.33675164338500274, 'learning_rate': 0.6209286668159798, 'reg_alpha': 0.03686387253686019, 'reg_lambda': 0.0011476307364170165}. Best is trial 715 with value: 0.9377859576434285.
Trial 1503 finished with value: 0.7591249366285697 and parameters: {'max_depth': 7, 'min_child_weight': 5, 'gamma': 0.5789016449233004, 'subsample': 0.742284419764359, 'colsample_bytree': 0.18467965473810155, 'learning_rate': 0.43815814157341104, 'reg_alpha': 1.379470272081143, 'reg_lambda': 0.43966779515366405}. Best is trial 715 with value: 0.9377859576434285.
Trial 1523 finished with value: 0.12668474448751305 and parameters: {'max_depth': 10, 'min_child_weight': 2, 'gamma': 0.5831561545832029, 'subsample': 0.04599418370371977, 'colsample_bytree': 0.11793090160313324, 'learning_rate': 0.24256418636394528, 'reg_alpha': 0.7051536082983486, 'reg_lambda': 5.269776942479131}. Best is trial 715 with value: 0.9377859576434285.
Trial 1530 finished with value: 0.06407120417780868 and parameters: {'max_depth': 1, 'min_child_weight': 5, 'gamma': 0.8460617772731119, 'subsample': 0.6009329570475298, 'colsample_bytree': 0.8074861548513831, 'learning_rate': 0.7141646893007443, 'reg_alpha': 0.017057012988524675, 'reg_lambda': 0.06793736640848314}. Best is trial 715 with value: 0.9377859576434285.
Trial 1531 finished with value: 0.05909850562230814 and parameters: {'max_depth': 1, 'min_child_weight': 2, 'gamma': 0.8932062510703579, 'subsample': 0.4830388115184241, 'colsample_bytree': 0.5703855053221423, 'learning_rate': 0.5124365501211859, 'reg_alpha': 0.0895891600575639, 'reg_lambda': 0.003081332883182395}. Best is trial 715 with value: 0.9377859576434285.
Trial 1516 finished with value: -1000177.2043554861 and parameters: {'max_depth': 6, 'min_child_weight': 4, 'gamma': 0.5319404974428693, 'subsample': 0.09269780869086242, 'colsample_bytree': 0.6183056905432791, 'learning_rate': 0.8002604354467314, 'reg_alpha': 0.01963844659715748, 'reg_lambda': 0.3671629732696986}. Best is trial 715 with value: 0.9377859576434285.
Trial 1527 finished with value: -458.14581335042067 and parameters: {'max_depth': 4, 'min_child_weight': 1, 'gamma': 0.1895462463552673, 'subsample': 0.017452218500777272, 'colsample_bytree': 0.7311964312580141, 'learning_rate': 0.7183452725549212, 'reg_alpha': 0.1658556676193521, 'reg_lambda': 2.0979349080638743}. Best is trial 715 with value: 0.9377859576434285.
Trial 1497 finished with value: 0.887213895007125 and parameters: {'max_depth': 8, 'min_child_weight': 3, 'gamma': 0.5099392295041923, 'subsample': 0.8621131648059334, 'colsample_bytree': 0.4113130809431037, 'learning_rate': 0.4715010737406653, 'reg_alpha': 0.21452303557042401, 'reg_lambda': 2.8892911745394176}. Best is trial 715 with value: 0.9377859576434285.
Trial 1539 finished with value: 0.05380972002539712 and parameters: {'max_depth': 1, 'min_child_weight': 3, 'gamma': 0.5260688877613012, 'subsample': 0.4081928562619972, 'colsample_bytree': 0.46299152254311504, 'learning_rate': 0.6188821269756645, 'reg_alpha': 0.001269846331311632, 'reg_lambda': 0.023869478412073767}. Best is trial 715 with value: 0.9377859576434285.
Trial 1518 finished with value: 0.6627807166287005 and parameters: {'max_depth': 5, 'min_child_weight': 4, 'gamma': 0.0575866514800939, 'subsample': 0.3383099029043385, 'colsample_bytree': 0.7170039425170227, 'learning_rate': 0.5340869621898623, 'reg_alpha': 0.002286090291112844, 'reg_lambda': 0.0033466966198174805}. Best is trial 715 with value: 0.9377859576434285.
Trial 1526 finished with value: -0.042308663025083605 and parameters: {'max_depth': 8, 'min_child_weight': 4, 'gamma': 0.8281904907244008, 'subsample': 0.2090994033560868, 'colsample_bytree': 0.30064354417134276, 'learning_rate': 0.003192542812504584, 'reg_alpha': 7.728119210626156, 'reg_lambda': 0.00315413129203611}. Best is trial 715 with value: 0.9377859576434285.
Trial 1535 finished with value: 0.1539557394104559 and parameters: {'max_depth': 3, 'min_child_weight': 3, 'gamma': 0.9602893387575573, 'subsample': 0.3946827396304292, 'colsample_bytree': 0.2924583207096041, 'learning_rate': 0.8148552379029557, 'reg_alpha': 1.7371824496932824, 'reg_lambda': 0.05529779423404697}. Best is trial 715 with value: 0.9377859576434285.
Trial 1524 finished with value: 0.7876274420473003 and parameters: {'max_depth': 5, 'min_child_weight': 4, 'gamma': 0.5795446481409237, 'subsample': 0.9303355211566109, 'colsample_bytree': 0.3102019053117091, 'learning_rate': 0.6371651060600828, 'reg_alpha': 1.0651796724144718, 'reg_lambda': 2.172584038798146}. Best is trial 715 with value: 0.9377859576434285.
Trial 1534 finished with value: 0.03908793391636432 and parameters: {'max_depth': 5, 'min_child_weight': 4, 'gamma': 0.07956103623736688, 'subsample': 0.08202934415782137, 'colsample_bytree': 0.3065131162080277, 'learning_rate': 0.3731712962838586, 'reg_alpha': 7.0907322929109435, 'reg_lambda': 3.1359805719674223}. Best is trial 715 with value: 0.9377859576434285.
Trial 1544 finished with value: 0.08029942053459674 and parameters: {'max_depth': 1, 'min_child_weight': 3, 'gamma': 0.8517560669456634, 'subsample': 0.6389661826960469, 'colsample_bytree': 0.298006631449076, 'learning_rate': 0.24154152599308099, 'reg_alpha': 0.08845921712482462, 'reg_lambda': 0.12302102653298902}. Best is trial 715 with value: 0.9377859576434285.
Trial 1525 finished with value: 0.06696477574562908 and parameters: {'max_depth': 7, 'min_child_weight': 2, 'gamma': 0.6392156862618078, 'subsample': 0.3521285191322032, 'colsample_bytree': 0.09924392955798222, 'learning_rate': 0.7876524863089391, 'reg_alpha': 0.034489686108493296, 'reg_lambda': 0.222693830583844}. Best is trial 715 with value: 0.9377859576434285.
Trial 1538 finished with value: -2.4405367882370004 and parameters: {'max_depth': 3, 'min_child_weight': 4, 'gamma': 0.5576461949567599, 'subsample': 0.19415434602347237, 'colsample_bytree': 0.8112310360098963, 'learning_rate': 0.6557280395252106, 'reg_alpha': 0.00010553099700470665, 'reg_lambda': 0.11318007754374593}. Best is trial 715 with value: 0.9377859576434285.
Trial 1505 finished with value: 0.8798847602560781 and parameters: {'max_depth': 8, 'min_child_weight': 5, 'gamma': 0.2829506203748138, 'subsample': 0.5727491251727664, 'colsample_bytree': 0.9658390991511308, 'learning_rate': 0.6883077495223223, 'reg_alpha': 0.03174066110035199, 'reg_lambda': 0.746531285311284}. Best is trial 715 with value: 0.9377859576434285.
Trial 1521 finished with value: 0.8880093224092671 and parameters: {'max_depth': 6, 'min_child_weight': 5, 'gamma': 0.715772338891727, 'subsample': 0.6955809276414419, 'colsample_bytree': 0.8977346894210663, 'learning_rate': 0.5061231466155144, 'reg_alpha': 0.00021803441995195817, 'reg_lambda': 4.189386214306499}. Best is trial 715 with value: 0.9377859576434285.
Trial 1548 finished with value: 0.08861360549264234 and parameters: {'max_depth': 1, 'min_child_weight': 3, 'gamma': 0.20037454919376219, 'subsample': 0.753891712469078, 'colsample_bytree': 0.34151458282466685, 'learning_rate': 0.6175236016108588, 'reg_alpha': 0.0012877434774095419, 'reg_lambda': 0.1995989550376837}. Best is trial 715 with value: 0.9377859576434285.
Trial 1537 finished with value: 0.840744463013286 and parameters: {'max_depth': 4, 'min_child_weight': 2, 'gamma': 0.4121603524979467, 'subsample': 0.870324100177377, 'colsample_bytree': 0.5962607750716755, 'learning_rate': 0.845548182255915, 'reg_alpha': 0.09753695464761772, 'reg_lambda': 8.045436704864018}. Best is trial 715 with value: 0.9377859576434285.
Trial 1522 finished with value: 0.8671048139856457 and parameters: {'max_depth': 7, 'min_child_weight': 5, 'gamma': 0.411124173791272, 'subsample': 0.9118273093056125, 'colsample_bytree': 0.40867877942147424, 'learning_rate': 0.9540133468044039, 'reg_alpha': 0.057418874549459355, 'reg_lambda': 0.07323943266417161}. Best is trial 715 with value: 0.9377859576434285.
Trial 1520 finished with value: 0.822921555845606 and parameters: {'max_depth': 8, 'min_child_weight': 4, 'gamma': 0.8772355179996187, 'subsample': 0.5976856987131082, 'colsample_bytree': 0.29293479427488267, 'learning_rate': 0.40300686190916024, 'reg_alpha': 0.0011903918552443624, 'reg_lambda': 0.005415609719661003}. Best is trial 715 with value: 0.9377859576434285.
Trial 1551 finished with value: 0.09300020807349084 and parameters: {'max_depth': 1, 'min_child_weight': 1, 'gamma': 0.0860130660527072, 'subsample': 0.8746022816634017, 'colsample_bytree': 0.9437448872302134, 'learning_rate': 0.03421954760322965, 'reg_alpha': 0.9713008113286252, 'reg_lambda': 0.8987877258000795}. Best is trial 715 with value: 0.9377859576434285.
Trial 1492 finished with value: 0.9059260617300204 and parameters: {'max_depth': 10, 'min_child_weight': 2, 'gamma': 0.25862834154832315, 'subsample': 0.8506693348285743, 'colsample_bytree': 0.7588103082837726, 'learning_rate': 0.6469802075847159, 'reg_alpha': 0.0006755024165920932, 'reg_lambda': 0.34288303216176336}. Best is trial 715 with value: 0.9377859576434285.
Trial 1533 finished with value: 0.7550863301517963 and parameters: {'max_depth': 5, 'min_child_weight': 4, 'gamma': 0.7525906860492642, 'subsample': 0.5616055293393442, 'colsample_bytree': 0.38755748181388183, 'learning_rate': 0.1720989194747068, 'reg_alpha': 0.0002197682899174382, 'reg_lambda': 0.39772840558574685}. Best is trial 715 with value: 0.9377859576434285.
