Trial 2140 finished with value: 0.034286719506827656 and parameters: {'max_depth': 4, 'min_child_weight': 2, 'gamma': 0.10453390564910914, 'subsample': 0.6591199372290221, 'colsample_bytree': 0.047003454489279894, 'learning_rate': 0.9059954587074217, 'reg_alpha': 9.827432798925857, 'reg_lambda': 0.02055543120770289}. Best is trial 715 with value: 0.9377859576434285.
Trial 2132 finished with value: -637419.8354821366 and parameters: {'max_depth': 10, 'min_child_weight': 4, 'gamma': 0.44402244033206384, 'subsample': 0.1471985275904213, 'colsample_bytree': 0.15280419926652988, 'learning_rate': 0.9903176688430865, 'reg_alpha': 0.7993552269270402, 'reg_lambda': 0.0005772250657527596}. Best is trial 715 with value: 0.9377859576434285.
Trial 2147 finished with value: 0.056773118923541685 and parameters: {'max_depth': 3, 'min_child_weight': 4, 'gamma': 0.49804967135445655, 'subsample': 0.3957423391178235, 'colsample_bytree': 0.08157321663740724, 'learning_rate': 0.4092536360448841, 'reg_alpha': 0.0513623762487444, 'reg_lambda': 0.052913197431917254}. Best is trial 715 with value: 0.9377859576434285.
Trial 2106 finished with value: 0.9111326392603246 and parameters: {'max_depth': 9, 'min_child_weight': 5, 'gamma': 0.2496971823704538, 'subsample': 0.8073544042529822, 'colsample_bytree': 0.9911311801337549, 'learning_rate': 0.21194597189908448, 'reg_alpha': 0.0002502194356007644, 'reg_lambda': 0.08853654058787239}. Best is trial 715 with value: 0.9377859576434285.
Trial 2123 finished with value: 0.8189571848281777 and parameters: {'max_depth': 9, 'min_child_weight': 5, 'gamma': 0.6610065785876118, 'subsample': 0.7783902462618993, 'colsample_bytree': 0.28164621897581044, 'learning_rate': 0.87727079899299, 'reg_alpha': 3.08978568127356, 'reg_lambda': 0.0007070393396621541}. Best is trial 715 with value: 0.9377859576434285.
Trial 2131 finished with value: 0.6283612231229688 and parameters: {'max_depth': 7, 'min_child_weight': 5, 'gamma': 0.9900162637224322, 'subsample': 0.34705651661372894, 'colsample_bytree': 0.43140908767976593, 'learning_rate': 0.6863215941187891, 'reg_alpha': 0.1483149282383176, 'reg_lambda': 1.9741133114573044}. Best is trial 715 with value: 0.9377859576434285.
Trial 2146 finished with value: 0.07540049951043024 and parameters: {'max_depth': 5, 'min_child_weight': 1, 'gamma': 0.9469413420356146, 'subsample': 0.7772356400913218, 'colsample_bytree': 0.08196128139254111, 'learning_rate': 0.35854024277830554, 'reg_alpha': 0.9105006695066001, 'reg_lambda': 0.16440841727470526}. Best is trial 715 with value: 0.9377859576434285.
Trial 2151 finished with value: 0.3199975440803396 and parameters: {'max_depth': 2, 'min_child_weight': 1, 'gamma': 0.7642554104928103, 'subsample': 0.3319270015859207, 'colsample_bytree': 0.5937800360309609, 'learning_rate': 0.6639211491517942, 'reg_alpha': 3.3596652146498904, 'reg_lambda': 0.0028134711712239626}. Best is trial 715 with value: 0.9377859576434285.
Trial 2138 finished with value: -16.422039964931194 and parameters: {'max_depth': 10, 'min_child_weight': 5, 'gamma': 0.46762720784516343, 'subsample': 0.19437772495724115, 'colsample_bytree': 0.29173752526283103, 'learning_rate': 0.8179309052576852, 'reg_alpha': 0.007784309761231552, 'reg_lambda': 0.016413656054632547}. Best is trial 715 with value: 0.9377859576434285.
Trial 2124 finished with value: 0.7634064585653099 and parameters: {'max_depth': 10, 'min_child_weight': 5, 'gamma': 0.00035926261625962574, 'subsample': 0.5431775654306664, 'colsample_bytree': 0.3623664331997849, 'learning_rate': 0.4770103827318881, 'reg_alpha': 0.0488517789546758, 'reg_lambda': 0.01654308403120846}. Best is trial 715 with value: 0.9377859576434285.
Trial 2133 finished with value: 0.8948683758247287 and parameters: {'max_depth': 6, 'min_child_weight': 2, 'gamma': 0.656408303170302, 'subsample': 0.9347881319867654, 'colsample_bytree': 0.40979087191848185, 'learning_rate': 0.6712297574178828, 'reg_alpha': 0.1735292123566295, 'reg_lambda': 0.0037905654913468812}. Best is trial 715 with value: 0.9377859576434285.
Trial 2136 finished with value: 0.8921525289889075 and parameters: {'max_depth': 8, 'min_child_weight': 1, 'gamma': 0.16272425082230335, 'subsample': 0.8391731894708828, 'colsample_bytree': 0.7600873589689491, 'learning_rate': 0.400573834176152, 'reg_alpha': 5.1379436301073005, 'reg_lambda': 0.4413480912639278}. Best is trial 715 with value: 0.9377859576434285.
Trial 2150 finished with value: 0.5266679678638994 and parameters: {'max_depth': 3, 'min_child_weight': 2, 'gamma': 0.41903092159042543, 'subsample': 0.333080145294804, 'colsample_bytree': 0.5861807209168279, 'learning_rate': 0.30442903969322266, 'reg_alpha': 0.044422471345665196, 'reg_lambda': 0.05993794240473127}. Best is trial 715 with value: 0.9377859576434285.
Trial 2120 finished with value: 0.908513126256553 and parameters: {'max_depth': 8, 'min_child_weight': 3, 'gamma': 0.5093970089295755, 'subsample': 0.588901628132169, 'colsample_bytree': 0.5547215601516268, 'learning_rate': 0.4546768915167416, 'reg_alpha': 0.024583230860941357, 'reg_lambda': 0.018396784536706255}. Best is trial 715 with value: 0.9377859576434285.
Trial 2141 finished with value: -320.8396495924238 and parameters: {'max_depth': 9, 'min_child_weight': 2, 'gamma': 0.3721839643128356, 'subsample': 0.13426406618884656, 'colsample_bytree': 0.09412453877022275, 'learning_rate': 0.7606872982923801, 'reg_alpha': 0.0011778846798658166, 'reg_lambda': 0.00028550844576174486}. Best is trial 715 with value: 0.9377859576434285.
Trial 2158 finished with value: -0.37007444129351996 and parameters: {'max_depth': 1, 'min_child_weight': 1, 'gamma': 0.38422508295778723, 'subsample': 0.8497517915283053, 'colsample_bytree': 0.1221787550973461, 'learning_rate': 0.005449522481914104, 'reg_alpha': 0.1831674658090679, 'reg_lambda': 0.00410125109470119}. Best is trial 715 with value: 0.9377859576434285.
Trial 2159 finished with value: 0.04332745776887429 and parameters: {'max_depth': 1, 'min_child_weight': 4, 'gamma': 0.7841838991359443, 'subsample': 0.17991562445032072, 'colsample_bytree': 0.11498766178086528, 'learning_rate': 0.1745937688370669, 'reg_alpha': 0.010585667212468092, 'reg_lambda': 0.7241998258335759}. Best is trial 715 with value: 0.9377859576434285.
Trial 2156 finished with value: 0.48693272469452736 and parameters: {'max_depth': 2, 'min_child_weight': 5, 'gamma': 0.6182430922530849, 'subsample': 0.9528206434635876, 'colsample_bytree': 0.42845330158052897, 'learning_rate': 0.41977705418646094, 'reg_alpha': 0.1894874745327374, 'reg_lambda': 0.5231956118887372}. Best is trial 715 with value: 0.9377859576434285.
Trial 2122 finished with value: 0.9154103940798872 and parameters: {'max_depth': 8, 'min_child_weight': 4, 'gamma': 0.6621679185967226, 'subsample': 0.869002019978934, 'colsample_bytree': 0.8334512226647531, 'learning_rate': 0.11849587936773598, 'reg_alpha': 0.0030381426670849573, 'reg_lambda': 0.14960315510650266}. Best is trial 715 with value: 0.9377859576434285.
Trial 2127 finished with value: -0.2765352162198709 and parameters: {'max_depth': 10, 'min_child_weight': 1, 'gamma': 0.6802737983465547, 'subsample': 0.26502639620836355, 'colsample_bytree': 0.46736894890359904, 'learning_rate': 0.00249996070083236, 'reg_alpha': 0.0001577831834129382, 'reg_lambda': 0.014197808980552146}. Best is trial 715 with value: 0.9377859576434285.
Trial 2143 finished with value: 0.6938897761887383 and parameters: {'max_depth': 7, 'min_child_weight': 5, 'gamma': 0.596296608575978, 'subsample': 0.2654482166382244, 'colsample_bytree': 0.7849698282845887, 'learning_rate': 0.3633675320152855, 'reg_alpha': 0.0002931886142374623, 'reg_lambda': 0.017038203157807956}. Best is trial 715 with value: 0.9377859576434285.
Trial 2142 finished with value: 0.8595505743199321 and parameters: {'max_depth': 7, 'min_child_weight': 5, 'gamma': 0.47464028041401884, 'subsample': 0.8466359316427813, 'colsample_bytree': 0.5399831453490819, 'learning_rate': 0.2112353361991175, 'reg_alpha': 5.8564877806250895, 'reg_lambda': 0.5269496300906554}. Best is trial 715 with value: 0.9377859576434285.
Trial 2148 finished with value: -28.59038950803027 and parameters: {'max_depth': 6, 'min_child_weight': 2, 'gamma': 0.8591496166930132, 'subsample': 0.13528064493744052, 'colsample_bytree': 0.410738833060702, 'learning_rate': 0.5139751130405941, 'reg_alpha': 0.052254725084340474, 'reg_lambda': 0.0003956323135634583}. Best is trial 715 with value: 0.9377859576434285.
Trial 2152 finished with value: 0.49542056954434616 and parameters: {'max_depth': 8, 'min_child_weight': 5, 'gamma': 0.7847119763800362, 'subsample': 0.16919770484181473, 'colsample_bytree': 0.39628355027420437, 'learning_rate': 0.05841283242301332, 'reg_alpha': 0.1381979840181947, 'reg_lambda': 0.0014949267956846453}. Best is trial 715 with value: 0.9377859576434285.
Trial 2155 finished with value: 0.6620930851377773 and parameters: {'max_depth': 4, 'min_child_weight': 1, 'gamma': 0.580683111269567, 'subsample': 0.63761915420461, 'colsample_bytree': 0.271064147850946, 'learning_rate': 0.17062192407548915, 'reg_alpha': 0.006408907214646568, 'reg_lambda': 0.002653201621715333}. Best is trial 715 with value: 0.9377859576434285.
Trial 2139 finished with value: 0.8761359554081067 and parameters: {'max_depth': 8, 'min_child_weight': 3, 'gamma': 0.09559611883499985, 'subsample': 0.6945529993858289, 'colsample_bytree': 0.44436800955171374, 'learning_rate': 0.5425713823219278, 'reg_alpha': 0.1613344282128494, 'reg_lambda': 0.00010110043515484796}. Best is trial 715 with value: 0.9377859576434285.
Trial 2171 finished with value: 0.09763208101924821 and parameters: {'max_depth': 1, 'min_child_weight': 4, 'gamma': 0.4229585209323494, 'subsample': 0.854867366942695, 'colsample_bytree': 0.6787014462778327, 'learning_rate': 0.9814185750047236, 'reg_alpha': 0.00022190366252927598, 'reg_lambda': 0.003279605963107683}. Best is trial 715 with value: 0.9377859576434285.
Trial 2160 finished with value: 0.31763080663131654 and parameters: {'max_depth': 10, 'min_child_weight': 5, 'gamma': 0.8264472247227619, 'subsample': 0.08762514023710921, 'colsample_bytree': 0.8280853150692, 'learning_rate': 0.18997157708552626, 'reg_alpha': 0.03951488879008586, 'reg_lambda': 0.17466551203696765}. Best is trial 715 with value: 0.9377859576434285.
Trial 2144 finished with value: 0.8949572136978283 and parameters: {'max_depth': 7, 'min_child_weight': 2, 'gamma': 0.40524803349942917, 'subsample': 0.3818687599079992, 'colsample_bytree': 0.7114245296958421, 'learning_rate': 0.986968528762815, 'reg_alpha': 0.0006389521258053355, 'reg_lambda': 6.878637657690607}. Best is trial 715 with value: 0.9377859576434285.
Trial 2145 finished with value: 0.5595892833827125 and parameters: {'max_depth': 10, 'min_child_weight': 5, 'gamma': 0.7432177788268154, 'subsample': 0.3797303393164084, 'colsample_bytree': 0.5002324063703295, 'learning_rate': 0.6193004756178195, 'reg_alpha': 0.02844321234700633, 'reg_lambda': 0.0011038920720134592}. Best is trial 715 with value: 0.9377859576434285.
Trial 2154 finished with value: 0.8693850409961419 and parameters: {'max_depth': 5, 'min_child_weight': 2, 'gamma': 0.8193698471419685, 'subsample': 0.671978799065963, 'colsample_bytree': 0.6773844590604893, 'learning_rate': 0.6393953914456053, 'reg_alpha': 0.0010261897807053613, 'reg_lambda': 0.02741354381386611}. Best is trial 715 with value: 0.9377859576434285.
Trial 2170 finished with value: -0.006319696354988647 and parameters: {'max_depth': 6, 'min_child_weight': 1, 'gamma': 0.05699667586744872, 'subsample': 0.053925816677652394, 'colsample_bytree': 0.0008272469945612704, 'learning_rate': 0.1720580586649949, 'reg_alpha': 0.0002487242846857796, 'reg_lambda': 2.7639548701260486}. Best is trial 715 with value: 0.9377859576434285.
Trial 2153 finished with value: 0.8841610991169887 and parameters: {'max_depth': 6, 'min_child_weight': 3, 'gamma': 0.8782644936674926, 'subsample': 0.9636258018756145, 'colsample_bytree': 0.46658978375571025, 'learning_rate': 0.2665019042606994, 'reg_alpha': 0.027756290502030306, 'reg_lambda': 0.0006355740695713151}. Best is trial 715 with value: 0.9377859576434285.
Trial 2169 finished with value: 0.4795345863445493 and parameters: {'max_depth': 4, 'min_child_weight': 1, 'gamma': 0.07891991162984169, 'subsample': 0.1091604469085311, 'colsample_bytree': 0.4032624653640481, 'learning_rate': 0.09841713693205167, 'reg_alpha': 0.0003338855786576458, 'reg_lambda': 0.010963648394491422}. Best is trial 715 with value: 0.9377859576434285.
Trial 2178 finished with value: 0.4667870025377256 and parameters: {'max_depth': 2, 'min_child_weight': 2, 'gamma': 0.878956485704294, 'subsample': 0.8853020871117893, 'colsample_bytree': 0.7500899475696368, 'learning_rate': 0.9146107898451208, 'reg_alpha': 0.6343123559595604, 'reg_lambda': 5.017055868952588}. Best is trial 715 with value: 0.9377859576434285.
Trial 2175 finished with value: -38.02983819510144 and parameters: {'max_depth': 3, 'min_child_weight': 4, 'gamma': 0.6190579183891955, 'subsample': 0.06333125437659726, 'colsample_bytree': 0.3335996545049754, 'learning_rate': 0.6054973432433763, 'reg_alpha': 1.7224732861705438, 'reg_lambda': 0.0005802343373130735}. Best is trial 715 with value: 0.9377859576434285.
Trial 2179 finished with value: 0.303797012197333 and parameters: {'max_depth': 2, 'min_child_weight': 4, 'gamma': 0.5249857667069295, 'subsample': 0.3084786444474461, 'colsample_bytree': 0.4763233072345465, 'learning_rate': 0.4708774770319678, 'reg_alpha': 5.875668995070026, 'reg_lambda': 2.005793680031705}. Best is trial 715 with value: 0.9377859576434285.
Trial 2167 finished with value: 0.8279895009980014 and parameters: {'max_depth': 4, 'min_child_weight': 1, 'gamma': 0.6302531314504567, 'subsample': 0.5937215072767337, 'colsample_bytree': 0.9206203276287543, 'learning_rate': 0.16682352459442495, 'reg_alpha': 0.0013677142739420753, 'reg_lambda': 0.23074828266340164}. Best is trial 715 with value: 0.9377859576434285.
Trial 2165 finished with value: 0.3740123533227422 and parameters: {'max_depth': 6, 'min_child_weight': 3, 'gamma': 0.7263408750407997, 'subsample': 0.09555283743203069, 'colsample_bytree': 0.757887187026714, 'learning_rate': 0.1629762663239358, 'reg_alpha': 0.050619692433201094, 'reg_lambda': 0.09496519694561092}. Best is trial 715 with value: 0.9377859576434285.
Trial 2149 finished with value: 0.9186962566506651 and parameters: {'max_depth': 10, 'min_child_weight': 2, 'gamma': 0.007851039643527846, 'subsample': 0.8866641524279514, 'colsample_bytree': 0.9459051882863743, 'learning_rate': 0.06264169652070495, 'reg_alpha': 1.6010747444311646, 'reg_lambda': 0.00046723997106136987}. Best is trial 715 with value: 0.9377859576434285.
Trial 2162 finished with value: 0.5638826840954158 and parameters: {'max_depth': 8, 'min_child_weight': 3, 'gamma': 0.8993850692125952, 'subsample': 0.14517829046092123, 'colsample_bytree': 0.6967351566510054, 'learning_rate': 0.28540744662473194, 'reg_alpha': 0.01709487162637668, 'reg_lambda': 0.002739413511929186}. Best is trial 715 with value: 0.9377859576434285.
Trial 2173 finished with value: 0.86773467129413 and parameters: {'max_depth': 4, 'min_child_weight': 3, 'gamma': 0.22432556059604514, 'subsample': 0.9079728829101635, 'colsample_bytree': 0.8039875604375829, 'learning_rate': 0.6550168583628173, 'reg_alpha': 0.010354470428162647, 'reg_lambda': 1.107443772194196}. Best is trial 715 with value: 0.9377859576434285.
Trial 2163 finished with value: 0.194933684881233 and parameters: {'max_depth': 6, 'min_child_weight': 1, 'gamma': 0.554125738212867, 'subsample': 0.3208537410060127, 'colsample_bytree': 0.45983974473426437, 'learning_rate': 0.7029693322579761, 'reg_alpha': 3.872003267823804, 'reg_lambda': 0.007144462139192759}. Best is trial 715 with value: 0.9377859576434285.
Trial 2161 finished with value: 0.8746572279632046 and parameters: {'max_depth': 6, 'min_child_weight': 4, 'gamma': 0.6868766192142792, 'subsample': 0.642132807136891, 'colsample_bytree': 0.6243754963592343, 'learning_rate': 0.4259968902462363, 'reg_alpha': 0.3725978696473067, 'reg_lambda': 0.0005014446420743239}. Best is trial 715 with value: 0.9377859576434285.
Trial 2168 finished with value: 0.8990179094739749 and parameters: {'max_depth': 7, 'min_child_weight': 2, 'gamma': 0.37541150629354647, 'subsample': 0.8906528815677526, 'colsample_bytree': 0.48055132004254775, 'learning_rate': 0.2647928338441985, 'reg_alpha': 4.3918817069056395, 'reg_lambda': 0.00216876838457287}. Best is trial 715 with value: 0.9377859576434285.
Trial 2176 finished with value: 0.7514943595957354 and parameters: {'max_depth': 4, 'min_child_weight': 2, 'gamma': 0.9146457303227071, 'subsample': 0.4027090525815942, 'colsample_bytree': 0.6889818063161909, 'learning_rate': 0.21126564741867038, 'reg_alpha': 4.394812156846249, 'reg_lambda': 0.000431585705150338}. Best is trial 715 with value: 0.9377859576434285.
Trial 2164 finished with value: 0.730229068503059 and parameters: {'max_depth': 6, 'min_child_weight': 4, 'gamma': 0.17462319118838399, 'subsample': 0.5716097630524872, 'colsample_bytree': 0.46639867427229054, 'learning_rate': 0.8498908886582063, 'reg_alpha': 0.002111783190921613, 'reg_lambda': 0.0019512692053504758}. Best is trial 715 with value: 0.9377859576434285.
Trial 2181 finished with value: -0.2343825159285564 and parameters: {'max_depth': 5, 'min_child_weight': 3, 'gamma': 0.7718663140813005, 'subsample': 0.061097930324584104, 'colsample_bytree': 0.8154285685225379, 'learning_rate': 0.28178012757065807, 'reg_alpha': 2.206294977102607, 'reg_lambda': 0.04973623793991203}. Best is trial 715 with value: 0.9377859576434285.
Trial 2182 finished with value: -2.688566339738453e+34 and parameters: {'max_depth': 3, 'min_child_weight': 1, 'gamma': 0.16188606788145987, 'subsample': 0.11587041962104505, 'colsample_bytree': 0.6684826720514335, 'learning_rate': 0.9996095647339709, 'reg_alpha': 0.3841377244177174, 'reg_lambda': 0.0006742108383074383}. Best is trial 715 with value: 0.9377859576434285.
Trial 2177 finished with value: 0.6303524970431517 and parameters: {'max_depth': 5, 'min_child_weight': 4, 'gamma': 0.44382319410852156, 'subsample': 0.3497460435234412, 'colsample_bytree': 0.24786980493582977, 'learning_rate': 0.2597405709736804, 'reg_alpha': 2.9465294314775936, 'reg_lambda': 0.07492725353506384}. Best is trial 715 with value: 0.9377859576434285.
Trial 2157 finished with value: 0.7961989431235996 and parameters: {'max_depth': 8, 'min_child_weight': 2, 'gamma': 0.5132378051437412, 'subsample': 0.4345245976222446, 'colsample_bytree': 0.4953815626984902, 'learning_rate': 0.967851339802365, 'reg_alpha': 0.44290621683524745, 'reg_lambda': 0.8069820128850589}. Best is trial 715 with value: 0.9377859576434285.
Trial 2180 finished with value: 0.7646466570613456 and parameters: {'max_depth': 4, 'min_child_weight': 3, 'gamma': 0.205710675675436, 'subsample': 0.6365138597987878, 'colsample_bytree': 0.6032659835574239, 'learning_rate': 0.19865032551806372, 'reg_alpha': 0.0043127527531998874, 'reg_lambda': 3.061220714558418}. Best is trial 715 with value: 0.9377859576434285.
Trial 2192 finished with value: -0.27633977546392324 and parameters: {'max_depth': 1, 'min_child_weight': 1, 'gamma': 0.6140923850747811, 'subsample': 0.1603924437249371, 'colsample_bytree': 0.6123395885418913, 'learning_rate': 0.9094370804875326, 'reg_alpha': 0.00015186423336962417, 'reg_lambda': 0.07557433767822261}. Best is trial 715 with value: 0.9377859576434285.
Trial 2166 finished with value: 0.8374746491949536 and parameters: {'max_depth': 10, 'min_child_weight': 1, 'gamma': 0.07156747964894394, 'subsample': 0.6348951167552015, 'colsample_bytree': 0.37081335468445453, 'learning_rate': 0.5614600519451374, 'reg_alpha': 0.9380248950507798, 'reg_lambda': 0.002630292163818712}. Best is trial 715 with value: 0.9377859576434285.
Trial 2193 finished with value: -32.87931274448091 and parameters: {'max_depth': 2, 'min_child_weight': 5, 'gamma': 0.17109109663163535, 'subsample': 0.987982764072077, 'colsample_bytree': 0.022909484119560397, 'learning_rate': 0.0005826452910729918, 'reg_alpha': 0.5811455033107564, 'reg_lambda': 0.015098778439358078}. Best is trial 715 with value: 0.9377859576434285.
Trial 2197 finished with value: 0.061410347795401984 and parameters: {'max_depth': 1, 'min_child_weight': 4, 'gamma': 0.36295433072736727, 'subsample': 0.46666917074130965, 'colsample_bytree': 0.6083996917974906, 'learning_rate': 0.3511508510423389, 'reg_alpha': 0.00039354030497564506, 'reg_lambda': 0.14148723045739728}. Best is trial 715 with value: 0.9377859576434285.
Trial 2187 finished with value: 0.6446425178862538 and parameters: {'max_depth': 3, 'min_child_weight': 4, 'gamma': 0.5568958383894831, 'subsample': 0.708225730922086, 'colsample_bytree': 0.49191259217241656, 'learning_rate': 0.9193282051465742, 'reg_alpha': 0.00027471758883529016, 'reg_lambda': 4.700235241575513}. Best is trial 715 with value: 0.9377859576434285.
Trial 2189 finished with value: 0.6932884997553727 and parameters: {'max_depth': 3, 'min_child_weight': 2, 'gamma': 0.9813600804268968, 'subsample': 0.729440337810591, 'colsample_bytree': 0.5258059653314171, 'learning_rate': 0.7602038361826642, 'reg_alpha': 0.0003052654641552522, 'reg_lambda': 0.0008299492169845497}. Best is trial 715 with value: 0.9377859576434285.
Trial 2200 finished with value: -0.8102342998618115 and parameters: {'max_depth': 7, 'min_child_weight': 4, 'gamma': 0.30503872894212547, 'subsample': 0.02609379473936646, 'colsample_bytree': 0.78904452225813, 'learning_rate': 0.39008839892896985, 'reg_alpha': 0.00033198429474421256, 'reg_lambda': 0.19301094589369952}. Best is trial 715 with value: 0.9377859576434285.
