Trial 2430 finished with value: 0.08383160946626197 and parameters: {'max_depth': 3, 'min_child_weight': 4, 'gamma': 0.35002444566981594, 'subsample': 0.9437832862388111, 'colsample_bytree': 0.05574634353235719, 'learning_rate': 0.4537472035802358, 'reg_alpha': 0.0017708048644579726, 'reg_lambda': 0.3297306723936757}. Best is trial 715 with value: 0.9377859576434285.
Trial 2435 finished with value: -0.004336174186115094 and parameters: {'max_depth': 1, 'min_child_weight': 1, 'gamma': 0.7014432253194148, 'subsample': 0.2585078074336927, 'colsample_bytree': 0.5192447494738945, 'learning_rate': 0.794875898795188, 'reg_alpha': 1.0639551538335317, 'reg_lambda': 0.005621314632608656}. Best is trial 715 with value: 0.9377859576434285.
Trial 2391 finished with value: 0.9183540293679616 and parameters: {'max_depth': 10, 'min_child_weight': 2, 'gamma': 0.20181901849150774, 'subsample': 0.4894446822398628, 'colsample_bytree': 0.6551927281627433, 'learning_rate': 0.12508625522363082, 'reg_alpha': 0.0030772114162294023, 'reg_lambda': 1.2424184598299501}. Best is trial 715 with value: 0.9377859576434285.
Trial 2424 finished with value: 0.7637213431579294 and parameters: {'max_depth': 4, 'min_child_weight': 3, 'gamma': 0.9601911592047437, 'subsample': 0.9336508264940656, 'colsample_bytree': 0.3592229742726105, 'learning_rate': 0.5227064435153408, 'reg_alpha': 0.025073437650165134, 'reg_lambda': 0.0002672517893252687}. Best is trial 715 with value: 0.9377859576434285.
Trial 2418 finished with value: -2.7908890450671384 and parameters: {'max_depth': 6, 'min_child_weight': 2, 'gamma': 0.8098975296464997, 'subsample': 0.2926106246418866, 'colsample_bytree': 0.18097168679192777, 'learning_rate': 0.8567733251916607, 'reg_alpha': 0.007327140700510142, 'reg_lambda': 0.026070856469447963}. Best is trial 715 with value: 0.9377859576434285.
Trial 2438 finished with value: 0.31942528336980197 and parameters: {'max_depth': 2, 'min_child_weight': 5, 'gamma': 0.10360112717340009, 'subsample': 0.3886882823429869, 'colsample_bytree': 0.7928217007329078, 'learning_rate': 0.573714633910153, 'reg_alpha': 0.000295945573188782, 'reg_lambda': 0.00033051397622128664}. Best is trial 715 with value: 0.9377859576434285.
Trial 2433 finished with value: 0.07660176900943842 and parameters: {'max_depth': 5, 'min_child_weight': 2, 'gamma': 0.6306929892598765, 'subsample': 0.8946417589925184, 'colsample_bytree': 0.004618668389495206, 'learning_rate': 0.6814609931511907, 'reg_alpha': 0.17811333543201205, 'reg_lambda': 1.052043370904703}. Best is trial 715 with value: 0.9377859576434285.
Trial 2449 finished with value: 0.09471899691372807 and parameters: {'max_depth': 1, 'min_child_weight': 1, 'gamma': 0.6464743594143131, 'subsample': 0.9838058804321927, 'colsample_bytree': 0.9645643722543746, 'learning_rate': 0.9197763831011116, 'reg_alpha': 0.0038966232554515277, 'reg_lambda': 0.20783432136133675}. Best is trial 715 with value: 0.9377859576434285.
Trial 2415 finished with value: 0.8899080799740167 and parameters: {'max_depth': 6, 'min_child_weight': 5, 'gamma': 0.18041642801460622, 'subsample': 0.6765812008811309, 'colsample_bytree': 0.9975231075462899, 'learning_rate': 0.9579096375928807, 'reg_alpha': 0.4265626022103466, 'reg_lambda': 0.9404779613408412}. Best is trial 715 with value: 0.9377859576434285.
Trial 2451 finished with value: 0.06677658205624136 and parameters: {'max_depth': 1, 'min_child_weight': 1, 'gamma': 0.48629980912471904, 'subsample': 0.22114652488802067, 'colsample_bytree': 0.7743094645530951, 'learning_rate': 0.29986821485179993, 'reg_alpha': 0.03794591905841182, 'reg_lambda': 2.4902033551303284}. Best is trial 715 with value: 0.9377859576434285.
Trial 2447 finished with value: 0.4057316532195195 and parameters: {'max_depth': 2, 'min_child_weight': 5, 'gamma': 0.5681412317285064, 'subsample': 0.47626121660469833, 'colsample_bytree': 0.7840549293917717, 'learning_rate': 0.7968485587225217, 'reg_alpha': 6.14514953531865, 'reg_lambda': 4.644581034036683}. Best is trial 715 with value: 0.9377859576434285.
Trial 2416 finished with value: 0.8276319891670869 and parameters: {'max_depth': 9, 'min_child_weight': 4, 'gamma': 0.058091371646857515, 'subsample': 0.4734478387517682, 'colsample_bytree': 0.473934893693327, 'learning_rate': 0.5321727801413527, 'reg_alpha': 1.5470870962266, 'reg_lambda': 1.0092212406828749}. Best is trial 715 with value: 0.9377859576434285.
Trial 2441 finished with value: 0.6315570007225129 and parameters: {'max_depth': 3, 'min_child_weight': 5, 'gamma': 0.33201715960802025, 'subsample': 0.45580761208670684, 'colsample_bytree': 0.8849428155785738, 'learning_rate': 0.2018533429554228, 'reg_alpha': 0.17208276152494187, 'reg_lambda': 0.0006950762753073771}. Best is trial 715 with value: 0.9377859576434285.
Trial 2440 finished with value: -158539.61568519214 and parameters: {'max_depth': 3, 'min_child_weight': 1, 'gamma': 0.10471996754295931, 'subsample': 0.1822813205412045, 'colsample_bytree': 0.7465979688186957, 'learning_rate': 0.9514548143335269, 'reg_alpha': 1.659757517134265, 'reg_lambda': 0.5775583670048258}. Best is trial 715 with value: 0.9377859576434285.
Trial 2429 finished with value: -5.884605870184524 and parameters: {'max_depth': 7, 'min_child_weight': 5, 'gamma': 0.5983681338381386, 'subsample': 0.2724295606264917, 'colsample_bytree': 0.17204566821504175, 'learning_rate': 0.9495061856871074, 'reg_alpha': 0.26177412791482313, 'reg_lambda': 0.0123130881473442}. Best is trial 715 with value: 0.9377859576434285.
Trial 2437 finished with value: 0.7790550130487948 and parameters: {'max_depth': 4, 'min_child_weight': 5, 'gamma': 0.18776544980208243, 'subsample': 0.9921966478866291, 'colsample_bytree': 0.3425343314227901, 'learning_rate': 0.9327459115328227, 'reg_alpha': 1.2001985184899528, 'reg_lambda': 0.00012065804092517136}. Best is trial 715 with value: 0.9377859576434285.
Trial 2436 finished with value: 0.7882165550274615 and parameters: {'max_depth': 4, 'min_child_weight': 2, 'gamma': 0.8959396584331213, 'subsample': 0.5978285504686162, 'colsample_bytree': 0.8898404638803967, 'learning_rate': 0.8241756439631136, 'reg_alpha': 9.192043883364112, 'reg_lambda': 0.4349400101897622}. Best is trial 715 with value: 0.9377859576434285.
Trial 2454 finished with value: 0.08683315978337248 and parameters: {'max_depth': 2, 'min_child_weight': 5, 'gamma': 0.32505281793430485, 'subsample': 0.8691267899049828, 'colsample_bytree': 0.0867319852046956, 'learning_rate': 0.14420784534221165, 'reg_alpha': 2.527604675115528, 'reg_lambda': 0.00018888858872048313}. Best is trial 715 with value: 0.9377859576434285.
Trial 2461 finished with value: 0.09229849587542707 and parameters: {'max_depth': 1, 'min_child_weight': 2, 'gamma': 0.08741673877837075, 'subsample': 0.9673700849881732, 'colsample_bytree': 0.832609660649192, 'learning_rate': 0.23434862070265128, 'reg_alpha': 0.943390485342831, 'reg_lambda': 0.04028375759104125}. Best is trial 715 with value: 0.9377859576434285.
Trial 2453 finished with value: 0.07388591443888412 and parameters: {'max_depth': 3, 'min_child_weight': 1, 'gamma': 0.15425015408075715, 'subsample': 0.8457500136698279, 'colsample_bytree': 0.022242443270624412, 'learning_rate': 0.4113496855577644, 'reg_alpha': 0.22704100426284016, 'reg_lambda': 0.0003940200794424732}. Best is trial 715 with value: 0.9377859576434285.
Trial 2439 finished with value: -15.919915250580637 and parameters: {'max_depth': 7, 'min_child_weight': 5, 'gamma': 0.6784247747723933, 'subsample': 0.15100573218575564, 'colsample_bytree': 0.9942621940424992, 'learning_rate': 0.6491155391132835, 'reg_alpha': 0.0007184214469345565, 'reg_lambda': 0.018680393006262848}. Best is trial 715 with value: 0.9377859576434285.
Trial 2450 finished with value: 0.5429375916308643 and parameters: {'max_depth': 4, 'min_child_weight': 2, 'gamma': 0.8765031247463851, 'subsample': 0.335129615329393, 'colsample_bytree': 0.36722116856381215, 'learning_rate': 0.5362968083040246, 'reg_alpha': 0.0007493619161860473, 'reg_lambda': 0.17372828688054548}. Best is trial 715 with value: 0.9377859576434285.
Trial 2425 finished with value: -812.3229646402136 and parameters: {'max_depth': 10, 'min_child_weight': 1, 'gamma': 0.5575482431059192, 'subsample': 0.11448861562054125, 'colsample_bytree': 0.47919243155200275, 'learning_rate': 0.4342621941167809, 'reg_alpha': 2.141664840675447, 'reg_lambda': 0.02998764442280387}. Best is trial 715 with value: 0.9377859576434285.
Trial 2452 finished with value: 0.06993504667982911 and parameters: {'max_depth': 3, 'min_child_weight': 1, 'gamma': 0.4123993831443439, 'subsample': 0.33969706383564935, 'colsample_bytree': 0.4276319602524442, 'learning_rate': 0.714117834825426, 'reg_alpha': 0.8638387776467421, 'reg_lambda': 0.00046671406795123434}. Best is trial 715 with value: 0.9377859576434285.
Trial 2448 finished with value: -2386423.7058252543 and parameters: {'max_depth': 4, 'min_child_weight': 2, 'gamma': 0.053265794019171975, 'subsample': 0.21638326241545014, 'colsample_bytree': 0.9839423560004557, 'learning_rate': 0.8175360279213597, 'reg_alpha': 0.9415806955339909, 'reg_lambda': 0.108388475965906}. Best is trial 715 with value: 0.9377859576434285.
Trial 2445 finished with value: 0.44881753851359873 and parameters: {'max_depth': 7, 'min_child_weight': 1, 'gamma': 0.5689730573152089, 'subsample': 0.16657054077361744, 'colsample_bytree': 0.17612694941033613, 'learning_rate': 0.22999429238977598, 'reg_alpha': 1.6157545845510242, 'reg_lambda': 0.9637698824879444}. Best is trial 715 with value: 0.9377859576434285.
Trial 2434 finished with value: 0.8928627647949375 and parameters: {'max_depth': 6, 'min_child_weight': 3, 'gamma': 0.5321464388147681, 'subsample': 0.5377595292055671, 'colsample_bytree': 0.7598755964472016, 'learning_rate': 0.16114338024106034, 'reg_alpha': 0.0004179087099691714, 'reg_lambda': 0.25545554841579937}. Best is trial 715 with value: 0.9377859576434285.
Trial 2444 finished with value: 0.5004337494567347 and parameters: {'max_depth': 8, 'min_child_weight': 2, 'gamma': 0.8192344736292171, 'subsample': 0.8660229160409054, 'colsample_bytree': 0.1229178086708076, 'learning_rate': 0.11644609456025012, 'reg_alpha': 0.02061660560607831, 'reg_lambda': 0.0011007707522037997}. Best is trial 715 with value: 0.9377859576434285.
Trial 2465 finished with value: 0.026272131600212235 and parameters: {'max_depth': 1, 'min_child_weight': 4, 'gamma': 0.8708174815044148, 'subsample': 0.5107972334771503, 'colsample_bytree': 0.12615430011798212, 'learning_rate': 0.7679760005748907, 'reg_alpha': 0.052726216370253334, 'reg_lambda': 0.020364101112427393}. Best is trial 715 with value: 0.9377859576434285.
Trial 2468 finished with value: 0.08369852902896921 and parameters: {'max_depth': 1, 'min_child_weight': 4, 'gamma': 0.7494188093500244, 'subsample': 0.718943655871103, 'colsample_bytree': 0.09856568398980559, 'learning_rate': 0.31490647090488155, 'reg_alpha': 5.139954945101705, 'reg_lambda': 3.586071220236788}. Best is trial 715 with value: 0.9377859576434285.
Trial 2431 finished with value: 0.8984496413874685 and parameters: {'max_depth': 10, 'min_child_weight': 4, 'gamma': 0.03570752349960726, 'subsample': 0.6918844222485032, 'colsample_bytree': 0.6192804720369242, 'learning_rate': 0.4127717667208777, 'reg_alpha': 1.5436111347826258, 'reg_lambda': 0.00011276164721042216}. Best is trial 715 with value: 0.9377859576434285.
Trial 2460 finished with value: 0.08452134457211492 and parameters: {'max_depth': 5, 'min_child_weight': 1, 'gamma': 0.5526155714153711, 'subsample': 0.5488407429649679, 'colsample_bytree': 0.015033995429819202, 'learning_rate': 0.18754806787899525, 'reg_alpha': 0.010106907860270836, 'reg_lambda': 0.0005394358671410162}. Best is trial 715 with value: 0.9377859576434285.
Trial 2442 finished with value: 0.8398407718017361 and parameters: {'max_depth': 8, 'min_child_weight': 1, 'gamma': 0.20396608232287472, 'subsample': 0.89477070294322, 'colsample_bytree': 0.2497071115796069, 'learning_rate': 0.41209539952126883, 'reg_alpha': 0.20375269313610622, 'reg_lambda': 8.568572291641075}. Best is trial 715 with value: 0.9377859576434285.
Trial 2456 finished with value: 0.6727516234204558 and parameters: {'max_depth': 4, 'min_child_weight': 2, 'gamma': 0.09468048499335258, 'subsample': 0.27773776095296254, 'colsample_bytree': 0.6447331829185475, 'learning_rate': 0.22729761450691266, 'reg_alpha': 5.011117336608462, 'reg_lambda': 0.010603503866633774}. Best is trial 715 with value: 0.9377859576434285.
Trial 2443 finished with value: 0.7727509645060797 and parameters: {'max_depth': 6, 'min_child_weight': 3, 'gamma': 0.25669037965258457, 'subsample': 0.5135558244893571, 'colsample_bytree': 0.648975324763236, 'learning_rate': 0.7753980755065312, 'reg_alpha': 0.012655987090508808, 'reg_lambda': 0.00011977188366354638}. Best is trial 715 with value: 0.9377859576434285.
Trial 2473 finished with value: 0.07099034709286679 and parameters: {'max_depth': 1, 'min_child_weight': 4, 'gamma': 0.2466255110651392, 'subsample': 0.6513677207388218, 'colsample_bytree': 0.20539831413458876, 'learning_rate': 0.36411139307970986, 'reg_alpha': 2.649797768864772, 'reg_lambda': 0.0073210219468415215}. Best is trial 715 with value: 0.9377859576434285.
Trial 2458 finished with value: 0.5597647473667677 and parameters: {'max_depth': 4, 'min_child_weight': 1, 'gamma': 0.2861951541514469, 'subsample': 0.4647869588695175, 'colsample_bytree': 0.6253860891754995, 'learning_rate': 0.7002176498368047, 'reg_alpha': 0.003518631711889131, 'reg_lambda': 0.07079015418095341}. Best is trial 715 with value: 0.9377859576434285.
Trial 2476 finished with value: 0.081801731233451 and parameters: {'max_depth': 1, 'min_child_weight': 4, 'gamma': 0.7763609904500166, 'subsample': 0.6416810518533229, 'colsample_bytree': 0.47020112727893015, 'learning_rate': 0.3768701861646513, 'reg_alpha': 0.00030284874325778554, 'reg_lambda': 1.879142312674254}. Best is trial 715 with value: 0.9377859576434285.
Trial 2472 finished with value: 0.346478461828577 and parameters: {'max_depth': 2, 'min_child_weight': 1, 'gamma': 0.4811418627239633, 'subsample': 0.49479305772100524, 'colsample_bytree': 0.5751233953733461, 'learning_rate': 0.6866805886559109, 'reg_alpha': 0.011069732865592166, 'reg_lambda': 0.16453286146938093}. Best is trial 715 with value: 0.9377859576434285.
Trial 2471 finished with value: 0.6081541145561093 and parameters: {'max_depth': 3, 'min_child_weight': 5, 'gamma': 0.7858283171865901, 'subsample': 0.6687579336953757, 'colsample_bytree': 0.795105793957347, 'learning_rate': 0.9319669893113887, 'reg_alpha': 0.2426323564979394, 'reg_lambda': 0.7541221107886246}. Best is trial 715 with value: 0.9377859576434285.
Trial 2463 finished with value: 0.39804478860085435 and parameters: {'max_depth': 8, 'min_child_weight': 1, 'gamma': 0.9203409724922637, 'subsample': 0.19153740751464743, 'colsample_bytree': 0.10758681880498466, 'learning_rate': 0.2388415792202473, 'reg_alpha': 0.026120802680532525, 'reg_lambda': 0.8700609617162132}. Best is trial 715 with value: 0.9377859576434285.
Trial 2457 finished with value: -9.503387030061406e+16 and parameters: {'max_depth': 10, 'min_child_weight': 3, 'gamma': 0.5419931829767014, 'subsample': 0.1415143544367894, 'colsample_bytree': 0.8788878727365168, 'learning_rate': 0.8247546303829875, 'reg_alpha': 0.030028620553876957, 'reg_lambda': 0.007424571753206724}. Best is trial 715 with value: 0.9377859576434285.
Trial 2426 finished with value: 0.9084780267648382 and parameters: {'max_depth': 10, 'min_child_weight': 1, 'gamma': 0.8824490068754711, 'subsample': 0.3401710904241303, 'colsample_bytree': 0.8914959166737689, 'learning_rate': 0.11990113140366265, 'reg_alpha': 0.0005544949297341081, 'reg_lambda': 0.0080029899807448}. Best is trial 715 with value: 0.9377859576434285.
Trial 2446 finished with value: 0.888792788869142 and parameters: {'max_depth': 8, 'min_child_weight': 2, 'gamma': 0.1574919750779875, 'subsample': 0.6347052221802086, 'colsample_bytree': 0.5827996101238161, 'learning_rate': 0.3543482580105112, 'reg_alpha': 0.0002181174600862184, 'reg_lambda': 0.0001359857510709636}. Best is trial 715 with value: 0.9377859576434285.
Trial 2464 finished with value: 0.8977420645788649 and parameters: {'max_depth': 5, 'min_child_weight': 1, 'gamma': 0.8748082896911787, 'subsample': 0.7195122064000511, 'colsample_bytree': 0.8115965358476592, 'learning_rate': 0.27078167951123855, 'reg_alpha': 0.00010798936737321904, 'reg_lambda': 0.0026954962399931676}. Best is trial 715 with value: 0.9377859576434285.
Trial 2481 finished with value: 0.4224124016285324 and parameters: {'max_depth': 3, 'min_child_weight': 2, 'gamma': 0.40381120004665005, 'subsample': 0.27991253127989824, 'colsample_bytree': 0.2634841247566415, 'learning_rate': 0.680383842204276, 'reg_alpha': 0.05166658989212475, 'reg_lambda': 6.183030478713902}. Best is trial 715 with value: 0.9377859576434285.
Trial 2475 finished with value: -0.6588333130122916 and parameters: {'max_depth': 6, 'min_child_weight': 4, 'gamma': 0.7853820340501732, 'subsample': 0.09129808936291095, 'colsample_bytree': 0.5130909288726954, 'learning_rate': 0.3583193183306881, 'reg_alpha': 0.24837935083721946, 'reg_lambda': 0.10586088128961472}. Best is trial 715 with value: 0.9377859576434285.
Trial 2466 finished with value: -2.706098165424044 and parameters: {'max_depth': 9, 'min_child_weight': 3, 'gamma': 0.5388677162761589, 'subsample': 0.1021950109971288, 'colsample_bytree': 0.9131326193060495, 'learning_rate': 0.38988867856810316, 'reg_alpha': 0.00043068384159931455, 'reg_lambda': 0.0043811626492846825}. Best is trial 715 with value: 0.9377859576434285.
Trial 2459 finished with value: 0.7376178768817658 and parameters: {'max_depth': 10, 'min_child_weight': 5, 'gamma': 0.7537463527934928, 'subsample': 0.9028233874966206, 'colsample_bytree': 0.15649091122426018, 'learning_rate': 0.9271037331956495, 'reg_alpha': 0.002108541698379023, 'reg_lambda': 0.0031714096680757814}. Best is trial 715 with value: 0.9377859576434285.
Trial 2462 finished with value: 0.7571354575065472 and parameters: {'max_depth': 10, 'min_child_weight': 5, 'gamma': 0.5126970028245488, 'subsample': 0.9373451340581977, 'colsample_bytree': 0.13654957166978932, 'learning_rate': 0.9618821299791374, 'reg_alpha': 0.10114255128892932, 'reg_lambda': 0.0019531959267930607}. Best is trial 715 with value: 0.9377859576434285.
Trial 2470 finished with value: 0.8242706128088187 and parameters: {'max_depth': 5, 'min_child_weight': 4, 'gamma': 0.02530599315071802, 'subsample': 0.43255976436757826, 'colsample_bytree': 0.9988428822796765, 'learning_rate': 0.18209618867111366, 'reg_alpha': 0.15614075382007803, 'reg_lambda': 0.00019587174660824885}. Best is trial 715 with value: 0.9377859576434285.
Trial 2486 finished with value: 0.0401146800491743 and parameters: {'max_depth': 3, 'min_child_weight': 5, 'gamma': 0.7038108654337688, 'subsample': 0.45157636369474663, 'colsample_bytree': 0.035103609230254684, 'learning_rate': 0.8299230794921746, 'reg_alpha': 0.8318311071211542, 'reg_lambda': 4.645125479568109}. Best is trial 715 with value: 0.9377859576434285.
Trial 2469 finished with value: 0.5254554713669428 and parameters: {'max_depth': 6, 'min_child_weight': 3, 'gamma': 0.028810945775152086, 'subsample': 0.33471817030013074, 'colsample_bytree': 0.4146113702047667, 'learning_rate': 0.5879331305665556, 'reg_alpha': 0.0009930897219520324, 'reg_lambda': 0.00011422272533030655}. Best is trial 715 with value: 0.9377859576434285.
Trial 2493 finished with value: -0.008886472093967701 and parameters: {'max_depth': 1, 'min_child_weight': 3, 'gamma': 0.7220613364116514, 'subsample': 0.09317460041868408, 'colsample_bytree': 0.5510723952177122, 'learning_rate': 0.19643093964141145, 'reg_alpha': 1.536818269912826, 'reg_lambda': 0.022207780552984526}. Best is trial 715 with value: 0.9377859576434285.
Trial 2478 finished with value: 0.707305267122672 and parameters: {'max_depth': 5, 'min_child_weight': 2, 'gamma': 0.25918110673690575, 'subsample': 0.6383916109575758, 'colsample_bytree': 0.20320517657735881, 'learning_rate': 0.6126217432379417, 'reg_alpha': 0.1021636708200168, 'reg_lambda': 0.7840437724290814}. Best is trial 715 with value: 0.9377859576434285.
Trial 2455 finished with value: 0.9010743546890838 and parameters: {'max_depth': 10, 'min_child_weight': 2, 'gamma': 0.7010401042875511, 'subsample': 0.9950552786635056, 'colsample_bytree': 0.6163588671349635, 'learning_rate': 0.6704464372230049, 'reg_alpha': 0.5216168550711686, 'reg_lambda': 0.04645149139544345}. Best is trial 715 with value: 0.9377859576434285.
Trial 2492 finished with value: 0.46102725096226477 and parameters: {'max_depth': 2, 'min_child_weight': 3, 'gamma': 0.8165120819496064, 'subsample': 0.7721957574013998, 'colsample_bytree': 0.1710171779126961, 'learning_rate': 0.8425528647024045, 'reg_alpha': 2.651508731228892, 'reg_lambda': 3.28146620117137}. Best is trial 715 with value: 0.9377859576434285.
Trial 2494 finished with value: 0.45707170715950485 and parameters: {'max_depth': 2, 'min_child_weight': 4, 'gamma': 0.5656260190048538, 'subsample': 0.7053532181681802, 'colsample_bytree': 0.38720835498584627, 'learning_rate': 0.19958503685690754, 'reg_alpha': 0.5852513408906467, 'reg_lambda': 0.00010230429413953927}. Best is trial 715 with value: 0.9377859576434285.
Trial 2495 finished with value: 0.46783956947197686 and parameters: {'max_depth': 2, 'min_child_weight': 1, 'gamma': 0.9208075683256748, 'subsample': 0.8310302938177635, 'colsample_bytree': 0.1841616332292656, 'learning_rate': 0.7290574164641631, 'reg_alpha': 0.00019405100501144895, 'reg_lambda': 0.2831276759359643}. Best is trial 715 with value: 0.9377859576434285.
