Trial 3016 finished with value: 0.045352004056365205 and parameters: {'max_depth': 4, 'min_child_weight': 3, 'gamma': 0.8408226650885358, 'subsample': 0.16835028841644306, 'colsample_bytree': 0.8337808051690844, 'learning_rate': 0.9984872323517464, 'reg_alpha': 5.1087611467391465, 'reg_lambda': 8.71953163531681}. Best is trial 715 with value: 0.9377859576434285.
Trial 3025 finished with value: 0.47891566472021446 and parameters: {'max_depth': 2, 'min_child_weight': 3, 'gamma': 0.9120264503603057, 'subsample': 0.8356174390822414, 'colsample_bytree': 0.621128898115856, 'learning_rate': 0.23274503274848468, 'reg_alpha': 0.0062964373426178406, 'reg_lambda': 0.003026452353203585}. Best is trial 715 with value: 0.9377859576434285.
Trial 2984 finished with value: 0.8834565796229615 and parameters: {'max_depth': 9, 'min_child_weight': 2, 'gamma': 0.5010213414834215, 'subsample': 0.7064321523069887, 'colsample_bytree': 0.42192558656224044, 'learning_rate': 0.2254990887968953, 'reg_alpha': 0.06742724999641622, 'reg_lambda': 0.03759981019907346}. Best is trial 715 with value: 0.9377859576434285.
Trial 3032 finished with value: 0.050321555598015724 and parameters: {'max_depth': 1, 'min_child_weight': 4, 'gamma': 0.5014229507577784, 'subsample': 0.43804988089160235, 'colsample_bytree': 0.13007179046321915, 'learning_rate': 0.9749399840031449, 'reg_alpha': 0.3213730567635629, 'reg_lambda': 0.002786254870144089}. Best is trial 715 with value: 0.9377859576434285.
Trial 3033 finished with value: 0.05634846146709401 and parameters: {'max_depth': 1, 'min_child_weight': 4, 'gamma': 0.1330944699719, 'subsample': 0.4815913258101481, 'colsample_bytree': 0.041608410915141336, 'learning_rate': 0.46809688933923443, 'reg_alpha': 0.7109278397571456, 'reg_lambda': 0.00013571916437963186}. Best is trial 715 with value: 0.9377859576434285.
Trial 3003 finished with value: 0.7485686772286841 and parameters: {'max_depth': 8, 'min_child_weight': 2, 'gamma': 0.05897572981072219, 'subsample': 0.24554565976678466, 'colsample_bytree': 0.4796761099493826, 'learning_rate': 0.21895484814061483, 'reg_alpha': 0.007485415287478789, 'reg_lambda': 2.446922809533859}. Best is trial 715 with value: 0.9377859576434285.
Trial 2982 finished with value: 0.8939391491826713 and parameters: {'max_depth': 9, 'min_child_weight': 5, 'gamma': 0.3244409847008656, 'subsample': 0.7402753490492727, 'colsample_bytree': 0.9432947302889825, 'learning_rate': 0.05531719031340221, 'reg_alpha': 0.09928143765770592, 'reg_lambda': 0.006610462371905212}. Best is trial 715 with value: 0.9377859576434285.
Trial 3021 finished with value: 0.07317962771323994 and parameters: {'max_depth': 9, 'min_child_weight': 4, 'gamma': 0.39364582988785946, 'subsample': 0.5324832488258383, 'colsample_bytree': 0.005790443462231232, 'learning_rate': 0.2756041489589438, 'reg_alpha': 0.0003449923964170113, 'reg_lambda': 0.0001933941717722831}. Best is trial 715 with value: 0.9377859576434285.
Trial 3038 finished with value: -0.03759680461144993 and parameters: {'max_depth': 1, 'min_child_weight': 1, 'gamma': 0.23478134393187633, 'subsample': 0.1127452271773467, 'colsample_bytree': 0.10610002965723331, 'learning_rate': 0.2371215017158005, 'reg_alpha': 0.6391392393124479, 'reg_lambda': 0.0012360363830760872}. Best is trial 715 with value: 0.9377859576434285.
Trial 3026 finished with value: 0.0973385249352275 and parameters: {'max_depth': 9, 'min_child_weight': 2, 'gamma': 0.0016162633139011895, 'subsample': 0.049340119209238864, 'colsample_bytree': 0.3120242973260505, 'learning_rate': 0.25048972242137135, 'reg_alpha': 0.026096834403452562, 'reg_lambda': 5.713403960316072}. Best is trial 715 with value: 0.9377859576434285.
Trial 3034 finished with value: 0.2305334027230176 and parameters: {'max_depth': 2, 'min_child_weight': 2, 'gamma': 0.16143709085981262, 'subsample': 0.47054175838072476, 'colsample_bytree': 0.7975135354376625, 'learning_rate': 0.8311222898983288, 'reg_alpha': 0.03368887355958571, 'reg_lambda': 0.08932655695582212}. Best is trial 715 with value: 0.9377859576434285.
Trial 3041 finished with value: -11.611302066659517 and parameters: {'max_depth': 5, 'min_child_weight': 5, 'gamma': 0.3213316384166548, 'subsample': 0.00923123245297397, 'colsample_bytree': 0.9367156276581453, 'learning_rate': 0.8286643665703284, 'reg_alpha': 0.005990508986488507, 'reg_lambda': 0.017057963158748107}. Best is trial 715 with value: 0.9377859576434285.
Trial 3013 finished with value: 0.7820227270148996 and parameters: {'max_depth': 6, 'min_child_weight': 4, 'gamma': 0.7791124832072142, 'subsample': 0.38995751914723564, 'colsample_bytree': 0.613881573293069, 'learning_rate': 0.17443848874605272, 'reg_alpha': 0.0018741580707274657, 'reg_lambda': 0.020941364842087876}. Best is trial 715 with value: 0.9377859576434285.
Trial 3027 finished with value: -2.9371878503807516e+36 and parameters: {'max_depth': 4, 'min_child_weight': 1, 'gamma': 0.886071870102288, 'subsample': 0.035229212409159216, 'colsample_bytree': 0.5653678543139842, 'learning_rate': 0.7066273668835854, 'reg_alpha': 0.009987555071598962, 'reg_lambda': 0.00034322497532022166}. Best is trial 715 with value: 0.9377859576434285.
Trial 3036 finished with value: 0.07254971058733256 and parameters: {'max_depth': 2, 'min_child_weight': 4, 'gamma': 0.6267698931044242, 'subsample': 0.3793607794181195, 'colsample_bytree': 0.9569749226604266, 'learning_rate': 0.9531113437072404, 'reg_alpha': 0.1158398875552215, 'reg_lambda': 1.7032870715074024}. Best is trial 715 with value: 0.9377859576434285.
Trial 3018 finished with value: 0.8712346779263784 and parameters: {'max_depth': 5, 'min_child_weight': 2, 'gamma': 0.2060453777432426, 'subsample': 0.8114563967027636, 'colsample_bytree': 0.7679585135361587, 'learning_rate': 0.47712834964853956, 'reg_alpha': 3.5361232319378595, 'reg_lambda': 6.882953361531312}. Best is trial 715 with value: 0.9377859576434285.
Trial 3037 finished with value: -0.007730420515785241 and parameters: {'max_depth': 3, 'min_child_weight': 4, 'gamma': 0.3821651576553873, 'subsample': 0.11343490659310829, 'colsample_bytree': 0.055350151775259926, 'learning_rate': 0.22585661313285899, 'reg_alpha': 0.00045594376784490533, 'reg_lambda': 8.426777052485745}. Best is trial 715 with value: 0.9377859576434285.
Trial 3029 finished with value: 0.05275867060628553 and parameters: {'max_depth': 9, 'min_child_weight': 3, 'gamma': 0.6497239243366347, 'subsample': 0.5914798329390946, 'colsample_bytree': 0.02135143352084401, 'learning_rate': 0.5791870207843494, 'reg_alpha': 0.005391649017808697, 'reg_lambda': 4.48141601332084}. Best is trial 715 with value: 0.9377859576434285.
Trial 3010 finished with value: 0.8414357140503647 and parameters: {'max_depth': 8, 'min_child_weight': 3, 'gamma': 0.6865474686569665, 'subsample': 0.37223568535721363, 'colsample_bytree': 0.6220223271204414, 'learning_rate': 0.45167929037787946, 'reg_alpha': 0.20310582829578175, 'reg_lambda': 0.5121080917709997}. Best is trial 715 with value: 0.9377859576434285.
Trial 3045 finished with value: 0.08137997743333322 and parameters: {'max_depth': 1, 'min_child_weight': 3, 'gamma': 0.7973880373847019, 'subsample': 0.15244673594268288, 'colsample_bytree': 0.9325153495848099, 'learning_rate': 0.11314982906458859, 'reg_alpha': 0.0014810086431188937, 'reg_lambda': 5.917888825827736}. Best is trial 715 with value: 0.9377859576434285.
Trial 3044 finished with value: 0.48623674491426977 and parameters: {'max_depth': 2, 'min_child_weight': 1, 'gamma': 0.3129392227543544, 'subsample': 0.8821487447951479, 'colsample_bytree': 0.6034746018101181, 'learning_rate': 0.27031710038923895, 'reg_alpha': 0.0014035620236660163, 'reg_lambda': 0.07187160353373886}. Best is trial 715 with value: 0.9377859576434285.
Trial 3030 finished with value: 0.8089204704175419 and parameters: {'max_depth': 4, 'min_child_weight': 2, 'gamma': 0.21049372711744507, 'subsample': 0.49787216334158724, 'colsample_bytree': 0.9380793935043924, 'learning_rate': 0.1754577689634318, 'reg_alpha': 2.287163254271946, 'reg_lambda': 0.0002101940502358753}. Best is trial 715 with value: 0.9377859576434285.
Trial 3020 finished with value: 0.7114429052344817 and parameters: {'max_depth': 10, 'min_child_weight': 5, 'gamma': 0.8327531870556698, 'subsample': 0.8688641430447334, 'colsample_bytree': 0.14444984498046864, 'learning_rate': 0.7688254206064319, 'reg_alpha': 0.003960768548350175, 'reg_lambda': 0.0009927599167678916}. Best is trial 715 with value: 0.9377859576434285.
Trial 3050 finished with value: 0.3907832666668551 and parameters: {'max_depth': 2, 'min_child_weight': 2, 'gamma': 0.020685814975345496, 'subsample': 0.4703706890989735, 'colsample_bytree': 0.4159636788697465, 'learning_rate': 0.47283188826316347, 'reg_alpha': 0.005363221342040587, 'reg_lambda': 0.009763124137055408}. Best is trial 715 with value: 0.9377859576434285.
Trial 3052 finished with value: 0.41521352689242025 and parameters: {'max_depth': 2, 'min_child_weight': 4, 'gamma': 0.3722622762706307, 'subsample': 0.517541579857005, 'colsample_bytree': 0.21282577705295413, 'learning_rate': 0.5536047341345955, 'reg_alpha': 9.017790093111675, 'reg_lambda': 0.021699735009502775}. Best is trial 715 with value: 0.9377859576434285.
Trial 3015 finished with value: 0.9020045058263638 and parameters: {'max_depth': 10, 'min_child_weight': 3, 'gamma': 0.08333325558686877, 'subsample': 0.6916349261396024, 'colsample_bytree': 0.9807045267392073, 'learning_rate': 0.14521366409369973, 'reg_alpha': 2.644537139787755, 'reg_lambda': 0.4338014211226509}. Best is trial 715 with value: 0.9377859576434285.
Trial 3053 finished with value: 0.4768676071049108 and parameters: {'max_depth': 2, 'min_child_weight': 1, 'gamma': 0.054142906322017015, 'subsample': 0.924944040185092, 'colsample_bytree': 0.6007994327906222, 'learning_rate': 0.6946889547774362, 'reg_alpha': 0.001458079681386223, 'reg_lambda': 0.027498453574724163}. Best is trial 715 with value: 0.9377859576434285.
Trial 3031 finished with value: 0.7460350488317239 and parameters: {'max_depth': 6, 'min_child_weight': 5, 'gamma': 0.8152718716209846, 'subsample': 0.5505615073616521, 'colsample_bytree': 0.328829718264638, 'learning_rate': 0.246529459868848, 'reg_alpha': 0.918262196915479, 'reg_lambda': 0.006502545374022724}. Best is trial 715 with value: 0.9377859576434285.
Trial 3059 finished with value: 0.09410277585740846 and parameters: {'max_depth': 1, 'min_child_weight': 1, 'gamma': 0.9567117339736593, 'subsample': 0.46460146663846935, 'colsample_bytree': 0.7921512117171016, 'learning_rate': 0.25801938966452986, 'reg_alpha': 0.1801886148655934, 'reg_lambda': 3.792708715135206}. Best is trial 715 with value: 0.9377859576434285.
Trial 3017 finished with value: 0.8913012653950287 and parameters: {'max_depth': 9, 'min_child_weight': 4, 'gamma': 0.32089703869581976, 'subsample': 0.48497125489721116, 'colsample_bytree': 0.7870012078382588, 'learning_rate': 0.15055816547533107, 'reg_alpha': 1.2558890756085008, 'reg_lambda': 0.03810757063560516}. Best is trial 715 with value: 0.9377859576434285.
Trial 3040 finished with value: -4948.68918455323 and parameters: {'max_depth': 5, 'min_child_weight': 1, 'gamma': 0.37913806741080447, 'subsample': 0.2288315332241656, 'colsample_bytree': 0.24036452236776584, 'learning_rate': 0.7396968929869691, 'reg_alpha': 0.015208017773981656, 'reg_lambda': 0.0002801773081907302}. Best is trial 715 with value: 0.9377859576434285.
Trial 3060 finished with value: -0.0208818020079811 and parameters: {'max_depth': 1, 'min_child_weight': 4, 'gamma': 0.8838107186939131, 'subsample': 0.22336910471712024, 'colsample_bytree': 0.01800442999337415, 'learning_rate': 0.533188701602529, 'reg_alpha': 0.42837444710444084, 'reg_lambda': 0.12520855964584363}. Best is trial 715 with value: 0.9377859576434285.
Trial 3049 finished with value: -0.05413265387193391 and parameters: {'max_depth': 10, 'min_child_weight': 4, 'gamma': 0.23574686442010317, 'subsample': 0.20122839346671728, 'colsample_bytree': 0.03612170710480078, 'learning_rate': 0.563195705182615, 'reg_alpha': 0.014260919798910688, 'reg_lambda': 0.0011047513481358268}. Best is trial 715 with value: 0.9377859576434285.
Trial 3028 finished with value: 0.7959119542672874 and parameters: {'max_depth': 9, 'min_child_weight': 4, 'gamma': 0.5456365583716362, 'subsample': 0.8548033584965983, 'colsample_bytree': 0.30600368526721766, 'learning_rate': 0.1447367668312579, 'reg_alpha': 0.09595457450879914, 'reg_lambda': 5.30428189692217}. Best is trial 715 with value: 0.9377859576434285.
Trial 3054 finished with value: 0.08387202419746578 and parameters: {'max_depth': 9, 'min_child_weight': 4, 'gamma': 0.1832201832648388, 'subsample': 0.47914059581641877, 'colsample_bytree': 0.051316759338750684, 'learning_rate': 0.18069253135153074, 'reg_alpha': 0.0004573735563963892, 'reg_lambda': 0.007950884781339818}. Best is trial 715 with value: 0.9377859576434285.
Trial 3063 finished with value: 0.44460989047589244 and parameters: {'max_depth': 2, 'min_child_weight': 1, 'gamma': 0.5314161497393198, 'subsample': 0.6168528375728396, 'colsample_bytree': 0.31488167796568545, 'learning_rate': 0.8693981728040959, 'reg_alpha': 0.4201748761943906, 'reg_lambda': 1.0033653130024425}. Best is trial 715 with value: 0.9377859576434285.
Trial 3046 finished with value: 0.46356662730245235 and parameters: {'max_depth': 10, 'min_child_weight': 5, 'gamma': 0.14449045597604449, 'subsample': 0.668636307326336, 'colsample_bytree': 0.11450645320135311, 'learning_rate': 0.5432869960689677, 'reg_alpha': 0.0002695943930887336, 'reg_lambda': 3.6705231903913735}. Best is trial 715 with value: 0.9377859576434285.
Trial 3014 finished with value: 0.9184506484931168 and parameters: {'max_depth': 10, 'min_child_weight': 2, 'gamma': 0.877931111952235, 'subsample': 0.9498424702447605, 'colsample_bytree': 0.7221313295880774, 'learning_rate': 0.7740521677676679, 'reg_alpha': 0.0026955086995135106, 'reg_lambda': 9.405752902477303}. Best is trial 715 with value: 0.9377859576434285.
Trial 3070 finished with value: 0.04436583182552091 and parameters: {'max_depth': 1, 'min_child_weight': 3, 'gamma': 0.3316911981494106, 'subsample': 0.5991910334885259, 'colsample_bytree': 0.5449980475292135, 'learning_rate': 0.5078860276170968, 'reg_alpha': 0.016891052040109503, 'reg_lambda': 0.3571858591489147}. Best is trial 715 with value: 0.9377859576434285.
Trial 3056 finished with value: -52.95284450784364 and parameters: {'max_depth': 6, 'min_child_weight': 3, 'gamma': 0.6790135500412798, 'subsample': 0.08547651929418842, 'colsample_bytree': 0.6832763693022803, 'learning_rate': 0.4980972454893825, 'reg_alpha': 1.8486072636440345, 'reg_lambda': 0.0005571414378937895}. Best is trial 715 with value: 0.9377859576434285.
Trial 3035 finished with value: -35874.17048915231 and parameters: {'max_depth': 10, 'min_child_weight': 2, 'gamma': 0.7494634446726123, 'subsample': 0.2929505649883314, 'colsample_bytree': 0.24292306229380123, 'learning_rate': 0.9465234266018406, 'reg_alpha': 0.018845842418528148, 'reg_lambda': 0.0074797795988932785}. Best is trial 715 with value: 0.9377859576434285.
Trial 3068 finished with value: 0.46702919977353863 and parameters: {'max_depth': 2, 'min_child_weight': 1, 'gamma': 0.5490866043739351, 'subsample': 0.7899663236458859, 'colsample_bytree': 0.6279071137704548, 'learning_rate': 0.42951851201893265, 'reg_alpha': 0.0002053898762729992, 'reg_lambda': 0.04313076110058983}. Best is trial 715 with value: 0.9377859576434285.
Trial 3042 finished with value: 0.789558548415441 and parameters: {'max_depth': 9, 'min_child_weight': 1, 'gamma': 0.2509506074627881, 'subsample': 0.8401822974147882, 'colsample_bytree': 0.21155581638490217, 'learning_rate': 0.9286898992096434, 'reg_alpha': 0.2564978355636741, 'reg_lambda': 0.18516411074943676}. Best is trial 715 with value: 0.9377859576434285.
Trial 3043 finished with value: 0.9002800436421112 and parameters: {'max_depth': 6, 'min_child_weight': 5, 'gamma': 0.6078611975643792, 'subsample': 0.7828094082947199, 'colsample_bytree': 0.889518596097764, 'learning_rate': 0.7216520654687117, 'reg_alpha': 0.2492697134343801, 'reg_lambda': 0.008738350150580202}. Best is trial 715 with value: 0.9377859576434285.
Trial 3065 finished with value: -0.5471103069738399 and parameters: {'max_depth': 10, 'min_child_weight': 5, 'gamma': 0.5618893784144565, 'subsample': 0.07121904918295108, 'colsample_bytree': 0.5690356959554421, 'learning_rate': 0.38462809589062463, 'reg_alpha': 0.024933599663112718, 'reg_lambda': 0.38017418457816443}. Best is trial 715 with value: 0.9377859576434285.
Trial 3057 finished with value: 0.7711605722582674 and parameters: {'max_depth': 5, 'min_child_weight': 1, 'gamma': 0.730900165131866, 'subsample': 0.8200257993304207, 'colsample_bytree': 0.22842361990084603, 'learning_rate': 0.26708879552582654, 'reg_alpha': 0.009937526859382465, 'reg_lambda': 0.17102220513111044}. Best is trial 715 with value: 0.9377859576434285.
Trial 3076 finished with value: 0.1430271867326406 and parameters: {'max_depth': 2, 'min_child_weight': 4, 'gamma': 0.2164756290819454, 'subsample': 0.19347028585501436, 'colsample_bytree': 0.8475450443000864, 'learning_rate': 0.5174200287452356, 'reg_alpha': 0.02769977559566108, 'reg_lambda': 0.6160890866052348}. Best is trial 715 with value: 0.9377859576434285.
Trial 3055 finished with value: 0.6781381224468468 and parameters: {'max_depth': 7, 'min_child_weight': 2, 'gamma': 0.8729986813956521, 'subsample': 0.1875597454063278, 'colsample_bytree': 0.5412993361576728, 'learning_rate': 0.04299631497826706, 'reg_alpha': 0.009932782215046848, 'reg_lambda': 0.010084377911598795}. Best is trial 715 with value: 0.9377859576434285.
Trial 3062 finished with value: 0.4769851595182648 and parameters: {'max_depth': 9, 'min_child_weight': 4, 'gamma': 0.8652558011167572, 'subsample': 0.8985200539007592, 'colsample_bytree': 0.11932878211669962, 'learning_rate': 0.8691469241460346, 'reg_alpha': 0.6646848825268873, 'reg_lambda': 0.1652829003509575}. Best is trial 715 with value: 0.9377859576434285.
Trial 3074 finished with value: -0.12699447712475073 and parameters: {'max_depth': 3, 'min_child_weight': 1, 'gamma': 0.15328219984622804, 'subsample': 0.414085927018948, 'colsample_bytree': 0.476178267618829, 'learning_rate': 0.9222177199726715, 'reg_alpha': 0.40700749567819866, 'reg_lambda': 0.090251485152299}. Best is trial 715 with value: 0.9377859576434285.
Trial 3048 finished with value: 0.8413174570500999 and parameters: {'max_depth': 9, 'min_child_weight': 1, 'gamma': 0.2324759015566844, 'subsample': 0.3298837723744136, 'colsample_bytree': 0.46027426330641075, 'learning_rate': 0.24815397068704415, 'reg_alpha': 0.9652396379094262, 'reg_lambda': 0.012830871634196578}. Best is trial 715 with value: 0.9377859576434285.
Trial 3058 finished with value: 0.8028815122413779 and parameters: {'max_depth': 8, 'min_child_weight': 3, 'gamma': 0.05728894700062559, 'subsample': 0.5241762849686394, 'colsample_bytree': 0.25755276399426286, 'learning_rate': 0.4628010412986562, 'reg_alpha': 0.08615837026777921, 'reg_lambda': 0.05732132885707727}. Best is trial 715 with value: 0.9377859576434285.
Trial 3079 finished with value: 0.5847619843692614 and parameters: {'max_depth': 3, 'min_child_weight': 1, 'gamma': 0.4266229027257865, 'subsample': 0.8556672001125775, 'colsample_bytree': 0.2089354339221685, 'learning_rate': 0.6650582839465183, 'reg_alpha': 0.03735554324588302, 'reg_lambda': 0.008914619615597936}. Best is trial 715 with value: 0.9377859576434285.
Trial 3051 finished with value: 0.8458040500125769 and parameters: {'max_depth': 9, 'min_child_weight': 4, 'gamma': 0.44522429222830984, 'subsample': 0.7524679086340277, 'colsample_bytree': 0.364357471267044, 'learning_rate': 0.5008405712969204, 'reg_alpha': 0.009366692811525423, 'reg_lambda': 0.0004311170226477019}. Best is trial 715 with value: 0.9377859576434285.
Trial 3039 finished with value: -7.353628036944152e+18 and parameters: {'max_depth': 9, 'min_child_weight': 1, 'gamma': 0.822364632158915, 'subsample': 0.40393760543662516, 'colsample_bytree': 0.628283084766, 'learning_rate': 0.9626258102397356, 'reg_alpha': 0.011292876563070434, 'reg_lambda': 0.0015516374112803312}. Best is trial 715 with value: 0.9377859576434285.
Trial 3072 finished with value: 0.8411507123884918 and parameters: {'max_depth': 4, 'min_child_weight': 4, 'gamma': 0.5477921357337593, 'subsample': 0.9324957229269936, 'colsample_bytree': 0.6793162463817074, 'learning_rate': 0.7436889729649617, 'reg_alpha': 0.6330244958909601, 'reg_lambda': 0.23611203657317473}. Best is trial 715 with value: 0.9377859576434285.
Trial 3061 finished with value: 0.9133326994459772 and parameters: {'max_depth': 8, 'min_child_weight': 1, 'gamma': 0.5097764208782866, 'subsample': 0.7855779899084789, 'colsample_bytree': 0.5083791388059555, 'learning_rate': 0.25715906509778397, 'reg_alpha': 1.6099859175079814, 'reg_lambda': 0.06311016522429017}. Best is trial 715 with value: 0.9377859576434285.
Trial 3075 finished with value: 0.08938386847496156 and parameters: {'max_depth': 8, 'min_child_weight': 5, 'gamma': 0.9701028057028751, 'subsample': 0.8292424505089853, 'colsample_bytree': 0.07406087364627467, 'learning_rate': 0.0882986096677294, 'reg_alpha': 0.04282219748722175, 'reg_lambda': 0.024674201353139257}. Best is trial 715 with value: 0.9377859576434285.
Trial 3047 finished with value: 0.7792646258782222 and parameters: {'max_depth': 9, 'min_child_weight': 2, 'gamma': 0.30529491774563355, 'subsample': 0.33587497859788584, 'colsample_bytree': 0.9569781079887307, 'learning_rate': 0.6896238751377453, 'reg_alpha': 0.30811751589863956, 'reg_lambda': 0.14099861806890077}. Best is trial 715 with value: 0.9377859576434285.
