Trial 2082 finished with value: 0.00416889683290963 and parameters: {'max_depth': 2, 'min_child_weight': 2, 'gamma': 0.38289470273593174, 'subsample': 0.20808386038301174, 'colsample_bytree': 0.14529250441955932, 'learning_rate': 0.5269588509133916, 'reg_alpha': 0.12118623959119709, 'reg_lambda': 0.0005543278779840935}. Best is trial 715 with value: 0.9377859576434285.
Trial 2031 finished with value: 0.909362705874547 and parameters: {'max_depth': 10, 'min_child_weight': 1, 'gamma': 0.4837136982257232, 'subsample': 0.8631070883739802, 'colsample_bytree': 0.8085249021738501, 'learning_rate': 0.3554921951292559, 'reg_alpha': 0.0004684410988457234, 'reg_lambda': 0.00016791766902131647}. Best is trial 715 with value: 0.9377859576434285.
Trial 2083 finished with value: 0.1050508441526552 and parameters: {'max_depth': 2, 'min_child_weight': 1, 'gamma': 0.5416851732920132, 'subsample': 0.4166497193355705, 'colsample_bytree': 0.3504719160195867, 'learning_rate': 0.9890976607546496, 'reg_alpha': 3.283302897188005, 'reg_lambda': 0.0001641009776347878}. Best is trial 715 with value: 0.9377859576434285.
Trial 2059 finished with value: 0.8639911268120616 and parameters: {'max_depth': 7, 'min_child_weight': 4, 'gamma': 0.5138430416501759, 'subsample': 0.543058490899528, 'colsample_bytree': 0.555639105213582, 'learning_rate': 0.4992715108020933, 'reg_alpha': 0.008778933084096571, 'reg_lambda': 0.8572773281810826}. Best is trial 715 with value: 0.9377859576434285.
Trial 2075 finished with value: 0.4846842659384853 and parameters: {'max_depth': 8, 'min_child_weight': 1, 'gamma': 0.4919216880627926, 'subsample': 0.3275760730357764, 'colsample_bytree': 0.11708957807661757, 'learning_rate': 0.13877808290524407, 'reg_alpha': 0.08347329806112722, 'reg_lambda': 7.115257632540415}. Best is trial 715 with value: 0.9377859576434285.
Trial 2063 finished with value: 0.8058543381408523 and parameters: {'max_depth': 10, 'min_child_weight': 1, 'gamma': 0.9428885268739786, 'subsample': 0.6709636879315816, 'colsample_bytree': 0.20077508240579534, 'learning_rate': 0.8141491524133226, 'reg_alpha': 0.12026084792221843, 'reg_lambda': 7.58038929124103}. Best is trial 715 with value: 0.9377859576434285.
Trial 2066 finished with value: -0.07206458337005411 and parameters: {'max_depth': 10, 'min_child_weight': 4, 'gamma': 0.8449178013517629, 'subsample': 0.3408330874283384, 'colsample_bytree': 0.20241315781044766, 'learning_rate': 0.6985360176588021, 'reg_alpha': 0.1356365509270182, 'reg_lambda': 0.00017000428734350912}. Best is trial 715 with value: 0.9377859576434285.
Trial 2078 finished with value: 0.6696785022176772 and parameters: {'max_depth': 4, 'min_child_weight': 4, 'gamma': 0.7413560650229514, 'subsample': 0.5242205207667928, 'colsample_bytree': 0.3756603297319515, 'learning_rate': 0.48505705767035423, 'reg_alpha': 0.10925639471248115, 'reg_lambda': 0.020327972545214023}. Best is trial 715 with value: 0.9377859576434285.
Trial 2073 finished with value: 0.8931953089460516 and parameters: {'max_depth': 5, 'min_child_weight': 3, 'gamma': 0.19407291190830533, 'subsample': 0.8069988067671208, 'colsample_bytree': 0.8239961548474802, 'learning_rate': 0.9671225031094473, 'reg_alpha': 0.0039841346674026595, 'reg_lambda': 0.0020778375039926054}. Best is trial 715 with value: 0.9377859576434285.
Trial 2058 finished with value: 0.8255822717753234 and parameters: {'max_depth': 10, 'min_child_weight': 3, 'gamma': 0.25555454756629725, 'subsample': 0.4338913690582996, 'colsample_bytree': 0.42368997520775886, 'learning_rate': 0.39191201834257405, 'reg_alpha': 0.22462145254009175, 'reg_lambda': 0.003490409892218138}. Best is trial 715 with value: 0.9377859576434285.
Trial 2088 finished with value: 0.008930993115308771 and parameters: {'max_depth': 4, 'min_child_weight': 4, 'gamma': 0.575345827800681, 'subsample': 0.5060900782418974, 'colsample_bytree': 0.02543959268041085, 'learning_rate': 0.9411972233551524, 'reg_alpha': 0.7388081548441287, 'reg_lambda': 7.006071153262243}. Best is trial 715 with value: 0.9377859576434285.
Trial 2071 finished with value: 0.8131588449218365 and parameters: {'max_depth': 7, 'min_child_weight': 5, 'gamma': 0.46386880771007755, 'subsample': 0.7332076445687337, 'colsample_bytree': 0.3816347077211252, 'learning_rate': 0.3123495646909942, 'reg_alpha': 1.319357032448207, 'reg_lambda': 0.005464120714241447}. Best is trial 715 with value: 0.9377859576434285.
Trial 2089 finished with value: 0.6255970191245245 and parameters: {'max_depth': 3, 'min_child_weight': 1, 'gamma': 0.09528584514696148, 'subsample': 0.7445206428619323, 'colsample_bytree': 0.35037239530161823, 'learning_rate': 0.37187427517501526, 'reg_alpha': 0.4818883123543852, 'reg_lambda': 0.028380558239400264}. Best is trial 715 with value: 0.9377859576434285.
Trial 2090 finished with value: 0.5174095132381025 and parameters: {'max_depth': 3, 'min_child_weight': 4, 'gamma': 0.69598654897796, 'subsample': 0.21055717342144065, 'colsample_bytree': 0.9916831117124826, 'learning_rate': 0.03889272015320422, 'reg_alpha': 0.0006009558092282107, 'reg_lambda': 0.00017798287758846024}. Best is trial 715 with value: 0.9377859576434285.
Trial 2091 finished with value: 0.7131292534780428 and parameters: {'max_depth': 3, 'min_child_weight': 3, 'gamma': 0.5296420782392273, 'subsample': 0.8811380592354421, 'colsample_bytree': 0.5285700994945787, 'learning_rate': 0.8058892633672453, 'reg_alpha': 0.005926536158968877, 'reg_lambda': 0.0010766578006717877}. Best is trial 715 with value: 0.9377859576434285.
Trial 2077 finished with value: 0.5859584886402252 and parameters: {'max_depth': 7, 'min_child_weight': 2, 'gamma': 0.07234444580548549, 'subsample': 0.5475425133501507, 'colsample_bytree': 0.18032113946261885, 'learning_rate': 0.6841268627870722, 'reg_alpha': 2.1640526269724263, 'reg_lambda': 0.006099818334998016}. Best is trial 715 with value: 0.9377859576434285.
Trial 2098 finished with value: 0.21194248747266203 and parameters: {'max_depth': 2, 'min_child_weight': 1, 'gamma': 0.3477605505963308, 'subsample': 0.365739624000617, 'colsample_bytree': 0.3537356157498164, 'learning_rate': 0.8345924742701041, 'reg_alpha': 4.168547824415726, 'reg_lambda': 2.3539655878181356}. Best is trial 715 with value: 0.9377859576434285.
Trial 2056 finished with value: 0.8544755420316934 and parameters: {'max_depth': 9, 'min_child_weight': 4, 'gamma': 0.05947983705209903, 'subsample': 0.7797492995007947, 'colsample_bytree': 0.6745584257719892, 'learning_rate': 0.649724919897704, 'reg_alpha': 0.0014075615919029781, 'reg_lambda': 0.00100818270357162}. Best is trial 715 with value: 0.9377859576434285.
Trial 2093 finished with value: 0.7261135815103765 and parameters: {'max_depth': 3, 'min_child_weight': 1, 'gamma': 0.04116840515975417, 'subsample': 0.8848362716804694, 'colsample_bytree': 0.9895753807631054, 'learning_rate': 0.2875630861787326, 'reg_alpha': 2.14879706351198, 'reg_lambda': 0.0007764820818784052}. Best is trial 715 with value: 0.9377859576434285.
Trial 2103 finished with value: -3.830422427834923 and parameters: {'max_depth': 4, 'min_child_weight': 3, 'gamma': 0.5654827566198568, 'subsample': 0.005595250220367443, 'colsample_bytree': 0.39732767560005844, 'learning_rate': 0.9398314895475032, 'reg_alpha': 0.04478955318764449, 'reg_lambda': 4.596504158400867}. Best is trial 715 with value: 0.9377859576434285.
Trial 2072 finished with value: 0.7565872434030139 and parameters: {'max_depth': 8, 'min_child_weight': 3, 'gamma': 0.7199939367324776, 'subsample': 0.44177445338654253, 'colsample_bytree': 0.95099321057127, 'learning_rate': 0.8671807657663214, 'reg_alpha': 2.3767673033528056, 'reg_lambda': 0.0029586396362480255}. Best is trial 715 with value: 0.9377859576434285.
Trial 2101 finished with value: 0.4459194739250776 and parameters: {'max_depth': 2, 'min_child_weight': 4, 'gamma': 0.6681624240341423, 'subsample': 0.7620954947777332, 'colsample_bytree': 0.5259787120229068, 'learning_rate': 0.8679954617429633, 'reg_alpha': 0.4539548448679975, 'reg_lambda': 0.7161628416761793}. Best is trial 715 with value: 0.9377859576434285.
Trial 2102 finished with value: -90.19652303102336 and parameters: {'max_depth': 3, 'min_child_weight': 5, 'gamma': 0.521233089426609, 'subsample': 0.04218086593051196, 'colsample_bytree': 0.9226070114946665, 'learning_rate': 0.729936394498718, 'reg_alpha': 6.001566290636805, 'reg_lambda': 0.09617706570654432}. Best is trial 715 with value: 0.9377859576434285.
Trial 2086 finished with value: 0.6118458005830818 and parameters: {'max_depth': 6, 'min_child_weight': 3, 'gamma': 0.583440150905477, 'subsample': 0.6647028729072848, 'colsample_bytree': 0.19537508138586002, 'learning_rate': 0.030348891550248003, 'reg_alpha': 0.3239424244066727, 'reg_lambda': 0.07588848722748454}. Best is trial 715 with value: 0.9377859576434285.
Trial 2081 finished with value: 0.7663621479425224 and parameters: {'max_depth': 9, 'min_child_weight': 4, 'gamma': 0.05339944602836422, 'subsample': 0.661566134784567, 'colsample_bytree': 0.19041671925994397, 'learning_rate': 0.3106073144959799, 'reg_alpha': 0.02795199364605929, 'reg_lambda': 0.00011652825583410227}. Best is trial 715 with value: 0.9377859576434285.
Trial 2111 finished with value: -2.0557656558450335 and parameters: {'max_depth': 10, 'min_child_weight': 5, 'gamma': 0.7030408828425315, 'subsample': 0.04326689081164514, 'colsample_bytree': 0.19092169884984245, 'learning_rate': 0.5533385317156451, 'reg_alpha': 3.0214267210855987, 'reg_lambda': 0.06560562615672096}. Best is trial 715 with value: 0.9377859576434285.
Trial 2104 finished with value: 0.6389166594840513 and parameters: {'max_depth': 3, 'min_child_weight': 2, 'gamma': 0.8068052229439072, 'subsample': 0.4617965137623977, 'colsample_bytree': 0.9636353265201615, 'learning_rate': 0.5867465002651273, 'reg_alpha': 0.0003926722301396985, 'reg_lambda': 0.7863250748697054}. Best is trial 715 with value: 0.9377859576434285.
Trial 2092 finished with value: -199.9706392467204 and parameters: {'max_depth': 8, 'min_child_weight': 5, 'gamma': 0.4042721480162439, 'subsample': 0.24295814920745384, 'colsample_bytree': 0.5418703396527195, 'learning_rate': 0.8901688708360418, 'reg_alpha': 0.00021075507831640297, 'reg_lambda': 0.036588800478694915}. Best is trial 715 with value: 0.9377859576434285.
Trial 2094 finished with value: 0.8382283927031383 and parameters: {'max_depth': 5, 'min_child_weight': 2, 'gamma': 0.8113605317233814, 'subsample': 0.7321956996729138, 'colsample_bytree': 0.919767982824463, 'learning_rate': 0.5473335015068198, 'reg_alpha': 1.116691379408985, 'reg_lambda': 0.014580995237184986}. Best is trial 715 with value: 0.9377859576434285.
Trial 2087 finished with value: 0.8553748687337 and parameters: {'max_depth': 9, 'min_child_weight': 4, 'gamma': 0.6490597521681475, 'subsample': 0.6503782649030363, 'colsample_bytree': 0.7123287985225433, 'learning_rate': 0.6402456618615735, 'reg_alpha': 6.82535598330964, 'reg_lambda': 9.388027776140088}. Best is trial 715 with value: 0.9377859576434285.
Trial 2110 finished with value: 0.6538456554801153 and parameters: {'max_depth': 3, 'min_child_weight': 2, 'gamma': 0.01410036965860062, 'subsample': 0.7803712993558967, 'colsample_bytree': 0.8926837131618931, 'learning_rate': 0.9980259538851355, 'reg_alpha': 0.03519427086797866, 'reg_lambda': 0.10111762459303378}. Best is trial 715 with value: 0.9377859576434285.
Trial 2115 finished with value: 0.4275699958555963 and parameters: {'max_depth': 2, 'min_child_weight': 4, 'gamma': 0.7455462877698045, 'subsample': 0.6800268072657321, 'colsample_bytree': 0.5750985623172912, 'learning_rate': 0.728820134053873, 'reg_alpha': 0.0031817234535142314, 'reg_lambda': 0.10107903783298099}. Best is trial 715 with value: 0.9377859576434285.
Trial 2085 finished with value: 0.8887395031547143 and parameters: {'max_depth': 7, 'min_child_weight': 4, 'gamma': 0.7987019480499431, 'subsample': 0.6841640786792589, 'colsample_bytree': 0.7312098699511079, 'learning_rate': 0.07758676456942848, 'reg_alpha': 0.1639760384701888, 'reg_lambda': 0.002439837549330393}. Best is trial 715 with value: 0.9377859576434285.
Trial 2112 finished with value: 0.03486803040297233 and parameters: {'max_depth': 8, 'min_child_weight': 5, 'gamma': 0.9105734775635399, 'subsample': 0.6738907115823554, 'colsample_bytree': 0.00863304762217132, 'learning_rate': 0.8863985957184729, 'reg_alpha': 0.009963407139304437, 'reg_lambda': 1.3951483443392292}. Best is trial 715 with value: 0.9377859576434285.
Trial 2105 finished with value: 0.10930965397061572 and parameters: {'max_depth': 6, 'min_child_weight': 2, 'gamma': 0.09588381776309718, 'subsample': 0.1582807065576658, 'colsample_bytree': 0.15884429063655714, 'learning_rate': 0.5273281833557916, 'reg_alpha': 0.5110549799348063, 'reg_lambda': 1.3394368195677535}. Best is trial 715 with value: 0.9377859576434285.
Trial 2121 finished with value: 0.04700190291641012 and parameters: {'max_depth': 1, 'min_child_weight': 1, 'gamma': 0.014007013540619395, 'subsample': 0.5458058279395794, 'colsample_bytree': 0.6962926393522211, 'learning_rate': 0.6996640795833234, 'reg_alpha': 0.0003690281644850215, 'reg_lambda': 0.0009960181643738526}. Best is trial 715 with value: 0.9377859576434285.
Trial 2099 finished with value: 0.6767483885671697 and parameters: {'max_depth': 10, 'min_child_weight': 5, 'gamma': 0.2922389930072422, 'subsample': 0.35989353665466783, 'colsample_bytree': 0.5243219391823891, 'learning_rate': 0.07758108692070709, 'reg_alpha': 7.252094583715628, 'reg_lambda': 1.9135082484718762}. Best is trial 715 with value: 0.9377859576434285.
Trial 2097 finished with value: 0.6688768793544307 and parameters: {'max_depth': 8, 'min_child_weight': 2, 'gamma': 0.2661815218304223, 'subsample': 0.575812421516767, 'colsample_bytree': 0.15145030523347214, 'learning_rate': 0.7258838141781804, 'reg_alpha': 0.17267017968502074, 'reg_lambda': 0.017088352550718052}. Best is trial 715 with value: 0.9377859576434285.
Trial 2118 finished with value: 0.19643609812158191 and parameters: {'max_depth': 2, 'min_child_weight': 5, 'gamma': 0.10631209112142836, 'subsample': 0.08541387777276932, 'colsample_bytree': 0.3759466865564395, 'learning_rate': 0.02413559720329106, 'reg_alpha': 0.00039093474282936194, 'reg_lambda': 0.00043209692305614544}. Best is trial 715 with value: 0.9377859576434285.
Trial 2108 finished with value: 0.8227372128988168 and parameters: {'max_depth': 4, 'min_child_weight': 3, 'gamma': 0.9933128161283294, 'subsample': 0.7811559842724138, 'colsample_bytree': 0.9568416630029419, 'learning_rate': 0.6581294696313323, 'reg_alpha': 0.0013368987216470065, 'reg_lambda': 0.004860073429137021}. Best is trial 715 with value: 0.9377859576434285.
Trial 2084 finished with value: 0.8709671674266894 and parameters: {'max_depth': 10, 'min_child_weight': 2, 'gamma': 0.06593157994683518, 'subsample': 0.6991076630381863, 'colsample_bytree': 0.3212509016560725, 'learning_rate': 0.44681159502204826, 'reg_alpha': 0.009193430672047824, 'reg_lambda': 0.0005268006330712288}. Best is trial 715 with value: 0.9377859576434285.
Trial 2095 finished with value: -20219.12893252856 and parameters: {'max_depth': 8, 'min_child_weight': 2, 'gamma': 0.36074286800232946, 'subsample': 0.15683495061919217, 'colsample_bytree': 0.91229956697038, 'learning_rate': 0.5710667874724246, 'reg_alpha': 3.682611302869316, 'reg_lambda': 0.03209023739539004}. Best is trial 715 with value: 0.9377859576434285.
Trial 2125 finished with value: 0.04912498468580988 and parameters: {'max_depth': 1, 'min_child_weight': 5, 'gamma': 0.5181509388708868, 'subsample': 0.16638683366882767, 'colsample_bytree': 0.7862825421411569, 'learning_rate': 0.3842137606123661, 'reg_alpha': 0.0002575098043571688, 'reg_lambda': 2.7476263405986763}. Best is trial 715 with value: 0.9377859576434285.
Trial 2096 finished with value: 0.8657041962282911 and parameters: {'max_depth': 6, 'min_child_weight': 1, 'gamma': 0.04078619438070019, 'subsample': 0.5336226457660136, 'colsample_bytree': 0.8858519292542602, 'learning_rate': 0.4208046497429967, 'reg_alpha': 0.0015436482196778062, 'reg_lambda': 0.00018657265678250816}. Best is trial 715 with value: 0.9377859576434285.
Trial 2126 finished with value: 0.07442491205693337 and parameters: {'max_depth': 1, 'min_child_weight': 5, 'gamma': 0.4042641034389415, 'subsample': 0.5064002336776806, 'colsample_bytree': 0.9537369505488235, 'learning_rate': 0.8112491074872562, 'reg_alpha': 7.793964189658491, 'reg_lambda': 0.0006279544851455891}. Best is trial 715 with value: 0.9377859576434285.
Trial 2117 finished with value: 0.04741645934838866 and parameters: {'max_depth': 5, 'min_child_weight': 2, 'gamma': 0.10835855369840086, 'subsample': 0.5895659276819236, 'colsample_bytree': 0.0017145061735278633, 'learning_rate': 0.5807142009517965, 'reg_alpha': 0.14064484663835683, 'reg_lambda': 0.025956806747587408}. Best is trial 715 with value: 0.9377859576434285.
Trial 2129 finished with value: -1.1616505797657548 and parameters: {'max_depth': 1, 'min_child_weight': 3, 'gamma': 0.078486629137961, 'subsample': 0.06415793018304272, 'colsample_bytree': 0.18368255641399944, 'learning_rate': 0.6567781903820937, 'reg_alpha': 0.0008680387850997521, 'reg_lambda': 0.002604015289352981}. Best is trial 715 with value: 0.9377859576434285.
Trial 2113 finished with value: 0.3784327326073377 and parameters: {'max_depth': 8, 'min_child_weight': 4, 'gamma': 0.0008007660380086046, 'subsample': 0.40489495765731565, 'colsample_bytree': 0.11199965685906088, 'learning_rate': 0.4819333695342424, 'reg_alpha': 0.0064317347920469356, 'reg_lambda': 0.12617059374630177}. Best is trial 715 with value: 0.9377859576434285.
Trial 2134 finished with value: 0.08334712645775466 and parameters: {'max_depth': 1, 'min_child_weight': 5, 'gamma': 0.45636242779011293, 'subsample': 0.6321460246030449, 'colsample_bytree': 0.4938808231156304, 'learning_rate': 0.9901820750473688, 'reg_alpha': 9.944017368546147, 'reg_lambda': 0.0008065034538042127}. Best is trial 715 with value: 0.9377859576434285.
Trial 2114 finished with value: 0.3817646590182586 and parameters: {'max_depth': 7, 'min_child_weight': 2, 'gamma': 0.8987362189049671, 'subsample': 0.650354241241513, 'colsample_bytree': 0.18135313585145807, 'learning_rate': 0.005616285037549851, 'reg_alpha': 1.1031320993151157, 'reg_lambda': 0.04191097640330878}. Best is trial 715 with value: 0.9377859576434285.
Trial 2135 finished with value: 0.06717208031408255 and parameters: {'max_depth': 1, 'min_child_weight': 2, 'gamma': 0.21694966272739746, 'subsample': 0.5014850067700037, 'colsample_bytree': 0.6899134421311425, 'learning_rate': 0.4837207516322164, 'reg_alpha': 0.0006884969253978826, 'reg_lambda': 0.00238314355911912}. Best is trial 715 with value: 0.9377859576434285.
Trial 2100 finished with value: 0.862584283488442 and parameters: {'max_depth': 9, 'min_child_weight': 1, 'gamma': 0.2809945289639375, 'subsample': 0.1605294591200782, 'colsample_bytree': 0.8404082852590047, 'learning_rate': 0.4696406418463456, 'reg_alpha': 0.3343201700690842, 'reg_lambda': 1.3354280209382317}. Best is trial 715 with value: 0.9377859576434285.
Trial 2109 finished with value: 0.7176066924055364 and parameters: {'max_depth': 7, 'min_child_weight': 5, 'gamma': 0.26333026467782605, 'subsample': 0.47238230117754787, 'colsample_bytree': 0.4524848683169421, 'learning_rate': 0.7051473127213824, 'reg_alpha': 0.00036997199667007056, 'reg_lambda': 0.542604750863546}. Best is trial 715 with value: 0.9377859576434285.
Trial 2107 finished with value: 0.7571643616735663 and parameters: {'max_depth': 10, 'min_child_weight': 1, 'gamma': 0.5827462186100333, 'subsample': 0.231303309060916, 'colsample_bytree': 0.4209162017118747, 'learning_rate': 0.3193753441183411, 'reg_alpha': 0.16279856649699273, 'reg_lambda': 4.286246055312466}. Best is trial 715 with value: 0.9377859576434285.
Trial 2116 finished with value: 0.6686926214542203 and parameters: {'max_depth': 5, 'min_child_weight': 1, 'gamma': 0.2134998296730044, 'subsample': 0.3059300076800232, 'colsample_bytree': 0.9285355883875869, 'learning_rate': 0.6890449097579259, 'reg_alpha': 0.0003836890436588336, 'reg_lambda': 1.180978215642614}. Best is trial 715 with value: 0.9377859576434285.
Trial 2130 finished with value: -2.2558756377129923 and parameters: {'max_depth': 4, 'min_child_weight': 5, 'gamma': 0.5155733070834922, 'subsample': 0.21269656173878382, 'colsample_bytree': 0.13114463375186936, 'learning_rate': 0.9518279527619493, 'reg_alpha': 0.0037919127887260083, 'reg_lambda': 0.00010495384348253051}. Best is trial 715 with value: 0.9377859576434285.
Trial 2119 finished with value: 0.7225635794768305 and parameters: {'max_depth': 6, 'min_child_weight': 1, 'gamma': 0.9356317290549558, 'subsample': 0.38477696090160474, 'colsample_bytree': 0.20768250691329992, 'learning_rate': 0.12168885597001233, 'reg_alpha': 0.00047852378976680465, 'reg_lambda': 0.0007208850733537848}. Best is trial 715 with value: 0.9377859576434285.
Trial 2128 finished with value: -16.77491384959523 and parameters: {'max_depth': 4, 'min_child_weight': 2, 'gamma': 0.5795247495197849, 'subsample': 0.34165372545737804, 'colsample_bytree': 0.44909104234834385, 'learning_rate': 0.9558675647059538, 'reg_alpha': 0.0318933091275417, 'reg_lambda': 0.09985895443781181}. Best is trial 715 with value: 0.9377859576434285.
Trial 2137 finished with value: 0.7426625380240078 and parameters: {'max_depth': 3, 'min_child_weight': 3, 'gamma': 0.4455271261836141, 'subsample': 0.9698284380286942, 'colsample_bytree': 0.5091197959113309, 'learning_rate': 0.9965668675083897, 'reg_alpha': 0.015682092142955493, 'reg_lambda': 0.006358488240326694}. Best is trial 715 with value: 0.9377859576434285.
