Trial 1104 finished with value: 0.8976270982166495 and parameters: {'max_depth': 9, 'min_child_weight': 5, 'gamma': 0.45265478506888834, 'subsample': 0.6172094173306651, 'colsample_bytree': 0.7755820292321467, 'learning_rate': 0.4209817117144943, 'reg_alpha': 1.2420891488429882, 'reg_lambda': 2.3848898989093463}. Best is trial 715 with value: 0.9377859576434285.
Trial 1138 finished with value: 0.2862512498820697 and parameters: {'max_depth': 2, 'min_child_weight': 1, 'gamma': 0.15389704694345863, 'subsample': 0.3064928170292194, 'colsample_bytree': 0.7015159465278203, 'learning_rate': 0.5058199003625722, 'reg_alpha': 6.8335329764935135, 'reg_lambda': 0.001887082859778501}. Best is trial 715 with value: 0.9377859576434285.
Trial 1123 finished with value: 0.48070999583425206 and parameters: {'max_depth': 10, 'min_child_weight': 5, 'gamma': 0.05745652947600177, 'subsample': 0.8697475295613921, 'colsample_bytree': 0.10460924133014471, 'learning_rate': 0.5098815229401747, 'reg_alpha': 0.5208894344159769, 'reg_lambda': 0.0038731728851818478}. Best is trial 715 with value: 0.9377859576434285.
Trial 1134 finished with value: 0.08255953859408356 and parameters: {'max_depth': 5, 'min_child_weight': 1, 'gamma': 0.9864477811125145, 'subsample': 0.7481590664229614, 'colsample_bytree': 0.026787759527240662, 'learning_rate': 0.16889276505671835, 'reg_alpha': 0.40203695878534923, 'reg_lambda': 0.00109306451002817}. Best is trial 715 with value: 0.9377859576434285.
Trial 1126 finished with value: 0.7446698365323228 and parameters: {'max_depth': 5, 'min_child_weight': 3, 'gamma': 0.11204019559435563, 'subsample': 0.5228387483600893, 'colsample_bytree': 0.5015260143182095, 'learning_rate': 0.8353869572365701, 'reg_alpha': 0.0033850417978844227, 'reg_lambda': 0.00018360382150547444}. Best is trial 715 with value: 0.9377859576434285.
Trial 1131 finished with value: 0.400780277998879 and parameters: {'max_depth': 6, 'min_child_weight': 4, 'gamma': 0.0014996377752310996, 'subsample': 0.157400929395766, 'colsample_bytree': 0.21776565937019077, 'learning_rate': 0.34526178068591296, 'reg_alpha': 0.5754443045362947, 'reg_lambda': 7.592289636916098}. Best is trial 715 with value: 0.9377859576434285.
Trial 1137 finished with value: 0.7070180210975097 and parameters: {'max_depth': 3, 'min_child_weight': 3, 'gamma': 0.36059388013017823, 'subsample': 0.7146476538744734, 'colsample_bytree': 0.7734807467754198, 'learning_rate': 0.310759600002374, 'reg_alpha': 0.04958911589858527, 'reg_lambda': 1.2062233362869597}. Best is trial 715 with value: 0.9377859576434285.
Trial 1148 finished with value: 0.0887825142473361 and parameters: {'max_depth': 1, 'min_child_weight': 5, 'gamma': 0.4526159156322572, 'subsample': 0.7916235264623586, 'colsample_bytree': 0.3186178515740583, 'learning_rate': 0.39081582394986236, 'reg_alpha': 0.0029608125278215024, 'reg_lambda': 0.0006228363585835132}. Best is trial 715 with value: 0.9377859576434285.
Trial 1140 finished with value: -26.123907491763642 and parameters: {'max_depth': 3, 'min_child_weight': 3, 'gamma': 0.28077346343225873, 'subsample': 0.1855902478046768, 'colsample_bytree': 0.5895982385553191, 'learning_rate': 0.7732302724761786, 'reg_alpha': 0.0009488890395089319, 'reg_lambda': 0.016617007774116618}. Best is trial 715 with value: 0.9377859576434285.
Trial 1147 finished with value: 0.09792942548949099 and parameters: {'max_depth': 2, 'min_child_weight': 1, 'gamma': 0.41931862474391635, 'subsample': 0.39375899318628205, 'colsample_bytree': 0.0610362592540159, 'learning_rate': 0.05705557132804817, 'reg_alpha': 0.049327216968340484, 'reg_lambda': 0.0945475162665301}. Best is trial 715 with value: 0.9377859576434285.
Trial 1151 finished with value: 0.0816308620412918 and parameters: {'max_depth': 1, 'min_child_weight': 5, 'gamma': 0.7066858913257915, 'subsample': 0.5775917211743797, 'colsample_bytree': 0.37414082873398247, 'learning_rate': 0.24784109582445268, 'reg_alpha': 8.367235253703308, 'reg_lambda': 0.7465733683625779}. Best is trial 715 with value: 0.9377859576434285.
Trial 1105 finished with value: 0.8320657616882352 and parameters: {'max_depth': 9, 'min_child_weight': 3, 'gamma': 0.03392597662259611, 'subsample': 0.6202536577271001, 'colsample_bytree': 0.6381023071947888, 'learning_rate': 0.936777552434262, 'reg_alpha': 0.00045517229210757006, 'reg_lambda': 0.009959891296923882}. Best is trial 715 with value: 0.9377859576434285.
Trial 1118 finished with value: 0.9053029587187147 and parameters: {'max_depth': 7, 'min_child_weight': 5, 'gamma': 0.8582870134119321, 'subsample': 0.8419074621242766, 'colsample_bytree': 0.7061227301225992, 'learning_rate': 0.7594255667765525, 'reg_alpha': 0.001712961314078274, 'reg_lambda': 0.048440430765209146}. Best is trial 715 with value: 0.9377859576434285.
Trial 1143 finished with value: 0.24956551863452991 and parameters: {'max_depth': 4, 'min_child_weight': 4, 'gamma': 0.24736427182599352, 'subsample': 0.3573307995832181, 'colsample_bytree': 0.11388578695516272, 'learning_rate': 0.7138148609661278, 'reg_alpha': 4.794069053613642, 'reg_lambda': 0.00016994541099411465}. Best is trial 715 with value: 0.9377859576434285.
Trial 1154 finished with value: 0.08378454678089134 and parameters: {'max_depth': 1, 'min_child_weight': 5, 'gamma': 0.5268642799707806, 'subsample': 0.550583242884201, 'colsample_bytree': 0.5086302973928964, 'learning_rate': 0.13313368095356504, 'reg_alpha': 0.15353255322167977, 'reg_lambda': 0.011993554939104915}. Best is trial 715 with value: 0.9377859576434285.
Trial 1130 finished with value: 0.43254563921415584 and parameters: {'max_depth': 8, 'min_child_weight': 4, 'gamma': 0.5651367690641248, 'subsample': 0.22674211214613338, 'colsample_bytree': 0.3137607715023094, 'learning_rate': 0.4811271256316684, 'reg_alpha': 0.00011048578601324754, 'reg_lambda': 0.00019258532313283136}. Best is trial 715 with value: 0.9377859576434285.
Trial 1111 finished with value: 0.9014151886603341 and parameters: {'max_depth': 10, 'min_child_weight': 5, 'gamma': 0.6356081541532779, 'subsample': 0.7471386465014275, 'colsample_bytree': 0.7163299710408083, 'learning_rate': 0.6655869813860835, 'reg_alpha': 0.00013403277756302047, 'reg_lambda': 1.6793034520356345}. Best is trial 715 with value: 0.9377859576434285.
Trial 1149 finished with value: -0.8966740176295366 and parameters: {'max_depth': 8, 'min_child_weight': 4, 'gamma': 0.4109192808511902, 'subsample': 0.049078795889929805, 'colsample_bytree': 0.14671131184222785, 'learning_rate': 0.3014431468113645, 'reg_alpha': 0.013332860880441838, 'reg_lambda': 0.025198010853712823}. Best is trial 715 with value: 0.9377859576434285.
Trial 1152 finished with value: 0.4498329806899723 and parameters: {'max_depth': 2, 'min_child_weight': 5, 'gamma': 0.6707722218161686, 'subsample': 0.6422697754248162, 'colsample_bytree': 0.3574698331642663, 'learning_rate': 0.25790376579910856, 'reg_alpha': 0.0006418239372978363, 'reg_lambda': 0.0012535243694067222}. Best is trial 715 with value: 0.9377859576434285.
Trial 1155 finished with value: 0.39675215252715884 and parameters: {'max_depth': 2, 'min_child_weight': 4, 'gamma': 0.08002180023737404, 'subsample': 0.5938120490091934, 'colsample_bytree': 0.7323861213963208, 'learning_rate': 0.6497706556764298, 'reg_alpha': 0.01975403421717908, 'reg_lambda': 0.018928830847668304}. Best is trial 715 with value: 0.9377859576434285.
Trial 1133 finished with value: 0.8764695038181227 and parameters: {'max_depth': 8, 'min_child_weight': 1, 'gamma': 0.7857378457187502, 'subsample': 0.7271697914036092, 'colsample_bytree': 0.7965387148631585, 'learning_rate': 0.8585131926765655, 'reg_alpha': 6.676792526427834, 'reg_lambda': 0.001454016824472382}. Best is trial 715 with value: 0.9377859576434285.
Trial 1158 finished with value: 0.0902163742787236 and parameters: {'max_depth': 1, 'min_child_weight': 5, 'gamma': 0.23560447488411074, 'subsample': 0.6644602852179771, 'colsample_bytree': 0.32072326676495133, 'learning_rate': 0.44775407411780677, 'reg_alpha': 0.013362563708386635, 'reg_lambda': 2.7993905097778478}. Best is trial 715 with value: 0.9377859576434285.
Trial 1106 finished with value: 0.9050659924839397 and parameters: {'max_depth': 9, 'min_child_weight': 1, 'gamma': 0.7050233601978659, 'subsample': 0.8019487381364969, 'colsample_bytree': 0.6878866543373574, 'learning_rate': 0.8170567740872384, 'reg_alpha': 0.06264214887692489, 'reg_lambda': 0.004580938794888027}. Best is trial 715 with value: 0.9377859576434285.
Trial 1156 finished with value: 0.47740170081641947 and parameters: {'max_depth': 2, 'min_child_weight': 2, 'gamma': 0.9505244042824494, 'subsample': 0.7991028581760099, 'colsample_bytree': 0.9935204467657949, 'learning_rate': 0.3712076179707854, 'reg_alpha': 0.0008464807789432935, 'reg_lambda': 0.16688329944454305}. Best is trial 715 with value: 0.9377859576434285.
Trial 1142 finished with value: 0.6512833702807187 and parameters: {'max_depth': 6, 'min_child_weight': 4, 'gamma': 0.3055846256801995, 'subsample': 0.6002734273301472, 'colsample_bytree': 0.16317552671356972, 'learning_rate': 0.3845806651096798, 'reg_alpha': 0.4888143549324663, 'reg_lambda': 2.6202990398232084}. Best is trial 715 with value: 0.9377859576434285.
Trial 1164 finished with value: 0.08346925894419724 and parameters: {'max_depth': 1, 'min_child_weight': 4, 'gamma': 0.8228556420760459, 'subsample': 0.2988621208526022, 'colsample_bytree': 0.12728628499813, 'learning_rate': 0.04589911519178358, 'reg_alpha': 0.7361413587904627, 'reg_lambda': 0.0004565167082201133}. Best is trial 715 with value: 0.9377859576434285.
Trial 1135 finished with value: 0.42887765391239385 and parameters: {'max_depth': 8, 'min_child_weight': 2, 'gamma': 0.8308907257993561, 'subsample': 0.13118075482753788, 'colsample_bytree': 0.5119212497538034, 'learning_rate': 0.31703430640905783, 'reg_alpha': 0.01672580728997425, 'reg_lambda': 0.3737376781900783}. Best is trial 715 with value: 0.9377859576434285.
Trial 1159 finished with value: 0.4775654625450097 and parameters: {'max_depth': 2, 'min_child_weight': 5, 'gamma': 0.8995808920646846, 'subsample': 0.664668259837477, 'colsample_bytree': 0.28772845145801107, 'learning_rate': 0.27311690652799037, 'reg_alpha': 0.020450161128193797, 'reg_lambda': 0.005303397668233361}. Best is trial 715 with value: 0.9377859576434285.
Trial 1139 finished with value: 0.8608069127181546 and parameters: {'max_depth': 8, 'min_child_weight': 1, 'gamma': 0.14687029115232908, 'subsample': 0.6169890003832517, 'colsample_bytree': 0.32839592238720305, 'learning_rate': 0.9690603852930868, 'reg_alpha': 4.445061685127999, 'reg_lambda': 0.1619127059741114}. Best is trial 715 with value: 0.9377859576434285.
Trial 1157 finished with value: 0.7179815042558387 and parameters: {'max_depth': 3, 'min_child_weight': 3, 'gamma': 0.262037959147155, 'subsample': 0.9024676302683464, 'colsample_bytree': 0.8614050599207997, 'learning_rate': 0.3379369570226223, 'reg_alpha': 0.24904540808681716, 'reg_lambda': 1.0397966446068552}. Best is trial 715 with value: 0.9377859576434285.
Trial 1161 finished with value: -27616.44910759375 and parameters: {'max_depth': 8, 'min_child_weight': 4, 'gamma': 0.8768257371357159, 'subsample': 0.04620975269575267, 'colsample_bytree': 0.8076584564209921, 'learning_rate': 0.7531988656729625, 'reg_alpha': 0.0002127673485470246, 'reg_lambda': 0.31795042404523755}. Best is trial 715 with value: 0.9377859576434285.
Trial 1168 finished with value: 0.45882216016889976 and parameters: {'max_depth': 2, 'min_child_weight': 4, 'gamma': 0.729368256954128, 'subsample': 0.6511129934255695, 'colsample_bytree': 0.4161819752111796, 'learning_rate': 0.461828524830573, 'reg_alpha': 0.015589510614418225, 'reg_lambda': 0.7184568145236597}. Best is trial 715 with value: 0.9377859576434285.
Trial 1132 finished with value: 0.9092138057388947 and parameters: {'max_depth': 7, 'min_child_weight': 3, 'gamma': 0.8156563467830545, 'subsample': 0.5788117004672062, 'colsample_bytree': 0.99737647430719, 'learning_rate': 0.3418508222740071, 'reg_alpha': 0.06582825411522772, 'reg_lambda': 0.2571576271507752}. Best is trial 715 with value: 0.9377859576434285.
Trial 1176 finished with value: 0.10346051757529526 and parameters: {'max_depth': 1, 'min_child_weight': 5, 'gamma': 0.009012189190938713, 'subsample': 0.8044911407375882, 'colsample_bytree': 0.5114602821954841, 'learning_rate': 0.7301012642734055, 'reg_alpha': 0.0003395197022866489, 'reg_lambda': 0.1147447730079481}. Best is trial 715 with value: 0.9377859576434285.
Trial 1172 finished with value: 0.06369330319960702 and parameters: {'max_depth': 2, 'min_child_weight': 4, 'gamma': 0.9356405238612028, 'subsample': 0.21149327718181143, 'colsample_bytree': 0.45164052479725647, 'learning_rate': 0.5755910109110247, 'reg_alpha': 0.019028705924181856, 'reg_lambda': 0.1801630621460555}. Best is trial 715 with value: 0.9377859576434285.
Trial 1144 finished with value: 0.9091252076029901 and parameters: {'max_depth': 7, 'min_child_weight': 2, 'gamma': 0.2205231532084604, 'subsample': 0.6109797775597454, 'colsample_bytree': 0.6705098377470289, 'learning_rate': 0.3169083985389426, 'reg_alpha': 1.9391027645399646, 'reg_lambda': 0.0002740425733933527}. Best is trial 715 with value: 0.9377859576434285.
Trial 1153 finished with value: 0.9083948520920624 and parameters: {'max_depth': 10, 'min_child_weight': 5, 'gamma': 0.10246570282145795, 'subsample': 0.9554777199725647, 'colsample_bytree': 0.6977452300863556, 'learning_rate': 0.6436809778071642, 'reg_alpha': 4.925685017268348, 'reg_lambda': 2.3761361250309427}. Best is trial 715 with value: 0.9377859576434285.
Trial 1146 finished with value: 0.9018149977445936 and parameters: {'max_depth': 6, 'min_child_weight': 3, 'gamma': 0.5902519580389815, 'subsample': 0.8460117379359817, 'colsample_bytree': 0.5329186792920844, 'learning_rate': 0.42267790047332887, 'reg_alpha': 0.00011148867670081314, 'reg_lambda': 1.6171655228229176}. Best is trial 715 with value: 0.9377859576434285.
Trial 1145 finished with value: 0.8939302549443303 and parameters: {'max_depth': 7, 'min_child_weight': 4, 'gamma': 0.5471245382342259, 'subsample': 0.7542014903899733, 'colsample_bytree': 0.47113449298254517, 'learning_rate': 0.8396356849240869, 'reg_alpha': 2.267507756601044, 'reg_lambda': 0.13422913975641723}. Best is trial 715 with value: 0.9377859576434285.
Trial 1165 finished with value: 0.7782187315730311 and parameters: {'max_depth': 4, 'min_child_weight': 5, 'gamma': 0.193126733338446, 'subsample': 0.6472603134197173, 'colsample_bytree': 0.5879619683612484, 'learning_rate': 0.48035493713653055, 'reg_alpha': 0.07988935139018842, 'reg_lambda': 0.18837081140680137}. Best is trial 715 with value: 0.9377859576434285.
Trial 1175 finished with value: 0.6877907995807006 and parameters: {'max_depth': 3, 'min_child_weight': 4, 'gamma': 0.8455264995807676, 'subsample': 0.7331514222687221, 'colsample_bytree': 0.5022730322821989, 'learning_rate': 0.9644091151500174, 'reg_alpha': 0.0003331156664796667, 'reg_lambda': 0.004326793073328768}. Best is trial 715 with value: 0.9377859576434285.
Trial 1169 finished with value: -844690972146.7227 and parameters: {'max_depth': 7, 'min_child_weight': 4, 'gamma': 0.12299432463512239, 'subsample': 0.09116069724220244, 'colsample_bytree': 0.8269636412592666, 'learning_rate': 0.8397021222309946, 'reg_alpha': 6.8891770671547805, 'reg_lambda': 0.00013747160642574289}. Best is trial 715 with value: 0.9377859576434285.
Trial 1150 finished with value: 0.7110869663604017 and parameters: {'max_depth': 10, 'min_child_weight': 5, 'gamma': 0.07740308259990636, 'subsample': 0.41717694349952517, 'colsample_bytree': 0.27562771160679367, 'learning_rate': 0.27536351385094104, 'reg_alpha': 0.09764628126048737, 'reg_lambda': 0.04993062919100133}. Best is trial 715 with value: 0.9377859576434285.
Trial 1171 finished with value: 0.3362646281328898 and parameters: {'max_depth': 4, 'min_child_weight': 4, 'gamma': 0.767760742132991, 'subsample': 0.2520299753682188, 'colsample_bytree': 0.8694800555298319, 'learning_rate': 0.5201711956770212, 'reg_alpha': 1.3493590565965976, 'reg_lambda': 0.00011960043872569227}. Best is trial 715 with value: 0.9377859576434285.
Trial 1170 finished with value: 0.7266077183502786 and parameters: {'max_depth': 4, 'min_child_weight': 3, 'gamma': 0.8245717205599846, 'subsample': 0.67214845081703, 'colsample_bytree': 0.7809373454047833, 'learning_rate': 0.09326335929044172, 'reg_alpha': 0.9777899568542378, 'reg_lambda': 6.802643855270018}. Best is trial 715 with value: 0.9377859576434285.
Trial 1162 finished with value: 0.8138892999242935 and parameters: {'max_depth': 5, 'min_child_weight': 1, 'gamma': 0.04646907895840868, 'subsample': 0.3681128953221271, 'colsample_bytree': 0.5861506315383523, 'learning_rate': 0.2828320604622496, 'reg_alpha': 0.04083363534582669, 'reg_lambda': 0.04731412945339167}. Best is trial 715 with value: 0.9377859576434285.
Trial 1167 finished with value: 0.8109075393336775 and parameters: {'max_depth': 5, 'min_child_weight': 3, 'gamma': 0.4541704420571595, 'subsample': 0.870642901792058, 'colsample_bytree': 0.2731867327822085, 'learning_rate': 0.7830109224446969, 'reg_alpha': 0.0007573143146540687, 'reg_lambda': 0.00831841632910183}. Best is trial 715 with value: 0.9377859576434285.
Trial 1180 finished with value: -0.24776190251486263 and parameters: {'max_depth': 10, 'min_child_weight': 3, 'gamma': 0.45444061441571193, 'subsample': 0.06088078662902563, 'colsample_bytree': 0.08156793976365373, 'learning_rate': 0.4270139572004644, 'reg_alpha': 4.194898070501994, 'reg_lambda': 0.3459027903675492}. Best is trial 715 with value: 0.9377859576434285.
Trial 1184 finished with value: 0.09574711083661754 and parameters: {'max_depth': 2, 'min_child_weight': 5, 'gamma': 0.4322838641229414, 'subsample': 0.3991059106604661, 'colsample_bytree': 0.9094514986246846, 'learning_rate': 0.9206313922167363, 'reg_alpha': 0.0732108705318824, 'reg_lambda': 0.9211238851148309}. Best is trial 715 with value: 0.9377859576434285.
Trial 1166 finished with value: -1.2500419551873936 and parameters: {'max_depth': 10, 'min_child_weight': 4, 'gamma': 0.7359364769424315, 'subsample': 0.1596027790055018, 'colsample_bytree': 0.5310983530236932, 'learning_rate': 0.5066181589611696, 'reg_alpha': 0.693620852982762, 'reg_lambda': 0.0001418312384181207}. Best is trial 715 with value: 0.9377859576434285.
Trial 1186 finished with value: 0.4769471231036886 and parameters: {'max_depth': 2, 'min_child_weight': 4, 'gamma': 0.5234821385591052, 'subsample': 0.9408435319960009, 'colsample_bytree': 0.7655337881835674, 'learning_rate': 0.9641952566944508, 'reg_alpha': 0.5083660896573614, 'reg_lambda': 0.7696235241902194}. Best is trial 715 with value: 0.9377859576434285.
Trial 1191 finished with value: 0.04914418983050182 and parameters: {'max_depth': 1, 'min_child_weight': 5, 'gamma': 0.5375944392415783, 'subsample': 0.39349679152071837, 'colsample_bytree': 0.6490843989657195, 'learning_rate': 0.25050075040218134, 'reg_alpha': 0.0009826540730168882, 'reg_lambda': 0.011041040134977476}. Best is trial 715 with value: 0.9377859576434285.
Trial 1174 finished with value: -2.17568042989656e+16 and parameters: {'max_depth': 8, 'min_child_weight': 4, 'gamma': 0.11224836489458179, 'subsample': 0.13577631080873154, 'colsample_bytree': 0.8032543797702314, 'learning_rate': 0.9369949332774273, 'reg_alpha': 0.050247592492398595, 'reg_lambda': 0.0024482142713601086}. Best is trial 715 with value: 0.9377859576434285.
Trial 1173 finished with value: 0.8512830502702469 and parameters: {'max_depth': 5, 'min_child_weight': 4, 'gamma': 0.036940606444341606, 'subsample': 0.9694699790187904, 'colsample_bytree': 0.5486394945674377, 'learning_rate': 0.2094615933924353, 'reg_alpha': 0.001150791829984384, 'reg_lambda': 0.0011040480002106196}. Best is trial 715 with value: 0.9377859576434285.
Trial 1190 finished with value: 0.4800409131213664 and parameters: {'max_depth': 2, 'min_child_weight': 3, 'gamma': 0.02709240098892285, 'subsample': 0.9515036120872439, 'colsample_bytree': 0.5339417660959698, 'learning_rate': 0.23205596942176265, 'reg_alpha': 0.00011353439893126117, 'reg_lambda': 0.001179095339235232}. Best is trial 715 with value: 0.9377859576434285.
Trial 1177 finished with value: 0.5821499371660137 and parameters: {'max_depth': 5, 'min_child_weight': 4, 'gamma': 0.38276182371239187, 'subsample': 0.22375265993317883, 'colsample_bytree': 0.7100307663451159, 'learning_rate': 0.3895709364188712, 'reg_alpha': 0.009392407879889405, 'reg_lambda': 0.013364620706914934}. Best is trial 715 with value: 0.9377859576434285.
Trial 1198 finished with value: 0.00020084521214174255 and parameters: {'max_depth': 1, 'min_child_weight': 5, 'gamma': 0.6669825637626337, 'subsample': 0.10112969347268341, 'colsample_bytree': 0.4609625771285284, 'learning_rate': 0.22200138075716813, 'reg_alpha': 0.01498181759860254, 'reg_lambda': 0.00018545610981416188}. Best is trial 715 with value: 0.9377859576434285.
Trial 1200 finished with value: 0.02745323666156757 and parameters: {'max_depth': 1, 'min_child_weight': 4, 'gamma': 0.9710328730404322, 'subsample': 0.4705702235356024, 'colsample_bytree': 0.07863090657754845, 'learning_rate': 0.7919218676627794, 'reg_alpha': 0.0006309348957342821, 'reg_lambda': 0.012858697074184498}. Best is trial 715 with value: 0.9377859576434285.
Trial 1181 finished with value: -13625.988337353727 and parameters: {'max_depth': 5, 'min_child_weight': 2, 'gamma': 0.3325802572540729, 'subsample': 0.08594504304498352, 'colsample_bytree': 0.7053201257716594, 'learning_rate': 0.5180488120546635, 'reg_alpha': 8.551497179354357, 'reg_lambda': 0.001679155368112327}. Best is trial 715 with value: 0.9377859576434285.
