Trial 3206 finished with value: 0.09306143898605582 and parameters: {'max_depth': 1, 'min_child_weight': 1, 'gamma': 0.28235481895343173, 'subsample': 0.9020387630728409, 'colsample_bytree': 0.7971481289057213, 'learning_rate': 0.1881251882863335, 'reg_alpha': 0.011423348865179667, 'reg_lambda': 0.0021339401748832255}. Best is trial 715 with value: 0.9377859576434285.
Trial 3170 finished with value: 0.902449195499902 and parameters: {'max_depth': 10, 'min_child_weight': 2, 'gamma': 0.34440974605381147, 'subsample': 0.752125479226396, 'colsample_bytree': 0.47578927911652935, 'learning_rate': 0.11949483867764299, 'reg_alpha': 0.008714982076840783, 'reg_lambda': 0.0029666106011054156}. Best is trial 715 with value: 0.9377859576434285.
Trial 3209 finished with value: -0.12377161055876298 and parameters: {'max_depth': 1, 'min_child_weight': 1, 'gamma': 0.5101656352610071, 'subsample': 0.17230416398640824, 'colsample_bytree': 0.8098206259478536, 'learning_rate': 0.5716929743342455, 'reg_alpha': 7.992203061512323, 'reg_lambda': 0.05191032466951527}. Best is trial 715 with value: 0.9377859576434285.
Trial 3204 finished with value: 0.4448869880447216 and parameters: {'max_depth': 2, 'min_child_weight': 2, 'gamma': 0.5102586146287081, 'subsample': 0.7585349009975538, 'colsample_bytree': 0.7238730428743742, 'learning_rate': 0.7667364745464432, 'reg_alpha': 0.1070521905523648, 'reg_lambda': 0.007791391716820409}. Best is trial 715 with value: 0.9377859576434285.
Trial 3205 finished with value: 0.48409182812199314 and parameters: {'max_depth': 2, 'min_child_weight': 4, 'gamma': 0.8688518859290544, 'subsample': 0.9601413554067666, 'colsample_bytree': 0.48561845466304876, 'learning_rate': 0.7849151231809989, 'reg_alpha': 0.6398848229739543, 'reg_lambda': 0.020015255944734738}. Best is trial 715 with value: 0.9377859576434285.
Trial 3182 finished with value: 0.8578117963682721 and parameters: {'max_depth': 9, 'min_child_weight': 5, 'gamma': 0.3936770359052837, 'subsample': 0.5142964065864567, 'colsample_bytree': 0.7144702131743323, 'learning_rate': 0.3267612279077752, 'reg_alpha': 0.000504358253069946, 'reg_lambda': 0.007234591312302181}. Best is trial 715 with value: 0.9377859576434285.
Trial 3191 finished with value: 0.854612165935164 and parameters: {'max_depth': 5, 'min_child_weight': 3, 'gamma': 0.6716830870230347, 'subsample': 0.6942058850166425, 'colsample_bytree': 0.6119842044203785, 'learning_rate': 0.5493410392646964, 'reg_alpha': 0.11083687277269383, 'reg_lambda': 0.0014026358232624668}. Best is trial 715 with value: 0.9377859576434285.
Trial 3207 finished with value: 0.45443385040148915 and parameters: {'max_depth': 2, 'min_child_weight': 4, 'gamma': 0.4671420271505363, 'subsample': 0.6616451938931969, 'colsample_bytree': 0.6818834334602751, 'learning_rate': 0.3850315789619314, 'reg_alpha': 2.734984316823777, 'reg_lambda': 0.032478909453760516}. Best is trial 715 with value: 0.9377859576434285.
Trial 3184 finished with value: 0.9208691438217846 and parameters: {'max_depth': 7, 'min_child_weight': 4, 'gamma': 0.3077805814896023, 'subsample': 0.6612887358805127, 'colsample_bytree': 0.7940705402969936, 'learning_rate': 0.6741217104521455, 'reg_alpha': 0.00011387497002007045, 'reg_lambda': 0.09292773713605651}. Best is trial 715 with value: 0.9377859576434285.
Trial 3187 finished with value: 0.8152355297640701 and parameters: {'max_depth': 8, 'min_child_weight': 5, 'gamma': 0.8352461127467055, 'subsample': 0.5503646597862106, 'colsample_bytree': 0.7151876815631296, 'learning_rate': 0.9841582906806017, 'reg_alpha': 0.013905702192527998, 'reg_lambda': 3.857733891485544}. Best is trial 715 with value: 0.9377859576434285.
Trial 3203 finished with value: -177503838436.00394 and parameters: {'max_depth': 7, 'min_child_weight': 4, 'gamma': 0.09535164211820935, 'subsample': 0.06136824007315156, 'colsample_bytree': 0.29668265514488734, 'learning_rate': 0.9889043750632043, 'reg_alpha': 1.1326176188428116, 'reg_lambda': 0.00024965245736016}. Best is trial 715 with value: 0.9377859576434285.
Trial 3192 finished with value: -1.7915237450003213e+28 and parameters: {'max_depth': 9, 'min_child_weight': 3, 'gamma': 0.07125363966003528, 'subsample': 0.11701984856047154, 'colsample_bytree': 0.9425538275798894, 'learning_rate': 0.9148560085425325, 'reg_alpha': 0.012906826329411593, 'reg_lambda': 0.03534557235907859}. Best is trial 715 with value: 0.9377859576434285.
Trial 3195 finished with value: 0.5018912961677822 and parameters: {'max_depth': 5, 'min_child_weight': 3, 'gamma': 0.2751688863039995, 'subsample': 0.5523042046773295, 'colsample_bytree': 0.33889350445356736, 'learning_rate': 0.007079450183942626, 'reg_alpha': 0.0008747649615759213, 'reg_lambda': 0.003757658428837986}. Best is trial 715 with value: 0.9377859576434285.
Trial 3211 finished with value: 0.48597342921064235 and parameters: {'max_depth': 2, 'min_child_weight': 1, 'gamma': 0.6766725831537056, 'subsample': 0.8817798023654486, 'colsample_bytree': 0.5172006047099761, 'learning_rate': 0.43297361549830815, 'reg_alpha': 0.0013667738743802919, 'reg_lambda': 0.0003593563475333457}. Best is trial 715 with value: 0.9377859576434285.
Trial 3197 finished with value: -0.21170777786769607 and parameters: {'max_depth': 5, 'min_child_weight': 4, 'gamma': 0.44767543708218116, 'subsample': 0.43954656868769637, 'colsample_bytree': 0.37112826450630965, 'learning_rate': 0.9721958530851452, 'reg_alpha': 0.07665434287633655, 'reg_lambda': 0.00013031867617976364}. Best is trial 715 with value: 0.9377859576434285.
Trial 3213 finished with value: 0.22494958684392097 and parameters: {'max_depth': 2, 'min_child_weight': 2, 'gamma': 0.3223991619619887, 'subsample': 0.20288333056345287, 'colsample_bytree': 0.13462104623496085, 'learning_rate': 0.32554500248511564, 'reg_alpha': 0.5249453638257587, 'reg_lambda': 0.2323056510610365}. Best is trial 715 with value: 0.9377859576434285.
Trial 3196 finished with value: 0.6704350100453732 and parameters: {'max_depth': 5, 'min_child_weight': 5, 'gamma': 0.2837529740787681, 'subsample': 0.9335097188601357, 'colsample_bytree': 0.8618581945456147, 'learning_rate': 0.009638906785388479, 'reg_alpha': 0.7304600822371711, 'reg_lambda': 0.05160300850662608}. Best is trial 715 with value: 0.9377859576434285.
Trial 3218 finished with value: -0.3660000621855446 and parameters: {'max_depth': 10, 'min_child_weight': 5, 'gamma': 0.3410796717783532, 'subsample': 0.02995868378607469, 'colsample_bytree': 0.5927306696985974, 'learning_rate': 0.27284017907977753, 'reg_alpha': 0.039365584755313265, 'reg_lambda': 0.08875372089609487}. Best is trial 715 with value: 0.9377859576434285.
Trial 3190 finished with value: -0.09458077830646619 and parameters: {'max_depth': 9, 'min_child_weight': 4, 'gamma': 0.713822345541559, 'subsample': 0.3529820323130204, 'colsample_bytree': 0.8200379807589527, 'learning_rate': 0.9676801665860147, 'reg_alpha': 1.833714601509084, 'reg_lambda': 0.953356289481081}. Best is trial 715 with value: 0.9377859576434285.
Trial 3202 finished with value: 0.37939282886526987 and parameters: {'max_depth': 5, 'min_child_weight': 1, 'gamma': 0.39568426632052944, 'subsample': 0.2853251747303762, 'colsample_bytree': 0.2208058020311756, 'learning_rate': 0.670711777883599, 'reg_alpha': 0.001902196005897293, 'reg_lambda': 1.2830278591677247}. Best is trial 715 with value: 0.9377859576434285.
Trial 3214 finished with value: 0.04415121475158159 and parameters: {'max_depth': 3, 'min_child_weight': 1, 'gamma': 0.005668324078383802, 'subsample': 0.36639730205567966, 'colsample_bytree': 0.07025392458880197, 'learning_rate': 0.4300291212584597, 'reg_alpha': 0.016429832295420086, 'reg_lambda': 0.02781944876739443}. Best is trial 715 with value: 0.9377859576434285.
Trial 3212 finished with value: -20.322497326275414 and parameters: {'max_depth': 7, 'min_child_weight': 2, 'gamma': 0.8458186743271244, 'subsample': 0.040709383966196055, 'colsample_bytree': 0.023616806948111857, 'learning_rate': 0.9229004425922741, 'reg_alpha': 0.02781701614578864, 'reg_lambda': 0.04019215302116169}. Best is trial 715 with value: 0.9377859576434285.
Trial 3227 finished with value: 0.08557406528167802 and parameters: {'max_depth': 1, 'min_child_weight': 3, 'gamma': 0.5680791776423816, 'subsample': 0.47735618713514827, 'colsample_bytree': 0.9126293329045162, 'learning_rate': 0.8484180174693959, 'reg_alpha': 0.08043501742919629, 'reg_lambda': 0.20483213032917016}. Best is trial 715 with value: 0.9377859576434285.
Trial 3171 finished with value: 0.8788241394178693 and parameters: {'max_depth': 10, 'min_child_weight': 1, 'gamma': 0.4103107649159804, 'subsample': 0.6832113755333397, 'colsample_bytree': 0.8516711821577165, 'learning_rate': 0.3938108518793709, 'reg_alpha': 0.0004064860930820388, 'reg_lambda': 0.4086430523107506}. Best is trial 715 with value: 0.9377859576434285.
Trial 3222 finished with value: -2.3962132585082143 and parameters: {'max_depth': 2, 'min_child_weight': 5, 'gamma': 0.6877602411187476, 'subsample': 0.15689750518006118, 'colsample_bytree': 0.5803668149300687, 'learning_rate': 0.7380153899695514, 'reg_alpha': 2.808948006561835, 'reg_lambda': 0.0008417384030172319}. Best is trial 715 with value: 0.9377859576434285.
Trial 3230 finished with value: 0.024559213868635944 and parameters: {'max_depth': 1, 'min_child_weight': 5, 'gamma': 0.9722101219912633, 'subsample': 0.6172950475723399, 'colsample_bytree': 0.0275941068090807, 'learning_rate': 0.7238313444328053, 'reg_alpha': 0.00015216325394798916, 'reg_lambda': 0.003169606044563713}. Best is trial 715 with value: 0.9377859576434285.
Trial 3224 finished with value: 0.20309876428477347 and parameters: {'max_depth': 2, 'min_child_weight': 2, 'gamma': 0.8470170289640198, 'subsample': 0.3748205740685402, 'colsample_bytree': 0.5141875700235811, 'learning_rate': 0.7593219967850235, 'reg_alpha': 0.0002306216186999013, 'reg_lambda': 0.015373458784304803}. Best is trial 715 with value: 0.9377859576434285.
Trial 3217 finished with value: 0.4906624351912492 and parameters: {'max_depth': 4, 'min_child_weight': 1, 'gamma': 0.5737343868497594, 'subsample': 0.8764934145511929, 'colsample_bytree': 0.11014813865616668, 'learning_rate': 0.7156404479199363, 'reg_alpha': 6.5486951719015485, 'reg_lambda': 0.0001458048404577673}. Best is trial 715 with value: 0.9377859576434285.
Trial 3210 finished with value: 0.6406540985727651 and parameters: {'max_depth': 5, 'min_child_weight': 1, 'gamma': 0.7802718251922877, 'subsample': 0.4676020836279986, 'colsample_bytree': 0.2313652803602818, 'learning_rate': 0.5050770591685391, 'reg_alpha': 0.4320286357458757, 'reg_lambda': 0.0005870703216820085}. Best is trial 715 with value: 0.9377859576434285.
Trial 3225 finished with value: -1335542.1107753145 and parameters: {'max_depth': 3, 'min_child_weight': 4, 'gamma': 0.8614267544162794, 'subsample': 0.17518551915326197, 'colsample_bytree': 0.9128565493897833, 'learning_rate': 0.9462351598846228, 'reg_alpha': 0.30202084606579266, 'reg_lambda': 0.059704420254536775}. Best is trial 715 with value: 0.9377859576434285.
Trial 3239 finished with value: 0.091874170368163 and parameters: {'max_depth': 1, 'min_child_weight': 4, 'gamma': 0.2699055492518049, 'subsample': 0.7369149178608322, 'colsample_bytree': 0.6587714561972098, 'learning_rate': 0.0843806480886401, 'reg_alpha': 0.0006524822119469942, 'reg_lambda': 0.00010389507682807726}. Best is trial 715 with value: 0.9377859576434285.
Trial 3215 finished with value: 0.8120629768582738 and parameters: {'max_depth': 4, 'min_child_weight': 3, 'gamma': 0.3843550484052026, 'subsample': 0.6211644146083223, 'colsample_bytree': 0.9664420908718367, 'learning_rate': 0.4332045038759448, 'reg_alpha': 0.0010455569788786305, 'reg_lambda': 0.0014590275414234181}. Best is trial 715 with value: 0.9377859576434285.
Trial 3216 finished with value: 0.8786985656829939 and parameters: {'max_depth': 4, 'min_child_weight': 2, 'gamma': 0.5659906021019132, 'subsample': 0.9998026134514362, 'colsample_bytree': 0.9798553500016338, 'learning_rate': 0.8990299886817449, 'reg_alpha': 0.0028493671796870072, 'reg_lambda': 1.0475688647415977}. Best is trial 715 with value: 0.9377859576434285.
Trial 3240 finished with value: 0.02744705654327132 and parameters: {'max_depth': 1, 'min_child_weight': 3, 'gamma': 0.9856349383198325, 'subsample': 0.35149631866567743, 'colsample_bytree': 0.3794305245622245, 'learning_rate': 0.7865026296263561, 'reg_alpha': 0.12254524574904527, 'reg_lambda': 0.04227873030331668}. Best is trial 715 with value: 0.9377859576434285.
Trial 3219 finished with value: 0.21684696438651294 and parameters: {'max_depth': 4, 'min_child_weight': 2, 'gamma': 0.9662465045652475, 'subsample': 0.21161462540040898, 'colsample_bytree': 0.9763689166787269, 'learning_rate': 0.5528111696342852, 'reg_alpha': 0.03641921346732218, 'reg_lambda': 0.8298854155507275}. Best is trial 715 with value: 0.9377859576434285.
Trial 3220 finished with value: 0.7753712743431638 and parameters: {'max_depth': 4, 'min_child_weight': 2, 'gamma': 0.1240480371973749, 'subsample': 0.5713282309972095, 'colsample_bytree': 0.6453749927218885, 'learning_rate': 0.4822676296172219, 'reg_alpha': 3.785815410879196, 'reg_lambda': 0.00030032552851732826}. Best is trial 715 with value: 0.9377859576434285.
Trial 3221 finished with value: 0.7753281205014098 and parameters: {'max_depth': 4, 'min_child_weight': 3, 'gamma': 0.3622700901866741, 'subsample': 0.9495529819558819, 'colsample_bytree': 0.7496124749367964, 'learning_rate': 0.08554954039996698, 'reg_alpha': 0.00025279228799901174, 'reg_lambda': 0.11435028381215316}. Best is trial 715 with value: 0.9377859576434285.
Trial 3208 finished with value: 0.9265746703100034 and parameters: {'max_depth': 10, 'min_child_weight': 3, 'gamma': 0.13124929907347216, 'subsample': 0.6905919818589498, 'colsample_bytree': 0.985106930451493, 'learning_rate': 0.9395183167791924, 'reg_alpha': 2.686474350678703, 'reg_lambda': 0.0019265709744332492}. Best is trial 715 with value: 0.9377859576434285.
Trial 3231 finished with value: -6.758035540229875 and parameters: {'max_depth': 3, 'min_child_weight': 4, 'gamma': 0.2056353902676631, 'subsample': 0.2356787717828922, 'colsample_bytree': 0.4585005001980639, 'learning_rate': 0.8759690525098554, 'reg_alpha': 0.00666477244636902, 'reg_lambda': 0.001928903318718969}. Best is trial 715 with value: 0.9377859576434285.
Trial 3201 finished with value: 0.792617690760291 and parameters: {'max_depth': 8, 'min_child_weight': 3, 'gamma': 0.47846024554302713, 'subsample': 0.3232056339978868, 'colsample_bytree': 0.7223872484832652, 'learning_rate': 0.47734775835153465, 'reg_alpha': 1.3492859192538376, 'reg_lambda': 0.00041675444087100775}. Best is trial 715 with value: 0.9377859576434285.
Trial 3237 finished with value: 0.4888038080325388 and parameters: {'max_depth': 3, 'min_child_weight': 5, 'gamma': 0.5998085277293446, 'subsample': 0.4958119595094147, 'colsample_bytree': 0.8767278926360427, 'learning_rate': 0.017474491525023672, 'reg_alpha': 0.424712243923389, 'reg_lambda': 0.0009114585942089011}. Best is trial 715 with value: 0.9377859576434285.
Trial 3235 finished with value: 0.3373087160855055 and parameters: {'max_depth': 4, 'min_child_weight': 5, 'gamma': 0.4166187572754315, 'subsample': 0.10098208394358243, 'colsample_bytree': 0.9580294056240426, 'learning_rate': 0.014039062829044546, 'reg_alpha': 0.13483332910788026, 'reg_lambda': 0.0057083019092078946}. Best is trial 715 with value: 0.9377859576434285.
Trial 3242 finished with value: -1.0919891979855392 and parameters: {'max_depth': 2, 'min_child_weight': 1, 'gamma': 0.2668022256367124, 'subsample': 0.14429906912378287, 'colsample_bytree': 0.6615639954209724, 'learning_rate': 0.5285892418786476, 'reg_alpha': 0.0966170972867399, 'reg_lambda': 0.002083651237295337}. Best is trial 715 with value: 0.9377859576434285.
Trial 3226 finished with value: -0.5251878193471368 and parameters: {'max_depth': 7, 'min_child_weight': 2, 'gamma': 0.8371160156392156, 'subsample': 0.19411947629734672, 'colsample_bytree': 0.12662289187712839, 'learning_rate': 0.694657846914698, 'reg_alpha': 2.3278300569983843, 'reg_lambda': 0.08279032721625469}. Best is trial 715 with value: 0.9377859576434285.
Trial 3233 finished with value: -1157510.1866355196 and parameters: {'max_depth': 8, 'min_child_weight': 2, 'gamma': 0.4250048607826352, 'subsample': 0.0497210696939262, 'colsample_bytree': 0.28137027521108526, 'learning_rate': 0.5611698543816181, 'reg_alpha': 0.006227048180836505, 'reg_lambda': 0.014032006213664454}. Best is trial 715 with value: 0.9377859576434285.
Trial 3252 finished with value: 0.07706815791444567 and parameters: {'max_depth': 1, 'min_child_weight': 4, 'gamma': 0.6054414142044806, 'subsample': 0.37298244145926485, 'colsample_bytree': 0.5277484369520925, 'learning_rate': 0.2610003901631922, 'reg_alpha': 0.07455019688295214, 'reg_lambda': 0.0012510362071163096}. Best is trial 715 with value: 0.9377859576434285.
Trial 3236 finished with value: 0.7628515344210294 and parameters: {'max_depth': 4, 'min_child_weight': 2, 'gamma': 0.5806744548987864, 'subsample': 0.9728140569052761, 'colsample_bytree': 0.8124573225115012, 'learning_rate': 0.08475452361855218, 'reg_alpha': 0.030821938070636237, 'reg_lambda': 6.417153526319722}. Best is trial 715 with value: 0.9377859576434285.
Trial 3244 finished with value: 0.46832641697381144 and parameters: {'max_depth': 3, 'min_child_weight': 3, 'gamma': 0.6585472551550837, 'subsample': 0.7551204412553717, 'colsample_bytree': 0.10523424525516156, 'learning_rate': 0.7340875322553916, 'reg_alpha': 1.9605151914629257, 'reg_lambda': 0.3341851034471516}. Best is trial 715 with value: 0.9377859576434285.
Trial 3243 finished with value: 0.43077553831047904 and parameters: {'max_depth': 3, 'min_child_weight': 4, 'gamma': 0.9783664221227392, 'subsample': 0.6028479946620682, 'colsample_bytree': 0.7504883630413854, 'learning_rate': 0.00919065225803517, 'reg_alpha': 0.03070510221968944, 'reg_lambda': 0.0005675639823239828}. Best is trial 715 with value: 0.9377859576434285.
Trial 3249 finished with value: 0.4052355401121874 and parameters: {'max_depth': 3, 'min_child_weight': 5, 'gamma': 0.6687033898086795, 'subsample': 0.44670847012044623, 'colsample_bytree': 0.1710520790023714, 'learning_rate': 0.48360984512719296, 'reg_alpha': 0.26834510828479585, 'reg_lambda': 0.009131925353067538}. Best is trial 715 with value: 0.9377859576434285.
Trial 3238 finished with value: 0.4733138817434201 and parameters: {'max_depth': 8, 'min_child_weight': 5, 'gamma': 0.33737379069492945, 'subsample': 0.5071299610277737, 'colsample_bytree': 0.12137329374307126, 'learning_rate': 0.2236671763758371, 'reg_alpha': 0.0002639929645502208, 'reg_lambda': 2.9178864145784895}. Best is trial 715 with value: 0.9377859576434285.
Trial 3229 finished with value: 0.8802733873729709 and parameters: {'max_depth': 6, 'min_child_weight': 3, 'gamma': 0.8647581107824496, 'subsample': 0.5933752910788916, 'colsample_bytree': 0.8293466962982268, 'learning_rate': 0.4567919220260037, 'reg_alpha': 1.884492200367558, 'reg_lambda': 0.0002579283027533743}. Best is trial 715 with value: 0.9377859576434285.
Trial 3259 finished with value: 0.01721381269360598 and parameters: {'max_depth': 2, 'min_child_weight': 1, 'gamma': 0.6465354292019624, 'subsample': 0.5596877383542792, 'colsample_bytree': 0.018905056665033726, 'learning_rate': 0.9360314086076774, 'reg_alpha': 0.00017905806687720503, 'reg_lambda': 0.14231654329310456}. Best is trial 715 with value: 0.9377859576434285.
Trial 3247 finished with value: 0.00952292555780515 and parameters: {'max_depth': 8, 'min_child_weight': 1, 'gamma': 0.09020094365657061, 'subsample': 0.3743974231536439, 'colsample_bytree': 0.051397055645539425, 'learning_rate': 0.653594068794198, 'reg_alpha': 0.0004102876774364329, 'reg_lambda': 0.010264106205372117}. Best is trial 715 with value: 0.9377859576434285.
Trial 3234 finished with value: 0.6649064189143035 and parameters: {'max_depth': 9, 'min_child_weight': 5, 'gamma': 0.27048572577784313, 'subsample': 0.5739101970209334, 'colsample_bytree': 0.161307335709165, 'learning_rate': 0.5031007357366798, 'reg_alpha': 0.02425090590553731, 'reg_lambda': 0.7280499279845029}. Best is trial 715 with value: 0.9377859576434285.
Trial 3250 finished with value: 0.6819684179848884 and parameters: {'max_depth': 4, 'min_child_weight': 2, 'gamma': 0.07682860368423627, 'subsample': 0.8801506897519986, 'colsample_bytree': 0.21550102928904347, 'learning_rate': 0.5926655204285739, 'reg_alpha': 0.001265207661731963, 'reg_lambda': 0.006258595523539644}. Best is trial 715 with value: 0.9377859576434285.
Trial 3245 finished with value: 0.8738316486170656 and parameters: {'max_depth': 4, 'min_child_weight': 3, 'gamma': 0.7339435570770142, 'subsample': 0.8313347525306687, 'colsample_bytree': 0.9702518375184263, 'learning_rate': 0.8806051069413682, 'reg_alpha': 0.31136784672905826, 'reg_lambda': 0.0026309767565872544}. Best is trial 715 with value: 0.9377859576434285.
Trial 3263 finished with value: 0.09175311130301436 and parameters: {'max_depth': 1, 'min_child_weight': 3, 'gamma': 0.9762723952476362, 'subsample': 0.9811110473796851, 'colsample_bytree': 0.5445851270898738, 'learning_rate': 0.7969585899601516, 'reg_alpha': 0.0005897000034110274, 'reg_lambda': 0.2359597913122654}. Best is trial 715 with value: 0.9377859576434285.
Trial 3248 finished with value: 0.57703133958379 and parameters: {'max_depth': 4, 'min_child_weight': 2, 'gamma': 0.619114496598709, 'subsample': 0.5286190986978508, 'colsample_bytree': 0.6573251714691135, 'learning_rate': 0.7443841852306858, 'reg_alpha': 0.045543744553231166, 'reg_lambda': 0.00675521616001421}. Best is trial 715 with value: 0.9377859576434285.
