Trial 1613 finished with value: 0.4079536600964555 and parameters: {'max_depth': 2, 'min_child_weight': 1, 'gamma': 0.339373712194903, 'subsample': 0.5591425500339405, 'colsample_bytree': 0.9141640971523738, 'learning_rate': 0.6612971255247264, 'reg_alpha': 0.0003887561218618511, 'reg_lambda': 3.379513524504987}. Best is trial 715 with value: 0.9377859576434285.
Trial 1598 finished with value: 0.806613527628429 and parameters: {'max_depth': 5, 'min_child_weight': 4, 'gamma': 0.206070540624251, 'subsample': 0.5190640873773268, 'colsample_bytree': 0.5672858032834815, 'learning_rate': 0.8333309744070433, 'reg_alpha': 0.3608656903730809, 'reg_lambda': 0.6449837719886431}. Best is trial 715 with value: 0.9377859576434285.
Trial 1612 finished with value: 0.5647443495857042 and parameters: {'max_depth': 3, 'min_child_weight': 4, 'gamma': 0.9185725734419692, 'subsample': 0.460610405099094, 'colsample_bytree': 0.5327968614017751, 'learning_rate': 0.5206279634219325, 'reg_alpha': 0.0034725973528403247, 'reg_lambda': 0.14078859565082155}. Best is trial 715 with value: 0.9377859576434285.
Trial 1591 finished with value: 0.8592500718038328 and parameters: {'max_depth': 8, 'min_child_weight': 5, 'gamma': 0.8117679155559412, 'subsample': 0.5011215497033229, 'colsample_bytree': 0.7068664676557852, 'learning_rate': 0.47983309410442765, 'reg_alpha': 0.38064632211988575, 'reg_lambda': 0.0006494862230274817}. Best is trial 715 with value: 0.9377859576434285.
Trial 1618 finished with value: 0.15516417393404855 and parameters: {'max_depth': 2, 'min_child_weight': 3, 'gamma': 0.4892504569444599, 'subsample': 0.11626902111084136, 'colsample_bytree': 0.6401650512165016, 'learning_rate': 0.007389049307678919, 'reg_alpha': 0.000641832561543071, 'reg_lambda': 1.3804685427138235}. Best is trial 715 with value: 0.9377859576434285.
Trial 1601 finished with value: 0.45670579377753645 and parameters: {'max_depth': 7, 'min_child_weight': 2, 'gamma': 0.1145968084151846, 'subsample': 0.5141483551094449, 'colsample_bytree': 0.2500910110675444, 'learning_rate': 0.8636188060219999, 'reg_alpha': 0.00842273039066352, 'reg_lambda': 0.004166473003610545}. Best is trial 715 with value: 0.9377859576434285.
Trial 1609 finished with value: -0.25066877329583465 and parameters: {'max_depth': 8, 'min_child_weight': 3, 'gamma': 0.35597345540117464, 'subsample': 0.14172220715035222, 'colsample_bytree': 0.19356452598725882, 'learning_rate': 0.6967375197637194, 'reg_alpha': 0.4661455370005304, 'reg_lambda': 3.717194125768725}. Best is trial 715 with value: 0.9377859576434285.
Trial 1578 finished with value: 0.8881439271222094 and parameters: {'max_depth': 10, 'min_child_weight': 1, 'gamma': 0.20948557378284793, 'subsample': 0.7836355715966624, 'colsample_bytree': 0.4478262670447296, 'learning_rate': 0.3143708534341727, 'reg_alpha': 0.0014697620541113542, 'reg_lambda': 0.006640274136601631}. Best is trial 715 with value: 0.9377859576434285.
Trial 1621 finished with value: -48.11968736778401 and parameters: {'max_depth': 2, 'min_child_weight': 3, 'gamma': 0.9105370173264347, 'subsample': 0.023152817999984032, 'colsample_bytree': 0.5887952021294627, 'learning_rate': 0.5672147888944549, 'reg_alpha': 0.0029558478661810836, 'reg_lambda': 0.0012002455258516029}. Best is trial 715 with value: 0.9377859576434285.
Trial 1589 finished with value: 0.8974190887628075 and parameters: {'max_depth': 9, 'min_child_weight': 5, 'gamma': 0.6704738163327311, 'subsample': 0.7280992933570659, 'colsample_bytree': 0.7310716961628276, 'learning_rate': 0.48415132908159386, 'reg_alpha': 0.00012432022624348548, 'reg_lambda': 5.397285142502192}. Best is trial 715 with value: 0.9377859576434285.
Trial 1588 finished with value: 0.8546882327547267 and parameters: {'max_depth': 10, 'min_child_weight': 2, 'gamma': 0.19955063642431514, 'subsample': 0.40236758516781623, 'colsample_bytree': 0.5075044612869689, 'learning_rate': 0.056887075233794104, 'reg_alpha': 0.16186511285492144, 'reg_lambda': 0.27509253127951705}. Best is trial 715 with value: 0.9377859576434285.
Trial 1615 finished with value: 0.457724107777694 and parameters: {'max_depth': 4, 'min_child_weight': 3, 'gamma': 0.2343238258292708, 'subsample': 0.3598205062342772, 'colsample_bytree': 0.10178296381356577, 'learning_rate': 0.18524155563151368, 'reg_alpha': 0.004031806339141182, 'reg_lambda': 3.384030797721218}. Best is trial 715 with value: 0.9377859576434285.
Trial 1623 finished with value: -0.4581761870398413 and parameters: {'max_depth': 10, 'min_child_weight': 5, 'gamma': 0.26462024187096067, 'subsample': 0.022577745087498324, 'colsample_bytree': 0.6088686711908505, 'learning_rate': 0.5034713127741518, 'reg_alpha': 0.6418677020574313, 'reg_lambda': 0.19315866694065237}. Best is trial 715 with value: 0.9377859576434285.
Trial 1616 finished with value: -0.6207934183897548 and parameters: {'max_depth': 10, 'min_child_weight': 5, 'gamma': 0.6510062097582323, 'subsample': 0.09955538930533181, 'colsample_bytree': 0.5890373187592063, 'learning_rate': 0.8249333876262271, 'reg_alpha': 0.0023162429170227932, 'reg_lambda': 9.62904419614727}. Best is trial 715 with value: 0.9377859576434285.
Trial 1603 finished with value: 0.8900151923119435 and parameters: {'max_depth': 6, 'min_child_weight': 5, 'gamma': 0.8763463463915055, 'subsample': 0.8768926542715385, 'colsample_bytree': 0.8125715075505447, 'learning_rate': 0.514235738794881, 'reg_alpha': 0.00014804452012593045, 'reg_lambda': 0.0016962687547612363}. Best is trial 715 with value: 0.9377859576434285.
Trial 1620 finished with value: 0.6750264353933773 and parameters: {'max_depth': 3, 'min_child_weight': 4, 'gamma': 0.9544721850475263, 'subsample': 0.6547087598702878, 'colsample_bytree': 0.7455223341807193, 'learning_rate': 0.34779661778842286, 'reg_alpha': 0.0009785979288543017, 'reg_lambda': 0.041748895738263014}. Best is trial 715 with value: 0.9377859576434285.
Trial 1595 finished with value: 0.8984372256972701 and parameters: {'max_depth': 7, 'min_child_weight': 1, 'gamma': 0.3589636855415048, 'subsample': 0.6066943079132726, 'colsample_bytree': 0.8747716764782351, 'learning_rate': 0.3346989006771719, 'reg_alpha': 0.0007299843467652661, 'reg_lambda': 0.001244798033429184}. Best is trial 715 with value: 0.9377859576434285.
Trial 1602 finished with value: 0.7855258874705221 and parameters: {'max_depth': 9, 'min_child_weight': 2, 'gamma': 0.011959675469452091, 'subsample': 0.959953593061752, 'colsample_bytree': 0.3150878006468588, 'learning_rate': 0.048346935928887946, 'reg_alpha': 0.0010761037957959132, 'reg_lambda': 4.7063765160772455}. Best is trial 715 with value: 0.9377859576434285.
Trial 1607 finished with value: 0.6258904737068232 and parameters: {'max_depth': 9, 'min_child_weight': 2, 'gamma': 0.8478356934732614, 'subsample': 0.7568513350017689, 'colsample_bytree': 0.20958147580962339, 'learning_rate': 0.012058708162194787, 'reg_alpha': 0.5840917612474777, 'reg_lambda': 0.004706071130491925}. Best is trial 715 with value: 0.9377859576434285.
Trial 1626 finished with value: 0.4130088675700044 and parameters: {'max_depth': 2, 'min_child_weight': 4, 'gamma': 0.47774336219610036, 'subsample': 0.3164045300896582, 'colsample_bytree': 0.6012083253067794, 'learning_rate': 0.3755559288279843, 'reg_alpha': 0.00044696015304001056, 'reg_lambda': 5.851757190129721}. Best is trial 715 with value: 0.9377859576434285.
Trial 1582 finished with value: 0.8929681219512465 and parameters: {'max_depth': 9, 'min_child_weight': 1, 'gamma': 0.9264255803612924, 'subsample': 0.8436304954037294, 'colsample_bytree': 0.8070008365341803, 'learning_rate': 0.39498897456804416, 'reg_alpha': 0.0007920710287479521, 'reg_lambda': 0.00982535755115466}. Best is trial 715 with value: 0.9377859576434285.
Trial 1608 finished with value: 0.15379641795649918 and parameters: {'max_depth': 6, 'min_child_weight': 2, 'gamma': 0.3057233144670538, 'subsample': 0.4737274434847497, 'colsample_bytree': 0.7316869900280353, 'learning_rate': 0.9276588444254107, 'reg_alpha': 0.20991539573379453, 'reg_lambda': 0.0013144439020756863}. Best is trial 715 with value: 0.9377859576434285.
Trial 1611 finished with value: 0.7132664234032186 and parameters: {'max_depth': 10, 'min_child_weight': 5, 'gamma': 0.33721494293460563, 'subsample': 0.3314057441305308, 'colsample_bytree': 0.4241430621300103, 'learning_rate': 0.21713630787408988, 'reg_alpha': 0.003374111650830769, 'reg_lambda': 1.2257781120177849}. Best is trial 715 with value: 0.9377859576434285.
Trial 1606 finished with value: 0.8691952823353382 and parameters: {'max_depth': 10, 'min_child_weight': 1, 'gamma': 0.4165056730778529, 'subsample': 0.8837673416585604, 'colsample_bytree': 0.26125323863566596, 'learning_rate': 0.7357164064945193, 'reg_alpha': 0.09876019134163, 'reg_lambda': 0.38253122391840605}. Best is trial 715 with value: 0.9377859576434285.
Trial 1629 finished with value: -3.4927109105228262e+34 and parameters: {'max_depth': 9, 'min_child_weight': 1, 'gamma': 0.7927192495491112, 'subsample': 0.008843176787642237, 'colsample_bytree': 0.981258292847538, 'learning_rate': 0.8054889039173693, 'reg_alpha': 0.0001301799123070605, 'reg_lambda': 0.0018013395000535289}. Best is trial 715 with value: 0.9377859576434285.
Trial 1638 finished with value: 0.09213135300220889 and parameters: {'max_depth': 1, 'min_child_weight': 5, 'gamma': 0.38565006201938845, 'subsample': 0.700538617623949, 'colsample_bytree': 0.31881218398147093, 'learning_rate': 0.03281613980337983, 'reg_alpha': 0.00025238977447215627, 'reg_lambda': 5.232205964277344}. Best is trial 715 with value: 0.9377859576434285.
Trial 1617 finished with value: 0.9002321547900236 and parameters: {'max_depth': 9, 'min_child_weight': 5, 'gamma': 0.9829286798202151, 'subsample': 0.9935003282400462, 'colsample_bytree': 0.9101576312128653, 'learning_rate': 0.5653912179513066, 'reg_alpha': 3.230425213554026, 'reg_lambda': 0.0005212815115681168}. Best is trial 715 with value: 0.9377859576434285.
Trial 1622 finished with value: 0.6338543018247237 and parameters: {'max_depth': 5, 'min_child_weight': 4, 'gamma': 0.6037964716289377, 'subsample': 0.4315685673365891, 'colsample_bytree': 0.2674571217351531, 'learning_rate': 0.514546925928139, 'reg_alpha': 0.009861011844986407, 'reg_lambda': 0.060710944405948875}. Best is trial 715 with value: 0.9377859576434285.
Trial 1643 finished with value: 0.07982765361379876 and parameters: {'max_depth': 1, 'min_child_weight': 4, 'gamma': 0.46114064948850675, 'subsample': 0.4891858981213414, 'colsample_bytree': 0.17978642853627047, 'learning_rate': 0.9019509243577372, 'reg_alpha': 4.998678518081401, 'reg_lambda': 0.00013620253488359077}. Best is trial 715 with value: 0.9377859576434285.
Trial 1632 finished with value: 0.36109449121376624 and parameters: {'max_depth': 3, 'min_child_weight': 2, 'gamma': 0.585485352449199, 'subsample': 0.27328477718815924, 'colsample_bytree': 0.8974399530984036, 'learning_rate': 0.5056664662293286, 'reg_alpha': 1.2402846040127262, 'reg_lambda': 0.22006539300209313}. Best is trial 715 with value: 0.9377859576434285.
Trial 1639 finished with value: 0.19491574163111614 and parameters: {'max_depth': 2, 'min_child_weight': 2, 'gamma': 0.6835454101561094, 'subsample': 0.3615534073612896, 'colsample_bytree': 0.7961507239269147, 'learning_rate': 0.9114153820873132, 'reg_alpha': 2.0050698913938843, 'reg_lambda': 1.2835998740623047}. Best is trial 715 with value: 0.9377859576434285.
Trial 1646 finished with value: -0.031681467905050366 and parameters: {'max_depth': 1, 'min_child_weight': 5, 'gamma': 0.12272311115345513, 'subsample': 0.5148323640865107, 'colsample_bytree': 0.07959188825626362, 'learning_rate': 0.8142876656339233, 'reg_alpha': 1.044694046195883, 'reg_lambda': 0.007249543950553751}. Best is trial 715 with value: 0.9377859576434285.
Trial 1614 finished with value: 0.8642389447398535 and parameters: {'max_depth': 8, 'min_child_weight': 5, 'gamma': 0.20808379657305243, 'subsample': 0.8100825756398176, 'colsample_bytree': 0.3980397863835555, 'learning_rate': 0.3372658532459145, 'reg_alpha': 0.007854296489434046, 'reg_lambda': 0.1252003852541414}. Best is trial 715 with value: 0.9377859576434285.
Trial 1628 finished with value: 0.7796209027337688 and parameters: {'max_depth': 4, 'min_child_weight': 2, 'gamma': 0.06988589490512476, 'subsample': 0.3919707156263661, 'colsample_bytree': 0.9431814006907374, 'learning_rate': 0.11673783447098873, 'reg_alpha': 0.2999867089956254, 'reg_lambda': 0.0004837698780965135}. Best is trial 715 with value: 0.9377859576434285.
Trial 1634 finished with value: 0.8021827762600464 and parameters: {'max_depth': 4, 'min_child_weight': 2, 'gamma': 0.44979730823652697, 'subsample': 0.6886192192164631, 'colsample_bytree': 0.7392964844603253, 'learning_rate': 0.8962325504193424, 'reg_alpha': 1.0041147958757517, 'reg_lambda': 0.00012878207054707532}. Best is trial 715 with value: 0.9377859576434285.
Trial 1644 finished with value: 0.486977911883816 and parameters: {'max_depth': 3, 'min_child_weight': 2, 'gamma': 0.006264161981916705, 'subsample': 0.9116538893982343, 'colsample_bytree': 0.10324407521384771, 'learning_rate': 0.34980360579201375, 'reg_alpha': 5.4265227186603, 'reg_lambda': 1.7219352218702972}. Best is trial 715 with value: 0.9377859576434285.
Trial 1651 finished with value: 0.09174919074736035 and parameters: {'max_depth': 1, 'min_child_weight': 3, 'gamma': 0.04112670508677796, 'subsample': 0.8680401517913774, 'colsample_bytree': 0.40776317311349886, 'learning_rate': 0.02835991770027979, 'reg_alpha': 0.00039747344966096804, 'reg_lambda': 0.03172484338053914}. Best is trial 715 with value: 0.9377859576434285.
Trial 1631 finished with value: 0.8007596480296891 and parameters: {'max_depth': 5, 'min_child_weight': 2, 'gamma': 0.09279950169954698, 'subsample': 0.8359152802110796, 'colsample_bytree': 0.27995471562674323, 'learning_rate': 0.4563450795370868, 'reg_alpha': 0.001997922127563073, 'reg_lambda': 0.5905827527707217}. Best is trial 715 with value: 0.9377859576434285.
Trial 1653 finished with value: 0.061048697877981214 and parameters: {'max_depth': 1, 'min_child_weight': 5, 'gamma': 0.778896224648571, 'subsample': 0.32575597305983917, 'colsample_bytree': 0.037248209451410164, 'learning_rate': 0.36311670159172005, 'reg_alpha': 6.679624693000388, 'reg_lambda': 0.00403881289245286}. Best is trial 715 with value: 0.9377859576434285.
Trial 1627 finished with value: 0.8082300768396313 and parameters: {'max_depth': 5, 'min_child_weight': 1, 'gamma': 0.43109832240612267, 'subsample': 0.33232582056111504, 'colsample_bytree': 0.980355804785653, 'learning_rate': 0.4798241028735293, 'reg_alpha': 5.030529615997925, 'reg_lambda': 0.00034480169342358455}. Best is trial 715 with value: 0.9377859576434285.
Trial 1633 finished with value: 0.817066088805011 and parameters: {'max_depth': 5, 'min_child_weight': 1, 'gamma': 0.29606963159570376, 'subsample': 0.8428974823974178, 'colsample_bytree': 0.4004915777178494, 'learning_rate': 0.20621843495292602, 'reg_alpha': 3.9258646534071024, 'reg_lambda': 0.006384789160698482}. Best is trial 715 with value: 0.9377859576434285.
Trial 1635 finished with value: 0.5374036917597984 and parameters: {'max_depth': 10, 'min_child_weight': 2, 'gamma': 0.5698526303090108, 'subsample': 0.261754517765608, 'colsample_bytree': 0.14344625894336638, 'learning_rate': 0.3105357355104452, 'reg_alpha': 8.54241682839634, 'reg_lambda': 0.001276491325034195}. Best is trial 715 with value: 0.9377859576434285.
Trial 1625 finished with value: 0.8630675405572471 and parameters: {'max_depth': 9, 'min_child_weight': 2, 'gamma': 0.20363547498443302, 'subsample': 0.4438982257586749, 'colsample_bytree': 0.8154777209271984, 'learning_rate': 0.5705658001134485, 'reg_alpha': 6.432083287756201, 'reg_lambda': 0.00041570001905725303}. Best is trial 715 with value: 0.9377859576434285.
Trial 1636 finished with value: 0.5511123196702786 and parameters: {'max_depth': 6, 'min_child_weight': 4, 'gamma': 0.13300118460562904, 'subsample': 0.2071545405876788, 'colsample_bytree': 0.34526253703192655, 'learning_rate': 0.1637002052872717, 'reg_alpha': 0.005593120306281598, 'reg_lambda': 0.001973930517935367}. Best is trial 715 with value: 0.9377859576434285.
Trial 1658 finished with value: -0.15816215570109676 and parameters: {'max_depth': 1, 'min_child_weight': 2, 'gamma': 0.2886354844300263, 'subsample': 0.07296729779578737, 'colsample_bytree': 0.7598680611328124, 'learning_rate': 0.40066629602242076, 'reg_alpha': 0.010352638209025324, 'reg_lambda': 1.8650485093496147}. Best is trial 715 with value: 0.9377859576434285.
Trial 1659 finished with value: 0.09265929141626905 and parameters: {'max_depth': 1, 'min_child_weight': 1, 'gamma': 0.11278168551382073, 'subsample': 0.9419918907740128, 'colsample_bytree': 0.27059991440648057, 'learning_rate': 0.29326747293492705, 'reg_alpha': 0.022793537710953663, 'reg_lambda': 0.0020742728174882926}. Best is trial 715 with value: 0.9377859576434285.
Trial 1650 finished with value: 0.44412204621548546 and parameters: {'max_depth': 3, 'min_child_weight': 3, 'gamma': 0.22689458575152932, 'subsample': 0.5522048661425182, 'colsample_bytree': 0.990380204710396, 'learning_rate': 0.9915036249199211, 'reg_alpha': 0.4281621973012243, 'reg_lambda': 0.004332416402303042}. Best is trial 715 with value: 0.9377859576434285.
Trial 1619 finished with value: 0.834734787802285 and parameters: {'max_depth': 9, 'min_child_weight': 1, 'gamma': 0.8801048341874086, 'subsample': 0.6259099285779005, 'colsample_bytree': 0.39010430649806127, 'learning_rate': 0.01896411689944666, 'reg_alpha': 0.00015843788899025903, 'reg_lambda': 0.007109691029754579}. Best is trial 715 with value: 0.9377859576434285.
Trial 1637 finished with value: 0.37744255269763194 and parameters: {'max_depth': 9, 'min_child_weight': 4, 'gamma': 0.10023027043193589, 'subsample': 0.28886717247537996, 'colsample_bytree': 0.1891797345593168, 'learning_rate': 0.5637252899851627, 'reg_alpha': 3.072319855672206, 'reg_lambda': 0.0005495990390026262}. Best is trial 715 with value: 0.9377859576434285.
Trial 1630 finished with value: 0.7802343776343033 and parameters: {'max_depth': 10, 'min_child_weight': 4, 'gamma': 0.7303497927925864, 'subsample': 0.7541109900790642, 'colsample_bytree': 0.18195845299715108, 'learning_rate': 0.46985459668500873, 'reg_alpha': 0.6594298310702923, 'reg_lambda': 0.2940489406898674}. Best is trial 715 with value: 0.9377859576434285.
Trial 1648 finished with value: 0.8246989075577023 and parameters: {'max_depth': 4, 'min_child_weight': 3, 'gamma': 0.7650978312858423, 'subsample': 0.7771737961728207, 'colsample_bytree': 0.795543503099794, 'learning_rate': 0.6956795437302259, 'reg_alpha': 1.976630006223684, 'reg_lambda': 0.00010887084579804469}. Best is trial 715 with value: 0.9377859576434285.
Trial 1652 finished with value: 0.08084010673951106 and parameters: {'max_depth': 9, 'min_child_weight': 4, 'gamma': 0.7483725531282889, 'subsample': 0.9456670315463541, 'colsample_bytree': 0.026615139150998668, 'learning_rate': 0.7134204325594478, 'reg_alpha': 0.0008131496705019276, 'reg_lambda': 0.7301521284871805}. Best is trial 715 with value: 0.9377859576434285.
Trial 1649 finished with value: 0.6812011933911172 and parameters: {'max_depth': 4, 'min_child_weight': 2, 'gamma': 0.3084127482137312, 'subsample': 0.2675136931146411, 'colsample_bytree': 0.9544872223803986, 'learning_rate': 0.4447237265535968, 'reg_alpha': 0.025592015667264004, 'reg_lambda': 0.7077611863810301}. Best is trial 715 with value: 0.9377859576434285.
Trial 1664 finished with value: -0.22399599184198585 and parameters: {'max_depth': 1, 'min_child_weight': 3, 'gamma': 0.5435931304128409, 'subsample': 0.19657661610282373, 'colsample_bytree': 0.8778415442299449, 'learning_rate': 0.7695543718656577, 'reg_alpha': 0.010309437992526638, 'reg_lambda': 1.0005376812575153}. Best is trial 715 with value: 0.9377859576434285.
Trial 1640 finished with value: 0.1624078403754526 and parameters: {'max_depth': 10, 'min_child_weight': 3, 'gamma': 0.18801122822428695, 'subsample': 0.4071906854385633, 'colsample_bytree': 0.14168007599780885, 'learning_rate': 0.8648592048983152, 'reg_alpha': 0.001801828315669382, 'reg_lambda': 0.5303151937957356}. Best is trial 715 with value: 0.9377859576434285.
Trial 1642 finished with value: 0.8183260603498137 and parameters: {'max_depth': 6, 'min_child_weight': 5, 'gamma': 0.4298452015351586, 'subsample': 0.4635882113703701, 'colsample_bytree': 0.9243189455877662, 'learning_rate': 0.7622736408736318, 'reg_alpha': 0.0284860271473215, 'reg_lambda': 0.006731849823689162}. Best is trial 715 with value: 0.9377859576434285.
Trial 1665 finished with value: 0.3880543621285567 and parameters: {'max_depth': 2, 'min_child_weight': 4, 'gamma': 0.7382402548261928, 'subsample': 0.4303087363560708, 'colsample_bytree': 0.4288321025613915, 'learning_rate': 0.4146896785957822, 'reg_alpha': 1.2848437654509253, 'reg_lambda': 0.06439224066951228}. Best is trial 715 with value: 0.9377859576434285.
Trial 1671 finished with value: 0.08677104797948251 and parameters: {'max_depth': 1, 'min_child_weight': 2, 'gamma': 0.7556907638437578, 'subsample': 0.7757289911294942, 'colsample_bytree': 0.1647091200648887, 'learning_rate': 0.4039867857322471, 'reg_alpha': 0.0054635513565060145, 'reg_lambda': 4.028390340845919}. Best is trial 715 with value: 0.9377859576434285.
Trial 1624 finished with value: 0.9072392114065706 and parameters: {'max_depth': 8, 'min_child_weight': 2, 'gamma': 0.9692281124591086, 'subsample': 0.8435271616598669, 'colsample_bytree': 0.7092827884844184, 'learning_rate': 0.4109544894053605, 'reg_alpha': 0.005021235961404216, 'reg_lambda': 8.82614688411895}. Best is trial 715 with value: 0.9377859576434285.
