Trial 3541 finished with value: 0.4978973474850389 and parameters: {'max_depth': 6, 'min_child_weight': 3, 'gamma': 0.9910229904425468, 'subsample': 0.9979609447029261, 'colsample_bytree': 0.10080117117312248, 'learning_rate': 0.19101862454112295, 'reg_alpha': 0.0023763222975374566, 'reg_lambda': 0.0014038385255150448}. Best is trial 715 with value: 0.9377859576434285.
Trial 3556 finished with value: -0.1310430482414898 and parameters: {'max_depth': 1, 'min_child_weight': 5, 'gamma': 0.04953940760817377, 'subsample': 0.1746021689769831, 'colsample_bytree': 0.46989602271157815, 'learning_rate': 0.7285509503799648, 'reg_alpha': 3.627359172895927, 'reg_lambda': 0.0005570651398337726}. Best is trial 715 with value: 0.9377859576434285.
Trial 3559 finished with value: 0.09852994521978778 and parameters: {'max_depth': 1, 'min_child_weight': 5, 'gamma': 0.18415691391267675, 'subsample': 0.8000089987263357, 'colsample_bytree': 0.5141462492346951, 'learning_rate': 0.6300044551857431, 'reg_alpha': 0.0027447295556415796, 'reg_lambda': 0.00088690740300227}. Best is trial 715 with value: 0.9377859576434285.
Trial 3549 finished with value: 0.04983879164092103 and parameters: {'max_depth': 8, 'min_child_weight': 2, 'gamma': 0.28218530435976064, 'subsample': 0.3731100535866231, 'colsample_bytree': 0.014429051389032388, 'learning_rate': 0.5153114050823735, 'reg_alpha': 0.10993124017322446, 'reg_lambda': 8.715956219338393}. Best is trial 715 with value: 0.9377859576434285.
Trial 3552 finished with value: 0.5735465691332082 and parameters: {'max_depth': 3, 'min_child_weight': 2, 'gamma': 0.3628378964224148, 'subsample': 0.4760279240226708, 'colsample_bytree': 0.4371541839355163, 'learning_rate': 0.14346867401283592, 'reg_alpha': 4.931871117819472, 'reg_lambda': 0.0002830534728345655}. Best is trial 715 with value: 0.9377859576434285.
Trial 3564 finished with value: 0.07280871271836682 and parameters: {'max_depth': 1, 'min_child_weight': 3, 'gamma': 0.6680475404178703, 'subsample': 0.2640368036736439, 'colsample_bytree': 0.2837870951166078, 'learning_rate': 0.3736416739614683, 'reg_alpha': 0.0011456731775368102, 'reg_lambda': 0.01814711934744261}. Best is trial 715 with value: 0.9377859576434285.
Trial 3530 finished with value: 0.8788993810597772 and parameters: {'max_depth': 8, 'min_child_weight': 1, 'gamma': 0.18183728116622477, 'subsample': 0.8028953330271671, 'colsample_bytree': 0.6742432943624578, 'learning_rate': 0.04026009839301026, 'reg_alpha': 3.899394428573386, 'reg_lambda': 3.760757597111195}. Best is trial 715 with value: 0.9377859576434285.
Trial 3560 finished with value: -0.5780803369340407 and parameters: {'max_depth': 3, 'min_child_weight': 2, 'gamma': 0.9371537102169822, 'subsample': 0.16140724636271075, 'colsample_bytree': 0.07389803207517431, 'learning_rate': 0.8915956447425033, 'reg_alpha': 5.161456008348897, 'reg_lambda': 0.000372561322199962}. Best is trial 715 with value: 0.9377859576434285.
Trial 3569 finished with value: 0.09059546994520754 and parameters: {'max_depth': 1, 'min_child_weight': 2, 'gamma': 0.13772281845580614, 'subsample': 0.786611280390369, 'colsample_bytree': 0.12209464628286071, 'learning_rate': 0.7306255394196117, 'reg_alpha': 0.10380240934240446, 'reg_lambda': 1.7648149878121104}. Best is trial 715 with value: 0.9377859576434285.
Trial 3538 finished with value: 0.855509090791787 and parameters: {'max_depth': 6, 'min_child_weight': 5, 'gamma': 0.7893483977061004, 'subsample': 0.7858338352375123, 'colsample_bytree': 0.553154857513043, 'learning_rate': 0.21980569568543773, 'reg_alpha': 0.0018716303883056606, 'reg_lambda': 0.023356047428236718}. Best is trial 715 with value: 0.9377859576434285.
Trial 3570 finished with value: 0.08781395658130178 and parameters: {'max_depth': 1, 'min_child_weight': 3, 'gamma': 0.9360940776811149, 'subsample': 0.9623597797841783, 'colsample_bytree': 0.02662945511499981, 'learning_rate': 0.6119371986246652, 'reg_alpha': 0.00366252942619723, 'reg_lambda': 0.007541252599846051}. Best is trial 715 with value: 0.9377859576434285.
Trial 3553 finished with value: 0.6950381507200944 and parameters: {'max_depth': 5, 'min_child_weight': 2, 'gamma': 0.6951153627301242, 'subsample': 0.8501613697491972, 'colsample_bytree': 0.1428263839733871, 'learning_rate': 0.9437337248376861, 'reg_alpha': 0.13364753625135298, 'reg_lambda': 0.019858379409757553}. Best is trial 715 with value: 0.9377859576434285.
Trial 3561 finished with value: -26.796211905505825 and parameters: {'max_depth': 9, 'min_child_weight': 1, 'gamma': 0.38193350588405606, 'subsample': 0.023978455345766703, 'colsample_bytree': 0.8752345703642932, 'learning_rate': 0.5187772428600531, 'reg_alpha': 9.43170061249139, 'reg_lambda': 1.1662053561585308}. Best is trial 715 with value: 0.9377859576434285.
Trial 3545 finished with value: 0.8258923401256043 and parameters: {'max_depth': 6, 'min_child_weight': 5, 'gamma': 0.9439974992981637, 'subsample': 0.8895745232619117, 'colsample_bytree': 0.34447554020298143, 'learning_rate': 0.3666219564024433, 'reg_alpha': 0.007091018213916016, 'reg_lambda': 0.1540040463667367}. Best is trial 715 with value: 0.9377859576434285.
Trial 3566 finished with value: -306004881079.4553 and parameters: {'max_depth': 3, 'min_child_weight': 3, 'gamma': 0.34526071756921595, 'subsample': 0.057502191470635955, 'colsample_bytree': 0.9302191023814804, 'learning_rate': 0.7519467199859191, 'reg_alpha': 0.03860521186428747, 'reg_lambda': 0.00017009786792027872}. Best is trial 715 with value: 0.9377859576434285.
Trial 3543 finished with value: 0.8640997967943128 and parameters: {'max_depth': 9, 'min_child_weight': 3, 'gamma': 0.79373935195761, 'subsample': 0.7642251996098391, 'colsample_bytree': 0.3449379651730824, 'learning_rate': 0.38570843526211096, 'reg_alpha': 2.709248058222636, 'reg_lambda': 0.00015476429453793552}. Best is trial 715 with value: 0.9377859576434285.
Trial 3547 finished with value: 0.8374492566001827 and parameters: {'max_depth': 7, 'min_child_weight': 2, 'gamma': 0.44204084068975813, 'subsample': 0.6289527335095597, 'colsample_bytree': 0.36302038730677344, 'learning_rate': 0.5431756672313314, 'reg_alpha': 0.6238259998298314, 'reg_lambda': 8.678817534174971}. Best is trial 715 with value: 0.9377859576434285.
Trial 3555 finished with value: 0.6608915525849797 and parameters: {'max_depth': 5, 'min_child_weight': 3, 'gamma': 0.6977714114628751, 'subsample': 0.32660210691642666, 'colsample_bytree': 0.7021566326603612, 'learning_rate': 0.48581966037147883, 'reg_alpha': 5.567267596775767, 'reg_lambda': 0.0003486324699671924}. Best is trial 715 with value: 0.9377859576434285.
Trial 3562 finished with value: 0.4345097130088498 and parameters: {'max_depth': 6, 'min_child_weight': 4, 'gamma': 0.448920906382942, 'subsample': 0.39440108393665907, 'colsample_bytree': 0.10702197394758439, 'learning_rate': 0.0329795874962433, 'reg_alpha': 0.9729547179693975, 'reg_lambda': 0.07681571331907609}. Best is trial 715 with value: 0.9377859576434285.
Trial 3565 finished with value: -9.157555726755906 and parameters: {'max_depth': 4, 'min_child_weight': 1, 'gamma': 0.9673572816771011, 'subsample': 0.09405578803651515, 'colsample_bytree': 0.6011194959394762, 'learning_rate': 0.3531506999066847, 'reg_alpha': 0.002372631441388248, 'reg_lambda': 0.020611889876724365}. Best is trial 715 with value: 0.9377859576434285.
Trial 3584 finished with value: -6.320762125909113 and parameters: {'max_depth': 8, 'min_child_weight': 1, 'gamma': 0.2021551755881168, 'subsample': 0.0006228690604178633, 'colsample_bytree': 0.8959738762231264, 'learning_rate': 0.17264540698236064, 'reg_alpha': 0.06370582856291657, 'reg_lambda': 6.9187721874427375}. Best is trial 715 with value: 0.9377859576434285.
Trial 3567 finished with value: 0.7771607360972355 and parameters: {'max_depth': 5, 'min_child_weight': 4, 'gamma': 0.41654460491375833, 'subsample': 0.9488576350590887, 'colsample_bytree': 0.32764356391643956, 'learning_rate': 0.2330370554507416, 'reg_alpha': 0.23223239919612784, 'reg_lambda': 6.85474392489467}. Best is trial 715 with value: 0.9377859576434285.
Trial 3568 finished with value: 0.7581174153653301 and parameters: {'max_depth': 6, 'min_child_weight': 3, 'gamma': 0.7979540733337369, 'subsample': 0.8625716422871532, 'colsample_bytree': 0.22670100160875273, 'learning_rate': 0.3480940508482626, 'reg_alpha': 6.227219268271705, 'reg_lambda': 1.4019877805459144}. Best is trial 715 with value: 0.9377859576434285.
Trial 3558 finished with value: -18690153207267.73 and parameters: {'max_depth': 6, 'min_child_weight': 2, 'gamma': 0.14608628566874027, 'subsample': 0.20593429116158113, 'colsample_bytree': 0.5495732651751932, 'learning_rate': 0.9517202377538284, 'reg_alpha': 0.0005740621193586519, 'reg_lambda': 0.400425674113966}. Best is trial 715 with value: 0.9377859576434285.
Trial 3573 finished with value: -0.2676933489800276 and parameters: {'max_depth': 4, 'min_child_weight': 3, 'gamma': 0.3910777427411902, 'subsample': 0.25593321426786997, 'colsample_bytree': 0.4361223494127259, 'learning_rate': 0.6464900075970036, 'reg_alpha': 0.20104280806929511, 'reg_lambda': 0.003520970470701623}. Best is trial 715 with value: 0.9377859576434285.
Trial 3579 finished with value: 7.653460788525912e-05 and parameters: {'max_depth': 4, 'min_child_weight': 2, 'gamma': 0.035569767681494, 'subsample': 0.38968818559745033, 'colsample_bytree': 0.007310131481392701, 'learning_rate': 0.8596723195351696, 'reg_alpha': 0.03583747414939878, 'reg_lambda': 2.3483455304096594}. Best is trial 715 with value: 0.9377859576434285.
Trial 3563 finished with value: 0.8959170383562521 and parameters: {'max_depth': 5, 'min_child_weight': 4, 'gamma': 0.5919988276385676, 'subsample': 0.7729019946818039, 'colsample_bytree': 0.9096596330738247, 'learning_rate': 0.846045241790719, 'reg_alpha': 0.03648486380970046, 'reg_lambda': 0.10089143907345549}. Best is trial 715 with value: 0.9377859576434285.
Trial 3583 finished with value: -0.440176899822736 and parameters: {'max_depth': 9, 'min_child_weight': 5, 'gamma': 0.36805008774575887, 'subsample': 0.060417146437204194, 'colsample_bytree': 0.8393179125709083, 'learning_rate': 0.3809713225898267, 'reg_alpha': 0.000348171135830277, 'reg_lambda': 0.02645585892998736}. Best is trial 715 with value: 0.9377859576434285.
Trial 3533 finished with value: 0.912638997139974 and parameters: {'max_depth': 10, 'min_child_weight': 3, 'gamma': 0.5680143464745191, 'subsample': 0.7219868807932327, 'colsample_bytree': 0.9832161029414225, 'learning_rate': 0.6975106776059556, 'reg_alpha': 0.000783492620790817, 'reg_lambda': 0.006289922067740553}. Best is trial 715 with value: 0.9377859576434285.
Trial 3574 finished with value: -1078.9563453875667 and parameters: {'max_depth': 6, 'min_child_weight': 5, 'gamma': 0.1617894491717049, 'subsample': 0.1301931074221594, 'colsample_bytree': 0.29570910714328213, 'learning_rate': 0.9120209919829935, 'reg_alpha': 0.00024319362649629478, 'reg_lambda': 0.2980555685717888}. Best is trial 715 with value: 0.9377859576434285.
Trial 3578 finished with value: 0.45840717986466856 and parameters: {'max_depth': 5, 'min_child_weight': 3, 'gamma': 0.6504585389321894, 'subsample': 0.7427451370209651, 'colsample_bytree': 0.1165243412721344, 'learning_rate': 0.9926393985327044, 'reg_alpha': 0.13303987602841197, 'reg_lambda': 5.678922213206845}. Best is trial 715 with value: 0.9377859576434285.
Trial 3577 finished with value: 0.7725022785367478 and parameters: {'max_depth': 4, 'min_child_weight': 1, 'gamma': 0.11956509826017825, 'subsample': 0.671435522379131, 'colsample_bytree': 0.4932130428133651, 'learning_rate': 0.2485111995250998, 'reg_alpha': 0.0002236352253177265, 'reg_lambda': 0.001649989149700163}. Best is trial 715 with value: 0.9377859576434285.
Trial 3571 finished with value: 0.8227863905831989 and parameters: {'max_depth': 5, 'min_child_weight': 5, 'gamma': 0.9479987225208142, 'subsample': 0.5810915521471527, 'colsample_bytree': 0.7428381546090709, 'learning_rate': 0.4420860902058559, 'reg_alpha': 0.2776181687771598, 'reg_lambda': 0.011591448116111264}. Best is trial 715 with value: 0.9377859576434285.
Trial 3582 finished with value: -0.3357052638795165 and parameters: {'max_depth': 8, 'min_child_weight': 2, 'gamma': 0.9090594241358331, 'subsample': 0.11000628084863961, 'colsample_bytree': 0.03792998655853064, 'learning_rate': 0.5602968814840878, 'reg_alpha': 3.254682762706269, 'reg_lambda': 0.05965845969677267}. Best is trial 715 with value: 0.9377859576434285.
Trial 3580 finished with value: 0.09451695846039358 and parameters: {'max_depth': 10, 'min_child_weight': 5, 'gamma': 0.6154805747234133, 'subsample': 0.49100180808067706, 'colsample_bytree': 0.06144661845795418, 'learning_rate': 0.07593148220565693, 'reg_alpha': 0.1784249891286536, 'reg_lambda': 0.059960077583969734}. Best is trial 715 with value: 0.9377859576434285.
Trial 3581 finished with value: 0.6814895586038996 and parameters: {'max_depth': 4, 'min_child_weight': 4, 'gamma': 0.5839425910678492, 'subsample': 0.5196422107065337, 'colsample_bytree': 0.39209508305475194, 'learning_rate': 0.5446345799149771, 'reg_alpha': 0.0005134881505333709, 'reg_lambda': 0.02684271066245146}. Best is trial 715 with value: 0.9377859576434285.
Trial 3576 finished with value: 0.47668012708168683 and parameters: {'max_depth': 9, 'min_child_weight': 1, 'gamma': 0.5144008592989766, 'subsample': 0.21680808171166743, 'colsample_bytree': 0.13474785174854786, 'learning_rate': 0.04947906056977569, 'reg_alpha': 0.0007691174293451084, 'reg_lambda': 0.7518629478556906}. Best is trial 715 with value: 0.9377859576434285.
Trial 3557 finished with value: 0.839175556981957 and parameters: {'max_depth': 10, 'min_child_weight': 3, 'gamma': 0.7490677832025507, 'subsample': 0.29820539178078287, 'colsample_bytree': 0.6476647410158776, 'learning_rate': 0.30376517738347686, 'reg_alpha': 1.3173292509154055, 'reg_lambda': 0.005591767767566715}. Best is trial 715 with value: 0.9377859576434285.
Trial 3575 finished with value: 0.5797944010276206 and parameters: {'max_depth': 6, 'min_child_weight': 3, 'gamma': 0.2833961247828676, 'subsample': 0.24949785867271757, 'colsample_bytree': 0.2410675539111793, 'learning_rate': 0.23113481348195153, 'reg_alpha': 0.00032238666231710673, 'reg_lambda': 0.14184891185467421}. Best is trial 715 with value: 0.9377859576434285.
Trial 3601 finished with value: -3.530125344256822 and parameters: {'max_depth': 6, 'min_child_weight': 4, 'gamma': 0.0002713235751748977, 'subsample': 0.007734175147646405, 'colsample_bytree': 0.884076636758819, 'learning_rate': 0.9735556850977309, 'reg_alpha': 0.04290242706458739, 'reg_lambda': 2.1706972412855228}. Best is trial 715 with value: 0.9377859576434285.
Trial 3554 finished with value: 0.900245910619175 and parameters: {'max_depth': 8, 'min_child_weight': 2, 'gamma': 0.9268689297808425, 'subsample': 0.9659676391479319, 'colsample_bytree': 0.7393266972757331, 'learning_rate': 0.6926959808134325, 'reg_alpha': 0.0024775824440834322, 'reg_lambda': 7.265614083947239}. Best is trial 715 with value: 0.9377859576434285.
Trial 3586 finished with value: 0.05561394669372958 and parameters: {'max_depth': 10, 'min_child_weight': 1, 'gamma': 0.3666402938094614, 'subsample': 0.6232480156962039, 'colsample_bytree': 0.08209138997855647, 'learning_rate': 0.4613819181945148, 'reg_alpha': 0.3981269686485609, 'reg_lambda': 0.0009253770884783691}. Best is trial 715 with value: 0.9377859576434285.
Trial 3587 finished with value: 0.04006566884100212 and parameters: {'max_depth': 9, 'min_child_weight': 3, 'gamma': 0.9423141036760341, 'subsample': 0.23512424431828527, 'colsample_bytree': 0.029753081080357235, 'learning_rate': 0.4481318382371462, 'reg_alpha': 0.008175353133239442, 'reg_lambda': 0.00586840344305798}. Best is trial 715 with value: 0.9377859576434285.
Trial 3588 finished with value: 0.6742384723250551 and parameters: {'max_depth': 4, 'min_child_weight': 5, 'gamma': 0.9300980993378551, 'subsample': 0.6317816947607545, 'colsample_bytree': 0.2830946335481078, 'learning_rate': 0.26821562594342163, 'reg_alpha': 0.25016213008859955, 'reg_lambda': 0.010704292064132414}. Best is trial 715 with value: 0.9377859576434285.
Trial 3590 finished with value: -1.5827046636401905 and parameters: {'max_depth': 3, 'min_child_weight': 1, 'gamma': 0.3210705063296382, 'subsample': 0.250230080993593, 'colsample_bytree': 0.7069972850956614, 'learning_rate': 0.7527548899330965, 'reg_alpha': 0.2412763596487364, 'reg_lambda': 0.5858027221621065}. Best is trial 715 with value: 0.9377859576434285.
Trial 3600 finished with value: 0.4303719877212923 and parameters: {'max_depth': 2, 'min_child_weight': 1, 'gamma': 0.6896387180168383, 'subsample': 0.3687726865027663, 'colsample_bytree': 0.2983472662081498, 'learning_rate': 0.21373066728719392, 'reg_alpha': 0.07009682310672885, 'reg_lambda': 0.00020253914498293203}. Best is trial 715 with value: 0.9377859576434285.
Trial 3572 finished with value: 0.814067564498335 and parameters: {'max_depth': 8, 'min_child_weight': 1, 'gamma': 0.8639468375079409, 'subsample': 0.7447314390307124, 'colsample_bytree': 0.2839844546733662, 'learning_rate': 0.5827646298230105, 'reg_alpha': 0.02462723127406978, 'reg_lambda': 0.003010093624221068}. Best is trial 715 with value: 0.9377859576434285.
Trial 3594 finished with value: 0.5962510036493072 and parameters: {'max_depth': 3, 'min_child_weight': 3, 'gamma': 0.8080516755173743, 'subsample': 0.5395036422351515, 'colsample_bytree': 0.5111616726588905, 'learning_rate': 0.34045228257842597, 'reg_alpha': 4.895105908282847, 'reg_lambda': 6.810629523362552}. Best is trial 715 with value: 0.9377859576434285.
Trial 3596 finished with value: 0.025765984722428092 and parameters: {'max_depth': 3, 'min_child_weight': 3, 'gamma': 0.9508241776168919, 'subsample': 0.32035919535764557, 'colsample_bytree': 0.9392635869403289, 'learning_rate': 0.7389324415201746, 'reg_alpha': 6.167553107551611, 'reg_lambda': 0.00472027896103568}. Best is trial 715 with value: 0.9377859576434285.
Trial 3599 finished with value: -0.19170101383183244 and parameters: {'max_depth': 8, 'min_child_weight': 4, 'gamma': 0.11379438438335154, 'subsample': 0.06877029366584675, 'colsample_bytree': 0.15902109327173186, 'learning_rate': 0.3206377344328396, 'reg_alpha': 0.6108936607902621, 'reg_lambda': 0.16829865458233292}. Best is trial 715 with value: 0.9377859576434285.
Trial 3603 finished with value: 0.33838518590363975 and parameters: {'max_depth': 3, 'min_child_weight': 4, 'gamma': 0.15541992376059788, 'subsample': 0.06980471254198917, 'colsample_bytree': 0.8614448976827093, 'learning_rate': 0.038795581356580566, 'reg_alpha': 0.740494449747553, 'reg_lambda': 0.00018074999434699777}. Best is trial 715 with value: 0.9377859576434285.
Trial 3591 finished with value: 0.7413753965673511 and parameters: {'max_depth': 5, 'min_child_weight': 1, 'gamma': 0.15787033037637155, 'subsample': 0.22008746367642973, 'colsample_bytree': 0.7406209054718782, 'learning_rate': 0.4430803420175563, 'reg_alpha': 0.24459045557208114, 'reg_lambda': 9.276273121778116}. Best is trial 715 with value: 0.9377859576434285.
Trial 3612 finished with value: 0.06863818078781775 and parameters: {'max_depth': 3, 'min_child_weight': 5, 'gamma': 0.3800206503546433, 'subsample': 0.8778100679599805, 'colsample_bytree': 0.07512648226281038, 'learning_rate': 0.7322690881367021, 'reg_alpha': 0.002542078448991301, 'reg_lambda': 0.019569571336840043}. Best is trial 715 with value: 0.9377859576434285.
Trial 3589 finished with value: -2.9283132879869407 and parameters: {'max_depth': 6, 'min_child_weight': 2, 'gamma': 0.5999874398312472, 'subsample': 0.2958805773390868, 'colsample_bytree': 0.38175012850958856, 'learning_rate': 0.6964698709445547, 'reg_alpha': 0.06925710821212706, 'reg_lambda': 0.017421281521251837}. Best is trial 715 with value: 0.9377859576434285.
Trial 3585 finished with value: 0.8882508650906622 and parameters: {'max_depth': 7, 'min_child_weight': 1, 'gamma': 0.3187252222713838, 'subsample': 0.9178680476326616, 'colsample_bytree': 0.39405369835712334, 'learning_rate': 0.29908090445287705, 'reg_alpha': 0.0003109201740733226, 'reg_lambda': 0.012133092800371259}. Best is trial 715 with value: 0.9377859576434285.
Trial 3593 finished with value: 0.7655673335269656 and parameters: {'max_depth': 6, 'min_child_weight': 4, 'gamma': 0.7274909547476136, 'subsample': 0.7626152664844964, 'colsample_bytree': 0.27216263636708415, 'learning_rate': 0.6589814861544218, 'reg_alpha': 0.003754282882103507, 'reg_lambda': 0.043528493252889246}. Best is trial 715 with value: 0.9377859576434285.
Trial 3605 finished with value: 0.7568712630175969 and parameters: {'max_depth': 4, 'min_child_weight': 5, 'gamma': 0.22397542749398391, 'subsample': 0.5279392243048656, 'colsample_bytree': 0.8852711449261491, 'learning_rate': 0.5467282803719029, 'reg_alpha': 0.0007372478455884336, 'reg_lambda': 0.4118877290331438}. Best is trial 715 with value: 0.9377859576434285.
Trial 3607 finished with value: 0.4039179925005121 and parameters: {'max_depth': 4, 'min_child_weight': 3, 'gamma': 0.10330522383134022, 'subsample': 0.2883722042967699, 'colsample_bytree': 0.4219016811429366, 'learning_rate': 0.6105678092751143, 'reg_alpha': 2.219642909222498, 'reg_lambda': 0.0374934236827369}. Best is trial 715 with value: 0.9377859576434285.
Trial 3606 finished with value: 0.47692220500449545 and parameters: {'max_depth': 5, 'min_child_weight': 5, 'gamma': 0.2514473126117439, 'subsample': 0.19338948791848853, 'colsample_bytree': 0.44633778946154334, 'learning_rate': 0.26530400778307717, 'reg_alpha': 0.08593358913942509, 'reg_lambda': 0.0001765361777426781}. Best is trial 715 with value: 0.9377859576434285.
