Trial 2016 finished with value: -1.1882736669884155 and parameters: {'max_depth': 4, 'min_child_weight': 1, 'gamma': 0.4686140653043058, 'subsample': 0.04300890146328051, 'colsample_bytree': 0.149197313686372, 'learning_rate': 0.5291156087310216, 'reg_alpha': 0.00257692881656236, 'reg_lambda': 2.800595721529895}. Best is trial 715 with value: 0.9377859576434285.
Trial 2019 finished with value: -322.5273095915451 and parameters: {'max_depth': 3, 'min_child_weight': 2, 'gamma': 0.14774369186438396, 'subsample': 0.13906097644961213, 'colsample_bytree': 0.39525744124147855, 'learning_rate': 0.7322312032704633, 'reg_alpha': 0.003600587324127933, 'reg_lambda': 0.0008571083930338744}. Best is trial 715 with value: 0.9377859576434285.
Trial 2026 finished with value: -0.07628196765730735 and parameters: {'max_depth': 2, 'min_child_weight': 2, 'gamma': 0.45923974971211523, 'subsample': 0.10114515351025566, 'colsample_bytree': 0.3403334529237484, 'learning_rate': 0.6170873670789657, 'reg_alpha': 2.6267871242560097, 'reg_lambda': 3.3752811687617394}. Best is trial 715 with value: 0.9377859576434285.
Trial 2022 finished with value: 0.3397300378965275 and parameters: {'max_depth': 3, 'min_child_weight': 1, 'gamma': 0.46849294168136546, 'subsample': 0.21966722539039074, 'colsample_bytree': 0.193055631915223, 'learning_rate': 0.014168168094290556, 'reg_alpha': 0.17045217522828263, 'reg_lambda': 0.00011587200946151927}. Best is trial 715 with value: 0.9377859576434285.
Trial 2023 finished with value: 0.5973717479442968 and parameters: {'max_depth': 3, 'min_child_weight': 3, 'gamma': 0.5044422352101952, 'subsample': 0.7843658205751354, 'colsample_bytree': 0.4253657383283569, 'learning_rate': 0.11521890010525482, 'reg_alpha': 3.825116264624321, 'reg_lambda': 0.00012462713446341136}. Best is trial 715 with value: 0.9377859576434285.
Trial 2018 finished with value: 0.7731720774675366 and parameters: {'max_depth': 4, 'min_child_weight': 5, 'gamma': 0.30762153648464496, 'subsample': 0.96177040480646, 'colsample_bytree': 0.36070316660521695, 'learning_rate': 0.7926324358531789, 'reg_alpha': 0.00043302005851042307, 'reg_lambda': 0.3413432024726794}. Best is trial 715 with value: 0.9377859576434285.
Trial 2017 finished with value: 0.8276290165567372 and parameters: {'max_depth': 4, 'min_child_weight': 1, 'gamma': 0.5667506858059981, 'subsample': 0.8439533380611115, 'colsample_bytree': 0.6096782040605501, 'learning_rate': 0.452500124963199, 'reg_alpha': 0.003706710972109982, 'reg_lambda': 0.186740448842433}. Best is trial 715 with value: 0.9377859576434285.
Trial 2004 finished with value: -10.194648949883193 and parameters: {'max_depth': 10, 'min_child_weight': 5, 'gamma': 0.9238913042656924, 'subsample': 0.2863717986890423, 'colsample_bytree': 0.9416342409187802, 'learning_rate': 0.7863361466957712, 'reg_alpha': 0.0003393361463628608, 'reg_lambda': 0.03959188486785251}. Best is trial 715 with value: 0.9377859576434285.
Trial 2039 finished with value: 0.08226423224411286 and parameters: {'max_depth': 1, 'min_child_weight': 1, 'gamma': 0.7082045592717446, 'subsample': 0.6559834612715482, 'colsample_bytree': 0.966742049860086, 'learning_rate': 0.3090005904897122, 'reg_alpha': 0.00025904873384976487, 'reg_lambda': 0.007679117534626905}. Best is trial 715 with value: 0.9377859576434285.
Trial 2020 finished with value: 0.7365723464975527 and parameters: {'max_depth': 7, 'min_child_weight': 3, 'gamma': 0.4025499691946257, 'subsample': 0.752228691819985, 'colsample_bytree': 0.1415564055602162, 'learning_rate': 0.5045368606885381, 'reg_alpha': 2.4572391899231576, 'reg_lambda': 0.0014252121825995914}. Best is trial 715 with value: 0.9377859576434285.
Trial 2007 finished with value: 0.8288451083929241 and parameters: {'max_depth': 8, 'min_child_weight': 5, 'gamma': 0.5620616694888199, 'subsample': 0.3748054130112829, 'colsample_bytree': 0.9486783396149969, 'learning_rate': 0.21037934696820382, 'reg_alpha': 0.00014937352229234816, 'reg_lambda': 0.40874595638077155}. Best is trial 715 with value: 0.9377859576434285.
Trial 2011 finished with value: 0.7666944002831619 and parameters: {'max_depth': 9, 'min_child_weight': 3, 'gamma': 0.5679010930923002, 'subsample': 0.946874980170114, 'colsample_bytree': 0.14724558587540404, 'learning_rate': 0.4600244261268368, 'reg_alpha': 0.007468939153128799, 'reg_lambda': 0.6340924828767991}. Best is trial 715 with value: 0.9377859576434285.
Trial 2014 finished with value: 0.8215023735357198 and parameters: {'max_depth': 6, 'min_child_weight': 5, 'gamma': 0.3062531385248609, 'subsample': 0.9516921070956426, 'colsample_bytree': 0.3702169701260839, 'learning_rate': 0.8720175328731875, 'reg_alpha': 0.00014401287367309782, 'reg_lambda': 0.0005838306495149994}. Best is trial 715 with value: 0.9377859576434285.
Trial 2013 finished with value: 0.8524736926135728 and parameters: {'max_depth': 7, 'min_child_weight': 4, 'gamma': 0.5663818739113213, 'subsample': 0.757755187134449, 'colsample_bytree': 0.5334635809261252, 'learning_rate': 0.092717901268347, 'reg_alpha': 3.156231962979177, 'reg_lambda': 0.0020190660015080458}. Best is trial 715 with value: 0.9377859576434285.
Trial 2021 finished with value: 0.589882491032008 and parameters: {'max_depth': 10, 'min_child_weight': 2, 'gamma': 0.22991917612754642, 'subsample': 0.21191205345575737, 'colsample_bytree': 0.19630441449380442, 'learning_rate': 0.06676435667550118, 'reg_alpha': 0.028826748658166323, 'reg_lambda': 0.29222994688950704}. Best is trial 715 with value: 0.9377859576434285.
Trial 1992 finished with value: -3550514309.7767344 and parameters: {'max_depth': 10, 'min_child_weight': 1, 'gamma': 0.11814685410315184, 'subsample': 0.3791864368800656, 'colsample_bytree': 0.8230888432036372, 'learning_rate': 0.8423829183328023, 'reg_alpha': 0.0037608006895260386, 'reg_lambda': 0.0016898722933170018}. Best is trial 715 with value: 0.9377859576434285.
Trial 2033 finished with value: 0.4045590743286612 and parameters: {'max_depth': 8, 'min_child_weight': 4, 'gamma': 0.8422727252714125, 'subsample': 0.1757980098060551, 'colsample_bytree': 0.7514214893511241, 'learning_rate': 0.019445590676630542, 'reg_alpha': 6.739045625340728, 'reg_lambda': 8.549843554303063}. Best is trial 715 with value: 0.9377859576434285.
Trial 2024 finished with value: 0.8013423243713365 and parameters: {'max_depth': 7, 'min_child_weight': 2, 'gamma': 0.5120320538194593, 'subsample': 0.8258912263089504, 'colsample_bytree': 0.24167249324916829, 'learning_rate': 0.17558877863306666, 'reg_alpha': 1.3203981132369202, 'reg_lambda': 0.4984896026270184}. Best is trial 715 with value: 0.9377859576434285.
Trial 2040 finished with value: 0.6561581263048943 and parameters: {'max_depth': 3, 'min_child_weight': 4, 'gamma': 0.4268642729312203, 'subsample': 0.6591960959636817, 'colsample_bytree': 0.9388212510712568, 'learning_rate': 0.9009644197087509, 'reg_alpha': 0.001059139874913038, 'reg_lambda': 4.3244709889997415}. Best is trial 715 with value: 0.9377859576434285.
Trial 2038 finished with value: -389599540.9541087 and parameters: {'max_depth': 5, 'min_child_weight': 1, 'gamma': 0.9997084919977383, 'subsample': 0.02782550657823457, 'colsample_bytree': 0.13476784663086028, 'learning_rate': 0.5324458960049193, 'reg_alpha': 2.0496958075322924, 'reg_lambda': 0.00012774128408709975}. Best is trial 715 with value: 0.9377859576434285.
Trial 2030 finished with value: 0.8597546981779489 and parameters: {'max_depth': 6, 'min_child_weight': 5, 'gamma': 0.8736850118498354, 'subsample': 0.7220707788552055, 'colsample_bytree': 0.790507139743863, 'learning_rate': 0.9568157054767633, 'reg_alpha': 3.9241709474686948, 'reg_lambda': 0.0022274227406412963}. Best is trial 715 with value: 0.9377859576434285.
Trial 2035 finished with value: 0.46724276779660345 and parameters: {'max_depth': 10, 'min_child_weight': 4, 'gamma': 0.49552952066845557, 'subsample': 0.762488329433033, 'colsample_bytree': 0.1168204783968193, 'learning_rate': 0.9293769464003409, 'reg_alpha': 5.404778019180483, 'reg_lambda': 0.00028627163283774846}. Best is trial 715 with value: 0.9377859576434285.
Trial 2029 finished with value: 0.8735352442686646 and parameters: {'max_depth': 7, 'min_child_weight': 2, 'gamma': 0.10487859807189759, 'subsample': 0.8571947139035849, 'colsample_bytree': 0.2886609808493654, 'learning_rate': 0.6727728196135458, 'reg_alpha': 0.001342835807015147, 'reg_lambda': 0.13671374905370445}. Best is trial 715 with value: 0.9377859576434285.
Trial 2050 finished with value: 0.05953007220170807 and parameters: {'max_depth': 1, 'min_child_weight': 4, 'gamma': 0.5375932746665303, 'subsample': 0.23782094033078405, 'colsample_bytree': 0.46226856282669704, 'learning_rate': 0.3585918163264916, 'reg_alpha': 0.0745543149922989, 'reg_lambda': 0.01965923719812816}. Best is trial 715 with value: 0.9377859576434285.
Trial 2032 finished with value: 0.6517368101165143 and parameters: {'max_depth': 10, 'min_child_weight': 5, 'gamma': 0.3408547598739752, 'subsample': 0.3359212556747162, 'colsample_bytree': 0.9035340827109575, 'learning_rate': 0.042934384982666995, 'reg_alpha': 0.00020350400738290795, 'reg_lambda': 6.763767374758239}. Best is trial 715 with value: 0.9377859576434285.
Trial 2047 finished with value: 0.4700772798044367 and parameters: {'max_depth': 2, 'min_child_weight': 5, 'gamma': 0.3207246222138441, 'subsample': 0.8464445123893742, 'colsample_bytree': 0.8835654271873287, 'learning_rate': 0.6930361972785717, 'reg_alpha': 0.0005232921552086986, 'reg_lambda': 0.46818875281558214}. Best is trial 715 with value: 0.9377859576434285.
Trial 2044 finished with value: 0.4427135540711147 and parameters: {'max_depth': 4, 'min_child_weight': 5, 'gamma': 0.9330422410200375, 'subsample': 0.10105712379237874, 'colsample_bytree': 0.7388487031904766, 'learning_rate': 0.08171664661544975, 'reg_alpha': 1.186343853073066, 'reg_lambda': 0.0006840960371431477}. Best is trial 715 with value: 0.9377859576434285.
Trial 2055 finished with value: -0.06406122525566331 and parameters: {'max_depth': 1, 'min_child_weight': 2, 'gamma': 0.5596500073991387, 'subsample': 0.15847247132353937, 'colsample_bytree': 0.17097431319601697, 'learning_rate': 0.5454812378047951, 'reg_alpha': 0.669851394171077, 'reg_lambda': 5.404786326046888}. Best is trial 715 with value: 0.9377859576434285.
Trial 2036 finished with value: 0.7452142800146058 and parameters: {'max_depth': 6, 'min_child_weight': 1, 'gamma': 0.31423745054816576, 'subsample': 0.48265034118620487, 'colsample_bytree': 0.3144501911001413, 'learning_rate': 0.5195229348637486, 'reg_alpha': 0.20700662177663937, 'reg_lambda': 0.02874683231334671}. Best is trial 715 with value: 0.9377859576434285.
Trial 2041 finished with value: 0.7534011467708692 and parameters: {'max_depth': 6, 'min_child_weight': 5, 'gamma': 0.3507013816161374, 'subsample': 0.6655130456963476, 'colsample_bytree': 0.27669720440670664, 'learning_rate': 0.8671063377073818, 'reg_alpha': 4.970327718625548, 'reg_lambda': 0.00016766477888988343}. Best is trial 715 with value: 0.9377859576434285.
Trial 2057 finished with value: -0.08297874736318157 and parameters: {'max_depth': 1, 'min_child_weight': 1, 'gamma': 0.8972876988806836, 'subsample': 0.06776562890493198, 'colsample_bytree': 0.46051026754442537, 'learning_rate': 0.1927738309753837, 'reg_alpha': 0.00012284881543922355, 'reg_lambda': 0.004073179951920611}. Best is trial 715 with value: 0.9377859576434285.
Trial 2048 finished with value: 0.700209328910559 and parameters: {'max_depth': 3, 'min_child_weight': 1, 'gamma': 0.5747676776178255, 'subsample': 0.7465460478953664, 'colsample_bytree': 0.6428967133471662, 'learning_rate': 0.7414006537220631, 'reg_alpha': 0.01721090460263901, 'reg_lambda': 0.04878139012469168}. Best is trial 715 with value: 0.9377859576434285.
Trial 2037 finished with value: 0.7836300415498773 and parameters: {'max_depth': 6, 'min_child_weight': 5, 'gamma': 0.9560638865444098, 'subsample': 0.47611537066575615, 'colsample_bytree': 0.6574852000995836, 'learning_rate': 0.6713621432010322, 'reg_alpha': 0.0063916839727581306, 'reg_lambda': 0.03872772580453408}. Best is trial 715 with value: 0.9377859576434285.
Trial 2027 finished with value: 0.9118586176118023 and parameters: {'max_depth': 8, 'min_child_weight': 4, 'gamma': 0.23961034623903155, 'subsample': 0.9802355216850738, 'colsample_bytree': 0.5519723577852844, 'learning_rate': 0.25414450960343204, 'reg_alpha': 0.001557626969464853, 'reg_lambda': 1.9650145581579115}. Best is trial 715 with value: 0.9377859576434285.
Trial 2042 finished with value: 0.45062542631566854 and parameters: {'max_depth': 10, 'min_child_weight': 5, 'gamma': 0.8659625923389748, 'subsample': 0.3941412885951562, 'colsample_bytree': 0.11681301205092798, 'learning_rate': 0.3515347934986055, 'reg_alpha': 4.745750891786054, 'reg_lambda': 0.0005272773616845426}. Best is trial 715 with value: 0.9377859576434285.
Trial 2025 finished with value: 0.8161720701576497 and parameters: {'max_depth': 9, 'min_child_weight': 2, 'gamma': 0.432714577851369, 'subsample': 0.4472556022827706, 'colsample_bytree': 0.6770057700968448, 'learning_rate': 0.6963700171227425, 'reg_alpha': 0.3855817992015436, 'reg_lambda': 0.007069267203117006}. Best is trial 715 with value: 0.9377859576434285.
Trial 2061 finished with value: -1.2653468540006916 and parameters: {'max_depth': 1, 'min_child_weight': 3, 'gamma': 0.8689845003020797, 'subsample': 0.10494982305698897, 'colsample_bytree': 0.3946282693351192, 'learning_rate': 0.9162395171210854, 'reg_alpha': 0.0006185204846064188, 'reg_lambda': 0.02102269930227238}. Best is trial 715 with value: 0.9377859576434285.
Trial 2028 finished with value: 0.660697726218253 and parameters: {'max_depth': 9, 'min_child_weight': 2, 'gamma': 0.03799218894876999, 'subsample': 0.27645835233660887, 'colsample_bytree': 0.7618252668919955, 'learning_rate': 0.5157933310111195, 'reg_alpha': 0.010791168750419307, 'reg_lambda': 0.003615304529514103}. Best is trial 715 with value: 0.9377859576434285.
Trial 2051 finished with value: 0.06722418492626757 and parameters: {'max_depth': 8, 'min_child_weight': 2, 'gamma': 0.2034001856485963, 'subsample': 0.8761090195787857, 'colsample_bytree': 0.14447579622040774, 'learning_rate': 0.003970583900990254, 'reg_alpha': 0.022941136713486777, 'reg_lambda': 5.075571367646322}. Best is trial 715 with value: 0.9377859576434285.
Trial 2060 finished with value: 0.3754270144044211 and parameters: {'max_depth': 2, 'min_child_weight': 2, 'gamma': 0.6397573022627869, 'subsample': 0.453259913397851, 'colsample_bytree': 0.8251021474214111, 'learning_rate': 0.6928312304159333, 'reg_alpha': 0.05819456870223129, 'reg_lambda': 5.4112064968152085}. Best is trial 715 with value: 0.9377859576434285.
Trial 2064 finished with value: -0.9499088217821327 and parameters: {'max_depth': 4, 'min_child_weight': 5, 'gamma': 0.6134201039323233, 'subsample': 0.02309053244683479, 'colsample_bytree': 0.8765260682734355, 'learning_rate': 0.43881373860586315, 'reg_alpha': 0.010622063710026608, 'reg_lambda': 0.2084500924251898}. Best is trial 715 with value: 0.9377859576434285.
Trial 2068 finished with value: 0.06434849602051847 and parameters: {'max_depth': 1, 'min_child_weight': 4, 'gamma': 0.3816892856905183, 'subsample': 0.6430385880035362, 'colsample_bytree': 0.07438618052349255, 'learning_rate': 0.4215077004261336, 'reg_alpha': 3.7367967432962685, 'reg_lambda': 0.000348384379059849}. Best is trial 715 with value: 0.9377859576434285.
Trial 2043 finished with value: 0.8635236262628665 and parameters: {'max_depth': 6, 'min_child_weight': 2, 'gamma': 0.7334697144422239, 'subsample': 0.7212131034130589, 'colsample_bytree': 0.4862314856979236, 'learning_rate': 0.1000272344975045, 'reg_alpha': 0.005054955924002953, 'reg_lambda': 0.00030344661572564676}. Best is trial 715 with value: 0.9377859576434285.
Trial 2074 finished with value: 0.09303111091648261 and parameters: {'max_depth': 1, 'min_child_weight': 1, 'gamma': 0.38617812459995937, 'subsample': 0.9289886118983118, 'colsample_bytree': 0.11650654875493638, 'learning_rate': 0.7291017676214796, 'reg_alpha': 3.098853974927565, 'reg_lambda': 7.7570809006279635}. Best is trial 715 with value: 0.9377859576434285.
Trial 2045 finished with value: 0.8708679037578787 and parameters: {'max_depth': 8, 'min_child_weight': 1, 'gamma': 0.29566413904728894, 'subsample': 0.770330030211751, 'colsample_bytree': 0.2726241106211328, 'learning_rate': 0.5903285817729902, 'reg_alpha': 0.4673324325418893, 'reg_lambda': 0.008206371795142687}. Best is trial 715 with value: 0.9377859576434285.
Trial 2070 finished with value: 0.3706187163737157 and parameters: {'max_depth': 2, 'min_child_weight': 2, 'gamma': 0.29277769756601923, 'subsample': 0.5443222519689164, 'colsample_bytree': 0.3167861805261363, 'learning_rate': 0.725680425599657, 'reg_alpha': 0.5818340600435294, 'reg_lambda': 0.012198421504974874}. Best is trial 715 with value: 0.9377859576434285.
Trial 2054 finished with value: 0.5228819718235242 and parameters: {'max_depth': 8, 'min_child_weight': 3, 'gamma': 0.9143732805279229, 'subsample': 0.24259480587108406, 'colsample_bytree': 0.17170052676101344, 'learning_rate': 0.29190843862492943, 'reg_alpha': 0.6404447437829162, 'reg_lambda': 3.643630495420787}. Best is trial 715 with value: 0.9377859576434285.
Trial 2065 finished with value: 0.6628285286119897 and parameters: {'max_depth': 3, 'min_child_weight': 4, 'gamma': 0.6527537481661533, 'subsample': 0.5467201503167813, 'colsample_bytree': 0.8443360105263583, 'learning_rate': 0.38529399927538355, 'reg_alpha': 0.04538568509297903, 'reg_lambda': 0.015061438438919982}. Best is trial 715 with value: 0.9377859576434285.
Trial 2034 finished with value: 0.891427919040924 and parameters: {'max_depth': 9, 'min_child_weight': 4, 'gamma': 0.6443471181747864, 'subsample': 0.8648868553261182, 'colsample_bytree': 0.6905583613535862, 'learning_rate': 0.5640856267942596, 'reg_alpha': 0.027618837082995718, 'reg_lambda': 0.0002669068245662888}. Best is trial 715 with value: 0.9377859576434285.
Trial 2046 finished with value: 0.8694310065964357 and parameters: {'max_depth': 8, 'min_child_weight': 1, 'gamma': 0.06427256428516359, 'subsample': 0.4407131038155748, 'colsample_bytree': 0.4503165761789095, 'learning_rate': 0.29757258540354625, 'reg_alpha': 0.7239435059561278, 'reg_lambda': 0.0077917904250226384}. Best is trial 715 with value: 0.9377859576434285.
Trial 2062 finished with value: 0.8534404991607139 and parameters: {'max_depth': 4, 'min_child_weight': 2, 'gamma': 0.554951905162705, 'subsample': 0.7915388960727248, 'colsample_bytree': 0.8567989775566921, 'learning_rate': 0.5249869494590291, 'reg_alpha': 0.005623652500993194, 'reg_lambda': 0.43962608306556866}. Best is trial 715 with value: 0.9377859576434285.
Trial 2079 finished with value: 0.08287801093359716 and parameters: {'max_depth': 1, 'min_child_weight': 2, 'gamma': 0.6387255078689491, 'subsample': 0.5478199250147243, 'colsample_bytree': 0.7420021778665413, 'learning_rate': 0.11115962596486884, 'reg_alpha': 0.7217211485725631, 'reg_lambda': 0.0006768924985532262}. Best is trial 715 with value: 0.9377859576434285.
Trial 2069 finished with value: 0.6666147292026836 and parameters: {'max_depth': 4, 'min_child_weight': 4, 'gamma': 0.6084334016808275, 'subsample': 0.42623397856974177, 'colsample_bytree': 0.36631872359596584, 'learning_rate': 0.45875325726071814, 'reg_alpha': 0.1456136073779084, 'reg_lambda': 0.07675345334345121}. Best is trial 715 with value: 0.9377859576434285.
Trial 2076 finished with value: 0.44136884477971655 and parameters: {'max_depth': 2, 'min_child_weight': 5, 'gamma': 0.4572440281211374, 'subsample': 0.8210581178739136, 'colsample_bytree': 0.17388055020133164, 'learning_rate': 0.21213295834219026, 'reg_alpha': 0.791007712754424, 'reg_lambda': 0.14929968481899675}. Best is trial 715 with value: 0.9377859576434285.
Trial 2053 finished with value: 0.9055504914227597 and parameters: {'max_depth': 6, 'min_child_weight': 2, 'gamma': 0.5346977348208312, 'subsample': 0.8895059877352195, 'colsample_bytree': 0.6315109107363829, 'learning_rate': 0.3546071137785536, 'reg_alpha': 0.06217412575936209, 'reg_lambda': 7.101110934083971}. Best is trial 715 with value: 0.9377859576434285.
Trial 2049 finished with value: 0.5329297241696181 and parameters: {'max_depth': 8, 'min_child_weight': 4, 'gamma': 0.1809467780529791, 'subsample': 0.3751898180390282, 'colsample_bytree': 0.6331939161257164, 'learning_rate': 0.005300361845877455, 'reg_alpha': 0.15113500689522608, 'reg_lambda': 0.02285413296375649}. Best is trial 715 with value: 0.9377859576434285.
Trial 2080 finished with value: -4.106199086480567 and parameters: {'max_depth': 2, 'min_child_weight': 5, 'gamma': 0.07875005495308929, 'subsample': 0.04010103019296096, 'colsample_bytree': 0.9554624428319877, 'learning_rate': 0.6327177938325924, 'reg_alpha': 0.0980028518288987, 'reg_lambda': 1.3127114429965487}. Best is trial 715 with value: 0.9377859576434285.
Trial 2052 finished with value: 0.8544252427161652 and parameters: {'max_depth': 10, 'min_child_weight': 3, 'gamma': 0.5426082796144772, 'subsample': 0.31732413343133725, 'colsample_bytree': 0.8130629147962118, 'learning_rate': 0.3896242172021581, 'reg_alpha': 3.090220175292111, 'reg_lambda': 0.6785803328109623}. Best is trial 715 with value: 0.9377859576434285.
Trial 2067 finished with value: 0.6463370799047193 and parameters: {'max_depth': 5, 'min_child_weight': 2, 'gamma': 0.9582017244668963, 'subsample': 0.5425510508950162, 'colsample_bytree': 0.2556312682027865, 'learning_rate': 0.7567429600580509, 'reg_alpha': 0.00016021536651975884, 'reg_lambda': 0.01580460476178539}. Best is trial 715 with value: 0.9377859576434285.
