Trial 326 finished with value: 0.9146456720575425 and parameters: {'max_depth': 10, 'min_child_weight': 3, 'gamma': 0.23077239711558106, 'subsample': 0.7329321541507394, 'colsample_bytree': 0.9682708850456481, 'learning_rate': 0.1960654838847068, 'reg_alpha': 0.00022591335755198916, 'reg_lambda': 0.024128751194242383}. Best is trial 325 with value: 0.9241119014369545.
Trial 361 finished with value: 0.3592577211888801 and parameters: {'max_depth': 4, 'min_child_weight': 4, 'gamma': 0.646730630804705, 'subsample': 0.5412958040421744, 'colsample_bytree': 0.15203136534648187, 'learning_rate': 0.886730934943412, 'reg_alpha': 0.9665747405118562, 'reg_lambda': 0.00043171503508782847}. Best is trial 325 with value: 0.9241119014369545.
Trial 377 finished with value: 0.07909520065898122 and parameters: {'max_depth': 1, 'min_child_weight': 4, 'gamma': 0.3873388105825717, 'subsample': 0.4075673386804367, 'colsample_bytree': 0.4654115007034817, 'learning_rate': 0.09976713797293646, 'reg_alpha': 0.014535632590343387, 'reg_lambda': 0.001131727102813497}. Best is trial 325 with value: 0.9241119014369545.
Trial 373 finished with value: 0.36605714095807046 and parameters: {'max_depth': 2, 'min_child_weight': 1, 'gamma': 0.6653926937007423, 'subsample': 0.5274038573879295, 'colsample_bytree': 0.42973589099331544, 'learning_rate': 0.0360320224398849, 'reg_alpha': 0.06207324025140818, 'reg_lambda': 0.0006489953214443475}. Best is trial 325 with value: 0.9241119014369545.
Trial 359 finished with value: 0.7843163479635473 and parameters: {'max_depth': 5, 'min_child_weight': 5, 'gamma': 0.6803162402039689, 'subsample': 0.7204460124156011, 'colsample_bytree': 0.35005457117512595, 'learning_rate': 0.7721935689263875, 'reg_alpha': 0.6413584957336292, 'reg_lambda': 0.0002477083979409012}. Best is trial 325 with value: 0.9241119014369545.
Trial 364 finished with value: 0.7996931910607994 and parameters: {'max_depth': 4, 'min_child_weight': 3, 'gamma': 0.4838327538797247, 'subsample': 0.7093723260933529, 'colsample_bytree': 0.6196743970028858, 'learning_rate': 0.33240119985569005, 'reg_alpha': 0.026642180408276688, 'reg_lambda': 0.006527961054040693}. Best is trial 325 with value: 0.9241119014369545.
Trial 372 finished with value: 0.03510128503103373 and parameters: {'max_depth': 7, 'min_child_weight': 3, 'gamma': 0.0913775406795887, 'subsample': 0.30048562511656873, 'colsample_bytree': 0.023512029567137382, 'learning_rate': 0.6722329764887077, 'reg_alpha': 2.6089422167652554, 'reg_lambda': 0.06672393281873427}. Best is trial 325 with value: 0.9241119014369545.
Trial 355 finished with value: 0.9028301860451877 and parameters: {'max_depth': 6, 'min_child_weight': 4, 'gamma': 0.9930294829832328, 'subsample': 0.7887265758553512, 'colsample_bytree': 0.911985850371509, 'learning_rate': 0.22278915951123313, 'reg_alpha': 0.00016362516568169304, 'reg_lambda': 0.01755620733832717}. Best is trial 325 with value: 0.9241119014369545.
Trial 367 finished with value: 0.8458966340194685 and parameters: {'max_depth': 4, 'min_child_weight': 3, 'gamma': 0.722609278196805, 'subsample': 0.8469471839826823, 'colsample_bytree': 0.7298884663444244, 'learning_rate': 0.6993938370429961, 'reg_alpha': 0.00207478429887357, 'reg_lambda': 0.02307892869317082}. Best is trial 325 with value: 0.9241119014369545.
Trial 375 finished with value: 0.04371723326577147 and parameters: {'max_depth': 4, 'min_child_weight': 4, 'gamma': 0.7812639689132936, 'subsample': 0.6584367270332542, 'colsample_bytree': 0.025018070921040247, 'learning_rate': 0.7459772770012504, 'reg_alpha': 0.017684387931323743, 'reg_lambda': 0.00010343691279909319}. Best is trial 325 with value: 0.9241119014369545.
Trial 340 finished with value: 0.9098986743463369 and parameters: {'max_depth': 10, 'min_child_weight': 2, 'gamma': 0.34815090101746926, 'subsample': 0.6135873305177736, 'colsample_bytree': 0.8167372496584954, 'learning_rate': 0.05511753223601379, 'reg_alpha': 0.06557576243964981, 'reg_lambda': 0.30337553662261724}. Best is trial 325 with value: 0.9241119014369545.
Trial 362 finished with value: 0.6352198652579086 and parameters: {'max_depth': 10, 'min_child_weight': 4, 'gamma': 0.8536201749854023, 'subsample': 0.4426075791747429, 'colsample_bytree': 0.1428108132825835, 'learning_rate': 0.446039562033681, 'reg_alpha': 0.007909410389202657, 'reg_lambda': 1.1709825806418104}. Best is trial 325 with value: 0.9241119014369545.
Trial 374 finished with value: 0.1971127612585928 and parameters: {'max_depth': 6, 'min_child_weight': 2, 'gamma': 0.3313484112812156, 'subsample': 0.0668663599674898, 'colsample_bytree': 0.2521443038165403, 'learning_rate': 0.17035873623848108, 'reg_alpha': 0.004090874345614033, 'reg_lambda': 0.06943268460683683}. Best is trial 325 with value: 0.9241119014369545.
Trial 376 finished with value: 0.7387047231888342 and parameters: {'max_depth': 4, 'min_child_weight': 2, 'gamma': 0.12200689135715181, 'subsample': 0.573778909506792, 'colsample_bytree': 0.3735874149620094, 'learning_rate': 0.8147310561274903, 'reg_alpha': 0.055023375359715423, 'reg_lambda': 1.917929285997015}. Best is trial 325 with value: 0.9241119014369545.
Trial 356 finished with value: 0.6859823101324031 and parameters: {'max_depth': 9, 'min_child_weight': 5, 'gamma': 0.6626880720474819, 'subsample': 0.5765380503748734, 'colsample_bytree': 0.27703467779576574, 'learning_rate': 0.8723640317701651, 'reg_alpha': 0.0001868799981925037, 'reg_lambda': 0.33146147871615844}. Best is trial 325 with value: 0.9241119014369545.
Trial 368 finished with value: 0.9178777434150872 and parameters: {'max_depth': 7, 'min_child_weight': 3, 'gamma': 0.6745942241980021, 'subsample': 0.8889847306803889, 'colsample_bytree': 0.5535758997805509, 'learning_rate': 0.5263047266742721, 'reg_alpha': 1.9994177547965115, 'reg_lambda': 0.009501510238657862}. Best is trial 325 with value: 0.9241119014369545.
Trial 370 finished with value: 0.7442183128814224 and parameters: {'max_depth': 7, 'min_child_weight': 5, 'gamma': 0.32472803016734986, 'subsample': 0.6759007621641896, 'colsample_bytree': 0.24063820362291055, 'learning_rate': 0.9339507789308253, 'reg_alpha': 0.001387140829427611, 'reg_lambda': 0.5960703501496234}. Best is trial 325 with value: 0.9241119014369545.
Trial 395 finished with value: 0.06118676886912835 and parameters: {'max_depth': 1, 'min_child_weight': 4, 'gamma': 0.4514255349910835, 'subsample': 0.3876243156456147, 'colsample_bytree': 0.014057525497683243, 'learning_rate': 0.3133502948385338, 'reg_alpha': 1.0735509366217486, 'reg_lambda': 5.2182544378978735}. Best is trial 325 with value: 0.9241119014369545.
Trial 360 finished with value: 0.9062351197006656 and parameters: {'max_depth': 9, 'min_child_weight': 5, 'gamma': 0.3461329133577168, 'subsample': 0.7332658920290116, 'colsample_bytree': 0.6803842839248884, 'learning_rate': 0.6134266892238797, 'reg_alpha': 1.0358677899612772, 'reg_lambda': 0.01596662213619805}. Best is trial 325 with value: 0.9241119014369545.
Trial 378 finished with value: 0.8726074207139431 and parameters: {'max_depth': 5, 'min_child_weight': 5, 'gamma': 0.1667398166866081, 'subsample': 0.6363113063608449, 'colsample_bytree': 0.8970410527882898, 'learning_rate': 0.585538832178207, 'reg_alpha': 0.0014441363630950923, 'reg_lambda': 0.004899625689674583}. Best is trial 325 with value: 0.9241119014369545.
Trial 346 finished with value: 0.8923157422429308 and parameters: {'max_depth': 10, 'min_child_weight': 1, 'gamma': 0.6058747270545835, 'subsample': 0.6031120238975355, 'colsample_bytree': 0.7752857409904095, 'learning_rate': 0.4149597832269244, 'reg_alpha': 0.006811902419065518, 'reg_lambda': 0.007858749762878713}. Best is trial 325 with value: 0.9241119014369545.
Trial 389 finished with value: -0.4982211925742841 and parameters: {'max_depth': 10, 'min_child_weight': 5, 'gamma': 0.17486248595736098, 'subsample': 0.14342064409063282, 'colsample_bytree': 0.05271880562674658, 'learning_rate': 0.8498852982905364, 'reg_alpha': 0.1327958571675627, 'reg_lambda': 0.0007489177192647642}. Best is trial 325 with value: 0.9241119014369545.
Trial 383 finished with value: 0.4663014473224086 and parameters: {'max_depth': 7, 'min_child_weight': 3, 'gamma': 0.044418492730973314, 'subsample': 0.5401569008029884, 'colsample_bytree': 0.11234219428263559, 'learning_rate': 0.3480124245439342, 'reg_alpha': 0.0047508446633588745, 'reg_lambda': 2.7402102263952415}. Best is trial 325 with value: 0.9241119014369545.
Trial 366 finished with value: 0.7818685810637057 and parameters: {'max_depth': 9, 'min_child_weight': 4, 'gamma': 0.5272607916266971, 'subsample': 0.4521513721433844, 'colsample_bytree': 0.7123146447594223, 'learning_rate': 0.040819255598188886, 'reg_alpha': 0.05285380099656753, 'reg_lambda': 1.6377763623995125}. Best is trial 325 with value: 0.9241119014369545.
Trial 384 finished with value: 0.5870407312839921 and parameters: {'max_depth': 5, 'min_child_weight': 5, 'gamma': 0.11217052624267665, 'subsample': 0.34784500961287035, 'colsample_bytree': 0.8285739157263393, 'learning_rate': 0.6945123049286194, 'reg_alpha': 0.01905043276428578, 'reg_lambda': 1.6264191183481018}. Best is trial 325 with value: 0.9241119014369545.
Trial 393 finished with value: -0.0015112681996880205 and parameters: {'max_depth': 5, 'min_child_weight': 5, 'gamma': 0.06904239730861406, 'subsample': 0.21217620164630457, 'colsample_bytree': 0.08318179381638868, 'learning_rate': 0.5052205865059369, 'reg_alpha': 0.0002941733322667115, 'reg_lambda': 0.0005385172854251446}. Best is trial 325 with value: 0.9241119014369545.
Trial 385 finished with value: 0.7542560102983937 and parameters: {'max_depth': 6, 'min_child_weight': 2, 'gamma': 0.18792920697397608, 'subsample': 0.3231434470993404, 'colsample_bytree': 0.5203460037147147, 'learning_rate': 0.2924789960130122, 'reg_alpha': 3.569717847162704, 'reg_lambda': 8.393087714809061}. Best is trial 325 with value: 0.9241119014369545.
Trial 379 finished with value: 0.8727614228727532 and parameters: {'max_depth': 6, 'min_child_weight': 5, 'gamma': 0.822361078032525, 'subsample': 0.8483532889627498, 'colsample_bytree': 0.6081670607375073, 'learning_rate': 0.15184785067556272, 'reg_alpha': 0.29906516732635524, 'reg_lambda': 1.2426642999502633}. Best is trial 325 with value: 0.9241119014369545.
Trial 392 finished with value: 0.07501340780931827 and parameters: {'max_depth': 8, 'min_child_weight': 5, 'gamma': 0.6582280799585486, 'subsample': 0.7348587127634394, 'colsample_bytree': 0.08266040684023723, 'learning_rate': 0.3373620089234265, 'reg_alpha': 0.007117809715807091, 'reg_lambda': 0.039740346231050105}. Best is trial 325 with value: 0.9241119014369545.
Trial 396 finished with value: -748428065123565.0 and parameters: {'max_depth': 7, 'min_child_weight': 3, 'gamma': 0.6543354433880161, 'subsample': 0.053826193715964754, 'colsample_bytree': 0.8869939791833424, 'learning_rate': 0.7694506565792391, 'reg_alpha': 2.8561845904359044, 'reg_lambda': 0.0011054377051677275}. Best is trial 325 with value: 0.9241119014369545.
Trial 381 finished with value: 0.8471942456018623 and parameters: {'max_depth': 6, 'min_child_weight': 2, 'gamma': 0.7869566011674035, 'subsample': 0.5550164823590749, 'colsample_bytree': 0.7169318458802486, 'learning_rate': 0.4550179292550225, 'reg_alpha': 0.01634806651412218, 'reg_lambda': 0.0005393526833432429}. Best is trial 325 with value: 0.9241119014369545.
Trial 406 finished with value: 0.010301903626989673 and parameters: {'max_depth': 1, 'min_child_weight': 4, 'gamma': 0.793173230893589, 'subsample': 0.3809903592564704, 'colsample_bytree': 0.4138536230485267, 'learning_rate': 0.5963731703685196, 'reg_alpha': 0.5700430190560942, 'reg_lambda': 1.820015405636881}. Best is trial 325 with value: 0.9241119014369545.
Trial 382 finished with value: 0.7437953664314183 and parameters: {'max_depth': 8, 'min_child_weight': 1, 'gamma': 0.315661278856028, 'subsample': 0.13487894459290029, 'colsample_bytree': 0.793457444431343, 'learning_rate': 0.26044981006418433, 'reg_alpha': 3.8352354990307376, 'reg_lambda': 0.3238891198177883}. Best is trial 325 with value: 0.9241119014369545.
Trial 390 finished with value: 0.6405032041976559 and parameters: {'max_depth': 6, 'min_child_weight': 4, 'gamma': 0.02192107689565137, 'subsample': 0.3556693536355434, 'colsample_bytree': 0.7577705257515571, 'learning_rate': 0.03078685913350787, 'reg_alpha': 0.0574874127356448, 'reg_lambda': 7.701813990557576}. Best is trial 325 with value: 0.9241119014369545.
Trial 386 finished with value: 0.5596212682390451 and parameters: {'max_depth': 7, 'min_child_weight': 5, 'gamma': 0.2670114662132046, 'subsample': 0.555871965177484, 'colsample_bytree': 0.19958932498076576, 'learning_rate': 0.02317584167043918, 'reg_alpha': 0.008971274067758314, 'reg_lambda': 0.003725586077880305}. Best is trial 325 with value: 0.9241119014369545.
Trial 409 finished with value: 0.08396857518730486 and parameters: {'max_depth': 1, 'min_child_weight': 4, 'gamma': 0.7180104013245455, 'subsample': 0.485205025970731, 'colsample_bytree': 0.9115434650105614, 'learning_rate': 0.39992949520764076, 'reg_alpha': 0.06529913469768947, 'reg_lambda': 0.7620078853121168}. Best is trial 325 with value: 0.9241119014369545.
Trial 405 finished with value: -12.879261956055828 and parameters: {'max_depth': 6, 'min_child_weight': 5, 'gamma': 0.6891068371666034, 'subsample': 0.04983357187396831, 'colsample_bytree': 0.14089289874377342, 'learning_rate': 0.7976589204303784, 'reg_alpha': 0.014810768751929156, 'reg_lambda': 0.00032570073441004374}. Best is trial 325 with value: 0.9241119014369545.
Trial 397 finished with value: 0.4863521941109272 and parameters: {'max_depth': 5, 'min_child_weight': 2, 'gamma': 0.545548181894569, 'subsample': 0.7180826123143357, 'colsample_bytree': 0.1358761087464051, 'learning_rate': 0.372457727989827, 'reg_alpha': 0.0024127045680054637, 'reg_lambda': 2.9953261977927808}. Best is trial 325 with value: 0.9241119014369545.
Trial 401 finished with value: 0.06961489342688894 and parameters: {'max_depth': 9, 'min_child_weight': 4, 'gamma': 0.9264085624001727, 'subsample': 0.7282402740109912, 'colsample_bytree': 0.08046198902693258, 'learning_rate': 0.47417759917195623, 'reg_alpha': 4.2449498424563625, 'reg_lambda': 0.0013727758782250989}. Best is trial 325 with value: 0.9241119014369545.
Trial 394 finished with value: -13596929207238.725 and parameters: {'max_depth': 7, 'min_child_weight': 2, 'gamma': 0.8037916525884832, 'subsample': 0.10852731790328618, 'colsample_bytree': 0.19359199794094895, 'learning_rate': 0.851269730494587, 'reg_alpha': 0.0019108128883548283, 'reg_lambda': 0.004325487254969966}. Best is trial 325 with value: 0.9241119014369545.
Trial 415 finished with value: 0.09450778873066122 and parameters: {'max_depth': 1, 'min_child_weight': 5, 'gamma': 0.9989072134159022, 'subsample': 0.9533898913794054, 'colsample_bytree': 0.5265031038612801, 'learning_rate': 0.3536099423554522, 'reg_alpha': 0.43355120618974696, 'reg_lambda': 1.8006598184696672}. Best is trial 325 with value: 0.9241119014369545.
Trial 403 finished with value: 0.09784413495942695 and parameters: {'max_depth': 8, 'min_child_weight': 3, 'gamma': 0.45652470292160374, 'subsample': 0.25411830526781554, 'colsample_bytree': 0.04773236931948788, 'learning_rate': 0.04611479094065163, 'reg_alpha': 0.00021740576488426264, 'reg_lambda': 0.0016167704488193168}. Best is trial 325 with value: 0.9241119014369545.
Trial 387 finished with value: 0.8360735199315446 and parameters: {'max_depth': 10, 'min_child_weight': 3, 'gamma': 0.6646667404966998, 'subsample': 0.6372220282760428, 'colsample_bytree': 0.41894667798609364, 'learning_rate': 0.0988701848915603, 'reg_alpha': 5.154731800252693, 'reg_lambda': 0.0001387125865141658}. Best is trial 325 with value: 0.9241119014369545.
Trial 380 finished with value: 0.9123902624294278 and parameters: {'max_depth': 8, 'min_child_weight': 2, 'gamma': 0.4007660159851394, 'subsample': 0.6745777690479574, 'colsample_bytree': 0.6966725899646347, 'learning_rate': 0.7721287240531568, 'reg_alpha': 0.002508688537015637, 'reg_lambda': 0.15183580717651304}. Best is trial 325 with value: 0.9241119014369545.
Trial 404 finished with value: -33.024095575897604 and parameters: {'max_depth': 9, 'min_child_weight': 4, 'gamma': 0.12614908558211935, 'subsample': 0.12209361421528919, 'colsample_bytree': 0.21599730643314263, 'learning_rate': 0.710279738269894, 'reg_alpha': 1.1400340897278025, 'reg_lambda': 0.0004292987905554676}. Best is trial 325 with value: 0.9241119014369545.
Trial 407 finished with value: 0.663408520191943 and parameters: {'max_depth': 4, 'min_child_weight': 1, 'gamma': 0.07805553400011389, 'subsample': 0.9932502679851771, 'colsample_bytree': 0.15509885847686533, 'learning_rate': 0.5716753592482551, 'reg_alpha': 0.0006706888864643824, 'reg_lambda': 3.2906858224977626}. Best is trial 325 with value: 0.9241119014369545.
Trial 391 finished with value: 0.7988741195507982 and parameters: {'max_depth': 9, 'min_child_weight': 3, 'gamma': 0.04887387733792381, 'subsample': 0.4988691382422601, 'colsample_bytree': 0.39446656927258206, 'learning_rate': 0.6963041338273398, 'reg_alpha': 0.006298275141783443, 'reg_lambda': 0.4269299959236306}. Best is trial 325 with value: 0.9241119014369545.
Trial 414 finished with value: 0.1851781622140602 and parameters: {'max_depth': 3, 'min_child_weight': 1, 'gamma': 0.31267917206662577, 'subsample': 0.2535601127123793, 'colsample_bytree': 0.9020626730046162, 'learning_rate': 0.5199159120687534, 'reg_alpha': 0.05447841453556525, 'reg_lambda': 0.23178026976624852}. Best is trial 325 with value: 0.9241119014369545.
Trial 418 finished with value: 0.46491366187918826 and parameters: {'max_depth': 3, 'min_child_weight': 5, 'gamma': 0.4968890293253889, 'subsample': 0.21322697910100752, 'colsample_bytree': 0.26668126886143784, 'learning_rate': 0.12971851075480467, 'reg_alpha': 0.0008274750612561516, 'reg_lambda': 0.6460820676247362}. Best is trial 325 with value: 0.9241119014369545.
Trial 423 finished with value: 0.4794815262470459 and parameters: {'max_depth': 2, 'min_child_weight': 2, 'gamma': 0.0502189140820527, 'subsample': 0.9282014127952692, 'colsample_bytree': 0.6095159376768258, 'learning_rate': 0.6530758505038028, 'reg_alpha': 0.0003688708204488805, 'reg_lambda': 0.10119864698422308}. Best is trial 325 with value: 0.9241119014369545.
Trial 412 finished with value: -0.8509073638089053 and parameters: {'max_depth': 6, 'min_child_weight': 5, 'gamma': 0.40735679183760176, 'subsample': 0.18649510638130806, 'colsample_bytree': 0.2557081454910015, 'learning_rate': 0.9491900414483697, 'reg_alpha': 0.008180794806389639, 'reg_lambda': 4.5081022351200986}. Best is trial 325 with value: 0.9241119014369545.
Trial 399 finished with value: 0.8862025312099829 and parameters: {'max_depth': 6, 'min_child_weight': 2, 'gamma': 0.050000919377696906, 'subsample': 0.4898003794623699, 'colsample_bytree': 0.7785292241685406, 'learning_rate': 0.4864510526788357, 'reg_alpha': 0.021384339887416323, 'reg_lambda': 0.03814981466866803}. Best is trial 325 with value: 0.9241119014369545.
Trial 430 finished with value: 0.07966661995238092 and parameters: {'max_depth': 1, 'min_child_weight': 1, 'gamma': 0.4070432311322585, 'subsample': 0.6002581208702301, 'colsample_bytree': 0.5813118991117784, 'learning_rate': 0.16289072808157934, 'reg_alpha': 6.7496147112949645, 'reg_lambda': 0.17710342588280065}. Best is trial 325 with value: 0.9241119014369545.
Trial 400 finished with value: 0.845817322012767 and parameters: {'max_depth': 10, 'min_child_weight': 5, 'gamma': 0.20853448115727902, 'subsample': 0.49599961133709547, 'colsample_bytree': 0.7048999103296103, 'learning_rate': 0.6045659183323463, 'reg_alpha': 3.7381468693116187, 'reg_lambda': 0.34141221607049105}. Best is trial 325 with value: 0.9241119014369545.
Trial 428 finished with value: 0.46446938308996044 and parameters: {'max_depth': 2, 'min_child_weight': 4, 'gamma': 0.3318408011726508, 'subsample': 0.7853327568551082, 'colsample_bytree': 0.47423826275625636, 'learning_rate': 0.6404943832287118, 'reg_alpha': 5.517084105546531, 'reg_lambda': 2.786961607483702}. Best is trial 325 with value: 0.9241119014369545.
Trial 425 finished with value: 0.7636236959501793 and parameters: {'max_depth': 3, 'min_child_weight': 5, 'gamma': 0.16590425282406207, 'subsample': 0.9993037244663143, 'colsample_bytree': 0.52001794436132, 'learning_rate': 0.7434878071648723, 'reg_alpha': 0.7716099194232816, 'reg_lambda': 0.0798000865533055}. Best is trial 325 with value: 0.9241119014369545.
Trial 421 finished with value: -4.0366859343325 and parameters: {'max_depth': 4, 'min_child_weight': 5, 'gamma': 0.6841774469405443, 'subsample': 0.33513987385885824, 'colsample_bytree': 0.7620101063198166, 'learning_rate': 0.9208932571029615, 'reg_alpha': 2.7614160831500767, 'reg_lambda': 0.00014360847656040253}. Best is trial 325 with value: 0.9241119014369545.
Trial 398 finished with value: 0.8740249546545662 and parameters: {'max_depth': 10, 'min_child_weight': 2, 'gamma': 0.8902878293373239, 'subsample': 0.43525429008106076, 'colsample_bytree': 0.4894074131810473, 'learning_rate': 0.6851879840277951, 'reg_alpha': 0.01306438311445968, 'reg_lambda': 2.3128779088851217}. Best is trial 325 with value: 0.9241119014369545.
Trial 388 finished with value: 0.8970477011403329 and parameters: {'max_depth': 10, 'min_child_weight': 4, 'gamma': 0.9353083971797085, 'subsample': 0.855731157846265, 'colsample_bytree': 0.8798108678643861, 'learning_rate': 0.6912505810940056, 'reg_alpha': 0.03181448230307521, 'reg_lambda': 0.0003744009861818669}. Best is trial 325 with value: 0.9241119014369545.
