Trial 481 finished with value: 0.21230489803486557 and parameters: {'max_depth': 5, 'min_child_weight': 3, 'gamma': 0.4546117832387312, 'subsample': 0.06487009547368583, 'colsample_bytree': 0.47977195120243155, 'learning_rate': 0.1328810781477534, 'reg_alpha': 0.3180945490495936, 'reg_lambda': 0.04930086785925711}. Best is trial 325 with value: 0.9241119014369545.
Trial 451 finished with value: 0.8883428125602384 and parameters: {'max_depth': 9, 'min_child_weight': 5, 'gamma': 0.0612620098207729, 'subsample': 0.7720777660088225, 'colsample_bytree': 0.9388205194880747, 'learning_rate': 0.9231040124707806, 'reg_alpha': 0.00019095385591777364, 'reg_lambda': 5.209736793987195}. Best is trial 325 with value: 0.9241119014369545.
Trial 470 finished with value: -229071.888622601 and parameters: {'max_depth': 10, 'min_child_weight': 5, 'gamma': 0.07730390205067761, 'subsample': 0.22157250894130165, 'colsample_bytree': 0.6182731204681281, 'learning_rate': 0.9715643057411472, 'reg_alpha': 0.10477658244585777, 'reg_lambda': 0.023361129016885567}. Best is trial 325 with value: 0.9241119014369545.
Trial 491 finished with value: -0.9723942891396878 and parameters: {'max_depth': 10, 'min_child_weight': 5, 'gamma': 0.8633598341366966, 'subsample': 0.041144188017132044, 'colsample_bytree': 0.021244679308476733, 'learning_rate': 0.475725117623064, 'reg_alpha': 0.00019408221097065372, 'reg_lambda': 0.24985637776188152}. Best is trial 325 with value: 0.9241119014369545.
Trial 477 finished with value: 0.5045036416394837 and parameters: {'max_depth': 6, 'min_child_weight': 5, 'gamma': 0.4643497656573079, 'subsample': 0.9262188784708522, 'colsample_bytree': 0.8718500091766531, 'learning_rate': 0.00513664615414422, 'reg_alpha': 0.025618032151823362, 'reg_lambda': 3.4711716791196503}. Best is trial 325 with value: 0.9241119014369545.
Trial 489 finished with value: 0.4006878983153515 and parameters: {'max_depth': 3, 'min_child_weight': 5, 'gamma': 0.7758598508776094, 'subsample': 0.20169214878876396, 'colsample_bytree': 0.5818952565785449, 'learning_rate': 0.3850513654184038, 'reg_alpha': 0.011582860995116948, 'reg_lambda': 0.00037917253262981465}. Best is trial 325 with value: 0.9241119014369545.
Trial 492 finished with value: 0.44748163232759175 and parameters: {'max_depth': 2, 'min_child_weight': 4, 'gamma': 0.8492503852233719, 'subsample': 0.7887473250712855, 'colsample_bytree': 0.23004670649199965, 'learning_rate': 0.928926511626047, 'reg_alpha': 0.06752187418414143, 'reg_lambda': 5.462002728130549}. Best is trial 325 with value: 0.9241119014369545.
Trial 476 finished with value: 0.7192619875714332 and parameters: {'max_depth': 5, 'min_child_weight': 3, 'gamma': 0.6044056379092726, 'subsample': 0.5746789530809294, 'colsample_bytree': 0.5538270677700732, 'learning_rate': 0.8317862944079949, 'reg_alpha': 0.0008478149952923333, 'reg_lambda': 0.007725685027228174}. Best is trial 325 with value: 0.9241119014369545.
Trial 494 finished with value: 0.4631889439170788 and parameters: {'max_depth': 2, 'min_child_weight': 2, 'gamma': 0.8237472984654775, 'subsample': 0.649271136534598, 'colsample_bytree': 0.6387496862845327, 'learning_rate': 0.13131163782438637, 'reg_alpha': 0.4010367512111302, 'reg_lambda': 1.279387260999414}. Best is trial 325 with value: 0.9241119014369545.
Trial 495 finished with value: 0.3582995100200833 and parameters: {'max_depth': 2, 'min_child_weight': 2, 'gamma': 0.2617535764094161, 'subsample': 0.13029592589034877, 'colsample_bytree': 0.596117989467084, 'learning_rate': 0.06821410224489055, 'reg_alpha': 0.6214905546100246, 'reg_lambda': 0.11178707221438187}. Best is trial 325 with value: 0.9241119014369545.
Trial 482 finished with value: 0.48122245533449454 and parameters: {'max_depth': 10, 'min_child_weight': 5, 'gamma': 0.02839341928235306, 'subsample': 0.7429400778874773, 'colsample_bytree': 0.10866284736518672, 'learning_rate': 0.2736881471088508, 'reg_alpha': 0.01205668624881197, 'reg_lambda': 0.002813566816678949}. Best is trial 325 with value: 0.9241119014369545.
Trial 462 finished with value: 0.86481595412463 and parameters: {'max_depth': 10, 'min_child_weight': 3, 'gamma': 0.4165783118980134, 'subsample': 0.9412856376775618, 'colsample_bytree': 0.4140964655714965, 'learning_rate': 0.1018352910035426, 'reg_alpha': 0.011728497666965248, 'reg_lambda': 6.4989747745131075}. Best is trial 325 with value: 0.9241119014369545.
Trial 504 finished with value: 0.09200687393697789 and parameters: {'max_depth': 1, 'min_child_weight': 2, 'gamma': 0.3054489567465508, 'subsample': 0.8616655593083336, 'colsample_bytree': 0.9840965071148858, 'learning_rate': 0.14732452256523165, 'reg_alpha': 0.006590259893498032, 'reg_lambda': 1.4851541099605299}. Best is trial 325 with value: 0.9241119014369545.
Trial 505 finished with value: 0.0826611497645996 and parameters: {'max_depth': 1, 'min_child_weight': 2, 'gamma': 0.9284794413052642, 'subsample': 0.45983027879928295, 'colsample_bytree': 0.6482299655930847, 'learning_rate': 0.17120265243279642, 'reg_alpha': 0.0006498411056195201, 'reg_lambda': 1.3671926278902884}. Best is trial 325 with value: 0.9241119014369545.
Trial 485 finished with value: -0.1355186480924303 and parameters: {'max_depth': 9, 'min_child_weight': 2, 'gamma': 0.08382132856920754, 'subsample': 0.08478457400992556, 'colsample_bytree': 0.5088410529988464, 'learning_rate': 0.253393208091205, 'reg_alpha': 1.837462442291227, 'reg_lambda': 0.01651065092969632}. Best is trial 325 with value: 0.9241119014369545.
Trial 472 finished with value: 0.8565013378252996 and parameters: {'max_depth': 10, 'min_child_weight': 4, 'gamma': 0.0638833032927486, 'subsample': 0.5693633586441611, 'colsample_bytree': 0.5310972559957478, 'learning_rate': 0.8445218445828222, 'reg_alpha': 0.08392000939816104, 'reg_lambda': 9.173116455579715}. Best is trial 325 with value: 0.9241119014369545.
Trial 508 finished with value: -0.3209198962199625 and parameters: {'max_depth': 1, 'min_child_weight': 3, 'gamma': 0.5696111835047778, 'subsample': 0.06868781140305324, 'colsample_bytree': 0.20718175186076382, 'learning_rate': 0.4317649289444403, 'reg_alpha': 0.30569590591754303, 'reg_lambda': 0.025517800421754114}. Best is trial 325 with value: 0.9241119014369545.
Trial 486 finished with value: 0.5250621139775943 and parameters: {'max_depth': 6, 'min_child_weight': 5, 'gamma': 0.6901638425010375, 'subsample': 0.3021627772560571, 'colsample_bytree': 0.37774073535834485, 'learning_rate': 0.654535293526951, 'reg_alpha': 1.5057560796919691, 'reg_lambda': 0.7681018630775271}. Best is trial 325 with value: 0.9241119014369545.
Trial 501 finished with value: 0.36650782210798183 and parameters: {'max_depth': 3, 'min_child_weight': 3, 'gamma': 0.11933229192595118, 'subsample': 0.18606244148683904, 'colsample_bytree': 0.15335586018662195, 'learning_rate': 0.20325797120337552, 'reg_alpha': 0.00017222003412742257, 'reg_lambda': 0.0007241221286792101}. Best is trial 325 with value: 0.9241119014369545.
Trial 493 finished with value: 0.05936783779145044 and parameters: {'max_depth': 10, 'min_child_weight': 3, 'gamma': 0.6925592448134685, 'subsample': 0.5552649262598, 'colsample_bytree': 0.006298294126703352, 'learning_rate': 0.4221332515618488, 'reg_alpha': 0.0005153220307921858, 'reg_lambda': 0.19027897519015707}. Best is trial 325 with value: 0.9241119014369545.
Trial 480 finished with value: 0.9117216240323929 and parameters: {'max_depth': 8, 'min_child_weight': 2, 'gamma': 0.27916687398242535, 'subsample': 0.962403518371391, 'colsample_bytree': 0.7416861269324057, 'learning_rate': 0.6115637276445302, 'reg_alpha': 1.177277977220771, 'reg_lambda': 9.27963337884088}. Best is trial 325 with value: 0.9241119014369545.
Trial 490 finished with value: 0.3902619636765473 and parameters: {'max_depth': 10, 'min_child_weight': 4, 'gamma': 0.6495514045198235, 'subsample': 0.23429040936647783, 'colsample_bytree': 0.2908978373794472, 'learning_rate': 0.4572622894073147, 'reg_alpha': 8.338133285399138, 'reg_lambda': 0.0005037775866544784}. Best is trial 325 with value: 0.9241119014369545.
Trial 469 finished with value: 0.8455544912805594 and parameters: {'max_depth': 9, 'min_child_weight': 2, 'gamma': 0.5100719000823232, 'subsample': 0.5479685235022651, 'colsample_bytree': 0.6356800082475054, 'learning_rate': 0.9848405895681169, 'reg_alpha': 0.0827516510732215, 'reg_lambda': 0.6716410368679793}. Best is trial 325 with value: 0.9241119014369545.
Trial 498 finished with value: 0.08270481562993515 and parameters: {'max_depth': 10, 'min_child_weight': 2, 'gamma': 0.22438505027875477, 'subsample': 0.953714536506451, 'colsample_bytree': 0.0016536895223059345, 'learning_rate': 0.6079076198518749, 'reg_alpha': 0.09411463277625834, 'reg_lambda': 0.000316911495964421}. Best is trial 325 with value: 0.9241119014369545.
Trial 507 finished with value: 0.5537801081855306 and parameters: {'max_depth': 3, 'min_child_weight': 3, 'gamma': 0.24594191075622696, 'subsample': 0.971043155131758, 'colsample_bytree': 0.15790116677818378, 'learning_rate': 0.2679066989097054, 'reg_alpha': 0.003143123999195118, 'reg_lambda': 0.0004663779003283217}. Best is trial 325 with value: 0.9241119014369545.
Trial 497 finished with value: 0.7834447879165141 and parameters: {'max_depth': 4, 'min_child_weight': 5, 'gamma': 0.2122996387260665, 'subsample': 0.8004210122386254, 'colsample_bytree': 0.5493735517571176, 'learning_rate': 0.32149257788981667, 'reg_alpha': 0.00020497213079605258, 'reg_lambda': 0.0032081393144171824}. Best is trial 325 with value: 0.9241119014369545.
Trial 519 finished with value: 0.07388231612722991 and parameters: {'max_depth': 1, 'min_child_weight': 2, 'gamma': 0.28666381215052816, 'subsample': 0.31566797217567455, 'colsample_bytree': 0.08782589965569254, 'learning_rate': 0.25207491854189623, 'reg_alpha': 0.24364299082336455, 'reg_lambda': 0.3753415994022823}. Best is trial 325 with value: 0.9241119014369545.
Trial 515 finished with value: 0.4183734724690482 and parameters: {'max_depth': 2, 'min_child_weight': 4, 'gamma': 0.9969195170758696, 'subsample': 0.48653441160070887, 'colsample_bytree': 0.4710014500525095, 'learning_rate': 0.06513909556205433, 'reg_alpha': 1.2280873890808999, 'reg_lambda': 0.028387693371894774}. Best is trial 325 with value: 0.9241119014369545.
Trial 510 finished with value: -3.8357938136403967e+21 and parameters: {'max_depth': 3, 'min_child_weight': 1, 'gamma': 0.6833024822880024, 'subsample': 0.046741305329117355, 'colsample_bytree': 0.1763942324731259, 'learning_rate': 0.7873002135092312, 'reg_alpha': 0.06297832055295602, 'reg_lambda': 0.00509761786733237}. Best is trial 325 with value: 0.9241119014369545.
Trial 506 finished with value: -14.649298702664453 and parameters: {'max_depth': 5, 'min_child_weight': 2, 'gamma': 0.8116428310107202, 'subsample': 0.053677538469101393, 'colsample_bytree': 0.8323261401516725, 'learning_rate': 0.3323492612764207, 'reg_alpha': 0.0009909719993514917, 'reg_lambda': 0.0008598886837899076}. Best is trial 325 with value: 0.9241119014369545.
Trial 520 finished with value: 0.10108359870619221 and parameters: {'max_depth': 2, 'min_child_weight': 5, 'gamma': 0.10175506878330143, 'subsample': 0.24030605581311093, 'colsample_bytree': 0.8529413501148039, 'learning_rate': 0.6047517550750995, 'reg_alpha': 0.009972657680179369, 'reg_lambda': 0.054293955117893984}. Best is trial 325 with value: 0.9241119014369545.
Trial 523 finished with value: 0.29311457289050774 and parameters: {'max_depth': 2, 'min_child_weight': 1, 'gamma': 0.9971188673367378, 'subsample': 0.2939199453604435, 'colsample_bytree': 0.2320099696603406, 'learning_rate': 0.6514028831701932, 'reg_alpha': 0.7501563536385888, 'reg_lambda': 0.00799913206539324}. Best is trial 325 with value: 0.9241119014369545.
Trial 525 finished with value: 0.10411436958333588 and parameters: {'max_depth': 2, 'min_child_weight': 4, 'gamma': 0.021229418986499105, 'subsample': 0.0901900134075233, 'colsample_bytree': 0.1699633820756904, 'learning_rate': 0.43505262333653694, 'reg_alpha': 5.195840727453115, 'reg_lambda': 3.608734022872129}. Best is trial 325 with value: 0.9241119014369545.
Trial 503 finished with value: 0.28652123783842465 and parameters: {'max_depth': 7, 'min_child_weight': 5, 'gamma': 0.43610762473424225, 'subsample': 0.42889836339420084, 'colsample_bytree': 0.3308975839158559, 'learning_rate': 0.9952455240616519, 'reg_alpha': 9.704583236850803, 'reg_lambda': 0.00047793662821914043}. Best is trial 325 with value: 0.9241119014369545.
Trial 496 finished with value: 0.8682803868208204 and parameters: {'max_depth': 9, 'min_child_weight': 5, 'gamma': 0.15086581403477795, 'subsample': 0.46298114949804636, 'colsample_bytree': 0.6537833155469552, 'learning_rate': 0.9524254143895925, 'reg_alpha': 0.43721283662674176, 'reg_lambda': 7.241346521971638}. Best is trial 325 with value: 0.9241119014369545.
Trial 516 finished with value: 0.5534255887171814 and parameters: {'max_depth': 4, 'min_child_weight': 5, 'gamma': 0.4357684884240205, 'subsample': 0.3137739162459725, 'colsample_bytree': 0.31985170827795195, 'learning_rate': 0.5011471967188761, 'reg_alpha': 0.0040722587206368415, 'reg_lambda': 0.8372169644654657}. Best is trial 325 with value: 0.9241119014369545.
Trial 511 finished with value: 0.6624952827778756 and parameters: {'max_depth': 5, 'min_child_weight': 5, 'gamma': 0.7400132312322067, 'subsample': 0.4397451506980973, 'colsample_bytree': 0.3525643076853293, 'learning_rate': 0.5901961567167096, 'reg_alpha': 0.04695336013281654, 'reg_lambda': 0.0022951824912528247}. Best is trial 325 with value: 0.9241119014369545.
Trial 530 finished with value: -3.916325396438827e+16 and parameters: {'max_depth': 5, 'min_child_weight': 1, 'gamma': 0.7196590004109761, 'subsample': 0.004045282464512079, 'colsample_bytree': 0.5272982858487824, 'learning_rate': 0.7459708560576132, 'reg_alpha': 0.00020710863553660412, 'reg_lambda': 0.001078344844795177}. Best is trial 325 with value: 0.9241119014369545.
Trial 518 finished with value: 0.38550229049977586 and parameters: {'max_depth': 5, 'min_child_weight': 4, 'gamma': 0.42232691116956245, 'subsample': 0.2349702570921618, 'colsample_bytree': 0.554217111062254, 'learning_rate': 0.8400261252371642, 'reg_alpha': 0.0030150513072979964, 'reg_lambda': 5.268020681162255}. Best is trial 325 with value: 0.9241119014369545.
Trial 500 finished with value: 0.8590677886615462 and parameters: {'max_depth': 8, 'min_child_weight': 4, 'gamma': 0.9952360786970715, 'subsample': 0.7213819238958274, 'colsample_bytree': 0.5175023948734382, 'learning_rate': 0.9717162631955018, 'reg_alpha': 0.006886702734629379, 'reg_lambda': 7.729675383618727}. Best is trial 325 with value: 0.9241119014369545.
Trial 517 finished with value: 0.4904445713617315 and parameters: {'max_depth': 9, 'min_child_weight': 2, 'gamma': 0.6225885373913752, 'subsample': 0.4670560597994946, 'colsample_bytree': 0.11022853747721861, 'learning_rate': 0.06563738970018484, 'reg_alpha': 6.092831017162855, 'reg_lambda': 0.042168500253690795}. Best is trial 325 with value: 0.9241119014369545.
Trial 509 finished with value: 0.3395642972659296 and parameters: {'max_depth': 9, 'min_child_weight': 2, 'gamma': 0.13434790270917119, 'subsample': 0.14110460256665747, 'colsample_bytree': 0.2679753204674381, 'learning_rate': 0.22373959483219108, 'reg_alpha': 0.0004823926090525897, 'reg_lambda': 0.09460445620920307}. Best is trial 325 with value: 0.9241119014369545.
Trial 524 finished with value: -0.9880939782618293 and parameters: {'max_depth': 7, 'min_child_weight': 5, 'gamma': 0.9457034430333668, 'subsample': 0.11916038493767511, 'colsample_bytree': 0.216985721052542, 'learning_rate': 0.48118030576397175, 'reg_alpha': 0.0026018027158338495, 'reg_lambda': 0.011266885271148814}. Best is trial 325 with value: 0.9241119014369545.
Trial 487 finished with value: 0.893546958397899 and parameters: {'max_depth': 9, 'min_child_weight': 4, 'gamma': 0.7866807800700035, 'subsample': 0.8678651004496455, 'colsample_bytree': 0.8406063109870718, 'learning_rate': 0.7017504848815922, 'reg_alpha': 0.050201365627454204, 'reg_lambda': 0.000555533872710604}. Best is trial 325 with value: 0.9241119014369545.
Trial 514 finished with value: 0.5586216545311697 and parameters: {'max_depth': 8, 'min_child_weight': 5, 'gamma': 0.9039604387252321, 'subsample': 0.40725605776016816, 'colsample_bytree': 0.2782872364765667, 'learning_rate': 0.7663788745385133, 'reg_alpha': 5.966671253767799, 'reg_lambda': 0.07006369098667801}. Best is trial 325 with value: 0.9241119014369545.
Trial 537 finished with value: -1.1323850783388005 and parameters: {'max_depth': 4, 'min_child_weight': 4, 'gamma': 0.35170667993649185, 'subsample': 0.011185653021793196, 'colsample_bytree': 0.5645609546758246, 'learning_rate': 0.6738455573809575, 'reg_alpha': 0.0007877173406543649, 'reg_lambda': 0.004592751606157102}. Best is trial 325 with value: 0.9241119014369545.
Trial 531 finished with value: -0.7613313726116246 and parameters: {'max_depth': 4, 'min_child_weight': 1, 'gamma': 0.012518630415078391, 'subsample': 0.02448530864322096, 'colsample_bytree': 0.42290094415095103, 'learning_rate': 0.47563967284980946, 'reg_alpha': 0.014614639543060026, 'reg_lambda': 4.423685461191976}. Best is trial 325 with value: 0.9241119014369545.
Trial 528 finished with value: 0.06329634141243165 and parameters: {'max_depth': 4, 'min_child_weight': 3, 'gamma': 0.8927462787092364, 'subsample': 0.18111501973737998, 'colsample_bytree': 0.9837423902976661, 'learning_rate': 0.39930962163812167, 'reg_alpha': 0.2586959284123399, 'reg_lambda': 0.0067686641567132515}. Best is trial 325 with value: 0.9241119014369545.
Trial 541 finished with value: -0.08519274651041152 and parameters: {'max_depth': 1, 'min_child_weight': 3, 'gamma': 0.06903457260989743, 'subsample': 0.020896709357050902, 'colsample_bytree': 0.6331178543059179, 'learning_rate': 0.20794545513058615, 'reg_alpha': 0.0021165378290274404, 'reg_lambda': 0.003680937162557496}. Best is trial 325 with value: 0.9241119014369545.
Trial 533 finished with value: 0.2462424151022049 and parameters: {'max_depth': 3, 'min_child_weight': 1, 'gamma': 0.3457763429054037, 'subsample': 0.3760453216181484, 'colsample_bytree': 0.8047914322909846, 'learning_rate': 0.7422965175628834, 'reg_alpha': 0.008218556859389013, 'reg_lambda': 0.00017688020207267885}. Best is trial 325 with value: 0.9241119014369545.
Trial 532 finished with value: 0.2821355413210319 and parameters: {'max_depth': 4, 'min_child_weight': 3, 'gamma': 0.030708826178806214, 'subsample': 0.32463221507635054, 'colsample_bytree': 0.09292992390810062, 'learning_rate': 0.7422659294598825, 'reg_alpha': 5.424480410615188, 'reg_lambda': 0.7434534875232613}. Best is trial 325 with value: 0.9241119014369545.
Trial 502 finished with value: 0.9193858435445915 and parameters: {'max_depth': 9, 'min_child_weight': 4, 'gamma': 0.7693052078461236, 'subsample': 0.6591909908293627, 'colsample_bytree': 0.714985396193062, 'learning_rate': 0.8518877174174515, 'reg_alpha': 0.028911145071093738, 'reg_lambda': 1.592593530956697}. Best is trial 325 with value: 0.9241119014369545.
Trial 527 finished with value: 0.45739229231236134 and parameters: {'max_depth': 7, 'min_child_weight': 2, 'gamma': 0.2673321628938726, 'subsample': 0.6721674393327384, 'colsample_bytree': 0.10044028735066757, 'learning_rate': 0.823753627944947, 'reg_alpha': 0.000262715673638113, 'reg_lambda': 1.62841006866729}. Best is trial 325 with value: 0.9241119014369545.
Trial 521 finished with value: 0.684651264131405 and parameters: {'max_depth': 7, 'min_child_weight': 5, 'gamma': 0.2898258129568819, 'subsample': 0.6111489960619086, 'colsample_bytree': 0.19457285376190825, 'learning_rate': 0.7504232978280201, 'reg_alpha': 0.011814839653720018, 'reg_lambda': 0.002315901273251936}. Best is trial 325 with value: 0.9241119014369545.
Trial 536 finished with value: 0.590501281829021 and parameters: {'max_depth': 3, 'min_child_weight': 5, 'gamma': 0.4229876845387561, 'subsample': 0.6477910631943095, 'colsample_bytree': 0.3739516488027145, 'learning_rate': 0.2684726553298742, 'reg_alpha': 0.0247150319338645, 'reg_lambda': 1.1872296084567862}. Best is trial 325 with value: 0.9241119014369545.
Trial 545 finished with value: -12.09234920894697 and parameters: {'max_depth': 5, 'min_child_weight': 3, 'gamma': 0.446474334580673, 'subsample': 0.02273479528389899, 'colsample_bytree': 0.7572028162532688, 'learning_rate': 0.5593562250098348, 'reg_alpha': 0.04083739083087199, 'reg_lambda': 0.7098869671753458}. Best is trial 325 with value: 0.9241119014369545.
Trial 522 finished with value: 0.34221964847544545 and parameters: {'max_depth': 7, 'min_child_weight': 4, 'gamma': 0.9191370554912589, 'subsample': 0.3886294633094717, 'colsample_bytree': 0.5361756475149082, 'learning_rate': 0.7934316649213266, 'reg_alpha': 1.9887786210824852, 'reg_lambda': 0.00014820942064605003}. Best is trial 325 with value: 0.9241119014369545.
Trial 550 finished with value: 0.08423181968770539 and parameters: {'max_depth': 1, 'min_child_weight': 3, 'gamma': 0.3834369997594016, 'subsample': 0.26316766942473435, 'colsample_bytree': 0.015608553221491017, 'learning_rate': 0.1643404573313726, 'reg_alpha': 0.015048685028999675, 'reg_lambda': 0.04756988385508315}. Best is trial 325 with value: 0.9241119014369545.
Trial 526 finished with value: 0.8024259692813199 and parameters: {'max_depth': 7, 'min_child_weight': 4, 'gamma': 0.09444998506101798, 'subsample': 0.751672326302457, 'colsample_bytree': 0.24856016176378837, 'learning_rate': 0.2951236865358088, 'reg_alpha': 0.06446759988189166, 'reg_lambda': 0.005215042502467664}. Best is trial 325 with value: 0.9241119014369545.
