Trial 3886 finished with value: -2.2035574122887206e+18 and parameters: {'max_depth': 10, 'min_child_weight': 1, 'gamma': 0.424161907057793, 'subsample': 0.12857792720373162, 'colsample_bytree': 0.5279777747162446, 'learning_rate': 0.6651000098390648, 'reg_alpha': 0.08780843469158495, 'reg_lambda': 0.09480496368080574}. Best is trial 3619 with value: 0.9384500514029486.
Trial 3899 finished with value: 0.3456906643505041 and parameters: {'max_depth': 5, 'min_child_weight': 3, 'gamma': 0.8690723106131897, 'subsample': 0.5082210456133581, 'colsample_bytree': 0.25554516007302674, 'learning_rate': 0.9730476805999363, 'reg_alpha': 0.2953775767196028, 'reg_lambda': 0.024807698334440808}. Best is trial 3619 with value: 0.9384500514029486.
Trial 3879 finished with value: 0.9141152071114577 and parameters: {'max_depth': 8, 'min_child_weight': 3, 'gamma': 0.845233804068501, 'subsample': 0.7376257076408992, 'colsample_bytree': 0.861480443074413, 'learning_rate': 0.2623773295849603, 'reg_alpha': 0.000639882990787356, 'reg_lambda': 0.058163381762469234}. Best is trial 3619 with value: 0.9384500514029486.
Trial 3904 finished with value: 0.700567178897563 and parameters: {'max_depth': 5, 'min_child_weight': 1, 'gamma': 0.46439371348239433, 'subsample': 0.9531269349464392, 'colsample_bytree': 0.1589053244048445, 'learning_rate': 0.5987862920632887, 'reg_alpha': 4.099363713219569, 'reg_lambda': 7.579540255701696}. Best is trial 3619 with value: 0.9384500514029486.
Trial 3889 finished with value: 0.8932538102198407 and parameters: {'max_depth': 7, 'min_child_weight': 2, 'gamma': 0.5413979417520672, 'subsample': 0.98279481169924, 'colsample_bytree': 0.7837145314056773, 'learning_rate': 0.7144818588302776, 'reg_alpha': 0.43305370958547895, 'reg_lambda': 0.8134850093985873}. Best is trial 3619 with value: 0.9384500514029486.
Trial 3900 finished with value: 0.7246503730193958 and parameters: {'max_depth': 5, 'min_child_weight': 5, 'gamma': 0.83451340350759, 'subsample': 0.6443493474288828, 'colsample_bytree': 0.2528606288878885, 'learning_rate': 0.43987659239668786, 'reg_alpha': 0.04818103052773735, 'reg_lambda': 0.0007332536712229872}. Best is trial 3619 with value: 0.9384500514029486.
Trial 3909 finished with value: 0.07471314847274332 and parameters: {'max_depth': 10, 'min_child_weight': 3, 'gamma': 0.09009635314216358, 'subsample': 0.706545083689351, 'colsample_bytree': 0.01879962842999483, 'learning_rate': 0.4553881304885474, 'reg_alpha': 0.0004495879687985755, 'reg_lambda': 3.7283774917836228}. Best is trial 3619 with value: 0.9384500514029486.
Trial 3918 finished with value: 0.41120852947354314 and parameters: {'max_depth': 2, 'min_child_weight': 5, 'gamma': 0.6652797292795782, 'subsample': 0.6247624838602343, 'colsample_bytree': 0.3687467592072936, 'learning_rate': 0.7952004575291316, 'reg_alpha': 0.038734952722553485, 'reg_lambda': 0.013568381015680905}. Best is trial 3619 with value: 0.9384500514029486.
Trial 3910 finished with value: -0.002501439753717327 and parameters: {'max_depth': 9, 'min_child_weight': 2, 'gamma': 0.5805074442974478, 'subsample': 0.067975796839844, 'colsample_bytree': 0.35229526406560996, 'learning_rate': 0.657106625181431, 'reg_alpha': 0.08772550004277975, 'reg_lambda': 8.954774576299595}. Best is trial 3619 with value: 0.9384500514029486.
Trial 3901 finished with value: 0.5535831877317439 and parameters: {'max_depth': 9, 'min_child_weight': 3, 'gamma': 0.8614415370465944, 'subsample': 0.23557834245640508, 'colsample_bytree': 0.19095528403039952, 'learning_rate': 0.14990733227534292, 'reg_alpha': 0.0003714684471142907, 'reg_lambda': 3.238641280065087}. Best is trial 3619 with value: 0.9384500514029486.
Trial 3902 finished with value: -8438240.068969589 and parameters: {'max_depth': 7, 'min_child_weight': 5, 'gamma': 0.029295872414155655, 'subsample': 0.19622372553211442, 'colsample_bytree': 0.8214307129769447, 'learning_rate': 0.9032046723757411, 'reg_alpha': 0.4235794742120305, 'reg_lambda': 0.0003616389270707252}. Best is trial 3619 with value: 0.9384500514029486.
Trial 3921 finished with value: 0.4583364643582221 and parameters: {'max_depth': 2, 'min_child_weight': 4, 'gamma': 0.3444459217029524, 'subsample': 0.8748572200028647, 'colsample_bytree': 0.21259228966600674, 'learning_rate': 0.272512510891497, 'reg_alpha': 0.04338195309920458, 'reg_lambda': 5.909839727152726}. Best is trial 3619 with value: 0.9384500514029486.
Trial 3911 finished with value: 0.755739116923813 and parameters: {'max_depth': 4, 'min_child_weight': 4, 'gamma': 0.5167763035401416, 'subsample': 0.6587187961973627, 'colsample_bytree': 0.5864391848602017, 'learning_rate': 0.17434872233132293, 'reg_alpha': 0.00032822407549114644, 'reg_lambda': 0.019393355903680305}. Best is trial 3619 with value: 0.9384500514029486.
Trial 3922 finished with value: 0.31003442775795165 and parameters: {'max_depth': 2, 'min_child_weight': 3, 'gamma': 0.44187777895074476, 'subsample': 0.4619374334680155, 'colsample_bytree': 0.7499587975684157, 'learning_rate': 0.8673964206578508, 'reg_alpha': 0.0005051717400832678, 'reg_lambda': 0.39925162285433}. Best is trial 3619 with value: 0.9384500514029486.
Trial 3924 finished with value: 0.3872514172358471 and parameters: {'max_depth': 2, 'min_child_weight': 5, 'gamma': 0.9653126924041763, 'subsample': 0.7044155596735223, 'colsample_bytree': 0.5418683696432434, 'learning_rate': 0.8796608233017523, 'reg_alpha': 0.00040379815461586414, 'reg_lambda': 0.0002461510980972932}. Best is trial 3619 with value: 0.9384500514029486.
Trial 3913 finished with value: 0.5881314951225117 and parameters: {'max_depth': 5, 'min_child_weight': 2, 'gamma': 0.4348277558143424, 'subsample': 0.17015183409365153, 'colsample_bytree': 0.5249952909925912, 'learning_rate': 0.11919473582812878, 'reg_alpha': 0.0010027423292200894, 'reg_lambda': 9.060815148961325}. Best is trial 3619 with value: 0.9384500514029486.
Trial 3908 finished with value: 0.8825601309217862 and parameters: {'max_depth': 5, 'min_child_weight': 4, 'gamma': 0.4117862028322232, 'subsample': 0.7601496324294165, 'colsample_bytree': 0.8951398799718031, 'learning_rate': 0.43301638195415615, 'reg_alpha': 0.22950987854559046, 'reg_lambda': 0.004878039684577612}. Best is trial 3619 with value: 0.9384500514029486.
Trial 3898 finished with value: 0.8794992376057716 and parameters: {'max_depth': 7, 'min_child_weight': 1, 'gamma': 0.10026251963906108, 'subsample': 0.9523353740213567, 'colsample_bytree': 0.46483213516161437, 'learning_rate': 0.9186530170965501, 'reg_alpha': 0.0002976370328775841, 'reg_lambda': 0.002010285225207472}. Best is trial 3619 with value: 0.9384500514029486.
Trial 3935 finished with value: 0.09407403352702318 and parameters: {'max_depth': 1, 'min_child_weight': 2, 'gamma': 0.04344659794794559, 'subsample': 0.9234668813328307, 'colsample_bytree': 0.29486770775187143, 'learning_rate': 0.5915060936986375, 'reg_alpha': 0.006513846254430222, 'reg_lambda': 0.00012698904948329147}. Best is trial 3619 with value: 0.9384500514029486.
Trial 3926 finished with value: 0.6127624133962702 and parameters: {'max_depth': 3, 'min_child_weight': 3, 'gamma': 0.31154152728686, 'subsample': 0.7769851976892365, 'colsample_bytree': 0.35660197479861666, 'learning_rate': 0.8804411678189258, 'reg_alpha': 0.005004132761783826, 'reg_lambda': 0.00021444575391841027}. Best is trial 3619 with value: 0.9384500514029486.
Trial 3896 finished with value: 0.8433935030206212 and parameters: {'max_depth': 7, 'min_child_weight': 1, 'gamma': 0.2966637705985231, 'subsample': 0.643741955937316, 'colsample_bytree': 0.8792845578998462, 'learning_rate': 0.9513730778273567, 'reg_alpha': 0.04896910915288078, 'reg_lambda': 0.19655644258639693}. Best is trial 3619 with value: 0.9384500514029486.
Trial 3938 finished with value: 0.07685458853275183 and parameters: {'max_depth': 1, 'min_child_weight': 2, 'gamma': 0.4281920993979822, 'subsample': 0.6170666221251145, 'colsample_bytree': 0.7797380307330627, 'learning_rate': 0.34790258328881307, 'reg_alpha': 0.7297727064919914, 'reg_lambda': 0.0002135295373418494}. Best is trial 3619 with value: 0.9384500514029486.
Trial 3917 finished with value: -2.2426152866737628 and parameters: {'max_depth': 5, 'min_child_weight': 4, 'gamma': 0.047845179041760555, 'subsample': 0.3949928817477437, 'colsample_bytree': 0.46352951912225915, 'learning_rate': 0.990890747620951, 'reg_alpha': 0.00025986030073037815, 'reg_lambda': 0.005491415647437128}. Best is trial 3619 with value: 0.9384500514029486.
Trial 3919 finished with value: -1339.3797174680428 and parameters: {'max_depth': 7, 'min_child_weight': 2, 'gamma': 0.25657569954818416, 'subsample': 0.11646747594015361, 'colsample_bytree': 0.6266734512438075, 'learning_rate': 0.9730074626416213, 'reg_alpha': 0.027841425024357196, 'reg_lambda': 2.835469706627427}. Best is trial 3619 with value: 0.9384500514029486.
Trial 3925 finished with value: 0.6056312634079786 and parameters: {'max_depth': 4, 'min_child_weight': 5, 'gamma': 0.4529016562754058, 'subsample': 0.26203525580525655, 'colsample_bytree': 0.9078096943818533, 'learning_rate': 0.050120480157413994, 'reg_alpha': 0.000212820853673769, 'reg_lambda': 0.000413673513247301}. Best is trial 3619 with value: 0.9384500514029486.
Trial 3907 finished with value: -0.9102216161368362 and parameters: {'max_depth': 7, 'min_child_weight': 2, 'gamma': 0.8680536741637448, 'subsample': 0.2537908920468209, 'colsample_bytree': 0.7360947075948384, 'learning_rate': 0.5688093811136662, 'reg_alpha': 0.00017880712883022222, 'reg_lambda': 0.00046027891228884055}. Best is trial 3619 with value: 0.9384500514029486.
Trial 3912 finished with value: 0.8581230465345518 and parameters: {'max_depth': 6, 'min_child_weight': 2, 'gamma': 0.6576454045548513, 'subsample': 0.8759667850679386, 'colsample_bytree': 0.5235473116795568, 'learning_rate': 0.9120130991321211, 'reg_alpha': 0.014406876282070243, 'reg_lambda': 0.00035403222545286444}. Best is trial 3619 with value: 0.9384500514029486.
Trial 3920 finished with value: -6.98581700710486 and parameters: {'max_depth': 6, 'min_child_weight': 1, 'gamma': 0.9041431093877367, 'subsample': 0.2978647013106862, 'colsample_bytree': 0.2272943299612804, 'learning_rate': 0.7711307258291394, 'reg_alpha': 0.0017835430000810585, 'reg_lambda': 0.09551619729743256}. Best is trial 3619 with value: 0.9384500514029486.
Trial 3933 finished with value: 0.4536052899187869 and parameters: {'max_depth': 4, 'min_child_weight': 2, 'gamma': 0.6719526928896378, 'subsample': 0.46405924602446147, 'colsample_bytree': 0.09237746016632808, 'learning_rate': 0.3976281287973584, 'reg_alpha': 2.605860181241215, 'reg_lambda': 4.791240857222211}. Best is trial 3619 with value: 0.9384500514029486.
Trial 3915 finished with value: 0.7986675411187845 and parameters: {'max_depth': 7, 'min_child_weight': 5, 'gamma': 0.47551020945654443, 'subsample': 0.41379593415390936, 'colsample_bytree': 0.7904312623946305, 'learning_rate': 0.5802057743351147, 'reg_alpha': 0.00014800868363697064, 'reg_lambda': 0.0014038744095955576}. Best is trial 3619 with value: 0.9384500514029486.
Trial 3927 finished with value: 0.8001745370714344 and parameters: {'max_depth': 5, 'min_child_weight': 2, 'gamma': 0.852637607852915, 'subsample': 0.6570829620086773, 'colsample_bytree': 0.3853666213057859, 'learning_rate': 0.3591523547777876, 'reg_alpha': 1.2303961849564318, 'reg_lambda': 0.3498006025194713}. Best is trial 3619 with value: 0.9384500514029486.
Trial 3947 finished with value: 0.09693063489434138 and parameters: {'max_depth': 1, 'min_child_weight': 2, 'gamma': 0.23612409154032254, 'subsample': 0.7807476824406572, 'colsample_bytree': 0.8063270091976772, 'learning_rate': 0.3520343645235483, 'reg_alpha': 1.2474389744613414, 'reg_lambda': 0.11689242769060988}. Best is trial 3619 with value: 0.9384500514029486.
Trial 3923 finished with value: 0.8736508482512716 and parameters: {'max_depth': 6, 'min_child_weight': 2, 'gamma': 0.6320156862187672, 'subsample': 0.9767148337233945, 'colsample_bytree': 0.35962205345553633, 'learning_rate': 0.24654295199577692, 'reg_alpha': 0.006085737526849634, 'reg_lambda': 0.18939364882120058}. Best is trial 3619 with value: 0.9384500514029486.
Trial 3941 finished with value: 0.08260080524943571 and parameters: {'max_depth': 4, 'min_child_weight': 5, 'gamma': 0.7329398908128176, 'subsample': 0.9606348360451612, 'colsample_bytree': 0.04998484657387137, 'learning_rate': 0.5463347554277147, 'reg_alpha': 0.12193462665450842, 'reg_lambda': 0.1600044844916199}. Best is trial 3619 with value: 0.9384500514029486.
Trial 3944 finished with value: -0.13517037623277797 and parameters: {'max_depth': 7, 'min_child_weight': 2, 'gamma': 0.4990648896043143, 'subsample': 0.030414981171227873, 'colsample_bytree': 0.4658653256967987, 'learning_rate': 0.3727769099228859, 'reg_alpha': 0.00017439182112051222, 'reg_lambda': 6.422013820755199}. Best is trial 3619 with value: 0.9384500514029486.
Trial 3928 finished with value: 0.5221424177822548 and parameters: {'max_depth': 10, 'min_child_weight': 4, 'gamma': 0.02492065442883029, 'subsample': 0.9402287648986193, 'colsample_bytree': 0.1465589538276414, 'learning_rate': 0.013800009339298813, 'reg_alpha': 4.085487823755637, 'reg_lambda': 0.0010756075723256143}. Best is trial 3619 with value: 0.9384500514029486.
Trial 3916 finished with value: 0.9264883720040532 and parameters: {'max_depth': 7, 'min_child_weight': 2, 'gamma': 0.8712034315787451, 'subsample': 0.5857422820684774, 'colsample_bytree': 0.7464378949829621, 'learning_rate': 0.5406243239804667, 'reg_alpha': 0.00021610193098619925, 'reg_lambda': 0.0015013309791308232}. Best is trial 3619 with value: 0.9384500514029486.
Trial 3936 finished with value: -4.55575840838687 and parameters: {'max_depth': 6, 'min_child_weight': 1, 'gamma': 0.32229653643711, 'subsample': 0.2553171785404674, 'colsample_bytree': 0.11294551629216443, 'learning_rate': 0.8937537771041572, 'reg_alpha': 1.6977507183343326, 'reg_lambda': 0.011670810690650497}. Best is trial 3619 with value: 0.9384500514029486.
Trial 3930 finished with value: 0.07837344853647785 and parameters: {'max_depth': 8, 'min_child_weight': 1, 'gamma': 0.6516517835833774, 'subsample': 0.22580489107375812, 'colsample_bytree': 0.23782567650674513, 'learning_rate': 0.6839723506750592, 'reg_alpha': 2.0251201702520394, 'reg_lambda': 0.7156312256477932}. Best is trial 3619 with value: 0.9384500514029486.
Trial 3948 finished with value: 0.7393121602001929 and parameters: {'max_depth': 3, 'min_child_weight': 1, 'gamma': 0.03602901317669882, 'subsample': 0.8180195257620555, 'colsample_bytree': 0.8948563068476846, 'learning_rate': 0.8637245930338145, 'reg_alpha': 0.13381449863197542, 'reg_lambda': 0.09467376734149191}. Best is trial 3619 with value: 0.9384500514029486.
Trial 3942 finished with value: -33.854837574251974 and parameters: {'max_depth': 5, 'min_child_weight': 1, 'gamma': 0.1816972680886353, 'subsample': 0.04328964843426364, 'colsample_bytree': 0.6883256792592494, 'learning_rate': 0.40259909469090294, 'reg_alpha': 0.03858952543133817, 'reg_lambda': 0.550075832732707}. Best is trial 3619 with value: 0.9384500514029486.
Trial 3952 finished with value: -1.224626247922283 and parameters: {'max_depth': 2, 'min_child_weight': 4, 'gamma': 0.8001150907567263, 'subsample': 0.06868541089079194, 'colsample_bytree': 0.26041759292588984, 'learning_rate': 0.6703188675860771, 'reg_alpha': 0.006359603526292408, 'reg_lambda': 4.82545197747947}. Best is trial 3619 with value: 0.9384500514029486.
Trial 3953 finished with value: 0.4289873196597919 and parameters: {'max_depth': 2, 'min_child_weight': 5, 'gamma': 0.6691166423748643, 'subsample': 0.5126207499917678, 'colsample_bytree': 0.6181687204206834, 'learning_rate': 0.43956521991577413, 'reg_alpha': 0.004966496263789523, 'reg_lambda': 0.0804602963253689}. Best is trial 3619 with value: 0.9384500514029486.
Trial 3946 finished with value: -6919693106.600199 and parameters: {'max_depth': 4, 'min_child_weight': 4, 'gamma': 0.48018426868143804, 'subsample': 0.20410873949634767, 'colsample_bytree': 0.866234715021511, 'learning_rate': 0.9737188403434347, 'reg_alpha': 0.31380576547472877, 'reg_lambda': 0.00013289267791020298}. Best is trial 3619 with value: 0.9384500514029486.
Trial 3960 finished with value: -3.3655783441394314 and parameters: {'max_depth': 9, 'min_child_weight': 5, 'gamma': 0.4462295059858039, 'subsample': 0.011734971278040907, 'colsample_bytree': 0.6285590099697221, 'learning_rate': 0.18400799817863345, 'reg_alpha': 0.0011293345861216342, 'reg_lambda': 0.0001081540423209015}. Best is trial 3619 with value: 0.9384500514029486.
Trial 3962 finished with value: 0.05542453879282566 and parameters: {'max_depth': 1, 'min_child_weight': 1, 'gamma': 0.4079034063071565, 'subsample': 0.5117826944587082, 'colsample_bytree': 0.39927697689174124, 'learning_rate': 0.592154423045012, 'reg_alpha': 0.0001340493808872385, 'reg_lambda': 0.000763522976397344}. Best is trial 3619 with value: 0.9384500514029486.
Trial 3964 finished with value: -3.4724433385013054 and parameters: {'max_depth': 9, 'min_child_weight': 5, 'gamma': 0.7022054967738728, 'subsample': 0.011337098163354709, 'colsample_bytree': 0.8085605470057253, 'learning_rate': 0.6790120213056549, 'reg_alpha': 0.0014800693465701342, 'reg_lambda': 0.00012617506032306018}. Best is trial 3619 with value: 0.9384500514029486.
Trial 3950 finished with value: 0.07770043454470404 and parameters: {'max_depth': 10, 'min_child_weight': 1, 'gamma': 0.9210502715218993, 'subsample': 0.8186202485227254, 'colsample_bytree': 0.09053254208922301, 'learning_rate': 0.2991374261324121, 'reg_alpha': 0.00027665807611492577, 'reg_lambda': 0.0031162374991640512}. Best is trial 3619 with value: 0.9384500514029486.
Trial 3931 finished with value: -0.5415708728102575 and parameters: {'max_depth': 9, 'min_child_weight': 3, 'gamma': 0.43267697384359927, 'subsample': 0.27002223995130914, 'colsample_bytree': 0.8659796539656631, 'learning_rate': 0.6567991545356094, 'reg_alpha': 0.09959863951709375, 'reg_lambda': 0.028800825193825926}. Best is trial 3619 with value: 0.9384500514029486.
Trial 3963 finished with value: 0.0829646367252986 and parameters: {'max_depth': 2, 'min_child_weight': 5, 'gamma': 0.6941049307761985, 'subsample': 0.7808809211593366, 'colsample_bytree': 0.08926174889267935, 'learning_rate': 0.21061079159175522, 'reg_alpha': 0.004892877553015081, 'reg_lambda': 0.4141159229096799}. Best is trial 3619 with value: 0.9384500514029486.
Trial 3929 finished with value: 0.9075474710479524 and parameters: {'max_depth': 10, 'min_child_weight': 4, 'gamma': 0.22062501457195427, 'subsample': 0.8280334440270963, 'colsample_bytree': 0.4476659325288185, 'learning_rate': 0.8402752372431702, 'reg_alpha': 0.13800994394317526, 'reg_lambda': 0.522272584042055}. Best is trial 3619 with value: 0.9384500514029486.
Trial 3954 finished with value: -2.195037537520624e+37 and parameters: {'max_depth': 7, 'min_child_weight': 1, 'gamma': 0.820026941826082, 'subsample': 0.04732625400036994, 'colsample_bytree': 0.8828741514269143, 'learning_rate': 0.9000743017032958, 'reg_alpha': 0.046425579188737964, 'reg_lambda': 0.0005801105117531153}. Best is trial 3619 with value: 0.9384500514029486.
Trial 3943 finished with value: 0.7183056650498018 and parameters: {'max_depth': 9, 'min_child_weight': 4, 'gamma': 0.0803574929174874, 'subsample': 0.8416280733081872, 'colsample_bytree': 0.17988800445539954, 'learning_rate': 0.7734554955641989, 'reg_alpha': 0.46107272721714787, 'reg_lambda': 0.017393922368052938}. Best is trial 3619 with value: 0.9384500514029486.
Trial 3937 finished with value: -6.385049224344263e+19 and parameters: {'max_depth': 9, 'min_child_weight': 1, 'gamma': 0.9512760217377124, 'subsample': 0.21480018310285176, 'colsample_bytree': 0.27023999661028075, 'learning_rate': 0.8768921246178297, 'reg_alpha': 0.07114551907579145, 'reg_lambda': 0.00022840268811746148}. Best is trial 3619 with value: 0.9384500514029486.
Trial 3940 finished with value: 0.8907645618401692 and parameters: {'max_depth': 6, 'min_child_weight': 2, 'gamma': 0.660658068517956, 'subsample': 0.405068402477579, 'colsample_bytree': 0.8500224146024834, 'learning_rate': 0.08741057904813754, 'reg_alpha': 0.0008565340948471959, 'reg_lambda': 0.0005220861227665472}. Best is trial 3619 with value: 0.9384500514029486.
Trial 3934 finished with value: 0.9146287231395123 and parameters: {'max_depth': 7, 'min_child_weight': 3, 'gamma': 0.26345301883428196, 'subsample': 0.8112221028410765, 'colsample_bytree': 0.9172650777485235, 'learning_rate': 0.19440384410578615, 'reg_alpha': 0.002330204702018812, 'reg_lambda': 0.0020805071493589194}. Best is trial 3619 with value: 0.9384500514029486.
Trial 3971 finished with value: -0.000856194639068375 and parameters: {'max_depth': 2, 'min_child_weight': 4, 'gamma': 0.843576680203887, 'subsample': 0.016557593482217747, 'colsample_bytree': 0.9920834900927559, 'learning_rate': 0.04559387276403193, 'reg_alpha': 0.015917122140502088, 'reg_lambda': 0.001258432323612617}. Best is trial 3619 with value: 0.9384500514029486.
Trial 3974 finished with value: 0.05704653021467537 and parameters: {'max_depth': 1, 'min_child_weight': 3, 'gamma': 0.28335482634521525, 'subsample': 0.6524666393656482, 'colsample_bytree': 0.3179079910050313, 'learning_rate': 0.8390708875541063, 'reg_alpha': 0.0024258346444352287, 'reg_lambda': 0.004200883247530129}. Best is trial 3619 with value: 0.9384500514029486.
Trial 3975 finished with value: 0.07203654563892145 and parameters: {'max_depth': 1, 'min_child_weight': 1, 'gamma': 0.5330896152776007, 'subsample': 0.7353566364446842, 'colsample_bytree': 0.00911934643461143, 'learning_rate': 0.4542217495361459, 'reg_alpha': 0.026999975723890377, 'reg_lambda': 0.0004728431237117931}. Best is trial 3619 with value: 0.9384500514029486.
