Trial 1960 finished with value: 0.6480275948534912 and parameters: {'max_depth': 3, 'min_child_weight': 5, 'gamma': 0.4266675918584609, 'subsample': 0.9679350399560003, 'colsample_bytree': 0.26834040259287395, 'learning_rate': 0.7937784752337315, 'reg_alpha': 0.0056833634741636115, 'reg_lambda': 0.3653228083061027}. Best is trial 715 with value: 0.9377859576434285.
Trial 1951 finished with value: 0.7140277378208512 and parameters: {'max_depth': 10, 'min_child_weight': 5, 'gamma': 0.0412526374142681, 'subsample': 0.7927587829059694, 'colsample_bytree': 0.15693118332341716, 'learning_rate': 0.44460458593114716, 'reg_alpha': 0.09143055789917738, 'reg_lambda': 5.593953437820947}. Best is trial 715 with value: 0.9377859576434285.
Trial 1944 finished with value: -4.2762291681303095e+21 and parameters: {'max_depth': 9, 'min_child_weight': 1, 'gamma': 0.5369555663491847, 'subsample': 0.13032478067178455, 'colsample_bytree': 0.31189450773902216, 'learning_rate': 0.7503690928811287, 'reg_alpha': 0.17834126223380165, 'reg_lambda': 0.00539241703924241}. Best is trial 715 with value: 0.9377859576434285.
Trial 1958 finished with value: 0.29179473517001403 and parameters: {'max_depth': 4, 'min_child_weight': 1, 'gamma': 0.6374507674137081, 'subsample': 0.39126797761297283, 'colsample_bytree': 0.8588527210762897, 'learning_rate': 0.6672634091515212, 'reg_alpha': 0.12541953572572936, 'reg_lambda': 0.0004961502322795138}. Best is trial 715 with value: 0.9377859576434285.
Trial 1975 finished with value: 0.05436364337717403 and parameters: {'max_depth': 1, 'min_child_weight': 2, 'gamma': 0.9482382348935074, 'subsample': 0.5565903735619282, 'colsample_bytree': 0.7348149996678368, 'learning_rate': 0.8501728582090909, 'reg_alpha': 0.712283724554274, 'reg_lambda': 0.01792734250742518}. Best is trial 715 with value: 0.9377859576434285.
Trial 1970 finished with value: 0.654910469742809 and parameters: {'max_depth': 3, 'min_child_weight': 1, 'gamma': 0.9889590181046028, 'subsample': 0.3912795128871449, 'colsample_bytree': 0.8955071951377522, 'learning_rate': 0.35665229880411364, 'reg_alpha': 0.00010373789951423175, 'reg_lambda': 0.009365278182211492}. Best is trial 715 with value: 0.9377859576434285.
Trial 1974 finished with value: 0.3519070080697861 and parameters: {'max_depth': 2, 'min_child_weight': 2, 'gamma': 0.0759725840956531, 'subsample': 0.35819623649296284, 'colsample_bytree': 0.4409582814433096, 'learning_rate': 0.4680292971625134, 'reg_alpha': 0.13809892958130324, 'reg_lambda': 0.04249219226579895}. Best is trial 715 with value: 0.9377859576434285.
Trial 1943 finished with value: 0.8850406846686039 and parameters: {'max_depth': 7, 'min_child_weight': 1, 'gamma': 0.5361225759741539, 'subsample': 0.3685149106511103, 'colsample_bytree': 0.9752361636312643, 'learning_rate': 0.13497196889125262, 'reg_alpha': 0.9202058533878371, 'reg_lambda': 2.2456131176703362}. Best is trial 715 with value: 0.9377859576434285.
Trial 1949 finished with value: 0.8284556394704732 and parameters: {'max_depth': 7, 'min_child_weight': 4, 'gamma': 0.9482009248272972, 'subsample': 0.5361319138510449, 'colsample_bytree': 0.716270226126721, 'learning_rate': 0.07812851160228662, 'reg_alpha': 5.066955857581245, 'reg_lambda': 0.0028455598849927207}. Best is trial 715 with value: 0.9377859576434285.
Trial 1939 finished with value: 0.904958285771545 and parameters: {'max_depth': 9, 'min_child_weight': 4, 'gamma': 0.6583284520430994, 'subsample': 0.690910911178899, 'colsample_bytree': 0.7165312814080707, 'learning_rate': 0.40101351141050157, 'reg_alpha': 0.05251586853408589, 'reg_lambda': 0.0001765392421887172}. Best is trial 715 with value: 0.9377859576434285.
Trial 1941 finished with value: 0.8991962566552368 and parameters: {'max_depth': 8, 'min_child_weight': 3, 'gamma': 0.5324212068168547, 'subsample': 0.8286507807586475, 'colsample_bytree': 0.5216843254334507, 'learning_rate': 0.904437934651556, 'reg_alpha': 0.059186500587765964, 'reg_lambda': 0.0001611218092774703}. Best is trial 715 with value: 0.9377859576434285.
Trial 1967 finished with value: 0.7013117161667665 and parameters: {'max_depth': 5, 'min_child_weight': 2, 'gamma': 0.3714945622224938, 'subsample': 0.4834593434739515, 'colsample_bytree': 0.27937845962694796, 'learning_rate': 0.8486770385863461, 'reg_alpha': 0.05439130400788923, 'reg_lambda': 3.836411139112829}. Best is trial 715 with value: 0.9377859576434285.
Trial 1937 finished with value: 0.9157734869410128 and parameters: {'max_depth': 9, 'min_child_weight': 1, 'gamma': 0.6438143784342647, 'subsample': 0.9130994194573244, 'colsample_bytree': 0.7240922453807741, 'learning_rate': 0.7544695256222348, 'reg_alpha': 0.05469533195069193, 'reg_lambda': 2.5664600438813725}. Best is trial 715 with value: 0.9377859576434285.
Trial 1984 finished with value: -0.5444370040797812 and parameters: {'max_depth': 9, 'min_child_weight': 5, 'gamma': 0.4556699008609074, 'subsample': 0.014946422111486668, 'colsample_bytree': 0.9062175600074545, 'learning_rate': 0.6117533236328672, 'reg_alpha': 7.9095538436695465, 'reg_lambda': 0.0010999551171721517}. Best is trial 715 with value: 0.9377859576434285.
Trial 1956 finished with value: 0.7420745830400938 and parameters: {'max_depth': 9, 'min_child_weight': 4, 'gamma': 0.24239465505823266, 'subsample': 0.326346482624711, 'colsample_bytree': 0.4155181773230573, 'learning_rate': 0.16112341969302746, 'reg_alpha': 0.003380547687614646, 'reg_lambda': 0.006779115313899401}. Best is trial 715 with value: 0.9377859576434285.
Trial 1985 finished with value: 0.08457082821313681 and parameters: {'max_depth': 1, 'min_child_weight': 4, 'gamma': 0.6973414473104458, 'subsample': 0.7664012522932601, 'colsample_bytree': 0.42540605741015913, 'learning_rate': 0.9403933984369774, 'reg_alpha': 0.006972469463988437, 'reg_lambda': 0.00014159529685810613}. Best is trial 715 with value: 0.9377859576434285.
Trial 1980 finished with value: 0.4536714600442335 and parameters: {'max_depth': 2, 'min_child_weight': 1, 'gamma': 0.44610377908081955, 'subsample': 0.47264607327104535, 'colsample_bytree': 0.662784554809179, 'learning_rate': 0.23635399118968847, 'reg_alpha': 0.00039260340027119997, 'reg_lambda': 0.73018846227219}. Best is trial 715 with value: 0.9377859576434285.
Trial 1965 finished with value: 0.707112139041006 and parameters: {'max_depth': 7, 'min_child_weight': 4, 'gamma': 0.5732874144897047, 'subsample': 0.3872049311347713, 'colsample_bytree': 0.5117219072827884, 'learning_rate': 0.823235531532976, 'reg_alpha': 1.9557820536267416, 'reg_lambda': 9.191935060058649}. Best is trial 715 with value: 0.9377859576434285.
Trial 1966 finished with value: 0.8645994134003693 and parameters: {'max_depth': 7, 'min_child_weight': 2, 'gamma': 0.29032702906159535, 'subsample': 0.7578525402939474, 'colsample_bytree': 0.4047258308263745, 'learning_rate': 0.38482522657545304, 'reg_alpha': 6.179235856427472, 'reg_lambda': 0.15871111136914257}. Best is trial 715 with value: 0.9377859576434285.
Trial 1972 finished with value: 0.7589406379626921 and parameters: {'max_depth': 5, 'min_child_weight': 1, 'gamma': 0.42264957035998396, 'subsample': 0.8591783702461725, 'colsample_bytree': 0.26699653123713984, 'learning_rate': 0.9562224250010504, 'reg_alpha': 0.00019755344051143714, 'reg_lambda': 0.6646576450853275}. Best is trial 715 with value: 0.9377859576434285.
Trial 1953 finished with value: 0.9028094249750594 and parameters: {'max_depth': 7, 'min_child_weight': 5, 'gamma': 0.6579853368153624, 'subsample': 0.9832904058376272, 'colsample_bytree': 0.7764409507143041, 'learning_rate': 0.8392107130154356, 'reg_alpha': 0.026646044697266304, 'reg_lambda': 0.4606000861098836}. Best is trial 715 with value: 0.9377859576434285.
Trial 1961 finished with value: 0.17302978706885305 and parameters: {'max_depth': 10, 'min_child_weight': 2, 'gamma': 0.6809048437136647, 'subsample': 0.4596368380632575, 'colsample_bytree': 0.16659610323497342, 'learning_rate': 0.7849547381397931, 'reg_alpha': 0.015565514907916796, 'reg_lambda': 0.00016048043041677986}. Best is trial 715 with value: 0.9377859576434285.
Trial 1976 finished with value: -0.028575097554734065 and parameters: {'max_depth': 8, 'min_child_weight': 5, 'gamma': 0.4187073480747985, 'subsample': 0.24972153791595708, 'colsample_bytree': 0.048469218332579, 'learning_rate': 0.7326537907661265, 'reg_alpha': 1.0811024500676822, 'reg_lambda': 0.018099209871647336}. Best is trial 715 with value: 0.9377859576434285.
Trial 1973 finished with value: 0.3764513971224255 and parameters: {'max_depth': 8, 'min_child_weight': 4, 'gamma': 0.242778494289699, 'subsample': 0.16368804395385483, 'colsample_bytree': 0.2907036367262614, 'learning_rate': 0.012856169592588618, 'reg_alpha': 0.04144062055477192, 'reg_lambda': 0.06418705216334514}. Best is trial 715 with value: 0.9377859576434285.
Trial 1964 finished with value: 0.8601231654337617 and parameters: {'max_depth': 7, 'min_child_weight': 3, 'gamma': 0.7390295315378577, 'subsample': 0.7278556927328201, 'colsample_bytree': 0.3581215732095112, 'learning_rate': 0.3621226435157374, 'reg_alpha': 0.0005771131808963358, 'reg_lambda': 0.0002605723061006147}. Best is trial 715 with value: 0.9377859576434285.
Trial 1986 finished with value: 0.4161866706782896 and parameters: {'max_depth': 2, 'min_child_weight': 4, 'gamma': 0.7603753682502732, 'subsample': 0.6683357269475088, 'colsample_bytree': 0.12655733628097476, 'learning_rate': 0.6908878127975684, 'reg_alpha': 0.10654939700757385, 'reg_lambda': 0.0031622142775414013}. Best is trial 715 with value: 0.9377859576434285.
Trial 1963 finished with value: -0.3564140888861998 and parameters: {'max_depth': 9, 'min_child_weight': 2, 'gamma': 0.8995158319372081, 'subsample': 0.2860028350680265, 'colsample_bytree': 0.2676630633131867, 'learning_rate': 0.6267440522965563, 'reg_alpha': 0.00013078699733817372, 'reg_lambda': 0.0015263874846758929}. Best is trial 715 with value: 0.9377859576434285.
Trial 1983 finished with value: -953757629454.6368 and parameters: {'max_depth': 8, 'min_child_weight': 2, 'gamma': 0.4034825493300167, 'subsample': 0.04487648080025619, 'colsample_bytree': 0.2719566715246229, 'learning_rate': 0.7168228530722607, 'reg_alpha': 0.12058613861642646, 'reg_lambda': 0.08296767322945618}. Best is trial 715 with value: 0.9377859576434285.
Trial 1998 finished with value: 0.08669713167381563 and parameters: {'max_depth': 1, 'min_child_weight': 2, 'gamma': 0.8978864090457741, 'subsample': 0.6627845085839165, 'colsample_bytree': 0.768940387180465, 'learning_rate': 0.3732738940266622, 'reg_alpha': 0.014275934250585539, 'reg_lambda': 0.0016908775440554484}. Best is trial 715 with value: 0.9377859576434285.
Trial 1996 finished with value: 0.4524385119631945 and parameters: {'max_depth': 2, 'min_child_weight': 5, 'gamma': 0.3098702381405377, 'subsample': 0.7587668821763982, 'colsample_bytree': 0.7585758207473274, 'learning_rate': 0.7239650358742286, 'reg_alpha': 0.0001226986471856361, 'reg_lambda': 0.0009438956738574507}. Best is trial 715 with value: 0.9377859576434285.
Trial 1969 finished with value: 0.9128729097746827 and parameters: {'max_depth': 7, 'min_child_weight': 5, 'gamma': 0.7916190323294329, 'subsample': 0.9294275194308791, 'colsample_bytree': 0.9899259546896078, 'learning_rate': 0.36369992794329664, 'reg_alpha': 0.0025440779093984247, 'reg_lambda': 0.001478878390387703}. Best is trial 715 with value: 0.9377859576434285.
Trial 1982 finished with value: -1403.250517221886 and parameters: {'max_depth': 5, 'min_child_weight': 5, 'gamma': 0.698399825090003, 'subsample': 0.29447766271133513, 'colsample_bytree': 0.9673961029387376, 'learning_rate': 0.9122821004131861, 'reg_alpha': 0.0018518097218084843, 'reg_lambda': 0.0009686696406685364}. Best is trial 715 with value: 0.9377859576434285.
Trial 1977 finished with value: 0.7863524139913378 and parameters: {'max_depth': 6, 'min_child_weight': 5, 'gamma': 0.7239073185641112, 'subsample': 0.8354626209841488, 'colsample_bytree': 0.2465869253455898, 'learning_rate': 0.33544753063096, 'reg_alpha': 0.0006647649885215714, 'reg_lambda': 0.00012398380042463533}. Best is trial 715 with value: 0.9377859576434285.
Trial 1994 finished with value: 0.4518571261639854 and parameters: {'max_depth': 4, 'min_child_weight': 3, 'gamma': 0.04446432361160757, 'subsample': 0.5286081990471635, 'colsample_bytree': 0.10329624893507705, 'learning_rate': 0.3184546993970002, 'reg_alpha': 0.0014109795627327468, 'reg_lambda': 0.003942790657025431}. Best is trial 715 with value: 0.9377859576434285.
Trial 1979 finished with value: 0.8731402821838703 and parameters: {'max_depth': 6, 'min_child_weight': 5, 'gamma': 0.31975262882466393, 'subsample': 0.9452354121542372, 'colsample_bytree': 0.40357531939404134, 'learning_rate': 0.7822086870870228, 'reg_alpha': 0.005379483119672094, 'reg_lambda': 0.0006881631284175617}. Best is trial 715 with value: 0.9377859576434285.
Trial 1995 finished with value: 0.08261306697278199 and parameters: {'max_depth': 8, 'min_child_weight': 5, 'gamma': 0.8681851977744155, 'subsample': 0.9596727898950496, 'colsample_bytree': 0.08579419236197627, 'learning_rate': 0.5337112534371972, 'reg_alpha': 0.25894155439015615, 'reg_lambda': 0.07271305992516908}. Best is trial 715 with value: 0.9377859576434285.
Trial 1959 finished with value: 0.9146880479455111 and parameters: {'max_depth': 10, 'min_child_weight': 3, 'gamma': 0.8819400074143485, 'subsample': 0.9037491029994431, 'colsample_bytree': 0.5503144366574885, 'learning_rate': 0.32993612196635846, 'reg_alpha': 0.01611885032602455, 'reg_lambda': 0.0001502048290172381}. Best is trial 715 with value: 0.9377859576434285.
Trial 1997 finished with value: -3.521693635736611 and parameters: {'max_depth': 7, 'min_child_weight': 4, 'gamma': 0.4798146390084783, 'subsample': 0.451293143365304, 'colsample_bytree': 0.05296918942143691, 'learning_rate': 0.00166745800176904, 'reg_alpha': 0.017766109885467795, 'reg_lambda': 0.05413817645948002}. Best is trial 715 with value: 0.9377859576434285.
Trial 1988 finished with value: 0.07761850647842082 and parameters: {'max_depth': 5, 'min_child_weight': 3, 'gamma': 0.4017348151347473, 'subsample': 0.4180299658125948, 'colsample_bytree': 0.40532442574208616, 'learning_rate': 0.8335694480615312, 'reg_alpha': 0.000763857907704765, 'reg_lambda': 0.008538691207402393}. Best is trial 715 with value: 0.9377859576434285.
Trial 1981 finished with value: 0.8842120672214265 and parameters: {'max_depth': 6, 'min_child_weight': 1, 'gamma': 0.7505572448131346, 'subsample': 0.5515907634715932, 'colsample_bytree': 0.7262610556337983, 'learning_rate': 0.07615242839980463, 'reg_alpha': 0.028739660385115422, 'reg_lambda': 2.201334047734322}. Best is trial 715 with value: 0.9377859576434285.
Trial 2001 finished with value: 0.47051724251177174 and parameters: {'max_depth': 4, 'min_child_weight': 2, 'gamma': 0.9365613590654277, 'subsample': 0.9901148200796068, 'colsample_bytree': 0.1113401080452795, 'learning_rate': 0.0890665994479165, 'reg_alpha': 0.05653332181422376, 'reg_lambda': 6.110197779353266}. Best is trial 715 with value: 0.9377859576434285.
Trial 1978 finished with value: 0.8760376199893309 and parameters: {'max_depth': 9, 'min_child_weight': 5, 'gamma': 0.3318035197624649, 'subsample': 0.6915418043294709, 'colsample_bytree': 0.9940068266246789, 'learning_rate': 0.3556867443762043, 'reg_alpha': 7.194814383610614, 'reg_lambda': 7.764503323844589}. Best is trial 715 with value: 0.9377859576434285.
Trial 1999 finished with value: 0.2410318662492534 and parameters: {'max_depth': 10, 'min_child_weight': 3, 'gamma': 0.26551591838319655, 'subsample': 0.07975863884224532, 'colsample_bytree': 0.8690645237763834, 'learning_rate': 0.2830753292896323, 'reg_alpha': 5.914757591273298, 'reg_lambda': 1.108716847056879}. Best is trial 715 with value: 0.9377859576434285.
Trial 2005 finished with value: 0.4771878103726765 and parameters: {'max_depth': 2, 'min_child_weight': 2, 'gamma': 0.7968134929598388, 'subsample': 0.9598770686824392, 'colsample_bytree': 0.6419574768998095, 'learning_rate': 0.5615978466677639, 'reg_alpha': 0.0023360772999720643, 'reg_lambda': 0.00018005612271054886}. Best is trial 715 with value: 0.9377859576434285.
Trial 2009 finished with value: -3.5591384223735973 and parameters: {'max_depth': 1, 'min_child_weight': 5, 'gamma': 0.846748319920228, 'subsample': 0.009963404487051464, 'colsample_bytree': 0.8827909777112887, 'learning_rate': 0.09635700032506034, 'reg_alpha': 0.03313726015982189, 'reg_lambda': 0.30590529937784305}. Best is trial 715 with value: 0.9377859576434285.
Trial 1971 finished with value: 0.8924607875752629 and parameters: {'max_depth': 9, 'min_child_weight': 1, 'gamma': 0.32388403162698154, 'subsample': 0.22477497134439006, 'colsample_bytree': 0.9221480288540677, 'learning_rate': 0.19262548764522802, 'reg_alpha': 0.09077855683755702, 'reg_lambda': 0.008632497466835722}. Best is trial 715 with value: 0.9377859576434285.
Trial 1990 finished with value: 0.7934771781619726 and parameters: {'max_depth': 6, 'min_child_weight': 3, 'gamma': 0.8562079675127764, 'subsample': 0.8656425037878994, 'colsample_bytree': 0.25018723884912564, 'learning_rate': 0.8334052661557295, 'reg_alpha': 1.545941896637624, 'reg_lambda': 1.1779803443056758}. Best is trial 715 with value: 0.9377859576434285.
Trial 2008 finished with value: 0.486641435468243 and parameters: {'max_depth': 2, 'min_child_weight': 3, 'gamma': 0.7993109230721773, 'subsample': 0.9599070896705078, 'colsample_bytree': 0.7912787366297673, 'learning_rate': 0.2918198127926075, 'reg_alpha': 0.02605406962893789, 'reg_lambda': 0.002253486539869136}. Best is trial 715 with value: 0.9377859576434285.
Trial 1987 finished with value: 0.7539826866670035 and parameters: {'max_depth': 7, 'min_child_weight': 5, 'gamma': 0.26296720173949306, 'subsample': 0.5394638993157359, 'colsample_bytree': 0.3367611144610908, 'learning_rate': 0.5787094682787759, 'reg_alpha': 0.02293861270874393, 'reg_lambda': 0.00017761844026477323}. Best is trial 715 with value: 0.9377859576434285.
Trial 2010 finished with value: 0.473382277596533 and parameters: {'max_depth': 2, 'min_child_weight': 3, 'gamma': 0.9612797442547076, 'subsample': 0.9917721929384402, 'colsample_bytree': 0.10433793755368315, 'learning_rate': 0.7949941941335597, 'reg_alpha': 4.045831032415548, 'reg_lambda': 0.04159886728724093}. Best is trial 715 with value: 0.9377859576434285.
Trial 2006 finished with value: 0.6022129487632901 and parameters: {'max_depth': 3, 'min_child_weight': 1, 'gamma': 0.5653204303321911, 'subsample': 0.5546748212862586, 'colsample_bytree': 0.39486059354721137, 'learning_rate': 0.41527285135582603, 'reg_alpha': 0.008659013963020686, 'reg_lambda': 0.05446084926893583}. Best is trial 715 with value: 0.9377859576434285.
Trial 2002 finished with value: -391527.7166959812 and parameters: {'max_depth': 7, 'min_child_weight': 3, 'gamma': 0.6159685140855031, 'subsample': 0.07256940024321179, 'colsample_bytree': 0.5879512039785987, 'learning_rate': 0.651518108848282, 'reg_alpha': 0.0034052070867885732, 'reg_lambda': 0.00019023177474876993}. Best is trial 715 with value: 0.9377859576434285.
Trial 1989 finished with value: 0.8565810455902911 and parameters: {'max_depth': 10, 'min_child_weight': 4, 'gamma': 0.7128029213280371, 'subsample': 0.7177372633317918, 'colsample_bytree': 0.42093581431708915, 'learning_rate': 0.4999561757090093, 'reg_alpha': 5.3767638170684044, 'reg_lambda': 3.5572297804622033}. Best is trial 715 with value: 0.9377859576434285.
Trial 2012 finished with value: 0.4529079871256266 and parameters: {'max_depth': 2, 'min_child_weight': 1, 'gamma': 0.2499022791667843, 'subsample': 0.7652197641157932, 'colsample_bytree': 0.17439438031637966, 'learning_rate': 0.649649958731604, 'reg_alpha': 0.004330485672673598, 'reg_lambda': 1.276524268642483}. Best is trial 715 with value: 0.9377859576434285.
Trial 2003 finished with value: 0.1800916770921177 and parameters: {'max_depth': 5, 'min_child_weight': 1, 'gamma': 0.06529144430927714, 'subsample': 0.07588074040711179, 'colsample_bytree': 0.1798012070701368, 'learning_rate': 0.162939846363798, 'reg_alpha': 0.09343220188450194, 'reg_lambda': 0.20852571136455678}. Best is trial 715 with value: 0.9377859576434285.
Trial 2000 finished with value: -28.264914867430736 and parameters: {'max_depth': 6, 'min_child_weight': 3, 'gamma': 0.7220230795715377, 'subsample': 0.2568733715139847, 'colsample_bytree': 0.2937818539228316, 'learning_rate': 0.906343671251996, 'reg_alpha': 0.04031456483144439, 'reg_lambda': 0.3937988304122709}. Best is trial 715 with value: 0.9377859576434285.
Trial 2015 finished with value: 0.38396817141476763 and parameters: {'max_depth': 2, 'min_child_weight': 1, 'gamma': 0.3717177021733169, 'subsample': 0.3972649790195518, 'colsample_bytree': 0.597972457066453, 'learning_rate': 0.03331326789747435, 'reg_alpha': 0.000912890680538311, 'reg_lambda': 0.09035705899012347}. Best is trial 715 with value: 0.9377859576434285.
Trial 1991 finished with value: 0.8871405192177568 and parameters: {'max_depth': 7, 'min_child_weight': 4, 'gamma': 0.44649555953271935, 'subsample': 0.5405864736757712, 'colsample_bytree': 0.9503920430226107, 'learning_rate': 0.9947048969879774, 'reg_alpha': 0.16923200607114117, 'reg_lambda': 2.957141004840176}. Best is trial 715 with value: 0.9377859576434285.
Trial 1993 finished with value: 0.8805776161671087 and parameters: {'max_depth': 8, 'min_child_weight': 5, 'gamma': 0.10005831539643473, 'subsample': 0.4897549531470282, 'colsample_bytree': 0.7603374670677967, 'learning_rate': 0.16671679611635104, 'reg_alpha': 0.002778985188162674, 'reg_lambda': 0.0005175753303118296}. Best is trial 715 with value: 0.9377859576434285.
