Trial 3489 finished with value: 0.5890709244482776 and parameters: {'max_depth': 4, 'min_child_weight': 5, 'gamma': 0.4188289374688662, 'subsample': 0.2652244399695243, 'colsample_bytree': 0.8132265428177182, 'learning_rate': 0.3860692600224742, 'reg_alpha': 5.0172348067663854, 'reg_lambda': 0.015251105428770404}. Best is trial 715 with value: 0.9377859576434285.
Trial 3481 finished with value: 0.8289943429794902 and parameters: {'max_depth': 6, 'min_child_weight': 5, 'gamma': 0.5213938756800782, 'subsample': 0.6318476517323953, 'colsample_bytree': 0.45861101847807095, 'learning_rate': 0.46088710130758903, 'reg_alpha': 1.5529700073346018, 'reg_lambda': 0.01776960881335553}. Best is trial 715 with value: 0.9377859576434285.
Trial 3501 finished with value: -6.3347824217492485 and parameters: {'max_depth': 8, 'min_child_weight': 3, 'gamma': 0.692421103861464, 'subsample': 0.026966194845244873, 'colsample_bytree': 0.2538972349263636, 'learning_rate': 0.43789167811222196, 'reg_alpha': 0.004665979292657413, 'reg_lambda': 0.11522424712925668}. Best is trial 715 with value: 0.9377859576434285.
Trial 3483 finished with value: 0.7716728313003257 and parameters: {'max_depth': 9, 'min_child_weight': 5, 'gamma': 0.4895911554212148, 'subsample': 0.365724523931384, 'colsample_bytree': 0.8454653352603259, 'learning_rate': 0.5006646767909796, 'reg_alpha': 0.9782329241558798, 'reg_lambda': 2.26026672621391}. Best is trial 715 with value: 0.9377859576434285.
Trial 3488 finished with value: 0.8417225020648991 and parameters: {'max_depth': 5, 'min_child_weight': 5, 'gamma': 0.12494921436539486, 'subsample': 0.6665360548899207, 'colsample_bytree': 0.6807069262253626, 'learning_rate': 0.3784436769698729, 'reg_alpha': 0.003536198873286189, 'reg_lambda': 0.0016913534389371562}. Best is trial 715 with value: 0.9377859576434285.
Trial 3494 finished with value: 0.7962720214502347 and parameters: {'max_depth': 4, 'min_child_weight': 3, 'gamma': 0.13098914035978926, 'subsample': 0.9335357953261846, 'colsample_bytree': 0.52169487684494, 'learning_rate': 0.2582823002692568, 'reg_alpha': 0.0037598610918415172, 'reg_lambda': 0.00034481159134667973}. Best is trial 715 with value: 0.9377859576434285.
Trial 3487 finished with value: 0.82124862307093 and parameters: {'max_depth': 6, 'min_child_weight': 2, 'gamma': 0.10005558563415673, 'subsample': 0.5716011002902305, 'colsample_bytree': 0.8996576721946208, 'learning_rate': 0.9168724845775247, 'reg_alpha': 2.1312218599471926, 'reg_lambda': 0.0004255530327552437}. Best is trial 715 with value: 0.9377859576434285.
Trial 3476 finished with value: 0.8773673227671104 and parameters: {'max_depth': 8, 'min_child_weight': 5, 'gamma': 0.5613195931347595, 'subsample': 0.6357269742733511, 'colsample_bytree': 0.9265946895518312, 'learning_rate': 0.3444487322140741, 'reg_alpha': 0.10198104514706922, 'reg_lambda': 0.3662534768438703}. Best is trial 715 with value: 0.9377859576434285.
Trial 3498 finished with value: 0.3899329603806824 and parameters: {'max_depth': 9, 'min_child_weight': 3, 'gamma': 0.1929222232210318, 'subsample': 0.09893263944523656, 'colsample_bytree': 0.192749443133999, 'learning_rate': 0.13380112747035133, 'reg_alpha': 0.0005105622333608485, 'reg_lambda': 0.9261518302289858}. Best is trial 715 with value: 0.9377859576434285.
Trial 3510 finished with value: -4.343375872423012 and parameters: {'max_depth': 8, 'min_child_weight': 5, 'gamma': 0.10856824765448514, 'subsample': 0.3735788776929504, 'colsample_bytree': 0.26048188939659955, 'learning_rate': 0.0017202090882821874, 'reg_alpha': 0.1678620736170043, 'reg_lambda': 8.743724146898222}. Best is trial 715 with value: 0.9377859576434285.
Trial 3493 finished with value: 0.7440073478334578 and parameters: {'max_depth': 6, 'min_child_weight': 2, 'gamma': 0.5606635227535728, 'subsample': 0.5298136727720882, 'colsample_bytree': 0.21198165657001222, 'learning_rate': 0.5175088609582966, 'reg_alpha': 0.0023679314646799666, 'reg_lambda': 5.369917999517404}. Best is trial 715 with value: 0.9377859576434285.
Trial 3512 finished with value: -46216251.441035375 and parameters: {'max_depth': 5, 'min_child_weight': 3, 'gamma': 0.03110082951493731, 'subsample': 0.01969889428389271, 'colsample_bytree': 0.7871751169992441, 'learning_rate': 0.8277446758696766, 'reg_alpha': 0.002955610447718648, 'reg_lambda': 0.0010675526548848758}. Best is trial 715 with value: 0.9377859576434285.
Trial 3504 finished with value: 0.8132393977347597 and parameters: {'max_depth': 4, 'min_child_weight': 5, 'gamma': 0.3119701554146048, 'subsample': 0.9642086755892733, 'colsample_bytree': 0.5162212513808425, 'learning_rate': 0.5237438463623608, 'reg_alpha': 0.0037882857162619427, 'reg_lambda': 0.015426656921398796}. Best is trial 715 with value: 0.9377859576434285.
Trial 3496 finished with value: 0.8361156046980834 and parameters: {'max_depth': 5, 'min_child_weight': 2, 'gamma': 0.7642849285898491, 'subsample': 0.651321671432624, 'colsample_bytree': 0.894767233059618, 'learning_rate': 0.8288861220267789, 'reg_alpha': 2.3382361097072506, 'reg_lambda': 0.0019149472522035074}. Best is trial 715 with value: 0.9377859576434285.
Trial 3500 finished with value: 0.7221134142803252 and parameters: {'max_depth': 5, 'min_child_weight': 5, 'gamma': 0.5874171215333835, 'subsample': 0.428667598214738, 'colsample_bytree': 0.789471506419648, 'learning_rate': 0.6156703654030835, 'reg_alpha': 0.08946261583081756, 'reg_lambda': 0.00016583189200154646}. Best is trial 715 with value: 0.9377859576434285.
Trial 3517 finished with value: 0.07858016926121346 and parameters: {'max_depth': 1, 'min_child_weight': 4, 'gamma': 0.25909888831343886, 'subsample': 0.5613656098554514, 'colsample_bytree': 0.9933749785514763, 'learning_rate': 0.20865341591580866, 'reg_alpha': 0.061249653121029375, 'reg_lambda': 0.00027408413426719796}. Best is trial 715 with value: 0.9377859576434285.
Trial 3502 finished with value: 0.5776497273061515 and parameters: {'max_depth': 6, 'min_child_weight': 5, 'gamma': 0.24335767879607673, 'subsample': 0.19948725920627985, 'colsample_bytree': 0.6778513938715901, 'learning_rate': 0.047444444604308855, 'reg_alpha': 0.0010580287725534964, 'reg_lambda': 0.3470283555866047}. Best is trial 715 with value: 0.9377859576434285.
Trial 3508 finished with value: -1.1926699909123113 and parameters: {'max_depth': 4, 'min_child_weight': 1, 'gamma': 0.3624995984436179, 'subsample': 0.2608577081016962, 'colsample_bytree': 0.2732565068339431, 'learning_rate': 0.7193045132865049, 'reg_alpha': 3.1419837652172906, 'reg_lambda': 0.04267647160867567}. Best is trial 715 with value: 0.9377859576434285.
Trial 3511 finished with value: 0.07845513845791585 and parameters: {'max_depth': 7, 'min_child_weight': 4, 'gamma': 0.610520094064128, 'subsample': 0.5011597805500992, 'colsample_bytree': 0.0030042743607501254, 'learning_rate': 0.19052988625850598, 'reg_alpha': 0.005615149710557675, 'reg_lambda': 0.7265935626910593}. Best is trial 715 with value: 0.9377859576434285.
Trial 3482 finished with value: 0.9021598579728618 and parameters: {'max_depth': 10, 'min_child_weight': 5, 'gamma': 0.8062343950081434, 'subsample': 0.8606307248231397, 'colsample_bytree': 0.7277341600933676, 'learning_rate': 0.8834025146813064, 'reg_alpha': 0.00016890319499648324, 'reg_lambda': 0.3461008504766906}. Best is trial 715 with value: 0.9377859576434285.
Trial 3490 finished with value: 0.8354979190560656 and parameters: {'max_depth': 10, 'min_child_weight': 5, 'gamma': 0.5358834816735962, 'subsample': 0.5534892511967775, 'colsample_bytree': 0.511740427486993, 'learning_rate': 0.31613609006379473, 'reg_alpha': 0.042400031731806835, 'reg_lambda': 0.05452461720795522}. Best is trial 715 with value: 0.9377859576434285.
Trial 3505 finished with value: -0.7478669728167752 and parameters: {'max_depth': 7, 'min_child_weight': 4, 'gamma': 0.1152200303624834, 'subsample': 0.18713988770080792, 'colsample_bytree': 0.40081583259936504, 'learning_rate': 0.5590051815308911, 'reg_alpha': 0.5915279195404946, 'reg_lambda': 0.018132549470106205}. Best is trial 715 with value: 0.9377859576434285.
Trial 3523 finished with value: 0.08791695815514314 and parameters: {'max_depth': 1, 'min_child_weight': 5, 'gamma': 0.9217644395016386, 'subsample': 0.6934767573315281, 'colsample_bytree': 0.8077923686731203, 'learning_rate': 0.19786830783845966, 'reg_alpha': 0.05086082496857335, 'reg_lambda': 0.0324644284843844}. Best is trial 715 with value: 0.9377859576434285.
Trial 3506 finished with value: 0.8432512470175644 and parameters: {'max_depth': 5, 'min_child_weight': 3, 'gamma': 0.5655794234786914, 'subsample': 0.6627110379384381, 'colsample_bytree': 0.48386321766786544, 'learning_rate': 0.5289530218064042, 'reg_alpha': 0.6748378030322776, 'reg_lambda': 2.9165759356659504}. Best is trial 715 with value: 0.9377859576434285.
Trial 3516 finished with value: -2.4370097780539184 and parameters: {'max_depth': 6, 'min_child_weight': 3, 'gamma': 0.9455742102866026, 'subsample': 0.0695128686874461, 'colsample_bytree': 0.0405439729943885, 'learning_rate': 0.9857750929194803, 'reg_alpha': 0.1438524065532985, 'reg_lambda': 0.03568582751338268}. Best is trial 715 with value: 0.9377859576434285.
Trial 3485 finished with value: 0.9083182275932022 and parameters: {'max_depth': 9, 'min_child_weight': 4, 'gamma': 0.71614307818477, 'subsample': 0.9709424571811285, 'colsample_bytree': 0.9132017944137266, 'learning_rate': 0.02063829109157378, 'reg_alpha': 0.05820125977013871, 'reg_lambda': 0.4519008309814347}. Best is trial 715 with value: 0.9377859576434285.
Trial 3509 finished with value: 0.9078795640731407 and parameters: {'max_depth': 5, 'min_child_weight': 4, 'gamma': 0.0005439328641628771, 'subsample': 0.8795779181397756, 'colsample_bytree': 0.9132270192417081, 'learning_rate': 0.30361960504540575, 'reg_alpha': 0.20213444311651302, 'reg_lambda': 0.011654653117635297}. Best is trial 715 with value: 0.9377859576434285.
Trial 3497 finished with value: 0.8599189981343807 and parameters: {'max_depth': 7, 'min_child_weight': 1, 'gamma': 0.2246410259588656, 'subsample': 0.7498826333272104, 'colsample_bytree': 0.6264635766664846, 'learning_rate': 0.8653930217998137, 'reg_alpha': 0.00019249309743354532, 'reg_lambda': 0.002178375295571247}. Best is trial 715 with value: 0.9377859576434285.
Trial 3519 finished with value: -3.204761810118321 and parameters: {'max_depth': 4, 'min_child_weight': 4, 'gamma': 0.5469740320239752, 'subsample': 0.26068148373496525, 'colsample_bytree': 0.20560694352640507, 'learning_rate': 0.9261402538891728, 'reg_alpha': 0.15979698642544532, 'reg_lambda': 0.30702730816156987}. Best is trial 715 with value: 0.9377859576434285.
Trial 3527 finished with value: 0.26790301669565986 and parameters: {'max_depth': 2, 'min_child_weight': 4, 'gamma': 0.8564380016499202, 'subsample': 0.23460449884286738, 'colsample_bytree': 0.851833132019508, 'learning_rate': 0.41000483798379084, 'reg_alpha': 0.3256442611255159, 'reg_lambda': 0.001001041084243833}. Best is trial 715 with value: 0.9377859576434285.
Trial 3499 finished with value: 0.8311580363031679 and parameters: {'max_depth': 8, 'min_child_weight': 2, 'gamma': 0.6328606745544013, 'subsample': 0.6636273309754817, 'colsample_bytree': 0.4992982693884259, 'learning_rate': 0.9224509650025473, 'reg_alpha': 0.09352812660767779, 'reg_lambda': 0.17770089368904765}. Best is trial 715 with value: 0.9377859576434285.
Trial 3515 finished with value: 0.20164256298545136 and parameters: {'max_depth': 5, 'min_child_weight': 5, 'gamma': 0.19458121722205923, 'subsample': 0.4638980286425315, 'colsample_bytree': 0.15750097304125643, 'learning_rate': 0.9722289682648557, 'reg_alpha': 0.007694970954150791, 'reg_lambda': 0.05061892744729785}. Best is trial 715 with value: 0.9377859576434285.
Trial 3507 finished with value: -67195555.76417123 and parameters: {'max_depth': 8, 'min_child_weight': 1, 'gamma': 0.7700604348338091, 'subsample': 0.10172913025755381, 'colsample_bytree': 0.30937555419652607, 'learning_rate': 0.537083977012305, 'reg_alpha': 0.01761094389227645, 'reg_lambda': 0.0011658333936447496}. Best is trial 715 with value: 0.9377859576434285.
Trial 3525 finished with value: 0.537804549265344 and parameters: {'max_depth': 3, 'min_child_weight': 5, 'gamma': 0.43141943771923064, 'subsample': 0.716702157277491, 'colsample_bytree': 0.7077860593436773, 'learning_rate': 0.028789131448228478, 'reg_alpha': 0.005619098451841128, 'reg_lambda': 0.43786537766341654}. Best is trial 715 with value: 0.9377859576434285.
Trial 3534 finished with value: 0.05593851040113421 and parameters: {'max_depth': 1, 'min_child_weight': 2, 'gamma': 0.5107477437016537, 'subsample': 0.3384032381427111, 'colsample_bytree': 0.2660202452030266, 'learning_rate': 0.7631524292124731, 'reg_alpha': 0.49598525581761277, 'reg_lambda': 0.3745855178574415}. Best is trial 715 with value: 0.9377859576434285.
Trial 3526 finished with value: 0.08509721432309345 and parameters: {'max_depth': 10, 'min_child_weight': 2, 'gamma': 0.3828494441212533, 'subsample': 0.999042865264522, 'colsample_bytree': 0.015430590936151067, 'learning_rate': 0.01679479092603653, 'reg_alpha': 0.26560603836189156, 'reg_lambda': 7.40712933789904}. Best is trial 715 with value: 0.9377859576434285.
Trial 3537 finished with value: 0.07501258923358708 and parameters: {'max_depth': 1, 'min_child_weight': 3, 'gamma': 0.8446777039178704, 'subsample': 0.2251477387134977, 'colsample_bytree': 0.7025989653328689, 'learning_rate': 0.3161080588085372, 'reg_alpha': 3.376520235474111, 'reg_lambda': 0.00047461591794360476}. Best is trial 715 with value: 0.9377859576434285.
Trial 3521 finished with value: 0.791765658930413 and parameters: {'max_depth': 5, 'min_child_weight': 1, 'gamma': 0.8245205043327706, 'subsample': 0.8744721818215749, 'colsample_bytree': 0.21781978867044305, 'learning_rate': 0.737401169619205, 'reg_alpha': 0.0024580388792075623, 'reg_lambda': 0.09897637875260533}. Best is trial 715 with value: 0.9377859576434285.
Trial 3532 finished with value: 0.5805330760365073 and parameters: {'max_depth': 3, 'min_child_weight': 5, 'gamma': 0.7156902112340736, 'subsample': 0.9433510494870752, 'colsample_bytree': 0.9231166166474398, 'learning_rate': 0.041889899681873066, 'reg_alpha': 8.691185548112554, 'reg_lambda': 0.03779519300973909}. Best is trial 715 with value: 0.9377859576434285.
Trial 3518 finished with value: 0.788908437297057 and parameters: {'max_depth': 6, 'min_child_weight': 1, 'gamma': 0.6353640771736085, 'subsample': 0.539862098698193, 'colsample_bytree': 0.23245239535904338, 'learning_rate': 0.3786603563886325, 'reg_alpha': 0.023592259644429032, 'reg_lambda': 0.15296265144741333}. Best is trial 715 with value: 0.9377859576434285.
Trial 3535 finished with value: -333827268457305.44 and parameters: {'max_depth': 3, 'min_child_weight': 2, 'gamma': 0.8130726280055662, 'subsample': 0.041269342938265896, 'colsample_bytree': 0.678474997065104, 'learning_rate': 0.7567458431475416, 'reg_alpha': 0.00032596805795351264, 'reg_lambda': 0.2276320628290538}. Best is trial 715 with value: 0.9377859576434285.
Trial 3514 finished with value: 0.8391532605677892 and parameters: {'max_depth': 7, 'min_child_weight': 3, 'gamma': 0.37805043161773155, 'subsample': 0.3768960729271742, 'colsample_bytree': 0.6573779553735676, 'learning_rate': 0.14773493068276788, 'reg_alpha': 0.03827037996434696, 'reg_lambda': 2.838813388671416}. Best is trial 715 with value: 0.9377859576434285.
Trial 3503 finished with value: 0.8983658330333664 and parameters: {'max_depth': 10, 'min_child_weight': 1, 'gamma': 0.4139118654376973, 'subsample': 0.397605666237964, 'colsample_bytree': 0.4627921851383161, 'learning_rate': 0.25580923726529925, 'reg_alpha': 0.019721404310529066, 'reg_lambda': 0.00019914021646943292}. Best is trial 715 with value: 0.9377859576434285.
Trial 3531 finished with value: 0.54887561929855 and parameters: {'max_depth': 4, 'min_child_weight': 3, 'gamma': 0.2777104626805792, 'subsample': 0.3165630052927656, 'colsample_bytree': 0.7706413939225045, 'learning_rate': 0.5786309490054427, 'reg_alpha': 0.00020387892131213634, 'reg_lambda': 0.48532991578514073}. Best is trial 715 with value: 0.9377859576434285.
Trial 3546 finished with value: 0.07321855785573111 and parameters: {'max_depth': 1, 'min_child_weight': 3, 'gamma': 0.2856133603553249, 'subsample': 0.6320132418828562, 'colsample_bytree': 0.3963927801562924, 'learning_rate': 0.5778326927676942, 'reg_alpha': 0.6880093625441602, 'reg_lambda': 0.03688415976138701}. Best is trial 715 with value: 0.9377859576434285.
Trial 3520 finished with value: 0.8060328559126188 and parameters: {'max_depth': 6, 'min_child_weight': 1, 'gamma': 0.021643723928464143, 'subsample': 0.4493436395656386, 'colsample_bytree': 0.37909806701091187, 'learning_rate': 0.46037747542924234, 'reg_alpha': 0.0008479264895820827, 'reg_lambda': 0.001684571968697954}. Best is trial 715 with value: 0.9377859576434285.
Trial 3529 finished with value: -6.471933252366535 and parameters: {'max_depth': 7, 'min_child_weight': 2, 'gamma': 0.2643040603401785, 'subsample': 0.21228605397372713, 'colsample_bytree': 0.14202331075151609, 'learning_rate': 0.9834985249120687, 'reg_alpha': 6.34554528252788, 'reg_lambda': 1.0233277398206349}. Best is trial 715 with value: 0.9377859576434285.
Trial 3551 finished with value: 0.03492819088230198 and parameters: {'max_depth': 1, 'min_child_weight': 1, 'gamma': 0.35421441366700734, 'subsample': 0.3974672222121364, 'colsample_bytree': 0.8893649986153244, 'learning_rate': 0.6505506761379722, 'reg_alpha': 0.49327482248181614, 'reg_lambda': 0.1476391021988683}. Best is trial 715 with value: 0.9377859576434285.
Trial 3539 finished with value: 0.614118194471163 and parameters: {'max_depth': 4, 'min_child_weight': 5, 'gamma': 0.9874908818565413, 'subsample': 0.5783021803635879, 'colsample_bytree': 0.20659382355041833, 'learning_rate': 0.42122399299527535, 'reg_alpha': 0.8727762788831392, 'reg_lambda': 0.00010861491670477918}. Best is trial 715 with value: 0.9377859576434285.
Trial 3524 finished with value: 0.8172659255145204 and parameters: {'max_depth': 8, 'min_child_weight': 4, 'gamma': 0.353844141085646, 'subsample': 0.8707573478118757, 'colsample_bytree': 0.19027856205257443, 'learning_rate': 0.8130015217727374, 'reg_alpha': 0.0006064582038023671, 'reg_lambda': 0.11080774006984205}. Best is trial 715 with value: 0.9377859576434285.
Trial 3536 finished with value: 0.6965976906800114 and parameters: {'max_depth': 4, 'min_child_weight': 2, 'gamma': 0.11521448748560748, 'subsample': 0.3719275549207116, 'colsample_bytree': 0.5482925255467181, 'learning_rate': 0.2356197583351758, 'reg_alpha': 0.9406901422302557, 'reg_lambda': 0.0002139155455277356}. Best is trial 715 with value: 0.9377859576434285.
Trial 3513 finished with value: 0.9058389366396442 and parameters: {'max_depth': 7, 'min_child_weight': 1, 'gamma': 0.7098956800844217, 'subsample': 0.9097742345745309, 'colsample_bytree': 0.7274210708354681, 'learning_rate': 0.8949375301719659, 'reg_alpha': 0.0002789554788118521, 'reg_lambda': 0.5679724798916451}. Best is trial 715 with value: 0.9377859576434285.
Trial 3542 finished with value: 0.7096198936029268 and parameters: {'max_depth': 4, 'min_child_weight': 3, 'gamma': 0.6102686653065972, 'subsample': 0.6310121879050378, 'colsample_bytree': 0.3120522280431356, 'learning_rate': 0.7381458066696313, 'reg_alpha': 0.5181158147349417, 'reg_lambda': 0.24243498584020454}. Best is trial 715 with value: 0.9377859576434285.
Trial 3540 finished with value: 0.7728395137862074 and parameters: {'max_depth': 4, 'min_child_weight': 1, 'gamma': 0.23503501327102572, 'subsample': 0.8185348295848675, 'colsample_bytree': 0.44471812708041536, 'learning_rate': 0.9497873915824129, 'reg_alpha': 0.1617566050430882, 'reg_lambda': 0.003977823411165626}. Best is trial 715 with value: 0.9377859576434285.
Trial 3528 finished with value: 0.8432947699194208 and parameters: {'max_depth': 6, 'min_child_weight': 2, 'gamma': 0.18949644467917093, 'subsample': 0.45051143144474304, 'colsample_bytree': 0.583855517175865, 'learning_rate': 0.09749903739356391, 'reg_alpha': 0.0034346014691067914, 'reg_lambda': 0.08000988636874717}. Best is trial 715 with value: 0.9377859576434285.
Trial 3522 finished with value: 0.8534870090911941 and parameters: {'max_depth': 8, 'min_child_weight': 5, 'gamma': 0.5527228867924823, 'subsample': 0.8023873834820593, 'colsample_bytree': 0.49864207884427114, 'learning_rate': 0.7357217666340243, 'reg_alpha': 0.00012516586429594923, 'reg_lambda': 5.137213182665103}. Best is trial 715 with value: 0.9377859576434285.
Trial 3548 finished with value: 0.6973272305465357 and parameters: {'max_depth': 3, 'min_child_weight': 1, 'gamma': 0.7177951234201414, 'subsample': 0.5258482694152785, 'colsample_bytree': 0.7559813532955936, 'learning_rate': 0.44945727943646485, 'reg_alpha': 0.0007567053487391208, 'reg_lambda': 3.0097990157254713}. Best is trial 715 with value: 0.9377859576434285.
Trial 3544 finished with value: -9.220429085719827 and parameters: {'max_depth': 4, 'min_child_weight': 2, 'gamma': 0.21640696622274058, 'subsample': 0.1343044512739282, 'colsample_bytree': 0.661860979653772, 'learning_rate': 0.5300126090709607, 'reg_alpha': 0.012381000601815975, 'reg_lambda': 0.2834803506914261}. Best is trial 715 with value: 0.9377859576434285.
Trial 3550 finished with value: -72467359337213.12 and parameters: {'max_depth': 3, 'min_child_weight': 3, 'gamma': 0.8817703470855603, 'subsample': 0.03329314258800797, 'colsample_bytree': 0.7456292511277056, 'learning_rate': 0.8490889581281003, 'reg_alpha': 0.0019918962230133, 'reg_lambda': 0.004087490817149383}. Best is trial 715 with value: 0.9377859576434285.
