Trial 2323 finished with value: -0.7290139969748971 and parameters: {'max_depth': 10, 'min_child_weight': 5, 'gamma': 0.7023487865320358, 'subsample': 0.030678530465793497, 'colsample_bytree': 0.3066803621863191, 'learning_rate': 0.45216098606849153, 'reg_alpha': 0.0005303448560282624, 'reg_lambda': 0.05911477730208608}. Best is trial 715 with value: 0.9377859576434285.
Trial 2326 finished with value: 0.08513226481159149 and parameters: {'max_depth': 1, 'min_child_weight': 3, 'gamma': 0.3417490812431174, 'subsample': 0.5959594087830692, 'colsample_bytree': 0.2894874749928441, 'learning_rate': 0.4233557929163464, 'reg_alpha': 0.16503829671032144, 'reg_lambda': 0.00036957659249529554}. Best is trial 715 with value: 0.9377859576434285.
Trial 2321 finished with value: 0.21972904098392163 and parameters: {'max_depth': 2, 'min_child_weight': 4, 'gamma': 0.7433227496280373, 'subsample': 0.30109086070252833, 'colsample_bytree': 0.7837379646198721, 'learning_rate': 0.6953987496123889, 'reg_alpha': 0.12745114339776176, 'reg_lambda': 0.01741241939258541}. Best is trial 715 with value: 0.9377859576434285.
Trial 2317 finished with value: -1.9129355522451687e+24 and parameters: {'max_depth': 3, 'min_child_weight': 3, 'gamma': 0.16734694524405025, 'subsample': 0.048694947381178744, 'colsample_bytree': 0.9330892172233074, 'learning_rate': 0.9306872591097249, 'reg_alpha': 0.33372465418850533, 'reg_lambda': 0.0007168730152820917}. Best is trial 715 with value: 0.9377859576434285.
Trial 2274 finished with value: 0.8977235332735694 and parameters: {'max_depth': 9, 'min_child_weight': 2, 'gamma': 0.23704365454883147, 'subsample': 0.7242503096870945, 'colsample_bytree': 0.8767838605163533, 'learning_rate': 0.009798659020336609, 'reg_alpha': 0.0021888976583201536, 'reg_lambda': 0.00029610457940716824}. Best is trial 715 with value: 0.9377859576434285.
Trial 2308 finished with value: 0.7638936641876097 and parameters: {'max_depth': 6, 'min_child_weight': 1, 'gamma': 0.03333505129858372, 'subsample': 0.3480100829308743, 'colsample_bytree': 0.26357804056712664, 'learning_rate': 0.1937939502275985, 'reg_alpha': 0.0006129822242450951, 'reg_lambda': 0.0007295640788178946}. Best is trial 715 with value: 0.9377859576434285.
Trial 2312 finished with value: 0.4225921188204281 and parameters: {'max_depth': 5, 'min_child_weight': 1, 'gamma': 0.07486680199156859, 'subsample': 0.39934425829612297, 'colsample_bytree': 0.1841149434618009, 'learning_rate': 0.7119448737726845, 'reg_alpha': 4.35090582123102, 'reg_lambda': 0.0011443167973146451}. Best is trial 715 with value: 0.9377859576434285.
Trial 2304 finished with value: 0.8912600466755167 and parameters: {'max_depth': 9, 'min_child_weight': 5, 'gamma': 0.1677625514962554, 'subsample': 0.9096342450087377, 'colsample_bytree': 0.39539614284116764, 'learning_rate': 0.9026483817591034, 'reg_alpha': 1.382832123710319, 'reg_lambda': 0.0037209946136030968}. Best is trial 715 with value: 0.9377859576434285.
Trial 2324 finished with value: -23.245000238062588 and parameters: {'max_depth': 3, 'min_child_weight': 1, 'gamma': 0.3201291328409265, 'subsample': 0.19000344942582037, 'colsample_bytree': 0.2542465438934458, 'learning_rate': 0.8440434165481846, 'reg_alpha': 0.018784454593438984, 'reg_lambda': 0.4394310234552955}. Best is trial 715 with value: 0.9377859576434285.
Trial 2332 finished with value: 0.0829575481602338 and parameters: {'max_depth': 1, 'min_child_weight': 4, 'gamma': 0.7338093083780103, 'subsample': 0.30500757296246694, 'colsample_bytree': 0.887429252503078, 'learning_rate': 0.6985393406406829, 'reg_alpha': 0.0022205906611628278, 'reg_lambda': 2.3490440260828893}. Best is trial 715 with value: 0.9377859576434285.
Trial 2315 finished with value: 0.7558029440504016 and parameters: {'max_depth': 4, 'min_child_weight': 3, 'gamma': 0.6820488229496238, 'subsample': 0.5911947186113744, 'colsample_bytree': 0.79312789828559, 'learning_rate': 0.7630990938489212, 'reg_alpha': 0.016278044872210802, 'reg_lambda': 0.0003152837233789327}. Best is trial 715 with value: 0.9377859576434285.
Trial 2327 finished with value: 0.569076839538677 and parameters: {'max_depth': 3, 'min_child_weight': 4, 'gamma': 0.18591038833186024, 'subsample': 0.8561491653102792, 'colsample_bytree': 0.18748207937327788, 'learning_rate': 0.6361233875990763, 'reg_alpha': 0.00036251757057037965, 'reg_lambda': 0.0161380635741232}. Best is trial 715 with value: 0.9377859576434285.
Trial 2316 finished with value: 0.43367859542315956 and parameters: {'max_depth': 5, 'min_child_weight': 4, 'gamma': 0.48540917970822994, 'subsample': 0.2887520454685357, 'colsample_bytree': 0.17551665528504745, 'learning_rate': 0.5913082663915175, 'reg_alpha': 0.00035623757454550717, 'reg_lambda': 1.560105582732502}. Best is trial 715 with value: 0.9377859576434285.
Trial 2300 finished with value: 0.8593837430328687 and parameters: {'max_depth': 8, 'min_child_weight': 2, 'gamma': 0.3059036861301516, 'subsample': 0.5112346569022534, 'colsample_bytree': 0.41667851487159246, 'learning_rate': 0.4462800482512638, 'reg_alpha': 0.0007690694303658333, 'reg_lambda': 0.035030386367042136}. Best is trial 715 with value: 0.9377859576434285.
Trial 2302 finished with value: 0.8725304177766051 and parameters: {'max_depth': 9, 'min_child_weight': 5, 'gamma': 0.4739680858661305, 'subsample': 0.8459396972385578, 'colsample_bytree': 0.41891470306018885, 'learning_rate': 0.8438204248533685, 'reg_alpha': 0.00016786575032893834, 'reg_lambda': 2.141503880621943}. Best is trial 715 with value: 0.9377859576434285.
Trial 2322 finished with value: 0.44773246791994026 and parameters: {'max_depth': 6, 'min_child_weight': 5, 'gamma': 0.7079383762721503, 'subsample': 0.621110081558759, 'colsample_bytree': 0.12752990776361728, 'learning_rate': 0.029685825758175577, 'reg_alpha': 0.07811256432626962, 'reg_lambda': 0.0006211442453279939}. Best is trial 715 with value: 0.9377859576434285.
Trial 2320 finished with value: 0.8834354447405769 and parameters: {'max_depth': 5, 'min_child_weight': 3, 'gamma': 0.9924491949714723, 'subsample': 0.9324357056509863, 'colsample_bytree': 0.6228442592993608, 'learning_rate': 0.785805570213404, 'reg_alpha': 1.6597073011582348, 'reg_lambda': 0.003988066171490403}. Best is trial 715 with value: 0.9377859576434285.
Trial 2309 finished with value: 0.7461106229640594 and parameters: {'max_depth': 10, 'min_child_weight': 5, 'gamma': 0.20662985459684124, 'subsample': 0.40873071490569124, 'colsample_bytree': 0.508180401327586, 'learning_rate': 0.4998831025087761, 'reg_alpha': 0.0771551341086665, 'reg_lambda': 0.11574461609677757}. Best is trial 715 with value: 0.9377859576434285.
Trial 2328 finished with value: 0.659481829786253 and parameters: {'max_depth': 4, 'min_child_weight': 1, 'gamma': 0.0658998630862051, 'subsample': 0.3409916717488929, 'colsample_bytree': 0.6493055055355637, 'learning_rate': 0.4308209856418058, 'reg_alpha': 0.23113442031494827, 'reg_lambda': 0.001565710082927208}. Best is trial 715 with value: 0.9377859576434285.
Trial 2313 finished with value: 0.8888601424956778 and parameters: {'max_depth': 10, 'min_child_weight': 5, 'gamma': 0.800362567258715, 'subsample': 0.9595041400412992, 'colsample_bytree': 0.32527208506225813, 'learning_rate': 0.9844165286206634, 'reg_alpha': 0.39884297735148044, 'reg_lambda': 2.332767966004476}. Best is trial 715 with value: 0.9377859576434285.
Trial 2311 finished with value: 0.8668710183262716 and parameters: {'max_depth': 8, 'min_child_weight': 4, 'gamma': 0.44084062161686444, 'subsample': 0.7644653413244203, 'colsample_bytree': 0.7328827117086055, 'learning_rate': 0.962535731344974, 'reg_alpha': 0.3540452052498755, 'reg_lambda': 0.00441599884716964}. Best is trial 715 with value: 0.9377859576434285.
Trial 2337 finished with value: 0.5020657055216886 and parameters: {'max_depth': 4, 'min_child_weight': 4, 'gamma': 0.121922656002872, 'subsample': 0.33835162279760556, 'colsample_bytree': 0.5184305197937772, 'learning_rate': 0.6453490720114557, 'reg_alpha': 0.005148785484580086, 'reg_lambda': 0.4454765996732305}. Best is trial 715 with value: 0.9377859576434285.
Trial 2342 finished with value: 0.49607126881919433 and parameters: {'max_depth': 3, 'min_child_weight': 3, 'gamma': 0.7819329171129901, 'subsample': 0.2188040724952015, 'colsample_bytree': 0.7106556361637026, 'learning_rate': 0.26569156879726075, 'reg_alpha': 1.8503914073608632, 'reg_lambda': 0.166979352943895}. Best is trial 715 with value: 0.9377859576434285.
Trial 2333 finished with value: 0.8825659469680929 and parameters: {'max_depth': 5, 'min_child_weight': 2, 'gamma': 0.35498002378718574, 'subsample': 0.6242579200372973, 'colsample_bytree': 0.6426901436695349, 'learning_rate': 0.3383353067250312, 'reg_alpha': 0.0043223327454016205, 'reg_lambda': 0.3964707026191963}. Best is trial 715 with value: 0.9377859576434285.
Trial 2335 finished with value: 0.7766921652107152 and parameters: {'max_depth': 5, 'min_child_weight': 3, 'gamma': 0.11193679585632599, 'subsample': 0.5699570480124565, 'colsample_bytree': 0.36375897579306116, 'learning_rate': 0.2513035583775025, 'reg_alpha': 0.0010878161118990331, 'reg_lambda': 0.0052263398012042635}. Best is trial 715 with value: 0.9377859576434285.
Trial 2348 finished with value: 0.44784249561644807 and parameters: {'max_depth': 2, 'min_child_weight': 2, 'gamma': 0.2998589901352975, 'subsample': 0.8713360990050443, 'colsample_bytree': 0.25098847994621565, 'learning_rate': 0.7914226953422174, 'reg_alpha': 0.23333380132574097, 'reg_lambda': 0.005052575042490678}. Best is trial 715 with value: 0.9377859576434285.
Trial 2331 finished with value: 0.17743250457578544 and parameters: {'max_depth': 6, 'min_child_weight': 3, 'gamma': 0.6266882717843761, 'subsample': 0.34716823817830744, 'colsample_bytree': 0.4546217959202098, 'learning_rate': 0.6869141310873955, 'reg_alpha': 0.012254815277913117, 'reg_lambda': 0.017561689475388328}. Best is trial 715 with value: 0.9377859576434285.
Trial 2350 finished with value: -0.06255319624024179 and parameters: {'max_depth': 1, 'min_child_weight': 2, 'gamma': 0.2361824164568458, 'subsample': 0.2152364664814691, 'colsample_bytree': 0.04227596364949482, 'learning_rate': 0.8600132533850113, 'reg_alpha': 0.19461745939339814, 'reg_lambda': 0.00011536257553444825}. Best is trial 715 with value: 0.9377859576434285.
Trial 2314 finished with value: 0.8962037781145827 and parameters: {'max_depth': 10, 'min_child_weight': 3, 'gamma': 0.2831702444368116, 'subsample': 0.3695176942805668, 'colsample_bytree': 0.864799178419274, 'learning_rate': 0.3578935165139192, 'reg_alpha': 0.17013581688965487, 'reg_lambda': 0.12073918734511707}. Best is trial 715 with value: 0.9377859576434285.
Trial 2343 finished with value: 0.208838528905384 and parameters: {'max_depth': 10, 'min_child_weight': 1, 'gamma': 0.7084179082849206, 'subsample': 0.050775726352525474, 'colsample_bytree': 0.7597126409248254, 'learning_rate': 0.3004365627362815, 'reg_alpha': 0.02537308601252963, 'reg_lambda': 3.0900807058028916}. Best is trial 715 with value: 0.9377859576434285.
Trial 2346 finished with value: 0.01695633509208603 and parameters: {'max_depth': 6, 'min_child_weight': 2, 'gamma': 0.11095008599569944, 'subsample': 0.5004307276534415, 'colsample_bytree': 0.08841419619554935, 'learning_rate': 0.6861911857333169, 'reg_alpha': 4.888838244431028, 'reg_lambda': 0.007609357954116942}. Best is trial 715 with value: 0.9377859576434285.
Trial 2318 finished with value: -0.17207273122876646 and parameters: {'max_depth': 8, 'min_child_weight': 1, 'gamma': 0.320007245470482, 'subsample': 0.3804840238223848, 'colsample_bytree': 0.6211746650949747, 'learning_rate': 0.7544351490433698, 'reg_alpha': 0.011069228799939077, 'reg_lambda': 0.059482286693152316}. Best is trial 715 with value: 0.9377859576434285.
Trial 2325 finished with value: 0.9196230044453118 and parameters: {'max_depth': 7, 'min_child_weight': 4, 'gamma': 0.8163477488626701, 'subsample': 0.801046568149155, 'colsample_bytree': 0.8168983427900679, 'learning_rate': 0.4932973415777474, 'reg_alpha': 0.010385735573521898, 'reg_lambda': 0.00011579072011436811}. Best is trial 715 with value: 0.9377859576434285.
Trial 2338 finished with value: -16662658943.114622 and parameters: {'max_depth': 6, 'min_child_weight': 2, 'gamma': 0.22321764673822275, 'subsample': 0.1696253888367033, 'colsample_bytree': 0.419556095040183, 'learning_rate': 0.792163127575462, 'reg_alpha': 0.00941975479221334, 'reg_lambda': 0.003062084646349551}. Best is trial 715 with value: 0.9377859576434285.
Trial 2319 finished with value: 0.932229971396135 and parameters: {'max_depth': 9, 'min_child_weight': 2, 'gamma': 0.7554502883060827, 'subsample': 0.9294443198846712, 'colsample_bytree': 0.4648313558479542, 'learning_rate': 0.5374908030530037, 'reg_alpha': 0.0038315112228361078, 'reg_lambda': 0.0033790067693560306}. Best is trial 715 with value: 0.9377859576434285.
Trial 2341 finished with value: 0.8085235826495256 and parameters: {'max_depth': 6, 'min_child_weight': 5, 'gamma': 0.7441026201496084, 'subsample': 0.9110535363706467, 'colsample_bytree': 0.27344015452164094, 'learning_rate': 0.4037197925004533, 'reg_alpha': 0.0001236326742048642, 'reg_lambda': 0.016984518832911955}. Best is trial 715 with value: 0.9377859576434285.
Trial 2339 finished with value: 0.47251353967027865 and parameters: {'max_depth': 9, 'min_child_weight': 2, 'gamma': 0.02115397636419103, 'subsample': 0.31395267551166073, 'colsample_bytree': 0.20711310899923596, 'learning_rate': 0.6921166224505504, 'reg_alpha': 0.0004988310778906087, 'reg_lambda': 0.7928946746460965}. Best is trial 715 with value: 0.9377859576434285.
Trial 2354 finished with value: 0.35559295976015776 and parameters: {'max_depth': 2, 'min_child_weight': 5, 'gamma': 0.17986797810688548, 'subsample': 0.10661320814658126, 'colsample_bytree': 0.8167371411929244, 'learning_rate': 0.08929415773042215, 'reg_alpha': 0.006899214056146587, 'reg_lambda': 0.004391364712179551}. Best is trial 715 with value: 0.9377859576434285.
Trial 2334 finished with value: 0.9055347637799543 and parameters: {'max_depth': 10, 'min_child_weight': 4, 'gamma': 0.3433151433351842, 'subsample': 0.6492420688063183, 'colsample_bytree': 0.6500138413249112, 'learning_rate': 0.37929639266607906, 'reg_alpha': 2.4107757696229015, 'reg_lambda': 0.7252295701126081}. Best is trial 715 with value: 0.9377859576434285.
Trial 2344 finished with value: 0.41071182731633693 and parameters: {'max_depth': 8, 'min_child_weight': 5, 'gamma': 0.5225699411541236, 'subsample': 0.2487273000707011, 'colsample_bytree': 0.6891747929300935, 'learning_rate': 0.6041067110706339, 'reg_alpha': 0.5896998218748555, 'reg_lambda': 1.035777575132923}. Best is trial 715 with value: 0.9377859576434285.
Trial 2356 finished with value: 0.48930159825025804 and parameters: {'max_depth': 2, 'min_child_weight': 5, 'gamma': 0.6904386380034869, 'subsample': 0.9923610567065712, 'colsample_bytree': 0.7484763718899331, 'learning_rate': 0.9430567246811236, 'reg_alpha': 0.7392100486819085, 'reg_lambda': 0.0035610256381723502}. Best is trial 715 with value: 0.9377859576434285.
Trial 2345 finished with value: 0.5059230616138802 and parameters: {'max_depth': 8, 'min_child_weight': 5, 'gamma': 0.2733443808032747, 'subsample': 0.31196695284282916, 'colsample_bytree': 0.1715388928770163, 'learning_rate': 0.3437769796995167, 'reg_alpha': 0.002806646251166234, 'reg_lambda': 0.0021439120231486262}. Best is trial 715 with value: 0.9377859576434285.
Trial 2329 finished with value: -4.1129401983612507e+21 and parameters: {'max_depth': 10, 'min_child_weight': 2, 'gamma': 0.48499510440514904, 'subsample': 0.2082206213443406, 'colsample_bytree': 0.7727878146111751, 'learning_rate': 0.8334356002995208, 'reg_alpha': 2.5186914531955287, 'reg_lambda': 0.0004888289987696533}. Best is trial 715 with value: 0.9377859576434285.
Trial 2353 finished with value: 0.6961403341081356 and parameters: {'max_depth': 3, 'min_child_weight': 1, 'gamma': 0.32581624347867777, 'subsample': 0.9588723533961527, 'colsample_bytree': 0.36055350104109973, 'learning_rate': 0.86994376973931, 'reg_alpha': 0.11097773730543875, 'reg_lambda': 0.03438990204989079}. Best is trial 715 with value: 0.9377859576434285.
Trial 2347 finished with value: 0.4494858657262724 and parameters: {'max_depth': 8, 'min_child_weight': 1, 'gamma': 0.8540249484218413, 'subsample': 0.501882567078455, 'colsample_bytree': 0.11088446732995161, 'learning_rate': 0.31224593465251504, 'reg_alpha': 0.001553533009196528, 'reg_lambda': 0.247556501838249}. Best is trial 715 with value: 0.9377859576434285.
Trial 2349 finished with value: 0.7587393697560922 and parameters: {'max_depth': 5, 'min_child_weight': 1, 'gamma': 0.0957918667449773, 'subsample': 0.7819310536654172, 'colsample_bytree': 0.250821027643472, 'learning_rate': 0.16068165198859707, 'reg_alpha': 0.13540855550991274, 'reg_lambda': 0.19233977138387065}. Best is trial 715 with value: 0.9377859576434285.
Trial 2365 finished with value: -1.777937445802468 and parameters: {'max_depth': 6, 'min_child_weight': 3, 'gamma': 0.3612758038770276, 'subsample': 0.019380176032086416, 'colsample_bytree': 0.3238601869149279, 'learning_rate': 0.7132573694498883, 'reg_alpha': 3.1658848448455497, 'reg_lambda': 2.3259986613134296}. Best is trial 715 with value: 0.9377859576434285.
Trial 2360 finished with value: 0.004812306657189536 and parameters: {'max_depth': 7, 'min_child_weight': 1, 'gamma': 0.6480483377079654, 'subsample': 0.38979953733605077, 'colsample_bytree': 0.024907858789744997, 'learning_rate': 0.6789690374888728, 'reg_alpha': 0.0663901126919241, 'reg_lambda': 0.013706524774459333}. Best is trial 715 with value: 0.9377859576434285.
Trial 2355 finished with value: 0.6571236329301251 and parameters: {'max_depth': 4, 'min_child_weight': 4, 'gamma': 0.7382037827773006, 'subsample': 0.3642290951467777, 'colsample_bytree': 0.7910936333776415, 'learning_rate': 0.048116719675724506, 'reg_alpha': 3.2429280398098532, 'reg_lambda': 0.31991285999552477}. Best is trial 715 with value: 0.9377859576434285.
Trial 2330 finished with value: 0.9145573509555759 and parameters: {'max_depth': 9, 'min_child_weight': 2, 'gamma': 0.1460573201492028, 'subsample': 0.6592325395815842, 'colsample_bytree': 0.6672748925166121, 'learning_rate': 0.5467899612057485, 'reg_alpha': 0.0006221739752954389, 'reg_lambda': 0.07494697769137827}. Best is trial 715 with value: 0.9377859576434285.
Trial 2357 finished with value: 0.45171583293457235 and parameters: {'max_depth': 6, 'min_child_weight': 5, 'gamma': 0.3872931025580866, 'subsample': 0.1477115424282237, 'colsample_bytree': 0.30375753670387595, 'learning_rate': 0.07647879312699768, 'reg_alpha': 0.0028330792183815044, 'reg_lambda': 0.0011460711348133695}. Best is trial 715 with value: 0.9377859576434285.
Trial 2361 finished with value: 0.8738846216142048 and parameters: {'max_depth': 4, 'min_child_weight': 5, 'gamma': 0.11943841485513274, 'subsample': 0.9702729473997751, 'colsample_bytree': 0.8545689462859539, 'learning_rate': 0.8599667890865726, 'reg_alpha': 0.0002681431969921062, 'reg_lambda': 0.06061914960956373}. Best is trial 715 with value: 0.9377859576434285.
Trial 2362 finished with value: 0.007678851982583989 and parameters: {'max_depth': 10, 'min_child_weight': 3, 'gamma': 0.05589644875415023, 'subsample': 0.6030193138204061, 'colsample_bytree': 0.05835393262901256, 'learning_rate': 0.867455679251408, 'reg_alpha': 0.15990914910989754, 'reg_lambda': 0.5045088098084527}. Best is trial 715 with value: 0.9377859576434285.
Trial 2376 finished with value: -3.5307810407720646 and parameters: {'max_depth': 1, 'min_child_weight': 4, 'gamma': 0.055345792839132324, 'subsample': 0.00647947747657851, 'colsample_bytree': 0.8517964752741407, 'learning_rate': 0.6947009816164046, 'reg_alpha': 0.011324683196674743, 'reg_lambda': 0.00016133344517324692}. Best is trial 715 with value: 0.9377859576434285.
Trial 2371 finished with value: 0.6217642463779466 and parameters: {'max_depth': 3, 'min_child_weight': 5, 'gamma': 0.22061494701875428, 'subsample': 0.8055856165859763, 'colsample_bytree': 0.24425666533317647, 'learning_rate': 0.9380137015320811, 'reg_alpha': 1.9799109755849664, 'reg_lambda': 0.0021238713609124113}. Best is trial 715 with value: 0.9377859576434285.
Trial 2340 finished with value: 0.9014072155086335 and parameters: {'max_depth': 9, 'min_child_weight': 5, 'gamma': 0.7339200309582966, 'subsample': 0.9292607492919318, 'colsample_bytree': 0.8775462504304608, 'learning_rate': 0.687903166184933, 'reg_alpha': 0.08808678235232767, 'reg_lambda': 0.002407093181200073}. Best is trial 715 with value: 0.9377859576434285.
Trial 2378 finished with value: 0.05249812016553568 and parameters: {'max_depth': 1, 'min_child_weight': 2, 'gamma': 0.3051422111958284, 'subsample': 0.35675671249763663, 'colsample_bytree': 0.5962361417137386, 'learning_rate': 0.5996315829301399, 'reg_alpha': 0.011410768598192829, 'reg_lambda': 4.821017251201543}. Best is trial 715 with value: 0.9377859576434285.
Trial 2381 finished with value: 0.07940267830264519 and parameters: {'max_depth': 1, 'min_child_weight': 3, 'gamma': 0.6189162592168679, 'subsample': 0.33315375552783744, 'colsample_bytree': 0.5061433465362783, 'learning_rate': 0.13802369449188068, 'reg_alpha': 0.49528654038416664, 'reg_lambda': 2.0116221672758203}. Best is trial 715 with value: 0.9377859576434285.
Trial 2372 finished with value: 0.37164075455379836 and parameters: {'max_depth': 10, 'min_child_weight': 5, 'gamma': 0.44484191499256, 'subsample': 0.1090698360386394, 'colsample_bytree': 0.43500142684567666, 'learning_rate': 0.053611495536006415, 'reg_alpha': 0.006447883885516974, 'reg_lambda': 2.7795374086797833}. Best is trial 715 with value: 0.9377859576434285.
