Trial 2839 finished with value: 0.08007607026867708 and parameters: {'max_depth': 8, 'min_child_weight': 2, 'gamma': 0.26251225621724084, 'subsample': 0.7811251480486378, 'colsample_bytree': 0.07494843013821628, 'learning_rate': 0.25980063295982314, 'reg_alpha': 1.3031329560355465, 'reg_lambda': 0.0018303644795097794}. Best is trial 715 with value: 0.9377859576434285.
Trial 2837 finished with value: 0.6093127056154239 and parameters: {'max_depth': 4, 'min_child_weight': 3, 'gamma': 0.9782686617468855, 'subsample': 0.5597367417345716, 'colsample_bytree': 0.46568696301202606, 'learning_rate': 0.025423169767862186, 'reg_alpha': 0.0017858697776855794, 'reg_lambda': 0.012332505124836175}. Best is trial 715 with value: 0.9377859576434285.
Trial 2815 finished with value: 0.9190692306744831 and parameters: {'max_depth': 7, 'min_child_weight': 5, 'gamma': 0.3083057881993302, 'subsample': 0.9937465839500494, 'colsample_bytree': 0.9551236475627976, 'learning_rate': 0.8675115393097743, 'reg_alpha': 0.0006144846023088965, 'reg_lambda': 0.33007060349579354}. Best is trial 715 with value: 0.9377859576434285.
Trial 2797 finished with value: 0.8930369076584787 and parameters: {'max_depth': 10, 'min_child_weight': 1, 'gamma': 0.8600582130121631, 'subsample': 0.6551857746361918, 'colsample_bytree': 0.9630995865231445, 'learning_rate': 0.6041749898443546, 'reg_alpha': 0.016493778533615555, 'reg_lambda': 0.29150653818662436}. Best is trial 715 with value: 0.9377859576434285.
Trial 2840 finished with value: 0.41840465542603106 and parameters: {'max_depth': 9, 'min_child_weight': 3, 'gamma': 0.33322970243854033, 'subsample': 0.22335596616659437, 'colsample_bytree': 0.2773287649698736, 'learning_rate': 0.8983217930233215, 'reg_alpha': 5.249133287190889, 'reg_lambda': 9.782727180370735}. Best is trial 715 with value: 0.9377859576434285.
Trial 2845 finished with value: 0.18807487696464228 and parameters: {'max_depth': 6, 'min_child_weight': 1, 'gamma': 0.9318753149091328, 'subsample': 0.26805351289781665, 'colsample_bytree': 0.1294805524439374, 'learning_rate': 0.49873988569034355, 'reg_alpha': 0.2025633693476448, 'reg_lambda': 0.0019870879822204953}. Best is trial 715 with value: 0.9377859576434285.
Trial 2854 finished with value: -0.3164686374191043 and parameters: {'max_depth': 3, 'min_child_weight': 4, 'gamma': 0.9055584470165489, 'subsample': 0.12443524650629745, 'colsample_bytree': 0.03730715474293611, 'learning_rate': 0.7114896139219317, 'reg_alpha': 0.005533171881925238, 'reg_lambda': 0.6511748841318398}. Best is trial 715 with value: 0.9377859576434285.
Trial 2848 finished with value: 0.6383928493671288 and parameters: {'max_depth': 4, 'min_child_weight': 4, 'gamma': 0.24422764751887294, 'subsample': 0.47724400719036075, 'colsample_bytree': 0.28379007458611005, 'learning_rate': 0.5084257312563983, 'reg_alpha': 0.002562245201552743, 'reg_lambda': 0.7607925157593965}. Best is trial 715 with value: 0.9377859576434285.
Trial 2833 finished with value: 0.8678204590622988 and parameters: {'max_depth': 6, 'min_child_weight': 2, 'gamma': 0.5577989181571508, 'subsample': 0.6774729278492747, 'colsample_bytree': 0.6880943796977924, 'learning_rate': 0.9508852012983231, 'reg_alpha': 0.2659339633153583, 'reg_lambda': 1.0448857095764101}. Best is trial 715 with value: 0.9377859576434285.
Trial 2843 finished with value: 0.836025351968202 and parameters: {'max_depth': 5, 'min_child_weight': 5, 'gamma': 0.7165075403816217, 'subsample': 0.5971365788781098, 'colsample_bytree': 0.7688777645529132, 'learning_rate': 0.53826074254751, 'reg_alpha': 4.870405902789566, 'reg_lambda': 0.0016197862492037698}. Best is trial 715 with value: 0.9377859576434285.
Trial 2861 finished with value: 0.47376559206387664 and parameters: {'max_depth': 2, 'min_child_weight': 3, 'gamma': 0.8756930975629326, 'subsample': 0.8319766753618173, 'colsample_bytree': 0.3063500645264171, 'learning_rate': 0.2604432068655177, 'reg_alpha': 4.523944286578229, 'reg_lambda': 0.5009608520552863}. Best is trial 715 with value: 0.9377859576434285.
Trial 2847 finished with value: 0.8099656084551927 and parameters: {'max_depth': 5, 'min_child_weight': 2, 'gamma': 0.5683403014854371, 'subsample': 0.6312811746086417, 'colsample_bytree': 0.4410475596015835, 'learning_rate': 0.43655172210223625, 'reg_alpha': 0.00303290451676818, 'reg_lambda': 0.29072258072293994}. Best is trial 715 with value: 0.9377859576434285.
Trial 2863 finished with value: 0.21521735384926463 and parameters: {'max_depth': 2, 'min_child_weight': 2, 'gamma': 0.7415283784881973, 'subsample': 0.3904210348219125, 'colsample_bytree': 0.9308840086920752, 'learning_rate': 0.938014343315445, 'reg_alpha': 2.6185885865683165, 'reg_lambda': 0.0007453932422722797}. Best is trial 715 with value: 0.9377859576434285.
Trial 2855 finished with value: 0.691945276190864 and parameters: {'max_depth': 4, 'min_child_weight': 5, 'gamma': 0.6631480585094529, 'subsample': 0.8384752144195728, 'colsample_bytree': 0.1922119249017057, 'learning_rate': 0.8660386434158818, 'reg_alpha': 0.07622177476504323, 'reg_lambda': 0.020278461632278144}. Best is trial 715 with value: 0.9377859576434285.
Trial 2835 finished with value: 0.73555187620826 and parameters: {'max_depth': 10, 'min_child_weight': 5, 'gamma': 0.4741212172458198, 'subsample': 0.5275907441270408, 'colsample_bytree': 0.38516178107006216, 'learning_rate': 0.670068085560924, 'reg_alpha': 0.38287161119987384, 'reg_lambda': 0.31828249778730555}. Best is trial 715 with value: 0.9377859576434285.
Trial 2849 finished with value: 0.4854117672718966 and parameters: {'max_depth': 9, 'min_child_weight': 4, 'gamma': 0.5593312483424843, 'subsample': 0.3459724947408188, 'colsample_bytree': 0.15990824806965676, 'learning_rate': 0.5991674181166398, 'reg_alpha': 1.700495832411916, 'reg_lambda': 0.24322859119858606}. Best is trial 715 with value: 0.9377859576434285.
Trial 2862 finished with value: 0.06527128099948849 and parameters: {'max_depth': 5, 'min_child_weight': 3, 'gamma': 0.6498486232558547, 'subsample': 0.54261380948392, 'colsample_bytree': 0.027341748048810954, 'learning_rate': 0.4088776396900834, 'reg_alpha': 9.566737136953058, 'reg_lambda': 0.0007215838504556309}. Best is trial 715 with value: 0.9377859576434285.
Trial 2842 finished with value: 0.7484313932190261 and parameters: {'max_depth': 8, 'min_child_weight': 4, 'gamma': 0.30205708446072776, 'subsample': 0.45022418559889243, 'colsample_bytree': 0.33569314477948275, 'learning_rate': 0.09494375365361618, 'reg_alpha': 0.00012040620331906288, 'reg_lambda': 0.0008363345751004314}. Best is trial 715 with value: 0.9377859576434285.
Trial 2846 finished with value: 0.8857267665422293 and parameters: {'max_depth': 7, 'min_child_weight': 3, 'gamma': 0.2012767942950997, 'subsample': 0.497495637320308, 'colsample_bytree': 0.825341687664253, 'learning_rate': 0.6966592750074047, 'reg_alpha': 3.718271349729462, 'reg_lambda': 5.473093447850991}. Best is trial 715 with value: 0.9377859576434285.
Trial 2859 finished with value: -959.8007252699794 and parameters: {'max_depth': 5, 'min_child_weight': 4, 'gamma': 0.48590902237437805, 'subsample': 0.1442727982233093, 'colsample_bytree': 0.15123789531287146, 'learning_rate': 0.9119150011306736, 'reg_alpha': 4.156431842513003, 'reg_lambda': 0.014362105834957692}. Best is trial 715 with value: 0.9377859576434285.
Trial 2853 finished with value: 0.7990078652616902 and parameters: {'max_depth': 5, 'min_child_weight': 4, 'gamma': 0.7930828643043792, 'subsample': 0.41345077398295726, 'colsample_bytree': 0.7556202784229353, 'learning_rate': 0.37236048018173207, 'reg_alpha': 0.047629772950485774, 'reg_lambda': 0.2558652766918987}. Best is trial 715 with value: 0.9377859576434285.
Trial 2874 finished with value: 0.07788252230668827 and parameters: {'max_depth': 1, 'min_child_weight': 1, 'gamma': 0.3196659893598722, 'subsample': 0.5110967040665764, 'colsample_bytree': 0.21404860332944686, 'learning_rate': 0.15694248854872506, 'reg_alpha': 0.005454701975088026, 'reg_lambda': 9.012778160088056}. Best is trial 715 with value: 0.9377859576434285.
Trial 2864 finished with value: 0.008340622206099213 and parameters: {'max_depth': 8, 'min_child_weight': 2, 'gamma': 0.9675637823832461, 'subsample': 0.505660648498153, 'colsample_bytree': 0.06566754450597301, 'learning_rate': 0.7760037205735825, 'reg_alpha': 4.288604923127682, 'reg_lambda': 0.0006510805928958095}. Best is trial 715 with value: 0.9377859576434285.
Trial 2868 finished with value: -0.7691777683732275 and parameters: {'max_depth': 5, 'min_child_weight': 4, 'gamma': 0.044566636982342644, 'subsample': 0.1132423164529811, 'colsample_bytree': 0.013086055537485874, 'learning_rate': 0.8363566147090372, 'reg_alpha': 3.3047298761480914, 'reg_lambda': 0.10270660069827788}. Best is trial 715 with value: 0.9377859576434285.
Trial 2876 finished with value: 0.056663794525309966 and parameters: {'max_depth': 1, 'min_child_weight': 3, 'gamma': 0.8763270902541958, 'subsample': 0.5973830151641627, 'colsample_bytree': 0.05146393378905523, 'learning_rate': 0.5203863464729418, 'reg_alpha': 0.00018528129252898842, 'reg_lambda': 0.7183927613423512}. Best is trial 715 with value: 0.9377859576434285.
Trial 2869 finished with value: 0.5827631874452915 and parameters: {'max_depth': 3, 'min_child_weight': 2, 'gamma': 0.06961787561332755, 'subsample': 0.7729404426755828, 'colsample_bytree': 0.7679624000797225, 'learning_rate': 0.04543075075029046, 'reg_alpha': 0.005722697748092427, 'reg_lambda': 0.008124768633976341}. Best is trial 715 with value: 0.9377859576434285.
Trial 2873 finished with value: 0.45827118174133435 and parameters: {'max_depth': 2, 'min_child_weight': 5, 'gamma': 0.27482791083202673, 'subsample': 0.5708348061625129, 'colsample_bytree': 0.41829769960824015, 'learning_rate': 0.2995895097917268, 'reg_alpha': 0.00032051570666952477, 'reg_lambda': 1.8665681027852405}. Best is trial 715 with value: 0.9377859576434285.
Trial 2860 finished with value: 0.6610678272120558 and parameters: {'max_depth': 8, 'min_child_weight': 1, 'gamma': 0.5693780942968965, 'subsample': 0.3386484389778821, 'colsample_bytree': 0.21120255900842677, 'learning_rate': 0.5980032401296215, 'reg_alpha': 9.288544526275484, 'reg_lambda': 5.660687039824311}. Best is trial 715 with value: 0.9377859576434285.
Trial 2870 finished with value: 0.5066082352979215 and parameters: {'max_depth': 3, 'min_child_weight': 4, 'gamma': 0.4224548019039892, 'subsample': 0.45945126750928267, 'colsample_bytree': 0.3518857213203048, 'learning_rate': 0.629343302296374, 'reg_alpha': 2.2413129433705326, 'reg_lambda': 0.00766943244012065}. Best is trial 715 with value: 0.9377859576434285.
Trial 2877 finished with value: 0.09496988452141501 and parameters: {'max_depth': 1, 'min_child_weight': 4, 'gamma': 0.6712062525645055, 'subsample': 0.9504972870639027, 'colsample_bytree': 0.7831642438012858, 'learning_rate': 0.4832754886909484, 'reg_alpha': 0.03177053053980368, 'reg_lambda': 0.0007774596546791137}. Best is trial 715 with value: 0.9377859576434285.
Trial 2865 finished with value: 0.6702230082755958 and parameters: {'max_depth': 4, 'min_child_weight': 2, 'gamma': 0.36965946605455324, 'subsample': 0.792155720312608, 'colsample_bytree': 0.21909597969608163, 'learning_rate': 0.8613970220968789, 'reg_alpha': 0.047576586083978155, 'reg_lambda': 0.23956106446893013}. Best is trial 715 with value: 0.9377859576434285.
Trial 2851 finished with value: 0.8229231879771846 and parameters: {'max_depth': 7, 'min_child_weight': 4, 'gamma': 0.899094716580773, 'subsample': 0.37751751455686866, 'colsample_bytree': 0.8139679447806096, 'learning_rate': 0.13267714988640034, 'reg_alpha': 0.02034805084774481, 'reg_lambda': 0.00018652607287495388}. Best is trial 715 with value: 0.9377859576434285.
Trial 2875 finished with value: 0.45956721346557405 and parameters: {'max_depth': 2, 'min_child_weight': 3, 'gamma': 0.7985844066964467, 'subsample': 0.7009827921989769, 'colsample_bytree': 0.6945243822596506, 'learning_rate': 0.41740547436655795, 'reg_alpha': 0.5143427188435881, 'reg_lambda': 0.007805940492849675}. Best is trial 715 with value: 0.9377859576434285.
Trial 2856 finished with value: 0.8991468639820046 and parameters: {'max_depth': 6, 'min_child_weight': 3, 'gamma': 0.7636369878794496, 'subsample': 0.8119867824096312, 'colsample_bytree': 0.8922272352493227, 'learning_rate': 0.19384113702419659, 'reg_alpha': 5.223548967715154, 'reg_lambda': 0.00023909395029393153}. Best is trial 715 with value: 0.9377859576434285.
Trial 2872 finished with value: 0.7240202335357482 and parameters: {'max_depth': 3, 'min_child_weight': 2, 'gamma': 0.2983216054181709, 'subsample': 0.6788116730476624, 'colsample_bytree': 0.8778741016112883, 'learning_rate': 0.8041644138549817, 'reg_alpha': 0.030248437166952163, 'reg_lambda': 3.459477948604012}. Best is trial 715 with value: 0.9377859576434285.
Trial 2850 finished with value: 0.8287845601692843 and parameters: {'max_depth': 9, 'min_child_weight': 5, 'gamma': 0.74685633274095, 'subsample': 0.4688627107070683, 'colsample_bytree': 0.8089031157311266, 'learning_rate': 0.5719115636491497, 'reg_alpha': 0.16494655023314417, 'reg_lambda': 0.08306478149743218}. Best is trial 715 with value: 0.9377859576434285.
Trial 2889 finished with value: 0.060326332055481414 and parameters: {'max_depth': 1, 'min_child_weight': 1, 'gamma': 0.953823632915208, 'subsample': 0.6769211237276347, 'colsample_bytree': 0.07954207736106444, 'learning_rate': 0.5313631706411891, 'reg_alpha': 0.20232177487097036, 'reg_lambda': 0.17010013815786842}. Best is trial 715 with value: 0.9377859576434285.
Trial 2867 finished with value: 0.5714517871714282 and parameters: {'max_depth': 10, 'min_child_weight': 5, 'gamma': 0.16098210229773824, 'subsample': 0.2979866754711932, 'colsample_bytree': 0.18747242865523572, 'learning_rate': 0.3217349972801492, 'reg_alpha': 0.0011114656303942926, 'reg_lambda': 5.655573639137458}. Best is trial 715 with value: 0.9377859576434285.
Trial 2890 finished with value: -0.03963365497007395 and parameters: {'max_depth': 5, 'min_child_weight': 5, 'gamma': 0.4815108902866744, 'subsample': 0.024729505832688625, 'colsample_bytree': 0.5838424696162903, 'learning_rate': 0.126765113290373, 'reg_alpha': 0.35127935989976944, 'reg_lambda': 0.008497904090624613}. Best is trial 715 with value: 0.9377859576434285.
Trial 2838 finished with value: 0.9245602566744385 and parameters: {'max_depth': 10, 'min_child_weight': 3, 'gamma': 0.5630025463098487, 'subsample': 0.726758822236113, 'colsample_bytree': 0.6450407680201946, 'learning_rate': 0.2753874766261617, 'reg_alpha': 0.00831974718305345, 'reg_lambda': 0.014710153680782516}. Best is trial 715 with value: 0.9377859576434285.
Trial 2857 finished with value: 0.8937942740768522 and parameters: {'max_depth': 9, 'min_child_weight': 2, 'gamma': 0.33184244183711964, 'subsample': 0.9452830352515459, 'colsample_bytree': 0.316222197828408, 'learning_rate': 0.9074255273453412, 'reg_alpha': 0.23097309781173264, 'reg_lambda': 0.000877602126618097}. Best is trial 715 with value: 0.9377859576434285.
Trial 2866 finished with value: 0.9042108448933411 and parameters: {'max_depth': 5, 'min_child_weight': 1, 'gamma': 0.5045196843937323, 'subsample': 0.6852582265045014, 'colsample_bytree': 0.6936063314123804, 'learning_rate': 0.324667119673931, 'reg_alpha': 0.16501157511377554, 'reg_lambda': 0.005752532694298377}. Best is trial 715 with value: 0.9377859576434285.
Trial 2894 finished with value: -2.3801437841966306 and parameters: {'max_depth': 3, 'min_child_weight': 4, 'gamma': 0.8586487066151061, 'subsample': 0.007792489133167546, 'colsample_bytree': 0.7518107907957036, 'learning_rate': 0.2577043588944462, 'reg_alpha': 3.899131919591239, 'reg_lambda': 0.11213434339832923}. Best is trial 715 with value: 0.9377859576434285.
Trial 2896 finished with value: 0.09208883668632332 and parameters: {'max_depth': 1, 'min_child_weight': 1, 'gamma': 0.2992208647865001, 'subsample': 0.8544950352322412, 'colsample_bytree': 0.455634107095628, 'learning_rate': 0.45355624404858075, 'reg_alpha': 0.00020160260198059458, 'reg_lambda': 0.003824878175176388}. Best is trial 715 with value: 0.9377859576434285.
Trial 2871 finished with value: 0.8843638877172333 and parameters: {'max_depth': 5, 'min_child_weight': 3, 'gamma': 0.8103260820521927, 'subsample': 0.936597474190048, 'colsample_bytree': 0.966145063242068, 'learning_rate': 0.8571473107891199, 'reg_alpha': 1.9411374252737061, 'reg_lambda': 5.343495963819469}. Best is trial 715 with value: 0.9377859576434285.
Trial 2879 finished with value: 0.43953210665372483 and parameters: {'max_depth': 5, 'min_child_weight': 3, 'gamma': 0.657286528997403, 'subsample': 0.6199880067086743, 'colsample_bytree': 0.10372460213854795, 'learning_rate': 0.6251885830776839, 'reg_alpha': 0.0003373505890170054, 'reg_lambda': 0.00016182762907669763}. Best is trial 715 with value: 0.9377859576434285.
Trial 2878 finished with value: -6.211741854531301 and parameters: {'max_depth': 5, 'min_child_weight': 5, 'gamma': 0.26657042421493826, 'subsample': 0.17947721905488423, 'colsample_bytree': 0.8592685974774656, 'learning_rate': 0.6543124769217773, 'reg_alpha': 0.4339425895222293, 'reg_lambda': 0.15727364055452842}. Best is trial 715 with value: 0.9377859576434285.
Trial 2886 finished with value: 0.09627824542322048 and parameters: {'max_depth': 5, 'min_child_weight': 3, 'gamma': 0.4812473627618311, 'subsample': 0.1939651487508779, 'colsample_bytree': 0.036260990735192844, 'learning_rate': 0.04252627296951228, 'reg_alpha': 0.0011052476925151838, 'reg_lambda': 0.0002898820979121623}. Best is trial 715 with value: 0.9377859576434285.
Trial 2858 finished with value: 0.8947598010878469 and parameters: {'max_depth': 8, 'min_child_weight': 2, 'gamma': 0.021371534652861013, 'subsample': 0.547858613904588, 'colsample_bytree': 0.6491369866766444, 'learning_rate': 0.32749126618452906, 'reg_alpha': 0.23948636646276597, 'reg_lambda': 0.33394861322414865}. Best is trial 715 with value: 0.9377859576434285.
Trial 2895 finished with value: -0.10221874148600357 and parameters: {'max_depth': 3, 'min_child_weight': 5, 'gamma': 0.9460495003226878, 'subsample': 0.08408273830978896, 'colsample_bytree': 0.6887175571078764, 'learning_rate': 0.49838983692232064, 'reg_alpha': 0.02514277270350184, 'reg_lambda': 2.4408387955939808}. Best is trial 715 with value: 0.9377859576434285.
Trial 2899 finished with value: -9.900206817482042 and parameters: {'max_depth': 2, 'min_child_weight': 4, 'gamma': 0.8403102652255745, 'subsample': 0.06312119576596198, 'colsample_bytree': 0.9597396270949328, 'learning_rate': 0.50935577630663, 'reg_alpha': 0.35675919382889854, 'reg_lambda': 0.0065450813199307975}. Best is trial 715 with value: 0.9377859576434285.
Trial 2880 finished with value: -661.6153621775251 and parameters: {'max_depth': 7, 'min_child_weight': 3, 'gamma': 0.9592371422069728, 'subsample': 0.15248275788928933, 'colsample_bytree': 0.21253114407721374, 'learning_rate': 0.9802966909222324, 'reg_alpha': 0.014786196931291764, 'reg_lambda': 1.235017669934822}. Best is trial 715 with value: 0.9377859576434285.
Trial 2901 finished with value: 0.2875008367302474 and parameters: {'max_depth': 2, 'min_child_weight': 2, 'gamma': 0.40372916417750204, 'subsample': 0.05369187041167178, 'colsample_bytree': 0.7538589999753199, 'learning_rate': 0.10815404631433712, 'reg_alpha': 0.4662898987818155, 'reg_lambda': 2.387825211183705}. Best is trial 715 with value: 0.9377859576434285.
Trial 2902 finished with value: 0.09146934716230086 and parameters: {'max_depth': 2, 'min_child_weight': 5, 'gamma': 0.5214623243623171, 'subsample': 0.988988127516338, 'colsample_bytree': 0.08340787708113673, 'learning_rate': 0.5922595894064475, 'reg_alpha': 0.003558172620302637, 'reg_lambda': 0.002512006055328729}. Best is trial 715 with value: 0.9377859576434285.
Trial 2905 finished with value: 0.004407789190443478 and parameters: {'max_depth': 1, 'min_child_weight': 4, 'gamma': 0.2547344722688115, 'subsample': 0.3989962058920178, 'colsample_bytree': 0.6330124290253987, 'learning_rate': 0.9597226490936273, 'reg_alpha': 0.009926060904516214, 'reg_lambda': 0.001963227181737372}. Best is trial 715 with value: 0.9377859576434285.
Trial 2882 finished with value: 0.6789322953573 and parameters: {'max_depth': 5, 'min_child_weight': 4, 'gamma': 0.268640266615606, 'subsample': 0.9384553444282098, 'colsample_bytree': 0.2460475230233169, 'learning_rate': 0.05356481588732043, 'reg_alpha': 0.00038776763713898465, 'reg_lambda': 0.0002924831393765034}. Best is trial 715 with value: 0.9377859576434285.
Trial 2893 finished with value: 0.45924846044124573 and parameters: {'max_depth': 4, 'min_child_weight': 3, 'gamma': 0.3766432311775191, 'subsample': 0.5558953688781505, 'colsample_bytree': 0.42176178396245734, 'learning_rate': 0.9984662403110864, 'reg_alpha': 0.0017358959796651926, 'reg_lambda': 0.0017225790296262174}. Best is trial 715 with value: 0.9377859576434285.
Trial 2906 finished with value: 0.11102150051529475 and parameters: {'max_depth': 2, 'min_child_weight': 3, 'gamma': 0.09320556095404953, 'subsample': 0.37245532333050735, 'colsample_bytree': 0.4707044370260448, 'learning_rate': 0.915825463368619, 'reg_alpha': 0.007690842233657532, 'reg_lambda': 0.00010912341050396675}. Best is trial 715 with value: 0.9377859576434285.
Trial 2903 finished with value: -0.5907590091547799 and parameters: {'max_depth': 8, 'min_child_weight': 4, 'gamma': 0.12822946044351036, 'subsample': 0.04699819414723094, 'colsample_bytree': 0.2997357197349433, 'learning_rate': 0.33774918936262865, 'reg_alpha': 2.0585855566431546, 'reg_lambda': 0.01963020695473285}. Best is trial 715 with value: 0.9377859576434285.
