Trial 889 finished with value: 0.054526731893245174 and parameters: {'max_depth': 10, 'min_child_weight': 5, 'gamma': 0.5186252297372255, 'subsample': 0.2816685470025365, 'colsample_bytree': 0.08790255915285738, 'learning_rate': 0.5514039917920617, 'reg_alpha': 0.032464998916433514, 'reg_lambda': 0.004731056583309393}. Best is trial 715 with value: 0.9377859576434285.
Trial 903 finished with value: 0.48199115408693516 and parameters: {'max_depth': 2, 'min_child_weight': 4, 'gamma': 0.8440692300695379, 'subsample': 0.9679567002561373, 'colsample_bytree': 0.5530543552246469, 'learning_rate': 0.2433546072311119, 'reg_alpha': 1.0631144416005573, 'reg_lambda': 0.0007534765455842888}. Best is trial 715 with value: 0.9377859576434285.
Trial 857 finished with value: 0.8548591580394284 and parameters: {'max_depth': 9, 'min_child_weight': 2, 'gamma': 0.30679750620892354, 'subsample': 0.6067578963702579, 'colsample_bytree': 0.9931501712751192, 'learning_rate': 0.8983263794819315, 'reg_alpha': 0.538262634120955, 'reg_lambda': 0.22097081313051492}. Best is trial 715 with value: 0.9377859576434285.
Trial 911 finished with value: 0.02177114644367003 and parameters: {'max_depth': 1, 'min_child_weight': 1, 'gamma': 0.9793083640603804, 'subsample': 0.27253031925303306, 'colsample_bytree': 0.40875781165571967, 'learning_rate': 0.8737476904798905, 'reg_alpha': 3.1439947685326275, 'reg_lambda': 9.277293963972806}. Best is trial 715 with value: 0.9377859576434285.
Trial 878 finished with value: 0.8966459517975054 and parameters: {'max_depth': 10, 'min_child_weight': 2, 'gamma': 0.4612896846524811, 'subsample': 0.8727080666668773, 'colsample_bytree': 0.8987490109105913, 'learning_rate': 0.43911427026975236, 'reg_alpha': 4.472972734124714, 'reg_lambda': 0.0003641838640421016}. Best is trial 715 with value: 0.9377859576434285.
Trial 899 finished with value: 0.056440379374000274 and parameters: {'max_depth': 5, 'min_child_weight': 4, 'gamma': 0.4127940835008368, 'subsample': 0.7585488070855241, 'colsample_bytree': 0.0754455754481611, 'learning_rate': 0.7414589389368771, 'reg_alpha': 0.16440777742175686, 'reg_lambda': 0.021040814831095295}. Best is trial 715 with value: 0.9377859576434285.
Trial 873 finished with value: 0.7711645025870911 and parameters: {'max_depth': 8, 'min_child_weight': 3, 'gamma': 0.8186358877789175, 'subsample': 0.7250997087697094, 'colsample_bytree': 0.25675848645782384, 'learning_rate': 0.05706789757462949, 'reg_alpha': 0.0010842382501271295, 'reg_lambda': 0.006417580997864285}. Best is trial 715 with value: 0.9377859576434285.
Trial 893 finished with value: 0.7507283912906999 and parameters: {'max_depth': 5, 'min_child_weight': 1, 'gamma': 0.1965101942866243, 'subsample': 0.816716279127459, 'colsample_bytree': 0.24806195737272063, 'learning_rate': 0.48126787326840115, 'reg_alpha': 9.631212940103882, 'reg_lambda': 0.0006293862047861848}. Best is trial 715 with value: 0.9377859576434285.
Trial 900 finished with value: 0.005995878024889534 and parameters: {'max_depth': 7, 'min_child_weight': 4, 'gamma': 0.13423830287430816, 'subsample': 0.43662870311282587, 'colsample_bytree': 0.04344290501204251, 'learning_rate': 0.8976311579203895, 'reg_alpha': 0.004905478699981608, 'reg_lambda': 0.259530418419528}. Best is trial 715 with value: 0.9377859576434285.
Trial 914 finished with value: 0.08411523185860323 and parameters: {'max_depth': 1, 'min_child_weight': 3, 'gamma': 0.5587777557592278, 'subsample': 0.17960024544118114, 'colsample_bytree': 0.022550972662983337, 'learning_rate': 0.11713731179401232, 'reg_alpha': 0.8070241595598046, 'reg_lambda': 0.0008423022553733899}. Best is trial 715 with value: 0.9377859576434285.
Trial 888 finished with value: 0.9051379735405903 and parameters: {'max_depth': 5, 'min_child_weight': 4, 'gamma': 0.03129683633321678, 'subsample': 0.6803446329076108, 'colsample_bytree': 0.9479248505128172, 'learning_rate': 0.8153699370411497, 'reg_alpha': 0.0011950954499511115, 'reg_lambda': 0.000761955020299608}. Best is trial 715 with value: 0.9377859576434285.
Trial 912 finished with value: 0.43328539322468534 and parameters: {'max_depth': 2, 'min_child_weight': 4, 'gamma': 0.1651471685550091, 'subsample': 0.6638793299781116, 'colsample_bytree': 0.37702942689649344, 'learning_rate': 0.8109979456175581, 'reg_alpha': 3.6289615014408234, 'reg_lambda': 0.04339222798454322}. Best is trial 715 with value: 0.9377859576434285.
Trial 898 finished with value: -1.5116646124751132e+33 and parameters: {'max_depth': 6, 'min_child_weight': 1, 'gamma': 0.36168397540993824, 'subsample': 0.052211515567539446, 'colsample_bytree': 0.5514881128496387, 'learning_rate': 0.7670838038087591, 'reg_alpha': 1.9607289700529114, 'reg_lambda': 0.16448244380853516}. Best is trial 715 with value: 0.9377859576434285.
Trial 908 finished with value: 0.7113983456723809 and parameters: {'max_depth': 4, 'min_child_weight': 3, 'gamma': 0.6534237319650559, 'subsample': 0.884736501668859, 'colsample_bytree': 0.27836013607633525, 'learning_rate': 0.9754388250767901, 'reg_alpha': 0.032982044143318116, 'reg_lambda': 0.0009184118115424924}. Best is trial 715 with value: 0.9377859576434285.
Trial 917 finished with value: -9770.820978987465 and parameters: {'max_depth': 2, 'min_child_weight': 3, 'gamma': 0.0055744398577733945, 'subsample': 0.0537371487482714, 'colsample_bytree': 0.5053357709879519, 'learning_rate': 0.6610866924577291, 'reg_alpha': 0.07870321695957679, 'reg_lambda': 0.007062184914916403}. Best is trial 715 with value: 0.9377859576434285.
Trial 895 finished with value: 0.8156646867827657 and parameters: {'max_depth': 5, 'min_child_weight': 1, 'gamma': 0.8654317594698088, 'subsample': 0.31999829897292686, 'colsample_bytree': 0.8980435205200463, 'learning_rate': 0.052284426697155384, 'reg_alpha': 0.0002136448896309243, 'reg_lambda': 0.001794123949854277}. Best is trial 715 with value: 0.9377859576434285.
Trial 887 finished with value: 0.835429162625897 and parameters: {'max_depth': 9, 'min_child_weight': 4, 'gamma': 0.6471337894526679, 'subsample': 0.7493699520724775, 'colsample_bytree': 0.5022357542487902, 'learning_rate': 0.2022429985800871, 'reg_alpha': 5.942049819703911, 'reg_lambda': 8.606738774242512}. Best is trial 715 with value: 0.9377859576434285.
Trial 913 finished with value: 0.5101978917836396 and parameters: {'max_depth': 3, 'min_child_weight': 4, 'gamma': 0.10642457306958875, 'subsample': 0.4181722440809801, 'colsample_bytree': 0.34392757906383753, 'learning_rate': 0.0677722520433931, 'reg_alpha': 0.023154686793025934, 'reg_lambda': 0.0008584487701138365}. Best is trial 715 with value: 0.9377859576434285.
Trial 909 finished with value: 0.7977484293728098 and parameters: {'max_depth': 4, 'min_child_weight': 1, 'gamma': 0.5479534147444219, 'subsample': 0.7464949098415175, 'colsample_bytree': 0.5710660057984841, 'learning_rate': 0.45928265968378457, 'reg_alpha': 0.38730130958581965, 'reg_lambda': 0.00335326943704593}. Best is trial 715 with value: 0.9377859576434285.
Trial 918 finished with value: 0.5552234158154289 and parameters: {'max_depth': 3, 'min_child_weight': 2, 'gamma': 0.5400034890368568, 'subsample': 0.8700578146513, 'colsample_bytree': 0.1616728891492656, 'learning_rate': 0.3444828032521271, 'reg_alpha': 0.044894088565805144, 'reg_lambda': 0.0029821226505169942}. Best is trial 715 with value: 0.9377859576434285.
Trial 902 finished with value: -0.051449734857671216 and parameters: {'max_depth': 6, 'min_child_weight': 4, 'gamma': 0.019669835586437312, 'subsample': 0.26151019274959264, 'colsample_bytree': 0.7332106678163146, 'learning_rate': 0.8886122360416117, 'reg_alpha': 0.22056444683667834, 'reg_lambda': 2.496974822280756}. Best is trial 715 with value: 0.9377859576434285.
Trial 905 finished with value: 0.4870767564251912 and parameters: {'max_depth': 9, 'min_child_weight': 3, 'gamma': 0.4730390569962287, 'subsample': 0.5568145458911125, 'colsample_bytree': 0.09306171644751637, 'learning_rate': 0.03635203867389014, 'reg_alpha': 0.0001829592994211451, 'reg_lambda': 0.751648962836454}. Best is trial 715 with value: 0.9377859576434285.
Trial 904 finished with value: 0.7922088837773762 and parameters: {'max_depth': 5, 'min_child_weight': 3, 'gamma': 0.010924051359818776, 'subsample': 0.37513324380336777, 'colsample_bytree': 0.8846452458527916, 'learning_rate': 0.4484737809344632, 'reg_alpha': 0.02006991759233201, 'reg_lambda': 0.0020956673914587407}. Best is trial 715 with value: 0.9377859576434285.
Trial 926 finished with value: -1.2617224395033646 and parameters: {'max_depth': 1, 'min_child_weight': 2, 'gamma': 0.9212328938565124, 'subsample': 0.027992969587401717, 'colsample_bytree': 0.22486755801793257, 'learning_rate': 0.34616944313500453, 'reg_alpha': 0.0003053427842439156, 'reg_lambda': 0.06469548541836213}. Best is trial 715 with value: 0.9377859576434285.
Trial 921 finished with value: -0.658153993860851 and parameters: {'max_depth': 4, 'min_child_weight': 5, 'gamma': 0.9219316407901169, 'subsample': 0.1508118146296964, 'colsample_bytree': 0.0014211147969576121, 'learning_rate': 0.9022181052231603, 'reg_alpha': 0.4038875399818578, 'reg_lambda': 0.015059567306186334}. Best is trial 715 with value: 0.9377859576434285.
Trial 906 finished with value: 0.7188017105094302 and parameters: {'max_depth': 6, 'min_child_weight': 4, 'gamma': 0.9673670765052154, 'subsample': 0.35234914344296486, 'colsample_bytree': 0.7205953521579962, 'learning_rate': 0.7664660745136345, 'reg_alpha': 0.039296051441947505, 'reg_lambda': 5.140527998721166}. Best is trial 715 with value: 0.9377859576434285.
Trial 923 finished with value: 0.3665535626575509 and parameters: {'max_depth': 3, 'min_child_weight': 1, 'gamma': 0.8293035272906876, 'subsample': 0.10459847824136237, 'colsample_bytree': 0.964618316385162, 'learning_rate': 0.01933339116406052, 'reg_alpha': 0.1481331995928378, 'reg_lambda': 6.6074828069535645}. Best is trial 715 with value: 0.9377859576434285.
Trial 924 finished with value: 0.2503561883571528 and parameters: {'max_depth': 3, 'min_child_weight': 5, 'gamma': 0.8574706690568578, 'subsample': 0.14724694246349812, 'colsample_bytree': 0.6315695373964996, 'learning_rate': 0.29401625903026074, 'reg_alpha': 0.035219937298863725, 'reg_lambda': 0.0037659740396649094}. Best is trial 715 with value: 0.9377859576434285.
Trial 933 finished with value: 0.07564346262040353 and parameters: {'max_depth': 1, 'min_child_weight': 5, 'gamma': 0.23658667253169563, 'subsample': 0.4505909361754127, 'colsample_bytree': 0.259941397917386, 'learning_rate': 0.28156151061125945, 'reg_alpha': 0.001618608573599106, 'reg_lambda': 5.663091186401203}. Best is trial 715 with value: 0.9377859576434285.
Trial 891 finished with value: 0.8980159020889211 and parameters: {'max_depth': 8, 'min_child_weight': 1, 'gamma': 0.684892047674024, 'subsample': 0.8740759336681322, 'colsample_bytree': 0.46211634478588137, 'learning_rate': 0.18261395853798157, 'reg_alpha': 0.0017439080183790751, 'reg_lambda': 0.05517128236785537}. Best is trial 715 with value: 0.9377859576434285.
Trial 916 finished with value: 0.7409742220944038 and parameters: {'max_depth': 5, 'min_child_weight': 3, 'gamma': 0.8521032789773632, 'subsample': 0.8250694886096746, 'colsample_bytree': 0.20157687061414886, 'learning_rate': 0.7187845802926526, 'reg_alpha': 0.048106687993439756, 'reg_lambda': 0.17908192337226922}. Best is trial 715 with value: 0.9377859576434285.
Trial 894 finished with value: 0.910370827341526 and parameters: {'max_depth': 7, 'min_child_weight': 3, 'gamma': 0.3017629444596319, 'subsample': 0.6647764610271993, 'colsample_bytree': 0.901723470120481, 'learning_rate': 0.09616673260612174, 'reg_alpha': 0.3883617648217845, 'reg_lambda': 0.2859608183190114}. Best is trial 715 with value: 0.9377859576434285.
Trial 930 finished with value: 0.3987985438191175 and parameters: {'max_depth': 2, 'min_child_weight': 2, 'gamma': 0.6500203766388817, 'subsample': 0.6209726931376555, 'colsample_bytree': 0.3625600501445274, 'learning_rate': 0.7701266772955636, 'reg_alpha': 0.3183145975579573, 'reg_lambda': 6.471158869574618}. Best is trial 715 with value: 0.9377859576434285.
Trial 897 finished with value: 0.8792084830881958 and parameters: {'max_depth': 10, 'min_child_weight': 5, 'gamma': 0.6807885213401845, 'subsample': 0.773073088817452, 'colsample_bytree': 0.5408362909023534, 'learning_rate': 0.3362330956400259, 'reg_alpha': 1.0979057890649357, 'reg_lambda': 0.1129353873166622}. Best is trial 715 with value: 0.9377859576434285.
Trial 927 finished with value: 0.08293273809794735 and parameters: {'max_depth': 4, 'min_child_weight': 2, 'gamma': 0.6225568654289265, 'subsample': 0.7906906407635351, 'colsample_bytree': 0.02986219515728561, 'learning_rate': 0.17843430717042885, 'reg_alpha': 0.0010594856741429203, 'reg_lambda': 0.40928825397348423}. Best is trial 715 with value: 0.9377859576434285.
Trial 910 finished with value: 0.7419078354950437 and parameters: {'max_depth': 7, 'min_child_weight': 4, 'gamma': 0.607848224803262, 'subsample': 0.3360516477922172, 'colsample_bytree': 0.5280106891035267, 'learning_rate': 0.33407605846773447, 'reg_alpha': 0.02290106239166005, 'reg_lambda': 0.0017673024232567555}. Best is trial 715 with value: 0.9377859576434285.
Trial 938 finished with value: -0.035171760540417776 and parameters: {'max_depth': 1, 'min_child_weight': 5, 'gamma': 0.6484943686482034, 'subsample': 0.29829793058470777, 'colsample_bytree': 0.04818192209359207, 'learning_rate': 0.8674753653881754, 'reg_alpha': 1.3522052188997122, 'reg_lambda': 0.011777719948030436}. Best is trial 715 with value: 0.9377859576434285.
Trial 931 finished with value: -53.57559178147143 and parameters: {'max_depth': 3, 'min_child_weight': 2, 'gamma': 0.5101958711311007, 'subsample': 0.03773768047056991, 'colsample_bytree': 0.5066480830832022, 'learning_rate': 0.40332934029182976, 'reg_alpha': 3.735646765229214, 'reg_lambda': 0.007933742264165447}. Best is trial 715 with value: 0.9377859576434285.
Trial 929 finished with value: 0.6943259711643319 and parameters: {'max_depth': 3, 'min_child_weight': 2, 'gamma': 0.016636337951302482, 'subsample': 0.9297041413957755, 'colsample_bytree': 0.3921645487649663, 'learning_rate': 0.7680226439280872, 'reg_alpha': 0.007327444856803877, 'reg_lambda': 0.08250528986674295}. Best is trial 715 with value: 0.9377859576434285.
Trial 932 finished with value: -3411221.9157274445 and parameters: {'max_depth': 7, 'min_child_weight': 2, 'gamma': 0.31635630730694664, 'subsample': 0.03141662932071998, 'colsample_bytree': 0.3759231641071811, 'learning_rate': 0.706573866386331, 'reg_alpha': 0.0005232050706888856, 'reg_lambda': 0.6672789335619365}. Best is trial 715 with value: 0.9377859576434285.
Trial 928 finished with value: 0.4002415440490321 and parameters: {'max_depth': 4, 'min_child_weight': 3, 'gamma': 0.5885075475554087, 'subsample': 0.18025702395843168, 'colsample_bytree': 0.5330367724817479, 'learning_rate': 0.3393748268581058, 'reg_alpha': 0.17256448988608053, 'reg_lambda': 0.004324517593159233}. Best is trial 715 with value: 0.9377859576434285.
Trial 942 finished with value: -5.186802130251195 and parameters: {'max_depth': 10, 'min_child_weight': 4, 'gamma': 0.3113802933607629, 'subsample': 0.020807444366847005, 'colsample_bytree': 0.20749233014969792, 'learning_rate': 0.6096268429119415, 'reg_alpha': 0.6128618759750738, 'reg_lambda': 0.005578855346563416}. Best is trial 715 with value: 0.9377859576434285.
Trial 947 finished with value: 0.09159293304387887 and parameters: {'max_depth': 1, 'min_child_weight': 5, 'gamma': 0.16181961062891514, 'subsample': 0.6254161048732935, 'colsample_bytree': 0.3605779393449028, 'learning_rate': 0.047960108193144224, 'reg_alpha': 0.021567083942425146, 'reg_lambda': 0.4552953661905231}. Best is trial 715 with value: 0.9377859576434285.
Trial 940 finished with value: 0.4721014568908671 and parameters: {'max_depth': 2, 'min_child_weight': 5, 'gamma': 0.66588884079757, 'subsample': 0.9683010479395258, 'colsample_bytree': 0.5434331577066281, 'learning_rate': 0.1352837844497271, 'reg_alpha': 0.14739244052544584, 'reg_lambda': 0.9580544429780046}. Best is trial 715 with value: 0.9377859576434285.
Trial 949 finished with value: 0.08403287549872933 and parameters: {'max_depth': 1, 'min_child_weight': 4, 'gamma': 0.2390870332884586, 'subsample': 0.8165505381003973, 'colsample_bytree': 0.8558625690169385, 'learning_rate': 0.9035125749843328, 'reg_alpha': 3.624489955008568, 'reg_lambda': 0.00036408674229842613}. Best is trial 715 with value: 0.9377859576434285.
Trial 945 finished with value: -1.5391735236540813e+37 and parameters: {'max_depth': 3, 'min_child_weight': 1, 'gamma': 0.8498221935871151, 'subsample': 0.032699781293502705, 'colsample_bytree': 0.8202065236926183, 'learning_rate': 0.8902454392364799, 'reg_alpha': 0.00032463551258179893, 'reg_lambda': 0.0004971020722453693}. Best is trial 715 with value: 0.9377859576434285.
Trial 920 finished with value: 0.742983043766948 and parameters: {'max_depth': 10, 'min_child_weight': 5, 'gamma': 0.4843770233571856, 'subsample': 0.5988615837039508, 'colsample_bytree': 0.24199931532740226, 'learning_rate': 0.12372459955626991, 'reg_alpha': 1.637469680665587, 'reg_lambda': 0.02927163759890329}. Best is trial 715 with value: 0.9377859576434285.
Trial 952 finished with value: -0.15351767055417007 and parameters: {'max_depth': 1, 'min_child_weight': 3, 'gamma': 0.6054239115652832, 'subsample': 0.18880480291436563, 'colsample_bytree': 0.7305877122819672, 'learning_rate': 0.8241398484983093, 'reg_alpha': 0.019340018647692157, 'reg_lambda': 0.06829605420087632}. Best is trial 715 with value: 0.9377859576434285.
Trial 934 finished with value: 0.35931622562688204 and parameters: {'max_depth': 6, 'min_child_weight': 3, 'gamma': 0.2520520714294717, 'subsample': 0.06956402233026948, 'colsample_bytree': 0.6165807172780253, 'learning_rate': 0.024266586191037165, 'reg_alpha': 0.1288798734999638, 'reg_lambda': 0.00046431753579349654}. Best is trial 715 with value: 0.9377859576434285.
Trial 951 finished with value: 0.316916091258525 and parameters: {'max_depth': 2, 'min_child_weight': 2, 'gamma': 0.8108953406827386, 'subsample': 0.16547999020355075, 'colsample_bytree': 0.3146001528871798, 'learning_rate': 0.26297987880895646, 'reg_alpha': 0.0008525794478915664, 'reg_lambda': 6.326672826085486}. Best is trial 715 with value: 0.9377859576434285.
Trial 954 finished with value: 0.09308797219670611 and parameters: {'max_depth': 1, 'min_child_weight': 1, 'gamma': 0.6937394060134998, 'subsample': 0.8548182904725801, 'colsample_bytree': 0.8770943233459438, 'learning_rate': 0.7285986389830298, 'reg_alpha': 0.00021769193047264406, 'reg_lambda': 0.00034692464325592897}. Best is trial 715 with value: 0.9377859576434285.
Trial 922 finished with value: 0.9136330710775986 and parameters: {'max_depth': 6, 'min_child_weight': 5, 'gamma': 0.15936684637297593, 'subsample': 0.9117174010967145, 'colsample_bytree': 0.7630293492018132, 'learning_rate': 0.18696688119762206, 'reg_alpha': 0.00761030967050288, 'reg_lambda': 0.033581737221878946}. Best is trial 715 with value: 0.9377859576434285.
Trial 937 finished with value: -17.835048137354786 and parameters: {'max_depth': 9, 'min_child_weight': 2, 'gamma': 0.3958668265854979, 'subsample': 0.083298267446126, 'colsample_bytree': 0.14506679358304875, 'learning_rate': 0.6101876453486212, 'reg_alpha': 0.8273518098141294, 'reg_lambda': 0.5063333727766761}. Best is trial 715 with value: 0.9377859576434285.
Trial 915 finished with value: 0.9100496345698346 and parameters: {'max_depth': 8, 'min_child_weight': 3, 'gamma': 0.2770903906630173, 'subsample': 0.43247452804187714, 'colsample_bytree': 0.6724989729679505, 'learning_rate': 0.3626443671839613, 'reg_alpha': 0.05667134317239527, 'reg_lambda': 0.0004467522307064752}. Best is trial 715 with value: 0.9377859576434285.
Trial 943 finished with value: -11.260983669333848 and parameters: {'max_depth': 4, 'min_child_weight': 2, 'gamma': 0.9934134095287426, 'subsample': 0.11350908882495958, 'colsample_bytree': 0.2495726217080999, 'learning_rate': 0.5353320574317736, 'reg_alpha': 0.10968519162289304, 'reg_lambda': 0.0002038595958926096}. Best is trial 715 with value: 0.9377859576434285.
Trial 941 finished with value: 0.5999610685218 and parameters: {'max_depth': 4, 'min_child_weight': 3, 'gamma': 0.7322489687137699, 'subsample': 0.2205495020460997, 'colsample_bytree': 0.9397731147776737, 'learning_rate': 0.26882040158629705, 'reg_alpha': 0.018670921011802403, 'reg_lambda': 0.000883636719797218}. Best is trial 715 with value: 0.9377859576434285.
Trial 955 finished with value: 0.44528852266365354 and parameters: {'max_depth': 2, 'min_child_weight': 4, 'gamma': 0.25248119114162704, 'subsample': 0.5410009307574624, 'colsample_bytree': 0.7737757769145708, 'learning_rate': 0.0879000544079177, 'reg_alpha': 0.018944438933642758, 'reg_lambda': 0.13719475269077955}. Best is trial 715 with value: 0.9377859576434285.
Trial 963 finished with value: 0.08443467684863681 and parameters: {'max_depth': 1, 'min_child_weight': 4, 'gamma': 0.6546478329388735, 'subsample': 0.5111238458788134, 'colsample_bytree': 0.3899183817368541, 'learning_rate': 0.24052975964571488, 'reg_alpha': 0.3442255063800078, 'reg_lambda': 0.0546036124437664}. Best is trial 715 with value: 0.9377859576434285.
Trial 953 finished with value: -283977544.2110327 and parameters: {'max_depth': 3, 'min_child_weight': 3, 'gamma': 0.5755938456940788, 'subsample': 0.11378746390177308, 'colsample_bytree': 0.7969096511168059, 'learning_rate': 0.8057799932184855, 'reg_alpha': 0.0020623836416463386, 'reg_lambda': 0.0015237026345667965}. Best is trial 715 with value: 0.9377859576434285.
