Trial 3149 finished with value: 0.45265888291292194 and parameters: {'max_depth': 2, 'min_child_weight': 4, 'gamma': 0.46738788658477837, 'subsample': 0.5404776871502968, 'colsample_bytree': 0.8278349708552104, 'learning_rate': 0.20657311828968317, 'reg_alpha': 5.1797105694156516, 'reg_lambda': 0.0008983441679998096}. Best is trial 715 with value: 0.9377859576434285.
Trial 3142 finished with value: 0.6783784616304531 and parameters: {'max_depth': 3, 'min_child_weight': 3, 'gamma': 0.8926443173941849, 'subsample': 0.6776664910148522, 'colsample_bytree': 0.6239861835082275, 'learning_rate': 0.502936828043026, 'reg_alpha': 0.007370448519845069, 'reg_lambda': 0.0001136380341656808}. Best is trial 715 with value: 0.9377859576434285.
Trial 3126 finished with value: 0.7612825188212684 and parameters: {'max_depth': 9, 'min_child_weight': 5, 'gamma': 0.0017783292583968269, 'subsample': 0.2854401305335339, 'colsample_bytree': 0.8725004562885393, 'learning_rate': 0.1704559044336338, 'reg_alpha': 0.5340241232684112, 'reg_lambda': 0.00044629411223840896}. Best is trial 715 with value: 0.9377859576434285.
Trial 3151 finished with value: -0.49830543669180166 and parameters: {'max_depth': 4, 'min_child_weight': 4, 'gamma': 0.7640674646680266, 'subsample': 0.0158956995809042, 'colsample_bytree': 0.6561472322548239, 'learning_rate': 0.4084370854602897, 'reg_alpha': 0.4248836548764993, 'reg_lambda': 0.10070008015166318}. Best is trial 715 with value: 0.9377859576434285.
Trial 3132 finished with value: -3.8991885661014267 and parameters: {'max_depth': 10, 'min_child_weight': 5, 'gamma': 0.05277119411684672, 'subsample': 0.25292576797975497, 'colsample_bytree': 0.4060273067266216, 'learning_rate': 0.8163506347076073, 'reg_alpha': 0.5383535437320461, 'reg_lambda': 0.01058347327600364}. Best is trial 715 with value: 0.9377859576434285.
Trial 3145 finished with value: 0.059004326194878075 and parameters: {'max_depth': 7, 'min_child_weight': 3, 'gamma': 0.7424758270264954, 'subsample': 0.27087321587413693, 'colsample_bytree': 0.0814201817715221, 'learning_rate': 0.41759508738430107, 'reg_alpha': 0.00014101200541025423, 'reg_lambda': 0.0023445384546715306}. Best is trial 715 with value: 0.9377859576434285.
Trial 3112 finished with value: 0.8746141708609226 and parameters: {'max_depth': 8, 'min_child_weight': 1, 'gamma': 0.699192337453672, 'subsample': 0.5931039947389454, 'colsample_bytree': 0.9487759331042024, 'learning_rate': 0.6870454416810275, 'reg_alpha': 0.00027540225272209786, 'reg_lambda': 0.6215542948784587}. Best is trial 715 with value: 0.9377859576434285.
Trial 3108 finished with value: 0.9072519170357679 and parameters: {'max_depth': 10, 'min_child_weight': 2, 'gamma': 0.4147613877990375, 'subsample': 0.7259114779613566, 'colsample_bytree': 0.9441507628738579, 'learning_rate': 0.34321935788945845, 'reg_alpha': 0.003669521619602867, 'reg_lambda': 8.29036013336821}. Best is trial 715 with value: 0.9377859576434285.
Trial 3139 finished with value: 0.23292083014781578 and parameters: {'max_depth': 7, 'min_child_weight': 5, 'gamma': 0.5687522032874748, 'subsample': 0.25010914607618373, 'colsample_bytree': 0.7080421890309099, 'learning_rate': 0.7274945502129716, 'reg_alpha': 1.0083224507507562, 'reg_lambda': 1.9622404138457654}. Best is trial 715 with value: 0.9377859576434285.
Trial 3150 finished with value: 0.30639839025789223 and parameters: {'max_depth': 4, 'min_child_weight': 2, 'gamma': 0.5476230573736528, 'subsample': 0.2157356724647561, 'colsample_bytree': 0.1575770749808023, 'learning_rate': 0.009544169346213494, 'reg_alpha': 0.06548664996845466, 'reg_lambda': 0.00030430668844708944}. Best is trial 715 with value: 0.9377859576434285.
Trial 3131 finished with value: 0.8820493266856937 and parameters: {'max_depth': 9, 'min_child_weight': 1, 'gamma': 0.5151823683434066, 'subsample': 0.6105893900119012, 'colsample_bytree': 0.7848223872569406, 'learning_rate': 0.670524928781425, 'reg_alpha': 1.439121620149048, 'reg_lambda': 0.0004181671031477372}. Best is trial 715 with value: 0.9377859576434285.
Trial 3140 finished with value: 0.5331413560088539 and parameters: {'max_depth': 7, 'min_child_weight': 5, 'gamma': 0.09790356735636752, 'subsample': 0.2883108771185956, 'colsample_bytree': 0.6975591308722869, 'learning_rate': 0.5441009322973214, 'reg_alpha': 0.00021551773101228578, 'reg_lambda': 0.011722249514230813}. Best is trial 715 with value: 0.9377859576434285.
Trial 3152 finished with value: 0.5609073892437854 and parameters: {'max_depth': 3, 'min_child_weight': 4, 'gamma': 0.8981859609574913, 'subsample': 0.5816919829208762, 'colsample_bytree': 0.4010557783472144, 'learning_rate': 0.8995182808745577, 'reg_alpha': 0.015716274428562833, 'reg_lambda': 0.6429519490905048}. Best is trial 715 with value: 0.9377859576434285.
Trial 3154 finished with value: -6237.892125981614 and parameters: {'max_depth': 7, 'min_child_weight': 2, 'gamma': 0.696253364583084, 'subsample': 0.03163024621565147, 'colsample_bytree': 0.5696606824126454, 'learning_rate': 0.8621735661390222, 'reg_alpha': 0.00026887113960572564, 'reg_lambda': 2.2993177803659877}. Best is trial 715 with value: 0.9377859576434285.
Trial 3163 finished with value: 0.09539401784164178 and parameters: {'max_depth': 1, 'min_child_weight': 5, 'gamma': 0.2285901105322885, 'subsample': 0.9685242380845197, 'colsample_bytree': 0.10641469953734761, 'learning_rate': 0.6753026476407922, 'reg_alpha': 0.0013502842666383347, 'reg_lambda': 0.0005283910450355706}. Best is trial 715 with value: 0.9377859576434285.
Trial 3129 finished with value: 0.8999638789609761 and parameters: {'max_depth': 9, 'min_child_weight': 3, 'gamma': 0.7327832290168397, 'subsample': 0.8848806098930205, 'colsample_bytree': 0.3661479601347545, 'learning_rate': 0.43063962801599265, 'reg_alpha': 0.00012400988201531456, 'reg_lambda': 0.10315894367119731}. Best is trial 715 with value: 0.9377859576434285.
Trial 3107 finished with value: 0.9059305982949195 and parameters: {'max_depth': 10, 'min_child_weight': 1, 'gamma': 0.9233480716702429, 'subsample': 0.6992339541934779, 'colsample_bytree': 0.995692867127082, 'learning_rate': 0.06990008348691634, 'reg_alpha': 0.001633443356608856, 'reg_lambda': 0.6860041762167921}. Best is trial 715 with value: 0.9377859576434285.
Trial 3160 finished with value: 0.4173469814216327 and parameters: {'max_depth': 3, 'min_child_weight': 4, 'gamma': 0.1412064343437629, 'subsample': 0.47389034578271394, 'colsample_bytree': 0.12237247723736466, 'learning_rate': 0.48954379731375586, 'reg_alpha': 1.6272439108243986, 'reg_lambda': 0.06000560985542946}. Best is trial 715 with value: 0.9377859576434285.
Trial 3168 finished with value: 0.08574423517287037 and parameters: {'max_depth': 1, 'min_child_weight': 4, 'gamma': 0.49947275261459023, 'subsample': 0.9615772000023227, 'colsample_bytree': 0.017437569003965203, 'learning_rate': 0.7715283088103365, 'reg_alpha': 1.4867926728613914, 'reg_lambda': 0.0069717697251712035}. Best is trial 715 with value: 0.9377859576434285.
Trial 3146 finished with value: -47083657.244607784 and parameters: {'max_depth': 9, 'min_child_weight': 2, 'gamma': 0.46358554996756296, 'subsample': 0.10993916947099225, 'colsample_bytree': 0.47044717055998087, 'learning_rate': 0.6439465896419997, 'reg_alpha': 4.6208089984230165, 'reg_lambda': 0.00023990252022237468}. Best is trial 715 with value: 0.9377859576434285.
Trial 3144 finished with value: 0.8620213810673395 and parameters: {'max_depth': 7, 'min_child_weight': 3, 'gamma': 0.011860235691676935, 'subsample': 0.8987447457477853, 'colsample_bytree': 0.291096870631387, 'learning_rate': 0.2784584860069027, 'reg_alpha': 0.0016524254935176526, 'reg_lambda': 0.00020309512061500955}. Best is trial 715 with value: 0.9377859576434285.
Trial 3153 finished with value: 0.8574230443962221 and parameters: {'max_depth': 4, 'min_child_weight': 4, 'gamma': 0.4396194692613157, 'subsample': 0.9534575064064333, 'colsample_bytree': 0.7809053871569349, 'learning_rate': 0.8900399037208901, 'reg_alpha': 0.579651053101107, 'reg_lambda': 3.86481274285787}. Best is trial 715 with value: 0.9377859576434285.
Trial 3162 finished with value: 0.6667122023992282 and parameters: {'max_depth': 3, 'min_child_weight': 5, 'gamma': 0.1721086197581383, 'subsample': 0.7460164983546599, 'colsample_bytree': 0.4898118080912971, 'learning_rate': 0.6235709243194038, 'reg_alpha': 0.0024547772628220827, 'reg_lambda': 0.721123189208643}. Best is trial 715 with value: 0.9377859576434285.
Trial 3169 finished with value: 0.20094740531311886 and parameters: {'max_depth': 2, 'min_child_weight': 5, 'gamma': 0.5830490401339689, 'subsample': 0.39323993508582455, 'colsample_bytree': 0.4149754360183916, 'learning_rate': 0.9035727169877205, 'reg_alpha': 0.0017124170378903906, 'reg_lambda': 0.7181628186662227}. Best is trial 715 with value: 0.9377859576434285.
Trial 3156 finished with value: 0.4965858978153242 and parameters: {'max_depth': 10, 'min_child_weight': 1, 'gamma': 0.19001812208547664, 'subsample': 0.09511491049491194, 'colsample_bytree': 0.8216042228169161, 'learning_rate': 0.0420168388333263, 'reg_alpha': 2.7690043373051116, 'reg_lambda': 6.892892661607427}. Best is trial 715 with value: 0.9377859576434285.
Trial 3161 finished with value: 0.0923875228535854 and parameters: {'max_depth': 10, 'min_child_weight': 1, 'gamma': 0.4998065566546235, 'subsample': 0.9972278906308474, 'colsample_bytree': 0.08935176899049468, 'learning_rate': 0.9513646943001048, 'reg_alpha': 0.011813005129958212, 'reg_lambda': 0.25162769343124813}. Best is trial 715 with value: 0.9377859576434285.
Trial 3147 finished with value: 0.8202038076568141 and parameters: {'max_depth': 9, 'min_child_weight': 3, 'gamma': 0.9348784993843142, 'subsample': 0.22058612353350937, 'colsample_bytree': 0.8652514849119745, 'learning_rate': 0.20357517187669583, 'reg_alpha': 0.0001723301496274377, 'reg_lambda': 0.1997432745866757}. Best is trial 715 with value: 0.9377859576434285.
Trial 3158 finished with value: 0.7432806346001941 and parameters: {'max_depth': 5, 'min_child_weight': 5, 'gamma': 0.6987462642661075, 'subsample': 0.4108136951860535, 'colsample_bytree': 0.8166949918622581, 'learning_rate': 0.6271763029225358, 'reg_alpha': 0.04028383502896974, 'reg_lambda': 6.363656574439261}. Best is trial 715 with value: 0.9377859576434285.
Trial 3136 finished with value: 0.8655383241852387 and parameters: {'max_depth': 10, 'min_child_weight': 3, 'gamma': 0.1484186421219158, 'subsample': 0.7139830596612031, 'colsample_bytree': 0.5070632038880686, 'learning_rate': 0.6533436957059036, 'reg_alpha': 0.0001366571265660261, 'reg_lambda': 0.3196090693882041}. Best is trial 715 with value: 0.9377859576434285.
Trial 3133 finished with value: 0.36476441073907767 and parameters: {'max_depth': 10, 'min_child_weight': 1, 'gamma': 0.5460003652597979, 'subsample': 0.4891648414097446, 'colsample_bytree': 0.6749325476196721, 'learning_rate': 0.9247230975897979, 'reg_alpha': 0.011704734627370627, 'reg_lambda': 0.06693432657513483}. Best is trial 715 with value: 0.9377859576434285.
Trial 3148 finished with value: 0.918839618373208 and parameters: {'max_depth': 8, 'min_child_weight': 5, 'gamma': 0.17095885893585216, 'subsample': 0.6742757525515495, 'colsample_bytree': 0.983023446693557, 'learning_rate': 0.3030268897310192, 'reg_alpha': 0.49439066498519174, 'reg_lambda': 0.2090848071194071}. Best is trial 715 with value: 0.9377859576434285.
Trial 3157 finished with value: -2000772676.7840095 and parameters: {'max_depth': 10, 'min_child_weight': 3, 'gamma': 0.09708562825331601, 'subsample': 0.16733348123812242, 'colsample_bytree': 0.4713928336794756, 'learning_rate': 0.854451798888022, 'reg_alpha': 0.00016284919604132327, 'reg_lambda': 0.08728752956281266}. Best is trial 715 with value: 0.9377859576434285.
Trial 3155 finished with value: 0.7228291569005486 and parameters: {'max_depth': 9, 'min_child_weight': 4, 'gamma': 0.861125750717214, 'subsample': 0.2498827288974288, 'colsample_bytree': 0.6000528999853723, 'learning_rate': 0.1414415562798761, 'reg_alpha': 0.00024552242560007783, 'reg_lambda': 0.00014277353431655293}. Best is trial 715 with value: 0.9377859576434285.
Trial 3173 finished with value: 0.0022729399396709594 and parameters: {'max_depth': 4, 'min_child_weight': 5, 'gamma': 0.11098388906582024, 'subsample': 0.41352646565233897, 'colsample_bytree': 0.05124359250103505, 'learning_rate': 0.9387823598833087, 'reg_alpha': 0.0007670817256864269, 'reg_lambda': 0.025595113074854382}. Best is trial 715 with value: 0.9377859576434285.
Trial 3164 finished with value: 0.3644509602904185 and parameters: {'max_depth': 10, 'min_child_weight': 3, 'gamma': 0.23241017339851833, 'subsample': 0.4059341242175021, 'colsample_bytree': 0.11761233704353546, 'learning_rate': 0.5201817746570992, 'reg_alpha': 0.0009154717878916842, 'reg_lambda': 0.2613792654511868}. Best is trial 715 with value: 0.9377859576434285.
Trial 3183 finished with value: 0.3720663638141298 and parameters: {'max_depth': 2, 'min_child_weight': 5, 'gamma': 0.5261715351660176, 'subsample': 0.16714056927023313, 'colsample_bytree': 0.8787002108114127, 'learning_rate': 0.05916110239933947, 'reg_alpha': 0.4191270062694898, 'reg_lambda': 0.03696846935285417}. Best is trial 715 with value: 0.9377859576434285.
Trial 3180 finished with value: 0.23996138206061168 and parameters: {'max_depth': 4, 'min_child_weight': 4, 'gamma': 0.7365872990311554, 'subsample': 0.23327715990705844, 'colsample_bytree': 0.14019933374904103, 'learning_rate': 0.009683074774054279, 'reg_alpha': 0.34624408226439535, 'reg_lambda': 0.9975421727666922}. Best is trial 715 with value: 0.9377859576434285.
Trial 3166 finished with value: 0.5703299848796063 and parameters: {'max_depth': 10, 'min_child_weight': 2, 'gamma': 0.9108798240880429, 'subsample': 0.2591878721591645, 'colsample_bytree': 0.17021645485965664, 'learning_rate': 0.19536853788300668, 'reg_alpha': 0.008733998570820741, 'reg_lambda': 0.001251757472821612}. Best is trial 715 with value: 0.9377859576434285.
Trial 3185 finished with value: 0.6422377816076428 and parameters: {'max_depth': 3, 'min_child_weight': 1, 'gamma': 0.27104632749926827, 'subsample': 0.7974348285015005, 'colsample_bytree': 0.46736455224590134, 'learning_rate': 0.2430658499008641, 'reg_alpha': 0.46102526641421226, 'reg_lambda': 0.030026634290413176}. Best is trial 715 with value: 0.9377859576434285.
Trial 3189 finished with value: 0.36206167034944803 and parameters: {'max_depth': 2, 'min_child_weight': 3, 'gamma': 0.6064955314022816, 'subsample': 0.2265552095909995, 'colsample_bytree': 0.3871279676980124, 'learning_rate': 0.05496218995914015, 'reg_alpha': 0.0003235788365811973, 'reg_lambda': 0.7739531399967547}. Best is trial 715 with value: 0.9377859576434285.
Trial 3165 finished with value: 0.7287682171696204 and parameters: {'max_depth': 8, 'min_child_weight': 5, 'gamma': 0.3415481770831291, 'subsample': 0.5036814077555845, 'colsample_bytree': 0.43473985238863455, 'learning_rate': 0.04483931638181837, 'reg_alpha': 0.00036599627169044087, 'reg_lambda': 0.026343998285839988}. Best is trial 715 with value: 0.9377859576434285.
Trial 3143 finished with value: 0.9180531049154208 and parameters: {'max_depth': 10, 'min_child_weight': 2, 'gamma': 0.6538085923107853, 'subsample': 0.6698616380185572, 'colsample_bytree': 0.948708965224319, 'learning_rate': 0.024796266524934385, 'reg_alpha': 0.003731612056569727, 'reg_lambda': 0.0005229387159144651}. Best is trial 715 with value: 0.9377859576434285.
Trial 3167 finished with value: 0.7979609138162358 and parameters: {'max_depth': 10, 'min_child_weight': 4, 'gamma': 0.38241591249284557, 'subsample': 0.7456520223932994, 'colsample_bytree': 0.23661669964755117, 'learning_rate': 0.3648090802031757, 'reg_alpha': 0.23365674170571973, 'reg_lambda': 0.13195622701779908}. Best is trial 715 with value: 0.9377859576434285.
Trial 3176 finished with value: 0.5545033619300546 and parameters: {'max_depth': 9, 'min_child_weight': 4, 'gamma': 0.9226163473451715, 'subsample': 0.4306225153191062, 'colsample_bytree': 0.14209093764713965, 'learning_rate': 0.04735988772269806, 'reg_alpha': 0.0008395635920612843, 'reg_lambda': 0.04816979753088646}. Best is trial 715 with value: 0.9377859576434285.
Trial 3193 finished with value: 0.09702284064740169 and parameters: {'max_depth': 1, 'min_child_weight': 3, 'gamma': 0.6250750739106333, 'subsample': 0.8819246310713503, 'colsample_bytree': 0.15068370110641627, 'learning_rate': 0.7954145250722497, 'reg_alpha': 0.00012375771731259558, 'reg_lambda': 0.8938570538145773}. Best is trial 715 with value: 0.9377859576434285.
Trial 3159 finished with value: 0.9109137368684924 and parameters: {'max_depth': 8, 'min_child_weight': 2, 'gamma': 0.5665792170833965, 'subsample': 0.8621104615463688, 'colsample_bytree': 0.8030430625586897, 'learning_rate': 0.8679595120182445, 'reg_alpha': 0.0005609892858374721, 'reg_lambda': 0.0014742886948630517}. Best is trial 715 with value: 0.9377859576434285.
Trial 3175 finished with value: 0.7934200939312748 and parameters: {'max_depth': 9, 'min_child_weight': 5, 'gamma': 0.3240428852821229, 'subsample': 0.48301374844404543, 'colsample_bytree': 0.41474935101404076, 'learning_rate': 0.6950336671189966, 'reg_alpha': 0.6660514692143635, 'reg_lambda': 1.9189435391190168}. Best is trial 715 with value: 0.9377859576434285.
Trial 3188 finished with value: 0.7505530756523894 and parameters: {'max_depth': 4, 'min_child_weight': 3, 'gamma': 0.3470503973891381, 'subsample': 0.3903569372223409, 'colsample_bytree': 0.9356156203151031, 'learning_rate': 0.35714821124176677, 'reg_alpha': 0.25239745110645206, 'reg_lambda': 5.728041718904364}. Best is trial 715 with value: 0.9377859576434285.
Trial 3186 finished with value: -1665682.8310518973 and parameters: {'max_depth': 10, 'min_child_weight': 5, 'gamma': 0.30088797326648786, 'subsample': 0.16289265984634915, 'colsample_bytree': 0.5001582303776252, 'learning_rate': 0.9446534744807521, 'reg_alpha': 0.00012482605743556653, 'reg_lambda': 0.004207141656881619}. Best is trial 715 with value: 0.9377859576434285.
Trial 3174 finished with value: 0.7432124955612981 and parameters: {'max_depth': 10, 'min_child_weight': 4, 'gamma': 0.9297704276479873, 'subsample': 0.42718371332358995, 'colsample_bytree': 0.6334481405956545, 'learning_rate': 0.8419310485677349, 'reg_alpha': 2.8703773942112325, 'reg_lambda': 0.12275890603542132}. Best is trial 715 with value: 0.9377859576434285.
Trial 3178 finished with value: 0.87969305850903 and parameters: {'max_depth': 6, 'min_child_weight': 2, 'gamma': 0.042348540882235164, 'subsample': 0.7761826103875427, 'colsample_bytree': 0.6217326008836255, 'learning_rate': 0.506731486368414, 'reg_alpha': 0.1727595606955803, 'reg_lambda': 0.1770318134300138}. Best is trial 715 with value: 0.9377859576434285.
Trial 3179 finished with value: 0.8703525399666022 and parameters: {'max_depth': 7, 'min_child_weight': 5, 'gamma': 0.5861525692518921, 'subsample': 0.9627242204944154, 'colsample_bytree': 0.4168117375791306, 'learning_rate': 0.544992716076158, 'reg_alpha': 0.44011646555772344, 'reg_lambda': 0.0009198624739803022}. Best is trial 715 with value: 0.9377859576434285.
Trial 3181 finished with value: 0.7249472727641078 and parameters: {'max_depth': 9, 'min_child_weight': 2, 'gamma': 0.5854096377165582, 'subsample': 0.5001393801026858, 'colsample_bytree': 0.2839885980511506, 'learning_rate': 0.04872084615897643, 'reg_alpha': 3.0804923509312903, 'reg_lambda': 1.5567814077162734}. Best is trial 715 with value: 0.9377859576434285.
Trial 3199 finished with value: 0.08256419175362092 and parameters: {'max_depth': 1, 'min_child_weight': 4, 'gamma': 0.5048185259712723, 'subsample': 0.5540538684852376, 'colsample_bytree': 0.7227265533035985, 'learning_rate': 0.19723737182794077, 'reg_alpha': 0.0022020709261933993, 'reg_lambda': 0.00031203760984038027}. Best is trial 715 with value: 0.9377859576434285.
Trial 3172 finished with value: 0.9224874095675683 and parameters: {'max_depth': 8, 'min_child_weight': 5, 'gamma': 0.9134502852822605, 'subsample': 0.9159356717337722, 'colsample_bytree': 0.5755203566372564, 'learning_rate': 0.21505962240763155, 'reg_alpha': 0.02847089329403891, 'reg_lambda': 0.012663467533163577}. Best is trial 715 with value: 0.9377859576434285.
Trial 3198 finished with value: 0.2475195151705501 and parameters: {'max_depth': 2, 'min_child_weight': 1, 'gamma': 0.4233184078123492, 'subsample': 0.2502251795011806, 'colsample_bytree': 0.557330239782064, 'learning_rate': 0.6495967220108374, 'reg_alpha': 0.0009282850168320229, 'reg_lambda': 4.491257402918525}. Best is trial 715 with value: 0.9377859576434285.
Trial 3177 finished with value: 0.7702571398083417 and parameters: {'max_depth': 7, 'min_child_weight': 1, 'gamma': 0.7071968778531728, 'subsample': 0.5529529298153231, 'colsample_bytree': 0.7165990463002919, 'learning_rate': 0.005433985236707128, 'reg_alpha': 0.3801677012909376, 'reg_lambda': 0.005280742985284612}. Best is trial 715 with value: 0.9377859576434285.
Trial 3194 finished with value: -1.9352864871038118 and parameters: {'max_depth': 4, 'min_child_weight': 5, 'gamma': 0.4377029792984871, 'subsample': 0.11798702785882875, 'colsample_bytree': 0.9405344579641494, 'learning_rate': 0.5108181276960095, 'reg_alpha': 2.527521574509324, 'reg_lambda': 0.002877379597104055}. Best is trial 715 with value: 0.9377859576434285.
Trial 3200 finished with value: 1.6580592289427987e-05 and parameters: {'max_depth': 4, 'min_child_weight': 5, 'gamma': 0.049436628790385795, 'subsample': 0.05119578692773186, 'colsample_bytree': 0.036523616878852416, 'learning_rate': 0.12740370704193904, 'reg_alpha': 0.00033093353264388435, 'reg_lambda': 0.27541259255410905}. Best is trial 715 with value: 0.9377859576434285.
