Trial 1543 finished with value: -425068886706.3357 and parameters: {'max_depth': 10, 'min_child_weight': 5, 'gamma': 0.2682625019232353, 'subsample': 0.0829090486757329, 'colsample_bytree': 0.8474262920115341, 'learning_rate': 0.9837265941489014, 'reg_alpha': 0.004997133521196946, 'reg_lambda': 0.00433305729710793}. Best is trial 715 with value: 0.9377859576434285.
Trial 1558 finished with value: 0.08427122204558782 and parameters: {'max_depth': 1, 'min_child_weight': 3, 'gamma': 0.733293925620872, 'subsample': 0.4036363893089817, 'colsample_bytree': 0.7810830005209702, 'learning_rate': 0.28920199407887603, 'reg_alpha': 0.007740711275094606, 'reg_lambda': 0.00014592119389633874}. Best is trial 715 with value: 0.9377859576434285.
Trial 1550 finished with value: 0.5477403618404645 and parameters: {'max_depth': 3, 'min_child_weight': 5, 'gamma': 0.8601970931879815, 'subsample': 0.30879374291602024, 'colsample_bytree': 0.7764656143849679, 'learning_rate': 0.32364069227627856, 'reg_alpha': 0.4285808686613913, 'reg_lambda': 0.01434508638298679}. Best is trial 715 with value: 0.9377859576434285.
Trial 1529 finished with value: 0.8610591363633942 and parameters: {'max_depth': 6, 'min_child_weight': 3, 'gamma': 0.2568175010331405, 'subsample': 0.7965575603980087, 'colsample_bytree': 0.7919066639031814, 'learning_rate': 0.7446142530410316, 'reg_alpha': 0.0003579793877289809, 'reg_lambda': 0.17615496725400093}. Best is trial 715 with value: 0.9377859576434285.
Trial 1532 finished with value: 0.8627386291546828 and parameters: {'max_depth': 7, 'min_child_weight': 1, 'gamma': 0.43474980619235737, 'subsample': 0.5657395636907671, 'colsample_bytree': 0.3687049891994897, 'learning_rate': 0.2614269774550362, 'reg_alpha': 0.12430761311443493, 'reg_lambda': 4.289145752173995}. Best is trial 715 with value: 0.9377859576434285.
Trial 1542 finished with value: 0.5488487007494016 and parameters: {'max_depth': 7, 'min_child_weight': 2, 'gamma': 0.18685899386649707, 'subsample': 0.22520301350575278, 'colsample_bytree': 0.25136697868156377, 'learning_rate': 0.5291680204086889, 'reg_alpha': 4.690847049072267, 'reg_lambda': 1.689862856712885}. Best is trial 715 with value: 0.9377859576434285.
Trial 1536 finished with value: 0.6475947509246652 and parameters: {'max_depth': 10, 'min_child_weight': 3, 'gamma': 0.5557185872739218, 'subsample': 0.3813067973468458, 'colsample_bytree': 0.43073073508278215, 'learning_rate': 0.028824525717646154, 'reg_alpha': 7.551119117888374, 'reg_lambda': 1.6469340756585873}. Best is trial 715 with value: 0.9377859576434285.
Trial 1547 finished with value: 0.8535824907399852 and parameters: {'max_depth': 4, 'min_child_weight': 3, 'gamma': 0.21211289085267582, 'subsample': 0.98794236482758, 'colsample_bytree': 0.9425923177876664, 'learning_rate': 0.26835692931702937, 'reg_alpha': 1.722621087190339, 'reg_lambda': 0.04880036512554544}. Best is trial 715 with value: 0.9377859576434285.
Trial 1554 finished with value: 0.6236776553183583 and parameters: {'max_depth': 3, 'min_child_weight': 1, 'gamma': 0.24945993469062255, 'subsample': 0.6463714933862038, 'colsample_bytree': 0.5610081257677697, 'learning_rate': 0.5196107695890079, 'reg_alpha': 0.0006829967108840784, 'reg_lambda': 0.002024516059760633}. Best is trial 715 with value: 0.9377859576434285.
Trial 1546 finished with value: 0.343711394786419 and parameters: {'max_depth': 7, 'min_child_weight': 4, 'gamma': 0.4516412300651744, 'subsample': 0.3877309825314892, 'colsample_bytree': 0.09281575409854326, 'learning_rate': 0.525216847884751, 'reg_alpha': 0.024588893164494426, 'reg_lambda': 0.0037659134215614243}. Best is trial 715 with value: 0.9377859576434285.
Trial 1557 finished with value: 0.6758373710225329 and parameters: {'max_depth': 3, 'min_child_weight': 2, 'gamma': 0.6502705885367447, 'subsample': 0.8488613652162381, 'colsample_bytree': 0.9544545830657057, 'learning_rate': 0.15862258435739218, 'reg_alpha': 2.614573376554011, 'reg_lambda': 0.0661691070489747}. Best is trial 715 with value: 0.9377859576434285.
Trial 1512 finished with value: 0.9129642982216166 and parameters: {'max_depth': 10, 'min_child_weight': 1, 'gamma': 0.2696295741263208, 'subsample': 0.7943965741294826, 'colsample_bytree': 0.8941893092730524, 'learning_rate': 0.4788473223608619, 'reg_alpha': 0.18342811920780236, 'reg_lambda': 7.539665157701242}. Best is trial 715 with value: 0.9377859576434285.
Trial 1561 finished with value: 0.6378998077025112 and parameters: {'max_depth': 3, 'min_child_weight': 2, 'gamma': 0.8643928033250377, 'subsample': 0.5295489596404208, 'colsample_bytree': 0.7425330920926829, 'learning_rate': 0.27061706951941744, 'reg_alpha': 0.0010805067256054318, 'reg_lambda': 0.00015155337824016487}. Best is trial 715 with value: 0.9377859576434285.
Trial 1540 finished with value: 0.8722197869973669 and parameters: {'max_depth': 7, 'min_child_weight': 1, 'gamma': 0.9915036775491296, 'subsample': 0.7995774215848145, 'colsample_bytree': 0.41164735613108083, 'learning_rate': 0.46358433051709114, 'reg_alpha': 0.06003244779929831, 'reg_lambda': 0.07081908656925821}. Best is trial 715 with value: 0.9377859576434285.
Trial 1555 finished with value: 0.6188748087051458 and parameters: {'max_depth': 4, 'min_child_weight': 1, 'gamma': 0.11364763601257932, 'subsample': 0.47068468962476795, 'colsample_bytree': 0.42386964050159404, 'learning_rate': 0.6873724662266877, 'reg_alpha': 0.01609157595021, 'reg_lambda': 0.6676564508314674}. Best is trial 715 with value: 0.9377859576434285.
Trial 1541 finished with value: 0.766837531366418 and parameters: {'max_depth': 7, 'min_child_weight': 2, 'gamma': 0.16961289469785445, 'subsample': 0.38602445383280637, 'colsample_bytree': 0.605105018654505, 'learning_rate': 0.6170475136565665, 'reg_alpha': 0.04387240298324694, 'reg_lambda': 0.01164825847254443}. Best is trial 715 with value: 0.9377859576434285.
Trial 1568 finished with value: 0.4195852097137944 and parameters: {'max_depth': 2, 'min_child_weight': 1, 'gamma': 0.2761236329915677, 'subsample': 0.41913394640752744, 'colsample_bytree': 0.19998245980265894, 'learning_rate': 0.1627847154608184, 'reg_alpha': 0.003701560413682916, 'reg_lambda': 0.0009617808547184247}. Best is trial 715 with value: 0.9377859576434285.
Trial 1528 finished with value: 0.899308531551229 and parameters: {'max_depth': 9, 'min_child_weight': 4, 'gamma': 0.5262831767003714, 'subsample': 0.9432270217446832, 'colsample_bytree': 0.7939719256714008, 'learning_rate': 0.9635249020897477, 'reg_alpha': 0.1752322837836816, 'reg_lambda': 0.16950192344594273}. Best is trial 715 with value: 0.9377859576434285.
Trial 1562 finished with value: 0.4777398798779681 and parameters: {'max_depth': 5, 'min_child_weight': 4, 'gamma': 0.5296793155485023, 'subsample': 0.8209152784276872, 'colsample_bytree': 0.10182928889857457, 'learning_rate': 0.4110100550184388, 'reg_alpha': 0.028648126874808406, 'reg_lambda': 0.08569208361563713}. Best is trial 715 with value: 0.9377859576434285.
Trial 1560 finished with value: -3.6474705285624585 and parameters: {'max_depth': 7, 'min_child_weight': 3, 'gamma': 0.9951166683664986, 'subsample': 0.08004851596638152, 'colsample_bytree': 0.423359513407504, 'learning_rate': 0.43694145173885013, 'reg_alpha': 1.00311554166745, 'reg_lambda': 0.01600105901371352}. Best is trial 715 with value: 0.9377859576434285.
Trial 1569 finished with value: 0.4227083486093628 and parameters: {'max_depth': 2, 'min_child_weight': 4, 'gamma': 0.14055347415752462, 'subsample': 0.3908367229745605, 'colsample_bytree': 0.9514503884265925, 'learning_rate': 0.15262181362636773, 'reg_alpha': 0.25967978515982143, 'reg_lambda': 0.000585963752780998}. Best is trial 715 with value: 0.9377859576434285.
Trial 1563 finished with value: -0.00048208262851981985 and parameters: {'max_depth': 6, 'min_child_weight': 5, 'gamma': 0.5640406049513007, 'subsample': 0.4959198672068277, 'colsample_bytree': 0.08592929135017002, 'learning_rate': 0.8319489331301679, 'reg_alpha': 7.709832899783567, 'reg_lambda': 0.00013952585402074506}. Best is trial 715 with value: 0.9377859576434285.
Trial 1556 finished with value: 0.6478375755612925 and parameters: {'max_depth': 5, 'min_child_weight': 2, 'gamma': 0.2391446384267023, 'subsample': 0.4733099142296402, 'colsample_bytree': 0.37757930751445135, 'learning_rate': 0.024890453088644793, 'reg_alpha': 0.00047855187521122307, 'reg_lambda': 0.7048254592522507}. Best is trial 715 with value: 0.9377859576434285.
Trial 1575 finished with value: -0.7092282499546076 and parameters: {'max_depth': 1, 'min_child_weight': 2, 'gamma': 0.3810183652118222, 'subsample': 0.3503734092256865, 'colsample_bytree': 0.5704043056893989, 'learning_rate': 0.002668887376166773, 'reg_alpha': 0.054388796993210885, 'reg_lambda': 0.022852909274700683}. Best is trial 715 with value: 0.9377859576434285.
Trial 1567 finished with value: 0.0349559271935043 and parameters: {'max_depth': 4, 'min_child_weight': 4, 'gamma': 0.6071120853027987, 'subsample': 0.4063777669393944, 'colsample_bytree': 0.08739692555696976, 'learning_rate': 0.5804919672585552, 'reg_alpha': 0.001076803221797818, 'reg_lambda': 0.011184433120670127}. Best is trial 715 with value: 0.9377859576434285.
Trial 1553 finished with value: -15523.80514501082 and parameters: {'max_depth': 7, 'min_child_weight': 5, 'gamma': 0.5168028380275909, 'subsample': 0.2575131736577545, 'colsample_bytree': 0.9298135551045601, 'learning_rate': 0.8872072643490058, 'reg_alpha': 0.175139835663246, 'reg_lambda': 0.0002678054256289714}. Best is trial 715 with value: 0.9377859576434285.
Trial 1564 finished with value: -0.03281083757754727 and parameters: {'max_depth': 9, 'min_child_weight': 4, 'gamma': 0.21711861650440445, 'subsample': 0.21954467966635738, 'colsample_bytree': 0.04948428555436335, 'learning_rate': 0.7131471537479356, 'reg_alpha': 0.0014410314062235513, 'reg_lambda': 2.059185027467805}. Best is trial 715 with value: 0.9377859576434285.
Trial 1573 finished with value: 0.006340242344541669 and parameters: {'max_depth': 3, 'min_child_weight': 1, 'gamma': 0.6495725389224031, 'subsample': 0.2688201320700463, 'colsample_bytree': 0.08338446521707366, 'learning_rate': 0.6180101549464384, 'reg_alpha': 1.1040951640303789, 'reg_lambda': 0.4924780089442886}. Best is trial 715 with value: 0.9377859576434285.
Trial 1580 finished with value: 0.1017859838093649 and parameters: {'max_depth': 1, 'min_child_weight': 5, 'gamma': 0.6428202835745817, 'subsample': 0.7251281973188958, 'colsample_bytree': 0.9436624073645936, 'learning_rate': 0.3832705763509786, 'reg_alpha': 0.01895203979704608, 'reg_lambda': 5.9412100883173045}. Best is trial 715 with value: 0.9377859576434285.
Trial 1571 finished with value: 0.4746557733074278 and parameters: {'max_depth': 3, 'min_child_weight': 4, 'gamma': 0.7399408042589505, 'subsample': 0.2517160420074581, 'colsample_bytree': 0.2725672925968382, 'learning_rate': 0.09647562724223768, 'reg_alpha': 0.11675270292181344, 'reg_lambda': 0.18890816343676725}. Best is trial 715 with value: 0.9377859576434285.
Trial 1545 finished with value: 0.868702402890717 and parameters: {'max_depth': 10, 'min_child_weight': 4, 'gamma': 0.014542636398094277, 'subsample': 0.4592969198402279, 'colsample_bytree': 0.6363326602799814, 'learning_rate': 0.28323486958449673, 'reg_alpha': 0.08672826464675965, 'reg_lambda': 0.0018754475962204215}. Best is trial 715 with value: 0.9377859576434285.
Trial 1576 finished with value: 0.030345720015576894 and parameters: {'max_depth': 2, 'min_child_weight': 2, 'gamma': 0.36013228044126877, 'subsample': 0.2281893365589437, 'colsample_bytree': 0.569782073466482, 'learning_rate': 0.6614647983989711, 'reg_alpha': 0.26960526333513574, 'reg_lambda': 0.043862118264688374}. Best is trial 715 with value: 0.9377859576434285.
Trial 1587 finished with value: 0.023815302113859717 and parameters: {'max_depth': 1, 'min_child_weight': 3, 'gamma': 0.817835103448468, 'subsample': 0.5201431487846374, 'colsample_bytree': 0.29409752371065845, 'learning_rate': 0.8168455486552835, 'reg_alpha': 0.14603785431295904, 'reg_lambda': 0.17230247489696573}. Best is trial 715 with value: 0.9377859576434285.
Trial 1574 finished with value: 0.7125259794629213 and parameters: {'max_depth': 3, 'min_child_weight': 3, 'gamma': 0.6116960455061488, 'subsample': 0.8692749421225995, 'colsample_bytree': 0.9737789267592332, 'learning_rate': 0.36904226690187114, 'reg_alpha': 0.0003856529124450715, 'reg_lambda': 9.141251198188659}. Best is trial 715 with value: 0.9377859576434285.
Trial 1570 finished with value: -2147.274034905754 and parameters: {'max_depth': 10, 'min_child_weight': 2, 'gamma': 0.29146001754208783, 'subsample': 0.04323553856366669, 'colsample_bytree': 0.5079072036100605, 'learning_rate': 0.46570463605732626, 'reg_alpha': 0.004002695140509715, 'reg_lambda': 0.026141755721880204}. Best is trial 715 with value: 0.9377859576434285.
Trial 1583 finished with value: 0.39404532267585374 and parameters: {'max_depth': 2, 'min_child_weight': 2, 'gamma': 0.3766008944980094, 'subsample': 0.42705010566410706, 'colsample_bytree': 0.988085190677894, 'learning_rate': 0.5371580134203313, 'reg_alpha': 1.6095739549271424, 'reg_lambda': 0.0005703079817562823}. Best is trial 715 with value: 0.9377859576434285.
Trial 1577 finished with value: -8.320127877603529e+36 and parameters: {'max_depth': 4, 'min_child_weight': 1, 'gamma': 0.824230458429771, 'subsample': 0.060227554762879665, 'colsample_bytree': 0.5436495723859687, 'learning_rate': 0.8599902971656542, 'reg_alpha': 0.03172458533936218, 'reg_lambda': 0.006534581824353348}. Best is trial 715 with value: 0.9377859576434285.
Trial 1565 finished with value: 0.6991714414698752 and parameters: {'max_depth': 6, 'min_child_weight': 5, 'gamma': 0.5911119044586386, 'subsample': 0.6932628886477281, 'colsample_bytree': 0.2575813495085545, 'learning_rate': 0.8903808540147378, 'reg_alpha': 1.4251208496283296, 'reg_lambda': 0.0011871138915867854}. Best is trial 715 with value: 0.9377859576434285.
Trial 1593 finished with value: 0.09191658221219332 and parameters: {'max_depth': 1, 'min_child_weight': 4, 'gamma': 0.4578324604734042, 'subsample': 0.8511869717668754, 'colsample_bytree': 0.846650788761087, 'learning_rate': 0.07914802123992515, 'reg_alpha': 0.010139865036530755, 'reg_lambda': 6.422292306174052}. Best is trial 715 with value: 0.9377859576434285.
Trial 1572 finished with value: 0.34095559484938365 and parameters: {'max_depth': 8, 'min_child_weight': 2, 'gamma': 0.29445277527231717, 'subsample': 0.1756595843879658, 'colsample_bytree': 0.12387148974893403, 'learning_rate': 0.25910881147722, 'reg_alpha': 6.3740354715768515, 'reg_lambda': 0.11958202386174313}. Best is trial 715 with value: 0.9377859576434285.
Trial 1586 finished with value: 0.6251058996863479 and parameters: {'max_depth': 3, 'min_child_weight': 3, 'gamma': 0.9053794776156793, 'subsample': 0.4304207800470088, 'colsample_bytree': 0.7340310297624358, 'learning_rate': 0.4588035903105335, 'reg_alpha': 0.6652245614918777, 'reg_lambda': 0.00346735358307169}. Best is trial 715 with value: 0.9377859576434285.
Trial 1592 finished with value: 0.452156226430886 and parameters: {'max_depth': 2, 'min_child_weight': 5, 'gamma': 0.5828557891285331, 'subsample': 0.9074084468057299, 'colsample_bytree': 0.3755097522899201, 'learning_rate': 0.9125078309395991, 'reg_alpha': 4.574368312955288, 'reg_lambda': 0.01375578509860855}. Best is trial 715 with value: 0.9377859576434285.
Trial 1549 finished with value: 0.9108091666043813 and parameters: {'max_depth': 10, 'min_child_weight': 1, 'gamma': 0.281784353182985, 'subsample': 0.8889561541796974, 'colsample_bytree': 0.6360188362342125, 'learning_rate': 0.5664269071712845, 'reg_alpha': 0.2081453387287798, 'reg_lambda': 5.403799629201863}. Best is trial 715 with value: 0.9377859576434285.
Trial 1552 finished with value: 0.9300506828847592 and parameters: {'max_depth': 9, 'min_child_weight': 5, 'gamma': 0.0899908135148988, 'subsample': 0.6954494509776077, 'colsample_bytree': 0.9853775198035227, 'learning_rate': 0.38583391987417137, 'reg_alpha': 0.030796735971441346, 'reg_lambda': 0.0798597467414096}. Best is trial 715 with value: 0.9377859576434285.
Trial 1590 finished with value: 0.40955753682344836 and parameters: {'max_depth': 3, 'min_child_weight': 2, 'gamma': 0.014224860750972401, 'subsample': 0.22122642253562552, 'colsample_bytree': 0.32785060030710966, 'learning_rate': 0.02645790273353177, 'reg_alpha': 1.6282685909927919, 'reg_lambda': 1.801316191662979}. Best is trial 715 with value: 0.9377859576434285.
Trial 1566 finished with value: 0.908005150601524 and parameters: {'max_depth': 6, 'min_child_weight': 1, 'gamma': 0.4938466305396154, 'subsample': 0.6073372669165711, 'colsample_bytree': 0.8828067498903731, 'learning_rate': 0.18620919055006402, 'reg_alpha': 0.20633095071870924, 'reg_lambda': 1.0613728386221586}. Best is trial 715 with value: 0.9377859576434285.
Trial 1594 finished with value: 0.02948249355503225 and parameters: {'max_depth': 5, 'min_child_weight': 5, 'gamma': 0.7363013601003706, 'subsample': 0.44577553467337916, 'colsample_bytree': 0.035944495269127574, 'learning_rate': 0.7507510995683048, 'reg_alpha': 1.098807319973107, 'reg_lambda': 0.000502462791793909}. Best is trial 715 with value: 0.9377859576434285.
Trial 1597 finished with value: 0.5907839154450927 and parameters: {'max_depth': 3, 'min_child_weight': 4, 'gamma': 0.5209450308457101, 'subsample': 0.9796689065545388, 'colsample_bytree': 0.31295658289526596, 'learning_rate': 0.17911014073859144, 'reg_alpha': 0.11766618344121316, 'reg_lambda': 1.3789792234716245}. Best is trial 715 with value: 0.9377859576434285.
Trial 1596 finished with value: 0.573321465327983 and parameters: {'max_depth': 3, 'min_child_weight': 3, 'gamma': 0.48374377390881984, 'subsample': 0.6776727702673321, 'colsample_bytree': 0.33887314633984567, 'learning_rate': 0.13668057407138423, 'reg_alpha': 0.09027699109517155, 'reg_lambda': 0.018368768451660234}. Best is trial 715 with value: 0.9377859576434285.
Trial 1581 finished with value: 0.8244421446866556 and parameters: {'max_depth': 6, 'min_child_weight': 1, 'gamma': 0.9135036781103443, 'subsample': 0.9992464530434978, 'colsample_bytree': 0.2114814475075406, 'learning_rate': 0.948969395470409, 'reg_alpha': 0.00011502057824038279, 'reg_lambda': 0.04350881886786466}. Best is trial 715 with value: 0.9377859576434285.
Trial 1600 finished with value: 0.6830769143484271 and parameters: {'max_depth': 3, 'min_child_weight': 3, 'gamma': 0.058622657964642944, 'subsample': 0.9928471586835885, 'colsample_bytree': 0.29083083740518234, 'learning_rate': 0.726789852916703, 'reg_alpha': 0.055682438192128855, 'reg_lambda': 0.0973410788962457}. Best is trial 715 with value: 0.9377859576434285.
Trial 1599 finished with value: 0.6567254917515889 and parameters: {'max_depth': 3, 'min_child_weight': 3, 'gamma': 0.59137156128504, 'subsample': 0.6798866095369881, 'colsample_bytree': 0.8472541603156147, 'learning_rate': 0.17359517803020463, 'reg_alpha': 0.0003366090345717065, 'reg_lambda': 0.000515327307342427}. Best is trial 715 with value: 0.9377859576434285.
Trial 1604 finished with value: 0.48285780790797445 and parameters: {'max_depth': 2, 'min_child_weight': 1, 'gamma': 0.36404187678961475, 'subsample': 0.9712364984058801, 'colsample_bytree': 0.5526609804622322, 'learning_rate': 0.4693978202119452, 'reg_alpha': 0.00010773246107460221, 'reg_lambda': 0.396489372217095}. Best is trial 715 with value: 0.9377859576434285.
Trial 1610 finished with value: 0.07088438057385063 and parameters: {'max_depth': 1, 'min_child_weight': 2, 'gamma': 0.8491917894305112, 'subsample': 0.5457218052541483, 'colsample_bytree': 0.3375697125769731, 'learning_rate': 0.2757370123385885, 'reg_alpha': 0.005424979162170729, 'reg_lambda': 0.5374888048043314}. Best is trial 715 with value: 0.9377859576434285.
Trial 1585 finished with value: 0.5287723863111338 and parameters: {'max_depth': 9, 'min_child_weight': 4, 'gamma': 0.2917257955950001, 'subsample': 0.3024542058379561, 'colsample_bytree': 0.40104132067210096, 'learning_rate': 0.5044802756727798, 'reg_alpha': 0.11643833259757554, 'reg_lambda': 0.1028682687915814}. Best is trial 715 with value: 0.9377859576434285.
Trial 1559 finished with value: 0.8371572336466391 and parameters: {'max_depth': 10, 'min_child_weight': 1, 'gamma': 0.917020467825043, 'subsample': 0.35859702293377516, 'colsample_bytree': 0.8958733714703645, 'learning_rate': 0.7566624389303549, 'reg_alpha': 0.00022738055707738762, 'reg_lambda': 0.40443290608410815}. Best is trial 715 with value: 0.9377859576434285.
Trial 1584 finished with value: 0.9028937338413675 and parameters: {'max_depth': 9, 'min_child_weight': 2, 'gamma': 0.43330894390505015, 'subsample': 0.6322596643982329, 'colsample_bytree': 0.8765187804017439, 'learning_rate': 0.5250071134393266, 'reg_alpha': 3.402986965890072, 'reg_lambda': 2.103999708225614}. Best is trial 715 with value: 0.9377859576434285.
Trial 1579 finished with value: 0.8063838569173652 and parameters: {'max_depth': 10, 'min_child_weight': 5, 'gamma': 0.624780351101121, 'subsample': 0.48684338173380803, 'colsample_bytree': 0.7806382416440416, 'learning_rate': 0.7998796930522553, 'reg_alpha': 1.2352303207623259, 'reg_lambda': 0.19697385623189873}. Best is trial 715 with value: 0.9377859576434285.
Trial 1605 finished with value: 0.733347707870393 and parameters: {'max_depth': 4, 'min_child_weight': 4, 'gamma': 0.2283720016127776, 'subsample': 0.8420778133073761, 'colsample_bytree': 0.28163965700285076, 'learning_rate': 0.8327329552898619, 'reg_alpha': 0.9336924853811908, 'reg_lambda': 0.6568590377165321}. Best is trial 715 with value: 0.9377859576434285.
