Trial 296 finished with value: 0.8376333152783955 and parameters: {'max_depth': 5, 'min_child_weight': 2, 'gamma': 0.7313732163029, 'subsample': 0.7227741200899144, 'colsample_bytree': 0.4361416313843528, 'learning_rate': 0.40156517987583906, 'reg_alpha': 0.07738526090917885, 'reg_lambda': 0.0020375019498006623}. Best is trial 180 with value: 0.9235830641236769.
Trial 320 finished with value: -0.44553822929271136 and parameters: {'max_depth': 1, 'min_child_weight': 3, 'gamma': 0.4509887628174042, 'subsample': 0.07843836956838979, 'colsample_bytree': 0.636519950065962, 'learning_rate': 0.6231942970339384, 'reg_alpha': 5.2556960833365025, 'reg_lambda': 0.0013796498583014333}. Best is trial 180 with value: 0.9235830641236769.
Trial 307 finished with value: 0.4710484384238104 and parameters: {'max_depth': 7, 'min_child_weight': 5, 'gamma': 0.09389925696584345, 'subsample': 0.14106119888426993, 'colsample_bytree': 0.87113032430573, 'learning_rate': 0.05331226525251409, 'reg_alpha': 0.2875525288619527, 'reg_lambda': 6.149653414417225}. Best is trial 180 with value: 0.9235830641236769.
Trial 321 finished with value: 0.08926373154543357 and parameters: {'max_depth': 1, 'min_child_weight': 1, 'gamma': 0.8712263056732975, 'subsample': 0.5473854327797332, 'colsample_bytree': 0.24959098005731561, 'learning_rate': 0.04990669875500264, 'reg_alpha': 0.13608302453759652, 'reg_lambda': 0.002992950014185479}. Best is trial 180 with value: 0.9235830641236769.
Trial 316 finished with value: 0.48611022990275665 and parameters: {'max_depth': 3, 'min_child_weight': 5, 'gamma': 0.569261245321955, 'subsample': 0.18616205942778852, 'colsample_bytree': 0.998117778858361, 'learning_rate': 0.04573837965590999, 'reg_alpha': 0.020619600211956007, 'reg_lambda': 0.0047297784932523205}. Best is trial 180 with value: 0.9235830641236769.
Trial 318 finished with value: -3.107002006365883e+26 and parameters: {'max_depth': 3, 'min_child_weight': 2, 'gamma': 0.708963447918357, 'subsample': 0.039994680341767896, 'colsample_bytree': 0.6475887717733635, 'learning_rate': 0.79267583355089, 'reg_alpha': 0.18522470579055217, 'reg_lambda': 0.00016599541882324965}. Best is trial 180 with value: 0.9235830641236769.
Trial 300 finished with value: 0.6122582869654576 and parameters: {'max_depth': 6, 'min_child_weight': 1, 'gamma': 0.1784375237663849, 'subsample': 0.13046050775386564, 'colsample_bytree': 0.32880319701495786, 'learning_rate': 0.15462144740288164, 'reg_alpha': 0.20996508972837544, 'reg_lambda': 0.5328598185180072}. Best is trial 180 with value: 0.9235830641236769.
Trial 301 finished with value: -1.592499356028335 and parameters: {'max_depth': 10, 'min_child_weight': 3, 'gamma': 0.8587633865454747, 'subsample': 0.12976678004832143, 'colsample_bytree': 0.4004760759587185, 'learning_rate': 0.4596912238937423, 'reg_alpha': 0.011582916910153961, 'reg_lambda': 0.036232428841851294}. Best is trial 180 with value: 0.9235830641236769.
Trial 306 finished with value: -53.495302930472846 and parameters: {'max_depth': 5, 'min_child_weight': 4, 'gamma': 0.8565406581409569, 'subsample': 0.29882059776271885, 'colsample_bytree': 0.6624479255999508, 'learning_rate': 0.8821653035714238, 'reg_alpha': 0.03285457877385321, 'reg_lambda': 0.12546075512136}. Best is trial 180 with value: 0.9235830641236769.
Trial 324 finished with value: 0.09604276765737986 and parameters: {'max_depth': 1, 'min_child_weight': 2, 'gamma': 0.6105748422496461, 'subsample': 0.8786407465937124, 'colsample_bytree': 0.774238001167988, 'learning_rate': 0.4154982692445953, 'reg_alpha': 0.13628449213766997, 'reg_lambda': 0.022001245761065633}. Best is trial 180 with value: 0.9235830641236769.
Trial 322 finished with value: 0.4704001600501247 and parameters: {'max_depth': 2, 'min_child_weight': 1, 'gamma': 0.15232289630432938, 'subsample': 0.8947964655731444, 'colsample_bytree': 0.962926353485251, 'learning_rate': 0.9603983378857349, 'reg_alpha': 0.3134570132072206, 'reg_lambda': 0.03196641459515001}. Best is trial 180 with value: 0.9235830641236769.
Trial 298 finished with value: 0.8904789292947318 and parameters: {'max_depth': 6, 'min_child_weight': 4, 'gamma': 0.7127597480369211, 'subsample': 0.7912294195572032, 'colsample_bytree': 0.7442549706136029, 'learning_rate': 0.5739892169982903, 'reg_alpha': 0.0005582916679609242, 'reg_lambda': 0.00465992327337289}. Best is trial 180 with value: 0.9235830641236769.
Trial 310 finished with value: 0.8872794257219941 and parameters: {'max_depth': 5, 'min_child_weight': 5, 'gamma': 0.6000182178334117, 'subsample': 0.624080838495736, 'colsample_bytree': 0.9570554790654042, 'learning_rate': 0.8981335397711778, 'reg_alpha': 0.18455318852853317, 'reg_lambda': 3.281857277873119}. Best is trial 180 with value: 0.9235830641236769.
Trial 312 finished with value: 0.7256843481015532 and parameters: {'max_depth': 6, 'min_child_weight': 5, 'gamma': 0.30470890742477497, 'subsample': 0.8818081517828141, 'colsample_bytree': 0.15255242332708785, 'learning_rate': 0.8201029735483031, 'reg_alpha': 0.0016833167394412515, 'reg_lambda': 0.003126022746027043}. Best is trial 180 with value: 0.9235830641236769.
Trial 311 finished with value: 0.5317657357420441 and parameters: {'max_depth': 6, 'min_child_weight': 3, 'gamma': 0.8492654168866617, 'subsample': 0.18716764486391202, 'colsample_bytree': 0.23708576155216587, 'learning_rate': 0.09524062242072373, 'reg_alpha': 0.002535237918262892, 'reg_lambda': 0.013599094385515447}. Best is trial 180 with value: 0.9235830641236769.
Trial 303 finished with value: 0.9140081757447022 and parameters: {'max_depth': 6, 'min_child_weight': 4, 'gamma': 0.35893586423542745, 'subsample': 0.9404363126754037, 'colsample_bytree': 0.9664543458157713, 'learning_rate': 0.9292075220468995, 'reg_alpha': 0.058387393877167564, 'reg_lambda': 0.0021396994448106316}. Best is trial 180 with value: 0.9235830641236769.
Trial 299 finished with value: 0.8755869968130899 and parameters: {'max_depth': 9, 'min_child_weight': 1, 'gamma': 0.8418318152125219, 'subsample': 0.9288755964494717, 'colsample_bytree': 0.262796283548114, 'learning_rate': 0.1992443531731949, 'reg_alpha': 0.000866534359060777, 'reg_lambda': 0.45761211292562787}. Best is trial 180 with value: 0.9235830641236769.
Trial 319 finished with value: 0.5814753539106787 and parameters: {'max_depth': 10, 'min_child_weight': 3, 'gamma': 0.8062447141162006, 'subsample': 0.13297880848646293, 'colsample_bytree': 0.9850413699291137, 'learning_rate': 0.15823945143203222, 'reg_alpha': 0.01237630021052429, 'reg_lambda': 5.392830839840325}. Best is trial 180 with value: 0.9235830641236769.
Trial 302 finished with value: 0.8198671965629194 and parameters: {'max_depth': 10, 'min_child_weight': 4, 'gamma': 0.8408407349085966, 'subsample': 0.4373632521379992, 'colsample_bytree': 0.7565472737770306, 'learning_rate': 0.08938309700411728, 'reg_alpha': 4.691097824474138, 'reg_lambda': 0.2668860104703889}. Best is trial 180 with value: 0.9235830641236769.
Trial 333 finished with value: 0.24788842752184398 and parameters: {'max_depth': 2, 'min_child_weight': 3, 'gamma': 0.3478007689419601, 'subsample': 0.3896870877673033, 'colsample_bytree': 0.4570756132269501, 'learning_rate': 0.6541522133755753, 'reg_alpha': 0.000575708229165175, 'reg_lambda': 0.0006735040017090446}. Best is trial 180 with value: 0.9235830641236769.
Trial 297 finished with value: 0.9047889174716186 and parameters: {'max_depth': 9, 'min_child_weight': 1, 'gamma': 0.7120172451773558, 'subsample': 0.8654154074653783, 'colsample_bytree': 0.5355816178770133, 'learning_rate': 0.30090105066280903, 'reg_alpha': 0.3010611638128096, 'reg_lambda': 0.0001792918500992445}. Best is trial 180 with value: 0.9235830641236769.
Trial 315 finished with value: 0.7666911960775499 and parameters: {'max_depth': 8, 'min_child_weight': 3, 'gamma': 0.02651424175749273, 'subsample': 0.965926148499529, 'colsample_bytree': 0.1590800232272943, 'learning_rate': 0.7553050780059117, 'reg_alpha': 0.004855850527985367, 'reg_lambda': 0.07260485213206706}. Best is trial 180 with value: 0.9235830641236769.
Trial 313 finished with value: 0.698274029129417 and parameters: {'max_depth': 7, 'min_child_weight': 2, 'gamma': 0.4112252644740778, 'subsample': 0.1751036017558325, 'colsample_bytree': 0.5360364145664166, 'learning_rate': 0.19229597450269797, 'reg_alpha': 1.0961702091761905, 'reg_lambda': 0.007663923058603098}. Best is trial 180 with value: 0.9235830641236769.
Trial 338 finished with value: -0.6309855539428343 and parameters: {'max_depth': 1, 'min_child_weight': 5, 'gamma': 0.3697920816506438, 'subsample': 0.13031530484446396, 'colsample_bytree': 0.6250027237176199, 'learning_rate': 0.7968100947612149, 'reg_alpha': 0.00653081447287213, 'reg_lambda': 0.00022847787156210386}. Best is trial 180 with value: 0.9235830641236769.
Trial 317 finished with value: 0.8499567216055187 and parameters: {'max_depth': 6, 'min_child_weight': 4, 'gamma': 0.24112439241863504, 'subsample': 0.6189323126790961, 'colsample_bytree': 0.4767794178345912, 'learning_rate': 0.23840224301196067, 'reg_alpha': 0.01746961610390117, 'reg_lambda': 0.009264909553472103}. Best is trial 180 with value: 0.9235830641236769.
Trial 339 finished with value: 0.07185303963842984 and parameters: {'max_depth': 1, 'min_child_weight': 1, 'gamma': 0.14452698400682906, 'subsample': 0.5876937765875395, 'colsample_bytree': 0.08212536532312664, 'learning_rate': 0.3508477579748642, 'reg_alpha': 0.00013593528645415576, 'reg_lambda': 0.550891092538466}. Best is trial 180 with value: 0.9235830641236769.
Trial 342 finished with value: 0.05436052439369612 and parameters: {'max_depth': 1, 'min_child_weight': 1, 'gamma': 0.4939108073087002, 'subsample': 0.6007390249283614, 'colsample_bytree': 0.8513249762918962, 'learning_rate': 0.6845358543401848, 'reg_alpha': 0.045021278249100974, 'reg_lambda': 0.0561796051669668}. Best is trial 180 with value: 0.9235830641236769.
Trial 314 finished with value: 0.8801306738632422 and parameters: {'max_depth': 7, 'min_child_weight': 2, 'gamma': 0.3105588276263127, 'subsample': 0.4327384431919089, 'colsample_bytree': 0.7934675504140779, 'learning_rate': 0.05621335819338513, 'reg_alpha': 1.7755915414932775, 'reg_lambda': 0.008260844745416331}. Best is trial 180 with value: 0.9235830641236769.
Trial 305 finished with value: 0.911433055763963 and parameters: {'max_depth': 10, 'min_child_weight': 4, 'gamma': 0.9320511907520832, 'subsample': 0.8768515445642483, 'colsample_bytree': 0.5583767766292411, 'learning_rate': 0.3333792035003529, 'reg_alpha': 0.021845263737501314, 'reg_lambda': 0.0023279854582664255}. Best is trial 180 with value: 0.9235830641236769.
Trial 330 finished with value: 0.6170807869100539 and parameters: {'max_depth': 5, 'min_child_weight': 2, 'gamma': 0.49895518184218624, 'subsample': 0.1798924375244656, 'colsample_bytree': 0.43426481751392976, 'learning_rate': 0.06659287787151946, 'reg_alpha': 0.10820502600139145, 'reg_lambda': 0.00012974721343790837}. Best is trial 180 with value: 0.9235830641236769.
Trial 335 finished with value: 0.6763600420409845 and parameters: {'max_depth': 4, 'min_child_weight': 1, 'gamma': 0.3350342940411344, 'subsample': 0.5799358407851662, 'colsample_bytree': 0.3746072875383507, 'learning_rate': 0.10308301679198728, 'reg_alpha': 7.7033037056552995, 'reg_lambda': 0.10632067739427012}. Best is trial 180 with value: 0.9235830641236769.
Trial 349 finished with value: 0.09143768300048073 and parameters: {'max_depth': 1, 'min_child_weight': 2, 'gamma': 0.8891243767579662, 'subsample': 0.34773239855353455, 'colsample_bytree': 0.6820096720545221, 'learning_rate': 0.018559771954295257, 'reg_alpha': 0.00020241599177193414, 'reg_lambda': 0.0023787284588081964}. Best is trial 180 with value: 0.9235830641236769.
Trial 327 finished with value: 0.863094287538532 and parameters: {'max_depth': 7, 'min_child_weight': 1, 'gamma': 0.31248714097201014, 'subsample': 0.8727963504695365, 'colsample_bytree': 0.9981493227236649, 'learning_rate': 0.8671839546740393, 'reg_alpha': 2.362545981926991, 'reg_lambda': 0.025774298566445194}. Best is trial 180 with value: 0.9235830641236769.
Trial 354 finished with value: 0.08589197928000913 and parameters: {'max_depth': 1, 'min_child_weight': 1, 'gamma': 0.07882034664488125, 'subsample': 0.40834089236049964, 'colsample_bytree': 0.3264193215398852, 'learning_rate': 0.02069176580543708, 'reg_alpha': 0.00036712529682611186, 'reg_lambda': 0.012511938868338698}. Best is trial 180 with value: 0.9235830641236769.
Trial 348 finished with value: -1.2238901352171246e+17 and parameters: {'max_depth': 6, 'min_child_weight': 2, 'gamma': 0.6148926835620466, 'subsample': 0.04873456559861922, 'colsample_bytree': 0.7004641694459762, 'learning_rate': 0.8044215211723679, 'reg_alpha': 0.0015053871499678983, 'reg_lambda': 0.4949890657221144}. Best is trial 180 with value: 0.9235830641236769.
Trial 341 finished with value: 0.35716261289200446 and parameters: {'max_depth': 7, 'min_child_weight': 4, 'gamma': 0.4488612866124224, 'subsample': 0.17535569633981196, 'colsample_bytree': 0.17119748916288113, 'learning_rate': 0.20574791359377342, 'reg_alpha': 0.007485751255351201, 'reg_lambda': 0.0003670923012466966}. Best is trial 180 with value: 0.9235830641236769.
Trial 328 finished with value: 0.9175620282983515 and parameters: {'max_depth': 7, 'min_child_weight': 5, 'gamma': 0.06938233422558582, 'subsample': 0.586441795102954, 'colsample_bytree': 0.8334953762567904, 'learning_rate': 0.34424283752091156, 'reg_alpha': 0.3763831835989826, 'reg_lambda': 0.0010817263958194795}. Best is trial 180 with value: 0.9235830641236769.
Trial 353 finished with value: 0.46674867553430127 and parameters: {'max_depth': 2, 'min_child_weight': 2, 'gamma': 0.37239769190473726, 'subsample': 0.8776752396934175, 'colsample_bytree': 0.401091543635246, 'learning_rate': 0.7539196474766268, 'reg_alpha': 5.812980023557276, 'reg_lambda': 1.1160619634145645}. Best is trial 180 with value: 0.9235830641236769.
Trial 323 finished with value: 0.8990823385476319 and parameters: {'max_depth': 9, 'min_child_weight': 5, 'gamma': 0.12859601082458538, 'subsample': 0.5674516270744575, 'colsample_bytree': 0.9965441202752293, 'learning_rate': 0.42773287544041994, 'reg_alpha': 0.0005092757960336537, 'reg_lambda': 0.6455265891799525}. Best is trial 180 with value: 0.9235830641236769.
Trial 351 finished with value: 0.37365794292011606 and parameters: {'max_depth': 3, 'min_child_weight': 3, 'gamma': 0.47582868927125055, 'subsample': 0.32394387736119257, 'colsample_bytree': 0.2560679867471174, 'learning_rate': 0.5846385421519954, 'reg_alpha': 2.4666076516469033, 'reg_lambda': 0.00012787878085831719}. Best is trial 180 with value: 0.9235830641236769.
Trial 352 finished with value: 0.0566339423676123 and parameters: {'max_depth': 5, 'min_child_weight': 3, 'gamma': 0.43233236229195493, 'subsample': 0.36558502572710905, 'colsample_bytree': 0.0884534270694437, 'learning_rate': 0.3982311685169404, 'reg_alpha': 9.499461046385587, 'reg_lambda': 0.043925409241478613}. Best is trial 180 with value: 0.9235830641236769.
Trial 325 finished with value: 0.9241119014369545 and parameters: {'max_depth': 9, 'min_child_weight': 1, 'gamma': 0.5365457437027776, 'subsample': 0.7353557680629521, 'colsample_bytree': 0.5754968918865739, 'learning_rate': 0.3954087041216151, 'reg_alpha': 0.37601442495429954, 'reg_lambda': 0.28217525133981297}. Best is trial 325 with value: 0.9241119014369545.
Trial 344 finished with value: -5.151825777862409 and parameters: {'max_depth': 5, 'min_child_weight': 3, 'gamma': 0.47500862561779955, 'subsample': 0.19172517839797165, 'colsample_bytree': 0.9331324625524791, 'learning_rate': 0.5568130587073628, 'reg_alpha': 0.645441370732697, 'reg_lambda': 0.0005549594869135926}. Best is trial 325 with value: 0.9241119014369545.
Trial 332 finished with value: 0.7432154592706808 and parameters: {'max_depth': 8, 'min_child_weight': 4, 'gamma': 0.6009564273371426, 'subsample': 0.5122909592632683, 'colsample_bytree': 0.5169701494911322, 'learning_rate': 0.9250615113346065, 'reg_alpha': 0.026569241459928544, 'reg_lambda': 0.023269637282318376}. Best is trial 325 with value: 0.9241119014369545.
Trial 343 finished with value: 0.8333778838281627 and parameters: {'max_depth': 5, 'min_child_weight': 1, 'gamma': 0.09363915199481943, 'subsample': 0.345074168565054, 'colsample_bytree': 0.7707686879716154, 'learning_rate': 0.42964740677709023, 'reg_alpha': 2.185692846591445, 'reg_lambda': 0.9822298891642098}. Best is trial 325 with value: 0.9241119014369545.
Trial 357 finished with value: -0.6470966607084692 and parameters: {'max_depth': 9, 'min_child_weight': 3, 'gamma': 0.8972277618706264, 'subsample': 0.009334525053034115, 'colsample_bytree': 0.18352458456485454, 'learning_rate': 0.07737007471014246, 'reg_alpha': 0.09953667486182145, 'reg_lambda': 0.01615211381768487}. Best is trial 325 with value: 0.9241119014369545.
Trial 337 finished with value: 0.9082156683387232 and parameters: {'max_depth': 6, 'min_child_weight': 4, 'gamma': 0.6749906632485368, 'subsample': 0.9514290394045541, 'colsample_bytree': 0.6860598853695996, 'learning_rate': 0.2495181173896026, 'reg_alpha': 0.0006270345674045416, 'reg_lambda': 0.00010588910065921207}. Best is trial 325 with value: 0.9241119014369545.
Trial 336 finished with value: 0.28588703314144587 and parameters: {'max_depth': 10, 'min_child_weight': 4, 'gamma': 0.0037482704072941964, 'subsample': 0.31468593791267907, 'colsample_bytree': 0.35267003763728455, 'learning_rate': 0.6697823904390737, 'reg_alpha': 0.06540432898028072, 'reg_lambda': 0.01570711296399253}. Best is trial 325 with value: 0.9241119014369545.
Trial 331 finished with value: 0.9054116206133312 and parameters: {'max_depth': 7, 'min_child_weight': 2, 'gamma': 0.20117527475047792, 'subsample': 0.9458642564125053, 'colsample_bytree': 0.8310168144145079, 'learning_rate': 0.6684212735668938, 'reg_alpha': 0.047256237682950814, 'reg_lambda': 0.09464834089543447}. Best is trial 325 with value: 0.9241119014369545.
Trial 329 finished with value: -45.11453809607454 and parameters: {'max_depth': 8, 'min_child_weight': 1, 'gamma': 0.2854043384779804, 'subsample': 0.3272216729547671, 'colsample_bytree': 0.6627882660368419, 'learning_rate': 0.6990238716183927, 'reg_alpha': 0.0262892788466277, 'reg_lambda': 0.012354145665942787}. Best is trial 325 with value: 0.9241119014369545.
Trial 358 finished with value: 0.3554991542572412 and parameters: {'max_depth': 2, 'min_child_weight': 2, 'gamma': 0.23740744000222436, 'subsample': 0.31812221100693605, 'colsample_bytree': 0.489914316808322, 'learning_rate': 0.41098250892434185, 'reg_alpha': 0.6598597766985717, 'reg_lambda': 0.08117766834306145}. Best is trial 325 with value: 0.9241119014369545.
Trial 365 finished with value: 0.08262139823824367 and parameters: {'max_depth': 1, 'min_child_weight': 3, 'gamma': 0.26481856403411097, 'subsample': 0.35662696011454087, 'colsample_bytree': 0.48339484899228424, 'learning_rate': 0.07538133914615086, 'reg_alpha': 0.02001210273648344, 'reg_lambda': 1.4294218169230892}. Best is trial 325 with value: 0.9241119014369545.
Trial 347 finished with value: 0.563970110118147 and parameters: {'max_depth': 10, 'min_child_weight': 1, 'gamma': 0.4103280441714269, 'subsample': 0.7299891198861842, 'colsample_bytree': 0.13806954875124666, 'learning_rate': 0.9638766086164934, 'reg_alpha': 0.21981448224849914, 'reg_lambda': 0.003591184818151068}. Best is trial 325 with value: 0.9241119014369545.
Trial 350 finished with value: -1.0962768892919409e+18 and parameters: {'max_depth': 6, 'min_child_weight': 2, 'gamma': 0.4131734157952539, 'subsample': 0.1401022040357328, 'colsample_bytree': 0.23889029614336565, 'learning_rate': 0.9298655218550052, 'reg_alpha': 0.001955110637828082, 'reg_lambda': 0.003961527534088372}. Best is trial 325 with value: 0.9241119014369545.
Trial 363 finished with value: 0.29370594669437394 and parameters: {'max_depth': 2, 'min_child_weight': 2, 'gamma': 0.6551002199530812, 'subsample': 0.08588669887932898, 'colsample_bytree': 0.587401624877631, 'learning_rate': 0.126091073120987, 'reg_alpha': 0.003617491621780568, 'reg_lambda': 0.08444254591768419}. Best is trial 325 with value: 0.9241119014369545.
Trial 371 finished with value: 0.019669380752530986 and parameters: {'max_depth': 1, 'min_child_weight': 5, 'gamma': 0.7619466514469565, 'subsample': 0.0470973094415893, 'colsample_bytree': 0.7121614719706933, 'learning_rate': 0.07284773783027099, 'reg_alpha': 0.12267858729914967, 'reg_lambda': 1.3453217986291934}. Best is trial 325 with value: 0.9241119014369545.
Trial 369 finished with value: 0.4637628719857542 and parameters: {'max_depth': 2, 'min_child_weight': 5, 'gamma': 0.3756293354435398, 'subsample': 0.8846687015948622, 'colsample_bytree': 0.847505269798754, 'learning_rate': 0.0820310212619606, 'reg_alpha': 0.03840012063585385, 'reg_lambda': 0.035597071597074564}. Best is trial 325 with value: 0.9241119014369545.
Trial 334 finished with value: 0.9104789464265041 and parameters: {'max_depth': 9, 'min_child_weight': 5, 'gamma': 0.7130086207557293, 'subsample': 0.9709388513039796, 'colsample_bytree': 0.6500247617184497, 'learning_rate': 0.20773326972578077, 'reg_alpha': 0.0006137139159582166, 'reg_lambda': 0.0016961728143440448}. Best is trial 325 with value: 0.9241119014369545.
Trial 345 finished with value: 0.8740637315676412 and parameters: {'max_depth': 7, 'min_child_weight': 2, 'gamma': 0.5151566146065659, 'subsample': 0.25571266437437745, 'colsample_bytree': 0.7871330236981938, 'learning_rate': 0.2364100939103596, 'reg_alpha': 0.0013936651916618835, 'reg_lambda': 0.0003292450585311367}. Best is trial 325 with value: 0.9241119014369545.
