Trial 199 finished with value: 0.09013129896121742 and parameters: {'max_depth': 1, 'min_child_weight': 4, 'gamma': 0.020668704981211095, 'subsample': 0.9564145154631503, 'colsample_bytree': 0.4705927294656883, 'learning_rate': 0.8790996418653529, 'reg_alpha': 0.012728303370399123, 'reg_lambda': 0.002980169246572139}. Best is trial 47 with value: 0.9163697478669344.
Trial 183 finished with value: 0.5073617509579177 and parameters: {'max_depth': 4, 'min_child_weight': 2, 'gamma': 0.6544938760582878, 'subsample': 0.4460612862855239, 'colsample_bytree': 0.34769574810556747, 'learning_rate': 0.6243054536285725, 'reg_alpha': 0.0004321815575700276, 'reg_lambda': 0.0003119000556497265}. Best is trial 47 with value: 0.9163697478669344.
Trial 176 finished with value: 0.8064185557580065 and parameters: {'max_depth': 5, 'min_child_weight': 4, 'gamma': 0.32773775877678846, 'subsample': 0.5845353851118186, 'colsample_bytree': 0.7776362829399096, 'learning_rate': 0.6918115115468743, 'reg_alpha': 1.1609464325346228, 'reg_lambda': 1.8646919311510068}. Best is trial 47 with value: 0.9163697478669344.
Trial 184 finished with value: 0.7605001309889862 and parameters: {'max_depth': 4, 'min_child_weight': 4, 'gamma': 0.01982540592501436, 'subsample': 0.4920291439802654, 'colsample_bytree': 0.626946850482425, 'learning_rate': 0.2569975284781898, 'reg_alpha': 0.7770824989402895, 'reg_lambda': 0.013763190324506068}. Best is trial 47 with value: 0.9163697478669344.
Trial 195 finished with value: 0.45046480127067756 and parameters: {'max_depth': 2, 'min_child_weight': 1, 'gamma': 0.3371470949687151, 'subsample': 0.7268924291314028, 'colsample_bytree': 0.7679862364043123, 'learning_rate': 0.6558708143530121, 'reg_alpha': 0.0016305997522552973, 'reg_lambda': 1.5568766048926186}. Best is trial 47 with value: 0.9163697478669344.
Trial 172 finished with value: -0.47496770630921203 and parameters: {'max_depth': 6, 'min_child_weight': 1, 'gamma': 0.011703259568365931, 'subsample': 0.4823432974013482, 'colsample_bytree': 0.3874048145779254, 'learning_rate': 0.0024012495161360725, 'reg_alpha': 0.00042606258068120977, 'reg_lambda': 0.00028070776033259874}. Best is trial 47 with value: 0.9163697478669344.
Trial 198 finished with value: 0.45633150508640147 and parameters: {'max_depth': 2, 'min_child_weight': 1, 'gamma': 0.4795010624644569, 'subsample': 0.8828140091375387, 'colsample_bytree': 0.15520898076758016, 'learning_rate': 0.9986165477033302, 'reg_alpha': 0.0013728816502455946, 'reg_lambda': 0.9651625877494744}. Best is trial 47 with value: 0.9163697478669344.
Trial 185 finished with value: 0.72518082830671 and parameters: {'max_depth': 4, 'min_child_weight': 4, 'gamma': 0.17477769737599058, 'subsample': 0.6455448215227868, 'colsample_bytree': 0.7179920864800492, 'learning_rate': 0.6599980937481106, 'reg_alpha': 0.015165282571585037, 'reg_lambda': 0.3312225073861588}. Best is trial 47 with value: 0.9163697478669344.
Trial 201 finished with value: -2467.6403552659635 and parameters: {'max_depth': 2, 'min_child_weight': 5, 'gamma': 0.8792500293335246, 'subsample': 0.0488114447065634, 'colsample_bytree': 0.88344990878986, 'learning_rate': 0.8006500679949272, 'reg_alpha': 0.08209690317466346, 'reg_lambda': 0.0010373171225622785}. Best is trial 47 with value: 0.9163697478669344.
Trial 169 finished with value: 0.7018428157536657 and parameters: {'max_depth': 8, 'min_child_weight': 4, 'gamma': 0.8734577266523053, 'subsample': 0.5070321613352108, 'colsample_bytree': 0.8978949771385358, 'learning_rate': 0.008803474331635197, 'reg_alpha': 0.0005206826061644836, 'reg_lambda': 0.4571539754685489}. Best is trial 47 with value: 0.9163697478669344.
Trial 209 finished with value: 0.09272954855297175 and parameters: {'max_depth': 1, 'min_child_weight': 4, 'gamma': 0.8091650017865123, 'subsample': 0.9696120075629047, 'colsample_bytree': 0.1656219518503942, 'learning_rate': 0.4010724979734779, 'reg_alpha': 2.2509594973351, 'reg_lambda': 0.09914794934571658}. Best is trial 47 with value: 0.9163697478669344.
Trial 194 finished with value: 0.6245502660553162 and parameters: {'max_depth': 4, 'min_child_weight': 3, 'gamma': 0.40918744367838755, 'subsample': 0.6679503456996416, 'colsample_bytree': 0.290626870941463, 'learning_rate': 0.8702626969829178, 'reg_alpha': 0.0017335547006447245, 'reg_lambda': 0.002016792513302435}. Best is trial 47 with value: 0.9163697478669344.
Trial 190 finished with value: 0.7978901269936127 and parameters: {'max_depth': 5, 'min_child_weight': 4, 'gamma': 0.7603623247973806, 'subsample': 0.9348123499164579, 'colsample_bytree': 0.28061357840309165, 'learning_rate': 0.9765434508946337, 'reg_alpha': 0.016934420606432046, 'reg_lambda': 0.9955954551779556}. Best is trial 47 with value: 0.9163697478669344.
Trial 207 finished with value: 0.4711848812508241 and parameters: {'max_depth': 2, 'min_child_weight': 2, 'gamma': 0.2314002655917472, 'subsample': 0.844791248671028, 'colsample_bytree': 0.9179606775926119, 'learning_rate': 0.9965692424417704, 'reg_alpha': 8.994527813706638, 'reg_lambda': 4.7274368827269555}. Best is trial 47 with value: 0.9163697478669344.
Trial 186 finished with value: 0.5140548317916362 and parameters: {'max_depth': 9, 'min_child_weight': 5, 'gamma': 0.1917061943749797, 'subsample': 0.3993435776045501, 'colsample_bytree': 0.22567921847136263, 'learning_rate': 0.6998710519979403, 'reg_alpha': 0.8380313889006401, 'reg_lambda': 0.09885822877881417}. Best is trial 47 with value: 0.9163697478669344.
Trial 202 finished with value: -0.016895376142689978 and parameters: {'max_depth': 7, 'min_child_weight': 5, 'gamma': 0.3504646322509223, 'subsample': 0.07542130615317144, 'colsample_bytree': 0.16918325563528813, 'learning_rate': 0.16490572635271472, 'reg_alpha': 0.000971384421797953, 'reg_lambda': 1.9504503607396282}. Best is trial 47 with value: 0.9163697478669344.
Trial 175 finished with value: 0.886351439166572 and parameters: {'max_depth': 7, 'min_child_weight': 3, 'gamma': 0.7027088935717115, 'subsample': 0.8707130101928087, 'colsample_bytree': 0.5653556248876782, 'learning_rate': 0.6607907130610436, 'reg_alpha': 0.00019959933154074604, 'reg_lambda': 0.008438108457338075}. Best is trial 47 with value: 0.9163697478669344.
Trial 210 finished with value: 0.45088366922845896 and parameters: {'max_depth': 2, 'min_child_weight': 5, 'gamma': 0.03643045543796475, 'subsample': 0.9473328035431037, 'colsample_bytree': 0.11199722290373748, 'learning_rate': 0.5596800777138663, 'reg_alpha': 0.00028587731263770324, 'reg_lambda': 0.028383950307077372}. Best is trial 47 with value: 0.9163697478669344.
Trial 178 finished with value: 0.8922177962121958 and parameters: {'max_depth': 6, 'min_child_weight': 2, 'gamma': 0.17358837713135888, 'subsample': 0.792602186616979, 'colsample_bytree': 0.783871849050334, 'learning_rate': 0.982023936848264, 'reg_alpha': 0.008004161263440597, 'reg_lambda': 0.0082187469344283}. Best is trial 47 with value: 0.9163697478669344.
Trial 189 finished with value: 0.729637441900514 and parameters: {'max_depth': 6, 'min_child_weight': 4, 'gamma': 0.3115792302139868, 'subsample': 0.6887310324842885, 'colsample_bytree': 0.20532709053729414, 'learning_rate': 0.41774147955798546, 'reg_alpha': 0.0700871206759683, 'reg_lambda': 0.0044995779675721876}. Best is trial 47 with value: 0.9163697478669344.
Trial 187 finished with value: 0.844971985556508 and parameters: {'max_depth': 6, 'min_child_weight': 5, 'gamma': 0.2868594135049152, 'subsample': 0.6411737945694395, 'colsample_bytree': 0.48285387199368357, 'learning_rate': 0.917120005811862, 'reg_alpha': 1.620574422298116, 'reg_lambda': 0.7250555075091606}. Best is trial 47 with value: 0.9163697478669344.
Trial 200 finished with value: 0.7740364116639556 and parameters: {'max_depth': 4, 'min_child_weight': 2, 'gamma': 0.810466598267285, 'subsample': 0.4438267814615585, 'colsample_bytree': 0.7781533127421433, 'learning_rate': 0.3391508289786921, 'reg_alpha': 0.005041720130202288, 'reg_lambda': 0.12456291344376098}. Best is trial 47 with value: 0.9163697478669344.
Trial 212 finished with value: 0.031258073656148966 and parameters: {'max_depth': 3, 'min_child_weight': 2, 'gamma': 0.2950959675099045, 'subsample': 0.6264828906649819, 'colsample_bytree': 0.0014081303314346094, 'learning_rate': 0.6400920410132542, 'reg_alpha': 3.1616322034812057, 'reg_lambda': 0.00011908032460575236}. Best is trial 47 with value: 0.9163697478669344.
Trial 215 finished with value: 0.43316291862308154 and parameters: {'max_depth': 2, 'min_child_weight': 1, 'gamma': 0.29505941148509596, 'subsample': 0.5470267061005747, 'colsample_bytree': 0.9929780059455482, 'learning_rate': 0.4647582127773563, 'reg_alpha': 0.00010318439529062434, 'reg_lambda': 7.756167972945892}. Best is trial 47 with value: 0.9163697478669344.
Trial 205 finished with value: -648795758412.2108 and parameters: {'max_depth': 10, 'min_child_weight': 3, 'gamma': 0.5866170521620458, 'subsample': 0.07103701635518922, 'colsample_bytree': 0.6945373277341069, 'learning_rate': 0.748963247324025, 'reg_alpha': 0.18356547299443812, 'reg_lambda': 0.0003281180940963218}. Best is trial 47 with value: 0.9163697478669344.
Trial 224 finished with value: 0.05747949135153111 and parameters: {'max_depth': 1, 'min_child_weight': 4, 'gamma': 0.91040277962629, 'subsample': 0.4017044644142873, 'colsample_bytree': 0.15082551446372705, 'learning_rate': 0.5229932931449135, 'reg_alpha': 0.00018735539140318232, 'reg_lambda': 4.919511246502981}. Best is trial 47 with value: 0.9163697478669344.
Trial 218 finished with value: 0.4544647817604729 and parameters: {'max_depth': 2, 'min_child_weight': 3, 'gamma': 0.41499979345699944, 'subsample': 0.5603238295941477, 'colsample_bytree': 0.5700957324512794, 'learning_rate': 0.08294366472796899, 'reg_alpha': 0.023192124895025767, 'reg_lambda': 0.41066378291070793}. Best is trial 47 with value: 0.9163697478669344.
Trial 219 finished with value: 0.45962546749658484 and parameters: {'max_depth': 2, 'min_child_weight': 5, 'gamma': 0.7480872950623844, 'subsample': 0.8564811161700859, 'colsample_bytree': 0.36058199135148195, 'learning_rate': 0.1477284955969672, 'reg_alpha': 0.001262078489730751, 'reg_lambda': 0.00019911217447234755}. Best is trial 47 with value: 0.9163697478669344.
Trial 216 finished with value: -0.11884595680961407 and parameters: {'max_depth': 4, 'min_child_weight': 3, 'gamma': 0.5906535933174262, 'subsample': 0.03968271720101979, 'colsample_bytree': 0.05936121982818088, 'learning_rate': 0.23540267619309252, 'reg_alpha': 0.004993937119998615, 'reg_lambda': 0.1731540835919368}. Best is trial 47 with value: 0.9163697478669344.
Trial 222 finished with value: 0.29452887288303475 and parameters: {'max_depth': 2, 'min_child_weight': 3, 'gamma': 0.5667721842426512, 'subsample': 0.16795448551568448, 'colsample_bytree': 0.6971319430810039, 'learning_rate': 0.2528291395452853, 'reg_alpha': 0.00012974376384718278, 'reg_lambda': 1.2246885434649204}. Best is trial 47 with value: 0.9163697478669344.
Trial 211 finished with value: 0.3400669638784109 and parameters: {'max_depth': 9, 'min_child_weight': 5, 'gamma': 0.6630917749517773, 'subsample': 0.13603731634293303, 'colsample_bytree': 0.5915726076837202, 'learning_rate': 0.2566879226147497, 'reg_alpha': 0.0001841611576429157, 'reg_lambda': 0.035633516678328335}. Best is trial 47 with value: 0.9163697478669344.
Trial 221 finished with value: 0.04095553048194096 and parameters: {'max_depth': 3, 'min_child_weight': 2, 'gamma': 0.7741701565533606, 'subsample': 0.48469449069066173, 'colsample_bytree': 0.021503689740917764, 'learning_rate': 0.6114554148125629, 'reg_alpha': 0.0003372189938981586, 'reg_lambda': 0.21981434788809276}. Best is trial 47 with value: 0.9163697478669344.
Trial 203 finished with value: -3.3863168479133563 and parameters: {'max_depth': 10, 'min_child_weight': 3, 'gamma': 0.773410892316066, 'subsample': 0.12568832110763883, 'colsample_bytree': 0.7703165580958031, 'learning_rate': 0.44441685847853674, 'reg_alpha': 0.060091865092072407, 'reg_lambda': 0.004369156430666152}. Best is trial 47 with value: 0.9163697478669344.
Trial 229 finished with value: 0.06906079555809924 and parameters: {'max_depth': 1, 'min_child_weight': 4, 'gamma': 0.6169725241553101, 'subsample': 0.6251052442294207, 'colsample_bytree': 0.9773910716123201, 'learning_rate': 0.29096072833728226, 'reg_alpha': 2.8671837209201625, 'reg_lambda': 0.0006798116417347339}. Best is trial 47 with value: 0.9163697478669344.
Trial 208 finished with value: 0.4623364677895576 and parameters: {'max_depth': 7, 'min_child_weight': 2, 'gamma': 0.7495130703643531, 'subsample': 0.0869179479027582, 'colsample_bytree': 0.7279827894348311, 'learning_rate': 0.135930294719404, 'reg_alpha': 0.12007262326446687, 'reg_lambda': 0.018858856502278306}. Best is trial 47 with value: 0.9163697478669344.
Trial 193 finished with value: 0.904968080853714 and parameters: {'max_depth': 7, 'min_child_weight': 2, 'gamma': 0.16727551489444226, 'subsample': 0.6811993553473671, 'colsample_bytree': 0.8180562790771906, 'learning_rate': 0.7389638565259693, 'reg_alpha': 0.046996208502696604, 'reg_lambda': 8.368131249308597}. Best is trial 47 with value: 0.9163697478669344.
Trial 204 finished with value: 0.8763941062948941 and parameters: {'max_depth': 7, 'min_child_weight': 5, 'gamma': 0.9393906879657344, 'subsample': 0.7356249381045507, 'colsample_bytree': 0.6992552876451514, 'learning_rate': 0.8275953320467277, 'reg_alpha': 4.5154029522706045, 'reg_lambda': 5.935546782203758}. Best is trial 47 with value: 0.9163697478669344.
Trial 180 finished with value: 0.9235830641236769 and parameters: {'max_depth': 10, 'min_child_weight': 1, 'gamma': 0.114168035148285, 'subsample': 0.46932043429186854, 'colsample_bytree': 0.5479839345827304, 'learning_rate': 0.4232852308621745, 'reg_alpha': 0.0016066104061411117, 'reg_lambda': 0.282255308755519}. Best is trial 180 with value: 0.9235830641236769.
Trial 214 finished with value: 0.6055895555436295 and parameters: {'max_depth': 5, 'min_child_weight': 3, 'gamma': 0.08513098296559762, 'subsample': 0.2656845701499674, 'colsample_bytree': 0.3842268526274598, 'learning_rate': 0.3155835234440423, 'reg_alpha': 0.9748243135618397, 'reg_lambda': 0.0006076705618439304}. Best is trial 180 with value: 0.9235830641236769.
Trial 217 finished with value: -18829.509052906145 and parameters: {'max_depth': 4, 'min_child_weight': 1, 'gamma': 0.842775117133296, 'subsample': 0.39691428987662436, 'colsample_bytree': 0.6830757920814817, 'learning_rate': 0.9890413663383717, 'reg_alpha': 0.02024497382876013, 'reg_lambda': 0.034665941105050724}. Best is trial 180 with value: 0.9235830641236769.
Trial 192 finished with value: 0.8983696346663155 and parameters: {'max_depth': 9, 'min_child_weight': 3, 'gamma': 0.33074470891584007, 'subsample': 0.890081410052535, 'colsample_bytree': 0.4487421736957252, 'learning_rate': 0.42670443718809903, 'reg_alpha': 0.0016773750191789627, 'reg_lambda': 0.4467481283822482}. Best is trial 180 with value: 0.9235830641236769.
Trial 232 finished with value: 0.46597015928762414 and parameters: {'max_depth': 2, 'min_child_weight': 3, 'gamma': 0.3658673916178521, 'subsample': 0.9313961935351929, 'colsample_bytree': 0.09647668318147062, 'learning_rate': 0.7791840131041157, 'reg_alpha': 0.0017114919967237644, 'reg_lambda': 0.04606151595232871}. Best is trial 180 with value: 0.9235830641236769.
Trial 231 finished with value: 0.43564922281757734 and parameters: {'max_depth': 2, 'min_child_weight': 4, 'gamma': 0.6454303838686086, 'subsample': 0.4117252439549137, 'colsample_bytree': 0.7147871194475192, 'learning_rate': 0.24650344279389813, 'reg_alpha': 0.019644009489963525, 'reg_lambda': 0.008330266954934655}. Best is trial 180 with value: 0.9235830641236769.
Trial 226 finished with value: 0.5673685262191804 and parameters: {'max_depth': 3, 'min_child_weight': 4, 'gamma': 0.9197974995459819, 'subsample': 0.490934185067026, 'colsample_bytree': 0.3986986085664508, 'learning_rate': 0.6855092958495462, 'reg_alpha': 4.446529343206107, 'reg_lambda': 0.22837821991501248}. Best is trial 180 with value: 0.9235830641236769.
Trial 236 finished with value: 0.4704905372059897 and parameters: {'max_depth': 2, 'min_child_weight': 1, 'gamma': 0.6690433842411093, 'subsample': 0.9198112713145848, 'colsample_bytree': 0.5225491527275267, 'learning_rate': 0.10964894989041918, 'reg_alpha': 1.2649687577478077, 'reg_lambda': 0.005016499440033385}. Best is trial 180 with value: 0.9235830641236769.
Trial 230 finished with value: 0.6365829264772659 and parameters: {'max_depth': 3, 'min_child_weight': 2, 'gamma': 0.8876324273332894, 'subsample': 0.5406197103320647, 'colsample_bytree': 0.6004798418784907, 'learning_rate': 0.587876414464923, 'reg_alpha': 0.0003476432561995559, 'reg_lambda': 0.00035411248426251785}. Best is trial 180 with value: 0.9235830641236769.
Trial 188 finished with value: 0.9114414243306211 and parameters: {'max_depth': 9, 'min_child_weight': 2, 'gamma': 0.4495290699319262, 'subsample': 0.7297252886784505, 'colsample_bytree': 0.7487908391585655, 'learning_rate': 0.28280370620617945, 'reg_alpha': 0.05866765658850687, 'reg_lambda': 0.0005980579649326184}. Best is trial 180 with value: 0.9235830641236769.
Trial 206 finished with value: 0.7979156186679435 and parameters: {'max_depth': 7, 'min_child_weight': 2, 'gamma': 0.03499392010360325, 'subsample': 0.4008908656406148, 'colsample_bytree': 0.8348831866663969, 'learning_rate': 0.5625705817416161, 'reg_alpha': 0.25118340771125497, 'reg_lambda': 0.02874893197042006}. Best is trial 180 with value: 0.9235830641236769.
Trial 242 finished with value: 0.8174009392644249 and parameters: {'max_depth': 9, 'min_child_weight': 4, 'gamma': 0.7662108421265126, 'subsample': 0.9999695671375837, 'colsample_bytree': 0.3697956189719547, 'learning_rate': 0.9439648710897334, 'reg_alpha': 4.575623566555826, 'reg_lambda': 0.00012040801560907819}. Best is trial 180 with value: 0.9235830641236769.
Trial 234 finished with value: 0.4814424702631279 and parameters: {'max_depth': 4, 'min_child_weight': 5, 'gamma': 0.6866818289632902, 'subsample': 0.6955390517253935, 'colsample_bytree': 0.1339593338411782, 'learning_rate': 0.38636580873926263, 'reg_alpha': 0.25021024508383327, 'reg_lambda': 5.724661229157784}. Best is trial 180 with value: 0.9235830641236769.
Trial 237 finished with value: 0.709082655476755 and parameters: {'max_depth': 3, 'min_child_weight': 2, 'gamma': 0.40832642266913244, 'subsample': 0.8575132028406295, 'colsample_bytree': 0.9748620535622426, 'learning_rate': 0.23570131918928816, 'reg_alpha': 0.13485604390758782, 'reg_lambda': 0.5311644377018035}. Best is trial 180 with value: 0.9235830641236769.
Trial 244 finished with value: 0.5857603049708677 and parameters: {'max_depth': 3, 'min_child_weight': 1, 'gamma': 0.8076081766061846, 'subsample': 0.2649651994196659, 'colsample_bytree': 0.7420696930125907, 'learning_rate': 0.3256001140518724, 'reg_alpha': 0.00010354373068401692, 'reg_lambda': 6.000609069108558}. Best is trial 180 with value: 0.9235830641236769.
Trial 227 finished with value: 0.8051510106507379 and parameters: {'max_depth': 7, 'min_child_weight': 1, 'gamma': 0.7678735338078497, 'subsample': 0.9817472926208666, 'colsample_bytree': 0.30680388273925774, 'learning_rate': 0.036272732611231095, 'reg_alpha': 1.4546967686053969, 'reg_lambda': 0.00010046258133454179}. Best is trial 180 with value: 0.9235830641236769.
Trial 233 finished with value: -186.01403138960953 and parameters: {'max_depth': 6, 'min_child_weight': 1, 'gamma': 0.3275258449246663, 'subsample': 0.23107666229086898, 'colsample_bytree': 0.20265926861725603, 'learning_rate': 0.7976961472891095, 'reg_alpha': 0.4802510423127758, 'reg_lambda': 0.15556067271433036}. Best is trial 180 with value: 0.9235830641236769.
Trial 223 finished with value: 0.8653517190878169 and parameters: {'max_depth': 10, 'min_child_weight': 5, 'gamma': 0.17950383109385848, 'subsample': 0.4802434657545571, 'colsample_bytree': 0.524970349531276, 'learning_rate': 0.35873292717373484, 'reg_alpha': 0.014496062166999666, 'reg_lambda': 0.0001901862153227135}. Best is trial 180 with value: 0.9235830641236769.
Trial 213 finished with value: 0.8621071998881812 and parameters: {'max_depth': 9, 'min_child_weight': 1, 'gamma': 0.2454967206935902, 'subsample': 0.2318606854425317, 'colsample_bytree': 0.46392999603068596, 'learning_rate': 0.22625969620069408, 'reg_alpha': 0.0005209749086063145, 'reg_lambda': 0.00033613706048215544}. Best is trial 180 with value: 0.9235830641236769.
Trial 248 finished with value: 0.27627468382798515 and parameters: {'max_depth': 4, 'min_child_weight': 4, 'gamma': 0.16215781642091276, 'subsample': 0.0718999383654898, 'colsample_bytree': 0.4803780405245258, 'learning_rate': 0.021215641474146008, 'reg_alpha': 0.5779851449767436, 'reg_lambda': 0.15685318221776487}. Best is trial 180 with value: 0.9235830641236769.
Trial 220 finished with value: 0.9163475870279331 and parameters: {'max_depth': 9, 'min_child_weight': 2, 'gamma': 0.36005686627630873, 'subsample': 0.5416747962060611, 'colsample_bytree': 0.5830747620200056, 'learning_rate': 0.9112799034687645, 'reg_alpha': 0.6970079412596016, 'reg_lambda': 2.5886831625979916}. Best is trial 180 with value: 0.9235830641236769.
Trial 228 finished with value: 0.8198631797019479 and parameters: {'max_depth': 8, 'min_child_weight': 5, 'gamma': 0.946436347261746, 'subsample': 0.7541414206824466, 'colsample_bytree': 0.3130748094172279, 'learning_rate': 0.5640158465803715, 'reg_alpha': 0.00613670216858719, 'reg_lambda': 0.0003631552441060997}. Best is trial 180 with value: 0.9235830641236769.
Trial 261 finished with value: 0.07698551341335609 and parameters: {'max_depth': 1, 'min_child_weight': 2, 'gamma': 0.9716364219861429, 'subsample': 0.15851492480648, 'colsample_bytree': 0.7154798182944008, 'learning_rate': 0.0582567790713453, 'reg_alpha': 1.1023149504126084, 'reg_lambda': 1.6900832987608314}. Best is trial 180 with value: 0.9235830641236769.
