Trial 3961 finished with value: 0.44089519289753626 and parameters: {'max_depth': 10, 'min_child_weight': 5, 'gamma': 0.2419194270457149, 'subsample': 0.11479586224305272, 'colsample_bytree': 0.6390750604338119, 'learning_rate': 0.1412854869692972, 'reg_alpha': 1.591368956571569, 'reg_lambda': 0.03483792333306141}. Best is trial 3619 with value: 0.9384500514029486.
Trial 3939 finished with value: 0.8985760402197016 and parameters: {'max_depth': 9, 'min_child_weight': 2, 'gamma': 0.7525114618845512, 'subsample': 0.41446390128307664, 'colsample_bytree': 0.6437842346868621, 'learning_rate': 0.20491804508088018, 'reg_alpha': 1.2878805828925597, 'reg_lambda': 0.002190839590469568}. Best is trial 3619 with value: 0.9384500514029486.
Trial 3949 finished with value: 0.7333118731465982 and parameters: {'max_depth': 10, 'min_child_weight': 3, 'gamma': 0.9948961488612695, 'subsample': 0.17964793652760802, 'colsample_bytree': 0.9242087215965654, 'learning_rate': 0.26920415553093135, 'reg_alpha': 0.03141416200593537, 'reg_lambda': 0.046448388526114576}. Best is trial 3619 with value: 0.9384500514029486.
Trial 3976 finished with value: 0.47387104479245845 and parameters: {'max_depth': 2, 'min_child_weight': 1, 'gamma': 0.5625420100484357, 'subsample': 0.8651798175510877, 'colsample_bytree': 0.5249210388541417, 'learning_rate': 0.44219760841332, 'reg_alpha': 0.07408139342584787, 'reg_lambda': 2.130707026847437}. Best is trial 3619 with value: 0.9384500514029486.
Trial 3932 finished with value: 0.9326894313269928 and parameters: {'max_depth': 9, 'min_child_weight': 1, 'gamma': 0.8304943874079307, 'subsample': 0.609412284163498, 'colsample_bytree': 0.7117499708225284, 'learning_rate': 0.3313359403277575, 'reg_alpha': 0.0015416415802463424, 'reg_lambda': 0.0014856067922622133}. Best is trial 3619 with value: 0.9384500514029486.
Trial 3956 finished with value: 0.8587768648418401 and parameters: {'max_depth': 6, 'min_child_weight': 3, 'gamma': 0.6858152886151013, 'subsample': 0.9320285002999612, 'colsample_bytree': 0.48746289708277657, 'learning_rate': 0.09047643199558952, 'reg_alpha': 0.00010875896723323521, 'reg_lambda': 0.154138558457172}. Best is trial 3619 with value: 0.9384500514029486.
Trial 3978 finished with value: 0.026831042184107024 and parameters: {'max_depth': 2, 'min_child_weight': 1, 'gamma': 0.6970810282274416, 'subsample': 0.3073172834821897, 'colsample_bytree': 0.06405129429312284, 'learning_rate': 0.6376880719546548, 'reg_alpha': 0.0005715434465073351, 'reg_lambda': 0.08531104178963124}. Best is trial 3619 with value: 0.9384500514029486.
Trial 3945 finished with value: 0.9002006277373777 and parameters: {'max_depth': 8, 'min_child_weight': 1, 'gamma': 0.8194576449945549, 'subsample': 0.38803322084860814, 'colsample_bytree': 0.9570589047883151, 'learning_rate': 0.8627178807476926, 'reg_alpha': 0.00032130700793786933, 'reg_lambda': 4.739552778764831}. Best is trial 3619 with value: 0.9384500514029486.
Trial 3966 finished with value: 0.36631223774256433 and parameters: {'max_depth': 8, 'min_child_weight': 2, 'gamma': 0.06537235157684473, 'subsample': 0.34911297274267694, 'colsample_bytree': 0.09662778996232335, 'learning_rate': 0.5353889471694195, 'reg_alpha': 0.20906266227158496, 'reg_lambda': 1.725949584566732}. Best is trial 3619 with value: 0.9384500514029486.
Trial 3959 finished with value: 0.7332668412719725 and parameters: {'max_depth': 9, 'min_child_weight': 2, 'gamma': 0.8636088117907377, 'subsample': 0.6920125259619423, 'colsample_bytree': 0.14585555140988193, 'learning_rate': 0.18939537720109145, 'reg_alpha': 0.000629867326197071, 'reg_lambda': 0.09151263480056242}. Best is trial 3619 with value: 0.9384500514029486.
Trial 3973 finished with value: 0.07898233782817118 and parameters: {'max_depth': 9, 'min_child_weight': 2, 'gamma': 0.08428478239609405, 'subsample': 0.7542563670316788, 'colsample_bytree': 0.029819347351929038, 'learning_rate': 0.26640037732035315, 'reg_alpha': 1.2063945500069708, 'reg_lambda': 0.0017260856430784878}. Best is trial 3619 with value: 0.9384500514029486.
Trial 3982 finished with value: -0.12705249870973653 and parameters: {'max_depth': 8, 'min_child_weight': 4, 'gamma': 0.7830024915794529, 'subsample': 0.08828537825762273, 'colsample_bytree': 0.03268051901779445, 'learning_rate': 0.013514163614831598, 'reg_alpha': 2.260156416910195, 'reg_lambda': 7.091637605283268}. Best is trial 3619 with value: 0.9384500514029486.
Trial 3970 finished with value: 0.4859994100146649 and parameters: {'max_depth': 8, 'min_child_weight': 3, 'gamma': 0.38323738636448657, 'subsample': 0.9237651272904988, 'colsample_bytree': 0.11513076001999101, 'learning_rate': 0.9368309496201014, 'reg_alpha': 5.201333947892534, 'reg_lambda': 2.0175654281983015}. Best is trial 3619 with value: 0.9384500514029486.
Trial 3958 finished with value: 0.710895148719302 and parameters: {'max_depth': 7, 'min_child_weight': 2, 'gamma': 0.4610203503439324, 'subsample': 0.40011671302159024, 'colsample_bytree': 0.7786919151630188, 'learning_rate': 0.8992866347314084, 'reg_alpha': 1.5187715307181757, 'reg_lambda': 0.6970294984843945}. Best is trial 3619 with value: 0.9384500514029486.
Trial 3969 finished with value: 0.6875830969462988 and parameters: {'max_depth': 6, 'min_child_weight': 3, 'gamma': 0.6993203736187421, 'subsample': 0.5384095792184846, 'colsample_bytree': 0.20481099145607728, 'learning_rate': 0.1537995890590268, 'reg_alpha': 0.009899118085995225, 'reg_lambda': 2.2384127335863258}. Best is trial 3619 with value: 0.9384500514029486.
Trial 3957 finished with value: 0.9202338436753992 and parameters: {'max_depth': 8, 'min_child_weight': 1, 'gamma': 0.3833254247176531, 'subsample': 0.7444248127297327, 'colsample_bytree': 0.6560312023112079, 'learning_rate': 0.26045977972147916, 'reg_alpha': 0.7121693889319444, 'reg_lambda': 0.5185796197032693}. Best is trial 3619 with value: 0.9384500514029486.
Trial 3981 finished with value: 0.10235119416266897 and parameters: {'max_depth': 3, 'min_child_weight': 1, 'gamma': 0.31567328445182197, 'subsample': 0.300929367390234, 'colsample_bytree': 0.5414401905185182, 'learning_rate': 0.6094840453917701, 'reg_alpha': 0.001773446159159195, 'reg_lambda': 0.012989346593651327}. Best is trial 3619 with value: 0.9384500514029486.
Trial 3988 finished with value: 0.06377323800059104 and parameters: {'max_depth': 1, 'min_child_weight': 5, 'gamma': 0.31692535173904, 'subsample': 0.1989092794663303, 'colsample_bytree': 0.3646276276129744, 'learning_rate': 0.30028747683576196, 'reg_alpha': 0.15521391342807966, 'reg_lambda': 0.011589758483682142}. Best is trial 3619 with value: 0.9384500514029486.
Trial 3983 finished with value: 0.595580424213564 and parameters: {'max_depth': 3, 'min_child_weight': 5, 'gamma': 0.3918041725232809, 'subsample': 0.7966742152017863, 'colsample_bytree': 0.5042196626415394, 'learning_rate': 0.08374040600050103, 'reg_alpha': 0.0005829340909217854, 'reg_lambda': 0.07232939554348634}. Best is trial 3619 with value: 0.9384500514029486.
Trial 3951 finished with value: 0.8731992376711928 and parameters: {'max_depth': 8, 'min_child_weight': 1, 'gamma': 0.3534855016496732, 'subsample': 0.8320611166899973, 'colsample_bytree': 0.5683501355139401, 'learning_rate': 0.6233423751143219, 'reg_alpha': 0.0006777746197320509, 'reg_lambda': 0.013451594431614467}. Best is trial 3619 with value: 0.9384500514029486.
Trial 3986 finished with value: 0.35503036922472053 and parameters: {'max_depth': 2, 'min_child_weight': 3, 'gamma': 0.7987362175709551, 'subsample': 0.5733377964640755, 'colsample_bytree': 0.8228543730285275, 'learning_rate': 0.9333832327681505, 'reg_alpha': 0.39347261369173814, 'reg_lambda': 0.0057505945231302305}. Best is trial 3619 with value: 0.9384500514029486.
Trial 3979 finished with value: 0.08194699250546827 and parameters: {'max_depth': 6, 'min_child_weight': 3, 'gamma': 0.05547001856463718, 'subsample': 0.3477974996716351, 'colsample_bytree': 0.07551792450650807, 'learning_rate': 0.1616568706667617, 'reg_alpha': 0.004673461758257075, 'reg_lambda': 1.2212346510979342}. Best is trial 3619 with value: 0.9384500514029486.
Trial 3955 finished with value: 0.88095452127209 and parameters: {'max_depth': 9, 'min_child_weight': 4, 'gamma': 0.5317121272133235, 'subsample': 0.4944074205135496, 'colsample_bytree': 0.780976506002955, 'learning_rate': 0.09891066360608902, 'reg_alpha': 0.005198489852651365, 'reg_lambda': 0.00032295513488088954}. Best is trial 3619 with value: 0.9384500514029486.
Trial 3984 finished with value: -30.6879073543949 and parameters: {'max_depth': 3, 'min_child_weight': 3, 'gamma': 0.22490095827074785, 'subsample': 0.08131152358922988, 'colsample_bytree': 0.6602739223225971, 'learning_rate': 0.8526009874426946, 'reg_alpha': 0.053992232711034226, 'reg_lambda': 3.0625007761665763}. Best is trial 3619 with value: 0.9384500514029486.
Trial 3992 finished with value: 0.05504770320997739 and parameters: {'max_depth': 1, 'min_child_weight': 1, 'gamma': 0.9516246369695693, 'subsample': 0.4892091953497024, 'colsample_bytree': 0.21808225467209463, 'learning_rate': 0.5798167819387343, 'reg_alpha': 0.3104876665586606, 'reg_lambda': 0.7316700387464992}. Best is trial 3619 with value: 0.9384500514029486.
Trial 3967 finished with value: 0.8883121420617528 and parameters: {'max_depth': 6, 'min_child_weight': 3, 'gamma': 0.3981432821354447, 'subsample': 0.36089884309527487, 'colsample_bytree': 0.695445901623696, 'learning_rate': 0.33310639957321975, 'reg_alpha': 0.0036566209692108164, 'reg_lambda': 0.001053962835974257}. Best is trial 3619 with value: 0.9384500514029486.
Trial 3990 finished with value: 0.3734641179199627 and parameters: {'max_depth': 2, 'min_child_weight': 4, 'gamma': 0.7981754788259047, 'subsample': 0.5625896487728981, 'colsample_bytree': 0.17829077297436424, 'learning_rate': 0.9089506456117368, 'reg_alpha': 0.03558886217902045, 'reg_lambda': 2.9883364292658086}. Best is trial 3619 with value: 0.9384500514029486.
Trial 3977 finished with value: 0.8064112264471259 and parameters: {'max_depth': 5, 'min_child_weight': 5, 'gamma': 0.4963307816364029, 'subsample': 0.8197846877995123, 'colsample_bytree': 0.7176365658798517, 'learning_rate': 0.08912892776479209, 'reg_alpha': 6.114422634212763, 'reg_lambda': 0.08936880941444256}. Best is trial 3619 with value: 0.9384500514029486.
Trial 3994 finished with value: 0.4504025316950329 and parameters: {'max_depth': 2, 'min_child_weight': 1, 'gamma': 0.17997130348737012, 'subsample': 0.5131945814941816, 'colsample_bytree': 0.580206878773081, 'learning_rate': 0.3665203735725233, 'reg_alpha': 0.001833143332373785, 'reg_lambda': 3.1835312515062295}. Best is trial 3619 with value: 0.9384500514029486.
Trial 3987 finished with value: 0.0308442375573569 and parameters: {'max_depth': 9, 'min_child_weight': 2, 'gamma': 0.9622735501834869, 'subsample': 0.33697719906251467, 'colsample_bytree': 0.021691415047592866, 'learning_rate': 0.6539373569708754, 'reg_alpha': 0.004634551426788152, 'reg_lambda': 7.787661616803893}. Best is trial 3619 with value: 0.9384500514029486.
Trial 3968 finished with value: 0.9126054893177409 and parameters: {'max_depth': 7, 'min_child_weight': 4, 'gamma': 0.6731094893220038, 'subsample': 0.9615757289420765, 'colsample_bytree': 0.47632319647302823, 'learning_rate': 0.7563323281399793, 'reg_alpha': 0.0006720485757088806, 'reg_lambda': 1.5037600711389678}. Best is trial 3619 with value: 0.9384500514029486.
Trial 3995 finished with value: 0.41173580346140604 and parameters: {'max_depth': 2, 'min_child_weight': 5, 'gamma': 0.29393618356367524, 'subsample': 0.3156485818258449, 'colsample_bytree': 0.5965218801295353, 'learning_rate': 0.2478627179124928, 'reg_alpha': 0.0660768797818182, 'reg_lambda': 0.007632017586027357}. Best is trial 3619 with value: 0.9384500514029486.
Trial 3965 finished with value: 0.8664045035300589 and parameters: {'max_depth': 10, 'min_child_weight': 5, 'gamma': 0.43872187710205135, 'subsample': 0.5559134594989579, 'colsample_bytree': 0.6536598111718989, 'learning_rate': 0.5712223421881846, 'reg_alpha': 0.012942509356462227, 'reg_lambda': 0.6604671102245186}. Best is trial 3619 with value: 0.9384500514029486.
Trial 3991 finished with value: 0.45107789430054623 and parameters: {'max_depth': 3, 'min_child_weight': 4, 'gamma': 0.08086918488588002, 'subsample': 0.37291497377667004, 'colsample_bytree': 0.6064589782184613, 'learning_rate': 0.817194892396996, 'reg_alpha': 0.44577403327456483, 'reg_lambda': 3.551110700699122}. Best is trial 3619 with value: 0.9384500514029486.
Trial 3980 finished with value: 0.6586604302802828 and parameters: {'max_depth': 6, 'min_child_weight': 3, 'gamma': 0.9368524503976026, 'subsample': 0.755941116968678, 'colsample_bytree': 0.17131975069726513, 'learning_rate': 0.9909342161310593, 'reg_alpha': 0.02779552336998216, 'reg_lambda': 0.04878564955284441}. Best is trial 3619 with value: 0.9384500514029486.
Trial 3972 finished with value: 0.8739515716481969 and parameters: {'max_depth': 9, 'min_child_weight': 2, 'gamma': 0.6487238845830322, 'subsample': 0.7753039965776899, 'colsample_bytree': 0.31487444909272444, 'learning_rate': 0.7408213666826041, 'reg_alpha': 0.01686792058857207, 'reg_lambda': 5.099713377113478}. Best is trial 3619 with value: 0.9384500514029486.
Trial 3999 finished with value: 0.20646230983060954 and parameters: {'max_depth': 5, 'min_child_weight': 2, 'gamma': 0.4304693161178258, 'subsample': 0.039695528404359304, 'colsample_bytree': 0.27728890806416195, 'learning_rate': 0.2337132440622458, 'reg_alpha': 4.645562106253944, 'reg_lambda': 9.251279804578799}. Best is trial 3619 with value: 0.9384500514029486.
Trial 3989 finished with value: 0.7186944072052206 and parameters: {'max_depth': 4, 'min_child_weight': 2, 'gamma': 0.47007903180628907, 'subsample': 0.7279169022901117, 'colsample_bytree': 0.291027483023788, 'learning_rate': 0.36298204588115746, 'reg_alpha': 4.408160446794885, 'reg_lambda': 0.00010810634577732965}. Best is trial 3619 with value: 0.9384500514029486.
Trial 3998 finished with value: 0.6864617231855308 and parameters: {'max_depth': 4, 'min_child_weight': 3, 'gamma': 0.6384746122330789, 'subsample': 0.6646471916499848, 'colsample_bytree': 0.262136880176848, 'learning_rate': 0.52708892086151, 'reg_alpha': 0.00022127620190171693, 'reg_lambda': 0.001229698809178004}. Best is trial 3619 with value: 0.9384500514029486.
Trial 3993 finished with value: -709171149534.6957 and parameters: {'max_depth': 6, 'min_child_weight': 2, 'gamma': 0.911853395612188, 'subsample': 0.11727990078025163, 'colsample_bytree': 0.7091288845148223, 'learning_rate': 0.6599249810237439, 'reg_alpha': 0.5507895516603601, 'reg_lambda': 0.04564119802598023}. Best is trial 3619 with value: 0.9384500514029486.
Trial 3997 finished with value: -3.2921474023321458 and parameters: {'max_depth': 7, 'min_child_weight': 5, 'gamma': 0.9349450654552554, 'subsample': 0.3016279077964288, 'colsample_bytree': 0.9982689920241805, 'learning_rate': 0.0017214201176543042, 'reg_alpha': 0.000375870528397416, 'reg_lambda': 0.0025416595259571684}. Best is trial 3619 with value: 0.9384500514029486.
Trial 3996 finished with value: 0.8191558204039449 and parameters: {'max_depth': 7, 'min_child_weight': 4, 'gamma': 0.9755869218042201, 'subsample': 0.7520316404186558, 'colsample_bytree': 0.3706855024649467, 'learning_rate': 0.27559116330928946, 'reg_alpha': 2.3955378518885073, 'reg_lambda': 6.73190010736052}. Best is trial 3619 with value: 0.9384500514029486.
Trial 3985 finished with value: 0.9066881508730894 and parameters: {'max_depth': 8, 'min_child_weight': 2, 'gamma': 0.5067072824744915, 'subsample': 0.813672753969183, 'colsample_bytree': 0.6233669672612723, 'learning_rate': 0.2739574928464956, 'reg_alpha': 0.20909737260630215, 'reg_lambda': 0.08862988438054448}. Best is trial 3619 with value: 0.9384500514029486.
