Trial 1886 finished with value: 0.9228301465869772 and parameters: {'max_depth': 5, 'min_child_weight': 5, 'gamma': 0.2871148987218102, 'subsample': 0.7910484289750328, 'colsample_bytree': 0.9558321893276025, 'learning_rate': 0.45264419210386797, 'reg_alpha': 0.15469706006992967, 'reg_lambda': 0.000126080765196346}. Best is trial 715 with value: 0.9377859576434285.
Trial 1903 finished with value: -9.972067001669865 and parameters: {'max_depth': 4, 'min_child_weight': 4, 'gamma': 0.8876507760088608, 'subsample': 0.052535302535616335, 'colsample_bytree': 0.5763601735677388, 'learning_rate': 0.49292579618025123, 'reg_alpha': 0.00021800794500132127, 'reg_lambda': 0.16261524028207858}. Best is trial 715 with value: 0.9377859576434285.
Trial 1894 finished with value: 0.8501561038130216 and parameters: {'max_depth': 4, 'min_child_weight': 2, 'gamma': 0.18355397349599478, 'subsample': 0.8685889289329352, 'colsample_bytree': 0.9658472470169434, 'learning_rate': 0.468046275998646, 'reg_alpha': 0.14436626533408922, 'reg_lambda': 4.685307592799575}. Best is trial 715 with value: 0.9377859576434285.
Trial 1874 finished with value: 0.8969764988702813 and parameters: {'max_depth': 10, 'min_child_weight': 2, 'gamma': 0.5127226310584102, 'subsample': 0.7909278306715235, 'colsample_bytree': 0.7795565080749897, 'learning_rate': 0.12029188368144106, 'reg_alpha': 2.8655609226632373, 'reg_lambda': 8.156910439897619}. Best is trial 715 with value: 0.9377859576434285.
Trial 1916 finished with value: 0.08021162869253794 and parameters: {'max_depth': 1, 'min_child_weight': 3, 'gamma': 0.9537851374484684, 'subsample': 0.36876421618302846, 'colsample_bytree': 0.05305387814528806, 'learning_rate': 0.17602233016509738, 'reg_alpha': 0.002087246842047794, 'reg_lambda': 0.0005983101521428376}. Best is trial 715 with value: 0.9377859576434285.
Trial 1898 finished with value: 0.7742936418924813 and parameters: {'max_depth': 4, 'min_child_weight': 4, 'gamma': 0.45119265714873924, 'subsample': 0.7544747832406452, 'colsample_bytree': 0.47875048550866406, 'learning_rate': 0.8905392208168514, 'reg_alpha': 3.8651291103791965, 'reg_lambda': 2.1363167385767783}. Best is trial 715 with value: 0.9377859576434285.
Trial 1904 finished with value: 0.5116949259844197 and parameters: {'max_depth': 3, 'min_child_weight': 4, 'gamma': 0.606243002763216, 'subsample': 0.38956488358536523, 'colsample_bytree': 0.848543126847473, 'learning_rate': 0.5855308821551722, 'reg_alpha': 0.30691946444539714, 'reg_lambda': 0.07562924699468808}. Best is trial 715 with value: 0.9377859576434285.
Trial 1897 finished with value: -7.726767588857865e+36 and parameters: {'max_depth': 5, 'min_child_weight': 1, 'gamma': 0.1388090041300577, 'subsample': 0.12546599660765634, 'colsample_bytree': 0.8346424146680501, 'learning_rate': 0.8914549705289518, 'reg_alpha': 0.008536661275095548, 'reg_lambda': 0.006316529860364512}. Best is trial 715 with value: 0.9377859576434285.
Trial 1891 finished with value: 0.8371570202521885 and parameters: {'max_depth': 10, 'min_child_weight': 5, 'gamma': 0.13332705854645976, 'subsample': 0.3998276035208732, 'colsample_bytree': 0.8238215230175052, 'learning_rate': 0.39745704947771354, 'reg_alpha': 4.4450255551448885, 'reg_lambda': 0.00996109113512485}. Best is trial 715 with value: 0.9377859576434285.
Trial 1890 finished with value: 0.8036943830444877 and parameters: {'max_depth': 8, 'min_child_weight': 5, 'gamma': 0.467084607962432, 'subsample': 0.38045720249357684, 'colsample_bytree': 0.6825296439137931, 'learning_rate': 0.3830466499653312, 'reg_alpha': 0.00871086326089019, 'reg_lambda': 0.0015237386972533754}. Best is trial 715 with value: 0.9377859576434285.
Trial 1906 finished with value: 0.8169680686203011 and parameters: {'max_depth': 4, 'min_child_weight': 4, 'gamma': 0.35991064376366744, 'subsample': 0.8541796177766653, 'colsample_bytree': 0.6202595476499202, 'learning_rate': 0.48988301635675247, 'reg_alpha': 0.017539273344395073, 'reg_lambda': 0.010162898766583205}. Best is trial 715 with value: 0.9377859576434285.
Trial 1908 finished with value: -5.239894509703882 and parameters: {'max_depth': 4, 'min_child_weight': 2, 'gamma': 0.4089586874065029, 'subsample': 0.21108679232090188, 'colsample_bytree': 0.5876784458066909, 'learning_rate': 0.7868294994786081, 'reg_alpha': 5.334984220662628, 'reg_lambda': 0.8144761587910818}. Best is trial 715 with value: 0.9377859576434285.
Trial 1918 finished with value: 0.44107054874225443 and parameters: {'max_depth': 2, 'min_child_weight': 5, 'gamma': 0.8191444504188761, 'subsample': 0.3478356357851542, 'colsample_bytree': 0.526088607286774, 'learning_rate': 0.1749936496102793, 'reg_alpha': 0.0004974255602347356, 'reg_lambda': 1.8399206080391635}. Best is trial 715 with value: 0.9377859576434285.
Trial 1921 finished with value: -0.033909437365509686 and parameters: {'max_depth': 2, 'min_child_weight': 2, 'gamma': 0.24909726971199952, 'subsample': 0.2556618584143274, 'colsample_bytree': 0.7140617875880102, 'learning_rate': 0.7779026221487096, 'reg_alpha': 0.00016206428451989854, 'reg_lambda': 0.0071753094107543935}. Best is trial 715 with value: 0.9377859576434285.
Trial 1911 finished with value: 0.514010072054261 and parameters: {'max_depth': 5, 'min_child_weight': 5, 'gamma': 0.07543908253018938, 'subsample': 0.40275537264196615, 'colsample_bytree': 0.2743093466866521, 'learning_rate': 0.9184771400483415, 'reg_alpha': 0.9309445215888589, 'reg_lambda': 3.263454622103899}. Best is trial 715 with value: 0.9377859576434285.
Trial 1912 finished with value: 0.7123986571693391 and parameters: {'max_depth': 5, 'min_child_weight': 5, 'gamma': 0.4556854126659923, 'subsample': 0.7209067971976052, 'colsample_bytree': 0.23811539540224314, 'learning_rate': 0.20588655743282924, 'reg_alpha': 5.1433090650516835, 'reg_lambda': 0.00044030626441661394}. Best is trial 715 with value: 0.9377859576434285.
Trial 1926 finished with value: 0.06460031598739932 and parameters: {'max_depth': 1, 'min_child_weight': 2, 'gamma': 0.48415565193660715, 'subsample': 0.6625067759728395, 'colsample_bytree': 0.30889470375310857, 'learning_rate': 0.9685810299489279, 'reg_alpha': 0.7569399784921891, 'reg_lambda': 0.5693459930551992}. Best is trial 715 with value: 0.9377859576434285.
Trial 1896 finished with value: 0.6794007899821223 and parameters: {'max_depth': 8, 'min_child_weight': 1, 'gamma': 0.26868057361944897, 'subsample': 0.4444887453719394, 'colsample_bytree': 0.1925724632204443, 'learning_rate': 0.5392028451241382, 'reg_alpha': 0.0008457689995925878, 'reg_lambda': 0.029714848139179312}. Best is trial 715 with value: 0.9377859576434285.
Trial 1905 finished with value: 0.6243446625385476 and parameters: {'max_depth': 10, 'min_child_weight': 1, 'gamma': 0.23744792671640347, 'subsample': 0.19846886717540413, 'colsample_bytree': 0.1872068617473196, 'learning_rate': 0.38654790768034, 'reg_alpha': 2.736439657108187, 'reg_lambda': 1.4408095980746651}. Best is trial 715 with value: 0.9377859576434285.
Trial 1923 finished with value: -0.1491981635251356 and parameters: {'max_depth': 3, 'min_child_weight': 3, 'gamma': 0.24602967029163947, 'subsample': 0.28020218950537135, 'colsample_bytree': 0.8226438465600509, 'learning_rate': 0.6551892491380991, 'reg_alpha': 0.4486262498296185, 'reg_lambda': 0.00014169899122254138}. Best is trial 715 with value: 0.9377859576434285.
Trial 1907 finished with value: 0.8995278192055842 and parameters: {'max_depth': 6, 'min_child_weight': 1, 'gamma': 0.047081184173571544, 'subsample': 0.6934749570861831, 'colsample_bytree': 0.9233442309835322, 'learning_rate': 0.9935297910480964, 'reg_alpha': 0.7636936523652792, 'reg_lambda': 0.00156107351666761}. Best is trial 715 with value: 0.9377859576434285.
Trial 1917 finished with value: 0.07604853821079004 and parameters: {'max_depth': 10, 'min_child_weight': 2, 'gamma': 0.4591062227315338, 'subsample': 0.7841890416108582, 'colsample_bytree': 0.03622940747585868, 'learning_rate': 0.34031895267943035, 'reg_alpha': 0.07450694392477815, 'reg_lambda': 0.011814819001004926}. Best is trial 715 with value: 0.9377859576434285.
Trial 1928 finished with value: -66.80071168283418 and parameters: {'max_depth': 2, 'min_child_weight': 5, 'gamma': 0.0037361894163278064, 'subsample': 0.09243261250053791, 'colsample_bytree': 0.10322473644733554, 'learning_rate': 0.968970370026603, 'reg_alpha': 0.006137920191475533, 'reg_lambda': 0.003709224238206521}. Best is trial 715 with value: 0.9377859576434285.
Trial 1932 finished with value: 0.07451912793387616 and parameters: {'max_depth': 1, 'min_child_weight': 3, 'gamma': 0.3415745399776927, 'subsample': 0.346051162629587, 'colsample_bytree': 0.015426342938598347, 'learning_rate': 0.17774250662025537, 'reg_alpha': 2.3357911649743257, 'reg_lambda': 0.0012351016883331975}. Best is trial 715 with value: 0.9377859576434285.
Trial 1902 finished with value: 0.9003402630903045 and parameters: {'max_depth': 7, 'min_child_weight': 3, 'gamma': 0.16768760905664748, 'subsample': 0.7171890588581958, 'colsample_bytree': 0.6278936776427267, 'learning_rate': 0.2185219186916687, 'reg_alpha': 0.000101579782788273, 'reg_lambda': 2.2366704179718955}. Best is trial 715 with value: 0.9377859576434285.
Trial 1924 finished with value: 0.7454603286077711 and parameters: {'max_depth': 4, 'min_child_weight': 2, 'gamma': 0.5833222914048493, 'subsample': 0.6052531858285242, 'colsample_bytree': 0.6125420035855693, 'learning_rate': 0.8821500047974858, 'reg_alpha': 1.4754739147571527, 'reg_lambda': 0.4499456141988726}. Best is trial 715 with value: 0.9377859576434285.
Trial 1909 finished with value: -0.11892717559895356 and parameters: {'max_depth': 8, 'min_child_weight': 3, 'gamma': 0.059666888260195616, 'subsample': 0.2793717031253764, 'colsample_bytree': 0.48604674773145073, 'learning_rate': 0.6461894924907545, 'reg_alpha': 0.0005032454480426895, 'reg_lambda': 0.00039830613531398486}. Best is trial 715 with value: 0.9377859576434285.
Trial 1913 finished with value: 0.8050919579814501 and parameters: {'max_depth': 7, 'min_child_weight': 4, 'gamma': 0.15329552791687717, 'subsample': 0.6387687458797395, 'colsample_bytree': 0.37798674649344943, 'learning_rate': 0.26756682222176476, 'reg_alpha': 0.26452118334563623, 'reg_lambda': 3.5294185125170245}. Best is trial 715 with value: 0.9377859576434285.
Trial 1919 finished with value: 0.8590940455392182 and parameters: {'max_depth': 8, 'min_child_weight': 2, 'gamma': 0.6542835785389594, 'subsample': 0.8341091309146025, 'colsample_bytree': 0.8140031796761628, 'learning_rate': 0.8385192007265196, 'reg_alpha': 6.533002278397889, 'reg_lambda': 0.0005334195000678282}. Best is trial 715 with value: 0.9377859576434285.
Trial 1901 finished with value: 0.8945715644987872 and parameters: {'max_depth': 8, 'min_child_weight': 3, 'gamma': 0.3237528107556069, 'subsample': 0.34062137103937173, 'colsample_bytree': 0.9864340489039312, 'learning_rate': 0.6044570947098578, 'reg_alpha': 0.0008905660547816152, 'reg_lambda': 0.08027444018495525}. Best is trial 715 with value: 0.9377859576434285.
Trial 1929 finished with value: 0.5778156398712737 and parameters: {'max_depth': 3, 'min_child_weight': 3, 'gamma': 0.2498757198013335, 'subsample': 0.821186825386745, 'colsample_bytree': 0.3950149019563619, 'learning_rate': 0.10800108854813162, 'reg_alpha': 0.0037392565808538787, 'reg_lambda': 0.0003500235284784149}. Best is trial 715 with value: 0.9377859576434285.
Trial 1920 finished with value: 0.8487280530003783 and parameters: {'max_depth': 5, 'min_child_weight': 5, 'gamma': 0.17812411901273661, 'subsample': 0.8017250071226064, 'colsample_bytree': 0.5850244429158292, 'learning_rate': 0.34066767989126323, 'reg_alpha': 0.003988373311626718, 'reg_lambda': 0.0002904388384268706}. Best is trial 715 with value: 0.9377859576434285.
Trial 1895 finished with value: 0.8858475424487284 and parameters: {'max_depth': 10, 'min_child_weight': 4, 'gamma': 0.18050673987961308, 'subsample': 0.6286909228060765, 'colsample_bytree': 0.8084859133223179, 'learning_rate': 0.46050350041888044, 'reg_alpha': 0.0005725620788522244, 'reg_lambda': 0.0001581125226213242}. Best is trial 715 with value: 0.9377859576434285.
Trial 1914 finished with value: 0.8836584508666575 and parameters: {'max_depth': 7, 'min_child_weight': 4, 'gamma': 0.5428958399470926, 'subsample': 0.5162482341042993, 'colsample_bytree': 0.6834761963786778, 'learning_rate': 0.16776445692317732, 'reg_alpha': 0.007991380367741833, 'reg_lambda': 0.011057288744718735}. Best is trial 715 with value: 0.9377859576434285.
Trial 1942 finished with value: 0.08762667098073287 and parameters: {'max_depth': 1, 'min_child_weight': 5, 'gamma': 0.9367484784861687, 'subsample': 0.5837000127393718, 'colsample_bytree': 0.4185726597648942, 'learning_rate': 0.07858461420559704, 'reg_alpha': 0.24471074557751427, 'reg_lambda': 0.0006197834540908847}. Best is trial 715 with value: 0.9377859576434285.
Trial 1933 finished with value: 0.0923583365359067 and parameters: {'max_depth': 8, 'min_child_weight': 2, 'gamma': 0.952136377495246, 'subsample': 0.9975433068615106, 'colsample_bytree': 0.09004423961074481, 'learning_rate': 0.4085499506173754, 'reg_alpha': 0.05073019120354045, 'reg_lambda': 0.00012817396935440787}. Best is trial 715 with value: 0.9377859576434285.
Trial 1922 finished with value: 0.49089968573749154 and parameters: {'max_depth': 8, 'min_child_weight': 5, 'gamma': 0.9186803552065395, 'subsample': 0.3285093363286188, 'colsample_bytree': 0.876649103168577, 'learning_rate': 0.7764978038762078, 'reg_alpha': 0.027858464714691, 'reg_lambda': 0.6099253828254854}. Best is trial 715 with value: 0.9377859576434285.
Trial 1945 finished with value: 0.06934254582905343 and parameters: {'max_depth': 2, 'min_child_weight': 3, 'gamma': 0.2285253416051749, 'subsample': 0.25924275883095615, 'colsample_bytree': 0.07313311836242309, 'learning_rate': 0.40678183780163146, 'reg_alpha': 0.07780086073897861, 'reg_lambda': 5.980550582868289}. Best is trial 715 with value: 0.9377859576434285.
Trial 1934 finished with value: 0.6274343009853082 and parameters: {'max_depth': 5, 'min_child_weight': 2, 'gamma': 0.5513526040332631, 'subsample': 0.5110917449156883, 'colsample_bytree': 0.16640081741928503, 'learning_rate': 0.4317631876061854, 'reg_alpha': 6.549855011801705, 'reg_lambda': 0.17274897222042443}. Best is trial 715 with value: 0.9377859576434285.
Trial 1915 finished with value: 0.8340163005224202 and parameters: {'max_depth': 7, 'min_child_weight': 2, 'gamma': 0.9246592522343196, 'subsample': 0.6676988705677753, 'colsample_bytree': 0.817432050358578, 'learning_rate': 0.8919276934352296, 'reg_alpha': 0.03616118739358253, 'reg_lambda': 0.04131025123477673}. Best is trial 715 with value: 0.9377859576434285.
Trial 1950 finished with value: 0.06444077704515025 and parameters: {'max_depth': 1, 'min_child_weight': 2, 'gamma': 0.8075875071451462, 'subsample': 0.35385725978426974, 'colsample_bytree': 0.007621860741878317, 'learning_rate': 0.24017394699229322, 'reg_alpha': 2.22789826803531, 'reg_lambda': 0.038613488815204086}. Best is trial 715 with value: 0.9377859576434285.
Trial 1952 finished with value: 0.09224017953285589 and parameters: {'max_depth': 1, 'min_child_weight': 3, 'gamma': 0.9094337495966709, 'subsample': 0.8955125221023035, 'colsample_bytree': 0.412351598447934, 'learning_rate': 0.9315823297574929, 'reg_alpha': 0.004769314045453067, 'reg_lambda': 0.002770797758232034}. Best is trial 715 with value: 0.9377859576434285.
Trial 1955 finished with value: 0.013052627256225935 and parameters: {'max_depth': 1, 'min_child_weight': 1, 'gamma': 0.7837545371813799, 'subsample': 0.2953322394178305, 'colsample_bytree': 0.4761810325243744, 'learning_rate': 0.6558678978051812, 'reg_alpha': 0.00017391262856288734, 'reg_lambda': 0.0005368136416049869}. Best is trial 715 with value: 0.9377859576434285.
Trial 1927 finished with value: 0.7750027675843072 and parameters: {'max_depth': 7, 'min_child_weight': 5, 'gamma': 0.2226079697577349, 'subsample': 0.3965535238922162, 'colsample_bytree': 0.9296867141474718, 'learning_rate': 0.6906289402790132, 'reg_alpha': 0.25461650119638374, 'reg_lambda': 0.0003383243325735172}. Best is trial 715 with value: 0.9377859576434285.
Trial 1910 finished with value: 0.8709631840033968 and parameters: {'max_depth': 10, 'min_child_weight': 2, 'gamma': 0.7046884123107074, 'subsample': 0.7358289512717187, 'colsample_bytree': 0.8253445106907055, 'learning_rate': 0.8298443981835879, 'reg_alpha': 0.3328575838262991, 'reg_lambda': 0.0004752043479020782}. Best is trial 715 with value: 0.9377859576434285.
Trial 1935 finished with value: -9.969992599956951 and parameters: {'max_depth': 7, 'min_child_weight': 2, 'gamma': 0.8452267560876147, 'subsample': 0.11250420579706155, 'colsample_bytree': 0.26421541701929807, 'learning_rate': 0.47395294499724516, 'reg_alpha': 0.008859427853637096, 'reg_lambda': 0.01901645742267793}. Best is trial 715 with value: 0.9377859576434285.
Trial 1925 finished with value: 0.8955654703868801 and parameters: {'max_depth': 7, 'min_child_weight': 4, 'gamma': 0.738086176336369, 'subsample': 0.8807549960229595, 'colsample_bytree': 0.9198626025620218, 'learning_rate': 0.8479641464447432, 'reg_alpha': 0.6092353108497822, 'reg_lambda': 0.0003756098464446497}. Best is trial 715 with value: 0.9377859576434285.
Trial 1938 finished with value: 0.799967789454306 and parameters: {'max_depth': 5, 'min_child_weight': 5, 'gamma': 0.3687357417138599, 'subsample': 0.589161437624815, 'colsample_bytree': 0.7135255587437911, 'learning_rate': 0.621670802478228, 'reg_alpha': 3.2426045618473855, 'reg_lambda': 2.5874882253258202}. Best is trial 715 with value: 0.9377859576434285.
Trial 1930 finished with value: 0.8235495660951935 and parameters: {'max_depth': 7, 'min_child_weight': 3, 'gamma': 0.9570455836729707, 'subsample': 0.8191428974797855, 'colsample_bytree': 0.30082044461520474, 'learning_rate': 0.6576309052280149, 'reg_alpha': 0.15323191272936437, 'reg_lambda': 0.029531603083964346}. Best is trial 715 with value: 0.9377859576434285.
Trial 1936 finished with value: 0.5895281971219796 and parameters: {'max_depth': 10, 'min_child_weight': 5, 'gamma': 0.693187168271913, 'subsample': 0.2521860751260131, 'colsample_bytree': 0.46407296004471477, 'learning_rate': 0.28744427995494193, 'reg_alpha': 0.002035852893516157, 'reg_lambda': 0.07806415375288929}. Best is trial 715 with value: 0.9377859576434285.
Trial 1954 finished with value: -5.138582911392696 and parameters: {'max_depth': 2, 'min_child_weight': 2, 'gamma': 0.19259903954198465, 'subsample': 0.6587453806377944, 'colsample_bytree': 0.520514965772419, 'learning_rate': 0.0015249213849006793, 'reg_alpha': 0.2446540520862569, 'reg_lambda': 0.5033242744198917}. Best is trial 715 with value: 0.9377859576434285.
Trial 1948 finished with value: 0.06734050973788573 and parameters: {'max_depth': 9, 'min_child_weight': 5, 'gamma': 0.26411243685199004, 'subsample': 0.3423771115815777, 'colsample_bytree': 0.013163197972053342, 'learning_rate': 0.29997031436102206, 'reg_alpha': 0.2850700566695398, 'reg_lambda': 0.03326490487519926}. Best is trial 715 with value: 0.9377859576434285.
Trial 1957 finished with value: 0.09386710553758741 and parameters: {'max_depth': 1, 'min_child_weight': 2, 'gamma': 0.14082011851673437, 'subsample': 0.7590848496962196, 'colsample_bytree': 0.7935298196726335, 'learning_rate': 0.35656234606626314, 'reg_alpha': 0.0001326513726230129, 'reg_lambda': 0.03616540527973202}. Best is trial 715 with value: 0.9377859576434285.
Trial 1940 finished with value: 0.6048537258310853 and parameters: {'max_depth': 7, 'min_child_weight': 1, 'gamma': 0.38168281628488854, 'subsample': 0.36626445866744417, 'colsample_bytree': 0.1422362513381107, 'learning_rate': 0.8297208313675977, 'reg_alpha': 2.3003462553385003, 'reg_lambda': 5.217087255282637}. Best is trial 715 with value: 0.9377859576434285.
Trial 1931 finished with value: 0.8223556468267543 and parameters: {'max_depth': 10, 'min_child_weight': 4, 'gamma': 0.12171391260270026, 'subsample': 0.4898718776604153, 'colsample_bytree': 0.5655692002637505, 'learning_rate': 0.27446981099355994, 'reg_alpha': 0.09082610520051006, 'reg_lambda': 8.353061336443533}. Best is trial 715 with value: 0.9377859576434285.
Trial 1962 finished with value: 0.08322703325202449 and parameters: {'max_depth': 1, 'min_child_weight': 4, 'gamma': 0.8669686724835486, 'subsample': 0.4947454035262837, 'colsample_bytree': 0.08877256412034018, 'learning_rate': 0.1681682852519556, 'reg_alpha': 0.04855808177716857, 'reg_lambda': 0.006869111705378605}. Best is trial 715 with value: 0.9377859576434285.
Trial 1946 finished with value: 0.5783612008530747 and parameters: {'max_depth': 6, 'min_child_weight': 5, 'gamma': 0.22366144779907138, 'subsample': 0.3557385848510386, 'colsample_bytree': 0.18864334621267687, 'learning_rate': 0.11470676952939507, 'reg_alpha': 0.00012346247262343354, 'reg_lambda': 0.00025157937531802133}. Best is trial 715 with value: 0.9377859576434285.
Trial 1968 finished with value: -0.15942672649428852 and parameters: {'max_depth': 7, 'min_child_weight': 2, 'gamma': 0.5679087001571096, 'subsample': 0.006628304699366816, 'colsample_bytree': 0.4552041817744732, 'learning_rate': 0.1484419264699962, 'reg_alpha': 0.1567059232351128, 'reg_lambda': 0.09889801823356678}. Best is trial 715 with value: 0.9377859576434285.
Trial 1947 finished with value: 0.7892382215955036 and parameters: {'max_depth': 6, 'min_child_weight': 1, 'gamma': 0.38909856832354983, 'subsample': 0.5911918113299777, 'colsample_bytree': 0.3104466129229462, 'learning_rate': 0.40885340919626745, 'reg_alpha': 0.0008003305283012348, 'reg_lambda': 7.693282489569817}. Best is trial 715 with value: 0.9377859576434285.
