Trial 1848 finished with value: -1.2270558251214383 and parameters: {'max_depth': 2, 'min_child_weight': 1, 'gamma': 0.8464052454955253, 'subsample': 0.14683170347801, 'colsample_bytree': 0.7975917678231499, 'learning_rate': 0.6517934547118702, 'reg_alpha': 0.04680597917191578, 'reg_lambda': 0.4016976627651811}. Best is trial 715 with value: 0.9377859576434285.
Trial 1846 finished with value: 0.5748482734706002 and parameters: {'max_depth': 3, 'min_child_weight': 2, 'gamma': 0.11167837409931136, 'subsample': 0.5351140904137316, 'colsample_bytree': 0.3584899001086892, 'learning_rate': 0.1779149090573411, 'reg_alpha': 0.004986084392085458, 'reg_lambda': 0.020714076129204756}. Best is trial 715 with value: 0.9377859576434285.
Trial 1828 finished with value: 0.9014720950356816 and parameters: {'max_depth': 6, 'min_child_weight': 4, 'gamma': 0.3020193951556487, 'subsample': 0.8964572669462363, 'colsample_bytree': 0.7182035127852665, 'learning_rate': 0.13960881984460183, 'reg_alpha': 0.000535666009866009, 'reg_lambda': 0.0210500862394889}. Best is trial 715 with value: 0.9377859576434285.
Trial 1845 finished with value: 0.02382387291334883 and parameters: {'max_depth': 8, 'min_child_weight': 4, 'gamma': 0.9610212972051603, 'subsample': 0.29415948941983516, 'colsample_bytree': 0.06861183261527593, 'learning_rate': 0.839513235128334, 'reg_alpha': 0.3208429212622231, 'reg_lambda': 0.6196880371584801}. Best is trial 715 with value: 0.9377859576434285.
Trial 1836 finished with value: 0.7293615304507913 and parameters: {'max_depth': 10, 'min_child_weight': 1, 'gamma': 0.4742957834283693, 'subsample': 0.6468688058576283, 'colsample_bytree': 0.13791969539438265, 'learning_rate': 0.6558419252250582, 'reg_alpha': 6.0515119984243375, 'reg_lambda': 0.00044839282870235325}. Best is trial 715 with value: 0.9377859576434285.
Trial 1825 finished with value: 0.8842779691005901 and parameters: {'max_depth': 7, 'min_child_weight': 2, 'gamma': 0.9664816143045196, 'subsample': 0.3623397054830573, 'colsample_bytree': 0.9021513252155507, 'learning_rate': 0.3281653556227746, 'reg_alpha': 0.00012408542778558773, 'reg_lambda': 4.4364305552200225}. Best is trial 715 with value: 0.9377859576434285.
Trial 1835 finished with value: 0.6702808829021402 and parameters: {'max_depth': 7, 'min_child_weight': 2, 'gamma': 0.3822674632786347, 'subsample': 0.3004012616923549, 'colsample_bytree': 0.22841274533321276, 'learning_rate': 0.47892164421827577, 'reg_alpha': 0.05186793322872898, 'reg_lambda': 5.101776476272207}. Best is trial 715 with value: 0.9377859576434285.
Trial 1850 finished with value: 0.4377247822000933 and parameters: {'max_depth': 2, 'min_child_weight': 5, 'gamma': 0.6452662023647103, 'subsample': 0.5229325591825189, 'colsample_bytree': 0.5570821898818739, 'learning_rate': 0.31462598457625734, 'reg_alpha': 0.0202797351190771, 'reg_lambda': 0.059780397248216044}. Best is trial 715 with value: 0.9377859576434285.
Trial 1831 finished with value: -13.697237657454277 and parameters: {'max_depth': 9, 'min_child_weight': 4, 'gamma': 0.3532092283215933, 'subsample': 0.3059516991509439, 'colsample_bytree': 0.32254909307671564, 'learning_rate': 0.9081270752686712, 'reg_alpha': 0.009142155857818426, 'reg_lambda': 0.004381915339615346}. Best is trial 715 with value: 0.9377859576434285.
Trial 1827 finished with value: 0.7720396347366456 and parameters: {'max_depth': 9, 'min_child_weight': 3, 'gamma': 0.16599550851138356, 'subsample': 0.4280653988317725, 'colsample_bytree': 0.5358530187968069, 'learning_rate': 0.034439582922338396, 'reg_alpha': 3.2687253011596464, 'reg_lambda': 0.007893375576518716}. Best is trial 715 with value: 0.9377859576434285.
Trial 1857 finished with value: 0.08201229414405392 and parameters: {'max_depth': 1, 'min_child_weight': 5, 'gamma': 0.8040742954861169, 'subsample': 0.5110153225402436, 'colsample_bytree': 0.7382834536741436, 'learning_rate': 0.35041936888398795, 'reg_alpha': 0.0068350897620416745, 'reg_lambda': 0.296385876621829}. Best is trial 715 with value: 0.9377859576434285.
Trial 1858 finished with value: 0.08715726964149904 and parameters: {'max_depth': 1, 'min_child_weight': 5, 'gamma': 0.35971782276111175, 'subsample': 0.8674518158350016, 'colsample_bytree': 0.8577731330914529, 'learning_rate': 0.7820939003373016, 'reg_alpha': 0.00046918479217109883, 'reg_lambda': 1.719759339425831}. Best is trial 715 with value: 0.9377859576434285.
Trial 1839 finished with value: 0.8452643286488114 and parameters: {'max_depth': 6, 'min_child_weight': 1, 'gamma': 0.7169521080737236, 'subsample': 0.8941720136375246, 'colsample_bytree': 0.3379207142210362, 'learning_rate': 0.11904878496359661, 'reg_alpha': 0.5058138135585704, 'reg_lambda': 0.001988994190264771}. Best is trial 715 with value: 0.9377859576434285.
Trial 1838 finished with value: 0.331620261175336 and parameters: {'max_depth': 9, 'min_child_weight': 3, 'gamma': 0.8916659609482535, 'subsample': 0.2462515758325925, 'colsample_bytree': 0.30272483595316635, 'learning_rate': 0.6654517359082048, 'reg_alpha': 0.0008325196250146281, 'reg_lambda': 1.213890589483371}. Best is trial 715 with value: 0.9377859576434285.
Trial 1842 finished with value: 0.5594093357366476 and parameters: {'max_depth': 9, 'min_child_weight': 4, 'gamma': 0.483323570897099, 'subsample': 0.4344211172080622, 'colsample_bytree': 0.15653828673765446, 'learning_rate': 0.661236852502099, 'reg_alpha': 0.005227669589849592, 'reg_lambda': 0.00022267925782758644}. Best is trial 715 with value: 0.9377859576434285.
Trial 1851 finished with value: 0.5351818052161975 and parameters: {'max_depth': 4, 'min_child_weight': 3, 'gamma': 0.6160997321152447, 'subsample': 0.4840266656029121, 'colsample_bytree': 0.3282529349661365, 'learning_rate': 0.941520809433865, 'reg_alpha': 6.206283149358246, 'reg_lambda': 0.020021048515917718}. Best is trial 715 with value: 0.9377859576434285.
Trial 1832 finished with value: 0.9007164902973052 and parameters: {'max_depth': 7, 'min_child_weight': 1, 'gamma': 0.754426166157407, 'subsample': 0.9695563432273462, 'colsample_bytree': 0.8886310891001384, 'learning_rate': 0.0670796009527107, 'reg_alpha': 0.006930740083243041, 'reg_lambda': 0.0008200502166059639}. Best is trial 715 with value: 0.9377859576434285.
Trial 1853 finished with value: 0.7197361308345958 and parameters: {'max_depth': 4, 'min_child_weight': 2, 'gamma': 0.4207337949209431, 'subsample': 0.6603368813597242, 'colsample_bytree': 0.3336565983532239, 'learning_rate': 0.27352755409289065, 'reg_alpha': 0.0002833732828912916, 'reg_lambda': 0.011164463905136727}. Best is trial 715 with value: 0.9377859576434285.
Trial 1854 finished with value: -10.448325905103697 and parameters: {'max_depth': 6, 'min_child_weight': 5, 'gamma': 0.049227605536610874, 'subsample': 0.1875324918785749, 'colsample_bytree': 0.5060457175261739, 'learning_rate': 0.8611016701307124, 'reg_alpha': 0.0001325664351147921, 'reg_lambda': 1.4056070085986123}. Best is trial 715 with value: 0.9377859576434285.
Trial 1864 finished with value: 0.5859941857596581 and parameters: {'max_depth': 3, 'min_child_weight': 4, 'gamma': 0.35372563785369926, 'subsample': 0.7980480379126392, 'colsample_bytree': 0.3233938909850781, 'learning_rate': 0.18364176832111478, 'reg_alpha': 0.047858818848493835, 'reg_lambda': 0.0005282437423303745}. Best is trial 715 with value: 0.9377859576434285.
Trial 1844 finished with value: 0.9093131949371878 and parameters: {'max_depth': 8, 'min_child_weight': 3, 'gamma': 0.12635369436367028, 'subsample': 0.9551485639009771, 'colsample_bytree': 0.6242422635754861, 'learning_rate': 0.3374256379099537, 'reg_alpha': 0.5417658335720277, 'reg_lambda': 0.0012059364492899973}. Best is trial 715 with value: 0.9377859576434285.
Trial 1865 finished with value: -0.005564520483447077 and parameters: {'max_depth': 3, 'min_child_weight': 1, 'gamma': 0.8542580399450846, 'subsample': 0.09109436210654442, 'colsample_bytree': 0.22810000597152358, 'learning_rate': 0.4347826847143199, 'reg_alpha': 0.016970836721697153, 'reg_lambda': 3.3144727257870548}. Best is trial 715 with value: 0.9377859576434285.
Trial 1859 finished with value: 0.08425360615883372 and parameters: {'max_depth': 6, 'min_child_weight': 5, 'gamma': 0.6844119200169231, 'subsample': 0.9592378590503415, 'colsample_bytree': 0.01924486235177425, 'learning_rate': 0.43008885225229876, 'reg_alpha': 0.00018074181786261793, 'reg_lambda': 0.02150024013811526}. Best is trial 715 with value: 0.9377859576434285.
Trial 1855 finished with value: -0.026720924776775325 and parameters: {'max_depth': 5, 'min_child_weight': 5, 'gamma': 0.6728296293083852, 'subsample': 0.2728839363362955, 'colsample_bytree': 0.6113630994172888, 'learning_rate': 0.6204596232934573, 'reg_alpha': 0.00018998724800018858, 'reg_lambda': 0.03787651661596906}. Best is trial 715 with value: 0.9377859576434285.
Trial 1849 finished with value: 0.6224141728701966 and parameters: {'max_depth': 6, 'min_child_weight': 3, 'gamma': 0.8420443697268667, 'subsample': 0.26589035062599786, 'colsample_bytree': 0.6065138444911582, 'learning_rate': 0.42169121980172886, 'reg_alpha': 0.3835185799729973, 'reg_lambda': 0.0007746334423211575}. Best is trial 715 with value: 0.9377859576434285.
Trial 1861 finished with value: 0.08274048551557556 and parameters: {'max_depth': 6, 'min_child_weight': 5, 'gamma': 0.3646181791816212, 'subsample': 0.9435853138200542, 'colsample_bytree': 0.036800718920749764, 'learning_rate': 0.5742730756431168, 'reg_alpha': 0.00021898386693667486, 'reg_lambda': 5.145408581429338}. Best is trial 715 with value: 0.9377859576434285.
Trial 1847 finished with value: 0.8783164455940975 and parameters: {'max_depth': 10, 'min_child_weight': 1, 'gamma': 0.06395482022831256, 'subsample': 0.27373535989943665, 'colsample_bytree': 0.8320529064641223, 'learning_rate': 0.2611272674735151, 'reg_alpha': 6.215203875758036, 'reg_lambda': 0.0009616527318801165}. Best is trial 715 with value: 0.9377859576434285.
Trial 1876 finished with value: -0.09598016954938138 and parameters: {'max_depth': 1, 'min_child_weight': 4, 'gamma': 0.11809021718501611, 'subsample': 0.20336241682697875, 'colsample_bytree': 0.11387022400276037, 'learning_rate': 0.8047185856043555, 'reg_alpha': 1.9528549569219609, 'reg_lambda': 0.08459068756029518}. Best is trial 715 with value: 0.9377859576434285.
Trial 1852 finished with value: 0.46989955012284745 and parameters: {'max_depth': 10, 'min_child_weight': 2, 'gamma': 0.024713666083308827, 'subsample': 0.3391303789908594, 'colsample_bytree': 0.15587211016940394, 'learning_rate': 0.5205053424532218, 'reg_alpha': 0.2623236595960652, 'reg_lambda': 0.02480703268339778}. Best is trial 715 with value: 0.9377859576434285.
Trial 1867 finished with value: 0.599186841060888 and parameters: {'max_depth': 4, 'min_child_weight': 4, 'gamma': 0.5365564326529617, 'subsample': 0.17018083578645415, 'colsample_bytree': 0.9255810975837021, 'learning_rate': 0.12517522440864393, 'reg_alpha': 0.015710618418683337, 'reg_lambda': 0.033398000120086396}. Best is trial 715 with value: 0.9377859576434285.
Trial 1826 finished with value: 0.9135409696301515 and parameters: {'max_depth': 9, 'min_child_weight': 1, 'gamma': 0.2361434843061141, 'subsample': 0.7482272652204894, 'colsample_bytree': 0.9157931682643333, 'learning_rate': 0.4222913590499493, 'reg_alpha': 0.0018574481040465939, 'reg_lambda': 0.021389961111475547}. Best is trial 715 with value: 0.9377859576434285.
Trial 1866 finished with value: -4.42475931000079e+23 and parameters: {'max_depth': 5, 'min_child_weight': 3, 'gamma': 0.3742559465044679, 'subsample': 0.11112020396708555, 'colsample_bytree': 0.8046840509285251, 'learning_rate': 0.9095431579301142, 'reg_alpha': 0.8527262400429986, 'reg_lambda': 0.002691497451429074}. Best is trial 715 with value: 0.9377859576434285.
Trial 1883 finished with value: 0.09278662236102284 and parameters: {'max_depth': 1, 'min_child_weight': 4, 'gamma': 0.003025587575802957, 'subsample': 0.8217697028422034, 'colsample_bytree': 0.9440009478850834, 'learning_rate': 0.301703372771826, 'reg_alpha': 4.606196583331913, 'reg_lambda': 0.2647070657041375}. Best is trial 715 with value: 0.9377859576434285.
Trial 1872 finished with value: 0.43127031944632815 and parameters: {'max_depth': 4, 'min_child_weight': 1, 'gamma': 0.693785228707351, 'subsample': 0.24989923804045022, 'colsample_bytree': 0.10136122992571073, 'learning_rate': 0.04700156303938419, 'reg_alpha': 0.07358016130812685, 'reg_lambda': 0.0002620589959909127}. Best is trial 715 with value: 0.9377859576434285.
Trial 1882 finished with value: 0.26242443283540956 and parameters: {'max_depth': 2, 'min_child_weight': 3, 'gamma': 0.2913974440232924, 'subsample': 0.47961889772467625, 'colsample_bytree': 0.2837563194797703, 'learning_rate': 0.8119768990819212, 'reg_alpha': 0.00745912091556492, 'reg_lambda': 0.0005827607727319225}. Best is trial 715 with value: 0.9377859576434285.
Trial 1860 finished with value: 0.58908924054408 and parameters: {'max_depth': 8, 'min_child_weight': 4, 'gamma': 0.4846250000325456, 'subsample': 0.2676735873598284, 'colsample_bytree': 0.3452244944731303, 'learning_rate': 0.03870385404110299, 'reg_alpha': 0.386531574609383, 'reg_lambda': 0.0002610251348663996}. Best is trial 715 with value: 0.9377859576434285.
Trial 1878 finished with value: 0.17208877068599246 and parameters: {'max_depth': 9, 'min_child_weight': 2, 'gamma': 0.4243609214829185, 'subsample': 0.03018864006061306, 'colsample_bytree': 0.3915537855729728, 'learning_rate': 0.056310386037060955, 'reg_alpha': 1.222355443498674, 'reg_lambda': 0.0009205599488976066}. Best is trial 715 with value: 0.9377859576434285.
Trial 1873 finished with value: 0.5364107592321063 and parameters: {'max_depth': 5, 'min_child_weight': 2, 'gamma': 0.38565078930697283, 'subsample': 0.6501721564671907, 'colsample_bytree': 0.36193533852720894, 'learning_rate': 0.013162441329453434, 'reg_alpha': 0.14108621745682515, 'reg_lambda': 3.657870848786167}. Best is trial 715 with value: 0.9377859576434285.
Trial 1862 finished with value: 0.8169136552815647 and parameters: {'max_depth': 9, 'min_child_weight': 3, 'gamma': 0.16842467179875964, 'subsample': 0.6622005519896877, 'colsample_bytree': 0.28559809468233954, 'learning_rate': 0.750632952788339, 'reg_alpha': 0.33828191673666014, 'reg_lambda': 5.1099774815442}. Best is trial 715 with value: 0.9377859576434285.
Trial 1885 finished with value: 0.2321661325865413 and parameters: {'max_depth': 4, 'min_child_weight': 4, 'gamma': 0.21779084409882932, 'subsample': 0.05167181205024152, 'colsample_bytree': 0.8934230824667118, 'learning_rate': 0.1090849366956409, 'reg_alpha': 2.2970014393176377, 'reg_lambda': 0.7417059472004597}. Best is trial 715 with value: 0.9377859576434285.
Trial 1871 finished with value: 0.8971456095554264 and parameters: {'max_depth': 5, 'min_child_weight': 1, 'gamma': 0.9413174802566459, 'subsample': 0.5840626986938341, 'colsample_bytree': 0.9855398750802034, 'learning_rate': 0.7346999894070187, 'reg_alpha': 0.11277639664083748, 'reg_lambda': 0.244335143585362}. Best is trial 715 with value: 0.9377859576434285.
Trial 1869 finished with value: 0.8675098416967317 and parameters: {'max_depth': 6, 'min_child_weight': 2, 'gamma': 0.10278753485106673, 'subsample': 0.7284217568585961, 'colsample_bytree': 0.48625888385748695, 'learning_rate': 0.48497520375027103, 'reg_alpha': 0.07715846290513262, 'reg_lambda': 0.001701517394868301}. Best is trial 715 with value: 0.9377859576434285.
Trial 1889 finished with value: 0.360096092478119 and parameters: {'max_depth': 3, 'min_child_weight': 3, 'gamma': 0.4525153211673909, 'subsample': 0.18471738519231107, 'colsample_bytree': 0.709958794691649, 'learning_rate': 0.6347876686128671, 'reg_alpha': 6.649472594659456, 'reg_lambda': 7.771621565484457}. Best is trial 715 with value: 0.9377859576434285.
Trial 1870 finished with value: 0.48861848828644217 and parameters: {'max_depth': 8, 'min_child_weight': 4, 'gamma': 0.19015754865859413, 'subsample': 0.3217103499346533, 'colsample_bytree': 0.3829791434630486, 'learning_rate': 0.6156044947574109, 'reg_alpha': 0.07481118826631718, 'reg_lambda': 0.00824612595286773}. Best is trial 715 with value: 0.9377859576434285.
Trial 1892 finished with value: 0.4157603421919974 and parameters: {'max_depth': 2, 'min_child_weight': 5, 'gamma': 0.920237109435992, 'subsample': 0.48761580160471496, 'colsample_bytree': 0.2752544899058197, 'learning_rate': 0.10147443119320754, 'reg_alpha': 1.579391277546354, 'reg_lambda': 0.00034632081510593577}. Best is trial 715 with value: 0.9377859576434285.
Trial 1868 finished with value: 0.8244356042607478 and parameters: {'max_depth': 8, 'min_child_weight': 2, 'gamma': 0.28749067725216604, 'subsample': 0.9529667100704672, 'colsample_bytree': 0.2740091563510655, 'learning_rate': 0.9863314462449952, 'reg_alpha': 0.00456576111391432, 'reg_lambda': 0.28718082965749686}. Best is trial 715 with value: 0.9377859576434285.
Trial 1888 finished with value: 0.09283258318473189 and parameters: {'max_depth': 6, 'min_child_weight': 1, 'gamma': 0.7860109334346995, 'subsample': 0.9954468155335762, 'colsample_bytree': 0.0255645783624715, 'learning_rate': 0.12366835310625812, 'reg_alpha': 0.005882861642839945, 'reg_lambda': 0.4778769613411707}. Best is trial 715 with value: 0.9377859576434285.
Trial 1856 finished with value: 0.873906331880755 and parameters: {'max_depth': 9, 'min_child_weight': 4, 'gamma': 0.36148600980539536, 'subsample': 0.9245549611212233, 'colsample_bytree': 0.6885861889909048, 'learning_rate': 0.9566014061861741, 'reg_alpha': 0.0503793648689315, 'reg_lambda': 0.0010646102647150096}. Best is trial 715 with value: 0.9377859576434285.
Trial 1877 finished with value: 0.7450500404578175 and parameters: {'max_depth': 6, 'min_child_weight': 4, 'gamma': 0.06966145374980703, 'subsample': 0.6785326172170095, 'colsample_bytree': 0.22158456755471534, 'learning_rate': 0.37665834086064565, 'reg_alpha': 0.022412826158330682, 'reg_lambda': 0.008892106817008014}. Best is trial 715 with value: 0.9377859576434285.
Trial 1884 finished with value: 0.6870195205149728 and parameters: {'max_depth': 4, 'min_child_weight': 5, 'gamma': 0.23036489008668992, 'subsample': 0.6843118531748086, 'colsample_bytree': 0.851740103696184, 'learning_rate': 0.04369110215755456, 'reg_alpha': 1.8258027122104914, 'reg_lambda': 0.2554165364459174}. Best is trial 715 with value: 0.9377859576434285.
Trial 1863 finished with value: 0.46537611292677034 and parameters: {'max_depth': 10, 'min_child_weight': 2, 'gamma': 0.09813030452062765, 'subsample': 0.3280216118701058, 'colsample_bytree': 0.4017177158752717, 'learning_rate': 0.6321110782310032, 'reg_alpha': 0.015620210668617348, 'reg_lambda': 0.00031221741442783097}. Best is trial 715 with value: 0.9377859576434285.
Trial 1893 finished with value: -0.11619903612257322 and parameters: {'max_depth': 3, 'min_child_weight': 2, 'gamma': 0.06371157513794878, 'subsample': 0.39132854776494275, 'colsample_bytree': 0.3911463476157707, 'learning_rate': 0.8820084728041989, 'reg_alpha': 0.0004402771428526478, 'reg_lambda': 0.06777947142171407}. Best is trial 715 with value: 0.9377859576434285.
Trial 1875 finished with value: 0.6677098423778017 and parameters: {'max_depth': 7, 'min_child_weight': 5, 'gamma': 0.6628628876816017, 'subsample': 0.3179346209958567, 'colsample_bytree': 0.5186349039155538, 'learning_rate': 0.45816111878219123, 'reg_alpha': 0.08823271846427606, 'reg_lambda': 0.09818772048004937}. Best is trial 715 with value: 0.9377859576434285.
Trial 1899 finished with value: 0.08624902269098256 and parameters: {'max_depth': 1, 'min_child_weight': 1, 'gamma': 0.5251565122968723, 'subsample': 0.7540429262636634, 'colsample_bytree': 0.9771764124989625, 'learning_rate': 0.6321720560597889, 'reg_alpha': 0.0004479310957163114, 'reg_lambda': 0.05755436579077614}. Best is trial 715 with value: 0.9377859576434285.
Trial 1900 finished with value: 0.09260028928714954 and parameters: {'max_depth': 1, 'min_child_weight': 4, 'gamma': 0.7525498747022606, 'subsample': 0.8802856686348122, 'colsample_bytree': 0.7667889619293478, 'learning_rate': 0.3603555995709097, 'reg_alpha': 0.4206909745505611, 'reg_lambda': 0.23048730045628785}. Best is trial 715 with value: 0.9377859576434285.
Trial 1881 finished with value: 0.7776371418930361 and parameters: {'max_depth': 6, 'min_child_weight': 2, 'gamma': 0.6586655576233955, 'subsample': 0.39827311395598375, 'colsample_bytree': 0.4058174744688373, 'learning_rate': 0.16688840253105008, 'reg_alpha': 0.028432732352694844, 'reg_lambda': 0.12046942059028186}. Best is trial 715 with value: 0.9377859576434285.
Trial 1880 finished with value: 0.7061630906356844 and parameters: {'max_depth': 7, 'min_child_weight': 4, 'gamma': 0.19366667974568075, 'subsample': 0.3004464721299648, 'colsample_bytree': 0.9494118811799188, 'learning_rate': 0.6530813648091977, 'reg_alpha': 0.14815167809998633, 'reg_lambda': 0.9087442757644699}. Best is trial 715 with value: 0.9377859576434285.
Trial 1879 finished with value: 0.8977610825887317 and parameters: {'max_depth': 6, 'min_child_weight': 2, 'gamma': 0.8370797993626268, 'subsample': 0.5944479105742443, 'colsample_bytree': 0.8530343349334966, 'learning_rate': 0.8406871920773133, 'reg_alpha': 0.006704770213994976, 'reg_lambda': 5.482784187753437}. Best is trial 715 with value: 0.9377859576434285.
Trial 1887 finished with value: 0.8881406537651954 and parameters: {'max_depth': 5, 'min_child_weight': 4, 'gamma': 0.42487560650524137, 'subsample': 0.8146256790268406, 'colsample_bytree': 0.672929956157769, 'learning_rate': 0.27172254997134626, 'reg_alpha': 0.31620793890196636, 'reg_lambda': 0.003016276603454606}. Best is trial 715 with value: 0.9377859576434285.
