Trial 2487 finished with value: -0.15468217908584422 and parameters: {'max_depth': 4, 'min_child_weight': 5, 'gamma': 0.7924494562664088, 'subsample': 0.1825411953265802, 'colsample_bytree': 0.1350980837113357, 'learning_rate': 0.645744564744367, 'reg_alpha': 0.4541306141034607, 'reg_lambda': 0.0004356809253638399}. Best is trial 715 with value: 0.9377859576434285.
Trial 2499 finished with value: 0.08059716187542645 and parameters: {'max_depth': 1, 'min_child_weight': 5, 'gamma': 0.8452371222565452, 'subsample': 0.6126085439244483, 'colsample_bytree': 0.8113825582459214, 'learning_rate': 0.20701454079356174, 'reg_alpha': 0.0001287142062158095, 'reg_lambda': 0.09197938104145105}. Best is trial 715 with value: 0.9377859576434285.
Trial 2467 finished with value: -0.8395393490660119 and parameters: {'max_depth': 8, 'min_child_weight': 5, 'gamma': 0.22875557265165525, 'subsample': 0.4366883876888431, 'colsample_bytree': 0.7899827769075661, 'learning_rate': 0.9823505752210676, 'reg_alpha': 0.0022084051613569695, 'reg_lambda': 0.00028344468710485467}. Best is trial 715 with value: 0.9377859576434285.
Trial 2479 finished with value: 0.8820721776574542 and parameters: {'max_depth': 5, 'min_child_weight': 1, 'gamma': 0.5923559502810782, 'subsample': 0.5855783683471446, 'colsample_bytree': 0.8428430196317896, 'learning_rate': 0.18032700757446596, 'reg_alpha': 0.015541294300160087, 'reg_lambda': 0.03752408808200551}. Best is trial 715 with value: 0.9377859576434285.
Trial 2497 finished with value: 0.4368336090076638 and parameters: {'max_depth': 2, 'min_child_weight': 1, 'gamma': 0.1644838506351024, 'subsample': 0.3872995860496874, 'colsample_bytree': 0.488779560062938, 'learning_rate': 0.13166662674825869, 'reg_alpha': 0.0005494098365872421, 'reg_lambda': 0.0014181327761896051}. Best is trial 715 with value: 0.9377859576434285.
Trial 2489 finished with value: 0.00409657230449143 and parameters: {'max_depth': 8, 'min_child_weight': 3, 'gamma': 0.5218505123054914, 'subsample': 0.2879453156836649, 'colsample_bytree': 0.074688113407399, 'learning_rate': 0.9638633857555358, 'reg_alpha': 4.267140179096838, 'reg_lambda': 0.040863079184807784}. Best is trial 715 with value: 0.9377859576434285.
Trial 2484 finished with value: -1.1367468889788022 and parameters: {'max_depth': 7, 'min_child_weight': 2, 'gamma': 0.9819708108370684, 'subsample': 0.12360555631425085, 'colsample_bytree': 0.17882487721292684, 'learning_rate': 0.3871279154228744, 'reg_alpha': 0.018350083338640327, 'reg_lambda': 0.00033491616656118454}. Best is trial 715 with value: 0.9377859576434285.
Trial 2491 finished with value: 0.6901715474978156 and parameters: {'max_depth': 4, 'min_child_weight': 3, 'gamma': 0.9845690749529361, 'subsample': 0.6362469317164055, 'colsample_bytree': 0.2768554358911698, 'learning_rate': 0.4470188284317126, 'reg_alpha': 0.0004793600792345904, 'reg_lambda': 6.783736126703355}. Best is trial 715 with value: 0.9377859576434285.
Trial 2477 finished with value: 0.9091559360800433 and parameters: {'max_depth': 9, 'min_child_weight': 2, 'gamma': 0.40964573346870303, 'subsample': 0.7568649367954152, 'colsample_bytree': 0.7288693754030445, 'learning_rate': 0.8368081263662758, 'reg_alpha': 1.1481558647413035, 'reg_lambda': 0.011283494767837536}. Best is trial 715 with value: 0.9377859576434285.
Trial 2510 finished with value: -0.04364341360164958 and parameters: {'max_depth': 1, 'min_child_weight': 4, 'gamma': 0.8180746033883126, 'subsample': 0.39724544017425667, 'colsample_bytree': 0.0012730264238496325, 'learning_rate': 0.8176900265637034, 'reg_alpha': 0.0021822884810402893, 'reg_lambda': 0.0024772388729939116}. Best is trial 715 with value: 0.9377859576434285.
Trial 2480 finished with value: -0.4712424156197789 and parameters: {'max_depth': 9, 'min_child_weight': 3, 'gamma': 0.45393131421965516, 'subsample': 0.29624827721600566, 'colsample_bytree': 0.40407083589563253, 'learning_rate': 0.802376942294945, 'reg_alpha': 0.0006864096352625741, 'reg_lambda': 0.6647585966773503}. Best is trial 715 with value: 0.9377859576434285.
Trial 2503 finished with value: 0.4705936655733839 and parameters: {'max_depth': 2, 'min_child_weight': 2, 'gamma': 0.16169774100171574, 'subsample': 0.6162191511626106, 'colsample_bytree': 0.4592360091752512, 'learning_rate': 0.15617634285690407, 'reg_alpha': 0.10474587291109899, 'reg_lambda': 1.4997227631902637}. Best is trial 715 with value: 0.9377859576434285.
Trial 2488 finished with value: 0.7428979452134029 and parameters: {'max_depth': 6, 'min_child_weight': 4, 'gamma': 0.8498175129656725, 'subsample': 0.4772317923965852, 'colsample_bytree': 0.41073321502367144, 'learning_rate': 0.6730774483009925, 'reg_alpha': 5.848074062628175, 'reg_lambda': 0.0001278211563525277}. Best is trial 715 with value: 0.9377859576434285.
Trial 2483 finished with value: 0.9016037234552678 and parameters: {'max_depth': 10, 'min_child_weight': 2, 'gamma': 0.025188987794157125, 'subsample': 0.8415131956502534, 'colsample_bytree': 0.5673465242031888, 'learning_rate': 0.22657520248738494, 'reg_alpha': 0.6530995176604457, 'reg_lambda': 0.05875796560943781}. Best is trial 715 with value: 0.9377859576434285.
Trial 2485 finished with value: 0.8174110571227868 and parameters: {'max_depth': 6, 'min_child_weight': 2, 'gamma': 0.484677898021872, 'subsample': 0.5882090092329214, 'colsample_bytree': 0.9565973192499456, 'learning_rate': 0.8486517782899361, 'reg_alpha': 0.5844719989227066, 'reg_lambda': 0.0006208293713302553}. Best is trial 715 with value: 0.9377859576434285.
Trial 2509 finished with value: -219.21540805559383 and parameters: {'max_depth': 3, 'min_child_weight': 5, 'gamma': 0.7450808487457692, 'subsample': 0.15458336678529416, 'colsample_bytree': 0.6034696875853883, 'learning_rate': 0.8498996756545233, 'reg_alpha': 0.9975216847319608, 'reg_lambda': 0.13856121334262317}. Best is trial 715 with value: 0.9377859576434285.
Trial 2516 finished with value: -7.179223659119289 and parameters: {'max_depth': 4, 'min_child_weight': 5, 'gamma': 0.11004468796755273, 'subsample': 0.03057975017234693, 'colsample_bytree': 0.08691867134851639, 'learning_rate': 0.9067329063111504, 'reg_alpha': 0.002758568659906403, 'reg_lambda': 0.23838029584504722}. Best is trial 715 with value: 0.9377859576434285.
Trial 2496 finished with value: 0.7355761284622253 and parameters: {'max_depth': 5, 'min_child_weight': 4, 'gamma': 0.42395095517678916, 'subsample': 0.5199542908193417, 'colsample_bytree': 0.8393156081481282, 'learning_rate': 0.026563759828015066, 'reg_alpha': 0.03884909564181197, 'reg_lambda': 0.0011345825316864}. Best is trial 715 with value: 0.9377859576434285.
Trial 2490 finished with value: 0.6877046196995753 and parameters: {'max_depth': 9, 'min_child_weight': 4, 'gamma': 0.4514132450935944, 'subsample': 0.38230423423581494, 'colsample_bytree': 0.2921917708488345, 'learning_rate': 0.19745888662412403, 'reg_alpha': 0.00011185852028220028, 'reg_lambda': 4.302881630865137}. Best is trial 715 with value: 0.9377859576434285.
Trial 2474 finished with value: 0.9048780756278273 and parameters: {'max_depth': 10, 'min_child_weight': 5, 'gamma': 0.8086083884946993, 'subsample': 0.7884142590567857, 'colsample_bytree': 0.9078037719865141, 'learning_rate': 0.13409618258886424, 'reg_alpha': 0.032676265398913995, 'reg_lambda': 0.0010126675735536322}. Best is trial 715 with value: 0.9377859576434285.
Trial 2517 finished with value: 0.4094867542239066 and parameters: {'max_depth': 2, 'min_child_weight': 5, 'gamma': 0.08320958937183132, 'subsample': 0.631837844625761, 'colsample_bytree': 0.70618061679177, 'learning_rate': 0.5626408175857267, 'reg_alpha': 0.0021314512330968148, 'reg_lambda': 0.0003912655801513902}. Best is trial 715 with value: 0.9377859576434285.
Trial 2521 finished with value: 0.0864673572907623 and parameters: {'max_depth': 1, 'min_child_weight': 2, 'gamma': 0.7773180879332795, 'subsample': 0.3473244782099807, 'colsample_bytree': 0.5339545821004581, 'learning_rate': 0.1814753796105789, 'reg_alpha': 2.937470128493621, 'reg_lambda': 0.011034637447978324}. Best is trial 715 with value: 0.9377859576434285.
Trial 2502 finished with value: 0.5566278840312913 and parameters: {'max_depth': 6, 'min_child_weight': 5, 'gamma': 0.3567498740835857, 'subsample': 0.31140268844714636, 'colsample_bytree': 0.6493929310033196, 'learning_rate': 0.6404531219963489, 'reg_alpha': 6.556475206298916, 'reg_lambda': 0.01567752185927783}. Best is trial 715 with value: 0.9377859576434285.
Trial 2501 finished with value: -98.23494058012551 and parameters: {'max_depth': 9, 'min_child_weight': 5, 'gamma': 0.07907243826808696, 'subsample': 0.2537636161200022, 'colsample_bytree': 0.8082921447313471, 'learning_rate': 0.8437861046875486, 'reg_alpha': 3.9107007418009534, 'reg_lambda': 0.06564384329648763}. Best is trial 715 with value: 0.9377859576434285.
Trial 2524 finished with value: 0.41223290065909324 and parameters: {'max_depth': 2, 'min_child_weight': 1, 'gamma': 0.6110974007358795, 'subsample': 0.6721352787905405, 'colsample_bytree': 0.1328574734774408, 'learning_rate': 0.4568413401742695, 'reg_alpha': 6.233076819572289, 'reg_lambda': 0.480892959388966}. Best is trial 715 with value: 0.9377859576434285.
Trial 2504 finished with value: 0.9034935178967701 and parameters: {'max_depth': 5, 'min_child_weight': 3, 'gamma': 0.19103104708120244, 'subsample': 0.8293970920227994, 'colsample_bytree': 0.9713050800198813, 'learning_rate': 0.3579486204524591, 'reg_alpha': 0.0009274401202649073, 'reg_lambda': 0.0002483205871074351}. Best is trial 715 with value: 0.9377859576434285.
Trial 2482 finished with value: 0.9095273983365244 and parameters: {'max_depth': 10, 'min_child_weight': 1, 'gamma': 0.8947534593223133, 'subsample': 0.9171688658097857, 'colsample_bytree': 0.6152268402688512, 'learning_rate': 0.43086923568735047, 'reg_alpha': 0.0002600858242302268, 'reg_lambda': 0.0008528777826146863}. Best is trial 715 with value: 0.9377859576434285.
Trial 2511 finished with value: 0.6756249019556857 and parameters: {'max_depth': 10, 'min_child_weight': 1, 'gamma': 0.8420233197482735, 'subsample': 0.6126536924105648, 'colsample_bytree': 0.1553695226829539, 'learning_rate': 0.6198677763618454, 'reg_alpha': 0.02654722852588435, 'reg_lambda': 0.3233095108429536}. Best is trial 715 with value: 0.9377859576434285.
Trial 2514 finished with value: -0.04442016995713581 and parameters: {'max_depth': 10, 'min_child_weight': 5, 'gamma': 0.6523820378137533, 'subsample': 0.2224465855897978, 'colsample_bytree': 0.4820640008998397, 'learning_rate': 0.5844307912266199, 'reg_alpha': 0.00026141494911490403, 'reg_lambda': 0.0015393593501314459}. Best is trial 715 with value: 0.9377859576434285.
Trial 2512 finished with value: 0.8698185467380338 and parameters: {'max_depth': 10, 'min_child_weight': 1, 'gamma': 0.8890545025813097, 'subsample': 0.5024307981140571, 'colsample_bytree': 0.5149852009219027, 'learning_rate': 0.29226109832259295, 'reg_alpha': 7.027348443165854, 'reg_lambda': 0.8204677180698032}. Best is trial 715 with value: 0.9377859576434285.
Trial 2530 finished with value: -0.509641057621824 and parameters: {'max_depth': 2, 'min_child_weight': 1, 'gamma': 0.02443045897384133, 'subsample': 0.17349570364404399, 'colsample_bytree': 0.7902521449569015, 'learning_rate': 0.6836733484812143, 'reg_alpha': 6.493504553825775, 'reg_lambda': 0.384903227928839}. Best is trial 715 with value: 0.9377859576434285.
Trial 2515 finished with value: -10.067189043831837 and parameters: {'max_depth': 7, 'min_child_weight': 2, 'gamma': 0.835874303280529, 'subsample': 0.19189877090587215, 'colsample_bytree': 0.21200863628661548, 'learning_rate': 0.668975893399831, 'reg_alpha': 0.0016618849304470126, 'reg_lambda': 0.022351126872085954}. Best is trial 715 with value: 0.9377859576434285.
Trial 2508 finished with value: 0.7011065914882669 and parameters: {'max_depth': 10, 'min_child_weight': 4, 'gamma': 0.8749486853423308, 'subsample': 0.4349308313191731, 'colsample_bytree': 0.9209338786901134, 'learning_rate': 0.9001917899954419, 'reg_alpha': 2.551346668104373, 'reg_lambda': 0.010469175864980907}. Best is trial 715 with value: 0.9377859576434285.
Trial 2513 finished with value: 0.7232571857755014 and parameters: {'max_depth': 10, 'min_child_weight': 1, 'gamma': 0.08040303407448102, 'subsample': 0.8343851547068242, 'colsample_bytree': 0.14624488304804484, 'learning_rate': 0.783780655642703, 'reg_alpha': 0.00011877149351539914, 'reg_lambda': 0.704992515063235}. Best is trial 715 with value: 0.9377859576434285.
Trial 2505 finished with value: 0.897273149705932 and parameters: {'max_depth': 8, 'min_child_weight': 1, 'gamma': 0.371064910465267, 'subsample': 0.18281953912730897, 'colsample_bytree': 0.89050572592472, 'learning_rate': 0.26911518067045304, 'reg_alpha': 0.017277637535325862, 'reg_lambda': 0.9852175581481066}. Best is trial 715 with value: 0.9377859576434285.
Trial 2519 finished with value: 0.7355604598503254 and parameters: {'max_depth': 6, 'min_child_weight': 1, 'gamma': 0.16890981163099295, 'subsample': 0.48520533453999126, 'colsample_bytree': 0.3102640945513264, 'learning_rate': 0.6690619924588145, 'reg_alpha': 1.0999179469651625, 'reg_lambda': 0.000583156622753053}. Best is trial 715 with value: 0.9377859576434285.
Trial 2533 finished with value: -0.16978863186350637 and parameters: {'max_depth': 1, 'min_child_weight': 2, 'gamma': 0.34597860721854223, 'subsample': 0.04503710624314361, 'colsample_bytree': 0.8496122668811029, 'learning_rate': 0.44241746872086407, 'reg_alpha': 0.09032058486832797, 'reg_lambda': 4.545218671226647}. Best is trial 715 with value: 0.9377859576434285.
Trial 2531 finished with value: 0.3096507727596531 and parameters: {'max_depth': 3, 'min_child_weight': 5, 'gamma': 0.05750782012444022, 'subsample': 0.41056695685240563, 'colsample_bytree': 0.32592143191161704, 'learning_rate': 0.7664323291773831, 'reg_alpha': 0.0005063289038766907, 'reg_lambda': 0.010588529829652566}. Best is trial 715 with value: 0.9377859576434285.
Trial 2498 finished with value: 0.6714861076434466 and parameters: {'max_depth': 9, 'min_child_weight': 1, 'gamma': 0.5471637343479331, 'subsample': 0.6154711286720597, 'colsample_bytree': 0.5854962008474999, 'learning_rate': 0.9816113063695615, 'reg_alpha': 0.0003629887369064659, 'reg_lambda': 0.08114268079259118}. Best is trial 715 with value: 0.9377859576434285.
Trial 2507 finished with value: 0.8785405791033605 and parameters: {'max_depth': 10, 'min_child_weight': 4, 'gamma': 0.9119705055813778, 'subsample': 0.4505930988333755, 'colsample_bytree': 0.969200511761137, 'learning_rate': 0.0671726947623329, 'reg_alpha': 0.018700949404825907, 'reg_lambda': 0.00029217667723559183}. Best is trial 715 with value: 0.9377859576434285.
Trial 2506 finished with value: 0.9033895320485477 and parameters: {'max_depth': 8, 'min_child_weight': 2, 'gamma': 0.7926157920387353, 'subsample': 0.7317851958437047, 'colsample_bytree': 0.6350776210277137, 'learning_rate': 0.4368263157722537, 'reg_alpha': 0.022582718925600667, 'reg_lambda': 0.0007003575940510684}. Best is trial 715 with value: 0.9377859576434285.
Trial 2534 finished with value: 0.3991361581045602 and parameters: {'max_depth': 2, 'min_child_weight': 5, 'gamma': 0.6276415503682966, 'subsample': 0.4809485400514514, 'colsample_bytree': 0.5897067990788282, 'learning_rate': 0.5858477074164138, 'reg_alpha': 0.0006725709057176611, 'reg_lambda': 0.0030561311794898476}. Best is trial 715 with value: 0.9377859576434285.
Trial 2525 finished with value: -1.021178077218115 and parameters: {'max_depth': 8, 'min_child_weight': 3, 'gamma': 0.6711054825394346, 'subsample': 0.1480064802274541, 'colsample_bytree': 0.821872523747764, 'learning_rate': 0.460160516053167, 'reg_alpha': 0.6760211279063201, 'reg_lambda': 0.26145440538335457}. Best is trial 715 with value: 0.9377859576434285.
Trial 2500 finished with value: 0.9127886451468423 and parameters: {'max_depth': 9, 'min_child_weight': 2, 'gamma': 0.1213746162574042, 'subsample': 0.7533337211351435, 'colsample_bytree': 0.8280769474932592, 'learning_rate': 0.08608294063311872, 'reg_alpha': 0.00020148432159123065, 'reg_lambda': 1.1325088485590171}. Best is trial 715 with value: 0.9377859576434285.
Trial 2527 finished with value: 0.8934549163509586 and parameters: {'max_depth': 5, 'min_child_weight': 2, 'gamma': 0.7083468746089995, 'subsample': 0.7848420328589805, 'colsample_bytree': 0.7373001843195026, 'learning_rate': 0.6687036358231838, 'reg_alpha': 0.03163862637724176, 'reg_lambda': 0.8714144237207414}. Best is trial 715 with value: 0.9377859576434285.
Trial 2518 finished with value: 0.843096870415165 and parameters: {'max_depth': 9, 'min_child_weight': 5, 'gamma': 0.16683540106260908, 'subsample': 0.4430321158300554, 'colsample_bytree': 0.741993294503052, 'learning_rate': 0.27206877692652387, 'reg_alpha': 0.0014449889431468836, 'reg_lambda': 0.0037982068554167935}. Best is trial 715 with value: 0.9377859576434285.
Trial 2523 finished with value: 0.6715647641120214 and parameters: {'max_depth': 9, 'min_child_weight': 1, 'gamma': 0.8421191987399329, 'subsample': 0.3339189236201323, 'colsample_bytree': 0.5648806067287021, 'learning_rate': 0.7026717953934744, 'reg_alpha': 4.707916532688006, 'reg_lambda': 0.038377826870929006}. Best is trial 715 with value: 0.9377859576434285.
Trial 2522 finished with value: 0.8514321126989102 and parameters: {'max_depth': 9, 'min_child_weight': 3, 'gamma': 0.6609764484626115, 'subsample': 0.6045702238931517, 'colsample_bytree': 0.3322525813574131, 'learning_rate': 0.532124039165949, 'reg_alpha': 0.746863950787262, 'reg_lambda': 0.0001899549036742669}. Best is trial 715 with value: 0.9377859576434285.
Trial 2538 finished with value: -0.09212626319054215 and parameters: {'max_depth': 5, 'min_child_weight': 4, 'gamma': 0.8920995718031007, 'subsample': 0.1644147541502614, 'colsample_bytree': 0.01866571153665053, 'learning_rate': 0.44918063495495086, 'reg_alpha': 0.008936540039555206, 'reg_lambda': 0.002596539339252935}. Best is trial 715 with value: 0.9377859576434285.
Trial 2550 finished with value: -1.0706926220651078 and parameters: {'max_depth': 3, 'min_child_weight': 5, 'gamma': 0.11364612057013479, 'subsample': 0.01422198843349154, 'colsample_bytree': 0.2614287307216402, 'learning_rate': 0.4453601389298638, 'reg_alpha': 0.0002095189078978001, 'reg_lambda': 8.960348068340563}. Best is trial 715 with value: 0.9377859576434285.
Trial 2544 finished with value: 0.5055525772737667 and parameters: {'max_depth': 3, 'min_child_weight': 2, 'gamma': 0.17307113456036094, 'subsample': 0.7242717055661536, 'colsample_bytree': 0.17192880391551324, 'learning_rate': 0.48089053437315255, 'reg_alpha': 0.0002452137777965422, 'reg_lambda': 0.0008710080075396083}. Best is trial 715 with value: 0.9377859576434285.
Trial 2520 finished with value: 0.8737783184668766 and parameters: {'max_depth': 10, 'min_child_weight': 3, 'gamma': 0.4885417142994827, 'subsample': 0.4497736244637769, 'colsample_bytree': 0.582405499815955, 'learning_rate': 0.2575990060819049, 'reg_alpha': 0.012485035160494228, 'reg_lambda': 0.000254819818805882}. Best is trial 715 with value: 0.9377859576434285.
Trial 2540 finished with value: 0.5598938389954073 and parameters: {'max_depth': 4, 'min_child_weight': 3, 'gamma': 0.09177959033433214, 'subsample': 0.165912065441026, 'colsample_bytree': 0.6384287453290654, 'learning_rate': 0.1568218665071246, 'reg_alpha': 0.11185439901701119, 'reg_lambda': 0.00011188081000745321}. Best is trial 715 with value: 0.9377859576434285.
Trial 2546 finished with value: 0.5459013489363984 and parameters: {'max_depth': 3, 'min_child_weight': 4, 'gamma': 0.2709933666490474, 'subsample': 0.4951258734329139, 'colsample_bytree': 0.3150329050296531, 'learning_rate': 0.24730456321583438, 'reg_alpha': 1.5980944629826035, 'reg_lambda': 3.780152010072791}. Best is trial 715 with value: 0.9377859576434285.
Trial 2526 finished with value: 0.8816859577673212 and parameters: {'max_depth': 9, 'min_child_weight': 1, 'gamma': 0.40910528264991874, 'subsample': 0.9663103935239667, 'colsample_bytree': 0.36484198849880356, 'learning_rate': 0.24410849737142692, 'reg_alpha': 0.05550070161880905, 'reg_lambda': 0.0010970080672534277}. Best is trial 715 with value: 0.9377859576434285.
Trial 2555 finished with value: -111.88751329272688 and parameters: {'max_depth': 3, 'min_child_weight': 4, 'gamma': 0.5156547634802962, 'subsample': 0.0003575654879506285, 'colsample_bytree': 0.5135631648492358, 'learning_rate': 0.7766651738011429, 'reg_alpha': 0.0006397589328927778, 'reg_lambda': 0.5952956646523984}. Best is trial 715 with value: 0.9377859576434285.
Trial 2543 finished with value: 0.7727913336033602 and parameters: {'max_depth': 4, 'min_child_weight': 4, 'gamma': 0.5159622855579258, 'subsample': 0.7334658299374139, 'colsample_bytree': 0.5172640944307385, 'learning_rate': 0.4344913819774351, 'reg_alpha': 0.0004902507271935462, 'reg_lambda': 2.274969884360341}. Best is trial 715 with value: 0.9377859576434285.
Trial 2535 finished with value: 0.33472705999432467 and parameters: {'max_depth': 10, 'min_child_weight': 5, 'gamma': 0.35010821539467074, 'subsample': 0.21008887384463282, 'colsample_bytree': 0.465525595848422, 'learning_rate': 0.3885963841876886, 'reg_alpha': 0.00018136490262699628, 'reg_lambda': 0.0002919250707279311}. Best is trial 715 with value: 0.9377859576434285.
Trial 2547 finished with value: 0.037122160673275895 and parameters: {'max_depth': 7, 'min_child_weight': 3, 'gamma': 0.723363652501519, 'subsample': 0.6873335470107336, 'colsample_bytree': 6.004747613252981e-06, 'learning_rate': 0.8984414596888409, 'reg_alpha': 0.00024145448678922343, 'reg_lambda': 0.000719123202612488}. Best is trial 715 with value: 0.9377859576434285.
