Trial 3376 finished with value: 0.6185495223971127 and parameters: {'max_depth': 3, 'min_child_weight': 5, 'gamma': 0.6587238824814711, 'subsample': 0.5054659844943287, 'colsample_bytree': 0.5781191997502713, 'learning_rate': 0.5327552175872327, 'reg_alpha': 0.21549729429776768, 'reg_lambda': 1.779744227788437}. Best is trial 715 with value: 0.9377859576434285.
Trial 3362 finished with value: 0.8887144208866399 and parameters: {'max_depth': 9, 'min_child_weight': 1, 'gamma': 0.8382517482021381, 'subsample': 0.935338966896206, 'colsample_bytree': 0.3245552780965508, 'learning_rate': 0.3640243626963766, 'reg_alpha': 4.1584030151986555, 'reg_lambda': 0.05687426690107129}. Best is trial 715 with value: 0.9377859576434285.
Trial 3370 finished with value: 0.802495013951922 and parameters: {'max_depth': 4, 'min_child_weight': 1, 'gamma': 0.7686690697608585, 'subsample': 0.6099679706692039, 'colsample_bytree': 0.6283015381003262, 'learning_rate': 0.39200569195689594, 'reg_alpha': 0.0812481881473658, 'reg_lambda': 0.0008059353814672338}. Best is trial 715 with value: 0.9377859576434285.
Trial 3377 finished with value: -0.045102440755285446 and parameters: {'max_depth': 10, 'min_child_weight': 4, 'gamma': 0.2888541752131918, 'subsample': 0.39003931736622155, 'colsample_bytree': 0.04983960439145674, 'learning_rate': 0.007113017110793596, 'reg_alpha': 0.004376384141971172, 'reg_lambda': 9.831192971851342}. Best is trial 715 with value: 0.9377859576434285.
Trial 3371 finished with value: 0.6308677663640102 and parameters: {'max_depth': 4, 'min_child_weight': 4, 'gamma': 0.7331389351390037, 'subsample': 0.8353756788039519, 'colsample_bytree': 0.8194479384886018, 'learning_rate': 0.015366453206247521, 'reg_alpha': 0.0010243732717119683, 'reg_lambda': 0.000751044487346505}. Best is trial 715 with value: 0.9377859576434285.
Trial 3383 finished with value: 0.29987754442001213 and parameters: {'max_depth': 2, 'min_child_weight': 3, 'gamma': 0.5912085470239928, 'subsample': 0.31271372028373257, 'colsample_bytree': 0.44979823301278365, 'learning_rate': 0.5599102491214497, 'reg_alpha': 0.04938590555711361, 'reg_lambda': 0.0005695306050078125}. Best is trial 715 with value: 0.9377859576434285.
Trial 3346 finished with value: 0.8449738300415175 and parameters: {'max_depth': 10, 'min_child_weight': 3, 'gamma': 0.5260854199387189, 'subsample': 0.25901372459217287, 'colsample_bytree': 0.9811008560936699, 'learning_rate': 0.1183190146766917, 'reg_alpha': 0.0008497753277520822, 'reg_lambda': 0.4063828002758398}. Best is trial 715 with value: 0.9377859576434285.
Trial 3364 finished with value: 0.7985178725216201 and parameters: {'max_depth': 5, 'min_child_weight': 2, 'gamma': 0.456119766315196, 'subsample': 0.3550856713349023, 'colsample_bytree': 0.8225394375113049, 'learning_rate': 0.35819747746456665, 'reg_alpha': 0.10600146373236732, 'reg_lambda': 0.17639753066507624}. Best is trial 715 with value: 0.9377859576434285.
Trial 3389 finished with value: 0.0598120127274007 and parameters: {'max_depth': 1, 'min_child_weight': 3, 'gamma': 0.573357275514009, 'subsample': 0.563590762849253, 'colsample_bytree': 0.5499436273349774, 'learning_rate': 0.9267764242844372, 'reg_alpha': 0.002052993925447845, 'reg_lambda': 0.0011927622421594839}. Best is trial 715 with value: 0.9377859576434285.
Trial 3388 finished with value: 0.4175276636669839 and parameters: {'max_depth': 2, 'min_child_weight': 4, 'gamma': 0.7789416396110049, 'subsample': 0.579556308964928, 'colsample_bytree': 0.7268179283554228, 'learning_rate': 0.41970686460468265, 'reg_alpha': 0.48343222564608895, 'reg_lambda': 0.0024524597066884874}. Best is trial 715 with value: 0.9377859576434285.
Trial 3381 finished with value: -0.012854303946065992 and parameters: {'max_depth': 9, 'min_child_weight': 4, 'gamma': 0.6577740591293791, 'subsample': 0.4990891032160988, 'colsample_bytree': 0.07745090720663117, 'learning_rate': 0.896090484387179, 'reg_alpha': 0.98847358418591, 'reg_lambda': 0.000501947038843303}. Best is trial 715 with value: 0.9377859576434285.
Trial 3385 finished with value: -2.9686443123759916 and parameters: {'max_depth': 3, 'min_child_weight': 1, 'gamma': 0.5167132265592316, 'subsample': 0.034856579616553196, 'colsample_bytree': 0.337980316754678, 'learning_rate': 0.24991190379993222, 'reg_alpha': 4.2494233689769905, 'reg_lambda': 0.001477728467994234}. Best is trial 715 with value: 0.9377859576434285.
Trial 3391 finished with value: -12.898771127386716 and parameters: {'max_depth': 2, 'min_child_weight': 2, 'gamma': 0.9380960038675176, 'subsample': 0.05134765796175178, 'colsample_bytree': 0.7787432858355413, 'learning_rate': 0.9613108959020132, 'reg_alpha': 0.00036314457537991253, 'reg_lambda': 5.732239982777993}. Best is trial 715 with value: 0.9377859576434285.
Trial 3397 finished with value: 0.07091025084975626 and parameters: {'max_depth': 1, 'min_child_weight': 2, 'gamma': 0.08744933617487438, 'subsample': 0.40686877447278813, 'colsample_bytree': 0.727039230891176, 'learning_rate': 0.7638153076264886, 'reg_alpha': 0.005968433831079692, 'reg_lambda': 0.020200614865164158}. Best is trial 715 with value: 0.9377859576434285.
Trial 3398 finished with value: 0.06129970137121615 and parameters: {'max_depth': 1, 'min_child_weight': 4, 'gamma': 0.643633567584942, 'subsample': 0.3472389491826051, 'colsample_bytree': 0.2500518143033462, 'learning_rate': 0.5954246491940688, 'reg_alpha': 7.134281766331235, 'reg_lambda': 0.0009181199406988612}. Best is trial 715 with value: 0.9377859576434285.
Trial 3353 finished with value: 0.9098318150924147 and parameters: {'max_depth': 9, 'min_child_weight': 5, 'gamma': 0.9065577876968308, 'subsample': 0.7731202059715515, 'colsample_bytree': 0.620630533427518, 'learning_rate': 0.6717085458857592, 'reg_alpha': 0.005288494344127737, 'reg_lambda': 0.15049955295878154}. Best is trial 715 with value: 0.9377859576434285.
Trial 3374 finished with value: -10937.97444341043 and parameters: {'max_depth': 6, 'min_child_weight': 2, 'gamma': 0.2234672342969809, 'subsample': 0.22763334659731893, 'colsample_bytree': 0.46138137164134163, 'learning_rate': 0.7334606923732443, 'reg_alpha': 0.004220104053994389, 'reg_lambda': 0.0002696123683668525}. Best is trial 715 with value: 0.9377859576434285.
Trial 3395 finished with value: -0.18168592394432911 and parameters: {'max_depth': 2, 'min_child_weight': 3, 'gamma': 0.8591022661736213, 'subsample': 0.03071057849898129, 'colsample_bytree': 0.9468820650539579, 'learning_rate': 0.25172704764875964, 'reg_alpha': 2.938588384813653, 'reg_lambda': 0.5054816083514675}. Best is trial 715 with value: 0.9377859576434285.
Trial 3387 finished with value: -9.953814657245834 and parameters: {'max_depth': 4, 'min_child_weight': 1, 'gamma': 0.5525975214150718, 'subsample': 0.15396490111366956, 'colsample_bytree': 0.09184986221138647, 'learning_rate': 0.7116637755285439, 'reg_alpha': 0.001509027239097938, 'reg_lambda': 0.015830597236460735}. Best is trial 715 with value: 0.9377859576434285.
Trial 3399 finished with value: 0.08246148108949672 and parameters: {'max_depth': 1, 'min_child_weight': 4, 'gamma': 0.7477657621994392, 'subsample': 0.5903376388555015, 'colsample_bytree': 0.6078183902774881, 'learning_rate': 0.16652761892372725, 'reg_alpha': 0.3839448793913706, 'reg_lambda': 9.187158128045484}. Best is trial 715 with value: 0.9377859576434285.
Trial 3343 finished with value: 0.9107102427571157 and parameters: {'max_depth': 9, 'min_child_weight': 2, 'gamma': 0.6616250250396262, 'subsample': 0.7887710737522737, 'colsample_bytree': 0.8310506723795075, 'learning_rate': 0.02280666189008429, 'reg_alpha': 0.08969764391289704, 'reg_lambda': 1.2803902328113572}. Best is trial 715 with value: 0.9377859576434285.
Trial 3392 finished with value: 0.05320263333934929 and parameters: {'max_depth': 3, 'min_child_weight': 4, 'gamma': 0.50846231272977, 'subsample': 0.21924936191468847, 'colsample_bytree': 0.5297902118605298, 'learning_rate': 0.5764871274316801, 'reg_alpha': 0.01711987874050784, 'reg_lambda': 0.3994005255882968}. Best is trial 715 with value: 0.9377859576434285.
Trial 3384 finished with value: -6347.0509814833285 and parameters: {'max_depth': 6, 'min_child_weight': 3, 'gamma': 0.09582415795422095, 'subsample': 0.10070633024250464, 'colsample_bytree': 0.16355293596327947, 'learning_rate': 0.763245065322667, 'reg_alpha': 0.0025602864004196754, 'reg_lambda': 0.0027282973341662938}. Best is trial 715 with value: 0.9377859576434285.
Trial 3358 finished with value: 0.9083530575860704 and parameters: {'max_depth': 9, 'min_child_weight': 4, 'gamma': 0.2562331653377449, 'subsample': 0.6318290114697018, 'colsample_bytree': 0.6497317786752569, 'learning_rate': 0.9846534462045015, 'reg_alpha': 0.13637644752820266, 'reg_lambda': 0.049648162803067615}. Best is trial 715 with value: 0.9377859576434285.
Trial 3405 finished with value: -0.3703920752920018 and parameters: {'max_depth': 1, 'min_child_weight': 1, 'gamma': 0.144889916427281, 'subsample': 0.16218722621717852, 'colsample_bytree': 0.5708137358084776, 'learning_rate': 0.00329711012238898, 'reg_alpha': 0.0003979745890661498, 'reg_lambda': 0.21930348490711501}. Best is trial 715 with value: 0.9377859576434285.
Trial 3396 finished with value: 0.6673933325935325 and parameters: {'max_depth': 3, 'min_child_weight': 4, 'gamma': 0.024020109420944125, 'subsample': 0.9598155109147509, 'colsample_bytree': 0.49853692630050495, 'learning_rate': 0.33072430617517, 'reg_alpha': 1.3662372727804768, 'reg_lambda': 0.0008080444634420417}. Best is trial 715 with value: 0.9377859576434285.
Trial 3366 finished with value: 0.8773808992080189 and parameters: {'max_depth': 9, 'min_child_weight': 2, 'gamma': 0.7094823788927397, 'subsample': 0.8275875288057978, 'colsample_bytree': 0.3451802801193775, 'learning_rate': 0.5157464692842156, 'reg_alpha': 0.0053282611271655254, 'reg_lambda': 0.9809896504292231}. Best is trial 715 with value: 0.9377859576434285.
Trial 3379 finished with value: -7.873882851931373 and parameters: {'max_depth': 7, 'min_child_weight': 3, 'gamma': 0.6334164084245301, 'subsample': 0.35954062912132956, 'colsample_bytree': 0.3936510670180181, 'learning_rate': 0.9360221811930644, 'reg_alpha': 0.008456205374913898, 'reg_lambda': 0.054957239014462936}. Best is trial 715 with value: 0.9377859576434285.
Trial 3386 finished with value: 0.8622083371405151 and parameters: {'max_depth': 9, 'min_child_weight': 2, 'gamma': 0.6193397892967432, 'subsample': 0.8632666775873485, 'colsample_bytree': 0.2839960311399533, 'learning_rate': 0.4826119640203116, 'reg_alpha': 6.053538977873673, 'reg_lambda': 0.015849231597500343}. Best is trial 715 with value: 0.9377859576434285.
Trial 3406 finished with value: 0.41985438651440476 and parameters: {'max_depth': 2, 'min_child_weight': 5, 'gamma': 0.575687067966851, 'subsample': 0.2244519181699942, 'colsample_bytree': 0.38240744534405946, 'learning_rate': 0.20679336415851113, 'reg_alpha': 1.454229593617893, 'reg_lambda': 0.6386317103281685}. Best is trial 715 with value: 0.9377859576434285.
Trial 3363 finished with value: 0.8920733943733108 and parameters: {'max_depth': 9, 'min_child_weight': 4, 'gamma': 0.42388575655786265, 'subsample': 0.8359223741309004, 'colsample_bytree': 0.5136348894669087, 'learning_rate': 0.2940362256408289, 'reg_alpha': 0.0003272629071090677, 'reg_lambda': 0.0010089184797603342}. Best is trial 715 with value: 0.9377859576434285.
Trial 3411 finished with value: 0.37581248492684194 and parameters: {'max_depth': 2, 'min_child_weight': 4, 'gamma': 0.2551433536264319, 'subsample': 0.6258544625263457, 'colsample_bytree': 0.10984833891083956, 'learning_rate': 0.9303817171122937, 'reg_alpha': 0.5086509167609694, 'reg_lambda': 0.7707731649159568}. Best is trial 715 with value: 0.9377859576434285.
Trial 3414 finished with value: 0.06526657902421132 and parameters: {'max_depth': 1, 'min_child_weight': 3, 'gamma': 0.9308010712158092, 'subsample': 0.5184715844292289, 'colsample_bytree': 0.6222734319626136, 'learning_rate': 0.013234928369681653, 'reg_alpha': 0.0003011646573624414, 'reg_lambda': 7.4312039845335365}. Best is trial 715 with value: 0.9377859576434285.
Trial 3403 finished with value: 0.6260060332987584 and parameters: {'max_depth': 3, 'min_child_weight': 2, 'gamma': 0.5344727389967151, 'subsample': 0.7906744756318121, 'colsample_bytree': 0.261145613793875, 'learning_rate': 0.6104587154648968, 'reg_alpha': 0.00044465228531982324, 'reg_lambda': 0.0475599609242886}. Best is trial 715 with value: 0.9377859576434285.
Trial 3393 finished with value: -0.7958270029083254 and parameters: {'max_depth': 9, 'min_child_weight': 2, 'gamma': 0.5912667428748014, 'subsample': 0.10614663199301178, 'colsample_bytree': 0.1599970494347538, 'learning_rate': 0.4324486435227769, 'reg_alpha': 2.0109149753583426, 'reg_lambda': 0.23176448588820192}. Best is trial 715 with value: 0.9377859576434285.
Trial 3413 finished with value: 0.06574164107211906 and parameters: {'max_depth': 2, 'min_child_weight': 1, 'gamma': 0.27725572152901123, 'subsample': 0.44896265395876456, 'colsample_bytree': 0.01977171919719034, 'learning_rate': 0.45798921053699637, 'reg_alpha': 0.025806691060601353, 'reg_lambda': 0.06010715199197914}. Best is trial 715 with value: 0.9377859576434285.
Trial 3408 finished with value: 0.7743782880141401 and parameters: {'max_depth': 3, 'min_child_weight': 4, 'gamma': 0.028222198564785694, 'subsample': 0.9789594523348196, 'colsample_bytree': 0.8134486391154525, 'learning_rate': 0.926109771218173, 'reg_alpha': 0.08214300025983648, 'reg_lambda': 0.45705802592067574}. Best is trial 715 with value: 0.9377859576434285.
Trial 3390 finished with value: 0.817332013045266 and parameters: {'max_depth': 6, 'min_child_weight': 1, 'gamma': 0.430516337808893, 'subsample': 0.5015415095968662, 'colsample_bytree': 0.31384685680446944, 'learning_rate': 0.4853692130274271, 'reg_alpha': 0.00015626585755130207, 'reg_lambda': 4.39565360103272}. Best is trial 715 with value: 0.9377859576434285.
Trial 3407 finished with value: 0.06349735450998915 and parameters: {'max_depth': 5, 'min_child_weight': 5, 'gamma': 0.18690931353382967, 'subsample': 0.3528522299995904, 'colsample_bytree': 0.02908313712811328, 'learning_rate': 0.3348399884224408, 'reg_alpha': 0.0010053272325244971, 'reg_lambda': 0.004986842634204082}. Best is trial 715 with value: 0.9377859576434285.
Trial 3402 finished with value: 0.49571263288513395 and parameters: {'max_depth': 5, 'min_child_weight': 3, 'gamma': 0.8442462509043812, 'subsample': 0.7561500403027701, 'colsample_bytree': 0.11868075189717908, 'learning_rate': 0.17658302361458267, 'reg_alpha': 1.1828705506002417, 'reg_lambda': 0.0001067719208144784}. Best is trial 715 with value: 0.9377859576434285.
Trial 3410 finished with value: -152.61869434816148 and parameters: {'max_depth': 10, 'min_child_weight': 3, 'gamma': 0.7278500551859433, 'subsample': 0.05723563103113827, 'colsample_bytree': 0.7387274247344764, 'learning_rate': 0.5414406771309344, 'reg_alpha': 0.45637857727373843, 'reg_lambda': 0.41447373843779034}. Best is trial 715 with value: 0.9377859576434285.
Trial 3401 finished with value: 0.6803315787763964 and parameters: {'max_depth': 5, 'min_child_weight': 1, 'gamma': 0.8876045883949445, 'subsample': 0.4690917044342513, 'colsample_bytree': 0.29539233774033336, 'learning_rate': 0.050468032677915775, 'reg_alpha': 1.422414453465335, 'reg_lambda': 0.10040563894057247}. Best is trial 715 with value: 0.9377859576434285.
Trial 3420 finished with value: 0.28049282254988495 and parameters: {'max_depth': 2, 'min_child_weight': 4, 'gamma': 0.12369021713609252, 'subsample': 0.20018267192839634, 'colsample_bytree': 0.7404630146857298, 'learning_rate': 0.31951708717220884, 'reg_alpha': 0.21722164836419874, 'reg_lambda': 0.0008659789015028069}. Best is trial 715 with value: 0.9377859576434285.
Trial 3416 finished with value: 0.4642477929417136 and parameters: {'max_depth': 3, 'min_child_weight': 5, 'gamma': 0.2120334897160291, 'subsample': 0.41144504928225534, 'colsample_bytree': 0.5203417010659025, 'learning_rate': 0.7776232673294495, 'reg_alpha': 0.2964830102863295, 'reg_lambda': 0.0010858259928684208}. Best is trial 715 with value: 0.9377859576434285.
Trial 3409 finished with value: 0.821688066885139 and parameters: {'max_depth': 5, 'min_child_weight': 3, 'gamma': 0.5432325133185256, 'subsample': 0.8718994360781999, 'colsample_bytree': 0.4442935296400051, 'learning_rate': 0.4260950256978394, 'reg_alpha': 5.83878774513206, 'reg_lambda': 0.0006680715127590638}. Best is trial 715 with value: 0.9377859576434285.
Trial 3421 finished with value: -0.6895135991802942 and parameters: {'max_depth': 3, 'min_child_weight': 1, 'gamma': 0.43894905749170254, 'subsample': 0.1524660369735642, 'colsample_bytree': 0.7799214827169033, 'learning_rate': 0.40648512114538526, 'reg_alpha': 0.0025791008618034086, 'reg_lambda': 0.028761024302610256}. Best is trial 715 with value: 0.9377859576434285.
Trial 3404 finished with value: 0.6530962589508046 and parameters: {'max_depth': 10, 'min_child_weight': 3, 'gamma': 0.12139479958363719, 'subsample': 0.45432528537688555, 'colsample_bytree': 0.23422474963838413, 'learning_rate': 0.14587300897726796, 'reg_alpha': 4.7691118479960855, 'reg_lambda': 7.8883522792103475}. Best is trial 715 with value: 0.9377859576434285.
Trial 3380 finished with value: 0.8680637717306343 and parameters: {'max_depth': 8, 'min_child_weight': 1, 'gamma': 0.22100711133681095, 'subsample': 0.5793565711364607, 'colsample_bytree': 0.9245591581368312, 'learning_rate': 0.3493292377593257, 'reg_alpha': 0.029787049733401426, 'reg_lambda': 0.08384307176354738}. Best is trial 715 with value: 0.9377859576434285.
Trial 3428 finished with value: -1.6418027768874433e+37 and parameters: {'max_depth': 4, 'min_child_weight': 1, 'gamma': 0.540257592112896, 'subsample': 0.043036726627796895, 'colsample_bytree': 0.8613746354156652, 'learning_rate': 0.996941565899243, 'reg_alpha': 0.2628616675411133, 'reg_lambda': 0.0024157938296459993}. Best is trial 715 with value: 0.9377859576434285.
Trial 3424 finished with value: 0.08389748993212003 and parameters: {'max_depth': 5, 'min_child_weight': 3, 'gamma': 0.7958057368733322, 'subsample': 0.8934828424333516, 'colsample_bytree': 0.06394242595139088, 'learning_rate': 0.25376832627284096, 'reg_alpha': 0.21320035519941757, 'reg_lambda': 0.02875227557321311}. Best is trial 715 with value: 0.9377859576434285.
Trial 3394 finished with value: 0.8912100877361082 and parameters: {'max_depth': 7, 'min_child_weight': 3, 'gamma': 0.7072422019807669, 'subsample': 0.5322519789379933, 'colsample_bytree': 0.861249900033956, 'learning_rate': 0.06566846324132469, 'reg_alpha': 0.8649086813425781, 'reg_lambda': 0.016431665642151646}. Best is trial 715 with value: 0.9377859576434285.
Trial 3418 finished with value: 0.23749758339802754 and parameters: {'max_depth': 5, 'min_child_weight': 4, 'gamma': 0.5994191572436158, 'subsample': 0.25004427827830156, 'colsample_bytree': 0.26015504772239095, 'learning_rate': 0.9098083354402582, 'reg_alpha': 3.0865424660250538, 'reg_lambda': 3.9218221824982336}. Best is trial 715 with value: 0.9377859576434285.
Trial 3400 finished with value: 0.8458760153190976 and parameters: {'max_depth': 7, 'min_child_weight': 4, 'gamma': 0.8595479190272155, 'subsample': 0.7667948455022522, 'colsample_bytree': 0.36927150394303043, 'learning_rate': 0.23383659064946516, 'reg_alpha': 0.001188250666598835, 'reg_lambda': 0.005921230811137807}. Best is trial 715 with value: 0.9377859576434285.
Trial 3434 finished with value: 0.4077459609776317 and parameters: {'max_depth': 2, 'min_child_weight': 2, 'gamma': 0.6373372602545393, 'subsample': 0.64643888892239, 'colsample_bytree': 0.8493486637912916, 'learning_rate': 0.8095191351965462, 'reg_alpha': 0.8860105120337481, 'reg_lambda': 0.10961340902562529}. Best is trial 715 with value: 0.9377859576434285.
Trial 3426 finished with value: 0.08968700753018544 and parameters: {'max_depth': 6, 'min_child_weight': 5, 'gamma': 0.4614003382554527, 'subsample': 0.9720485080874273, 'colsample_bytree': 0.057329981694135945, 'learning_rate': 0.2858506298222221, 'reg_alpha': 0.009497163341981425, 'reg_lambda': 0.04125678765398241}. Best is trial 715 with value: 0.9377859576434285.
Trial 3431 finished with value: 0.6380616146164787 and parameters: {'max_depth': 3, 'min_child_weight': 5, 'gamma': 0.10900814865016673, 'subsample': 0.47494697658102614, 'colsample_bytree': 0.8609537263418641, 'learning_rate': 0.2515761993652521, 'reg_alpha': 0.04502580346102741, 'reg_lambda': 0.08731545577867916}. Best is trial 715 with value: 0.9377859576434285.
Trial 3427 finished with value: 0.7129774315239161 and parameters: {'max_depth': 4, 'min_child_weight': 3, 'gamma': 0.403196825106346, 'subsample': 0.6735047072591458, 'colsample_bytree': 0.31268771088237246, 'learning_rate': 0.36814805873531675, 'reg_alpha': 1.940289523879192, 'reg_lambda': 0.07274964316913878}. Best is trial 715 with value: 0.9377859576434285.
Trial 3439 finished with value: -102.2431637533991 and parameters: {'max_depth': 2, 'min_child_weight': 3, 'gamma': 0.8458852200720757, 'subsample': 0.021040312815070794, 'colsample_bytree': 0.7883240004690071, 'learning_rate': 0.696880229603293, 'reg_alpha': 0.0006581897192536847, 'reg_lambda': 0.6354683972673563}. Best is trial 715 with value: 0.9377859576434285.
Trial 3442 finished with value: 0.06223823872586428 and parameters: {'max_depth': 1, 'min_child_weight': 5, 'gamma': 0.6437714584376297, 'subsample': 0.6308848319223885, 'colsample_bytree': 0.47715345568353384, 'learning_rate': 0.6593111679609804, 'reg_alpha': 0.14492065305263246, 'reg_lambda': 8.152366915538535}. Best is trial 715 with value: 0.9377859576434285.
