Trial 944 finished with value: 0.6595412964918483 and parameters: {'max_depth': 6, 'min_child_weight': 2, 'gamma': 0.9812794981718848, 'subsample': 0.3543754163611468, 'colsample_bytree': 0.19755459899492744, 'learning_rate': 0.8758122854188661, 'reg_alpha': 2.048883028584671, 'reg_lambda': 6.220727301572021}. Best is trial 715 with value: 0.9377859576434285.
Trial 919 finished with value: 0.9323342072005599 and parameters: {'max_depth': 10, 'min_child_weight': 5, 'gamma': 0.48080853304250615, 'subsample': 0.9685049196244108, 'colsample_bytree': 0.5751575419825914, 'learning_rate': 0.7515855673885286, 'reg_alpha': 0.0002222259740106503, 'reg_lambda': 0.0743010881272102}. Best is trial 715 with value: 0.9377859576434285.
Trial 950 finished with value: -0.12904101474160906 and parameters: {'max_depth': 5, 'min_child_weight': 4, 'gamma': 0.40886719188944465, 'subsample': 0.302005567389911, 'colsample_bytree': 0.30874230880530695, 'learning_rate': 0.7928589693606545, 'reg_alpha': 0.7414059943162952, 'reg_lambda': 0.6855664266223195}. Best is trial 715 with value: 0.9377859576434285.
Trial 925 finished with value: 0.6676725041798909 and parameters: {'max_depth': 10, 'min_child_weight': 2, 'gamma': 0.3538036218956323, 'subsample': 0.5264164998876996, 'colsample_bytree': 0.3990876092984851, 'learning_rate': 0.8218147184640493, 'reg_alpha': 0.5688751615578361, 'reg_lambda': 0.10752764156251729}. Best is trial 715 with value: 0.9377859576434285.
Trial 959 finished with value: 0.6280840775913213 and parameters: {'max_depth': 3, 'min_child_weight': 5, 'gamma': 0.18952774463310196, 'subsample': 0.5395104122512492, 'colsample_bytree': 0.900382111661017, 'learning_rate': 0.5756613429966382, 'reg_alpha': 0.0012555142672568548, 'reg_lambda': 0.011108152409081955}. Best is trial 715 with value: 0.9377859576434285.
Trial 961 finished with value: -1.1087612703781988 and parameters: {'max_depth': 3, 'min_child_weight': 3, 'gamma': 0.39521446947328887, 'subsample': 0.3066186452606561, 'colsample_bytree': 0.9729372404744452, 'learning_rate': 0.8271512616607648, 'reg_alpha': 2.4917005944491932, 'reg_lambda': 0.05555330741203234}. Best is trial 715 with value: 0.9377859576434285.
Trial 956 finished with value: 0.5742860033882146 and parameters: {'max_depth': 5, 'min_child_weight': 5, 'gamma': 0.7906662781839708, 'subsample': 0.444786061540251, 'colsample_bytree': 0.21935885560808355, 'learning_rate': 0.5802829540094144, 'reg_alpha': 0.4593125993165972, 'reg_lambda': 5.177357242194255}. Best is trial 715 with value: 0.9377859576434285.
Trial 972 finished with value: 0.0950753215049941 and parameters: {'max_depth': 1, 'min_child_weight': 1, 'gamma': 0.83882129146513, 'subsample': 0.630411653258761, 'colsample_bytree': 0.11737554791029126, 'learning_rate': 0.08111294245818801, 'reg_alpha': 0.001147099976052931, 'reg_lambda': 1.0588803404693288}. Best is trial 715 with value: 0.9377859576434285.
Trial 958 finished with value: 0.7057683922529825 and parameters: {'max_depth': 5, 'min_child_weight': 5, 'gamma': 0.796930919367632, 'subsample': 0.9896844533836653, 'colsample_bytree': 0.15685058535237972, 'learning_rate': 0.4599153244515424, 'reg_alpha': 3.622755866044224, 'reg_lambda': 0.01953703425554336}. Best is trial 715 with value: 0.9377859576434285.
Trial 965 finished with value: 0.5608500082687871 and parameters: {'max_depth': 3, 'min_child_weight': 2, 'gamma': 0.342228193311814, 'subsample': 0.6506452329302478, 'colsample_bytree': 0.3088415489181291, 'learning_rate': 0.935119921618718, 'reg_alpha': 1.0935730780658146, 'reg_lambda': 0.2770254307663435}. Best is trial 715 with value: 0.9377859576434285.
Trial 936 finished with value: 0.888152056073275 and parameters: {'max_depth': 7, 'min_child_weight': 2, 'gamma': 0.3126381006772201, 'subsample': 0.829072471137593, 'colsample_bytree': 0.6054275236546792, 'learning_rate': 0.4503773486490996, 'reg_alpha': 0.00010013635988718333, 'reg_lambda': 0.0006316611499400289}. Best is trial 715 with value: 0.9377859576434285.
Trial 975 finished with value: -0.10305704604759715 and parameters: {'max_depth': 6, 'min_child_weight': 5, 'gamma': 0.8969704684093835, 'subsample': 0.028781962878638545, 'colsample_bytree': 0.24783337017750873, 'learning_rate': 0.3030470011008546, 'reg_alpha': 0.01870866131293838, 'reg_lambda': 0.37321148029390616}. Best is trial 715 with value: 0.9377859576434285.
Trial 957 finished with value: 0.48885627309202423 and parameters: {'max_depth': 9, 'min_child_weight': 2, 'gamma': 0.5812544141048422, 'subsample': 0.7528587692027161, 'colsample_bytree': 0.12001299856393144, 'learning_rate': 0.25454308364461553, 'reg_alpha': 0.007440012090330669, 'reg_lambda': 0.3833840686285557}. Best is trial 715 with value: 0.9377859576434285.
Trial 939 finished with value: 0.900684746250726 and parameters: {'max_depth': 7, 'min_child_weight': 4, 'gamma': 0.9508149467373265, 'subsample': 0.879774764855123, 'colsample_bytree': 0.7246736126908199, 'learning_rate': 0.4748623613019268, 'reg_alpha': 0.003330466784430028, 'reg_lambda': 1.4131735985638185}. Best is trial 715 with value: 0.9377859576434285.
Trial 968 finished with value: 0.7134870751053013 and parameters: {'max_depth': 4, 'min_child_weight': 3, 'gamma': 0.9764823393684119, 'subsample': 0.4687753641963105, 'colsample_bytree': 0.370709689875206, 'learning_rate': 0.2769087018506101, 'reg_alpha': 0.07969025053271218, 'reg_lambda': 0.016963647472965856}. Best is trial 715 with value: 0.9377859576434285.
Trial 978 finished with value: 0.4435268331505669 and parameters: {'max_depth': 2, 'min_child_weight': 1, 'gamma': 0.40478904912061786, 'subsample': 0.393110088799981, 'colsample_bytree': 0.9329358395666528, 'learning_rate': 0.12057716345068392, 'reg_alpha': 0.02714328852370269, 'reg_lambda': 1.833074655729443}. Best is trial 715 with value: 0.9377859576434285.
Trial 935 finished with value: 0.9100306580424475 and parameters: {'max_depth': 9, 'min_child_weight': 2, 'gamma': 0.8771534438667834, 'subsample': 0.5879549067974018, 'colsample_bytree': 0.8723719964104958, 'learning_rate': 0.6826450616274566, 'reg_alpha': 0.0007558969907110015, 'reg_lambda': 7.646817227097256}. Best is trial 715 with value: 0.9377859576434285.
Trial 948 finished with value: -149669.34466982164 and parameters: {'max_depth': 7, 'min_child_weight': 1, 'gamma': 0.6400907835437297, 'subsample': 0.3660707381818693, 'colsample_bytree': 0.8091160334611304, 'learning_rate': 0.7911114445210614, 'reg_alpha': 0.004422338393474103, 'reg_lambda': 0.00027952618172578627}. Best is trial 715 with value: 0.9377859576434285.
Trial 976 finished with value: 0.5076997948690648 and parameters: {'max_depth': 3, 'min_child_weight': 1, 'gamma': 0.6654721586518252, 'subsample': 0.161551876758679, 'colsample_bytree': 0.7696941977626927, 'learning_rate': 0.032507619937510834, 'reg_alpha': 0.17515682047346717, 'reg_lambda': 0.000284399449482245}. Best is trial 715 with value: 0.9377859576434285.
Trial 982 finished with value: 0.4512317005348168 and parameters: {'max_depth': 2, 'min_child_weight': 5, 'gamma': 0.988746484400122, 'subsample': 0.8285082222657095, 'colsample_bytree': 0.17353474917360068, 'learning_rate': 0.9992012640185799, 'reg_alpha': 0.01631040215796337, 'reg_lambda': 0.00016714242840818524}. Best is trial 715 with value: 0.9377859576434285.
Trial 962 finished with value: -9.711316886782512 and parameters: {'max_depth': 7, 'min_child_weight': 2, 'gamma': 0.18850998105241612, 'subsample': 0.13618495046347467, 'colsample_bytree': 0.8889232430880812, 'learning_rate': 0.4819656463957507, 'reg_alpha': 7.6777787744549535, 'reg_lambda': 0.058738402387731495}. Best is trial 715 with value: 0.9377859576434285.
Trial 966 finished with value: -83.35700566383215 and parameters: {'max_depth': 5, 'min_child_weight': 1, 'gamma': 0.39650874897160326, 'subsample': 0.29872668354784404, 'colsample_bytree': 0.9176705755415491, 'learning_rate': 0.7674917139874031, 'reg_alpha': 0.0010474651322922926, 'reg_lambda': 0.25079067896340806}. Best is trial 715 with value: 0.9377859576434285.
Trial 984 finished with value: -78657.13885497014 and parameters: {'max_depth': 4, 'min_child_weight': 5, 'gamma': 0.09445226116987482, 'subsample': 0.03735852840891718, 'colsample_bytree': 0.7837705335763805, 'learning_rate': 0.979947755681185, 'reg_alpha': 0.000637120744812598, 'reg_lambda': 0.0011528452557265031}. Best is trial 715 with value: 0.9377859576434285.
Trial 960 finished with value: 0.8741315231798001 and parameters: {'max_depth': 6, 'min_child_weight': 3, 'gamma': 0.5800778624567964, 'subsample': 0.8589587870859865, 'colsample_bytree': 0.7250699221704098, 'learning_rate': 0.823258569219705, 'reg_alpha': 0.3933813596934636, 'reg_lambda': 0.7217264785782102}. Best is trial 715 with value: 0.9377859576434285.
Trial 980 finished with value: 0.6967600434635447 and parameters: {'max_depth': 3, 'min_child_weight': 4, 'gamma': 0.655758111810353, 'subsample': 0.9659145226332609, 'colsample_bytree': 0.795695981023565, 'learning_rate': 0.20914162261699942, 'reg_alpha': 0.0011023925599070636, 'reg_lambda': 0.040819455483207784}. Best is trial 715 with value: 0.9377859576434285.
Trial 981 finished with value: 0.2912479320859302 and parameters: {'max_depth': 4, 'min_child_weight': 2, 'gamma': 0.5240896440147575, 'subsample': 0.45300493383778695, 'colsample_bytree': 0.16208976421819876, 'learning_rate': 0.8945145149711503, 'reg_alpha': 0.0002523253699299378, 'reg_lambda': 0.06799686716689148}. Best is trial 715 with value: 0.9377859576434285.
Trial 946 finished with value: 0.8929961445747658 and parameters: {'max_depth': 9, 'min_child_weight': 2, 'gamma': 0.8584391419936779, 'subsample': 0.6629160744725981, 'colsample_bytree': 0.5731388871800249, 'learning_rate': 0.3682486314682325, 'reg_alpha': 0.0019115697259755335, 'reg_lambda': 0.003568882069852719}. Best is trial 715 with value: 0.9377859576434285.
Trial 979 finished with value: 0.585413652250258 and parameters: {'max_depth': 4, 'min_child_weight': 5, 'gamma': 0.8322902095478393, 'subsample': 0.35838606936831496, 'colsample_bytree': 0.35449926421244116, 'learning_rate': 0.1236108466121576, 'reg_alpha': 4.15591624357572, 'reg_lambda': 0.0006101972982041161}. Best is trial 715 with value: 0.9377859576434285.
Trial 996 finished with value: 0.02442502525954059 and parameters: {'max_depth': 1, 'min_child_weight': 5, 'gamma': 0.19950233938387762, 'subsample': 0.04526138157947912, 'colsample_bytree': 0.31191917250427303, 'learning_rate': 0.09490446106049055, 'reg_alpha': 0.0176247124086134, 'reg_lambda': 0.029541459391591696}. Best is trial 715 with value: 0.9377859576434285.
Trial 964 finished with value: 0.8964235542090111 and parameters: {'max_depth': 8, 'min_child_weight': 5, 'gamma': 0.046611951328854206, 'subsample': 0.7769723272567994, 'colsample_bytree': 0.9710338581028968, 'learning_rate': 0.09017296711702749, 'reg_alpha': 4.136219261253294, 'reg_lambda': 0.0001654403532529899}. Best is trial 715 with value: 0.9377859576434285.
Trial 969 finished with value: 0.8682348707392366 and parameters: {'max_depth': 7, 'min_child_weight': 2, 'gamma': 0.10256790607544952, 'subsample': 0.9167088595353959, 'colsample_bytree': 0.3768276438100111, 'learning_rate': 0.0739210668050051, 'reg_alpha': 0.07868191012416371, 'reg_lambda': 0.0028459331752382984}. Best is trial 715 with value: 0.9377859576434285.
Trial 974 finished with value: 0.768234168385696 and parameters: {'max_depth': 6, 'min_child_weight': 2, 'gamma': 0.6363617024361963, 'subsample': 0.9600526491474091, 'colsample_bytree': 0.3531590344158487, 'learning_rate': 0.06755374294028549, 'reg_alpha': 0.0007217817311557542, 'reg_lambda': 6.6698625116253485}. Best is trial 715 with value: 0.9377859576434285.
Trial 992 finished with value: -8.51602723839559 and parameters: {'max_depth': 2, 'min_child_weight': 2, 'gamma': 0.40633129225513953, 'subsample': 0.15851253188112724, 'colsample_bytree': 0.6437294945347737, 'learning_rate': 0.8273968655078376, 'reg_alpha': 0.08017519494161132, 'reg_lambda': 0.006006735597829991}. Best is trial 715 with value: 0.9377859576434285.
Trial 983 finished with value: 0.06975108312437076 and parameters: {'max_depth': 8, 'min_child_weight': 2, 'gamma': 0.043924335371698375, 'subsample': 0.048912876680127226, 'colsample_bytree': 0.40246598797318134, 'learning_rate': 0.17701203213946848, 'reg_alpha': 0.008184598575640896, 'reg_lambda': 0.011975931501210246}. Best is trial 715 with value: 0.9377859576434285.
Trial 971 finished with value: 0.8939577762108402 and parameters: {'max_depth': 10, 'min_child_weight': 1, 'gamma': 0.4746748281328709, 'subsample': 0.820851384445955, 'colsample_bytree': 0.18661543805458525, 'learning_rate': 0.4314972955596639, 'reg_alpha': 0.11914225889990963, 'reg_lambda': 0.006155399412086162}. Best is trial 715 with value: 0.9377859576434285.
Trial 990 finished with value: 0.6574339484929739 and parameters: {'max_depth': 3, 'min_child_weight': 4, 'gamma': 0.7064874467286174, 'subsample': 0.7727376213348819, 'colsample_bytree': 0.42806136717485854, 'learning_rate': 0.5815174448141691, 'reg_alpha': 3.0500572305291076, 'reg_lambda': 0.08684804940883711}. Best is trial 715 with value: 0.9377859576434285.
Trial 1000 finished with value: 0.10004516438812008 and parameters: {'max_depth': 1, 'min_child_weight': 1, 'gamma': 0.828780609456299, 'subsample': 0.764999564868774, 'colsample_bytree': 0.496658061093439, 'learning_rate': 0.8966903176563921, 'reg_alpha': 0.0015447079139197639, 'reg_lambda': 0.00010364550131998744}. Best is trial 715 with value: 0.9377859576434285.
Trial 973 finished with value: -419.0409880550489 and parameters: {'max_depth': 9, 'min_child_weight': 3, 'gamma': 0.06876057108306433, 'subsample': 0.1883637440589544, 'colsample_bytree': 0.8722616217512058, 'learning_rate': 0.6861370858887984, 'reg_alpha': 0.08319996222630606, 'reg_lambda': 0.33336785248232104}. Best is trial 715 with value: 0.9377859576434285.
Trial 967 finished with value: 0.8865771978430819 and parameters: {'max_depth': 7, 'min_child_weight': 1, 'gamma': 0.9221456182005432, 'subsample': 0.8848459376741397, 'colsample_bytree': 0.7082033691740759, 'learning_rate': 0.5006921647797995, 'reg_alpha': 0.005195441555994991, 'reg_lambda': 0.00020811078042573037}. Best is trial 715 with value: 0.9377859576434285.
Trial 991 finished with value: 0.527483675914834 and parameters: {'max_depth': 4, 'min_child_weight': 5, 'gamma': 0.6318359262294386, 'subsample': 0.4518146925473079, 'colsample_bytree': 0.1512593086197348, 'learning_rate': 0.11926210074169075, 'reg_alpha': 0.06644806920142927, 'reg_lambda': 0.0003565981513014575}. Best is trial 715 with value: 0.9377859576434285.
Trial 989 finished with value: 0.6709066684106803 and parameters: {'max_depth': 4, 'min_child_weight': 4, 'gamma': 0.3134312441703435, 'subsample': 0.5796869039975202, 'colsample_bytree': 0.28698603508464904, 'learning_rate': 0.4577469865351229, 'reg_alpha': 0.36420175585858683, 'reg_lambda': 0.04569391550848998}. Best is trial 715 with value: 0.9377859576434285.
Trial 977 finished with value: 0.8241947755540937 and parameters: {'max_depth': 10, 'min_child_weight': 1, 'gamma': 0.5894646383422832, 'subsample': 0.8385948143520714, 'colsample_bytree': 0.37704372947953324, 'learning_rate': 0.037991315599907316, 'reg_alpha': 7.034290196439874, 'reg_lambda': 0.00010550936234340838}. Best is trial 715 with value: 0.9377859576434285.
Trial 1001 finished with value: 0.4620071465645792 and parameters: {'max_depth': 2, 'min_child_weight': 1, 'gamma': 0.6371934504622826, 'subsample': 0.8129537874844492, 'colsample_bytree': 0.1434260316290128, 'learning_rate': 0.363130801531262, 'reg_alpha': 0.14566401677778476, 'reg_lambda': 0.004510023050351835}. Best is trial 715 with value: 0.9377859576434285.
Trial 994 finished with value: 0.05429665096707431 and parameters: {'max_depth': 8, 'min_child_weight': 1, 'gamma': 0.5677622269882878, 'subsample': 0.4579921548005079, 'colsample_bytree': 0.01999724972269723, 'learning_rate': 0.5130178712910568, 'reg_alpha': 0.009151380763534183, 'reg_lambda': 0.17882125908698487}. Best is trial 715 with value: 0.9377859576434285.
Trial 985 finished with value: 0.4740175599665022 and parameters: {'max_depth': 8, 'min_child_weight': 3, 'gamma': 0.570359331007873, 'subsample': 0.6213057511428884, 'colsample_bytree': 0.09595675007753934, 'learning_rate': 0.2357198093106, 'reg_alpha': 0.023823769939439663, 'reg_lambda': 0.0017624765163108153}. Best is trial 715 with value: 0.9377859576434285.
Trial 993 finished with value: -23752.94043207744 and parameters: {'max_depth': 5, 'min_child_weight': 2, 'gamma': 0.5199047509821357, 'subsample': 0.15245369631491068, 'colsample_bytree': 0.18062866411872147, 'learning_rate': 0.8415447654170094, 'reg_alpha': 0.0012688698372822055, 'reg_lambda': 0.00010642446289805123}. Best is trial 715 with value: 0.9377859576434285.
Trial 987 finished with value: 0.7585667995964814 and parameters: {'max_depth': 6, 'min_child_weight': 4, 'gamma': 0.9574270042100004, 'subsample': 0.3752177770346634, 'colsample_bytree': 0.5596572109360007, 'learning_rate': 0.6725366066746394, 'reg_alpha': 1.794870098197303, 'reg_lambda': 9.147749229660787}. Best is trial 715 with value: 0.9377859576434285.
Trial 970 finished with value: 0.8735079770658662 and parameters: {'max_depth': 10, 'min_child_weight': 3, 'gamma': 0.16772547619943157, 'subsample': 0.4520871473907532, 'colsample_bytree': 0.9001656046956448, 'learning_rate': 0.6163833688457687, 'reg_alpha': 0.01874932868825632, 'reg_lambda': 0.6242336065829446}. Best is trial 715 with value: 0.9377859576434285.
Trial 986 finished with value: 0.8381742370100775 and parameters: {'max_depth': 6, 'min_child_weight': 3, 'gamma': 0.39628548033988975, 'subsample': 0.5395131833401838, 'colsample_bytree': 0.4805094108623228, 'learning_rate': 0.5688359555984414, 'reg_alpha': 0.2559605405770984, 'reg_lambda': 2.2820690511210513}. Best is trial 715 with value: 0.9377859576434285.
Trial 997 finished with value: 0.08882080615703337 and parameters: {'max_depth': 9, 'min_child_weight': 5, 'gamma': 0.038133316070415035, 'subsample': 0.9701492949735202, 'colsample_bytree': 0.04823813303846314, 'learning_rate': 0.3038887469362469, 'reg_alpha': 0.000246436207893857, 'reg_lambda': 0.00574874838445723}. Best is trial 715 with value: 0.9377859576434285.
Trial 1008 finished with value: -0.5099414110669448 and parameters: {'max_depth': 2, 'min_child_weight': 4, 'gamma': 0.278728698960898, 'subsample': 0.23334216923272189, 'colsample_bytree': 0.5367649255768707, 'learning_rate': 0.8415674752929838, 'reg_alpha': 0.008078639217656012, 'reg_lambda': 0.5346064163727744}. Best is trial 715 with value: 0.9377859576434285.
Trial 988 finished with value: 0.8588750760576396 and parameters: {'max_depth': 5, 'min_child_weight': 1, 'gamma': 0.9002286991261239, 'subsample': 0.5877890704269946, 'colsample_bytree': 0.7930445649018234, 'learning_rate': 0.31666719278280897, 'reg_alpha': 0.0016236958479921473, 'reg_lambda': 0.12566672487087283}. Best is trial 715 with value: 0.9377859576434285.
Trial 998 finished with value: 0.8928537502122394 and parameters: {'max_depth': 5, 'min_child_weight': 3, 'gamma': 0.6423704407322387, 'subsample': 0.9806414199644765, 'colsample_bytree': 0.7319335147111187, 'learning_rate': 0.47667387323784605, 'reg_alpha': 2.59142328883731, 'reg_lambda': 0.034365510513589145}. Best is trial 715 with value: 0.9377859576434285.
Trial 999 finished with value: 0.41827805359668363 and parameters: {'max_depth': 7, 'min_child_weight': 3, 'gamma': 0.27258070145088975, 'subsample': 0.6363670787395124, 'colsample_bytree': 0.09329631493703405, 'learning_rate': 0.9889058210688051, 'reg_alpha': 0.05562926339106913, 'reg_lambda': 0.2312179387209032}. Best is trial 715 with value: 0.9377859576434285.
Trial 1004 finished with value: -8.738412330194654 and parameters: {'max_depth': 5, 'min_child_weight': 4, 'gamma': 0.39636241714702203, 'subsample': 0.12132414627480692, 'colsample_bytree': 0.23671556667544869, 'learning_rate': 0.605737189202611, 'reg_alpha': 0.18921203474923157, 'reg_lambda': 0.0232487654310082}. Best is trial 715 with value: 0.9377859576434285.
Trial 1023 finished with value: -6.2719342707052785 and parameters: {'max_depth': 6, 'min_child_weight': 4, 'gamma': 0.9194420848745256, 'subsample': 0.004561664584011194, 'colsample_bytree': 0.9615765468031429, 'learning_rate': 0.14025227828088493, 'reg_alpha': 2.3916682725126273, 'reg_lambda': 0.2685695212330886}. Best is trial 715 with value: 0.9377859576434285.
Trial 1011 finished with value: 0.09188948854761328 and parameters: {'max_depth': 5, 'min_child_weight': 5, 'gamma': 0.7268243305983094, 'subsample': 0.9849539690164181, 'colsample_bytree': 0.08634117815032816, 'learning_rate': 0.24340521610271082, 'reg_alpha': 0.09402829682601775, 'reg_lambda': 0.002021390367440671}. Best is trial 715 with value: 0.9377859576434285.
Trial 995 finished with value: 0.7840064666449217 and parameters: {'max_depth': 7, 'min_child_weight': 5, 'gamma': 0.6322798680873467, 'subsample': 0.4366211765817336, 'colsample_bytree': 0.9518013534472622, 'learning_rate': 0.6886372600176561, 'reg_alpha': 0.014908962678065577, 'reg_lambda': 0.0002811432250650178}. Best is trial 715 with value: 0.9377859576434285.
Trial 1002 finished with value: 0.745652699220727 and parameters: {'max_depth': 6, 'min_child_weight': 3, 'gamma': 0.12066767494282704, 'subsample': 0.6219800183235926, 'colsample_bytree': 0.2652425922986683, 'learning_rate': 0.7634146154489596, 'reg_alpha': 0.005736564451920974, 'reg_lambda': 0.0190912865854469}. Best is trial 715 with value: 0.9377859576434285.
