Trial 434 finished with value: 0.09253254604655085 and parameters: {'max_depth': 1, 'min_child_weight': 5, 'gamma': 0.07369552765653142, 'subsample': 0.979495815050334, 'colsample_bytree': 0.2966800400739782, 'learning_rate': 0.22981841867548258, 'reg_alpha': 0.0883703819464732, 'reg_lambda': 0.9618379301462989}. Best is trial 325 with value: 0.9241119014369545.
Trial 413 finished with value: 0.8142189403360385 and parameters: {'max_depth': 7, 'min_child_weight': 2, 'gamma': 0.6562658012333636, 'subsample': 0.549563942457319, 'colsample_bytree': 0.24462824855414078, 'learning_rate': 0.5218274703331661, 'reg_alpha': 0.17241807326960967, 'reg_lambda': 0.4634483263369315}. Best is trial 325 with value: 0.9241119014369545.
Trial 426 finished with value: 0.5138709495566345 and parameters: {'max_depth': 4, 'min_child_weight': 2, 'gamma': 0.8690011389132759, 'subsample': 0.5202525108873743, 'colsample_bytree': 0.17237967000022625, 'learning_rate': 0.04998266562922293, 'reg_alpha': 0.08873774407715566, 'reg_lambda': 0.2656906683732911}. Best is trial 325 with value: 0.9241119014369545.
Trial 424 finished with value: 0.8948413831365352 and parameters: {'max_depth': 6, 'min_child_weight': 4, 'gamma': 0.15346986208412028, 'subsample': 0.9971811775250542, 'colsample_bytree': 0.9775367820506857, 'learning_rate': 0.830821706439837, 'reg_alpha': 1.7347788784314409, 'reg_lambda': 0.0001553893393829043}. Best is trial 325 with value: 0.9241119014369545.
Trial 411 finished with value: 0.8849531093493084 and parameters: {'max_depth': 6, 'min_child_weight': 4, 'gamma': 0.8489062883158374, 'subsample': 0.9129180701238894, 'colsample_bytree': 0.6449272799277529, 'learning_rate': 0.8409885069022875, 'reg_alpha': 0.0027468614330256884, 'reg_lambda': 0.37739366079670006}. Best is trial 325 with value: 0.9241119014369545.
Trial 410 finished with value: 0.801255989076814 and parameters: {'max_depth': 9, 'min_child_weight': 4, 'gamma': 0.03430350098196677, 'subsample': 0.2845348353864273, 'colsample_bytree': 0.8576476029495664, 'learning_rate': 0.16380047716710822, 'reg_alpha': 0.00015697685021927784, 'reg_lambda': 0.00815391597419372}. Best is trial 325 with value: 0.9241119014369545.
Trial 435 finished with value: 0.48064893471719117 and parameters: {'max_depth': 2, 'min_child_weight': 3, 'gamma': 0.020118378181305574, 'subsample': 0.9121401043495031, 'colsample_bytree': 0.8236196443738389, 'learning_rate': 0.16823079130445617, 'reg_alpha': 0.0016321800938410291, 'reg_lambda': 0.09389100013187349}. Best is trial 325 with value: 0.9241119014369545.
Trial 436 finished with value: 0.250433632097536 and parameters: {'max_depth': 2, 'min_child_weight': 1, 'gamma': 0.814856697461024, 'subsample': 0.4496075972064002, 'colsample_bytree': 0.6637028949722509, 'learning_rate': 0.0114770660732042, 'reg_alpha': 0.0012190362368809124, 'reg_lambda': 5.4344647857121915}. Best is trial 325 with value: 0.9241119014369545.
Trial 433 finished with value: 0.6026953770113577 and parameters: {'max_depth': 3, 'min_child_weight': 2, 'gamma': 0.2907116300229202, 'subsample': 0.7677810862412741, 'colsample_bytree': 0.27532784698523227, 'learning_rate': 0.5213771039145055, 'reg_alpha': 5.494404240539627, 'reg_lambda': 0.0727257890015882}. Best is trial 325 with value: 0.9241119014369545.
Trial 417 finished with value: 0.7559688563823564 and parameters: {'max_depth': 9, 'min_child_weight': 2, 'gamma': 0.6431372436649994, 'subsample': 0.42214699849439075, 'colsample_bytree': 0.2501375538095628, 'learning_rate': 0.3786316408961541, 'reg_alpha': 0.18723248371736204, 'reg_lambda': 3.128315152695818}. Best is trial 325 with value: 0.9241119014369545.
Trial 416 finished with value: 0.8142854791286336 and parameters: {'max_depth': 10, 'min_child_weight': 5, 'gamma': 0.13046343599562105, 'subsample': 0.5096381664271954, 'colsample_bytree': 0.7100621434203029, 'learning_rate': 0.23215639493293916, 'reg_alpha': 0.11638990044701134, 'reg_lambda': 9.260321920216143}. Best is trial 325 with value: 0.9241119014369545.
Trial 441 finished with value: 0.016258121451242346 and parameters: {'max_depth': 1, 'min_child_weight': 3, 'gamma': 0.11118711290582084, 'subsample': 0.6415708520864913, 'colsample_bytree': 0.25928242764120935, 'learning_rate': 0.9721309684385178, 'reg_alpha': 0.1785334512762764, 'reg_lambda': 0.09535844831215137}. Best is trial 325 with value: 0.9241119014369545.
Trial 422 finished with value: -7259.133958968809 and parameters: {'max_depth': 7, 'min_child_weight': 1, 'gamma': 0.5325877131395147, 'subsample': 0.194392729171475, 'colsample_bytree': 0.3052735778444232, 'learning_rate': 0.9692297506238887, 'reg_alpha': 4.7033098882499775, 'reg_lambda': 0.9651786707726269}. Best is trial 325 with value: 0.9241119014369545.
Trial 402 finished with value: 0.9081900214711007 and parameters: {'max_depth': 9, 'min_child_weight': 1, 'gamma': 0.16161766633007946, 'subsample': 0.9572347282235489, 'colsample_bytree': 0.5303705204662809, 'learning_rate': 0.1194824483315281, 'reg_alpha': 0.004897577826752402, 'reg_lambda': 0.0009940170400305286}. Best is trial 325 with value: 0.9241119014369545.
Trial 408 finished with value: 0.8981721887216645 and parameters: {'max_depth': 9, 'min_child_weight': 3, 'gamma': 0.4143220692855921, 'subsample': 0.960388219843775, 'colsample_bytree': 0.4384196086718748, 'learning_rate': 0.15264159776790232, 'reg_alpha': 0.024985682970011146, 'reg_lambda': 1.1018438446130292}. Best is trial 325 with value: 0.9241119014369545.
Trial 420 finished with value: 0.9193733998521968 and parameters: {'max_depth': 6, 'min_child_weight': 4, 'gamma': 0.9346577452009361, 'subsample': 0.9646772021795619, 'colsample_bytree': 0.7194624105566982, 'learning_rate': 0.5930778481877774, 'reg_alpha': 0.0003093742512156476, 'reg_lambda': 0.006473311787735618}. Best is trial 325 with value: 0.9241119014369545.
Trial 444 finished with value: 0.2642372725960835 and parameters: {'max_depth': 2, 'min_child_weight': 5, 'gamma': 0.8672998600984131, 'subsample': 0.5846314730360024, 'colsample_bytree': 0.6442886560584584, 'learning_rate': 0.9589040680322309, 'reg_alpha': 0.0006125581381791633, 'reg_lambda': 0.18043506973487816}. Best is trial 325 with value: 0.9241119014369545.
Trial 445 finished with value: 0.3475046985349393 and parameters: {'max_depth': 2, 'min_child_weight': 3, 'gamma': 0.782221550804248, 'subsample': 0.505370960223962, 'colsample_bytree': 0.21000283608628356, 'learning_rate': 0.7295074271465151, 'reg_alpha': 0.0016510579352195286, 'reg_lambda': 0.0003835801435055034}. Best is trial 325 with value: 0.9241119014369545.
Trial 427 finished with value: 0.778327100024838 and parameters: {'max_depth': 10, 'min_child_weight': 2, 'gamma': 0.3661187567046157, 'subsample': 0.9674232056704187, 'colsample_bytree': 0.17659368963073463, 'learning_rate': 0.7238498938517133, 'reg_alpha': 0.4983381962743322, 'reg_lambda': 0.00044225611047195914}. Best is trial 325 with value: 0.9241119014369545.
Trial 432 finished with value: 0.34544639233069535 and parameters: {'max_depth': 5, 'min_child_weight': 1, 'gamma': 0.9167316730330373, 'subsample': 0.2740552486383704, 'colsample_bytree': 0.5244761745306838, 'learning_rate': 0.5058437288009333, 'reg_alpha': 0.13559001714052757, 'reg_lambda': 0.0007966050195046256}. Best is trial 325 with value: 0.9241119014369545.
Trial 449 finished with value: 0.36215014700703035 and parameters: {'max_depth': 2, 'min_child_weight': 5, 'gamma': 0.8945180391149459, 'subsample': 0.42194719772770317, 'colsample_bytree': 0.32960523220069105, 'learning_rate': 0.7241715935039695, 'reg_alpha': 1.8032315929705127, 'reg_lambda': 0.0002636785491008724}. Best is trial 325 with value: 0.9241119014369545.
Trial 450 finished with value: 0.462752706135687 and parameters: {'max_depth': 2, 'min_child_weight': 1, 'gamma': 0.3006509862267308, 'subsample': 0.8346086606152917, 'colsample_bytree': 0.723823968623938, 'learning_rate': 0.07456777896239097, 'reg_alpha': 0.00045996813006519125, 'reg_lambda': 0.003164739850242291}. Best is trial 325 with value: 0.9241119014369545.
Trial 456 finished with value: 0.037903429299242064 and parameters: {'max_depth': 1, 'min_child_weight': 4, 'gamma': 0.41906872763206915, 'subsample': 0.3720794661907738, 'colsample_bytree': 0.18637522968834586, 'learning_rate': 0.6440299417203561, 'reg_alpha': 0.008603268299937766, 'reg_lambda': 1.9532476076132257}. Best is trial 325 with value: 0.9241119014369545.
Trial 452 finished with value: -1.448550513334061 and parameters: {'max_depth': 2, 'min_child_weight': 1, 'gamma': 0.6803551856451541, 'subsample': 0.24454925930727844, 'colsample_bytree': 0.9423464377267361, 'learning_rate': 0.8843803692193116, 'reg_alpha': 0.0019540046703361387, 'reg_lambda': 0.0008056917563961752}. Best is trial 325 with value: 0.9241119014369545.
Trial 446 finished with value: -0.20769910554787588 and parameters: {'max_depth': 3, 'min_child_weight': 5, 'gamma': 0.743705773812836, 'subsample': 0.15929424828107186, 'colsample_bytree': 0.34827750392932844, 'learning_rate': 0.539727084627956, 'reg_alpha': 0.0020854173451151097, 'reg_lambda': 0.008033738683033625}. Best is trial 325 with value: 0.9241119014369545.
Trial 453 finished with value: 0.4305862354369511 and parameters: {'max_depth': 2, 'min_child_weight': 4, 'gamma': 0.292406207308171, 'subsample': 0.41225938638755233, 'colsample_bytree': 0.9209146860186281, 'learning_rate': 0.24389160279049715, 'reg_alpha': 0.0022488229341207414, 'reg_lambda': 0.006444837246482196}. Best is trial 325 with value: 0.9241119014369545.
Trial 438 finished with value: -13.438772023054213 and parameters: {'max_depth': 8, 'min_child_weight': 5, 'gamma': 0.9842324336257314, 'subsample': 0.1614501471580183, 'colsample_bytree': 0.5117323917165915, 'learning_rate': 0.6810069427843386, 'reg_alpha': 0.009002384450937373, 'reg_lambda': 0.008270624924898495}. Best is trial 325 with value: 0.9241119014369545.
Trial 460 finished with value: 0.0902433237190709 and parameters: {'max_depth': 1, 'min_child_weight': 2, 'gamma': 0.727309661721975, 'subsample': 0.47529686359253465, 'colsample_bytree': 0.528332574508884, 'learning_rate': 0.060894752805859875, 'reg_alpha': 0.4376329017428077, 'reg_lambda': 0.012007833863397228}. Best is trial 325 with value: 0.9241119014369545.
Trial 457 finished with value: 0.43764455219931947 and parameters: {'max_depth': 2, 'min_child_weight': 4, 'gamma': 0.8666210905242202, 'subsample': 0.641967987877854, 'colsample_bytree': 0.9056555417419935, 'learning_rate': 0.6475184838471922, 'reg_alpha': 0.7822338887787096, 'reg_lambda': 0.00010225067325980823}. Best is trial 325 with value: 0.9241119014369545.
Trial 447 finished with value: -6915917703112.869 and parameters: {'max_depth': 6, 'min_child_weight': 3, 'gamma': 0.4138888909957872, 'subsample': 0.0666532211253904, 'colsample_bytree': 0.560996205134108, 'learning_rate': 0.7784287075243852, 'reg_alpha': 0.0019023022834609468, 'reg_lambda': 0.0013296544303484873}. Best is trial 325 with value: 0.9241119014369545.
Trial 458 finished with value: 0.31116704621288166 and parameters: {'max_depth': 3, 'min_child_weight': 1, 'gamma': 0.8475648700479012, 'subsample': 0.35410981240944883, 'colsample_bytree': 0.1332412934244469, 'learning_rate': 0.5915432578054637, 'reg_alpha': 0.04304943055369615, 'reg_lambda': 0.9259900470210297}. Best is trial 325 with value: 0.9241119014369545.
Trial 461 finished with value: 0.4308377483784367 and parameters: {'max_depth': 2, 'min_child_weight': 4, 'gamma': 0.33119100284284597, 'subsample': 0.35095409216681095, 'colsample_bytree': 0.6379882614850434, 'learning_rate': 0.17840825148894046, 'reg_alpha': 0.2089165006750409, 'reg_lambda': 3.0989438250347465}. Best is trial 325 with value: 0.9241119014369545.
Trial 431 finished with value: 0.9016731329558039 and parameters: {'max_depth': 7, 'min_child_weight': 3, 'gamma': 0.5965003471371207, 'subsample': 0.6991699912631603, 'colsample_bytree': 0.9063250192847508, 'learning_rate': 0.41939355970886993, 'reg_alpha': 0.5575378647710149, 'reg_lambda': 0.00010392009378208206}. Best is trial 325 with value: 0.9241119014369545.
Trial 468 finished with value: 0.06848481260071687 and parameters: {'max_depth': 1, 'min_child_weight': 4, 'gamma': 0.9064248389881473, 'subsample': 0.1482697270624468, 'colsample_bytree': 0.22685427400223868, 'learning_rate': 0.182373967826447, 'reg_alpha': 0.0016671942712336327, 'reg_lambda': 0.3086459718369256}. Best is trial 325 with value: 0.9241119014369545.
Trial 437 finished with value: 0.7655451303190438 and parameters: {'max_depth': 7, 'min_child_weight': 4, 'gamma': 0.9102386777766349, 'subsample': 0.49505988726001093, 'colsample_bytree': 0.3585565930678408, 'learning_rate': 0.28434440046396814, 'reg_alpha': 0.0003534391263421299, 'reg_lambda': 0.002347772346695546}. Best is trial 325 with value: 0.9241119014369545.
Trial 455 finished with value: 0.7431686402236929 and parameters: {'max_depth': 4, 'min_child_weight': 4, 'gamma': 0.30940252708036486, 'subsample': 0.7089205074242797, 'colsample_bytree': 0.4125742103711971, 'learning_rate': 0.6180105915007902, 'reg_alpha': 0.006824898243189762, 'reg_lambda': 2.648864068708168}. Best is trial 325 with value: 0.9241119014369545.
Trial 454 finished with value: 0.7983681329121867 and parameters: {'max_depth': 4, 'min_child_weight': 4, 'gamma': 0.4109795229996607, 'subsample': 0.7733953627090074, 'colsample_bytree': 0.610874466621182, 'learning_rate': 0.6729034083101234, 'reg_alpha': 0.0005347379150394573, 'reg_lambda': 0.2497686959350324}. Best is trial 325 with value: 0.9241119014369545.
Trial 467 finished with value: 0.4447017174678256 and parameters: {'max_depth': 2, 'min_child_weight': 5, 'gamma': 0.7309412085779016, 'subsample': 0.7758307548677578, 'colsample_bytree': 0.8022862954667181, 'learning_rate': 0.6676658684005473, 'reg_alpha': 0.0003747238718692148, 'reg_lambda': 0.0002721765682931178}. Best is trial 325 with value: 0.9241119014369545.
Trial 448 finished with value: 0.7142561871600192 and parameters: {'max_depth': 6, 'min_child_weight': 2, 'gamma': 0.858890224452387, 'subsample': 0.5773848464366519, 'colsample_bytree': 0.21357871647252769, 'learning_rate': 0.49073385882896947, 'reg_alpha': 0.0005236584254813049, 'reg_lambda': 1.7079269277669495}. Best is trial 325 with value: 0.9241119014369545.
Trial 419 finished with value: 0.8972523743364366 and parameters: {'max_depth': 10, 'min_child_weight': 1, 'gamma': 0.7573792286419778, 'subsample': 0.9810712967731219, 'colsample_bytree': 0.5987791799126276, 'learning_rate': 0.8670809559250533, 'reg_alpha': 0.0027420276825832666, 'reg_lambda': 0.0032452706885608626}. Best is trial 325 with value: 0.9241119014369545.
Trial 463 finished with value: 0.2747023218130545 and parameters: {'max_depth': 3, 'min_child_weight': 1, 'gamma': 0.611508811648014, 'subsample': 0.5033133297279749, 'colsample_bytree': 0.9796715819662558, 'learning_rate': 0.9091471422955434, 'reg_alpha': 0.010360901717188247, 'reg_lambda': 0.01544900605678358}. Best is trial 325 with value: 0.9241119014369545.
Trial 464 finished with value: 0.6329212244138184 and parameters: {'max_depth': 3, 'min_child_weight': 2, 'gamma': 0.5527388120696624, 'subsample': 0.44359346353239604, 'colsample_bytree': 0.7518098620195917, 'learning_rate': 0.31098853711286145, 'reg_alpha': 0.22566348273753278, 'reg_lambda': 0.0010720209935169093}. Best is trial 325 with value: 0.9241119014369545.
Trial 429 finished with value: 0.8740247970084186 and parameters: {'max_depth': 10, 'min_child_weight': 2, 'gamma': 0.5783039691800758, 'subsample': 0.49809868666176915, 'colsample_bytree': 0.466323766704023, 'learning_rate': 0.311998849485298, 'reg_alpha': 0.03294895181613299, 'reg_lambda': 0.08857142901120259}. Best is trial 325 with value: 0.9241119014369545.
Trial 466 finished with value: 0.486636628000979 and parameters: {'max_depth': 4, 'min_child_weight': 4, 'gamma': 0.41244480100395775, 'subsample': 0.8015270464065146, 'colsample_bytree': 0.1172904702721993, 'learning_rate': 0.31236157159131905, 'reg_alpha': 0.0022267526920466043, 'reg_lambda': 0.014074397446460891}. Best is trial 325 with value: 0.9241119014369545.
Trial 440 finished with value: 0.7177713301135946 and parameters: {'max_depth': 10, 'min_child_weight': 5, 'gamma': 0.9831460010810669, 'subsample': 0.8249216349658537, 'colsample_bytree': 0.24123372399072285, 'learning_rate': 0.042342441885642845, 'reg_alpha': 0.0037560691334133493, 'reg_lambda': 0.002511373333289417}. Best is trial 325 with value: 0.9241119014369545.
Trial 474 finished with value: 0.3914139813872532 and parameters: {'max_depth': 2, 'min_child_weight': 2, 'gamma': 0.04913952276734246, 'subsample': 0.4180255504260322, 'colsample_bytree': 0.728385113054141, 'learning_rate': 0.4915260155057446, 'reg_alpha': 0.000608459063828558, 'reg_lambda': 4.311055556054063}. Best is trial 325 with value: 0.9241119014369545.
Trial 439 finished with value: 0.7644851535781497 and parameters: {'max_depth': 10, 'min_child_weight': 4, 'gamma': 0.9023253260230879, 'subsample': 0.5450692892140175, 'colsample_bytree': 0.5143332996721922, 'learning_rate': 0.9257695503296197, 'reg_alpha': 0.4411893296276058, 'reg_lambda': 0.28756596638784193}. Best is trial 325 with value: 0.9241119014369545.
Trial 483 finished with value: 0.06388292980567235 and parameters: {'max_depth': 1, 'min_child_weight': 1, 'gamma': 0.19696164039191388, 'subsample': 0.3431104511986961, 'colsample_bytree': 0.45114878428800786, 'learning_rate': 0.3838986789155997, 'reg_alpha': 0.045612888037406055, 'reg_lambda': 0.0001353431948992038}. Best is trial 325 with value: 0.9241119014369545.
Trial 443 finished with value: 0.889020024983807 and parameters: {'max_depth': 8, 'min_child_weight': 3, 'gamma': 0.17790838990196778, 'subsample': 0.879131503770366, 'colsample_bytree': 0.3784925099286567, 'learning_rate': 0.5723831129462404, 'reg_alpha': 0.015900576436095142, 'reg_lambda': 0.2617178802964873}. Best is trial 325 with value: 0.9241119014369545.
Trial 479 finished with value: 0.4546552648670336 and parameters: {'max_depth': 2, 'min_child_weight': 2, 'gamma': 0.19393198180544358, 'subsample': 0.6536311483586426, 'colsample_bytree': 0.6481120397219742, 'learning_rate': 0.4408918622267245, 'reg_alpha': 0.003713634914560082, 'reg_lambda': 0.2354447603528192}. Best is trial 325 with value: 0.9241119014369545.
Trial 465 finished with value: 0.8404036686874954 and parameters: {'max_depth': 5, 'min_child_weight': 2, 'gamma': 0.1363116617089758, 'subsample': 0.600270451708453, 'colsample_bytree': 0.86170157511012, 'learning_rate': 0.9695371610077463, 'reg_alpha': 3.932606808018185, 'reg_lambda': 0.0023891683049866016}. Best is trial 325 with value: 0.9241119014369545.
Trial 459 finished with value: 0.8004938860199213 and parameters: {'max_depth': 6, 'min_child_weight': 1, 'gamma': 0.9246074418405251, 'subsample': 0.5072174626501891, 'colsample_bytree': 0.3928357266273016, 'learning_rate': 0.4344177375769399, 'reg_alpha': 0.02348341758286736, 'reg_lambda': 0.001295451824889687}. Best is trial 325 with value: 0.9241119014369545.
Trial 471 finished with value: -6219628569899.998 and parameters: {'max_depth': 9, 'min_child_weight': 1, 'gamma': 0.8276241616026859, 'subsample': 0.035130601072974055, 'colsample_bytree': 0.2483724359505085, 'learning_rate': 0.6394587872385065, 'reg_alpha': 1.2542046647529712, 'reg_lambda': 0.3140351281490113}. Best is trial 325 with value: 0.9241119014369545.
Trial 488 finished with value: 0.028139672228922573 and parameters: {'max_depth': 1, 'min_child_weight': 5, 'gamma': 0.7158071512797818, 'subsample': 0.5824419147902785, 'colsample_bytree': 0.569633991162689, 'learning_rate': 0.8492342040899562, 'reg_alpha': 0.0003808633596993952, 'reg_lambda': 0.2726386605067463}. Best is trial 325 with value: 0.9241119014369545.
Trial 478 finished with value: -1.9977036866158915 and parameters: {'max_depth': 4, 'min_child_weight': 3, 'gamma': 0.8251562600793066, 'subsample': 0.11184290093461191, 'colsample_bytree': 0.2805419160385554, 'learning_rate': 0.544224567826645, 'reg_alpha': 0.05290806768787332, 'reg_lambda': 0.8091959321949896}. Best is trial 325 with value: 0.9241119014369545.
Trial 442 finished with value: 0.91157473489859 and parameters: {'max_depth': 8, 'min_child_weight': 4, 'gamma': 0.7547052335254892, 'subsample': 0.9061851222024295, 'colsample_bytree': 0.9626495888135324, 'learning_rate': 0.45187901600926383, 'reg_alpha': 0.000509878397393911, 'reg_lambda': 0.0009934886364052083}. Best is trial 325 with value: 0.9241119014369545.
Trial 473 finished with value: 0.6797133872987215 and parameters: {'max_depth': 5, 'min_child_weight': 3, 'gamma': 0.35080366552823206, 'subsample': 0.8402629420919405, 'colsample_bytree': 0.18098537218961075, 'learning_rate': 0.5520839227810532, 'reg_alpha': 0.2978826382815944, 'reg_lambda': 0.9247646912442374}. Best is trial 325 with value: 0.9241119014369545.
Trial 484 finished with value: 0.6872706895427608 and parameters: {'max_depth': 3, 'min_child_weight': 1, 'gamma': 0.3960103689432185, 'subsample': 0.7953712903661894, 'colsample_bytree': 0.5761713796044668, 'learning_rate': 0.3579387995989697, 'reg_alpha': 0.049419693749839365, 'reg_lambda': 0.5374334934915604}. Best is trial 325 with value: 0.9241119014369545.
Trial 475 finished with value: -0.5601949134564569 and parameters: {'max_depth': 6, 'min_child_weight': 4, 'gamma': 0.9088195265559758, 'subsample': 0.12375587858525716, 'colsample_bytree': 0.43121754453514927, 'learning_rate': 0.4769745234344449, 'reg_alpha': 0.9598740981481158, 'reg_lambda': 0.17560374193190398}. Best is trial 325 with value: 0.9241119014369545.
