Trial 1352 finished with value: -29115643135996.688 and parameters: {'max_depth': 7, 'min_child_weight': 3, 'gamma': 0.7862567899762067, 'subsample': 0.23391578019249948, 'colsample_bytree': 0.6856570836332612, 'learning_rate': 0.921001052286781, 'reg_alpha': 0.13083717861961083, 'reg_lambda': 0.0027203602673452933}. Best is trial 715 with value: 0.9377859576434285.
Trial 1356 finished with value: 0.8978947847984344 and parameters: {'max_depth': 6, 'min_child_weight': 1, 'gamma': 0.17785158718789096, 'subsample': 0.6979534330755252, 'colsample_bytree': 0.8408061266888084, 'learning_rate': 0.328933995242471, 'reg_alpha': 2.2074257511085857, 'reg_lambda': 0.0021702947311936865}. Best is trial 715 with value: 0.9377859576434285.
Trial 1374 finished with value: 0.42653088780876175 and parameters: {'max_depth': 2, 'min_child_weight': 4, 'gamma': 0.37131679465670453, 'subsample': 0.6820645057463134, 'colsample_bytree': 0.9984456641263922, 'learning_rate': 0.9436710884681235, 'reg_alpha': 6.7184884962531, 'reg_lambda': 0.3248683758615872}. Best is trial 715 with value: 0.9377859576434285.
Trial 1378 finished with value: -7706457207384.768 and parameters: {'max_depth': 9, 'min_child_weight': 4, 'gamma': 0.5610418292094473, 'subsample': 0.03565958928038104, 'colsample_bytree': 0.9342482160206746, 'learning_rate': 0.9847438750456072, 'reg_alpha': 0.00023074370493052543, 'reg_lambda': 0.0721835183752005}. Best is trial 715 with value: 0.9377859576434285.
Trial 1368 finished with value: 0.8062088908868253 and parameters: {'max_depth': 5, 'min_child_weight': 4, 'gamma': 0.7741392741625973, 'subsample': 0.896230223926894, 'colsample_bytree': 0.30393314040285835, 'learning_rate': 0.3400611219583297, 'reg_alpha': 0.015171541261358322, 'reg_lambda': 0.007389404479512438}. Best is trial 715 with value: 0.9377859576434285.
Trial 1363 finished with value: 0.878441207683283 and parameters: {'max_depth': 10, 'min_child_weight': 5, 'gamma': 0.16822625834152138, 'subsample': 0.8894624556193969, 'colsample_bytree': 0.8237705131701992, 'learning_rate': 0.9586604870236181, 'reg_alpha': 3.6795396873193886, 'reg_lambda': 0.11804794709429443}. Best is trial 715 with value: 0.9377859576434285.
Trial 1372 finished with value: 0.5653319463133964 and parameters: {'max_depth': 4, 'min_child_weight': 2, 'gamma': 0.21331309702774404, 'subsample': 0.7282591710121912, 'colsample_bytree': 0.42793826215235975, 'learning_rate': 0.015092542022890676, 'reg_alpha': 0.4352043064177141, 'reg_lambda': 0.022984928956723}. Best is trial 715 with value: 0.9377859576434285.
Trial 1351 finished with value: -0.07929383640978269 and parameters: {'max_depth': 10, 'min_child_weight': 4, 'gamma': 0.6935682104662734, 'subsample': 0.3951450369654341, 'colsample_bytree': 0.5470891579764987, 'learning_rate': 0.8908499412762676, 'reg_alpha': 0.00833897370136777, 'reg_lambda': 0.0009368573013948953}. Best is trial 715 with value: 0.9377859576434285.
Trial 1377 finished with value: 0.7493829714974387 and parameters: {'max_depth': 3, 'min_child_weight': 4, 'gamma': 0.3456445914942853, 'subsample': 0.8482753643743869, 'colsample_bytree': 0.9701916506707093, 'learning_rate': 0.7569005581416851, 'reg_alpha': 0.0008474716812486882, 'reg_lambda': 0.0008144056423790147}. Best is trial 715 with value: 0.9377859576434285.
Trial 1379 finished with value: 0.4311700694906579 and parameters: {'max_depth': 3, 'min_child_weight': 3, 'gamma': 0.6011913193571139, 'subsample': 0.34213990946859685, 'colsample_bytree': 0.9704270481660396, 'learning_rate': 0.6048168945758671, 'reg_alpha': 0.5843998412710338, 'reg_lambda': 0.0007625153838861117}. Best is trial 715 with value: 0.9377859576434285.
Trial 1382 finished with value: 0.5778474186537008 and parameters: {'max_depth': 3, 'min_child_weight': 2, 'gamma': 0.1764734027965138, 'subsample': 0.8804066450489828, 'colsample_bytree': 0.24472729186658893, 'learning_rate': 0.2219086154711567, 'reg_alpha': 0.09717484054048461, 'reg_lambda': 0.04253750979180462}. Best is trial 715 with value: 0.9377859576434285.
Trial 1387 finished with value: -15512.138276832702 and parameters: {'max_depth': 9, 'min_child_weight': 4, 'gamma': 0.3149965543143637, 'subsample': 0.033898346169915494, 'colsample_bytree': 0.39196811860415504, 'learning_rate': 0.8223850200471117, 'reg_alpha': 0.12130689479361853, 'reg_lambda': 0.00042676053383432347}. Best is trial 715 with value: 0.9377859576434285.
Trial 1369 finished with value: 0.6664579111455192 and parameters: {'max_depth': 7, 'min_child_weight': 2, 'gamma': 0.2140716473916221, 'subsample': 0.12125934061265753, 'colsample_bytree': 0.8793098039249715, 'learning_rate': 0.1905225066490861, 'reg_alpha': 0.16961043112749405, 'reg_lambda': 0.4360753396635483}. Best is trial 715 with value: 0.9377859576434285.
Trial 1365 finished with value: -3.2893262485784693 and parameters: {'max_depth': 7, 'min_child_weight': 3, 'gamma': 0.8701659450431077, 'subsample': 0.28330990949145807, 'colsample_bytree': 0.6861265748963867, 'learning_rate': 0.6907152011418076, 'reg_alpha': 0.17057825417927297, 'reg_lambda': 0.00042239539531438035}. Best is trial 715 with value: 0.9377859576434285.
Trial 1357 finished with value: 0.8540304113136312 and parameters: {'max_depth': 7, 'min_child_weight': 2, 'gamma': 0.9742745752129418, 'subsample': 0.4992795474074381, 'colsample_bytree': 0.6803733341134581, 'learning_rate': 0.027323897225719485, 'reg_alpha': 0.00010589764850008498, 'reg_lambda': 0.10039774852319584}. Best is trial 715 with value: 0.9377859576434285.
Trial 1383 finished with value: 0.21574732178336636 and parameters: {'max_depth': 3, 'min_child_weight': 1, 'gamma': 0.8709323588405767, 'subsample': 0.26875080092703674, 'colsample_bytree': 0.5791199307499401, 'learning_rate': 0.6965805551754426, 'reg_alpha': 9.231791318081747, 'reg_lambda': 0.09483041926829423}. Best is trial 715 with value: 0.9377859576434285.
Trial 1388 finished with value: 0.4296821382534279 and parameters: {'max_depth': 2, 'min_child_weight': 1, 'gamma': 0.8755683552937974, 'subsample': 0.9182101973393378, 'colsample_bytree': 0.6302966426847508, 'learning_rate': 0.04570016095863605, 'reg_alpha': 3.103816837242385, 'reg_lambda': 0.021295675090790948}. Best is trial 715 with value: 0.9377859576434285.
Trial 1385 finished with value: 0.7438446350631697 and parameters: {'max_depth': 3, 'min_child_weight': 4, 'gamma': 0.4452125842959431, 'subsample': 0.9639677332598006, 'colsample_bytree': 0.6531892350143982, 'learning_rate': 0.7051844290200087, 'reg_alpha': 0.0002970138301631252, 'reg_lambda': 0.552878877840026}. Best is trial 715 with value: 0.9377859576434285.
Trial 1335 finished with value: 0.9209118870704056 and parameters: {'max_depth': 10, 'min_child_weight': 1, 'gamma': 0.2229053458734107, 'subsample': 0.9591931229452022, 'colsample_bytree': 0.9184153870934099, 'learning_rate': 0.6164948480626281, 'reg_alpha': 0.00184524689777065, 'reg_lambda': 0.1867226250756229}. Best is trial 715 with value: 0.9377859576434285.
Trial 1370 finished with value: 0.7954310253257472 and parameters: {'max_depth': 10, 'min_child_weight': 3, 'gamma': 0.6282734418702651, 'subsample': 0.36921797197153106, 'colsample_bytree': 0.4877363135520769, 'learning_rate': 0.34183346696324324, 'reg_alpha': 0.000572875828357051, 'reg_lambda': 4.396799209093829}. Best is trial 715 with value: 0.9377859576434285.
Trial 1375 finished with value: 0.8725382317232324 and parameters: {'max_depth': 5, 'min_child_weight': 3, 'gamma': 0.9072857644092412, 'subsample': 0.8432858405361828, 'colsample_bytree': 0.6032628155409862, 'learning_rate': 0.22189171330243807, 'reg_alpha': 0.00042273952783550034, 'reg_lambda': 0.8786939748751681}. Best is trial 715 with value: 0.9377859576434285.
Trial 1362 finished with value: 0.9106810011008017 and parameters: {'max_depth': 8, 'min_child_weight': 2, 'gamma': 0.8960504816086781, 'subsample': 0.52272370606634, 'colsample_bytree': 0.6000605966830728, 'learning_rate': 0.10623080029665488, 'reg_alpha': 0.0005845277812910525, 'reg_lambda': 0.00011159003475690335}. Best is trial 715 with value: 0.9377859576434285.
Trial 1358 finished with value: 0.9292254157362754 and parameters: {'max_depth': 8, 'min_child_weight': 1, 'gamma': 0.7249751070809783, 'subsample': 0.9010054459582563, 'colsample_bytree': 0.6879416964538507, 'learning_rate': 0.7877467162601953, 'reg_alpha': 0.05883033679833087, 'reg_lambda': 0.06327056395193778}. Best is trial 715 with value: 0.9377859576434285.
Trial 1394 finished with value: -0.0623252664868457 and parameters: {'max_depth': 7, 'min_child_weight': 2, 'gamma': 0.4862559746719921, 'subsample': 0.1410622534331556, 'colsample_bytree': 0.041943158896458055, 'learning_rate': 0.3549106293826906, 'reg_alpha': 0.0035559904971012224, 'reg_lambda': 0.014020337632389137}. Best is trial 715 with value: 0.9377859576434285.
Trial 1406 finished with value: 0.09158224469297248 and parameters: {'max_depth': 1, 'min_child_weight': 2, 'gamma': 0.10316260044073955, 'subsample': 0.9039867562745005, 'colsample_bytree': 0.5716755332148508, 'learning_rate': 0.15985227256068446, 'reg_alpha': 9.625571880914793, 'reg_lambda': 0.0958164461383635}. Best is trial 715 with value: 0.9377859576434285.
Trial 1389 finished with value: 0.45866470475511295 and parameters: {'max_depth': 8, 'min_child_weight': 5, 'gamma': 0.27181061457509115, 'subsample': 0.34081793517577663, 'colsample_bytree': 0.10866640692577734, 'learning_rate': 0.22690913562538795, 'reg_alpha': 0.6276624203482445, 'reg_lambda': 0.027016525595729906}. Best is trial 715 with value: 0.9377859576434285.
Trial 1381 finished with value: 0.5411340166545016 and parameters: {'max_depth': 8, 'min_child_weight': 3, 'gamma': 0.8850303744981941, 'subsample': 0.294648194626157, 'colsample_bytree': 0.3412874400150383, 'learning_rate': 0.4406972842516257, 'reg_alpha': 0.0031996870704672415, 'reg_lambda': 0.0016289212795756595}. Best is trial 715 with value: 0.9377859576434285.
Trial 1402 finished with value: 0.3268469780349478 and parameters: {'max_depth': 4, 'min_child_weight': 5, 'gamma': 0.9951160632340187, 'subsample': 0.3850606479885186, 'colsample_bytree': 0.17876081459384352, 'learning_rate': 0.7835504075665776, 'reg_alpha': 7.982649606291141, 'reg_lambda': 0.013911161161703902}. Best is trial 715 with value: 0.9377859576434285.
Trial 1400 finished with value: 0.5673090922954025 and parameters: {'max_depth': 4, 'min_child_weight': 5, 'gamma': 0.9874028147749186, 'subsample': 0.3520570070586879, 'colsample_bytree': 0.5233223431490713, 'learning_rate': 0.8888280976117536, 'reg_alpha': 0.00031887443225292743, 'reg_lambda': 9.566255182134034}. Best is trial 715 with value: 0.9377859576434285.
Trial 1396 finished with value: 0.5207631778275131 and parameters: {'max_depth': 5, 'min_child_weight': 3, 'gamma': 0.26578207006772037, 'subsample': 0.09250352839084963, 'colsample_bytree': 0.5757295922539869, 'learning_rate': 0.06711058875001519, 'reg_alpha': 0.0037038652820240493, 'reg_lambda': 0.006530507763857231}. Best is trial 715 with value: 0.9377859576434285.
Trial 1395 finished with value: 0.017917063766407847 and parameters: {'max_depth': 5, 'min_child_weight': 4, 'gamma': 0.5943624034710413, 'subsample': 0.2630805796054546, 'colsample_bytree': 0.2689829390534463, 'learning_rate': 0.6507751418463422, 'reg_alpha': 0.002423712625694691, 'reg_lambda': 0.00014044528122800578}. Best is trial 715 with value: 0.9377859576434285.
Trial 1401 finished with value: -18.03053596612503 and parameters: {'max_depth': 6, 'min_child_weight': 5, 'gamma': 0.4538140891409147, 'subsample': 0.10631437846702685, 'colsample_bytree': 0.6951156193652706, 'learning_rate': 0.6108179505237107, 'reg_alpha': 0.010625162589785193, 'reg_lambda': 0.02573955223178879}. Best is trial 715 with value: 0.9377859576434285.
Trial 1408 finished with value: -0.10782042546032178 and parameters: {'max_depth': 1, 'min_child_weight': 3, 'gamma': 0.37437559263320275, 'subsample': 0.2287661569538354, 'colsample_bytree': 0.5168812684291189, 'learning_rate': 0.9490225235259528, 'reg_alpha': 0.006953164621419065, 'reg_lambda': 0.4782930924456951}. Best is trial 715 with value: 0.9377859576434285.
Trial 1392 finished with value: -2.5358648111829196 and parameters: {'max_depth': 7, 'min_child_weight': 5, 'gamma': 0.4136438336168966, 'subsample': 0.2488410204154009, 'colsample_bytree': 0.6549567089581324, 'learning_rate': 0.707866901407524, 'reg_alpha': 0.0001453735753933002, 'reg_lambda': 0.006191248696312401}. Best is trial 715 with value: 0.9377859576434285.
Trial 1397 finished with value: 0.33116422859462324 and parameters: {'max_depth': 6, 'min_child_weight': 4, 'gamma': 0.53410365871, 'subsample': 0.18322672370174853, 'colsample_bytree': 0.3002806257069909, 'learning_rate': 0.5317833909047142, 'reg_alpha': 0.0008947002885633137, 'reg_lambda': 2.7383634752413863}. Best is trial 715 with value: 0.9377859576434285.
Trial 1393 finished with value: 0.5991913255977724 and parameters: {'max_depth': 6, 'min_child_weight': 2, 'gamma': 0.3108485985526207, 'subsample': 0.47328796018267927, 'colsample_bytree': 0.3011059688356317, 'learning_rate': 0.750404693064699, 'reg_alpha': 0.039571046592439596, 'reg_lambda': 0.0016848202490674206}. Best is trial 715 with value: 0.9377859576434285.
Trial 1384 finished with value: 0.7751466265852504 and parameters: {'max_depth': 10, 'min_child_weight': 2, 'gamma': 0.9268643211568861, 'subsample': 0.29469946922969326, 'colsample_bytree': 0.5982041560685344, 'learning_rate': 0.748045361915176, 'reg_alpha': 1.4129974758567598, 'reg_lambda': 1.835972296709176}. Best is trial 715 with value: 0.9377859576434285.
Trial 1410 finished with value: 0.07681428372803274 and parameters: {'max_depth': 2, 'min_child_weight': 1, 'gamma': 0.47280408780059757, 'subsample': 0.5078966998297757, 'colsample_bytree': 0.047755640666676924, 'learning_rate': 0.2090147890139653, 'reg_alpha': 0.0036359390854454137, 'reg_lambda': 0.0002884106043053561}. Best is trial 715 with value: 0.9377859576434285.
Trial 1376 finished with value: 0.8749796969270828 and parameters: {'max_depth': 8, 'min_child_weight': 3, 'gamma': 0.4637832043411704, 'subsample': 0.7757206631956968, 'colsample_bytree': 0.7565858091219597, 'learning_rate': 0.5366152070382817, 'reg_alpha': 0.00020671853987441348, 'reg_lambda': 0.1901261745609638}. Best is trial 715 with value: 0.9377859576434285.
Trial 1413 finished with value: 0.07725946586139394 and parameters: {'max_depth': 1, 'min_child_weight': 1, 'gamma': 0.90898193003323, 'subsample': 0.36902982577233534, 'colsample_bytree': 0.3157886324090168, 'learning_rate': 0.12618257944709677, 'reg_alpha': 0.1048435245246458, 'reg_lambda': 0.0023548653717385356}. Best is trial 715 with value: 0.9377859576434285.
Trial 1399 finished with value: 0.7634829128444615 and parameters: {'max_depth': 6, 'min_child_weight': 5, 'gamma': 0.5053487717933166, 'subsample': 0.4716864467593427, 'colsample_bytree': 0.39161762139859846, 'learning_rate': 0.3417820021669522, 'reg_alpha': 0.004239721332877357, 'reg_lambda': 0.03961696964675101}. Best is trial 715 with value: 0.9377859576434285.
Trial 1415 finished with value: 0.4180549622322509 and parameters: {'max_depth': 2, 'min_child_weight': 1, 'gamma': 0.33394001331108214, 'subsample': 0.4340472895506148, 'colsample_bytree': 0.16224122375696393, 'learning_rate': 0.34372292630110224, 'reg_alpha': 0.0016236991588130054, 'reg_lambda': 2.446130770637807}. Best is trial 715 with value: 0.9377859576434285.
Trial 1386 finished with value: -3255482191078.883 and parameters: {'max_depth': 9, 'min_child_weight': 1, 'gamma': 0.8160234872254468, 'subsample': 0.20099997568268702, 'colsample_bytree': 0.5397069634652801, 'learning_rate': 0.7020110617465871, 'reg_alpha': 0.23537959931672775, 'reg_lambda': 0.08273489835224611}. Best is trial 715 with value: 0.9377859576434285.
Trial 1403 finished with value: 0.696695832407163 and parameters: {'max_depth': 6, 'min_child_weight': 5, 'gamma': 0.25469289673503714, 'subsample': 0.42327147316527225, 'colsample_bytree': 0.4443037988467218, 'learning_rate': 0.656338789028591, 'reg_alpha': 0.08181278381036974, 'reg_lambda': 0.6513529833718423}. Best is trial 715 with value: 0.9377859576434285.
Trial 1423 finished with value: 0.08723299262817509 and parameters: {'max_depth': 1, 'min_child_weight': 4, 'gamma': 0.9390520749947023, 'subsample': 0.6529157423293143, 'colsample_bytree': 0.6427115673814587, 'learning_rate': 0.20870937008415458, 'reg_alpha': 0.00016002232955731826, 'reg_lambda': 4.186419930298418}. Best is trial 715 with value: 0.9377859576434285.
Trial 1380 finished with value: 0.9152741681269598 and parameters: {'max_depth': 10, 'min_child_weight': 4, 'gamma': 0.259039383984801, 'subsample': 0.7790286549821738, 'colsample_bytree': 0.8786214243517249, 'learning_rate': 0.6010479162005599, 'reg_alpha': 0.0958689266823178, 'reg_lambda': 0.258328418345337}. Best is trial 715 with value: 0.9377859576434285.
Trial 1404 finished with value: 0.8932687493307805 and parameters: {'max_depth': 10, 'min_child_weight': 3, 'gamma': 0.7380280106559027, 'subsample': 0.7978435079613987, 'colsample_bytree': 0.8828900315180337, 'learning_rate': 0.7605003925132199, 'reg_alpha': 9.083711594248495, 'reg_lambda': 1.0951901611433064}. Best is trial 715 with value: 0.9377859576434285.
Trial 1409 finished with value: 0.5610716540695249 and parameters: {'max_depth': 4, 'min_child_weight': 3, 'gamma': 0.3019100356578144, 'subsample': 0.30862432181991817, 'colsample_bytree': 0.2631873575016602, 'learning_rate': 0.15749431420912152, 'reg_alpha': 0.015643752355741745, 'reg_lambda': 0.9683902439211931}. Best is trial 715 with value: 0.9377859576434285.
Trial 1412 finished with value: 0.6221897998537781 and parameters: {'max_depth': 3, 'min_child_weight': 3, 'gamma': 0.4165406694735474, 'subsample': 0.6860215777659471, 'colsample_bytree': 0.9992297416644853, 'learning_rate': 0.083511149996229, 'reg_alpha': 0.08059202472214391, 'reg_lambda': 0.0005091806925600981}. Best is trial 715 with value: 0.9377859576434285.
Trial 1416 finished with value: 0.6891854423341002 and parameters: {'max_depth': 3, 'min_child_weight': 2, 'gamma': 0.469499200929936, 'subsample': 0.7401464363804496, 'colsample_bytree': 0.7193232716665574, 'learning_rate': 0.6742177768298144, 'reg_alpha': 0.004397943761407531, 'reg_lambda': 0.01289193989112469}. Best is trial 715 with value: 0.9377859576434285.
Trial 1391 finished with value: 0.8942630205675881 and parameters: {'max_depth': 9, 'min_child_weight': 3, 'gamma': 0.9831633970891654, 'subsample': 0.736110257754499, 'colsample_bytree': 0.8367811685479885, 'learning_rate': 0.6974990870499178, 'reg_alpha': 0.9544130696670143, 'reg_lambda': 9.375682726511673}. Best is trial 715 with value: 0.9377859576434285.
Trial 1418 finished with value: 0.6692463884951959 and parameters: {'max_depth': 3, 'min_child_weight': 1, 'gamma': 0.1200983924488328, 'subsample': 0.898263308381029, 'colsample_bytree': 0.5418933061243913, 'learning_rate': 0.40164971067247957, 'reg_alpha': 0.00031619196201179814, 'reg_lambda': 9.090186253762843}. Best is trial 715 with value: 0.9377859576434285.
Trial 1405 finished with value: 0.8914206085100925 and parameters: {'max_depth': 6, 'min_child_weight': 4, 'gamma': 0.7152729824850225, 'subsample': 0.6004248474665188, 'colsample_bytree': 0.7973761568424165, 'learning_rate': 0.40193683365458255, 'reg_alpha': 0.3073331948635454, 'reg_lambda': 0.0032173597693540535}. Best is trial 715 with value: 0.9377859576434285.
Trial 1422 finished with value: 0.19812691461887125 and parameters: {'max_depth': 3, 'min_child_weight': 2, 'gamma': 0.863515981007781, 'subsample': 0.41439979018667417, 'colsample_bytree': 0.1412846391242244, 'learning_rate': 0.7920896027036544, 'reg_alpha': 3.7985521778461773, 'reg_lambda': 0.0009716384957819821}. Best is trial 715 with value: 0.9377859576434285.
Trial 1407 finished with value: 0.7466789898999799 and parameters: {'max_depth': 6, 'min_child_weight': 1, 'gamma': 0.6630602358012461, 'subsample': 0.4075091103260652, 'colsample_bytree': 0.4522474980077238, 'learning_rate': 0.9844287290215937, 'reg_alpha': 0.03001184124518138, 'reg_lambda': 8.691885516346192}. Best is trial 715 with value: 0.9377859576434285.
Trial 1419 finished with value: 0.029619186844143296 and parameters: {'max_depth': 8, 'min_child_weight': 3, 'gamma': 0.831540978680672, 'subsample': 0.5424417767039171, 'colsample_bytree': 0.0833239765752175, 'learning_rate': 0.7123985329715842, 'reg_alpha': 0.545809482087715, 'reg_lambda': 0.05758836306328013}. Best is trial 715 with value: 0.9377859576434285.
Trial 1398 finished with value: 0.5056960375497812 and parameters: {'max_depth': 8, 'min_child_weight': 2, 'gamma': 0.662239654590149, 'subsample': 0.36303790552601234, 'colsample_bytree': 0.66841738270082, 'learning_rate': 0.7646618978140498, 'reg_alpha': 0.015205432215393826, 'reg_lambda': 0.2338815090337429}. Best is trial 715 with value: 0.9377859576434285.
Trial 1390 finished with value: 0.8878779191020807 and parameters: {'max_depth': 10, 'min_child_weight': 3, 'gamma': 0.8605110330538894, 'subsample': 0.7039035521394567, 'colsample_bytree': 0.7438594344367367, 'learning_rate': 0.8862157128014669, 'reg_alpha': 0.048267464742437094, 'reg_lambda': 0.0019915237091340386}. Best is trial 715 with value: 0.9377859576434285.
Trial 1411 finished with value: 0.7091046536388408 and parameters: {'max_depth': 7, 'min_child_weight': 5, 'gamma': 0.06599682002017182, 'subsample': 0.3564144717331368, 'colsample_bytree': 0.3168437166686845, 'learning_rate': 0.3056232668584197, 'reg_alpha': 0.030407083475417127, 'reg_lambda': 0.09683022807232486}. Best is trial 715 with value: 0.9377859576434285.
