Trial 3295 finished with value: 0.9027175613017699 and parameters: {'max_depth': 7, 'min_child_weight': 3, 'gamma': 0.8146318145176198, 'subsample': 0.646539928278011, 'colsample_bytree': 0.9138223616155675, 'learning_rate': 0.6235630314937618, 'reg_alpha': 3.935566565009954, 'reg_lambda': 0.0009535269400932374}. Best is trial 715 with value: 0.9377859576434285.
Trial 3316 finished with value: 0.3506385861709917 and parameters: {'max_depth': 3, 'min_child_weight': 5, 'gamma': 0.18797910304285048, 'subsample': 0.25979400271410413, 'colsample_bytree': 0.42648044336681457, 'learning_rate': 0.3464690568017993, 'reg_alpha': 0.6697459300287629, 'reg_lambda': 0.013440666361884273}. Best is trial 715 with value: 0.9377859576434285.
Trial 3330 finished with value: 0.0918764686063074 and parameters: {'max_depth': 1, 'min_child_weight': 2, 'gamma': 0.10442793562458952, 'subsample': 0.3680645791031354, 'colsample_bytree': 0.23988224200816044, 'learning_rate': 0.05928674687438518, 'reg_alpha': 0.004606793884006818, 'reg_lambda': 0.003429008657591615}. Best is trial 715 with value: 0.9377859576434285.
Trial 3302 finished with value: 0.9031650685999818 and parameters: {'max_depth': 6, 'min_child_weight': 3, 'gamma': 0.059282216096394946, 'subsample': 0.8209061284914864, 'colsample_bytree': 0.6994502633075682, 'learning_rate': 0.44429188476516324, 'reg_alpha': 0.11608248926288167, 'reg_lambda': 0.0008277146837462993}. Best is trial 715 with value: 0.9377859576434285.
Trial 3304 finished with value: 0.8635380997142709 and parameters: {'max_depth': 6, 'min_child_weight': 4, 'gamma': 0.018367743440468876, 'subsample': 0.528263421488025, 'colsample_bytree': 0.6839009463709819, 'learning_rate': 0.4219602507226954, 'reg_alpha': 0.0012118386647865101, 'reg_lambda': 0.1250712123021959}. Best is trial 715 with value: 0.9377859576434285.
Trial 3306 finished with value: -66090741143.64172 and parameters: {'max_depth': 6, 'min_child_weight': 2, 'gamma': 0.602223355347844, 'subsample': 0.1950847068799767, 'colsample_bytree': 0.6809686972900564, 'learning_rate': 0.7609152858646938, 'reg_alpha': 0.06556363643644761, 'reg_lambda': 0.0022721982062293158}. Best is trial 715 with value: 0.9377859576434285.
Trial 3305 finished with value: 0.8328323123085388 and parameters: {'max_depth': 6, 'min_child_weight': 3, 'gamma': 0.10452950128408967, 'subsample': 0.4072116802557413, 'colsample_bytree': 0.8878245941180096, 'learning_rate': 0.6494181455432716, 'reg_alpha': 0.048607088938282715, 'reg_lambda': 0.10381137866672842}. Best is trial 715 with value: 0.9377859576434285.
Trial 3317 finished with value: 0.364384513877605 and parameters: {'max_depth': 4, 'min_child_weight': 1, 'gamma': 0.8713848881800723, 'subsample': 0.24095556574615373, 'colsample_bytree': 0.46072639620579914, 'learning_rate': 0.39291964618233666, 'reg_alpha': 0.4961687814018007, 'reg_lambda': 0.00027950912707969925}. Best is trial 715 with value: 0.9377859576434285.
Trial 3291 finished with value: 0.8681921425246156 and parameters: {'max_depth': 9, 'min_child_weight': 3, 'gamma': 0.6590920099483651, 'subsample': 0.57098367333439, 'colsample_bytree': 0.6443352403004836, 'learning_rate': 0.036662216515276014, 'reg_alpha': 0.22829901811969566, 'reg_lambda': 0.0002128019572244887}. Best is trial 715 with value: 0.9377859576434285.
Trial 3319 finished with value: 0.39045126627717613 and parameters: {'max_depth': 5, 'min_child_weight': 1, 'gamma': 0.6775771248170774, 'subsample': 0.5269308611387281, 'colsample_bytree': 0.12445923707177642, 'learning_rate': 0.46712544121341126, 'reg_alpha': 0.3785384750267213, 'reg_lambda': 0.002215964600790652}. Best is trial 715 with value: 0.9377859576434285.
Trial 3320 finished with value: 0.6151758719479263 and parameters: {'max_depth': 5, 'min_child_weight': 5, 'gamma': 0.04287184206083916, 'subsample': 0.7227268564142113, 'colsample_bytree': 0.17569243900278841, 'learning_rate': 0.18527841115715782, 'reg_alpha': 5.615053983197221, 'reg_lambda': 0.08442518714786099}. Best is trial 715 with value: 0.9377859576434285.
Trial 3313 finished with value: 0.8504195739454469 and parameters: {'max_depth': 6, 'min_child_weight': 5, 'gamma': 0.9583458888675824, 'subsample': 0.5637806558313272, 'colsample_bytree': 0.731677870055276, 'learning_rate': 0.1849140162984676, 'reg_alpha': 3.7775673451328546, 'reg_lambda': 0.000204610990862861}. Best is trial 715 with value: 0.9377859576434285.
Trial 3315 finished with value: 0.7310500909266381 and parameters: {'max_depth': 6, 'min_child_weight': 5, 'gamma': 0.6943829532800241, 'subsample': 0.6159684296824968, 'colsample_bytree': 0.442087515020525, 'learning_rate': 0.07618067171662901, 'reg_alpha': 2.7222766279726156, 'reg_lambda': 4.214635421192318}. Best is trial 715 with value: 0.9377859576434285.
Trial 3332 finished with value: 0.6412579086957572 and parameters: {'max_depth': 3, 'min_child_weight': 5, 'gamma': 0.067460653399248, 'subsample': 0.8580261646997109, 'colsample_bytree': 0.5666026647912372, 'learning_rate': 0.1692805309310106, 'reg_alpha': 0.011254895589203088, 'reg_lambda': 2.881983281258511}. Best is trial 715 with value: 0.9377859576434285.
Trial 3339 finished with value: 0.0901871372031138 and parameters: {'max_depth': 1, 'min_child_weight': 2, 'gamma': 0.21856904911487063, 'subsample': 0.7754251622707418, 'colsample_bytree': 0.3058605416946677, 'learning_rate': 0.08508612358832135, 'reg_alpha': 1.3803478152675333, 'reg_lambda': 1.1222605215711563}. Best is trial 715 with value: 0.9377859576434285.
Trial 3312 finished with value: 0.8917277048933474 and parameters: {'max_depth': 7, 'min_child_weight': 1, 'gamma': 0.8184042566315315, 'subsample': 0.5919009939479749, 'colsample_bytree': 0.6321579979637653, 'learning_rate': 0.5529351998421329, 'reg_alpha': 1.7093198622825776, 'reg_lambda': 0.00022227615688458763}. Best is trial 715 with value: 0.9377859576434285.
Trial 3340 finished with value: 0.09275685480570908 and parameters: {'max_depth': 1, 'min_child_weight': 5, 'gamma': 0.07999269838536627, 'subsample': 0.8681591277148561, 'colsample_bytree': 0.8353327453954297, 'learning_rate': 0.11780978599749148, 'reg_alpha': 8.824156715786156, 'reg_lambda': 0.03380982802661432}. Best is trial 715 with value: 0.9377859576434285.
Trial 3328 finished with value: -0.4310995972682808 and parameters: {'max_depth': 5, 'min_child_weight': 1, 'gamma': 0.15497729402899818, 'subsample': 0.03897719179819337, 'colsample_bytree': 0.9279890890224367, 'learning_rate': 0.31573010091322784, 'reg_alpha': 0.22070942117022985, 'reg_lambda': 1.4943151002276815}. Best is trial 715 with value: 0.9377859576434285.
Trial 3329 finished with value: -41.199046301055716 and parameters: {'max_depth': 4, 'min_child_weight': 2, 'gamma': 0.3335326775908577, 'subsample': 0.37300911355018485, 'colsample_bytree': 0.6348005610832772, 'learning_rate': 0.949530301959367, 'reg_alpha': 0.0004583504943978554, 'reg_lambda': 0.00039096017471155505}. Best is trial 715 with value: 0.9377859576434285.
Trial 3338 finished with value: 0.3322646593523449 and parameters: {'max_depth': 2, 'min_child_weight': 3, 'gamma': 0.6095724172603081, 'subsample': 0.456199539503482, 'colsample_bytree': 0.4432469126000882, 'learning_rate': 0.7409525433044573, 'reg_alpha': 0.23594800048827425, 'reg_lambda': 0.0007611434977829076}. Best is trial 715 with value: 0.9377859576434285.
Trial 3326 finished with value: 0.47684972912341794 and parameters: {'max_depth': 8, 'min_child_weight': 2, 'gamma': 0.0153232130363683, 'subsample': 0.7114198209857694, 'colsample_bytree': 0.0952206468482999, 'learning_rate': 0.5067325183763182, 'reg_alpha': 8.528220237670688, 'reg_lambda': 0.006997412380179098}. Best is trial 715 with value: 0.9377859576434285.
Trial 3321 finished with value: -10.87032398989465 and parameters: {'max_depth': 6, 'min_child_weight': 4, 'gamma': 0.01219926586899589, 'subsample': 0.20261232996859857, 'colsample_bytree': 0.865728244258386, 'learning_rate': 0.7913905290333277, 'reg_alpha': 0.0007315985294391645, 'reg_lambda': 1.2707795749354933}. Best is trial 715 with value: 0.9377859576434285.
Trial 3334 finished with value: 0.0570883205600512 and parameters: {'max_depth': 8, 'min_child_weight': 1, 'gamma': 0.3492520659941156, 'subsample': 0.24286655575979355, 'colsample_bytree': 0.02912886222660427, 'learning_rate': 0.4692065245390026, 'reg_alpha': 0.00778792767078995, 'reg_lambda': 7.629859743980022}. Best is trial 715 with value: 0.9377859576434285.
Trial 3327 finished with value: 0.8211244746555083 and parameters: {'max_depth': 6, 'min_child_weight': 3, 'gamma': 0.04820666601074031, 'subsample': 0.8241647812549101, 'colsample_bytree': 0.37322614823281297, 'learning_rate': 0.30228451078162644, 'reg_alpha': 9.156230625822316, 'reg_lambda': 0.001837855625857056}. Best is trial 715 with value: 0.9377859576434285.
Trial 3324 finished with value: 0.45353220730266797 and parameters: {'max_depth': 7, 'min_child_weight': 4, 'gamma': 0.6744503400628312, 'subsample': 0.19129393621880797, 'colsample_bytree': 0.45989450084460315, 'learning_rate': 0.43372355535451956, 'reg_alpha': 0.10743092536743049, 'reg_lambda': 0.9273617468275278}. Best is trial 715 with value: 0.9377859576434285.
Trial 3337 finished with value: -0.4810630516335162 and parameters: {'max_depth': 5, 'min_child_weight': 2, 'gamma': 0.5600811046689417, 'subsample': 0.08592310758076627, 'colsample_bytree': 0.016913054830769103, 'learning_rate': 0.5206162051614193, 'reg_alpha': 0.0019640425975705183, 'reg_lambda': 0.04747756255900975}. Best is trial 715 with value: 0.9377859576434285.
Trial 3344 finished with value: 0.4605569398667731 and parameters: {'max_depth': 2, 'min_child_weight': 3, 'gamma': 0.5940668975190473, 'subsample': 0.43019144540634613, 'colsample_bytree': 0.9959544415976264, 'learning_rate': 0.14574153684152913, 'reg_alpha': 3.8169903963119842, 'reg_lambda': 0.03617265442323281}. Best is trial 715 with value: 0.9377859576434285.
Trial 3335 finished with value: -0.06646824754631811 and parameters: {'max_depth': 5, 'min_child_weight': 3, 'gamma': 0.40826302037344053, 'subsample': 0.10088759898892763, 'colsample_bytree': 0.1628583723616398, 'learning_rate': 0.3570749753665574, 'reg_alpha': 4.79528220496136, 'reg_lambda': 0.011141286056085995}. Best is trial 715 with value: 0.9377859576434285.
Trial 3323 finished with value: 0.8090487778451009 and parameters: {'max_depth': 6, 'min_child_weight': 3, 'gamma': 0.06553734894334218, 'subsample': 0.427636702471498, 'colsample_bytree': 0.6368347271202446, 'learning_rate': 0.07739912671969229, 'reg_alpha': 0.46291675838026425, 'reg_lambda': 0.00017519599424561003}. Best is trial 715 with value: 0.9377859576434285.
Trial 3349 finished with value: 0.4846419866392916 and parameters: {'max_depth': 2, 'min_child_weight': 2, 'gamma': 0.3876258293817739, 'subsample': 0.9713245852329, 'colsample_bytree': 0.887070774864284, 'learning_rate': 0.29503955475010846, 'reg_alpha': 0.006615155262037114, 'reg_lambda': 3.033615012991432}. Best is trial 715 with value: 0.9377859576434285.
Trial 3354 finished with value: 0.09083519617206168 and parameters: {'max_depth': 1, 'min_child_weight': 3, 'gamma': 0.788296270232179, 'subsample': 0.9276767704989268, 'colsample_bytree': 0.6575745661355842, 'learning_rate': 0.1468498348399817, 'reg_alpha': 0.005417766660074058, 'reg_lambda': 0.00017741530587549292}. Best is trial 715 with value: 0.9377859576434285.
Trial 3325 finished with value: 0.741155590361488 and parameters: {'max_depth': 9, 'min_child_weight': 1, 'gamma': 0.04525373034640778, 'subsample': 0.6637566400164465, 'colsample_bytree': 0.1374345471833166, 'learning_rate': 0.40061574971985914, 'reg_alpha': 0.00017888115374598953, 'reg_lambda': 0.02705880211426639}. Best is trial 715 with value: 0.9377859576434285.
Trial 3350 finished with value: 0.41895362030541966 and parameters: {'max_depth': 2, 'min_child_weight': 5, 'gamma': 0.4842795384362315, 'subsample': 0.3594571385773807, 'colsample_bytree': 0.508605053427924, 'learning_rate': 0.210248822780584, 'reg_alpha': 6.276093439291619, 'reg_lambda': 0.019804094883373594}. Best is trial 715 with value: 0.9377859576434285.
Trial 3351 finished with value: 0.4769066261777716 and parameters: {'max_depth': 2, 'min_child_weight': 1, 'gamma': 0.8172797693374608, 'subsample': 0.8718812562966078, 'colsample_bytree': 0.47998823161996673, 'learning_rate': 0.36868273945128527, 'reg_alpha': 0.0002698243112115286, 'reg_lambda': 0.0002203728089712511}. Best is trial 715 with value: 0.9377859576434285.
Trial 3356 finished with value: -0.3193751848013857 and parameters: {'max_depth': 9, 'min_child_weight': 5, 'gamma': 0.6884653115532271, 'subsample': 0.025171297841638296, 'colsample_bytree': 0.6187309431243685, 'learning_rate': 0.21172184675964767, 'reg_alpha': 0.02795381183508205, 'reg_lambda': 0.003102329601940611}. Best is trial 715 with value: 0.9377859576434285.
Trial 3345 finished with value: 0.500437324466998 and parameters: {'max_depth': 3, 'min_child_weight': 5, 'gamma': 0.5006823990379118, 'subsample': 0.646992366331325, 'colsample_bytree': 0.156105150670918, 'learning_rate': 0.21441339682147875, 'reg_alpha': 0.10466666093727099, 'reg_lambda': 0.9935260113856349}. Best is trial 715 with value: 0.9377859576434285.
Trial 3310 finished with value: 0.8742469299767498 and parameters: {'max_depth': 9, 'min_child_weight': 2, 'gamma': 0.6888878379896688, 'subsample': 0.414120658377383, 'colsample_bytree': 0.9403096677114188, 'learning_rate': 0.24479483464070606, 'reg_alpha': 0.014776589973428692, 'reg_lambda': 0.22783795813586719}. Best is trial 715 with value: 0.9377859576434285.
Trial 3359 finished with value: 0.08717976222051768 and parameters: {'max_depth': 1, 'min_child_weight': 4, 'gamma': 0.10137155931025554, 'subsample': 0.7711162407409878, 'colsample_bytree': 0.30789835175515623, 'learning_rate': 0.1978615984675911, 'reg_alpha': 0.03389137467327525, 'reg_lambda': 4.90775819300147}. Best is trial 715 with value: 0.9377859576434285.
Trial 3347 finished with value: 0.7548825748597879 and parameters: {'max_depth': 3, 'min_child_weight': 4, 'gamma': 0.28707643900698676, 'subsample': 0.9439709447581286, 'colsample_bytree': 0.9453846838825813, 'learning_rate': 0.6274860271915701, 'reg_alpha': 2.9322015106181594, 'reg_lambda': 0.040546211530768324}. Best is trial 715 with value: 0.9377859576434285.
Trial 3333 finished with value: 0.8069112547371519 and parameters: {'max_depth': 7, 'min_child_weight': 5, 'gamma': 0.5530849234206721, 'subsample': 0.5797886526929991, 'colsample_bytree': 0.4941113415101823, 'learning_rate': 0.682961946830536, 'reg_alpha': 7.089385463860138, 'reg_lambda': 0.0005861210289428854}. Best is trial 715 with value: 0.9377859576434285.
Trial 3360 finished with value: 0.09191985377907334 and parameters: {'max_depth': 1, 'min_child_weight': 5, 'gamma': 0.8987742380986053, 'subsample': 0.6952086469022872, 'colsample_bytree': 0.5760268021515647, 'learning_rate': 0.1037326518038354, 'reg_alpha': 0.00041328972140714063, 'reg_lambda': 0.3595463082444307}. Best is trial 715 with value: 0.9377859576434285.
Trial 3342 finished with value: 0.7027602396931398 and parameters: {'max_depth': 4, 'min_child_weight': 1, 'gamma': 0.2655449874803102, 'subsample': 0.6868232372782892, 'colsample_bytree': 0.5368193064037158, 'learning_rate': 0.06556285807915196, 'reg_alpha': 0.08506351997910577, 'reg_lambda': 0.07023436155088904}. Best is trial 715 with value: 0.9377859576434285.
Trial 3336 finished with value: 0.8589843124987814 and parameters: {'max_depth': 5, 'min_child_weight': 4, 'gamma': 0.2644297946083849, 'subsample': 0.9171433465429958, 'colsample_bytree': 0.7945263522060844, 'learning_rate': 0.09243748854856537, 'reg_alpha': 0.8103752077178727, 'reg_lambda': 0.0019399694475435035}. Best is trial 715 with value: 0.9377859576434285.
Trial 3352 finished with value: 0.6402280961251327 and parameters: {'max_depth': 3, 'min_child_weight': 3, 'gamma': 0.9605155884411448, 'subsample': 0.7852373884404119, 'colsample_bytree': 0.4402511629423179, 'learning_rate': 0.34129229563585983, 'reg_alpha': 0.11330802423512601, 'reg_lambda': 1.0231284664037767}. Best is trial 715 with value: 0.9377859576434285.
Trial 3348 finished with value: 0.7239125668123163 and parameters: {'max_depth': 4, 'min_child_weight': 3, 'gamma': 0.3901009845187089, 'subsample': 0.665957156253907, 'colsample_bytree': 0.3803851083430201, 'learning_rate': 0.44240207161251266, 'reg_alpha': 0.49208388867349356, 'reg_lambda': 1.689920012029477}. Best is trial 715 with value: 0.9377859576434285.
Trial 3331 finished with value: 0.794231807102785 and parameters: {'max_depth': 7, 'min_child_weight': 2, 'gamma': 0.5503269533511301, 'subsample': 0.6190338307660922, 'colsample_bytree': 0.8385869622851235, 'learning_rate': 0.926136811838715, 'reg_alpha': 0.37620132781191673, 'reg_lambda': 0.04318391379692051}. Best is trial 715 with value: 0.9377859576434285.
Trial 3373 finished with value: -0.4248516516546889 and parameters: {'max_depth': 9, 'min_child_weight': 4, 'gamma': 0.05260832428305584, 'subsample': 0.012220574338585921, 'colsample_bytree': 0.17977913243665522, 'learning_rate': 0.47327817851628695, 'reg_alpha': 7.886260871533812, 'reg_lambda': 0.09757322446069251}. Best is trial 715 with value: 0.9377859576434285.
Trial 3372 finished with value: 0.056129900497495264 and parameters: {'max_depth': 1, 'min_child_weight': 3, 'gamma': 0.8855843922047911, 'subsample': 0.2440290886747397, 'colsample_bytree': 0.3440211663181705, 'learning_rate': 0.3552774835413617, 'reg_alpha': 0.11221426994491342, 'reg_lambda': 1.7660863981480053}. Best is trial 715 with value: 0.9377859576434285.
Trial 3357 finished with value: -484023.2708745216 and parameters: {'max_depth': 5, 'min_child_weight': 1, 'gamma': 0.3700250454735944, 'subsample': 0.03245484386885844, 'colsample_bytree': 0.7899185340948632, 'learning_rate': 0.6106295183055614, 'reg_alpha': 0.00017495333198847243, 'reg_lambda': 0.9804643277538381}. Best is trial 715 with value: 0.9377859576434285.
Trial 3365 finished with value: 0.06162697441117955 and parameters: {'max_depth': 3, 'min_child_weight': 1, 'gamma': 0.10807886251651755, 'subsample': 0.43950717553413565, 'colsample_bytree': 0.06060463752863143, 'learning_rate': 0.4085290861408174, 'reg_alpha': 8.056908285800482, 'reg_lambda': 0.00011309461062548053}. Best is trial 715 with value: 0.9377859576434285.
Trial 3368 finished with value: 0.3180278458011314 and parameters: {'max_depth': 2, 'min_child_weight': 2, 'gamma': 0.84202431138313, 'subsample': 0.2155353243954149, 'colsample_bytree': 0.3889439198065314, 'learning_rate': 0.2834206737435734, 'reg_alpha': 0.00043968227067040297, 'reg_lambda': 0.0013096285106131765}. Best is trial 715 with value: 0.9377859576434285.
Trial 3355 finished with value: -1.9856712528061722 and parameters: {'max_depth': 7, 'min_child_weight': 3, 'gamma': 0.1991108061288671, 'subsample': 0.13513253638064315, 'colsample_bytree': 0.09890390358677859, 'learning_rate': 0.6531600689673898, 'reg_alpha': 0.222046223378748, 'reg_lambda': 0.033132225133177574}. Best is trial 715 with value: 0.9377859576434285.
Trial 3367 finished with value: 0.6861992407112252 and parameters: {'max_depth': 3, 'min_child_weight': 5, 'gamma': 0.4170385367653753, 'subsample': 0.8362210498444337, 'colsample_bytree': 0.6175822815993698, 'learning_rate': 0.8233821032114952, 'reg_alpha': 0.02594544602645729, 'reg_lambda': 2.077424461427634}. Best is trial 715 with value: 0.9377859576434285.
Trial 3378 finished with value: 0.0837807113510324 and parameters: {'max_depth': 1, 'min_child_weight': 4, 'gamma': 0.5454140587582468, 'subsample': 0.8464268572747141, 'colsample_bytree': 0.16601781578148211, 'learning_rate': 0.3904745664492789, 'reg_alpha': 0.010212279795282326, 'reg_lambda': 0.012648393861916489}. Best is trial 715 with value: 0.9377859576434285.
Trial 3341 finished with value: 0.7376661436599709 and parameters: {'max_depth': 10, 'min_child_weight': 2, 'gamma': 0.5021571025022058, 'subsample': 0.5991215778728818, 'colsample_bytree': 0.18419034786629396, 'learning_rate': 0.8192659999111559, 'reg_alpha': 0.00012607218624691461, 'reg_lambda': 0.08917027618265566}. Best is trial 715 with value: 0.9377859576434285.
Trial 3369 finished with value: 0.756254933629503 and parameters: {'max_depth': 3, 'min_child_weight': 1, 'gamma': 0.6637498766839627, 'subsample': 0.8372002913409591, 'colsample_bytree': 0.7077186593300978, 'learning_rate': 0.8420918659991744, 'reg_alpha': 0.17223319056964612, 'reg_lambda': 0.0007766784179654031}. Best is trial 715 with value: 0.9377859576434285.
Trial 3375 finished with value: 0.5513872844656078 and parameters: {'max_depth': 3, 'min_child_weight': 4, 'gamma': 0.44539848874533183, 'subsample': 0.2924912884209948, 'colsample_bytree': 0.7108919128128348, 'learning_rate': 0.2968681132572305, 'reg_alpha': 0.0013613506902001723, 'reg_lambda': 1.4640702130685734}. Best is trial 715 with value: 0.9377859576434285.
Trial 3361 finished with value: 0.4829711303883045 and parameters: {'max_depth': 9, 'min_child_weight': 4, 'gamma': 0.9063392379950147, 'subsample': 0.13355529451610437, 'colsample_bytree': 0.3515420121486832, 'learning_rate': 0.11097911002454064, 'reg_alpha': 0.0036531496393245283, 'reg_lambda': 0.013296505849995074}. Best is trial 715 with value: 0.9377859576434285.
Trial 3382 finished with value: 0.08805386286759684 and parameters: {'max_depth': 2, 'min_child_weight': 5, 'gamma': 0.11312345677529012, 'subsample': 0.8889768593885339, 'colsample_bytree': 0.05430047005455696, 'learning_rate': 0.1443972889822217, 'reg_alpha': 0.0012586097390620327, 'reg_lambda': 0.0003517851584923463}. Best is trial 715 with value: 0.9377859576434285.
