Trial 1060 finished with value: 0.6410768859819665 and parameters: {'max_depth': 6, 'min_child_weight': 4, 'gamma': 0.9408007795554267, 'subsample': 0.2463896805449165, 'colsample_bytree': 0.37011950646776715, 'learning_rate': 0.208466472936916, 'reg_alpha': 0.006700888519822751, 'reg_lambda': 0.00023604335780813513}. Best is trial 715 with value: 0.9377859576434285.
Trial 1077 finished with value: 0.7350537853033814 and parameters: {'max_depth': 3, 'min_child_weight': 4, 'gamma': 0.4250377798699637, 'subsample': 0.81749182254881, 'colsample_bytree': 0.8465492126784833, 'learning_rate': 0.8307327900733235, 'reg_alpha': 1.3582629367209533, 'reg_lambda': 9.899671440237542}. Best is trial 715 with value: 0.9377859576434285.
Trial 1036 finished with value: 0.925584269897925 and parameters: {'max_depth': 10, 'min_child_weight': 2, 'gamma': 0.8871227612601785, 'subsample': 0.5672109316156618, 'colsample_bytree': 0.7315244844662112, 'learning_rate': 0.506939597267441, 'reg_alpha': 0.006122872505752455, 'reg_lambda': 0.00015666010409003437}. Best is trial 715 with value: 0.9377859576434285.
Trial 1079 finished with value: 0.38110303686363456 and parameters: {'max_depth': 3, 'min_child_weight': 5, 'gamma': 0.9061609873300474, 'subsample': 0.4418232778567861, 'colsample_bytree': 0.24531905624240935, 'learning_rate': 0.7062531501688223, 'reg_alpha': 7.149497614781182, 'reg_lambda': 0.2111257362365023}. Best is trial 715 with value: 0.9377859576434285.
Trial 1087 finished with value: 0.23926391518808157 and parameters: {'max_depth': 2, 'min_child_weight': 4, 'gamma': 0.09594286315968492, 'subsample': 0.12260030931288912, 'colsample_bytree': 0.48030835639463587, 'learning_rate': 0.14501741117917322, 'reg_alpha': 0.0034001902311679923, 'reg_lambda': 0.04571442186420168}. Best is trial 715 with value: 0.9377859576434285.
Trial 1088 finished with value: 0.0071660154822476676 and parameters: {'max_depth': 2, 'min_child_weight': 4, 'gamma': 0.5767329350255014, 'subsample': 0.28787156438539063, 'colsample_bytree': 0.03809392693398328, 'learning_rate': 0.9161318868109425, 'reg_alpha': 0.0006043740556471762, 'reg_lambda': 0.000143064720426331}. Best is trial 715 with value: 0.9377859576434285.
Trial 1072 finished with value: 0.700172135483252 and parameters: {'max_depth': 5, 'min_child_weight': 3, 'gamma': 0.3988107468548304, 'subsample': 0.6994352355931319, 'colsample_bytree': 0.22659823635150156, 'learning_rate': 0.7301315782418577, 'reg_alpha': 1.391574374697842, 'reg_lambda': 0.269862561162383}. Best is trial 715 with value: 0.9377859576434285.
Trial 1081 finished with value: 0.0744053544372301 and parameters: {'max_depth': 6, 'min_child_weight': 3, 'gamma': 0.030277463227656898, 'subsample': 0.9012202032301287, 'colsample_bytree': 0.03582128420405428, 'learning_rate': 0.8365602404917614, 'reg_alpha': 0.07897909957969117, 'reg_lambda': 0.013821225393903269}. Best is trial 715 with value: 0.9377859576434285.
Trial 1066 finished with value: -0.2595781593597922 and parameters: {'max_depth': 10, 'min_child_weight': 3, 'gamma': 0.8197156110733274, 'subsample': 0.2284638920176385, 'colsample_bytree': 0.36742786240326697, 'learning_rate': 0.5749266809609631, 'reg_alpha': 0.2772196516608194, 'reg_lambda': 0.0010022839281235857}. Best is trial 715 with value: 0.9377859576434285.
Trial 1083 finished with value: 0.7230005540975348 and parameters: {'max_depth': 4, 'min_child_weight': 3, 'gamma': 0.9599193214336242, 'subsample': 0.4461919098210214, 'colsample_bytree': 0.503932569557426, 'learning_rate': 0.3221247138193294, 'reg_alpha': 3.8364079999546252, 'reg_lambda': 5.673231725281252}. Best is trial 715 with value: 0.9377859576434285.
Trial 1071 finished with value: 0.900229701198159 and parameters: {'max_depth': 7, 'min_child_weight': 1, 'gamma': 0.2415339952386737, 'subsample': 0.6387844013256007, 'colsample_bytree': 0.34970456741464606, 'learning_rate': 0.3839925374593308, 'reg_alpha': 3.48002271562062, 'reg_lambda': 0.014656634740465748}. Best is trial 715 with value: 0.9377859576434285.
Trial 1085 finished with value: -7.698972583707602e+20 and parameters: {'max_depth': 4, 'min_child_weight': 1, 'gamma': 0.3308848603092336, 'subsample': 0.11355151294719823, 'colsample_bytree': 0.7587819355352359, 'learning_rate': 0.7137239937629735, 'reg_alpha': 0.15214165650501807, 'reg_lambda': 0.0003759770141250935}. Best is trial 715 with value: 0.9377859576434285.
Trial 1065 finished with value: 0.834394256296454 and parameters: {'max_depth': 9, 'min_child_weight': 5, 'gamma': 0.9772341992546986, 'subsample': 0.6969293854491576, 'colsample_bytree': 0.46686248052565815, 'learning_rate': 0.9480672058795625, 'reg_alpha': 0.0007171907065591769, 'reg_lambda': 4.099242982627778}. Best is trial 715 with value: 0.9377859576434285.
Trial 1091 finished with value: 0.2889304457339729 and parameters: {'max_depth': 2, 'min_child_weight': 3, 'gamma': 0.54826125448766, 'subsample': 0.18248798253350962, 'colsample_bytree': 0.3014212484104397, 'learning_rate': 0.23353443896298154, 'reg_alpha': 0.00043484440911695, 'reg_lambda': 0.0032464646952591963}. Best is trial 715 with value: 0.9377859576434285.
Trial 1075 finished with value: 0.6940964833412532 and parameters: {'max_depth': 6, 'min_child_weight': 4, 'gamma': 0.3295632921231815, 'subsample': 0.528105015861714, 'colsample_bytree': 0.5568761449637883, 'learning_rate': 0.921765324588711, 'reg_alpha': 5.862322150412823, 'reg_lambda': 0.00019955660688223008}. Best is trial 715 with value: 0.9377859576434285.
Trial 1080 finished with value: 0.6138908215226496 and parameters: {'max_depth': 5, 'min_child_weight': 4, 'gamma': 0.4001742812325412, 'subsample': 0.5991936005964549, 'colsample_bytree': 0.2503907722123495, 'learning_rate': 0.9771450658243065, 'reg_alpha': 0.019915979720282733, 'reg_lambda': 0.02038703611372971}. Best is trial 715 with value: 0.9377859576434285.
Trial 1096 finished with value: 0.476009905636568 and parameters: {'max_depth': 2, 'min_child_weight': 1, 'gamma': 0.2333712765192134, 'subsample': 0.858479459130023, 'colsample_bytree': 0.6793372988108626, 'learning_rate': 0.5785421700896135, 'reg_alpha': 1.4948289380568625, 'reg_lambda': 0.00033496608699957515}. Best is trial 715 with value: 0.9377859576434285.
Trial 1098 finished with value: -4.916563230463735e+35 and parameters: {'max_depth': 1, 'min_child_weight': 1, 'gamma': 0.5581549474401133, 'subsample': 0.017639209077585427, 'colsample_bytree': 0.3484469902683499, 'learning_rate': 0.9764663531787923, 'reg_alpha': 3.7823785056063213, 'reg_lambda': 0.0012691479266120204}. Best is trial 715 with value: 0.9377859576434285.
Trial 1078 finished with value: 0.7556438928563466 and parameters: {'max_depth': 5, 'min_child_weight': 3, 'gamma': 0.42147777455693924, 'subsample': 0.44268423014400804, 'colsample_bytree': 0.9630874768403577, 'learning_rate': 0.7754272170117424, 'reg_alpha': 0.0001566667729135185, 'reg_lambda': 0.10786280589809709}. Best is trial 715 with value: 0.9377859576434285.
Trial 1076 finished with value: 0.7171465042764641 and parameters: {'max_depth': 8, 'min_child_weight': 4, 'gamma': 0.8792468567507619, 'subsample': 0.8627246670129507, 'colsample_bytree': 0.14621368154557657, 'learning_rate': 0.7751454583090064, 'reg_alpha': 0.00012731428922589717, 'reg_lambda': 0.02517385655267274}. Best is trial 715 with value: 0.9377859576434285.
Trial 1089 finished with value: 0.657172417326108 and parameters: {'max_depth': 4, 'min_child_weight': 1, 'gamma': 0.7952216160003482, 'subsample': 0.2542330469733566, 'colsample_bytree': 0.8637609473950305, 'learning_rate': 0.06774122961057727, 'reg_alpha': 7.186735303993679, 'reg_lambda': 2.0620353564268115}. Best is trial 715 with value: 0.9377859576434285.
Trial 1095 finished with value: 0.5737999137926344 and parameters: {'max_depth': 3, 'min_child_weight': 2, 'gamma': 0.4832487558667896, 'subsample': 0.6627006824048178, 'colsample_bytree': 0.23158186385763602, 'learning_rate': 0.2616286869045372, 'reg_alpha': 0.048459492006695644, 'reg_lambda': 0.0001867233394743287}. Best is trial 715 with value: 0.9377859576434285.
Trial 1070 finished with value: 0.8811819890048607 and parameters: {'max_depth': 7, 'min_child_weight': 3, 'gamma': 0.8882370398939913, 'subsample': 0.800225428666996, 'colsample_bytree': 0.5868444187130032, 'learning_rate': 0.33957687706437933, 'reg_alpha': 0.009483072681073096, 'reg_lambda': 0.0013165261110813673}. Best is trial 715 with value: 0.9377859576434285.
Trial 1103 finished with value: 0.06777660020492306 and parameters: {'max_depth': 1, 'min_child_weight': 4, 'gamma': 0.8606434043758509, 'subsample': 0.30016979061422255, 'colsample_bytree': 0.31083630487084524, 'learning_rate': 0.2344838321209699, 'reg_alpha': 0.00027301321261118176, 'reg_lambda': 0.00026785949735242184}. Best is trial 715 with value: 0.9377859576434285.
Trial 1099 finished with value: 0.1548253364003171 and parameters: {'max_depth': 2, 'min_child_weight': 2, 'gamma': 0.18609436557740677, 'subsample': 0.4361722513845112, 'colsample_bytree': 0.25502977545626815, 'learning_rate': 0.9711693095889399, 'reg_alpha': 0.2842131341667987, 'reg_lambda': 0.02387274533261967}. Best is trial 715 with value: 0.9377859576434285.
Trial 1100 finished with value: 0.4741826307502128 and parameters: {'max_depth': 2, 'min_child_weight': 5, 'gamma': 0.7062318473144776, 'subsample': 0.9524109832666473, 'colsample_bytree': 0.22576380815186115, 'learning_rate': 0.8725092643099127, 'reg_alpha': 0.03251636055945155, 'reg_lambda': 0.49627377462082617}. Best is trial 715 with value: 0.9377859576434285.
Trial 1109 finished with value: -6.39428474037811 and parameters: {'max_depth': 8, 'min_child_weight': 1, 'gamma': 0.44618052208342873, 'subsample': 0.0005122764464520202, 'colsample_bytree': 0.11487891956829477, 'learning_rate': 0.6903002369257037, 'reg_alpha': 0.06706238793142551, 'reg_lambda': 5.469557054564654}. Best is trial 715 with value: 0.9377859576434285.
Trial 1059 finished with value: 0.8151610435023173 and parameters: {'max_depth': 10, 'min_child_weight': 1, 'gamma': 0.25105375348962655, 'subsample': 0.3968121540654952, 'colsample_bytree': 0.6011428806076979, 'learning_rate': 0.007116693531709295, 'reg_alpha': 0.01973162803567742, 'reg_lambda': 0.0005281114140663549}. Best is trial 715 with value: 0.9377859576434285.
Trial 1102 finished with value: 0.41841622543468376 and parameters: {'max_depth': 2, 'min_child_weight': 2, 'gamma': 0.13298541464150027, 'subsample': 0.7677823702503913, 'colsample_bytree': 0.10833180893179872, 'learning_rate': 0.4496180265311248, 'reg_alpha': 6.894335338179932, 'reg_lambda': 0.5097316177265607}. Best is trial 715 with value: 0.9377859576434285.
Trial 1082 finished with value: 0.7106951055126448 and parameters: {'max_depth': 9, 'min_child_weight': 4, 'gamma': 0.648958334734595, 'subsample': 0.5046935800584832, 'colsample_bytree': 0.2806910259940275, 'learning_rate': 0.049079596225468536, 'reg_alpha': 0.00736440754008583, 'reg_lambda': 0.1316659779370477}. Best is trial 715 with value: 0.9377859576434285.
Trial 1090 finished with value: 0.8709287353313808 and parameters: {'max_depth': 6, 'min_child_weight': 1, 'gamma': 0.6415537675453137, 'subsample': 0.5685318633357209, 'colsample_bytree': 0.6545735080075705, 'learning_rate': 0.6177259027101148, 'reg_alpha': 3.5101774471717544, 'reg_lambda': 0.09049325516104707}. Best is trial 715 with value: 0.9377859576434285.
Trial 1097 finished with value: 0.6769923467079408 and parameters: {'max_depth': 4, 'min_child_weight': 2, 'gamma': 0.11562054442393033, 'subsample': 0.7924019866344797, 'colsample_bytree': 0.1981560741183922, 'learning_rate': 0.8030387014013849, 'reg_alpha': 0.1440030521444021, 'reg_lambda': 0.041178976630964745}. Best is trial 715 with value: 0.9377859576434285.
Trial 1086 finished with value: 0.7245904961721028 and parameters: {'max_depth': 7, 'min_child_weight': 2, 'gamma': 0.7646354791051965, 'subsample': 0.6392522322316536, 'colsample_bytree': 0.39968467350541503, 'learning_rate': 0.8514909590076426, 'reg_alpha': 0.00591852303302647, 'reg_lambda': 0.07475416222603191}. Best is trial 715 with value: 0.9377859576434285.
Trial 1115 finished with value: -0.3511266535270222 and parameters: {'max_depth': 8, 'min_child_weight': 5, 'gamma': 0.6293235506699091, 'subsample': 0.022591952563878026, 'colsample_bytree': 0.4982135422047931, 'learning_rate': 0.2124629147534871, 'reg_alpha': 0.0017579590368356976, 'reg_lambda': 0.03824284355286889}. Best is trial 715 with value: 0.9377859576434285.
Trial 1093 finished with value: 0.34415582468354494 and parameters: {'max_depth': 6, 'min_child_weight': 4, 'gamma': 0.9701240328170713, 'subsample': 0.2887219687833945, 'colsample_bytree': 0.2491879738810978, 'learning_rate': 0.5720234825053221, 'reg_alpha': 0.16151152082118217, 'reg_lambda': 0.2804718626481393}. Best is trial 715 with value: 0.9377859576434285.
Trial 1112 finished with value: 0.475593471213775 and parameters: {'max_depth': 2, 'min_child_weight': 2, 'gamma': 0.963881804292072, 'subsample': 0.8533114929977719, 'colsample_bytree': 0.9565392794538522, 'learning_rate': 0.9270544109941424, 'reg_alpha': 0.030993236855032046, 'reg_lambda': 0.40761750793558965}. Best is trial 715 with value: 0.9377859576434285.
Trial 1073 finished with value: 0.8870185425726212 and parameters: {'max_depth': 9, 'min_child_weight': 3, 'gamma': 0.6461473612083909, 'subsample': 0.6777186083392249, 'colsample_bytree': 0.557900254251016, 'learning_rate': 0.41050418684083834, 'reg_alpha': 0.00032288865184350367, 'reg_lambda': 0.515966553817237}. Best is trial 715 with value: 0.9377859576434285.
Trial 1107 finished with value: 0.4032629192092066 and parameters: {'max_depth': 3, 'min_child_weight': 2, 'gamma': 0.6979989376080293, 'subsample': 0.5282076937460857, 'colsample_bytree': 0.1917284619306614, 'learning_rate': 0.7538152330478097, 'reg_alpha': 0.003211304438942944, 'reg_lambda': 0.44768193113114074}. Best is trial 715 with value: 0.9377859576434285.
Trial 1084 finished with value: 0.9086323249000665 and parameters: {'max_depth': 9, 'min_child_weight': 5, 'gamma': 0.8717763199919658, 'subsample': 0.9254520533574299, 'colsample_bytree': 0.8006618363836078, 'learning_rate': 0.19916402907317177, 'reg_alpha': 1.5071613779166215, 'reg_lambda': 0.35609353867599486}. Best is trial 715 with value: 0.9377859576434285.
Trial 1120 finished with value: 0.07511248360972589 and parameters: {'max_depth': 1, 'min_child_weight': 2, 'gamma': 0.9824956070167981, 'subsample': 0.3833968253896083, 'colsample_bytree': 0.14413783209171005, 'learning_rate': 0.2825350248827754, 'reg_alpha': 0.9418220084832929, 'reg_lambda': 0.004415680031491066}. Best is trial 715 with value: 0.9377859576434285.
Trial 1101 finished with value: -95.02253941538764 and parameters: {'max_depth': 9, 'min_child_weight': 4, 'gamma': 0.8477541439392923, 'subsample': 0.12262400052211908, 'colsample_bytree': 0.9058157114429379, 'learning_rate': 0.9004656251757489, 'reg_alpha': 0.0023479380912039896, 'reg_lambda': 3.0156414912509573}. Best is trial 715 with value: 0.9377859576434285.
Trial 1119 finished with value: 0.3594822776139586 and parameters: {'max_depth': 2, 'min_child_weight': 4, 'gamma': 0.7133170543669803, 'subsample': 0.2054482410187597, 'colsample_bytree': 0.8935720625881552, 'learning_rate': 0.10101666166519785, 'reg_alpha': 0.0014346816094451148, 'reg_lambda': 0.0008194567102816573}. Best is trial 715 with value: 0.9377859576434285.
Trial 1094 finished with value: 0.8708894081202996 and parameters: {'max_depth': 10, 'min_child_weight': 3, 'gamma': 0.252364139105274, 'subsample': 0.806623953927377, 'colsample_bytree': 0.3334651766595409, 'learning_rate': 0.3977553509741274, 'reg_alpha': 2.5803539756831024, 'reg_lambda': 3.677720355951134}. Best is trial 715 with value: 0.9377859576434285.
Trial 1124 finished with value: 0.4801012876140918 and parameters: {'max_depth': 2, 'min_child_weight': 3, 'gamma': 0.8392462724478665, 'subsample': 0.8487124387176168, 'colsample_bytree': 0.976366001648166, 'learning_rate': 0.4124935622481134, 'reg_alpha': 0.2345664459397808, 'reg_lambda': 1.2998657201569914}. Best is trial 715 with value: 0.9377859576434285.
Trial 1125 finished with value: 0.46301816914042915 and parameters: {'max_depth': 2, 'min_child_weight': 5, 'gamma': 0.655809092000347, 'subsample': 0.7681879511017442, 'colsample_bytree': 0.5601064537298457, 'learning_rate': 0.269376157597639, 'reg_alpha': 0.0009823543405834095, 'reg_lambda': 0.007980087070982224}. Best is trial 715 with value: 0.9377859576434285.
Trial 1114 finished with value: 0.07256617537656779 and parameters: {'max_depth': 9, 'min_child_weight': 1, 'gamma': 0.011210118852846285, 'subsample': 0.8240496268992399, 'colsample_bytree': 0.07153981614214944, 'learning_rate': 0.5248350141281698, 'reg_alpha': 0.89034311829806, 'reg_lambda': 0.0012091610121317997}. Best is trial 715 with value: 0.9377859576434285.
Trial 1127 finished with value: 0.44230789177898217 and parameters: {'max_depth': 2, 'min_child_weight': 1, 'gamma': 0.35840643655229476, 'subsample': 0.746340353750856, 'colsample_bytree': 0.21642181321624, 'learning_rate': 0.21344824769351833, 'reg_alpha': 0.00011868289758888097, 'reg_lambda': 0.015464099194270171}. Best is trial 715 with value: 0.9377859576434285.
Trial 1116 finished with value: 0.573522981444031 and parameters: {'max_depth': 4, 'min_child_weight': 3, 'gamma': 0.9971294521335515, 'subsample': 0.4088363916067125, 'colsample_bytree': 0.20959844230355207, 'learning_rate': 0.18220147591089864, 'reg_alpha': 0.0006798835473069, 'reg_lambda': 0.00019164158830154}. Best is trial 715 with value: 0.9377859576434285.
Trial 1129 finished with value: 0.46859892510307205 and parameters: {'max_depth': 2, 'min_child_weight': 4, 'gamma': 0.7473523924797297, 'subsample': 0.8049698944421398, 'colsample_bytree': 0.5072083893749311, 'learning_rate': 0.17371360587983697, 'reg_alpha': 2.0628074702625514, 'reg_lambda': 0.00024668893533160466}. Best is trial 715 with value: 0.9377859576434285.
Trial 1122 finished with value: 0.751422425260749 and parameters: {'max_depth': 3, 'min_child_weight': 5, 'gamma': 0.4081015777502405, 'subsample': 0.9007048611566016, 'colsample_bytree': 0.9968052752786511, 'learning_rate': 0.5720535439621721, 'reg_alpha': 0.2229826359263459, 'reg_lambda': 0.004942448247680869}. Best is trial 715 with value: 0.9377859576434285.
Trial 1117 finished with value: 0.6647677228708427 and parameters: {'max_depth': 4, 'min_child_weight': 4, 'gamma': 0.06391630147277416, 'subsample': 0.34376150159765906, 'colsample_bytree': 0.7636310995454272, 'learning_rate': 0.4357977578968547, 'reg_alpha': 0.002584088371955505, 'reg_lambda': 0.6709701428346871}. Best is trial 715 with value: 0.9377859576434285.
Trial 1121 finished with value: 0.618418505511309 and parameters: {'max_depth': 4, 'min_child_weight': 5, 'gamma': 0.9848133525525028, 'subsample': 0.9329178638807648, 'colsample_bytree': 0.17298008106063145, 'learning_rate': 0.4463382562192143, 'reg_alpha': 0.0790741337139994, 'reg_lambda': 5.205188375689229}. Best is trial 715 with value: 0.9377859576434285.
Trial 1092 finished with value: 0.8848750944542731 and parameters: {'max_depth': 10, 'min_child_weight': 5, 'gamma': 0.18473715263806556, 'subsample': 0.9694587329906054, 'colsample_bytree': 0.4042327193001446, 'learning_rate': 0.5717817251545457, 'reg_alpha': 0.0023132783335892046, 'reg_lambda': 0.06055318216642026}. Best is trial 715 with value: 0.9377859576434285.
Trial 1128 finished with value: -198.4447042903078 and parameters: {'max_depth': 3, 'min_child_weight': 5, 'gamma': 0.926274069222152, 'subsample': 0.24403656540071827, 'colsample_bytree': 0.812581364791287, 'learning_rate': 0.9849205512036961, 'reg_alpha': 0.010565692452689113, 'reg_lambda': 0.03319562642799079}. Best is trial 715 with value: 0.9377859576434285.
Trial 1108 finished with value: 0.7377959541220109 and parameters: {'max_depth': 8, 'min_child_weight': 3, 'gamma': 0.11511805393961061, 'subsample': 0.7476978035453029, 'colsample_bytree': 0.17096396157323812, 'learning_rate': 0.424736040842582, 'reg_alpha': 0.0005340645597575814, 'reg_lambda': 0.0025635053637834485}. Best is trial 715 with value: 0.9377859576434285.
Trial 1136 finished with value: 0.4854837200480054 and parameters: {'max_depth': 2, 'min_child_weight': 1, 'gamma': 0.10993967533073068, 'subsample': 0.6899271220610124, 'colsample_bytree': 0.9825404170283714, 'learning_rate': 0.21738425852568277, 'reg_alpha': 0.0026608072849930754, 'reg_lambda': 0.00021523788696136236}. Best is trial 715 with value: 0.9377859576434285.
Trial 1141 finished with value: 0.07703779355035045 and parameters: {'max_depth': 1, 'min_child_weight': 5, 'gamma': 0.4482911230810921, 'subsample': 0.7018666809680629, 'colsample_bytree': 0.0015125892979799271, 'learning_rate': 0.35303433144139873, 'reg_alpha': 0.08133962484422477, 'reg_lambda': 0.8072804346424715}. Best is trial 715 with value: 0.9377859576434285.
Trial 1113 finished with value: 0.9045723538811395 and parameters: {'max_depth': 8, 'min_child_weight': 1, 'gamma': 0.6785995660417717, 'subsample': 0.9016348492211267, 'colsample_bytree': 0.4785335962998817, 'learning_rate': 0.7302262655619806, 'reg_alpha': 1.1286027980104711, 'reg_lambda': 0.6381295542264533}. Best is trial 715 with value: 0.9377859576434285.
Trial 1110 finished with value: 0.9144145432510372 and parameters: {'max_depth': 6, 'min_child_weight': 2, 'gamma': 0.30548647615001845, 'subsample': 0.5634132132071985, 'colsample_bytree': 0.9513994970732703, 'learning_rate': 0.3854881253115845, 'reg_alpha': 0.00010370669988158753, 'reg_lambda': 8.201678722552135}. Best is trial 715 with value: 0.9377859576434285.
