Trial 1201 finished with value: 0.0663951059438029 and parameters: {'max_depth': 1, 'min_child_weight': 4, 'gamma': 0.31319667432490017, 'subsample': 0.5236159170495401, 'colsample_bytree': 0.6623303637154636, 'learning_rate': 0.986750942563665, 'reg_alpha': 0.21802606152552004, 'reg_lambda': 2.256895572941793}. Best is trial 715 with value: 0.9377859576434285.
Trial 1160 finished with value: -0.17385111440851858 and parameters: {'max_depth': 10, 'min_child_weight': 1, 'gamma': 0.01248301596768342, 'subsample': 0.4524630453455599, 'colsample_bytree': 0.24262392886913164, 'learning_rate': 0.7534547091062518, 'reg_alpha': 0.002134447680580828, 'reg_lambda': 0.0099834095204433}. Best is trial 715 with value: 0.9377859576434285.
Trial 1199 finished with value: -0.15357385325762177 and parameters: {'max_depth': 2, 'min_child_weight': 5, 'gamma': 0.9778961286373143, 'subsample': 0.20250017839666778, 'colsample_bytree': 0.05149326735216697, 'learning_rate': 0.7963420437779047, 'reg_alpha': 0.013458877497242434, 'reg_lambda': 0.00024969022748229055}. Best is trial 715 with value: 0.9377859576434285.
Trial 1182 finished with value: 0.5588424019476226 and parameters: {'max_depth': 6, 'min_child_weight': 5, 'gamma': 0.200232731416488, 'subsample': 0.24976545762467484, 'colsample_bytree': 0.2952557979249535, 'learning_rate': 0.12055770877587046, 'reg_alpha': 0.003178901803162089, 'reg_lambda': 0.027849533144848216}. Best is trial 715 with value: 0.9377859576434285.
Trial 1195 finished with value: -0.25792495850135555 and parameters: {'max_depth': 3, 'min_child_weight': 1, 'gamma': 0.33156952596873557, 'subsample': 0.034525776876921266, 'colsample_bytree': 0.9115914007598801, 'learning_rate': 0.351052147292478, 'reg_alpha': 0.0007282067544672122, 'reg_lambda': 3.7588334564833077}. Best is trial 715 with value: 0.9377859576434285.
Trial 1178 finished with value: 0.8467317173810363 and parameters: {'max_depth': 6, 'min_child_weight': 1, 'gamma': 0.3966654017684855, 'subsample': 0.5619280573446729, 'colsample_bytree': 0.39034765928285564, 'learning_rate': 0.6005747744202243, 'reg_alpha': 0.00031390051031243514, 'reg_lambda': 0.4925320162248503}. Best is trial 715 with value: 0.9377859576434285.
Trial 1205 finished with value: -3.9686501151814153 and parameters: {'max_depth': 7, 'min_child_weight': 4, 'gamma': 0.40114134575159943, 'subsample': 0.005066021181272862, 'colsample_bytree': 0.8307877393245787, 'learning_rate': 0.579549175489356, 'reg_alpha': 1.0684544251397583, 'reg_lambda': 0.0002690717334885855}. Best is trial 715 with value: 0.9377859576434285.
Trial 1185 finished with value: -0.8470829436577584 and parameters: {'max_depth': 7, 'min_child_weight': 4, 'gamma': 0.35179324613617713, 'subsample': 0.15125414607837218, 'colsample_bytree': 0.24597447847813603, 'learning_rate': 0.5036587707648731, 'reg_alpha': 1.6815917407136358, 'reg_lambda': 0.002925755250730204}. Best is trial 715 with value: 0.9377859576434285.
Trial 1183 finished with value: 0.6631768136039562 and parameters: {'max_depth': 10, 'min_child_weight': 4, 'gamma': 0.4804260506781054, 'subsample': 0.18716506940561461, 'colsample_bytree': 0.842687064751939, 'learning_rate': 0.1474974729075882, 'reg_alpha': 0.0003927661181428829, 'reg_lambda': 0.002244393034731778}. Best is trial 715 with value: 0.9377859576434285.
Trial 1163 finished with value: 0.7611096906220357 and parameters: {'max_depth': 10, 'min_child_weight': 2, 'gamma': 0.29856485276084, 'subsample': 0.38330077047507005, 'colsample_bytree': 0.4821393401203321, 'learning_rate': 0.7064381357753351, 'reg_alpha': 0.0012795305109291324, 'reg_lambda': 0.10507757313870704}. Best is trial 715 with value: 0.9377859576434285.
Trial 1210 finished with value: -22.97611930492936 and parameters: {'max_depth': 4, 'min_child_weight': 4, 'gamma': 0.8709615611310177, 'subsample': 0.01928834957607295, 'colsample_bytree': 0.7538515972819875, 'learning_rate': 0.7287459647601977, 'reg_alpha': 0.04196153555105312, 'reg_lambda': 0.0018882109415635547}. Best is trial 715 with value: 0.9377859576434285.
Trial 1197 finished with value: -2.2168374541297583e+36 and parameters: {'max_depth': 7, 'min_child_weight': 2, 'gamma': 0.24128912694875382, 'subsample': 0.048281641068424586, 'colsample_bytree': 0.31306191210826484, 'learning_rate': 0.998342979956028, 'reg_alpha': 0.005586253233988977, 'reg_lambda': 0.04412086389352842}. Best is trial 715 with value: 0.9377859576434285.
Trial 1203 finished with value: -3.9605532460104413 and parameters: {'max_depth': 3, 'min_child_weight': 2, 'gamma': 0.3104693225397098, 'subsample': 0.18546382058547994, 'colsample_bytree': 0.16546360124893034, 'learning_rate': 0.7728477809840559, 'reg_alpha': 0.03622966087418529, 'reg_lambda': 0.004019787344490063}. Best is trial 715 with value: 0.9377859576434285.
Trial 1188 finished with value: 0.5966313640387925 and parameters: {'max_depth': 9, 'min_child_weight': 4, 'gamma': 0.06969300056949868, 'subsample': 0.5052326154045913, 'colsample_bytree': 0.18794056586295438, 'learning_rate': 0.049995926015430237, 'reg_alpha': 9.555329054020051, 'reg_lambda': 0.008858212373884749}. Best is trial 715 with value: 0.9377859576434285.
Trial 1192 finished with value: 0.6967399879486021 and parameters: {'max_depth': 6, 'min_child_weight': 2, 'gamma': 0.05554572405396774, 'subsample': 0.17453022818666697, 'colsample_bytree': 0.6290405875799417, 'learning_rate': 0.3749091625439964, 'reg_alpha': 0.1154339416488596, 'reg_lambda': 3.6705002732074923}. Best is trial 715 with value: 0.9377859576434285.
Trial 1221 finished with value: 0.040975094853834514 and parameters: {'max_depth': 1, 'min_child_weight': 5, 'gamma': 0.8503679640714761, 'subsample': 0.38472323567976763, 'colsample_bytree': 0.5897502023455106, 'learning_rate': 0.8504530729498542, 'reg_alpha': 0.1347589984393834, 'reg_lambda': 0.002708000664071414}. Best is trial 715 with value: 0.9377859576434285.
Trial 1212 finished with value: 0.5058160239956342 and parameters: {'max_depth': 3, 'min_child_weight': 3, 'gamma': 0.781626562147058, 'subsample': 0.44920656046322327, 'colsample_bytree': 0.2223501202018986, 'learning_rate': 0.26288265414719814, 'reg_alpha': 0.21547419460645068, 'reg_lambda': 0.5012990495093621}. Best is trial 715 with value: 0.9377859576434285.
Trial 1206 finished with value: -0.0009627265018345765 and parameters: {'max_depth': 7, 'min_child_weight': 4, 'gamma': 0.17039345487501067, 'subsample': 0.5883100180713113, 'colsample_bytree': 0.005344309839891426, 'learning_rate': 0.9380824543789408, 'reg_alpha': 0.0015040573442338186, 'reg_lambda': 1.1650992868467522}. Best is trial 715 with value: 0.9377859576434285.
Trial 1218 finished with value: 0.22291621779271698 and parameters: {'max_depth': 2, 'min_child_weight': 4, 'gamma': 0.9488339480362896, 'subsample': 0.3583102751339622, 'colsample_bytree': 0.1695592651847747, 'learning_rate': 0.7999680013123751, 'reg_alpha': 2.532478008502906, 'reg_lambda': 0.04249376651619428}. Best is trial 715 with value: 0.9377859576434285.
Trial 1194 finished with value: -0.8689293881575191 and parameters: {'max_depth': 7, 'min_child_weight': 4, 'gamma': 0.13626805208082393, 'subsample': 0.2737994145462117, 'colsample_bytree': 0.49248174825928026, 'learning_rate': 0.7003931333188562, 'reg_alpha': 0.0008485951040029217, 'reg_lambda': 0.2726284936816754}. Best is trial 715 with value: 0.9377859576434285.
Trial 1208 finished with value: 0.6893401212266711 and parameters: {'max_depth': 4, 'min_child_weight': 3, 'gamma': 0.4757517915438547, 'subsample': 0.3403409492309417, 'colsample_bytree': 0.7084329198914352, 'learning_rate': 0.48415281531698784, 'reg_alpha': 0.03279622933197186, 'reg_lambda': 0.9312523729848056}. Best is trial 715 with value: 0.9377859576434285.
Trial 1217 finished with value: 0.025229382726678053 and parameters: {'max_depth': 4, 'min_child_weight': 1, 'gamma': 0.707626960605367, 'subsample': 0.43817174067181, 'colsample_bytree': 0.004961345041106124, 'learning_rate': 0.7677805311942771, 'reg_alpha': 5.614114100597376, 'reg_lambda': 0.0710780620697314}. Best is trial 715 with value: 0.9377859576434285.
Trial 1179 finished with value: 0.9013282725814638 and parameters: {'max_depth': 8, 'min_child_weight': 3, 'gamma': 0.6503011898296599, 'subsample': 0.9280956815476032, 'colsample_bytree': 0.8136117666746628, 'learning_rate': 0.8746316258065703, 'reg_alpha': 0.06751205214933749, 'reg_lambda': 0.00018028235324036817}. Best is trial 715 with value: 0.9377859576434285.
Trial 1193 finished with value: 0.8495685932846013 and parameters: {'max_depth': 6, 'min_child_weight': 2, 'gamma': 0.6153330995836631, 'subsample': 0.550561496909838, 'colsample_bytree': 0.779597537712207, 'learning_rate': 0.023667960501959184, 'reg_alpha': 0.005599318095066433, 'reg_lambda': 0.0013027563775425673}. Best is trial 715 with value: 0.9377859576434285.
Trial 1207 finished with value: 0.6756672367105051 and parameters: {'max_depth': 5, 'min_child_weight': 4, 'gamma': 0.7051596170594427, 'subsample': 0.8404251128222483, 'colsample_bytree': 0.2649724146771154, 'learning_rate': 0.07424874992206565, 'reg_alpha': 0.0035920136285102523, 'reg_lambda': 2.6704127765305725}. Best is trial 715 with value: 0.9377859576434285.
Trial 1216 finished with value: 0.5999413289748063 and parameters: {'max_depth': 4, 'min_child_weight': 5, 'gamma': 0.5333127648632038, 'subsample': 0.3543289718286454, 'colsample_bytree': 0.3518634832069263, 'learning_rate': 0.14853131172585232, 'reg_alpha': 5.252636603842274, 'reg_lambda': 0.01970927222971317}. Best is trial 715 with value: 0.9377859576434285.
Trial 1187 finished with value: 0.9061382984226541 and parameters: {'max_depth': 7, 'min_child_weight': 1, 'gamma': 0.5817080962336159, 'subsample': 0.8737450389098446, 'colsample_bytree': 0.926155003698225, 'learning_rate': 0.08514687877139382, 'reg_alpha': 0.06618174284718471, 'reg_lambda': 0.0061016757121093515}. Best is trial 715 with value: 0.9377859576434285.
Trial 1209 finished with value: 0.8167901512541795 and parameters: {'max_depth': 6, 'min_child_weight': 2, 'gamma': 0.03154004061378601, 'subsample': 0.9319079907890947, 'colsample_bytree': 0.19942431924750503, 'learning_rate': 0.9774661096092769, 'reg_alpha': 0.003008615576922275, 'reg_lambda': 0.7996245289580814}. Best is trial 715 with value: 0.9377859576434285.
Trial 1196 finished with value: 0.9000780097367456 and parameters: {'max_depth': 8, 'min_child_weight': 4, 'gamma': 0.5340814761189069, 'subsample': 0.8432769976660781, 'colsample_bytree': 0.42948996392135586, 'learning_rate': 0.4082765401974162, 'reg_alpha': 0.0023406973428933566, 'reg_lambda': 0.08852765244737708}. Best is trial 715 with value: 0.9377859576434285.
Trial 1202 finished with value: 0.7355859566902756 and parameters: {'max_depth': 8, 'min_child_weight': 2, 'gamma': 0.326709792092009, 'subsample': 0.2048679309631325, 'colsample_bytree': 0.4712924116286168, 'learning_rate': 0.14629305270417436, 'reg_alpha': 0.27567551190789596, 'reg_lambda': 0.18168019503872126}. Best is trial 715 with value: 0.9377859576434285.
Trial 1219 finished with value: -1.003495658004185e+37 and parameters: {'max_depth': 10, 'min_child_weight': 1, 'gamma': 0.8999496164245573, 'subsample': 0.06984995680307038, 'colsample_bytree': 0.8852081788521915, 'learning_rate': 0.8944450266785664, 'reg_alpha': 0.0012422429126349693, 'reg_lambda': 0.0010141143439440358}. Best is trial 715 with value: 0.9377859576434285.
Trial 1227 finished with value: -2.1967418969253827 and parameters: {'max_depth': 3, 'min_child_weight': 3, 'gamma': 0.07019938146619031, 'subsample': 0.0890101959674231, 'colsample_bytree': 0.8313607501051986, 'learning_rate': 0.43653561081649594, 'reg_alpha': 0.08192656671011257, 'reg_lambda': 0.00030883108477097716}. Best is trial 715 with value: 0.9377859576434285.
Trial 1215 finished with value: 0.8430330503480264 and parameters: {'max_depth': 9, 'min_child_weight': 4, 'gamma': 0.7648735951446034, 'subsample': 0.7062363170488763, 'colsample_bytree': 0.4371444033484525, 'learning_rate': 0.522234754253101, 'reg_alpha': 9.100676325279736, 'reg_lambda': 0.00911294463234186}. Best is trial 715 with value: 0.9377859576434285.
Trial 1211 finished with value: 0.8548781432461139 and parameters: {'max_depth': 7, 'min_child_weight': 5, 'gamma': 0.6926161355654078, 'subsample': 0.7718519303933409, 'colsample_bytree': 0.2942977435016203, 'learning_rate': 0.6189031616142189, 'reg_alpha': 0.0011636985038928165, 'reg_lambda': 0.004334637767179832}. Best is trial 715 with value: 0.9377859576434285.
Trial 1204 finished with value: 0.7106888975074793 and parameters: {'max_depth': 10, 'min_child_weight': 4, 'gamma': 0.5048090405525151, 'subsample': 0.4202709307554473, 'colsample_bytree': 0.4998904610426781, 'learning_rate': 0.6244615985027938, 'reg_alpha': 0.0002026610999631832, 'reg_lambda': 0.00022013902486588965}. Best is trial 715 with value: 0.9377859576434285.
Trial 1213 finished with value: 0.6445943824809903 and parameters: {'max_depth': 10, 'min_child_weight': 1, 'gamma': 0.9737755051191762, 'subsample': 0.27591408828146935, 'colsample_bytree': 0.25571518416588823, 'learning_rate': 0.036011508905298806, 'reg_alpha': 0.0001350926569855245, 'reg_lambda': 1.5388840296627384}. Best is trial 715 with value: 0.9377859576434285.
Trial 1234 finished with value: 0.14325252285046963 and parameters: {'max_depth': 2, 'min_child_weight': 2, 'gamma': 0.1194347644841326, 'subsample': 0.4209691799240487, 'colsample_bytree': 0.8119987898180782, 'learning_rate': 0.8833212954461843, 'reg_alpha': 0.008950349324593418, 'reg_lambda': 0.0012309146086354635}. Best is trial 715 with value: 0.9377859576434285.
Trial 1220 finished with value: 0.637790430073401 and parameters: {'max_depth': 7, 'min_child_weight': 4, 'gamma': 0.4917345107897254, 'subsample': 0.17071133207534983, 'colsample_bytree': 0.7571353636407864, 'learning_rate': 0.2131601500011454, 'reg_alpha': 0.3620459198449653, 'reg_lambda': 0.320792072759989}. Best is trial 715 with value: 0.9377859576434285.
Trial 1235 finished with value: 0.4283844490717233 and parameters: {'max_depth': 2, 'min_child_weight': 2, 'gamma': 0.7233275725936715, 'subsample': 0.8380570572215212, 'colsample_bytree': 0.12748474619183914, 'learning_rate': 0.885426720492545, 'reg_alpha': 0.15391461081609303, 'reg_lambda': 0.00032120586589685305}. Best is trial 715 with value: 0.9377859576434285.
Trial 1189 finished with value: 0.9141303279452501 and parameters: {'max_depth': 9, 'min_child_weight': 1, 'gamma': 0.7944792001001921, 'subsample': 0.47530539569705976, 'colsample_bytree': 0.9949432307508688, 'learning_rate': 0.021157189896366946, 'reg_alpha': 0.32775954369903904, 'reg_lambda': 0.1959702973204328}. Best is trial 715 with value: 0.9377859576434285.
Trial 1236 finished with value: -3.4578715355834464 and parameters: {'max_depth': 4, 'min_child_weight': 3, 'gamma': 0.3426651126355721, 'subsample': 0.029888992524615077, 'colsample_bytree': 0.7636911615112374, 'learning_rate': 0.9061195089890612, 'reg_alpha': 7.499695877445317, 'reg_lambda': 4.924175376210129}. Best is trial 715 with value: 0.9377859576434285.
Trial 1239 finished with value: 0.08492796993730808 and parameters: {'max_depth': 1, 'min_child_weight': 1, 'gamma': 0.7071322114296102, 'subsample': 0.4640339523493189, 'colsample_bytree': 0.8251521687848685, 'learning_rate': 0.475414965683998, 'reg_alpha': 0.001061522387352187, 'reg_lambda': 0.04950426574381414}. Best is trial 715 with value: 0.9377859576434285.
Trial 1240 finished with value: -4.8345070163419 and parameters: {'max_depth': 5, 'min_child_weight': 5, 'gamma': 0.3871128242310278, 'subsample': 0.01778851829028727, 'colsample_bytree': 0.32977961003957135, 'learning_rate': 0.8850280072948671, 'reg_alpha': 0.008502639041285289, 'reg_lambda': 2.6822981974591995}. Best is trial 715 with value: 0.9377859576434285.
Trial 1231 finished with value: 0.0895044028473905 and parameters: {'max_depth': 8, 'min_child_weight': 3, 'gamma': 0.8101607589269385, 'subsample': 0.25276105965506945, 'colsample_bytree': 0.08885878735458352, 'learning_rate': 0.1122337680266795, 'reg_alpha': 0.5248773412911939, 'reg_lambda': 0.05471153083366027}. Best is trial 715 with value: 0.9377859576434285.
Trial 1222 finished with value: 0.7019329838344933 and parameters: {'max_depth': 6, 'min_child_weight': 1, 'gamma': 0.9717168357774943, 'subsample': 0.42047478209609945, 'colsample_bytree': 0.18733329019855616, 'learning_rate': 0.44695804252077, 'reg_alpha': 0.601718368393644, 'reg_lambda': 0.0025840503302309785}. Best is trial 715 with value: 0.9377859576434285.
Trial 1214 finished with value: 0.8291095042131553 and parameters: {'max_depth': 10, 'min_child_weight': 5, 'gamma': 0.28983084175028817, 'subsample': 0.5779549229803381, 'colsample_bytree': 0.4941118880163061, 'learning_rate': 0.64347900801167, 'reg_alpha': 0.6566335107518523, 'reg_lambda': 0.0002587640645895849}. Best is trial 715 with value: 0.9377859576434285.
Trial 1226 finished with value: 0.005907283128111318 and parameters: {'max_depth': 5, 'min_child_weight': 2, 'gamma': 0.8398894141004272, 'subsample': 0.11459210096609251, 'colsample_bytree': 0.9954909341296927, 'learning_rate': 0.29575295490410725, 'reg_alpha': 0.3727307286234948, 'reg_lambda': 0.0008395816440288947}. Best is trial 715 with value: 0.9377859576434285.
Trial 1228 finished with value: 0.5827193961507808 and parameters: {'max_depth': 5, 'min_child_weight': 1, 'gamma': 0.7409734864503382, 'subsample': 0.9109571394224945, 'colsample_bytree': 0.2884282464665934, 'learning_rate': 0.012335483819698068, 'reg_alpha': 0.014894916907644766, 'reg_lambda': 0.08692873531515254}. Best is trial 715 with value: 0.9377859576434285.
Trial 1238 finished with value: 0.4057014361879435 and parameters: {'max_depth': 3, 'min_child_weight': 4, 'gamma': 0.7441211739769962, 'subsample': 0.12251942207753463, 'colsample_bytree': 0.2742245314929468, 'learning_rate': 0.06559244849325852, 'reg_alpha': 0.4561648365670543, 'reg_lambda': 0.00018138233330202588}. Best is trial 715 with value: 0.9377859576434285.
Trial 1254 finished with value: -8.459199788684167 and parameters: {'max_depth': 3, 'min_child_weight': 5, 'gamma': 0.3968290040717296, 'subsample': 0.005311501459694945, 'colsample_bytree': 0.34628624466072966, 'learning_rate': 0.7094535163103576, 'reg_alpha': 4.845800874337538, 'reg_lambda': 0.01250860294735266}. Best is trial 715 with value: 0.9377859576434285.
Trial 1233 finished with value: -17.653562967576086 and parameters: {'max_depth': 5, 'min_child_weight': 3, 'gamma': 0.05870561339325464, 'subsample': 0.16114182724664705, 'colsample_bytree': 0.5185979929228862, 'learning_rate': 0.5794109276843833, 'reg_alpha': 0.02056496068715001, 'reg_lambda': 0.0069967122248275}. Best is trial 715 with value: 0.9377859576434285.
Trial 1225 finished with value: -3.0845414418147032 and parameters: {'max_depth': 6, 'min_child_weight': 2, 'gamma': 0.45975757923845817, 'subsample': 0.24744601734998872, 'colsample_bytree': 0.8031631282685202, 'learning_rate': 0.6004395074453275, 'reg_alpha': 0.03440112369198045, 'reg_lambda': 0.0015670124401553935}. Best is trial 715 with value: 0.9377859576434285.
Trial 1224 finished with value: 0.31422960809933403 and parameters: {'max_depth': 9, 'min_child_weight': 2, 'gamma': 0.5224167746277856, 'subsample': 0.23074986070883519, 'colsample_bytree': 0.1979686352709703, 'learning_rate': 0.39238712498125117, 'reg_alpha': 0.0007368464845828411, 'reg_lambda': 0.007209611518664116}. Best is trial 715 with value: 0.9377859576434285.
Trial 1252 finished with value: 0.4810252313740506 and parameters: {'max_depth': 2, 'min_child_weight': 1, 'gamma': 0.06781752281404319, 'subsample': 0.9182806572307138, 'colsample_bytree': 0.7089528663655003, 'learning_rate': 0.37494817796121394, 'reg_alpha': 0.7730787098371731, 'reg_lambda': 2.7985539302560345}. Best is trial 715 with value: 0.9377859576434285.
Trial 1255 finished with value: 0.08914878093122872 and parameters: {'max_depth': 1, 'min_child_weight': 4, 'gamma': 0.41979385862050655, 'subsample': 0.6842525997450719, 'colsample_bytree': 0.782971317705434, 'learning_rate': 0.29099494250627167, 'reg_alpha': 0.4339286794717412, 'reg_lambda': 0.023744975750623957}. Best is trial 715 with value: 0.9377859576434285.
Trial 1257 finished with value: -5.964477241707506 and parameters: {'max_depth': 3, 'min_child_weight': 5, 'gamma': 0.4547981569962435, 'subsample': 0.007163685482643456, 'colsample_bytree': 0.39403046839495137, 'learning_rate': 0.09076367064349411, 'reg_alpha': 1.2423656914839192, 'reg_lambda': 0.011550148047537649}. Best is trial 715 with value: 0.9377859576434285.
Trial 1243 finished with value: 0.0339080013382278 and parameters: {'max_depth': 8, 'min_child_weight': 2, 'gamma': 0.6963467535343765, 'subsample': 0.31317315456206596, 'colsample_bytree': 0.022024402447346714, 'learning_rate': 0.7124346186978684, 'reg_alpha': 0.15691986834020796, 'reg_lambda': 0.1129901478026344}. Best is trial 715 with value: 0.9377859576434285.
Trial 1223 finished with value: 0.8270766316828926 and parameters: {'max_depth': 9, 'min_child_weight': 1, 'gamma': 0.3081100873414311, 'subsample': 0.21525641347736857, 'colsample_bytree': 0.6145534201651397, 'learning_rate': 0.5660105875672308, 'reg_alpha': 0.08922091370835959, 'reg_lambda': 2.0445511456685708}. Best is trial 715 with value: 0.9377859576434285.
Trial 1229 finished with value: 0.8511871746904957 and parameters: {'max_depth': 8, 'min_child_weight': 2, 'gamma': 0.2600954386818404, 'subsample': 0.48933811835479923, 'colsample_bytree': 0.28790112024511383, 'learning_rate': 0.36107934141630427, 'reg_alpha': 0.05015095262008678, 'reg_lambda': 0.0008659639460201403}. Best is trial 715 with value: 0.9377859576434285.
