Trial 252 finished with value: 0.7546018922332518 and parameters: {'max_depth': 4, 'min_child_weight': 1, 'gamma': 0.2605295004059792, 'subsample': 0.7879299679639489, 'colsample_bytree': 0.5962432461454362, 'learning_rate': 0.07761331640842972, 'reg_alpha': 0.006365787801396223, 'reg_lambda': 0.0047009293156068345}. Best is trial 180 with value: 0.9235830641236769.
Trial 251 finished with value: 0.6677073565604433 and parameters: {'max_depth': 4, 'min_child_weight': 4, 'gamma': 0.21952139514501556, 'subsample': 0.5632317490342703, 'colsample_bytree': 0.9512851285842063, 'learning_rate': 0.9519535461996779, 'reg_alpha': 0.0009594971460118384, 'reg_lambda': 0.0008608117092758481}. Best is trial 180 with value: 0.9235830641236769.
Trial 253 finished with value: 0.8387450951244727 and parameters: {'max_depth': 4, 'min_child_weight': 1, 'gamma': 0.3031839726938599, 'subsample': 0.9726317653022866, 'colsample_bytree': 0.8332049060676773, 'learning_rate': 0.7691218490769567, 'reg_alpha': 0.21120996535651748, 'reg_lambda': 0.13392414124680907}. Best is trial 180 with value: 0.9235830641236769.
Trial 241 finished with value: 0.8536890447897758 and parameters: {'max_depth': 7, 'min_child_weight': 2, 'gamma': 0.7644404175461083, 'subsample': 0.7217659588650955, 'colsample_bytree': 0.6384377131642475, 'learning_rate': 0.8958617035722695, 'reg_alpha': 2.9082566930963787, 'reg_lambda': 0.00046558491046443204}. Best is trial 180 with value: 0.9235830641236769.
Trial 255 finished with value: 0.346442255937949 and parameters: {'max_depth': 3, 'min_child_weight': 4, 'gamma': 0.32907986709324655, 'subsample': 0.2519244873110148, 'colsample_bytree': 0.6645304577092429, 'learning_rate': 0.8693675842450461, 'reg_alpha': 7.4770230404493905, 'reg_lambda': 9.433381093449862}. Best is trial 180 with value: 0.9235830641236769.
Trial 239 finished with value: 0.8480233930433538 and parameters: {'max_depth': 10, 'min_child_weight': 3, 'gamma': 0.5301756655375692, 'subsample': 0.9916813571947166, 'colsample_bytree': 0.1863473175870043, 'learning_rate': 0.2488860569348067, 'reg_alpha': 0.09565244656295006, 'reg_lambda': 0.07155041363003085}. Best is trial 180 with value: 0.9235830641236769.
Trial 262 finished with value: -0.3800074748187429 and parameters: {'max_depth': 5, 'min_child_weight': 4, 'gamma': 0.4908291767809745, 'subsample': 0.03272895365708339, 'colsample_bytree': 0.42218815184865477, 'learning_rate': 0.23489136748303518, 'reg_alpha': 0.012662571908995016, 'reg_lambda': 0.05389231235413371}. Best is trial 180 with value: 0.9235830641236769.
Trial 250 finished with value: 0.9134103673157958 and parameters: {'max_depth': 10, 'min_child_weight': 1, 'gamma': 0.9839697815733897, 'subsample': 0.9540296224121785, 'colsample_bytree': 0.43898643671097304, 'learning_rate': 0.29653433266969165, 'reg_alpha': 2.3302237153044048, 'reg_lambda': 0.0002772978784284738}. Best is trial 180 with value: 0.9235830641236769.
Trial 243 finished with value: 0.8034200128707579 and parameters: {'max_depth': 9, 'min_child_weight': 1, 'gamma': 0.8954325081369062, 'subsample': 0.47375792951195905, 'colsample_bytree': 0.24415303127392507, 'learning_rate': 0.309274274143, 'reg_alpha': 0.12436208477017818, 'reg_lambda': 3.271689265064905}. Best is trial 180 with value: 0.9235830641236769.
Trial 245 finished with value: 0.7476327345378538 and parameters: {'max_depth': 10, 'min_child_weight': 1, 'gamma': 0.27676525894261994, 'subsample': 0.5683030214389905, 'colsample_bytree': 0.14824742775597488, 'learning_rate': 0.26158895182922204, 'reg_alpha': 0.0029137291788004166, 'reg_lambda': 0.005187691451486147}. Best is trial 180 with value: 0.9235830641236769.
Trial 225 finished with value: 0.9062591806117501 and parameters: {'max_depth': 10, 'min_child_weight': 3, 'gamma': 0.6995934119878372, 'subsample': 0.6556217606526785, 'colsample_bytree': 0.599482470931755, 'learning_rate': 0.5943528328118584, 'reg_alpha': 0.0018856579675900116, 'reg_lambda': 0.005563880072089179}. Best is trial 180 with value: 0.9235830641236769.
Trial 265 finished with value: 0.026105176345795778 and parameters: {'max_depth': 5, 'min_child_weight': 5, 'gamma': 0.4149597634368807, 'subsample': 0.030076779651838748, 'colsample_bytree': 0.28457672690680136, 'learning_rate': 0.14391473401632626, 'reg_alpha': 7.468966995428356, 'reg_lambda': 0.0506239027433071}. Best is trial 180 with value: 0.9235830641236769.
Trial 263 finished with value: 0.4075873993625153 and parameters: {'max_depth': 2, 'min_child_weight': 2, 'gamma': 0.3227264705897699, 'subsample': 0.5962715516036612, 'colsample_bytree': 0.2115062287746461, 'learning_rate': 0.8530926368272237, 'reg_alpha': 0.23317578514388176, 'reg_lambda': 0.007712824246485637}. Best is trial 180 with value: 0.9235830641236769.
Trial 235 finished with value: 0.8561741860869587 and parameters: {'max_depth': 10, 'min_child_weight': 4, 'gamma': 0.37194967578722815, 'subsample': 0.5032082743563734, 'colsample_bytree': 0.7841988829352843, 'learning_rate': 0.5135079579113355, 'reg_alpha': 0.053814647048966685, 'reg_lambda': 0.0001924424461414614}. Best is trial 180 with value: 0.9235830641236769.
Trial 264 finished with value: 0.355554303322991 and parameters: {'max_depth': 2, 'min_child_weight': 4, 'gamma': 0.9065438789390373, 'subsample': 0.6599670829634562, 'colsample_bytree': 0.9003173826741382, 'learning_rate': 0.9762465511753741, 'reg_alpha': 0.00044403943118846, 'reg_lambda': 0.07228751601009094}. Best is trial 180 with value: 0.9235830641236769.
Trial 247 finished with value: -9.600969846416413 and parameters: {'max_depth': 7, 'min_child_weight': 3, 'gamma': 0.02409688189308179, 'subsample': 0.31242696681583493, 'colsample_bytree': 0.8055604848486838, 'learning_rate': 0.7658416023580616, 'reg_alpha': 0.07015830706877778, 'reg_lambda': 0.00010678014046094347}. Best is trial 180 with value: 0.9235830641236769.
Trial 256 finished with value: 0.8079351867394446 and parameters: {'max_depth': 4, 'min_child_weight': 4, 'gamma': 0.30461035467584174, 'subsample': 0.7518829653994642, 'colsample_bytree': 0.9254295974521773, 'learning_rate': 0.31641038697079416, 'reg_alpha': 8.567738468094976, 'reg_lambda': 0.0001087183769124455}. Best is trial 180 with value: 0.9235830641236769.
Trial 267 finished with value: -1.8370634525475562 and parameters: {'max_depth': 4, 'min_child_weight': 2, 'gamma': 0.7952204294072099, 'subsample': 0.02157880092301201, 'colsample_bytree': 0.08949120663931542, 'learning_rate': 0.665566358988894, 'reg_alpha': 0.0022465946257300327, 'reg_lambda': 1.7366134616791473}. Best is trial 180 with value: 0.9235830641236769.
Trial 238 finished with value: 0.8803480345813407 and parameters: {'max_depth': 9, 'min_child_weight': 2, 'gamma': 0.21935896342071803, 'subsample': 0.7685535520054597, 'colsample_bytree': 0.5302270079463832, 'learning_rate': 0.07182450364008586, 'reg_alpha': 1.5501248074093514, 'reg_lambda': 3.3770921933136075}. Best is trial 180 with value: 0.9235830641236769.
Trial 246 finished with value: 0.8997085415515479 and parameters: {'max_depth': 7, 'min_child_weight': 1, 'gamma': 0.10928976688924141, 'subsample': 0.99551919734725, 'colsample_bytree': 0.6089157418278717, 'learning_rate': 0.6128560426955002, 'reg_alpha': 0.07585409327752114, 'reg_lambda': 2.99756828659361}. Best is trial 180 with value: 0.9235830641236769.
Trial 240 finished with value: 0.8896319624203909 and parameters: {'max_depth': 8, 'min_child_weight': 3, 'gamma': 0.6135579043270434, 'subsample': 0.661781151777343, 'colsample_bytree': 0.7184930408403882, 'learning_rate': 0.657789375955215, 'reg_alpha': 0.0003533886187641931, 'reg_lambda': 0.0023589687146998344}. Best is trial 180 with value: 0.9235830641236769.
Trial 270 finished with value: 0.37385322646855146 and parameters: {'max_depth': 2, 'min_child_weight': 4, 'gamma': 0.441315011488124, 'subsample': 0.49857047479832173, 'colsample_bytree': 0.831797392424394, 'learning_rate': 0.6465605449683204, 'reg_alpha': 0.017848180008902603, 'reg_lambda': 0.00020576483896863373}. Best is trial 180 with value: 0.9235830641236769.
Trial 274 finished with value: 0.32741638827700204 and parameters: {'max_depth': 2, 'min_child_weight': 5, 'gamma': 0.3859246646453862, 'subsample': 0.9180497180570862, 'colsample_bytree': 0.18687837552225406, 'learning_rate': 0.03978341943514607, 'reg_alpha': 0.586634851937239, 'reg_lambda': 0.0002793082879044292}. Best is trial 180 with value: 0.9235830641236769.
Trial 273 finished with value: 0.2836111740891924 and parameters: {'max_depth': 2, 'min_child_weight': 3, 'gamma': 0.8663930565967859, 'subsample': 0.12252395935087956, 'colsample_bytree': 0.6014160173214578, 'learning_rate': 0.14671938819050867, 'reg_alpha': 0.2786977840206194, 'reg_lambda': 0.1635324214957833}. Best is trial 180 with value: 0.9235830641236769.
Trial 281 finished with value: 0.034552773119736035 and parameters: {'max_depth': 1, 'min_child_weight': 2, 'gamma': 0.7554949425921129, 'subsample': 0.2962366667418921, 'colsample_bytree': 0.7295830190318496, 'learning_rate': 0.7180435091117905, 'reg_alpha': 0.8953159145703335, 'reg_lambda': 1.908493212118762}. Best is trial 180 with value: 0.9235830641236769.
Trial 269 finished with value: 0.7171143902491457 and parameters: {'max_depth': 3, 'min_child_weight': 3, 'gamma': 0.8886471768049828, 'subsample': 0.8458832038906801, 'colsample_bytree': 0.9301037961746692, 'learning_rate': 0.24885199555828852, 'reg_alpha': 0.14941292706341455, 'reg_lambda': 0.00010490281892184138}. Best is trial 180 with value: 0.9235830641236769.
Trial 258 finished with value: -0.11099019972098753 and parameters: {'max_depth': 6, 'min_child_weight': 4, 'gamma': 0.36507530966799195, 'subsample': 0.37776698451900503, 'colsample_bytree': 0.39378872282900756, 'learning_rate': 0.8214091947074522, 'reg_alpha': 0.008432972244694336, 'reg_lambda': 0.000789230061598472}. Best is trial 180 with value: 0.9235830641236769.
Trial 277 finished with value: -142.89581892074864 and parameters: {'max_depth': 7, 'min_child_weight': 4, 'gamma': 0.9755018417110228, 'subsample': 0.040856053210849064, 'colsample_bytree': 0.9040872308957844, 'learning_rate': 0.6207133079021185, 'reg_alpha': 0.9201864066758133, 'reg_lambda': 0.03136710009973711}. Best is trial 180 with value: 0.9235830641236769.
Trial 254 finished with value: 0.8637511667167552 and parameters: {'max_depth': 10, 'min_child_weight': 4, 'gamma': 0.2971619928992192, 'subsample': 0.8044522192498786, 'colsample_bytree': 0.34217958754716216, 'learning_rate': 0.6426386099341918, 'reg_alpha': 0.4383507767845723, 'reg_lambda': 0.007874479620458988}. Best is trial 180 with value: 0.9235830641236769.
Trial 283 finished with value: -0.9090171157448573 and parameters: {'max_depth': 2, 'min_child_weight': 2, 'gamma': 0.13577173643662777, 'subsample': 0.24488674246197062, 'colsample_bytree': 0.9153215812612149, 'learning_rate': 0.9943524092005073, 'reg_alpha': 6.5834819284169255, 'reg_lambda': 0.07689215258589689}. Best is trial 180 with value: 0.9235830641236769.
Trial 257 finished with value: 0.7954092104013778 and parameters: {'max_depth': 9, 'min_child_weight': 5, 'gamma': 0.44197545677585737, 'subsample': 0.42769815254193355, 'colsample_bytree': 0.7725270227615074, 'learning_rate': 0.8254920968338675, 'reg_alpha': 0.002324104261504912, 'reg_lambda': 1.9796940913029797}. Best is trial 180 with value: 0.9235830641236769.
Trial 284 finished with value: 0.47304273367386435 and parameters: {'max_depth': 2, 'min_child_weight': 2, 'gamma': 0.07158803798888957, 'subsample': 0.7840701474505466, 'colsample_bytree': 0.2815334008711676, 'learning_rate': 0.5317434746872083, 'reg_alpha': 0.00042480700345511887, 'reg_lambda': 0.01114728683459631}. Best is trial 180 with value: 0.9235830641236769.
Trial 249 finished with value: 0.8590252620207454 and parameters: {'max_depth': 9, 'min_child_weight': 2, 'gamma': 0.40546962843225376, 'subsample': 0.7661546826667082, 'colsample_bytree': 0.5593651484971806, 'learning_rate': 0.8337536571742666, 'reg_alpha': 0.006376839855782261, 'reg_lambda': 0.03460000850334469}. Best is trial 180 with value: 0.9235830641236769.
Trial 291 finished with value: 0.02040023697946345 and parameters: {'max_depth': 3, 'min_child_weight': 5, 'gamma': 0.7212813985175277, 'subsample': 0.029454603309366556, 'colsample_bytree': 0.44213956176540925, 'learning_rate': 0.06773469934487475, 'reg_alpha': 0.0005355016644296235, 'reg_lambda': 0.011383089889431892}. Best is trial 180 with value: 0.9235830641236769.
Trial 286 finished with value: 0.2409899241114089 and parameters: {'max_depth': 3, 'min_child_weight': 5, 'gamma': 0.004727052906393303, 'subsample': 0.41724239780672434, 'colsample_bytree': 0.11187864932430391, 'learning_rate': 0.8895198457923214, 'reg_alpha': 0.0003565929723291477, 'reg_lambda': 0.0008335077480431391}. Best is trial 180 with value: 0.9235830641236769.
Trial 271 finished with value: 0.8625103616795881 and parameters: {'max_depth': 10, 'min_child_weight': 2, 'gamma': 0.597242255060405, 'subsample': 0.9083705404850932, 'colsample_bytree': 0.27712823727225255, 'learning_rate': 0.40161365147233996, 'reg_alpha': 6.957215761795906, 'reg_lambda': 0.311522294971391}. Best is trial 180 with value: 0.9235830641236769.
Trial 279 finished with value: 0.7817166422884183 and parameters: {'max_depth': 4, 'min_child_weight': 5, 'gamma': 0.6805211792755042, 'subsample': 0.5600075291512422, 'colsample_bytree': 0.942320437918838, 'learning_rate': 0.9492239317048587, 'reg_alpha': 0.005201355159717081, 'reg_lambda': 2.3498170459504975}. Best is trial 180 with value: 0.9235830641236769.
Trial 289 finished with value: 0.07186129821101475 and parameters: {'max_depth': 3, 'min_child_weight': 2, 'gamma': 0.3860146045750307, 'subsample': 0.8267867980852909, 'colsample_bytree': 0.06730389139689841, 'learning_rate': 0.5707062544765286, 'reg_alpha': 3.264445276209235, 'reg_lambda': 3.9177519209332705}. Best is trial 180 with value: 0.9235830641236769.
Trial 268 finished with value: 0.6469195029545389 and parameters: {'max_depth': 8, 'min_child_weight': 2, 'gamma': 0.9495207862398914, 'subsample': 0.11583302622978064, 'colsample_bytree': 0.8538792434404386, 'learning_rate': 0.09341111861513118, 'reg_alpha': 2.331773892443511, 'reg_lambda': 0.00020952354350346907}. Best is trial 180 with value: 0.9235830641236769.
Trial 276 finished with value: 0.5900052096167984 and parameters: {'max_depth': 5, 'min_child_weight': 1, 'gamma': 0.27826044885840995, 'subsample': 0.5370953856745505, 'colsample_bytree': 0.3239030095616111, 'learning_rate': 0.016631602109725918, 'reg_alpha': 7.833925760721004, 'reg_lambda': 0.002598424177276921}. Best is trial 180 with value: 0.9235830641236769.
Trial 260 finished with value: 0.8982837311896517 and parameters: {'max_depth': 9, 'min_child_weight': 4, 'gamma': 0.22306892810587386, 'subsample': 0.41726906008994713, 'colsample_bytree': 0.7803247544074667, 'learning_rate': 0.6585490536089447, 'reg_alpha': 0.11380269414656112, 'reg_lambda': 0.1283374869246254}. Best is trial 180 with value: 0.9235830641236769.
Trial 259 finished with value: 0.7097691731139097 and parameters: {'max_depth': 10, 'min_child_weight': 4, 'gamma': 0.5573326746708909, 'subsample': 0.6615956245623879, 'colsample_bytree': 0.37540557483889225, 'learning_rate': 0.01638624850360082, 'reg_alpha': 0.0013469569553488246, 'reg_lambda': 0.015161011705641611}. Best is trial 180 with value: 0.9235830641236769.
Trial 278 finished with value: 0.7642985468603941 and parameters: {'max_depth': 5, 'min_child_weight': 5, 'gamma': 0.15751557258040705, 'subsample': 0.5611238869926674, 'colsample_bytree': 0.5255731643509448, 'learning_rate': 0.11685054971228015, 'reg_alpha': 0.00031917798910599846, 'reg_lambda': 0.07643716776597663}. Best is trial 180 with value: 0.9235830641236769.
Trial 292 finished with value: 0.4600136498371662 and parameters: {'max_depth': 3, 'min_child_weight': 2, 'gamma': 0.564712414949589, 'subsample': 0.6030678798205382, 'colsample_bytree': 0.12008277310426807, 'learning_rate': 0.22169803912352926, 'reg_alpha': 0.0003416576310309825, 'reg_lambda': 0.00024219628119311588}. Best is trial 180 with value: 0.9235830641236769.
Trial 288 finished with value: 0.6406479079479271 and parameters: {'max_depth': 4, 'min_child_weight': 3, 'gamma': 0.6324417738302595, 'subsample': 0.47689949612154237, 'colsample_bytree': 0.519838292209495, 'learning_rate': 0.6437080606718214, 'reg_alpha': 0.10152200447252689, 'reg_lambda': 0.00041774784299285857}. Best is trial 180 with value: 0.9235830641236769.
Trial 266 finished with value: 0.7214482238737543 and parameters: {'max_depth': 10, 'min_child_weight': 4, 'gamma': 0.9658650613882028, 'subsample': 0.46873294888445527, 'colsample_bytree': 0.2936364341889647, 'learning_rate': 0.059871796139127964, 'reg_alpha': 0.01097692828956128, 'reg_lambda': 0.001965381878516126}. Best is trial 180 with value: 0.9235830641236769.
Trial 290 finished with value: 0.434904877689713 and parameters: {'max_depth': 10, 'min_child_weight': 5, 'gamma': 0.48232257140904355, 'subsample': 0.15955691269005623, 'colsample_bytree': 0.33527837678952266, 'learning_rate': 0.35555799850799574, 'reg_alpha': 1.4714519034370908, 'reg_lambda': 5.596902995217295}. Best is trial 180 with value: 0.9235830641236769.
Trial 280 finished with value: 0.7885450788404392 and parameters: {'max_depth': 10, 'min_child_weight': 5, 'gamma': 0.0904916662077695, 'subsample': 0.8600575004566483, 'colsample_bytree': 0.2111048112902928, 'learning_rate': 0.3756514942521545, 'reg_alpha': 1.6388302703667843, 'reg_lambda': 0.0006758239397168199}. Best is trial 180 with value: 0.9235830641236769.
Trial 282 finished with value: 0.8555037788457083 and parameters: {'max_depth': 9, 'min_child_weight': 3, 'gamma': 0.06922421566102221, 'subsample': 0.5933595913394517, 'colsample_bytree': 0.834979381780835, 'learning_rate': 0.9489043379418225, 'reg_alpha': 5.887106040882803, 'reg_lambda': 0.41631150173164955}. Best is trial 180 with value: 0.9235830641236769.
Trial 275 finished with value: 0.7774744805674719 and parameters: {'max_depth': 9, 'min_child_weight': 5, 'gamma': 0.07434185565550144, 'subsample': 0.5116580134805901, 'colsample_bytree': 0.345749144364778, 'learning_rate': 0.3811522978155423, 'reg_alpha': 0.8489603358481524, 'reg_lambda': 0.00013731696104096958}. Best is trial 180 with value: 0.9235830641236769.
Trial 293 finished with value: 0.44363236596743594 and parameters: {'max_depth': 5, 'min_child_weight': 4, 'gamma': 0.6371524003820758, 'subsample': 0.6394114724237693, 'colsample_bytree': 0.09155097219296282, 'learning_rate': 0.603496310993175, 'reg_alpha': 0.017250254990336177, 'reg_lambda': 0.13424416645619325}. Best is trial 180 with value: 0.9235830641236769.
Trial 285 finished with value: 0.8956762103000125 and parameters: {'max_depth': 9, 'min_child_weight': 4, 'gamma': 0.08898412927347743, 'subsample': 0.9655659929986313, 'colsample_bytree': 0.9725954291665843, 'learning_rate': 0.9824575122924905, 'reg_alpha': 1.5551121817136488, 'reg_lambda': 0.0002180112342542895}. Best is trial 180 with value: 0.9235830641236769.
Trial 295 finished with value: 0.0835800453005788 and parameters: {'max_depth': 7, 'min_child_weight': 5, 'gamma': 0.2452536387947426, 'subsample': 0.8882785580497924, 'colsample_bytree': 0.025921084231699032, 'learning_rate': 0.3303620648367579, 'reg_alpha': 0.0669114905222792, 'reg_lambda': 9.72909260698898}. Best is trial 180 with value: 0.9235830641236769.
Trial 308 finished with value: 0.08805328385543172 and parameters: {'max_depth': 1, 'min_child_weight': 2, 'gamma': 0.0370470588157793, 'subsample': 0.7192535617057166, 'colsample_bytree': 0.6156259695752612, 'learning_rate': 0.4394552915747306, 'reg_alpha': 0.29438908128801733, 'reg_lambda': 0.0020733339121130107}. Best is trial 180 with value: 0.9235830641236769.
Trial 309 finished with value: -0.023090675838062104 and parameters: {'max_depth': 1, 'min_child_weight': 1, 'gamma': 0.03480145974831872, 'subsample': 0.5504016891900942, 'colsample_bytree': 0.9752768937532664, 'learning_rate': 0.8886481766611793, 'reg_alpha': 0.023837673892730164, 'reg_lambda': 0.020277409436085914}. Best is trial 180 with value: 0.9235830641236769.
Trial 272 finished with value: 0.7970899712962382 and parameters: {'max_depth': 9, 'min_child_weight': 4, 'gamma': 0.5326554052397916, 'subsample': 0.5200626052338126, 'colsample_bytree': 0.4017427977052628, 'learning_rate': 0.10201336827410912, 'reg_alpha': 0.007950431503799166, 'reg_lambda': 0.00011113675126876488}. Best is trial 180 with value: 0.9235830641236769.
Trial 304 finished with value: 0.6174033655164712 and parameters: {'max_depth': 3, 'min_child_weight': 3, 'gamma': 0.07616130091288265, 'subsample': 0.5868007504241519, 'colsample_bytree': 0.3984341674308767, 'learning_rate': 0.6520307218735678, 'reg_alpha': 0.00012656700240510813, 'reg_lambda': 7.874967312542039}. Best is trial 180 with value: 0.9235830641236769.
Trial 287 finished with value: 0.8542556397844461 and parameters: {'max_depth': 10, 'min_child_weight': 2, 'gamma': 0.30732919118212676, 'subsample': 0.8202337016235897, 'colsample_bytree': 0.2571121740255411, 'learning_rate': 0.252391640808321, 'reg_alpha': 3.399303458128051, 'reg_lambda': 0.11173772937858621}. Best is trial 180 with value: 0.9235830641236769.
Trial 294 finished with value: 0.7432165230983997 and parameters: {'max_depth': 7, 'min_child_weight': 1, 'gamma': 0.4468903945387922, 'subsample': 0.7701562946758008, 'colsample_bytree': 0.1646289423781464, 'learning_rate': 0.9279237704349756, 'reg_alpha': 3.3467966347011555, 'reg_lambda': 0.05868246506250166}. Best is trial 180 with value: 0.9235830641236769.
