Trial 671 finished with value: 0.062129602538444725 and parameters: {'max_depth': 1, 'min_child_weight': 5, 'gamma': 0.07652864748657107, 'subsample': 0.0657017863080408, 'colsample_bytree': 0.2877936718045214, 'learning_rate': 0.01822530961797053, 'reg_alpha': 0.0010691552074741143, 'reg_lambda': 0.4688559421767307}. Best is trial 325 with value: 0.9241119014369545.
Trial 662 finished with value: 0.06833355342705497 and parameters: {'max_depth': 3, 'min_child_weight': 2, 'gamma': 0.1884479683332665, 'subsample': 0.6829946119299722, 'colsample_bytree': 0.03859849485900768, 'learning_rate': 0.3594600342459837, 'reg_alpha': 0.00038122919084039765, 'reg_lambda': 0.0016787519194431573}. Best is trial 325 with value: 0.9241119014369545.
Trial 644 finished with value: 0.77049876798877 and parameters: {'max_depth': 6, 'min_child_weight': 2, 'gamma': 0.6320329319495667, 'subsample': 0.3489422744314429, 'colsample_bytree': 0.4838161201821456, 'learning_rate': 0.34923574882244246, 'reg_alpha': 0.7891932304083867, 'reg_lambda': 1.0036359097300134}. Best is trial 325 with value: 0.9241119014369545.
Trial 672 finished with value: -0.21908555941242228 and parameters: {'max_depth': 1, 'min_child_weight': 3, 'gamma': 0.09898363226114759, 'subsample': 0.09857733712375116, 'colsample_bytree': 0.9316877428863604, 'learning_rate': 0.7036550622584313, 'reg_alpha': 5.081194039717323, 'reg_lambda': 0.2647271281726408}. Best is trial 325 with value: 0.9241119014369545.
Trial 649 finished with value: 0.8892510346105102 and parameters: {'max_depth': 6, 'min_child_weight': 4, 'gamma': 0.8931984153680003, 'subsample': 0.9715243221060519, 'colsample_bytree': 0.7898303610750383, 'learning_rate': 0.21215566242070472, 'reg_alpha': 5.517842619208418, 'reg_lambda': 0.048266109027089395}. Best is trial 325 with value: 0.9241119014369545.
Trial 629 finished with value: 0.9013233762563483 and parameters: {'max_depth': 10, 'min_child_weight': 5, 'gamma': 0.24346761896303126, 'subsample': 0.8402155525059037, 'colsample_bytree': 0.7173748830535505, 'learning_rate': 0.08840382939380076, 'reg_alpha': 0.044130462510339086, 'reg_lambda': 1.610359962230637}. Best is trial 325 with value: 0.9241119014369545.
Trial 659 finished with value: -2.8426924776293054 and parameters: {'max_depth': 4, 'min_child_weight': 3, 'gamma': 0.956244252715116, 'subsample': 0.2727332483947893, 'colsample_bytree': 0.3666980769460546, 'learning_rate': 0.8077467879198577, 'reg_alpha': 0.00022191893608612621, 'reg_lambda': 0.0029673507307011716}. Best is trial 325 with value: 0.9241119014369545.
Trial 663 finished with value: 0.07324828003095307 and parameters: {'max_depth': 6, 'min_child_weight': 2, 'gamma': 0.7548979494323341, 'subsample': 0.6693209779677862, 'colsample_bytree': 0.06670705166918545, 'learning_rate': 0.30472202310985863, 'reg_alpha': 0.043919048439477686, 'reg_lambda': 0.2415169344944371}. Best is trial 325 with value: 0.9241119014369545.
Trial 664 finished with value: -10063.245419328467 and parameters: {'max_depth': 4, 'min_child_weight': 3, 'gamma': 0.21586648976899325, 'subsample': 0.10390916472510958, 'colsample_bytree': 0.20003914801553468, 'learning_rate': 0.7698006609691808, 'reg_alpha': 0.00015445086667171512, 'reg_lambda': 0.07787466425910679}. Best is trial 325 with value: 0.9241119014369545.
Trial 656 finished with value: 0.4796319036421325 and parameters: {'max_depth': 7, 'min_child_weight': 2, 'gamma': 0.42212291766531596, 'subsample': 0.7577351098532448, 'colsample_bytree': 0.11949641820659762, 'learning_rate': 0.5249330161698835, 'reg_alpha': 0.6085900595969398, 'reg_lambda': 2.1059149934920542}. Best is trial 325 with value: 0.9241119014369545.
Trial 667 finished with value: -0.0856405071764744 and parameters: {'max_depth': 9, 'min_child_weight': 4, 'gamma': 0.7994644109445528, 'subsample': 0.116713215142908, 'colsample_bytree': 0.04315989894243977, 'learning_rate': 0.33527843356483555, 'reg_alpha': 0.010697769557709813, 'reg_lambda': 0.06349137239141393}. Best is trial 325 with value: 0.9241119014369545.
Trial 665 finished with value: -2.0916010270684917 and parameters: {'max_depth': 8, 'min_child_weight': 3, 'gamma': 0.9454012455349309, 'subsample': 0.07557969266393105, 'colsample_bytree': 0.40936460648384554, 'learning_rate': 0.46966639453481607, 'reg_alpha': 3.001423404066994, 'reg_lambda': 0.7611148761685601}. Best is trial 325 with value: 0.9241119014369545.
Trial 673 finished with value: 0.5792344276841385 and parameters: {'max_depth': 3, 'min_child_weight': 5, 'gamma': 0.3344652047638359, 'subsample': 0.9642497407672336, 'colsample_bytree': 0.16982795887375068, 'learning_rate': 0.7875134765850497, 'reg_alpha': 8.284440417365445, 'reg_lambda': 3.8890862006249396}. Best is trial 325 with value: 0.9241119014369545.
Trial 655 finished with value: -4.550749461820132 and parameters: {'max_depth': 8, 'min_child_weight': 4, 'gamma': 0.9644833897878337, 'subsample': 0.22322463374335633, 'colsample_bytree': 0.5492614100675652, 'learning_rate': 0.7361967496407265, 'reg_alpha': 0.07677360772353149, 'reg_lambda': 0.4308593916551857}. Best is trial 325 with value: 0.9241119014369545.
Trial 674 finished with value: -0.005693405192955969 and parameters: {'max_depth': 9, 'min_child_weight': 4, 'gamma': 0.6223900477221143, 'subsample': 0.17886584895987767, 'colsample_bytree': 0.07538524961087889, 'learning_rate': 0.35008705996797074, 'reg_alpha': 1.5826116599359035, 'reg_lambda': 0.00017046001345975365}. Best is trial 325 with value: 0.9241119014369545.
Trial 686 finished with value: 0.08326194098218338 and parameters: {'max_depth': 1, 'min_child_weight': 1, 'gamma': 0.49308248571561486, 'subsample': 0.6045526170489425, 'colsample_bytree': 0.5388678197548203, 'learning_rate': 0.11729385191673292, 'reg_alpha': 6.094970365009174, 'reg_lambda': 0.008361569649481806}. Best is trial 325 with value: 0.9241119014369545.
Trial 651 finished with value: 0.876369358787031 and parameters: {'max_depth': 9, 'min_child_weight': 1, 'gamma': 0.7327014729013692, 'subsample': 0.8553768752965772, 'colsample_bytree': 0.183648334817205, 'learning_rate': 0.43147001803078, 'reg_alpha': 0.16972974203522176, 'reg_lambda': 0.05500822271994843}. Best is trial 325 with value: 0.9241119014369545.
Trial 666 finished with value: 0.8167541017957605 and parameters: {'max_depth': 5, 'min_child_weight': 1, 'gamma': 0.5337827317394683, 'subsample': 0.3345369869093008, 'colsample_bytree': 0.8692696989232479, 'learning_rate': 0.7402905515382305, 'reg_alpha': 9.500586580514039, 'reg_lambda': 1.4256670872783999}. Best is trial 325 with value: 0.9241119014369545.
Trial 689 finished with value: -0.03007062007420771 and parameters: {'max_depth': 1, 'min_child_weight': 1, 'gamma': 0.9705172976025054, 'subsample': 0.33116385572888307, 'colsample_bytree': 0.13473460009023674, 'learning_rate': 0.6688491447559111, 'reg_alpha': 0.31907836644523535, 'reg_lambda': 0.0011384180765320918}. Best is trial 325 with value: 0.9241119014369545.
Trial 687 finished with value: 0.005370051722291125 and parameters: {'max_depth': 2, 'min_child_weight': 3, 'gamma': 0.013425897856537028, 'subsample': 0.5172611290677211, 'colsample_bytree': 0.03757042666066368, 'learning_rate': 0.9636973762093383, 'reg_alpha': 0.003232169353969221, 'reg_lambda': 0.025243633487005333}. Best is trial 325 with value: 0.9241119014369545.
Trial 675 finished with value: 0.7150698356702347 and parameters: {'max_depth': 4, 'min_child_weight': 5, 'gamma': 0.8391411109328205, 'subsample': 0.4633655868568215, 'colsample_bytree': 0.6788256074079235, 'learning_rate': 0.4062280509677698, 'reg_alpha': 0.8171976751532989, 'reg_lambda': 0.0028164972120559174}. Best is trial 325 with value: 0.9241119014369545.
Trial 690 finished with value: -3.182664335829168 and parameters: {'max_depth': 6, 'min_child_weight': 3, 'gamma': 0.08429288277982794, 'subsample': 0.004743459063123567, 'colsample_bytree': 0.4597401749390676, 'learning_rate': 0.31446348897548415, 'reg_alpha': 2.3741403815600317, 'reg_lambda': 0.005231578704947361}. Best is trial 325 with value: 0.9241119014369545.
Trial 669 finished with value: 0.2052896361350875 and parameters: {'max_depth': 9, 'min_child_weight': 4, 'gamma': 0.2310486889308263, 'subsample': 0.19712617322655035, 'colsample_bytree': 0.1469287036629765, 'learning_rate': 0.38304427105475836, 'reg_alpha': 0.010835648287647664, 'reg_lambda': 0.011029387627250907}. Best is trial 325 with value: 0.9241119014369545.
Trial 657 finished with value: 0.6215521207793174 and parameters: {'max_depth': 8, 'min_child_weight': 3, 'gamma': 0.34967367450746, 'subsample': 0.4340986507810294, 'colsample_bytree': 0.35020349042567545, 'learning_rate': 0.011889471763064097, 'reg_alpha': 0.4250460034100154, 'reg_lambda': 0.0002494133185368301}. Best is trial 325 with value: 0.9241119014369545.
Trial 685 finished with value: 0.6737887006385082 and parameters: {'max_depth': 3, 'min_child_weight': 2, 'gamma': 0.9797688104177764, 'subsample': 0.9380220492930532, 'colsample_bytree': 0.4267283094709532, 'learning_rate': 0.43381789010016836, 'reg_alpha': 0.025099835563526275, 'reg_lambda': 3.9238959989014184}. Best is trial 325 with value: 0.9241119014369545.
Trial 668 finished with value: 0.787049199664919 and parameters: {'max_depth': 6, 'min_child_weight': 3, 'gamma': 0.4404717818708054, 'subsample': 0.7869170080340081, 'colsample_bytree': 0.27447427174707695, 'learning_rate': 0.1086650018815587, 'reg_alpha': 0.0006738744966792446, 'reg_lambda': 0.027202654771975823}. Best is trial 325 with value: 0.9241119014369545.
Trial 677 finished with value: -0.33447840063885875 and parameters: {'max_depth': 5, 'min_child_weight': 4, 'gamma': 0.21378963854574828, 'subsample': 0.14552073637029617, 'colsample_bytree': 0.9868127197560537, 'learning_rate': 0.3809297643830788, 'reg_alpha': 0.00241200520142076, 'reg_lambda': 0.009593426081798164}. Best is trial 325 with value: 0.9241119014369545.
Trial 679 finished with value: 0.4764778916803324 and parameters: {'max_depth': 6, 'min_child_weight': 5, 'gamma': 0.661511843867999, 'subsample': 0.897367095437486, 'colsample_bytree': 0.10320523077791122, 'learning_rate': 0.7055792522030967, 'reg_alpha': 0.0006978097693102656, 'reg_lambda': 0.28628143188555033}. Best is trial 325 with value: 0.9241119014369545.
Trial 676 finished with value: 0.6050315858999689 and parameters: {'max_depth': 7, 'min_child_weight': 4, 'gamma': 0.7573831986376838, 'subsample': 0.492275768785972, 'colsample_bytree': 0.1636767791151087, 'learning_rate': 0.6220198688735413, 'reg_alpha': 4.990800191872931, 'reg_lambda': 0.09312349925834605}. Best is trial 325 with value: 0.9241119014369545.
Trial 693 finished with value: 0.43494550032711443 and parameters: {'max_depth': 2, 'min_child_weight': 5, 'gamma': 0.12065447047524713, 'subsample': 0.42502311679991134, 'colsample_bytree': 0.48972260108250687, 'learning_rate': 0.46962659528141615, 'reg_alpha': 0.6989461246009101, 'reg_lambda': 0.11923415483774519}. Best is trial 325 with value: 0.9241119014369545.
Trial 670 finished with value: 0.7669115284200867 and parameters: {'max_depth': 10, 'min_child_weight': 5, 'gamma': 0.9520767146176481, 'subsample': 0.5796620788091538, 'colsample_bytree': 0.355610197073399, 'learning_rate': 0.7287436003576231, 'reg_alpha': 0.0003405260923426595, 'reg_lambda': 0.05571483555608368}. Best is trial 325 with value: 0.9241119014369545.
Trial 696 finished with value: -1.218292884182216 and parameters: {'max_depth': 3, 'min_child_weight': 4, 'gamma': 0.3813167536360307, 'subsample': 0.1092998510510963, 'colsample_bytree': 0.5528383858390947, 'learning_rate': 0.44531147611966204, 'reg_alpha': 0.2461385220367759, 'reg_lambda': 0.00013417559354946885}. Best is trial 325 with value: 0.9241119014369545.
Trial 702 finished with value: 0.3477402608188886 and parameters: {'max_depth': 2, 'min_child_weight': 2, 'gamma': 0.13103750061087227, 'subsample': 0.4208288891309031, 'colsample_bytree': 0.10950025377627404, 'learning_rate': 0.20074160530871854, 'reg_alpha': 0.026261296013846403, 'reg_lambda': 3.151629878013961}. Best is trial 325 with value: 0.9241119014369545.
Trial 680 finished with value: 0.623614695543028 and parameters: {'max_depth': 9, 'min_child_weight': 5, 'gamma': 0.9577769024048741, 'subsample': 0.3738659574424458, 'colsample_bytree': 0.2655111484533367, 'learning_rate': 0.46079785326425793, 'reg_alpha': 0.03853130831868868, 'reg_lambda': 0.1279309752622421}. Best is trial 325 with value: 0.9241119014369545.
Trial 700 finished with value: 0.5637966499361728 and parameters: {'max_depth': 3, 'min_child_weight': 3, 'gamma': 0.1783691500289909, 'subsample': 0.5322746713944247, 'colsample_bytree': 0.358725480062974, 'learning_rate': 0.47312442975887103, 'reg_alpha': 0.00047660811751797864, 'reg_lambda': 0.0012344886429546532}. Best is trial 325 with value: 0.9241119014369545.
Trial 703 finished with value: -1.6997671651013702 and parameters: {'max_depth': 3, 'min_child_weight': 1, 'gamma': 0.8723472373334954, 'subsample': 0.09746580794947457, 'colsample_bytree': 0.10743189931715402, 'learning_rate': 0.45845565769128593, 'reg_alpha': 0.4785818451568544, 'reg_lambda': 0.2905174954485117}. Best is trial 325 with value: 0.9241119014369545.
Trial 678 finished with value: 0.8489440168202569 and parameters: {'max_depth': 7, 'min_child_weight': 5, 'gamma': 0.6819409333005328, 'subsample': 0.5236178573282299, 'colsample_bytree': 0.6142218238686971, 'learning_rate': 0.6555785136712827, 'reg_alpha': 0.0007278748013752913, 'reg_lambda': 0.0009287040208260265}. Best is trial 325 with value: 0.9241119014369545.
Trial 697 finished with value: 0.586794345842335 and parameters: {'max_depth': 4, 'min_child_weight': 3, 'gamma': 0.3568049137789754, 'subsample': 0.184560331624135, 'colsample_bytree': 0.7032928808863934, 'learning_rate': 0.10419709612884753, 'reg_alpha': 1.1916578081001874, 'reg_lambda': 6.74095370823191}. Best is trial 325 with value: 0.9241119014369545.
Trial 709 finished with value: 0.08717653032209283 and parameters: {'max_depth': 1, 'min_child_weight': 2, 'gamma': 0.2933910161031319, 'subsample': 0.7040767107994176, 'colsample_bytree': 0.7358571293405415, 'learning_rate': 0.25233107936763577, 'reg_alpha': 1.051541184674931, 'reg_lambda': 0.0038300674823164497}. Best is trial 325 with value: 0.9241119014369545.
Trial 694 finished with value: -0.1552695539596993 and parameters: {'max_depth': 9, 'min_child_weight': 3, 'gamma': 0.059267232506724166, 'subsample': 0.09147609710903204, 'colsample_bytree': 0.18634774691296718, 'learning_rate': 0.3560430673544305, 'reg_alpha': 0.13609281728328645, 'reg_lambda': 0.04798018916766292}. Best is trial 325 with value: 0.9241119014369545.
Trial 661 finished with value: 0.8755152303109097 and parameters: {'max_depth': 9, 'min_child_weight': 2, 'gamma': 0.9825830964405242, 'subsample': 0.9438026723166657, 'colsample_bytree': 0.6422755350220913, 'learning_rate': 0.8994637644042264, 'reg_alpha': 0.002929131139549841, 'reg_lambda': 0.004543294668422854}. Best is trial 325 with value: 0.9241119014369545.
Trial 688 finished with value: 0.7674737439030422 and parameters: {'max_depth': 10, 'min_child_weight': 2, 'gamma': 0.03435644444618635, 'subsample': 0.9025965142301895, 'colsample_bytree': 0.15121817836046048, 'learning_rate': 0.5720789524368088, 'reg_alpha': 0.012913173908801392, 'reg_lambda': 0.022335151163555587}. Best is trial 325 with value: 0.9241119014369545.
Trial 713 finished with value: 0.06885357545661597 and parameters: {'max_depth': 1, 'min_child_weight': 2, 'gamma': 0.18947515647705915, 'subsample': 0.2739761744614666, 'colsample_bytree': 0.7179095838612803, 'learning_rate': 0.33201550307198013, 'reg_alpha': 0.0032280336580928636, 'reg_lambda': 0.009420432883182117}. Best is trial 325 with value: 0.9241119014369545.
Trial 695 finished with value: 0.8546718550344768 and parameters: {'max_depth': 5, 'min_child_weight': 3, 'gamma': 0.020507166505253638, 'subsample': 0.6032741130000073, 'colsample_bytree': 0.7564416051692417, 'learning_rate': 0.6960236499553407, 'reg_alpha': 1.1796863514232612, 'reg_lambda': 0.004286421395950401}. Best is trial 325 with value: 0.9241119014369545.
Trial 704 finished with value: 0.34242227741736436 and parameters: {'max_depth': 5, 'min_child_weight': 2, 'gamma': 0.5871110310558533, 'subsample': 0.09782190459959461, 'colsample_bytree': 0.9741588274791902, 'learning_rate': 0.36960302861899264, 'reg_alpha': 0.344271653537775, 'reg_lambda': 2.8752684308206065}. Best is trial 325 with value: 0.9241119014369545.
Trial 691 finished with value: 0.8528987577310694 and parameters: {'max_depth': 7, 'min_child_weight': 1, 'gamma': 0.44185745638604623, 'subsample': 0.7299715146850155, 'colsample_bytree': 0.23963411612592256, 'learning_rate': 0.6467976060923774, 'reg_alpha': 0.0002501528764909401, 'reg_lambda': 0.0004982476728180519}. Best is trial 325 with value: 0.9241119014369545.
Trial 710 finished with value: 0.19536165464995375 and parameters: {'max_depth': 3, 'min_child_weight': 2, 'gamma': 0.6312887955801244, 'subsample': 0.38466439575023137, 'colsample_bytree': 0.21953804921357778, 'learning_rate': 0.592204246215697, 'reg_alpha': 2.2262348065243716, 'reg_lambda': 0.01520348215407171}. Best is trial 325 with value: 0.9241119014369545.
Trial 708 finished with value: 0.05839909336696678 and parameters: {'max_depth': 5, 'min_child_weight': 5, 'gamma': 0.6475935308862887, 'subsample': 0.4043582887207855, 'colsample_bytree': 0.06420065859284396, 'learning_rate': 0.37024818049203434, 'reg_alpha': 0.016081194921432014, 'reg_lambda': 0.0008279784800134035}. Best is trial 325 with value: 0.9241119014369545.
Trial 682 finished with value: -3.939559174446122e+17 and parameters: {'max_depth': 8, 'min_child_weight': 1, 'gamma': 0.4798699555177126, 'subsample': 0.20162453293455485, 'colsample_bytree': 0.7812113307992119, 'learning_rate': 0.6440536806304638, 'reg_alpha': 0.5918913977310943, 'reg_lambda': 0.0004697896729172827}. Best is trial 325 with value: 0.9241119014369545.
Trial 681 finished with value: 0.8221716275270154 and parameters: {'max_depth': 10, 'min_child_weight': 2, 'gamma': 0.25827511580969864, 'subsample': 0.6770072692524634, 'colsample_bytree': 0.4053858201119329, 'learning_rate': 0.8732267084520212, 'reg_alpha': 0.0014534963384737244, 'reg_lambda': 0.5701337951306663}. Best is trial 325 with value: 0.9241119014369545.
Trial 699 finished with value: 0.6845231481003816 and parameters: {'max_depth': 10, 'min_child_weight': 1, 'gamma': 0.9191844457520703, 'subsample': 0.7222956405134785, 'colsample_bytree': 0.17191197024846971, 'learning_rate': 0.9032559258909573, 'reg_alpha': 2.768288919975569, 'reg_lambda': 0.00010112668027870984}. Best is trial 325 with value: 0.9241119014369545.
Trial 684 finished with value: 0.8976727373907882 and parameters: {'max_depth': 9, 'min_child_weight': 1, 'gamma': 0.5429333058993131, 'subsample': 0.8159388560189665, 'colsample_bytree': 0.46596527461025794, 'learning_rate': 0.12113606601854421, 'reg_alpha': 0.01986450581434364, 'reg_lambda': 6.260222663654137}. Best is trial 325 with value: 0.9241119014369545.
Trial 720 finished with value: -0.05003276102572309 and parameters: {'max_depth': 2, 'min_child_weight': 1, 'gamma': 0.7405085706349792, 'subsample': 0.04603264204483215, 'colsample_bytree': 0.01968217582475207, 'learning_rate': 0.3037933465181204, 'reg_alpha': 0.00010819228825652017, 'reg_lambda': 8.34943559848385}. Best is trial 325 with value: 0.9241119014369545.
Trial 706 finished with value: 0.6854013545696178 and parameters: {'max_depth': 7, 'min_child_weight': 1, 'gamma': 0.9768432601525645, 'subsample': 0.28022149557479725, 'colsample_bytree': 0.2834477841534715, 'learning_rate': 0.6428704045774734, 'reg_alpha': 0.03226171255492569, 'reg_lambda': 7.461871235252843}. Best is trial 325 with value: 0.9241119014369545.
Trial 701 finished with value: 0.8322254494461417 and parameters: {'max_depth': 9, 'min_child_weight': 4, 'gamma': 0.2050619277429584, 'subsample': 0.49750193212632443, 'colsample_bytree': 0.76826336063973, 'learning_rate': 0.1442832194287984, 'reg_alpha': 9.531711351881253, 'reg_lambda': 0.005115909767512546}. Best is trial 325 with value: 0.9241119014369545.
Trial 698 finished with value: 0.9089549319635433 and parameters: {'max_depth': 9, 'min_child_weight': 5, 'gamma': 0.6422233855274364, 'subsample': 0.9890000903127237, 'colsample_bytree': 0.8968791776627588, 'learning_rate': 0.33344049726402936, 'reg_alpha': 1.5048596458250374, 'reg_lambda': 2.1814186243911906}. Best is trial 325 with value: 0.9241119014369545.
Trial 692 finished with value: 0.8704953018964585 and parameters: {'max_depth': 9, 'min_child_weight': 3, 'gamma': 0.9037877800715424, 'subsample': 0.7714206288532615, 'colsample_bytree': 0.3217750969444301, 'learning_rate': 0.47354450938374926, 'reg_alpha': 0.0002880778625592598, 'reg_lambda': 0.016289001037552115}. Best is trial 325 with value: 0.9241119014369545.
Trial 707 finished with value: -399989876.6506316 and parameters: {'max_depth': 5, 'min_child_weight': 1, 'gamma': 0.3792283101476609, 'subsample': 0.32546338626941873, 'colsample_bytree': 0.7295368908664928, 'learning_rate': 0.853926964804911, 'reg_alpha': 0.025556005765912732, 'reg_lambda': 0.00016191506540502316}. Best is trial 325 with value: 0.9241119014369545.
Trial 717 finished with value: 0.4417244467970278 and parameters: {'max_depth': 4, 'min_child_weight': 1, 'gamma': 0.7155465719524131, 'subsample': 0.07258290622131769, 'colsample_bytree': 0.6393743719887462, 'learning_rate': 0.2807015270130381, 'reg_alpha': 9.629842134021803, 'reg_lambda': 6.61560175479681}. Best is trial 325 with value: 0.9241119014369545.
