Trial 104 finished with value: 0.890002890754845 and parameters: {'max_depth': 9, 'min_child_weight': 3, 'gamma': 0.4193889139823437, 'subsample': 0.7493915646817196, 'colsample_bytree': 0.36722532670737174, 'learning_rate': 0.3538084747521608, 'reg_alpha': 0.5508722596376457, 'reg_lambda': 0.25139446973636237}. Best is trial 47 with value: 0.9163697478669344.
Trial 98 finished with value: -31.37919434973017 and parameters: {'max_depth': 10, 'min_child_weight': 2, 'gamma': 0.4113326743805258, 'subsample': 0.3041833624699346, 'colsample_bytree': 0.6090780343557881, 'learning_rate': 0.8149728750064225, 'reg_alpha': 0.3434621846401133, 'reg_lambda': 0.2565519371380078}. Best is trial 47 with value: 0.9163697478669344.
Trial 126 finished with value: 0.5005957092219391 and parameters: {'max_depth': 8, 'min_child_weight': 1, 'gamma': 0.7912766656794806, 'subsample': 0.8167693753204673, 'colsample_bytree': 0.12902068653295362, 'learning_rate': 0.0864217256294425, 'reg_alpha': 4.706163770031537, 'reg_lambda': 0.11755800564116084}. Best is trial 47 with value: 0.9163697478669344.
Trial 131 finished with value: 0.07985490152567762 and parameters: {'max_depth': 6, 'min_child_weight': 2, 'gamma': 0.27561803980300914, 'subsample': 0.7338080467007266, 'colsample_bytree': 0.043083820096621483, 'learning_rate': 0.27625385247533596, 'reg_alpha': 0.00014311704917771098, 'reg_lambda': 6.5029754738535255}. Best is trial 47 with value: 0.9163697478669344.
Trial 129 finished with value: 0.01742353294733795 and parameters: {'max_depth': 8, 'min_child_weight': 4, 'gamma': 0.49163036124165427, 'subsample': 0.531727499550873, 'colsample_bytree': 0.04660797241200332, 'learning_rate': 0.7923523678105926, 'reg_alpha': 0.18878620024105008, 'reg_lambda': 0.0009111339142281344}. Best is trial 47 with value: 0.9163697478669344.
Trial 136 finished with value: -0.17321884542574756 and parameters: {'max_depth': 5, 'min_child_weight': 3, 'gamma': 0.9742334687078504, 'subsample': 0.1543870057762593, 'colsample_bytree': 0.033192575200680086, 'learning_rate': 0.542740414464563, 'reg_alpha': 6.802043815461087, 'reg_lambda': 0.052270569116597956}. Best is trial 47 with value: 0.9163697478669344.
Trial 103 finished with value: 0.8482619201872474 and parameters: {'max_depth': 10, 'min_child_weight': 3, 'gamma': 0.7980276676418459, 'subsample': 0.43112817096035605, 'colsample_bytree': 0.7188427340081484, 'learning_rate': 0.599824961558936, 'reg_alpha': 0.0019146054214662525, 'reg_lambda': 0.02573718050067994}. Best is trial 47 with value: 0.9163697478669344.
Trial 137 finished with value: -5.107484287801441 and parameters: {'max_depth': 3, 'min_child_weight': 1, 'gamma': 0.33851289025182396, 'subsample': 0.1743493085172504, 'colsample_bytree': 0.18656306046322169, 'learning_rate': 0.6637310377668326, 'reg_alpha': 0.003791816321883193, 'reg_lambda': 0.0003617737587151498}. Best is trial 47 with value: 0.9163697478669344.
Trial 138 finished with value: 0.7352181584811434 and parameters: {'max_depth': 3, 'min_child_weight': 5, 'gamma': 0.5485190642991233, 'subsample': 0.9139754019963139, 'colsample_bytree': 0.6735950532482142, 'learning_rate': 0.8773897988724468, 'reg_alpha': 0.15714858761674105, 'reg_lambda': 0.1622359536639947}. Best is trial 47 with value: 0.9163697478669344.
Trial 114 finished with value: 0.8026376214544457 and parameters: {'max_depth': 10, 'min_child_weight': 1, 'gamma': 0.5092070508356679, 'subsample': 0.5808512870472954, 'colsample_bytree': 0.23635660638651113, 'learning_rate': 0.7346836552633474, 'reg_alpha': 0.010088338224696314, 'reg_lambda': 0.08683301750829005}. Best is trial 47 with value: 0.9163697478669344.
Trial 134 finished with value: 0.8642499966787905 and parameters: {'max_depth': 4, 'min_child_weight': 1, 'gamma': 0.8753492949710348, 'subsample': 0.7326197674179222, 'colsample_bytree': 0.9343534562973695, 'learning_rate': 0.6737142512980135, 'reg_alpha': 0.00040178235077398, 'reg_lambda': 0.006763575941846059}. Best is trial 47 with value: 0.9163697478669344.
Trial 121 finished with value: 0.7157565542134399 and parameters: {'max_depth': 9, 'min_child_weight': 2, 'gamma': 0.7437660967530869, 'subsample': 0.49223029263154927, 'colsample_bytree': 0.19778791308916788, 'learning_rate': 0.733615610520776, 'reg_alpha': 0.0016519943567142115, 'reg_lambda': 0.0016643359718788346}. Best is trial 47 with value: 0.9163697478669344.
Trial 128 finished with value: 0.8548876045822222 and parameters: {'max_depth': 5, 'min_child_weight': 1, 'gamma': 0.7201828856695384, 'subsample': 0.6532748673061369, 'colsample_bytree': 0.9373354579056048, 'learning_rate': 0.639296036738006, 'reg_alpha': 0.038448184058013, 'reg_lambda': 0.0005073325745948754}. Best is trial 47 with value: 0.9163697478669344.
Trial 130 finished with value: 0.7790559697323602 and parameters: {'max_depth': 5, 'min_child_weight': 2, 'gamma': 0.46409150701215374, 'subsample': 0.3647572051817395, 'colsample_bytree': 0.6477713755864518, 'learning_rate': 0.3016965476502895, 'reg_alpha': 0.11368487512115912, 'reg_lambda': 0.028230156024773474}. Best is trial 47 with value: 0.9163697478669344.
Trial 144 finished with value: 0.48140317194431786 and parameters: {'max_depth': 3, 'min_child_weight': 1, 'gamma': 0.25897146758253287, 'subsample': 0.3842243723125056, 'colsample_bytree': 0.5248928644300652, 'learning_rate': 0.7129233985906577, 'reg_alpha': 0.0016585136098984858, 'reg_lambda': 0.22441499017321437}. Best is trial 47 with value: 0.9163697478669344.
Trial 150 finished with value: 0.47988661144963257 and parameters: {'max_depth': 2, 'min_child_weight': 2, 'gamma': 0.46368937915191744, 'subsample': 0.9137120547073784, 'colsample_bytree': 0.7456001519197246, 'learning_rate': 0.5212654310782306, 'reg_alpha': 0.025325683031729843, 'reg_lambda': 0.00020295563461068228}. Best is trial 47 with value: 0.9163697478669344.
Trial 143 finished with value: 0.09361872884427078 and parameters: {'max_depth': 10, 'min_child_weight': 2, 'gamma': 0.4836152984853611, 'subsample': 0.5391631713702133, 'colsample_bytree': 0.016587089755234263, 'learning_rate': 0.08591705660204041, 'reg_alpha': 0.0964670961271984, 'reg_lambda': 0.0030813664612148865}. Best is trial 47 with value: 0.9163697478669344.
Trial 151 finished with value: -0.06982402333858576 and parameters: {'max_depth': 10, 'min_child_weight': 5, 'gamma': 0.6235658002199034, 'subsample': 0.04734849070927216, 'colsample_bytree': 0.3727620145117685, 'learning_rate': 0.2270293182509252, 'reg_alpha': 0.00011438928262834674, 'reg_lambda': 0.13393714706771123}. Best is trial 47 with value: 0.9163697478669344.
Trial 146 finished with value: 0.6984683940005377 and parameters: {'max_depth': 3, 'min_child_weight': 4, 'gamma': 0.7009291700278267, 'subsample': 0.8933480013067615, 'colsample_bytree': 0.6841472985194752, 'learning_rate': 0.285444504603912, 'reg_alpha': 0.00034957701111687397, 'reg_lambda': 0.0048023419582448375}. Best is trial 47 with value: 0.9163697478669344.
Trial 139 finished with value: 0.2686456979021528 and parameters: {'max_depth': 9, 'min_child_weight': 4, 'gamma': 0.6580916852608308, 'subsample': 0.4485953499088565, 'colsample_bytree': 0.13170439688848812, 'learning_rate': 0.7476139563217639, 'reg_alpha': 0.9326333976434193, 'reg_lambda': 0.005171550962355391}. Best is trial 47 with value: 0.9163697478669344.
Trial 147 finished with value: 0.09888272551709101 and parameters: {'max_depth': 6, 'min_child_weight': 3, 'gamma': 0.9776859172590413, 'subsample': 0.5018148047920005, 'colsample_bytree': 0.018301098448439967, 'learning_rate': 0.04777095295568745, 'reg_alpha': 0.01690811273783016, 'reg_lambda': 0.00011244207215376489}. Best is trial 47 with value: 0.9163697478669344.
Trial 158 finished with value: 0.07184328001159832 and parameters: {'max_depth': 1, 'min_child_weight': 1, 'gamma': 0.6486004379386655, 'subsample': 0.4820373379564843, 'colsample_bytree': 0.4642670520785406, 'learning_rate': 0.3413324480302887, 'reg_alpha': 3.694253765348276, 'reg_lambda': 0.002847259326259096}. Best is trial 47 with value: 0.9163697478669344.
Trial 132 finished with value: 0.31341775732901733 and parameters: {'max_depth': 8, 'min_child_weight': 4, 'gamma': 0.2953220915372089, 'subsample': 0.362572006071472, 'colsample_bytree': 0.34557372576226064, 'learning_rate': 0.7275580730548981, 'reg_alpha': 0.0031628635078352597, 'reg_lambda': 0.10735155649498279}. Best is trial 47 with value: 0.9163697478669344.
Trial 140 finished with value: 0.8916728040382816 and parameters: {'max_depth': 9, 'min_child_weight': 5, 'gamma': 0.8235433798771042, 'subsample': 0.9721695547984471, 'colsample_bytree': 0.8928322223514548, 'learning_rate': 0.39305761385645543, 'reg_alpha': 6.159298111193327, 'reg_lambda': 0.024106328418913633}. Best is trial 47 with value: 0.9163697478669344.
Trial 122 finished with value: 0.8978371252191688 and parameters: {'max_depth': 10, 'min_child_weight': 3, 'gamma': 0.5304128041871404, 'subsample': 0.4417649617990246, 'colsample_bytree': 0.7317659449696245, 'learning_rate': 0.4286871455536504, 'reg_alpha': 0.11147213077650715, 'reg_lambda': 1.5106326976785307}. Best is trial 47 with value: 0.9163697478669344.
Trial 149 finished with value: 0.07812302569088068 and parameters: {'max_depth': 9, 'min_child_weight': 5, 'gamma': 0.48879186377947703, 'subsample': 0.9202759923158844, 'colsample_bytree': 0.047861768924788106, 'learning_rate': 0.7165331225673913, 'reg_alpha': 4.058013311488351, 'reg_lambda': 0.1302231442419012}. Best is trial 47 with value: 0.9163697478669344.
Trial 148 finished with value: 0.563429576034292 and parameters: {'max_depth': 4, 'min_child_weight': 3, 'gamma': 0.1508757339619481, 'subsample': 0.19277640647704297, 'colsample_bytree': 0.4632623210220401, 'learning_rate': 0.4530482006342993, 'reg_alpha': 2.7049352806828995, 'reg_lambda': 8.079910529681909}. Best is trial 47 with value: 0.9163697478669344.
Trial 145 finished with value: 0.36497052403775804 and parameters: {'max_depth': 4, 'min_child_weight': 2, 'gamma': 0.7525529025484285, 'subsample': 0.2974325933578458, 'colsample_bytree': 0.7210621068962018, 'learning_rate': 0.5468154999232381, 'reg_alpha': 0.14992812410918938, 'reg_lambda': 0.09552098852128708}. Best is trial 47 with value: 0.9163697478669344.
Trial 159 finished with value: 0.07799272496471535 and parameters: {'max_depth': 1, 'min_child_weight': 3, 'gamma': 0.9842928597046559, 'subsample': 0.5065356246933431, 'colsample_bytree': 0.14495912900144559, 'learning_rate': 0.7536718178703599, 'reg_alpha': 1.1097292336250604, 'reg_lambda': 0.10930770321113215}. Best is trial 47 with value: 0.9163697478669344.
Trial 162 finished with value: -0.2846647305149744 and parameters: {'max_depth': 1, 'min_child_weight': 5, 'gamma': 0.6111510500334992, 'subsample': 0.03735286774521529, 'colsample_bytree': 0.6395039677921326, 'learning_rate': 0.5113839875785463, 'reg_alpha': 0.5525984778616471, 'reg_lambda': 0.605867932665798}. Best is trial 47 with value: 0.9163697478669344.
Trial 142 finished with value: 0.4658225219039006 and parameters: {'max_depth': 10, 'min_child_weight': 1, 'gamma': 0.36174909521429244, 'subsample': 0.8797650417818833, 'colsample_bytree': 0.11612203582408764, 'learning_rate': 0.9196135454188596, 'reg_alpha': 0.009141350443755103, 'reg_lambda': 0.0022046293017079}. Best is trial 47 with value: 0.9163697478669344.
Trial 163 finished with value: -0.8258614841222718 and parameters: {'max_depth': 1, 'min_child_weight': 2, 'gamma': 0.316190181506129, 'subsample': 0.06992133059500816, 'colsample_bytree': 0.4616904018668163, 'learning_rate': 0.5967460780399688, 'reg_alpha': 0.6513810842870702, 'reg_lambda': 0.0005469547030841954}. Best is trial 47 with value: 0.9163697478669344.
Trial 118 finished with value: 0.9133442373930074 and parameters: {'max_depth': 10, 'min_child_weight': 1, 'gamma': 0.665197479240593, 'subsample': 0.7438552296459012, 'colsample_bytree': 0.5248752982413135, 'learning_rate': 0.16058281291212984, 'reg_alpha': 0.00011673130854844205, 'reg_lambda': 0.11411487240463092}. Best is trial 47 with value: 0.9163697478669344.
Trial 160 finished with value: 0.4493764069468071 and parameters: {'max_depth': 2, 'min_child_weight': 3, 'gamma': 0.28879473728198013, 'subsample': 0.5814498924995937, 'colsample_bytree': 0.2088325519150781, 'learning_rate': 0.20339837267911842, 'reg_alpha': 0.08199237370857945, 'reg_lambda': 1.0014183314269698}. Best is trial 47 with value: 0.9163697478669344.
Trial 135 finished with value: 0.8291146122038685 and parameters: {'max_depth': 10, 'min_child_weight': 5, 'gamma': 0.4435756765391683, 'subsample': 0.7365623068248944, 'colsample_bytree': 0.3432059505105479, 'learning_rate': 0.6162171904731307, 'reg_alpha': 0.0002644994776305661, 'reg_lambda': 0.002460000233296302}. Best is trial 47 with value: 0.9163697478669344.
Trial 123 finished with value: 0.9078314363461744 and parameters: {'max_depth': 10, 'min_child_weight': 4, 'gamma': 0.2060768737939852, 'subsample': 0.7497584842614385, 'colsample_bytree': 0.8649749669373624, 'learning_rate': 0.7062084732993797, 'reg_alpha': 0.043812982610549965, 'reg_lambda': 0.00021798461305878191}. Best is trial 47 with value: 0.9163697478669344.
Trial 153 finished with value: 0.4944089866186219 and parameters: {'max_depth': 9, 'min_child_weight': 1, 'gamma': 0.472216411840078, 'subsample': 0.9431893462905617, 'colsample_bytree': 0.10825616761925205, 'learning_rate': 0.4073173822604207, 'reg_alpha': 4.198717085640698, 'reg_lambda': 0.016314493865251675}. Best is trial 47 with value: 0.9163697478669344.
Trial 166 finished with value: 0.4781933489827062 and parameters: {'max_depth': 2, 'min_child_weight': 1, 'gamma': 0.39331380142156247, 'subsample': 0.8362095283941531, 'colsample_bytree': 0.9735014745799833, 'learning_rate': 0.4024701136821931, 'reg_alpha': 1.0416772789570978, 'reg_lambda': 0.007877900042748676}. Best is trial 47 with value: 0.9163697478669344.
Trial 167 finished with value: 0.48129780745241785 and parameters: {'max_depth': 2, 'min_child_weight': 5, 'gamma': 0.6844427641335595, 'subsample': 0.9727892480786458, 'colsample_bytree': 0.3282716107461261, 'learning_rate': 0.3280882963445295, 'reg_alpha': 0.014677490720906426, 'reg_lambda': 0.0018338169992123399}. Best is trial 47 with value: 0.9163697478669344.
Trial 168 finished with value: 0.0854434592877426 and parameters: {'max_depth': 2, 'min_child_weight': 2, 'gamma': 0.8721053598546724, 'subsample': 0.11172126883967848, 'colsample_bytree': 0.5946475909710792, 'learning_rate': 0.22933817122542122, 'reg_alpha': 0.09741342291040672, 'reg_lambda': 0.03718597928710598}. Best is trial 47 with value: 0.9163697478669344.
Trial 152 finished with value: 0.7564440950045922 and parameters: {'max_depth': 5, 'min_child_weight': 1, 'gamma': 0.349210182792134, 'subsample': 0.3338741245891773, 'colsample_bytree': 0.4972904854705753, 'learning_rate': 0.3982859546936719, 'reg_alpha': 6.266096751579863, 'reg_lambda': 0.002083316886548702}. Best is trial 47 with value: 0.9163697478669344.
Trial 157 finished with value: -189568.85095924677 and parameters: {'max_depth': 9, 'min_child_weight': 2, 'gamma': 0.061739038608644714, 'subsample': 0.07012763430376578, 'colsample_bytree': 0.11949292176246462, 'learning_rate': 0.7322344386187438, 'reg_alpha': 0.0006850850961020804, 'reg_lambda': 0.22562965575213398}. Best is trial 47 with value: 0.9163697478669344.
Trial 171 finished with value: -4.5228391395890806e+29 and parameters: {'max_depth': 6, 'min_child_weight': 1, 'gamma': 0.04986832751211334, 'subsample': 0.0115041239690864, 'colsample_bytree': 0.06734958647023015, 'learning_rate': 0.9044534980658049, 'reg_alpha': 4.735563906094757, 'reg_lambda': 0.15607177741861114}. Best is trial 47 with value: 0.9163697478669344.
Trial 156 finished with value: 0.26622694696687893 and parameters: {'max_depth': 10, 'min_child_weight': 4, 'gamma': 0.6757163055534793, 'subsample': 0.22875518947122098, 'colsample_bytree': 0.2560706986087744, 'learning_rate': 0.7233848908439127, 'reg_alpha': 0.08333874467858354, 'reg_lambda': 2.676382794565871}. Best is trial 47 with value: 0.9163697478669344.
Trial 154 finished with value: -4.6085667504776823e+36 and parameters: {'max_depth': 10, 'min_child_weight': 1, 'gamma': 0.6682790837319611, 'subsample': 0.04856565340716745, 'colsample_bytree': 0.9510391224940785, 'learning_rate': 0.7018172203615584, 'reg_alpha': 0.002831963666442709, 'reg_lambda': 0.02344939967796297}. Best is trial 47 with value: 0.9163697478669344.
Trial 170 finished with value: 0.0830527659906923 and parameters: {'max_depth': 5, 'min_child_weight': 1, 'gamma': 0.05640680626418659, 'subsample': 0.8412670779776336, 'colsample_bytree': 0.04145960168539964, 'learning_rate': 0.1662600214690314, 'reg_alpha': 1.0502692300241077, 'reg_lambda': 0.7833866857588071}. Best is trial 47 with value: 0.9163697478669344.
Trial 155 finished with value: 0.8371051093116016 and parameters: {'max_depth': 6, 'min_child_weight': 2, 'gamma': 0.5290088393623701, 'subsample': 0.9411326877262608, 'colsample_bytree': 0.26756810184463375, 'learning_rate': 0.4396286742271097, 'reg_alpha': 0.027282466999753494, 'reg_lambda': 0.0002672089637162481}. Best is trial 47 with value: 0.9163697478669344.
Trial 141 finished with value: 0.9110711485071372 and parameters: {'max_depth': 7, 'min_child_weight': 2, 'gamma': 0.04515108455070249, 'subsample': 0.8629698375135325, 'colsample_bytree': 0.9720420871905563, 'learning_rate': 0.8139666424433066, 'reg_alpha': 0.0020303396820002474, 'reg_lambda': 4.440831274119758}. Best is trial 47 with value: 0.9163697478669344.
Trial 164 finished with value: -101006969.8067381 and parameters: {'max_depth': 4, 'min_child_weight': 1, 'gamma': 0.4806107455048396, 'subsample': 0.1120442398890833, 'colsample_bytree': 0.652068332443777, 'learning_rate': 0.7711693083701816, 'reg_alpha': 0.0020262844310444373, 'reg_lambda': 0.6700651104993988}. Best is trial 47 with value: 0.9163697478669344.
Trial 173 finished with value: -0.46623682285901913 and parameters: {'max_depth': 10, 'min_child_weight': 5, 'gamma': 0.25004369579029206, 'subsample': 0.1283143207098839, 'colsample_bytree': 0.34191641766751124, 'learning_rate': 0.9924163433944524, 'reg_alpha': 0.0345987556360669, 'reg_lambda': 9.021512032016634}. Best is trial 47 with value: 0.9163697478669344.
Trial 181 finished with value: -80622.19446913393 and parameters: {'max_depth': 3, 'min_child_weight': 4, 'gamma': 0.3492682335623336, 'subsample': 0.03527853149311344, 'colsample_bytree': 0.3840096900219818, 'learning_rate': 0.8713421494769943, 'reg_alpha': 0.17081595988920292, 'reg_lambda': 0.004216534056781304}. Best is trial 47 with value: 0.9163697478669344.
Trial 165 finished with value: -12.875515274811297 and parameters: {'max_depth': 10, 'min_child_weight': 4, 'gamma': 0.25889963234941804, 'subsample': 0.13927842549807834, 'colsample_bytree': 0.14458013583449536, 'learning_rate': 0.7412474026826145, 'reg_alpha': 0.10003761120501119, 'reg_lambda': 0.18525597102463626}. Best is trial 47 with value: 0.9163697478669344.
Trial 177 finished with value: 0.049925678763169126 and parameters: {'max_depth': 5, 'min_child_weight': 2, 'gamma': 0.33382309828493806, 'subsample': 0.7266759586999737, 'colsample_bytree': 0.07983488426705398, 'learning_rate': 0.8838603576110766, 'reg_alpha': 0.4116058731433724, 'reg_lambda': 0.5210616046364048}. Best is trial 47 with value: 0.9163697478669344.
Trial 161 finished with value: 0.7678374865482389 and parameters: {'max_depth': 5, 'min_child_weight': 1, 'gamma': 0.7473340047322945, 'subsample': 0.39082569927412203, 'colsample_bytree': 0.4262198266901899, 'learning_rate': 0.08420519930766812, 'reg_alpha': 0.030035093395753915, 'reg_lambda': 0.0012009818231624634}. Best is trial 47 with value: 0.9163697478669344.
Trial 174 finished with value: 0.04728809870552001 and parameters: {'max_depth': 10, 'min_child_weight': 5, 'gamma': 0.112017215420398, 'subsample': 0.7806682582377419, 'colsample_bytree': 0.046976308669404165, 'learning_rate': 0.9536166838043715, 'reg_alpha': 0.0028330330999595393, 'reg_lambda': 0.00024380168263019462}. Best is trial 47 with value: 0.9163697478669344.
Trial 179 finished with value: -25204.121120605763 and parameters: {'max_depth': 3, 'min_child_weight': 4, 'gamma': 0.4858033064645979, 'subsample': 0.2108843550627416, 'colsample_bytree': 0.7331598736316047, 'learning_rate': 0.9997314124429186, 'reg_alpha': 0.050004009144989585, 'reg_lambda': 0.00354344600859225}. Best is trial 47 with value: 0.9163697478669344.
Trial 182 finished with value: 0.4988789898830031 and parameters: {'max_depth': 3, 'min_child_weight': 4, 'gamma': 0.4316732360129506, 'subsample': 0.5329507746334751, 'colsample_bytree': 0.277122151160648, 'learning_rate': 0.7474514888055371, 'reg_alpha': 0.17453813163139353, 'reg_lambda': 0.5647400011427843}. Best is trial 47 with value: 0.9163697478669344.
Trial 196 finished with value: -0.7647977416743237 and parameters: {'max_depth': 1, 'min_child_weight': 2, 'gamma': 0.9976259451185095, 'subsample': 0.10167336084551848, 'colsample_bytree': 0.0497179786962465, 'learning_rate': 0.7998297308508436, 'reg_alpha': 0.00047511422456127214, 'reg_lambda': 0.0004966591402851163}. Best is trial 47 with value: 0.9163697478669344.
Trial 197 finished with value: 0.040229011851296584 and parameters: {'max_depth': 1, 'min_child_weight': 4, 'gamma': 0.9242584564200068, 'subsample': 0.5918781180688207, 'colsample_bytree': 0.8118402339743777, 'learning_rate': 0.538083441771227, 'reg_alpha': 2.583320674890893, 'reg_lambda': 2.634577762970472}. Best is trial 47 with value: 0.9163697478669344.
Trial 191 finished with value: 0.020596623783229028 and parameters: {'max_depth': 2, 'min_child_weight': 1, 'gamma': 0.298125693624554, 'subsample': 0.3454864652894547, 'colsample_bytree': 0.8767685639049848, 'learning_rate': 0.879859710325478, 'reg_alpha': 0.01867317618872016, 'reg_lambda': 0.2797001260865068}. Best is trial 47 with value: 0.9163697478669344.
