Trial 597 finished with value: 0.7569366863632434 and parameters: {'max_depth': 4, 'min_child_weight': 4, 'gamma': 0.7311126676186969, 'subsample': 0.6986073223266619, 'colsample_bytree': 0.4985736672326363, 'learning_rate': 0.4745156779168922, 'reg_alpha': 0.0018774400735263274, 'reg_lambda': 0.21470149465464552}. Best is trial 325 with value: 0.9241119014369545.
Trial 602 finished with value: 0.08563652768175906 and parameters: {'max_depth': 9, 'min_child_weight': 2, 'gamma': 0.8781073609458324, 'subsample': 0.7937269548815075, 'colsample_bytree': 0.008038526932715007, 'learning_rate': 0.1336290501990134, 'reg_alpha': 4.332350823395344, 'reg_lambda': 0.004147274682574008}. Best is trial 325 with value: 0.9241119014369545.
Trial 593 finished with value: 0.6475740770922003 and parameters: {'max_depth': 10, 'min_child_weight': 5, 'gamma': 0.5550953388543267, 'subsample': 0.6942068113449867, 'colsample_bytree': 0.13892756220128555, 'learning_rate': 0.4468423956503613, 'reg_alpha': 9.016326980178476, 'reg_lambda': 9.18412097549387}. Best is trial 325 with value: 0.9241119014369545.
Trial 588 finished with value: -0.005589222255430004 and parameters: {'max_depth': 7, 'min_child_weight': 4, 'gamma': 0.8305116036721343, 'subsample': 0.17577674153294998, 'colsample_bytree': 0.4675574844670961, 'learning_rate': 0.4490584389126788, 'reg_alpha': 0.006364582642374536, 'reg_lambda': 0.005102190824857038}. Best is trial 325 with value: 0.9241119014369545.
Trial 616 finished with value: 0.06546603371741735 and parameters: {'max_depth': 1, 'min_child_weight': 1, 'gamma': 0.21955389808409165, 'subsample': 0.5446231802910423, 'colsample_bytree': 0.2425363337744234, 'learning_rate': 0.4385057435743016, 'reg_alpha': 1.4096489891128392, 'reg_lambda': 3.7901832093415946}. Best is trial 325 with value: 0.9241119014369545.
Trial 581 finished with value: 0.9071451062579685 and parameters: {'max_depth': 8, 'min_child_weight': 5, 'gamma': 0.5419583926840659, 'subsample': 0.5891033841784181, 'colsample_bytree': 0.669021421850035, 'learning_rate': 0.43289808001016283, 'reg_alpha': 0.00420991376020492, 'reg_lambda': 0.03564608600146461}. Best is trial 325 with value: 0.9241119014369545.
Trial 590 finished with value: 0.8850535138617017 and parameters: {'max_depth': 7, 'min_child_weight': 1, 'gamma': 0.07236472037664998, 'subsample': 0.7755067867662452, 'colsample_bytree': 0.38669856605253017, 'learning_rate': 0.29450570685011446, 'reg_alpha': 1.2084664695312806, 'reg_lambda': 0.003635359327767814}. Best is trial 325 with value: 0.9241119014369545.
Trial 607 finished with value: 0.6515118616823858 and parameters: {'max_depth': 5, 'min_child_weight': 1, 'gamma': 0.9931947890150686, 'subsample': 0.6121042685857757, 'colsample_bytree': 0.1738033684041974, 'learning_rate': 0.1859749335226777, 'reg_alpha': 1.0427198664271695, 'reg_lambda': 0.005828831715656529}. Best is trial 325 with value: 0.9241119014369545.
Trial 612 finished with value: 0.47383094307762263 and parameters: {'max_depth': 4, 'min_child_weight': 2, 'gamma': 0.8024378765911848, 'subsample': 0.17116609279674644, 'colsample_bytree': 0.8647670905425892, 'learning_rate': 0.44049131599909397, 'reg_alpha': 2.7322065370536626, 'reg_lambda': 1.7852411217175177}. Best is trial 325 with value: 0.9241119014369545.
Trial 615 finished with value: 0.39209186960956843 and parameters: {'max_depth': 3, 'min_child_weight': 5, 'gamma': 0.924710319508765, 'subsample': 0.5483958589992693, 'colsample_bytree': 0.1508865716023875, 'learning_rate': 0.8758497576233321, 'reg_alpha': 0.006587859814093622, 'reg_lambda': 0.20764869633362004}. Best is trial 325 with value: 0.9241119014369545.
Trial 601 finished with value: 0.6851500418207751 and parameters: {'max_depth': 8, 'min_child_weight': 1, 'gamma': 0.3885237498244202, 'subsample': 0.6306866554227005, 'colsample_bytree': 0.17949996197111173, 'learning_rate': 0.5230944298409459, 'reg_alpha': 0.0008440308651251108, 'reg_lambda': 0.017188392471426617}. Best is trial 325 with value: 0.9241119014369545.
Trial 606 finished with value: 0.804445614966442 and parameters: {'max_depth': 6, 'min_child_weight': 3, 'gamma': 0.5446424430850659, 'subsample': 0.8600310067530925, 'colsample_bytree': 0.25550525632754206, 'learning_rate': 0.7539378568549214, 'reg_alpha': 0.012340669563594019, 'reg_lambda': 0.028585308257398977}. Best is trial 325 with value: 0.9241119014369545.
Trial 611 finished with value: 0.23742701974092206 and parameters: {'max_depth': 5, 'min_child_weight': 1, 'gamma': 0.8817368983423303, 'subsample': 0.545348736813897, 'colsample_bytree': 0.2890586747309849, 'learning_rate': 0.9150544276654722, 'reg_alpha': 0.024997491992439495, 'reg_lambda': 0.013745149728782222}. Best is trial 325 with value: 0.9241119014369545.
Trial 595 finished with value: 0.8296575305912595 and parameters: {'max_depth': 10, 'min_child_weight': 4, 'gamma': 0.23770078282801832, 'subsample': 0.4082716359848929, 'colsample_bytree': 0.6206933099039147, 'learning_rate': 0.5796140390799864, 'reg_alpha': 2.0195315376794354, 'reg_lambda': 0.00013521839654476409}. Best is trial 325 with value: 0.9241119014369545.
Trial 603 finished with value: 0.8280558816909899 and parameters: {'max_depth': 6, 'min_child_weight': 3, 'gamma': 0.3034451615332521, 'subsample': 0.46361084824699195, 'colsample_bytree': 0.956149250327911, 'learning_rate': 0.7858546047033276, 'reg_alpha': 0.0021548742746658805, 'reg_lambda': 0.17103412197828827}. Best is trial 325 with value: 0.9241119014369545.
Trial 608 finished with value: -23577.78807750387 and parameters: {'max_depth': 10, 'min_child_weight': 3, 'gamma': 0.44001164973775375, 'subsample': 0.1757434335101551, 'colsample_bytree': 0.45929842614123295, 'learning_rate': 0.7394014590384602, 'reg_alpha': 0.1166639854103468, 'reg_lambda': 0.0024002425108813155}. Best is trial 325 with value: 0.9241119014369545.
Trial 599 finished with value: 0.8220272722050436 and parameters: {'max_depth': 8, 'min_child_weight': 2, 'gamma': 0.5938223031938494, 'subsample': 0.5035278986734042, 'colsample_bytree': 0.33323613926744056, 'learning_rate': 0.10770699783192883, 'reg_alpha': 0.004643461357022488, 'reg_lambda': 0.04485800638085053}. Best is trial 325 with value: 0.9241119014369545.
Trial 618 finished with value: 0.4293989046861384 and parameters: {'max_depth': 4, 'min_child_weight': 4, 'gamma': 0.9574188987224924, 'subsample': 0.22976044817493135, 'colsample_bytree': 0.9941287936488198, 'learning_rate': 0.43868511091041795, 'reg_alpha': 0.00013435118246796088, 'reg_lambda': 0.012197089597734755}. Best is trial 325 with value: 0.9241119014369545.
Trial 625 finished with value: -3.362974008395538e+36 and parameters: {'max_depth': 3, 'min_child_weight': 1, 'gamma': 0.8010099029403135, 'subsample': 0.023442868833517094, 'colsample_bytree': 0.1977621979710832, 'learning_rate': 0.8731239819146315, 'reg_alpha': 0.268166133411396, 'reg_lambda': 0.009604252057584136}. Best is trial 325 with value: 0.9241119014369545.
Trial 620 finished with value: -417130721078.53827 and parameters: {'max_depth': 4, 'min_child_weight': 2, 'gamma': 0.8590085308198903, 'subsample': 0.10896630657813078, 'colsample_bytree': 0.9414291792256081, 'learning_rate': 0.6874853023743672, 'reg_alpha': 0.07834532035562934, 'reg_lambda': 0.0007071799183565782}. Best is trial 325 with value: 0.9241119014369545.
Trial 621 finished with value: -8.065640452226301 and parameters: {'max_depth': 9, 'min_child_weight': 3, 'gamma': 0.4815349364606758, 'subsample': 0.09285816453127738, 'colsample_bytree': 0.2471501158014736, 'learning_rate': 0.6666102610009778, 'reg_alpha': 0.07083101983780044, 'reg_lambda': 1.293387134704613}. Best is trial 325 with value: 0.9241119014369545.
Trial 600 finished with value: -92.26493230731809 and parameters: {'max_depth': 8, 'min_child_weight': 3, 'gamma': 0.4096478644150774, 'subsample': 0.3078015451633842, 'colsample_bytree': 0.8142315426165018, 'learning_rate': 0.8093744888830657, 'reg_alpha': 0.0002296370575365627, 'reg_lambda': 0.006603723883046196}. Best is trial 325 with value: 0.9241119014369545.
Trial 617 finished with value: 0.4509366854956639 and parameters: {'max_depth': 8, 'min_child_weight': 4, 'gamma': 0.8540788376931494, 'subsample': 0.15241886905621416, 'colsample_bytree': 0.26380364571242476, 'learning_rate': 0.08942985337048359, 'reg_alpha': 0.010077239766123545, 'reg_lambda': 0.2792018373048916}. Best is trial 325 with value: 0.9241119014369545.
Trial 605 finished with value: 0.8963978456989977 and parameters: {'max_depth': 7, 'min_child_weight': 4, 'gamma': 0.612987552119275, 'subsample': 0.7581310720413771, 'colsample_bytree': 0.8510557938124339, 'learning_rate': 0.4301327912399201, 'reg_alpha': 0.04455622178932096, 'reg_lambda': 0.0016399539048217791}. Best is trial 325 with value: 0.9241119014369545.
Trial 587 finished with value: 0.911917631226219 and parameters: {'max_depth': 9, 'min_child_weight': 1, 'gamma': 0.5247140773608039, 'subsample': 0.9148842329022933, 'colsample_bytree': 0.6211152789725318, 'learning_rate': 0.6952153660736334, 'reg_alpha': 0.045830982779435175, 'reg_lambda': 0.009312856694670054}. Best is trial 325 with value: 0.9241119014369545.
Trial 630 finished with value: -10.080623015248452 and parameters: {'max_depth': 4, 'min_child_weight': 3, 'gamma': 0.030011836690004512, 'subsample': 0.0415810820315371, 'colsample_bytree': 0.43894691813396336, 'learning_rate': 0.9665486699552246, 'reg_alpha': 0.45780489439262123, 'reg_lambda': 5.384040556461403}. Best is trial 325 with value: 0.9241119014369545.
Trial 624 finished with value: 0.3720479559138881 and parameters: {'max_depth': 4, 'min_child_weight': 4, 'gamma': 0.03633196968880359, 'subsample': 0.18510238722400663, 'colsample_bytree': 0.6523810143363143, 'learning_rate': 0.3505118982625206, 'reg_alpha': 0.007750942532450583, 'reg_lambda': 0.004112077332043563}. Best is trial 325 with value: 0.9241119014369545.
Trial 613 finished with value: 0.8713779920746803 and parameters: {'max_depth': 7, 'min_child_weight': 5, 'gamma': 0.030276324324462478, 'subsample': 0.43092967280643635, 'colsample_bytree': 0.9090398037921842, 'learning_rate': 0.42742816894371294, 'reg_alpha': 0.16074654599202148, 'reg_lambda': 0.09500129107617378}. Best is trial 325 with value: 0.9241119014369545.
Trial 632 finished with value: 0.43980222224409404 and parameters: {'max_depth': 2, 'min_child_weight': 1, 'gamma': 0.21156027930363575, 'subsample': 0.6067700214545304, 'colsample_bytree': 0.8852799154039074, 'learning_rate': 0.7052690164857934, 'reg_alpha': 0.004481544979124653, 'reg_lambda': 0.12834792303493153}. Best is trial 325 with value: 0.9241119014369545.
Trial 642 finished with value: 0.09432640189070687 and parameters: {'max_depth': 1, 'min_child_weight': 5, 'gamma': 0.9276434263071663, 'subsample': 0.9529367161444798, 'colsample_bytree': 0.43370791705990974, 'learning_rate': 0.3010754036218074, 'reg_alpha': 0.23957800875439822, 'reg_lambda': 0.0001311095271420398}. Best is trial 325 with value: 0.9241119014369545.
Trial 634 finished with value: 0.6361903687109954 and parameters: {'max_depth': 3, 'min_child_weight': 4, 'gamma': 0.24774195798267296, 'subsample': 0.8723653193785884, 'colsample_bytree': 0.3212703632460936, 'learning_rate': 0.34934726976803965, 'reg_alpha': 0.00018766418327276877, 'reg_lambda': 0.01275336131902324}. Best is trial 325 with value: 0.9241119014369545.
Trial 641 finished with value: 0.3707852576507153 and parameters: {'max_depth': 2, 'min_child_weight': 2, 'gamma': 0.8704298233319372, 'subsample': 0.4382880809782004, 'colsample_bytree': 0.4050899580891112, 'learning_rate': 0.6632672397548662, 'reg_alpha': 0.09151876156135415, 'reg_lambda': 0.017662097126851586}. Best is trial 325 with value: 0.9241119014369545.
Trial 638 finished with value: -0.19167046843805255 and parameters: {'max_depth': 3, 'min_child_weight': 3, 'gamma': 0.40139886561107196, 'subsample': 0.3460260844739177, 'colsample_bytree': 0.7951203488529959, 'learning_rate': 0.817311578361985, 'reg_alpha': 0.0004787316876499293, 'reg_lambda': 0.18278195929412522}. Best is trial 325 with value: 0.9241119014369545.
Trial 645 finished with value: 0.0708721993470293 and parameters: {'max_depth': 2, 'min_child_weight': 4, 'gamma': 0.7749526951655215, 'subsample': 0.3545084658930795, 'colsample_bytree': 0.04825453766638155, 'learning_rate': 0.18873352739962002, 'reg_alpha': 0.05306723526340232, 'reg_lambda': 0.36039092572854076}. Best is trial 325 with value: 0.9241119014369545.
Trial 622 finished with value: 0.7498873493680193 and parameters: {'max_depth': 7, 'min_child_weight': 5, 'gamma': 0.34994749652357127, 'subsample': 0.6245287236671168, 'colsample_bytree': 0.31273074060766437, 'learning_rate': 0.0968472699641415, 'reg_alpha': 0.0004954429993164139, 'reg_lambda': 0.007851063516959113}. Best is trial 325 with value: 0.9241119014369545.
Trial 628 finished with value: 0.9141046892725785 and parameters: {'max_depth': 9, 'min_child_weight': 5, 'gamma': 0.22452271584608507, 'subsample': 0.9797808070353559, 'colsample_bytree': 0.987171954105299, 'learning_rate': 0.3248387341523775, 'reg_alpha': 3.8212962437197175, 'reg_lambda': 0.0018809985893397947}. Best is trial 325 with value: 0.9241119014369545.
Trial 637 finished with value: 0.0792429787777186 and parameters: {'max_depth': 8, 'min_child_weight': 1, 'gamma': 0.474455868737767, 'subsample': 0.3227283336684086, 'colsample_bytree': 0.058449525650220324, 'learning_rate': 0.24945944532185205, 'reg_alpha': 0.00027495553400510924, 'reg_lambda': 0.8002241561660286}. Best is trial 325 with value: 0.9241119014369545.
Trial 619 finished with value: 0.8257228366218022 and parameters: {'max_depth': 9, 'min_child_weight': 5, 'gamma': 0.623807507184566, 'subsample': 0.5385761089553112, 'colsample_bytree': 0.623925806715929, 'learning_rate': 0.8094122241943923, 'reg_alpha': 0.8766181878287541, 'reg_lambda': 0.0004420164204063496}. Best is trial 325 with value: 0.9241119014369545.
Trial 635 finished with value: 0.33593408696135996 and parameters: {'max_depth': 9, 'min_child_weight': 3, 'gamma': 0.8843974069770741, 'subsample': 0.07320204925099927, 'colsample_bytree': 0.33650862724433306, 'learning_rate': 0.15924643767714208, 'reg_alpha': 0.0002818009006149063, 'reg_lambda': 0.21900237775356096}. Best is trial 325 with value: 0.9241119014369545.
Trial 626 finished with value: 0.736862289146914 and parameters: {'max_depth': 6, 'min_child_weight': 1, 'gamma': 0.8964992062312592, 'subsample': 0.14575971686937517, 'colsample_bytree': 0.9659173914390043, 'learning_rate': 0.32361363915719854, 'reg_alpha': 0.016973731350434732, 'reg_lambda': 3.294444212404847}. Best is trial 325 with value: 0.9241119014369545.
Trial 631 finished with value: 0.7136707704547729 and parameters: {'max_depth': 5, 'min_child_weight': 4, 'gamma': 0.06561014085845918, 'subsample': 0.41531629720165697, 'colsample_bytree': 0.6725645543011896, 'learning_rate': 0.05117175618151748, 'reg_alpha': 0.009908964089851431, 'reg_lambda': 0.8648898248240496}. Best is trial 325 with value: 0.9241119014369545.
Trial 636 finished with value: 0.843675842684463 and parameters: {'max_depth': 4, 'min_child_weight': 2, 'gamma': 0.3271237315964538, 'subsample': 0.7584022922872321, 'colsample_bytree': 0.9728066906323619, 'learning_rate': 0.41974553552377636, 'reg_alpha': 0.0020919007945456964, 'reg_lambda': 1.9488424571568825}. Best is trial 325 with value: 0.9241119014369545.
Trial 639 finished with value: -0.19805475707385922 and parameters: {'max_depth': 4, 'min_child_weight': 2, 'gamma': 0.7014970820220061, 'subsample': 0.3788177191109535, 'colsample_bytree': 0.6161187733794722, 'learning_rate': 0.835861615605527, 'reg_alpha': 0.007415315867697309, 'reg_lambda': 0.0504418333408009}. Best is trial 325 with value: 0.9241119014369545.
Trial 614 finished with value: 0.9130406679215608 and parameters: {'max_depth': 10, 'min_child_weight': 1, 'gamma': 0.46439067239710063, 'subsample': 0.8233251092077687, 'colsample_bytree': 0.4976974940170127, 'learning_rate': 0.5765743517981412, 'reg_alpha': 0.0006524388033904474, 'reg_lambda': 0.024581419310649978}. Best is trial 325 with value: 0.9241119014369545.
Trial 643 finished with value: 0.6327014317330641 and parameters: {'max_depth': 4, 'min_child_weight': 1, 'gamma': 0.2171238768016246, 'subsample': 0.9173005966320528, 'colsample_bytree': 0.15718278979812617, 'learning_rate': 0.2429144111637067, 'reg_alpha': 0.296731044117332, 'reg_lambda': 0.05058787366880726}. Best is trial 325 with value: 0.9241119014369545.
Trial 623 finished with value: 0.9114425247547266 and parameters: {'max_depth': 7, 'min_child_weight': 5, 'gamma': 0.35606749863838094, 'subsample': 0.9130389898628026, 'colsample_bytree': 0.6859982047795513, 'learning_rate': 0.9183865306174783, 'reg_alpha': 0.0007038154459918656, 'reg_lambda': 0.40535166506886616}. Best is trial 325 with value: 0.9241119014369545.
Trial 640 finished with value: -0.080568425358615 and parameters: {'max_depth': 7, 'min_child_weight': 2, 'gamma': 0.6018635267613781, 'subsample': 0.12148518514843532, 'colsample_bytree': 0.29007109197990333, 'learning_rate': 0.67651187067994, 'reg_alpha': 6.893094071430931, 'reg_lambda': 3.1286780813490687}. Best is trial 325 with value: 0.9241119014369545.
Trial 647 finished with value: 0.45677155156851657 and parameters: {'max_depth': 3, 'min_child_weight': 1, 'gamma': 0.44937856583730174, 'subsample': 0.5964375139396173, 'colsample_bytree': 0.3211472439333257, 'learning_rate': 0.9855676976657202, 'reg_alpha': 0.7892926173557339, 'reg_lambda': 0.0005255996064708979}. Best is trial 325 with value: 0.9241119014369545.
Trial 627 finished with value: 0.8318775674631976 and parameters: {'max_depth': 10, 'min_child_weight': 5, 'gamma': 0.003190375501114562, 'subsample': 0.5568891953147554, 'colsample_bytree': 0.4487586911858108, 'learning_rate': 0.9716367253629934, 'reg_alpha': 0.0008682357283174878, 'reg_lambda': 3.579552908327203}. Best is trial 325 with value: 0.9241119014369545.
Trial 648 finished with value: 0.5557187475193266 and parameters: {'max_depth': 3, 'min_child_weight': 5, 'gamma': 0.32837328950434785, 'subsample': 0.38702616340686935, 'colsample_bytree': 0.665289493746732, 'learning_rate': 0.7264760462256133, 'reg_alpha': 0.00022702550929475093, 'reg_lambda': 4.1981161447858755}. Best is trial 325 with value: 0.9241119014369545.
Trial 646 finished with value: 0.7953453819611628 and parameters: {'max_depth': 4, 'min_child_weight': 4, 'gamma': 0.2819050022550156, 'subsample': 0.9506410493109477, 'colsample_bytree': 0.9085483104450146, 'learning_rate': 0.0954748340253484, 'reg_alpha': 0.0012055502615235158, 'reg_lambda': 0.0009686470756325729}. Best is trial 325 with value: 0.9241119014369545.
Trial 654 finished with value: 0.43884630913918976 and parameters: {'max_depth': 2, 'min_child_weight': 2, 'gamma': 0.8379289786416431, 'subsample': 0.5051828949402147, 'colsample_bytree': 0.31006632821193403, 'learning_rate': 0.21270209395705664, 'reg_alpha': 0.001076697030246299, 'reg_lambda': 0.3916185885699628}. Best is trial 325 with value: 0.9241119014369545.
Trial 658 finished with value: -75.96121302125357 and parameters: {'max_depth': 8, 'min_child_weight': 1, 'gamma': 0.04331408063941178, 'subsample': 0.004614717776886823, 'colsample_bytree': 0.6554906655692795, 'learning_rate': 0.5392249425285568, 'reg_alpha': 3.7265642297476664, 'reg_lambda': 0.28398862906353023}. Best is trial 325 with value: 0.9241119014369545.
Trial 610 finished with value: 0.894007805330714 and parameters: {'max_depth': 10, 'min_child_weight': 1, 'gamma': 0.6658753585787467, 'subsample': 0.5308369009765502, 'colsample_bytree': 0.9493532280124366, 'learning_rate': 0.3753777626199508, 'reg_alpha': 0.001738832105091957, 'reg_lambda': 0.5773789301682326}. Best is trial 325 with value: 0.9241119014369545.
Trial 650 finished with value: -1.0174328181510834 and parameters: {'max_depth': 3, 'min_child_weight': 5, 'gamma': 0.973698747327003, 'subsample': 0.21080119163015676, 'colsample_bytree': 0.6408526972494136, 'learning_rate': 0.7105304698981959, 'reg_alpha': 6.5790786875192575, 'reg_lambda': 0.04174793274050726}. Best is trial 325 with value: 0.9241119014369545.
Trial 660 finished with value: 0.2787172571338834 and parameters: {'max_depth': 2, 'min_child_weight': 2, 'gamma': 0.02177573021412238, 'subsample': 0.45008191792264785, 'colsample_bytree': 0.3587730984259254, 'learning_rate': 0.796040871054298, 'reg_alpha': 0.06337705867697536, 'reg_lambda': 3.3687372620448044}. Best is trial 325 with value: 0.9241119014369545.
Trial 653 finished with value: 0.0347661500162539 and parameters: {'max_depth': 3, 'min_child_weight': 1, 'gamma': 0.4309016926002296, 'subsample': 0.4198083273589618, 'colsample_bytree': 0.23504853583389307, 'learning_rate': 0.9045816489993938, 'reg_alpha': 0.5369761306517414, 'reg_lambda': 0.00047541434396957164}. Best is trial 325 with value: 0.9241119014369545.
Trial 633 finished with value: 0.8885558761402839 and parameters: {'max_depth': 7, 'min_child_weight': 5, 'gamma': 0.9931195250854212, 'subsample': 0.8504895873781748, 'colsample_bytree': 0.4874460905359047, 'learning_rate': 0.7887363139018462, 'reg_alpha': 0.0001202523069936627, 'reg_lambda': 3.509909856405113}. Best is trial 325 with value: 0.9241119014369545.
Trial 652 finished with value: 0.06784398469906455 and parameters: {'max_depth': 6, 'min_child_weight': 1, 'gamma': 0.5613349664152124, 'subsample': 0.7397321567527577, 'colsample_bytree': 0.058907655136705483, 'learning_rate': 0.4182079052259364, 'reg_alpha': 0.0011129507827715773, 'reg_lambda': 0.12922404026171433}. Best is trial 325 with value: 0.9241119014369545.
