A new study created in RDB with name: Poly_linear_95821
Trial 7 finished with value: 0.17458944697845996 and parameters: {'n_components': 10, 'degree': 2}. Best is trial 7 with value: 0.17458944697845996.
Trial 5 finished with value: 0.04032479858646983 and parameters: {'n_components': 11, 'degree': 2}. Best is trial 17 with value: 0.28403410065948265.
Trial 11 finished with value: -20.016956307018834 and parameters: {'n_components': 8, 'degree': 2}. Best is trial 17 with value: 0.28403410065948265.
Trial 17 finished with value: 0.28403410065948265 and parameters: {'n_components': 5, 'degree': 4}. Best is trial 17 with value: 0.28403410065948265.
Trial 0 finished with value: -1.8430388624827128 and parameters: {'n_components': 5, 'degree': 1}. Best is trial 17 with value: 0.28403410065948265.
Trial 12 finished with value: 0.04256944563356953 and parameters: {'n_components': 6, 'degree': 2}. Best is trial 17 with value: 0.28403410065948265.
Trial 3 finished with value: -8.204983554641682 and parameters: {'n_components': 4, 'degree': 4}. Best is trial 17 with value: 0.28403410065948265.
Trial 21 finished with value: -0.018832782460881114 and parameters: {'n_components': 3, 'degree': 3}. Best is trial 17 with value: 0.28403410065948265.
Trial 16 finished with value: -0.023842957691777654 and parameters: {'n_components': 5, 'degree': 2}. Best is trial 17 with value: 0.28403410065948265.
Trial 14 finished with value: -5.075613597255519 and parameters: {'n_components': 2, 'degree': 1}. Best is trial 17 with value: 0.28403410065948265.
Trial 18 finished with value: -70.92755995462804 and parameters: {'n_components': 4, 'degree': 3}. Best is trial 17 with value: 0.28403410065948265.
Trial 4 finished with value: -1.726214101761914 and parameters: {'n_components': 8, 'degree': 1}. Best is trial 17 with value: 0.28403410065948265.
Trial 15 finished with value: 0.17458944697845996 and parameters: {'n_components': 10, 'degree': 2}. Best is trial 17 with value: 0.28403410065948265.
Trial 20 finished with value: -8.204983554641682 and parameters: {'n_components': 4, 'degree': 4}. Best is trial 17 with value: 0.28403410065948265.
Trial 22 finished with value: -8.204983554641682 and parameters: {'n_components': 4, 'degree': 4}. Best is trial 17 with value: 0.28403410065948265.
Trial 1 finished with value: -0.023842957691777654 and parameters: {'n_components': 5, 'degree': 2}. Best is trial 17 with value: 0.28403410065948265.
Trial 13 finished with value: 0.035599306417670784 and parameters: {'n_components': 7, 'degree': 2}. Best is trial 17 with value: 0.28403410065948265.
Trial 10 finished with value: -1.912993986102945 and parameters: {'n_components': 4, 'degree': 1}. Best is trial 17 with value: 0.28403410065948265.
Trial 23 finished with value: -1.8500743453143087 and parameters: {'n_components': 6, 'degree': 1}. Best is trial 17 with value: 0.28403410065948265.
Trial 19 finished with value: -1.912993986102945 and parameters: {'n_components': 4, 'degree': 1}. Best is trial 17 with value: 0.28403410065948265.
Trial 6 finished with value: 0.05940135048659485 and parameters: {'n_components': 9, 'degree': 2}. Best is trial 17 with value: 0.28403410065948265.
Trial 2 finished with value: -0.0853525921586453 and parameters: {'n_components': 4, 'degree': 2}. Best is trial 17 with value: 0.28403410065948265.
Trial 9 finished with value: -15.856396365429733 and parameters: {'n_components': 7, 'degree': 3}. Best is trial 17 with value: 0.28403410065948265.
Trial 8 finished with value: 0.5104236060202343 and parameters: {'n_components': 6, 'degree': 4}. Best is trial 8 with value: 0.5104236060202343.
Trial 26 finished with value: -1.912993986102945 and parameters: {'n_components': 4, 'degree': 1}. Best is trial 8 with value: 0.5104236060202343.
Trial 25 finished with value: -1.0314537056946642 and parameters: {'n_components': 9, 'degree': 1}. Best is trial 8 with value: 0.5104236060202343.
Trial 28 finished with value: -1.0314537056946642 and parameters: {'n_components': 9, 'degree': 1}. Best is trial 8 with value: 0.5104236060202343.
Trial 30 finished with value: 0.4089699442074447 and parameters: {'n_components': 11, 'degree': 3}. Best is trial 8 with value: 0.5104236060202343.
Trial 32 finished with value: -4.972387294169382 and parameters: {'n_components': 1, 'degree': 3}. Best is trial 8 with value: 0.5104236060202343.
Trial 27 finished with value: 0.04032479858646983 and parameters: {'n_components': 11, 'degree': 2}. Best is trial 38 with value: 0.5592390023099376.
Trial 29 finished with value: -20.010343560032354 and parameters: {'n_components': 5, 'degree': 3}. Best is trial 38 with value: 0.5592390023099376.
Trial 39 finished with value: -5.075613597255519 and parameters: {'n_components': 2, 'degree': 1}. Best is trial 38 with value: 0.5592390023099376.
Trial 24 finished with value: 0.49864396679272704 and parameters: {'n_components': 7, 'degree': 4}. Best is trial 38 with value: 0.5592390023099376.
Trial 42 finished with value: 0.5592390023099376 and parameters: {'n_components': 8, 'degree': 4}. Best is trial 36 with value: 0.5838417158248452.
Trial 38 finished with value: 0.5592390023099376 and parameters: {'n_components': 8, 'degree': 4}. Best is trial 36 with value: 0.5838417158248452.
Trial 31 finished with value: -8.204983554641682 and parameters: {'n_components': 4, 'degree': 4}. Best is trial 36 with value: 0.5838417158248452.
Trial 33 finished with value: -2.296940592262997 and parameters: {'n_components': 3, 'degree': 1}. Best is trial 36 with value: 0.5838417158248452.
Trial 36 finished with value: 0.5838417158248452 and parameters: {'n_components': 9, 'degree': 4}. Best is trial 36 with value: 0.5838417158248452.
Trial 41 finished with value: -5.7683786495964 and parameters: {'n_components': 1, 'degree': 2}. Best is trial 36 with value: 0.5838417158248452.
Trial 46 finished with value: 0.035599306417670784 and parameters: {'n_components': 7, 'degree': 2}. Best is trial 36 with value: 0.5838417158248452.
Trial 48 finished with value: -5.075613597255519 and parameters: {'n_components': 2, 'degree': 1}. Best is trial 36 with value: 0.5838417158248452.
Trial 34 finished with value: 0.49864396679272704 and parameters: {'n_components': 7, 'degree': 4}. Best is trial 36 with value: 0.5838417158248452.
Trial 40 finished with value: 0.04032479858646983 and parameters: {'n_components': 11, 'degree': 2}. Best is trial 36 with value: 0.5838417158248452.
Trial 35 finished with value: -4.972387294169382 and parameters: {'n_components': 1, 'degree': 3}. Best is trial 36 with value: 0.5838417158248452.
Trial 45 finished with value: -1.0314537056946642 and parameters: {'n_components': 9, 'degree': 1}. Best is trial 36 with value: 0.5838417158248452.
Trial 37 finished with value: -0.3032339113441515 and parameters: {'n_components': 11, 'degree': 4}. Best is trial 36 with value: 0.5838417158248452.
Trial 47 finished with value: -1.8430388624827128 and parameters: {'n_components': 5, 'degree': 1}. Best is trial 36 with value: 0.5838417158248452.
Trial 44 finished with value: -7.550201187482766 and parameters: {'n_components': 3, 'degree': 4}. Best is trial 36 with value: 0.5838417158248452.
Trial 49 finished with value: -2.6940977398742105 and parameters: {'n_components': 2, 'degree': 3}. Best is trial 36 with value: 0.5838417158248452.
Trial 53 finished with value: 0.5104236060202343 and parameters: {'n_components': 6, 'degree': 4}. Best is trial 36 with value: 0.5838417158248452.
Trial 43 finished with value: -4.362250633200866 and parameters: {'n_components': 8, 'degree': 3}. Best is trial 36 with value: 0.5838417158248452.
Trial 52 finished with value: -20.016956307018834 and parameters: {'n_components': 8, 'degree': 2}. Best is trial 36 with value: 0.5838417158248452.
Trial 50 finished with value: 0.5104236060202343 and parameters: {'n_components': 6, 'degree': 4}. Best is trial 36 with value: 0.5838417158248452.
Trial 55 finished with value: -0.2532388702093953 and parameters: {'n_components': 11, 'degree': 1}. Best is trial 36 with value: 0.5838417158248452.
Trial 56 finished with value: -0.2532388702093953 and parameters: {'n_components': 11, 'degree': 1}. Best is trial 36 with value: 0.5838417158248452.
Trial 68 finished with value: 0.4357974728110947 and parameters: {'n_components': 9, 'degree': 3}. Best is trial 36 with value: 0.5838417158248452.
Trial 57 finished with value: -1.1270334658045407 and parameters: {'n_components': 10, 'degree': 1}. Best is trial 36 with value: 0.5838417158248452.
Trial 67 finished with value: 0.25607145081291555 and parameters: {'n_components': 10, 'degree': 3}. Best is trial 36 with value: 0.5838417158248452.
Trial 51 finished with value: 0.5104236060202343 and parameters: {'n_components': 6, 'degree': 4}. Best is trial 36 with value: 0.5838417158248452.
Trial 59 finished with value: 0.49864396679272704 and parameters: {'n_components': 7, 'degree': 4}. Best is trial 36 with value: 0.5838417158248452.
Trial 64 finished with value: -20.010343560032354 and parameters: {'n_components': 5, 'degree': 3}. Best is trial 36 with value: 0.5838417158248452.
Trial 62 finished with value: 0.5838417158248452 and parameters: {'n_components': 9, 'degree': 4}. Best is trial 36 with value: 0.5838417158248452.
Trial 58 finished with value: -0.2532388702093953 and parameters: {'n_components': 11, 'degree': 1}. Best is trial 36 with value: 0.5838417158248452.
Trial 71 finished with value: -1.0314537056946642 and parameters: {'n_components': 9, 'degree': 1}. Best is trial 36 with value: 0.5838417158248452.
Trial 75 finished with value: -0.018832782460881114 and parameters: {'n_components': 3, 'degree': 3}. Best is trial 36 with value: 0.5838417158248452.
Trial 61 finished with value: -0.7536068843392412 and parameters: {'n_components': 2, 'degree': 4}. Best is trial 36 with value: 0.5838417158248452.
Trial 65 finished with value: -20.016956307018834 and parameters: {'n_components': 8, 'degree': 2}. Best is trial 36 with value: 0.5838417158248452.
Trial 66 finished with value: -5.075613597255519 and parameters: {'n_components': 2, 'degree': 1}. Best is trial 36 with value: 0.5838417158248452.
Trial 70 finished with value: -7.550201187482766 and parameters: {'n_components': 3, 'degree': 4}. Best is trial 36 with value: 0.5838417158248452.
Trial 73 finished with value: 0.4357974728110947 and parameters: {'n_components': 9, 'degree': 3}. Best is trial 36 with value: 0.5838417158248452.
Trial 72 finished with value: -4.897007790713415 and parameters: {'n_components': 2, 'degree': 2}. Best is trial 36 with value: 0.5838417158248452.
Trial 60 finished with value: -4.972387294169382 and parameters: {'n_components': 1, 'degree': 3}. Best is trial 36 with value: 0.5838417158248452.
Trial 69 finished with value: -5.7683786495964 and parameters: {'n_components': 1, 'degree': 2}. Best is trial 36 with value: 0.5838417158248452.
Trial 63 finished with value: -1.726214101761914 and parameters: {'n_components': 8, 'degree': 1}. Best is trial 36 with value: 0.5838417158248452.
Trial 54 finished with value: -0.3032339113441515 and parameters: {'n_components': 11, 'degree': 4}. Best is trial 36 with value: 0.5838417158248452.
Trial 76 finished with value: -1.8500743453143087 and parameters: {'n_components': 6, 'degree': 1}. Best is trial 36 with value: 0.5838417158248452.
Trial 74 finished with value: -1.8500743453143087 and parameters: {'n_components': 6, 'degree': 1}. Best is trial 36 with value: 0.5838417158248452.
Trial 78 finished with value: 0.17458944697845996 and parameters: {'n_components': 10, 'degree': 2}. Best is trial 36 with value: 0.5838417158248452.
Trial 80 finished with value: 0.59818626880301 and parameters: {'n_components': 10, 'degree': 4}. Best is trial 80 with value: 0.59818626880301.
Trial 77 finished with value: -20.016956307018834 and parameters: {'n_components': 8, 'degree': 2}. Best is trial 80 with value: 0.59818626880301.
Trial 81 finished with value: -5.075613597255519 and parameters: {'n_components': 2, 'degree': 1}. Best is trial 80 with value: 0.59818626880301.
Trial 85 finished with value: -5.7683786495964 and parameters: {'n_components': 1, 'degree': 2}. Best is trial 80 with value: 0.59818626880301.
Trial 88 finished with value: -4.972387294169382 and parameters: {'n_components': 1, 'degree': 3}. Best is trial 80 with value: 0.59818626880301.
Trial 86 finished with value: -0.018832782460881114 and parameters: {'n_components': 3, 'degree': 3}. Best is trial 80 with value: 0.59818626880301.
Trial 84 finished with value: -4.834415043942284 and parameters: {'n_components': 1, 'degree': 4}. Best is trial 80 with value: 0.59818626880301.
Trial 89 finished with value: 0.25607145081291555 and parameters: {'n_components': 10, 'degree': 3}. Best is trial 80 with value: 0.59818626880301.
Trial 79 finished with value: -5.075613597255519 and parameters: {'n_components': 2, 'degree': 1}. Best is trial 80 with value: 0.59818626880301.
Trial 93 finished with value: -0.018832782460881114 and parameters: {'n_components': 3, 'degree': 3}. Best is trial 80 with value: 0.59818626880301.
Trial 82 finished with value: -0.0853525921586453 and parameters: {'n_components': 4, 'degree': 2}. Best is trial 80 with value: 0.59818626880301.
Trial 92 finished with value: -5.7683786495964 and parameters: {'n_components': 1, 'degree': 2}. Best is trial 80 with value: 0.59818626880301.
Trial 97 finished with value: 0.4357974728110947 and parameters: {'n_components': 9, 'degree': 3}. Best is trial 80 with value: 0.59818626880301.
Trial 83 finished with value: -0.7536068843392412 and parameters: {'n_components': 2, 'degree': 4}. Best is trial 80 with value: 0.59818626880301.
Trial 95 finished with value: -1.912993986102945 and parameters: {'n_components': 4, 'degree': 1}. Best is trial 80 with value: 0.59818626880301.
Trial 94 finished with value: -1.8449843199228009 and parameters: {'n_components': 7, 'degree': 1}. Best is trial 80 with value: 0.59818626880301.
Trial 90 finished with value: -5.075613597255519 and parameters: {'n_components': 2, 'degree': 1}. Best is trial 80 with value: 0.59818626880301.
Trial 96 finished with value: 0.035599306417670784 and parameters: {'n_components': 7, 'degree': 2}. Best is trial 80 with value: 0.59818626880301.
Trial 91 finished with value: -8.204983554641682 and parameters: {'n_components': 4, 'degree': 4}. Best is trial 80 with value: 0.59818626880301.
Trial 87 finished with value: -1.726214101761914 and parameters: {'n_components': 8, 'degree': 1}. Best is trial 80 with value: 0.59818626880301.
Trial 98 finished with value: -0.7536068843392412 and parameters: {'n_components': 2, 'degree': 4}. Best is trial 80 with value: 0.59818626880301.
Trial 99 finished with value: -0.018832782460881114 and parameters: {'n_components': 3, 'degree': 3}. Best is trial 80 with value: 0.59818626880301.
