A new study created in RDB with name: no-name-f9eebab5-1710-4a24-9a8c-ecc7e9150b80
Trial 0 finished with value: 0.617002169524945 and parameters: {'alpha': 7.456123784920401, 'max_iter': 45506}. Best is trial 0 with value: 0.617002169524945.
Trial 1 finished with value: 0.771487839787403 and parameters: {'alpha': 0.010103522465847253, 'max_iter': 35053}. Best is trial 1 with value: 0.771487839787403.
Trial 2 finished with value: 0.7715593164788856 and parameters: {'alpha': 0.013352313984509841, 'max_iter': 18049}. Best is trial 2 with value: 0.7715593164788856.
Trial 3 finished with value: 0.7744962118496634 and parameters: {'alpha': 0.1568354463710841, 'max_iter': 4252}. Best is trial 3 with value: 0.7744962118496634.
Trial 4 finished with value: 0.7722521808275378 and parameters: {'alpha': 0.045586207996451134, 'max_iter': 72245}. Best is trial 3 with value: 0.7744962118496634.
Trial 5 finished with value: 0.7777599517800867 and parameters: {'alpha': 0.5550592706168271, 'max_iter': 89049}. Best is trial 5 with value: 0.7777599517800867.
Trial 6 finished with value: 0.7713378601443734 and parameters: {'alpha': 0.003224725859501166, 'max_iter': 26453}. Best is trial 5 with value: 0.7777599517800867.
Trial 7 finished with value: 0.7712748403063696 and parameters: {'alpha': 0.00040511509491982975, 'max_iter': 16595}. Best is trial 5 with value: 0.7777599517800867.
Trial 8 finished with value: 0.7724808268166269 and parameters: {'alpha': 1.574995346064251, 'max_iter': 93743}. Best is trial 5 with value: 0.7777599517800867.
Trial 9 finished with value: 0.7725364109304664 and parameters: {'alpha': 0.05890044168898252, 'max_iter': 61637}. Best is trial 5 with value: 0.7777599517800867.
Trial 10 finished with value: 0.7723140041682941 and parameters: {'alpha': 0.04849274402405387, 'max_iter': 17023}. Best is trial 5 with value: 0.7777599517800867.
Trial 11 finished with value: 0.7730209311248142 and parameters: {'alpha': 0.08188983927876138, 'max_iter': 79940}. Best is trial 5 with value: 0.7777599517800867.
Trial 12 finished with value: 0.7712713508753534 and parameters: {'alpha': 0.00027967919819746665, 'max_iter': 12826}. Best is trial 5 with value: 0.7777599517800867.
Trial 13 finished with value: 0.772115674614228 and parameters: {'alpha': 0.03915832666970453, 'max_iter': 11432}. Best is trial 5 with value: 0.7777599517800867.
Trial 14 finished with value: 0.7712795049108989 and parameters: {'alpha': 0.0006568289665753632, 'max_iter': 42626}. Best is trial 5 with value: 0.7777599517800867.
Trial 15 finished with value: 0.7712800236738084 and parameters: {'alpha': 0.000675404820422368, 'max_iter': 57453}. Best is trial 5 with value: 0.7777599517800867.
Trial 16 finished with value: 0.7713600672057425 and parameters: {'alpha': 0.004303516773083194, 'max_iter': 68271}. Best is trial 5 with value: 0.7777599517800867.
Trial 17 finished with value: 0.7712697224239157 and parameters: {'alpha': 0.00021966495601128842, 'max_iter': 92508}. Best is trial 5 with value: 0.7777599517800867.
Trial 18 finished with value: 0.7774496238156926 and parameters: {'alpha': 0.48794814891007965, 'max_iter': 53116}. Best is trial 5 with value: 0.7777599517800867.
Trial 19 finished with value: 0.7777348246148377 and parameters: {'alpha': 0.5489112556485047, 'max_iter': 99849}. Best is trial 5 with value: 0.7777599517800867.
Trial 20 finished with value: 0.7712678342126849 and parameters: {'alpha': 0.0001302056099618653, 'max_iter': 28647}. Best is trial 5 with value: 0.7777599517800867.
Trial 21 finished with value: 0.7714291590849337 and parameters: {'alpha': 0.007429976505897414, 'max_iter': 43079}. Best is trial 5 with value: 0.7777599517800867.
Trial 22 finished with value: 0.7713181879704117 and parameters: {'alpha': 0.002382452346112368, 'max_iter': 18297}. Best is trial 5 with value: 0.7777599517800867.
Trial 23 finished with value: 0.7733195268776333 and parameters: {'alpha': 0.09589838000862669, 'max_iter': 74384}. Best is trial 5 with value: 0.7777599517800867.
Trial 24 finished with value: 0.7712896173511925 and parameters: {'alpha': 0.0010993688455987584, 'max_iter': 48188}. Best is trial 5 with value: 0.7777599517800867.
Trial 25 finished with value: 0.7712761128353696 and parameters: {'alpha': 0.0005033734556603721, 'max_iter': 50923}. Best is trial 5 with value: 0.7777599517800867.
Trial 26 finished with value: 0.7713301183184537 and parameters: {'alpha': 0.002897175814731515, 'max_iter': 97945}. Best is trial 5 with value: 0.7777599517800867.
Trial 27 finished with value: 0.7736328638899288 and parameters: {'alpha': 0.11100729807848836, 'max_iter': 51292}. Best is trial 5 with value: 0.7777599517800867.
Trial 28 finished with value: 0.7712712549691051 and parameters: {'alpha': 0.000286776718707802, 'max_iter': 97745}. Best is trial 5 with value: 0.7777599517800867.
Trial 29 finished with value: 0.7725861783103017 and parameters: {'alpha': 0.06125205669240526, 'max_iter': 42732}. Best is trial 5 with value: 0.7777599517800867.
Trial 30 finished with value: 0.7712688327789475 and parameters: {'alpha': 0.00017778104905021898, 'max_iter': 47017}. Best is trial 5 with value: 0.7777599517800867.
Trial 31 finished with value: 0.7623902978656749 and parameters: {'alpha': 2.553845224725722, 'max_iter': 72214}. Best is trial 5 with value: 0.7777599517800867.
Trial 32 finished with value: 0.7720469617883513 and parameters: {'alpha': 0.035950260475190184, 'max_iter': 35557}. Best is trial 5 with value: 0.7777599517800867.
Trial 33 finished with value: 0.7713988076403537 and parameters: {'alpha': 0.006039841559862055, 'max_iter': 89319}. Best is trial 5 with value: 0.7777599517800867.
Trial 34 finished with value: 0.7714320093447791 and parameters: {'alpha': 0.007554445156874911, 'max_iter': 71180}. Best is trial 5 with value: 0.7777599517800867.
Trial 35 finished with value: 0.7713153443477014 and parameters: {'alpha': 0.002249836951003495, 'max_iter': 93550}. Best is trial 5 with value: 0.7777599517800867.
Trial 36 finished with value: 0.5593479569036676 and parameters: {'alpha': 8.736359675743993, 'max_iter': 37517}. Best is trial 5 with value: 0.7777599517800867.
Trial 37 finished with value: 0.7713547226756717 and parameters: {'alpha': 0.004064256267657126, 'max_iter': 89070}. Best is trial 5 with value: 0.7777599517800867.
Trial 38 finished with value: 0.7712727108530147 and parameters: {'alpha': 0.0003390881444571762, 'max_iter': 2634}. Best is trial 5 with value: 0.7777599517800867.
Trial 39 finished with value: 0.7714083319787923 and parameters: {'alpha': 0.006490942595461545, 'max_iter': 24408}. Best is trial 5 with value: 0.7777599517800867.
Trial 40 finished with value: 0.7760305760729282 and parameters: {'alpha': 0.2766338000801341, 'max_iter': 32924}. Best is trial 5 with value: 0.7777599517800867.
Trial 41 finished with value: 0.7712819916915209 and parameters: {'alpha': 0.0007649174861634867, 'max_iter': 32960}. Best is trial 5 with value: 0.7777599517800867.
Trial 42 finished with value: 0.7371315685062798 and parameters: {'alpha': 3.9392071232825248, 'max_iter': 96959}. Best is trial 5 with value: 0.7777599517800867.
Trial 43 finished with value: 0.7713020001671878 and parameters: {'alpha': 0.0016573258627603235, 'max_iter': 10425}. Best is trial 5 with value: 0.7777599517800867.
Trial 44 finished with value: 0.7712697124111653 and parameters: {'alpha': 0.000219040333697113, 'max_iter': 94885}. Best is trial 5 with value: 0.7777599517800867.
Trial 45 finished with value: 0.7723053260571663 and parameters: {'alpha': 0.04812516342109649, 'max_iter': 89663}. Best is trial 5 with value: 0.7777599517800867.
Trial 46 finished with value: 0.7713177204725155 and parameters: {'alpha': 0.002350493603084966, 'max_iter': 17906}. Best is trial 5 with value: 0.7777599517800867.
Trial 47 finished with value: 0.7536158936808265 and parameters: {'alpha': 3.1300890962283967, 'max_iter': 38235}. Best is trial 5 with value: 0.7777599517800867.
Trial 48 finished with value: 0.7712786974989781 and parameters: {'alpha': 0.0006166608273249997, 'max_iter': 70450}. Best is trial 5 with value: 0.7777599517800867.
Trial 49 finished with value: 0.7712986158145507 and parameters: {'alpha': 0.001501762297464285, 'max_iter': 16287}. Best is trial 5 with value: 0.7777599517800867.
Trial 50 finished with value: 0.7712759532441783 and parameters: {'alpha': 0.0004962019291774433, 'max_iter': 69127}. Best is trial 5 with value: 0.7777599517800867.
Trial 51 finished with value: 0.771334484613708 and parameters: {'alpha': 0.0030995642771240346, 'max_iter': 30438}. Best is trial 5 with value: 0.7777599517800867.
Trial 52 finished with value: 0.7714226289958133 and parameters: {'alpha': 0.007131105542062671, 'max_iter': 94008}. Best is trial 5 with value: 0.7777599517800867.
Trial 53 finished with value: 0.7713047953800809 and parameters: {'alpha': 0.0017818232640635725, 'max_iter': 37874}. Best is trial 5 with value: 0.7777599517800867.
Trial 54 finished with value: 0.7712672285880313 and parameters: {'alpha': 0.00010008786338501369, 'max_iter': 22223}. Best is trial 5 with value: 0.7777599517800867.
Trial 55 finished with value: 0.7704761183719616 and parameters: {'alpha': 1.7808275641521176, 'max_iter': 30594}. Best is trial 5 with value: 0.7777599517800867.
Trial 56 finished with value: 0.7773312260709059 and parameters: {'alpha': 0.46571124815335885, 'max_iter': 94296}. Best is trial 5 with value: 0.7777599517800867.
Trial 57 finished with value: 0.7712679165793045 and parameters: {'alpha': 0.00013370629836915085, 'max_iter': 27803}. Best is trial 5 with value: 0.7777599517800867.
Trial 58 finished with value: 0.7737889739296422 and parameters: {'alpha': 0.11882473317768422, 'max_iter': 52800}. Best is trial 5 with value: 0.7777599517800867.
Trial 59 finished with value: 0.773204225533818 and parameters: {'alpha': 0.09043198362384736, 'max_iter': 97044}. Best is trial 5 with value: 0.7777599517800867.
Trial 60 finished with value: 0.7712838333954054 and parameters: {'alpha': 0.0008420857495516216, 'max_iter': 29236}. Best is trial 5 with value: 0.7777599517800867.
Trial 61 finished with value: 0.7715429725605341 and parameters: {'alpha': 0.01259680964231133, 'max_iter': 7663}. Best is trial 5 with value: 0.7777599517800867.
Trial 62 finished with value: 0.7663676440366661 and parameters: {'alpha': 2.1975338105563527, 'max_iter': 7781}. Best is trial 5 with value: 0.7777599517800867.
Trial 63 finished with value: 0.74908293772034 and parameters: {'alpha': 3.382685847242533, 'max_iter': 53174}. Best is trial 5 with value: 0.7777599517800867.
Trial 64 finished with value: 0.7713930826859328 and parameters: {'alpha': 0.005793613574772289, 'max_iter': 58127}. Best is trial 5 with value: 0.7777599517800867.
Trial 65 finished with value: 0.7780690232200297 and parameters: {'alpha': 0.7587552184826765, 'max_iter': 60043}. Best is trial 65 with value: 0.7780690232200297.
Trial 66 finished with value: 0.773561515752949 and parameters: {'alpha': 0.1075819869718806, 'max_iter': 97597}. Best is trial 65 with value: 0.7780690232200297.
Trial 67 finished with value: 0.7714545212115286 and parameters: {'alpha': 0.008582118732390535, 'max_iter': 44700}. Best is trial 65 with value: 0.7780690232200297.
Trial 68 finished with value: 0.77792299443902 and parameters: {'alpha': 0.8711574136504623, 'max_iter': 96974}. Best is trial 65 with value: 0.7780690232200297.
Trial 69 finished with value: 0.7712948448719661 and parameters: {'alpha': 0.0013334745767114673, 'max_iter': 83288}. Best is trial 65 with value: 0.7780690232200297.
Trial 70 finished with value: 0.7723100215135187 and parameters: {'alpha': 0.0482996760446126, 'max_iter': 99412}. Best is trial 65 with value: 0.7780690232200297.
Trial 71 finished with value: 0.7712742205737988 and parameters: {'alpha': 0.0003830583330094458, 'max_iter': 11354}. Best is trial 65 with value: 0.7780690232200297.
Trial 72 finished with value: 0.778026173945337 and parameters: {'alpha': 0.809012048317584, 'max_iter': 28298}. Best is trial 65 with value: 0.7780690232200297.
Trial 73 finished with value: 0.7713711135367907 and parameters: {'alpha': 0.004787607643040999, 'max_iter': 46474}. Best is trial 65 with value: 0.7780690232200297.
Trial 74 finished with value: 0.7764593829968246 and parameters: {'alpha': 0.3308984050830546, 'max_iter': 82189}. Best is trial 65 with value: 0.7780690232200297.
Trial 75 finished with value: 0.7715123373492868 and parameters: {'alpha': 0.01122630852809289, 'max_iter': 39659}. Best is trial 65 with value: 0.7780690232200297.
Trial 76 finished with value: 0.7764331710522565 and parameters: {'alpha': 1.1377916234420746, 'max_iter': 78341}. Best is trial 65 with value: 0.7780690232200297.
Trial 77 finished with value: 0.7714111921023646 and parameters: {'alpha': 0.00661867306412431, 'max_iter': 98094}. Best is trial 65 with value: 0.7780690232200297.
Trial 78 finished with value: 0.7713068185116898 and parameters: {'alpha': 0.0018646116197871404, 'max_iter': 56938}. Best is trial 65 with value: 0.7780690232200297.
Trial 79 finished with value: 0.7712683994092182 and parameters: {'alpha': 0.00016064504646126483, 'max_iter': 87331}. Best is trial 65 with value: 0.7780690232200297.
