A new study created in RDB with name: no-name-0d451791-3af6-4606-8d31-883c99d5cfbe
Trial 1 finished with value: 0.7713874771546854 and parameters: {'alpha': 0.005535910925465819, 'max_iter': 76484}. Best is trial 14 with value: 0.7720232651306265.
Trial 21 finished with value: 0.7713696731358093 and parameters: {'alpha': 0.004738011858938859, 'max_iter': 66457}. Best is trial 14 with value: 0.7720232651306265.
Trial 11 finished with value: 0.7716476842986879 and parameters: {'alpha': 0.017392214805295302, 'max_iter': 60404}. Best is trial 4 with value: 0.7761481658720852.
Trial 14 finished with value: 0.7720232651306265 and parameters: {'alpha': 0.03477277417154895, 'max_iter': 36421}. Best is trial 4 with value: 0.7761481658720852.
Trial 6 finished with value: 0.6196854610507102 and parameters: {'alpha': 7.39302255414396, 'max_iter': 65759}. Best is trial 4 with value: 0.7761481658720852.
Trial 13 finished with value: 0.7717098648031835 and parameters: {'alpha': 0.020270120076896974, 'max_iter': 36703}. Best is trial 23 with value: 0.7771142753666542.
Trial 3 finished with value: 0.7712791039117082 and parameters: {'alpha': 0.0006381430727985874, 'max_iter': 71264}. Best is trial 23 with value: 0.7771142753666542.
Trial 22 finished with value: 0.7712936842677405 and parameters: {'alpha': 0.001283562001688919, 'max_iter': 70369}. Best is trial 23 with value: 0.7771142753666542.
Trial 15 finished with value: 0.7712703409529558 and parameters: {'alpha': 0.00021279023461568094, 'max_iter': 25637}. Best is trial 23 with value: 0.7771142753666542.
Trial 9 finished with value: 0.7712734079690338 and parameters: {'alpha': 0.000381827945123722, 'max_iter': 94015}. Best is trial 0 with value: 0.7778687103188366.
Trial 2 finished with value: 0.7712758178869963 and parameters: {'alpha': 0.0004284635863848624, 'max_iter': 3037}. Best is trial 0 with value: 0.7778687103188366.
Trial 23 finished with value: 0.7771142753666542 and parameters: {'alpha': 0.42818012342619044, 'max_iter': 28997}. Best is trial 0 with value: 0.7778687103188366.
Trial 4 finished with value: 0.7761481658720852 and parameters: {'alpha': 1.1757522295540996, 'max_iter': 52855}. Best is trial 0 with value: 0.7778687103188366.
Trial 17 finished with value: 0.7712916132799904 and parameters: {'alpha': 0.001194874978771536, 'max_iter': 70286}. Best is trial 0 with value: 0.7778687103188366.
Trial 20 finished with value: 0.7714641210194773 and parameters: {'alpha': 0.009016130334583388, 'max_iter': 39576}. Best is trial 0 with value: 0.7778687103188366.
Trial 12 finished with value: 0.7712722017406984 and parameters: {'alpha': 0.0003225016817878957, 'max_iter': 30241}. Best is trial 0 with value: 0.7778687103188366.
Trial 0 finished with value: 0.7778687103188366 and parameters: {'alpha': 0.8947664055781953, 'max_iter': 62824}. Best is trial 0 with value: 0.7778687103188366.
Trial 18 finished with value: 0.7765794184386479 and parameters: {'alpha': 0.3476491856162773, 'max_iter': 17802}. Best is trial 0 with value: 0.7778687103188366.
Trial 19 finished with value: 0.7719897463612135 and parameters: {'alpha': 0.03324797209121616, 'max_iter': 19402}. Best is trial 0 with value: 0.7778687103188366.
Trial 10 finished with value: 0.7721389914558061 and parameters: {'alpha': 0.04023947317201446, 'max_iter': 93292}. Best is trial 0 with value: 0.7778687103188366.
Trial 16 finished with value: 0.537881363994043 and parameters: {'alpha': 9.201014349268249, 'max_iter': 27676}. Best is trial 0 with value: 0.7778687103188366.
Trial 5 finished with value: 0.7713126079250326 and parameters: {'alpha': 0.0021242570285828237, 'max_iter': 95487}. Best is trial 0 with value: 0.7778687103188366.
Trial 7 finished with value: 0.7715221907650573 and parameters: {'alpha': 0.011679743540915105, 'max_iter': 74572}. Best is trial 0 with value: 0.7778687103188366.
Trial 8 finished with value: 0.7712793098317153 and parameters: {'alpha': 0.0006433266983248966, 'max_iter': 27523}. Best is trial 0 with value: 0.7778687103188366.
Trial 26 finished with value: 0.7772285889726911 and parameters: {'alpha': 0.4473631437400518, 'max_iter': 3432}. Best is trial 0 with value: 0.7778687103188366.
Trial 24 finished with value: 0.7713824529691099 and parameters: {'alpha': 0.0052967148761403305, 'max_iter': 11630}. Best is trial 32 with value: 0.7779386063137864.
Trial 38 finished with value: 0.7720186164688769 and parameters: {'alpha': 0.034600638418823305, 'max_iter': 79058}. Best is trial 32 with value: 0.7779386063137864.
Trial 30 finished with value: 0.7764260036803933 and parameters: {'alpha': 0.32644001273411266, 'max_iter': 32876}. Best is trial 32 with value: 0.7779386063137864.
Trial 29 finished with value: 0.6965981632659444 and parameters: {'alpha': 5.362224480502511, 'max_iter': 55366}. Best is trial 32 with value: 0.7779386063137864.
Trial 36 finished with value: 0.7716863007119313 and parameters: {'alpha': 0.019188096067718912, 'max_iter': 94154}. Best is trial 32 with value: 0.7779386063137864.
Trial 32 finished with value: 0.7779386063137864 and parameters: {'alpha': 0.8641929643276189, 'max_iter': 54926}. Best is trial 32 with value: 0.7779386063137864.
Trial 28 finished with value: 0.7713208823032444 and parameters: {'alpha': 0.0024962993716808445, 'max_iter': 17387}. Best is trial 32 with value: 0.7779386063137864.
Trial 34 finished with value: 0.7712953087141473 and parameters: {'alpha': 0.0013513155212344769, 'max_iter': 22095}. Best is trial 32 with value: 0.7779386063137864.
Trial 41 finished with value: 0.7712737156188536 and parameters: {'alpha': 0.00035901920158590175, 'max_iter': 20155}. Best is trial 32 with value: 0.7779386063137864.
Trial 39 finished with value: 0.7764912726409066 and parameters: {'alpha': 0.3352767923644977, 'max_iter': 71063}. Best is trial 32 with value: 0.7779386063137864.
Trial 42 finished with value: 0.7776364520914653 and parameters: {'alpha': 0.9469965261543354, 'max_iter': 58723}. Best is trial 32 with value: 0.7779386063137864.
Trial 27 finished with value: 0.7712743037477011 and parameters: {'alpha': 0.0004218557694072415, 'max_iter': 63716}. Best is trial 32 with value: 0.7779386063137864.
Trial 40 finished with value: 0.6828263671249094 and parameters: {'alpha': 5.758560340027978, 'max_iter': 35978}. Best is trial 32 with value: 0.7779386063137864.
Trial 37 finished with value: 0.7712751957531011 and parameters: {'alpha': 0.0004625150367752019, 'max_iter': 28742}. Best is trial 32 with value: 0.7779386063137864.
Trial 47 finished with value: 0.734823363910288 and parameters: {'alpha': 4.037576136989531, 'max_iter': 50764}. Best is trial 32 with value: 0.7779386063137864.
Trial 43 finished with value: 0.7712766294191276 and parameters: {'alpha': 0.0005261138147505004, 'max_iter': 58932}. Best is trial 32 with value: 0.7779386063137864.
Trial 44 finished with value: 0.7746085774990814 and parameters: {'alpha': 0.1637269212190499, 'max_iter': 38957}. Best is trial 32 with value: 0.7779386063137864.
Trial 35 finished with value: 0.7712678784182343 and parameters: {'alpha': 0.00011858697679689663, 'max_iter': 48793}. Best is trial 32 with value: 0.7779386063137864.
Trial 45 finished with value: 0.7712807757096776 and parameters: {'alpha': 0.0007094515109192918, 'max_iter': 41063}. Best is trial 32 with value: 0.7779386063137864.
Trial 25 finished with value: 0.7712710434016972 and parameters: {'alpha': 0.00027811020530454065, 'max_iter': 52019}. Best is trial 32 with value: 0.7779386063137864.
Trial 31 finished with value: 0.7715017003190632 and parameters: {'alpha': 0.010724885443267313, 'max_iter': 29450}. Best is trial 32 with value: 0.7779386063137864.
Trial 33 finished with value: 0.7694139543321215 and parameters: {'alpha': 1.8789150783294353, 'max_iter': 34876}. Best is trial 32 with value: 0.7779386063137864.
Trial 46 finished with value: 0.7737678509546184 and parameters: {'alpha': 0.11779685491361998, 'max_iter': 62300}. Best is trial 32 with value: 0.7779386063137864.
Trial 54 finished with value: 0.7712895979744087 and parameters: {'alpha': 0.000996135514748852, 'max_iter': 7300}. Best is trial 32 with value: 0.7779386063137864.
Trial 48 finished with value: 0.7712773973066647 and parameters: {'alpha': 0.0005590809022930468, 'max_iter': 99170}. Best is trial 51 with value: 0.7780237185043013.
Trial 53 finished with value: 0.7712773425975782 and parameters: {'alpha': 0.0005504410381693246, 'max_iter': 15122}. Best is trial 51 with value: 0.7780237185043013.
Trial 60 finished with value: 0.7713019337086695 and parameters: {'alpha': 0.001648943113431313, 'max_iter': 39238}. Best is trial 51 with value: 0.7780237185043013.
Trial 58 finished with value: 0.7724014574663709 and parameters: {'alpha': 0.052648882855754385, 'max_iter': 31897}. Best is trial 51 with value: 0.7780237185043013.
Trial 49 finished with value: 0.7604976768008147 and parameters: {'alpha': 2.696825001322663, 'max_iter': 11723}. Best is trial 51 with value: 0.7780237185043013.
Trial 51 finished with value: 0.7780237185043013 and parameters: {'alpha': 0.6305341804940442, 'max_iter': 56168}. Best is trial 51 with value: 0.7780237185043013.
Trial 52 finished with value: 0.5606875058110208 and parameters: {'alpha': 8.706484961798264, 'max_iter': 51339}. Best is trial 51 with value: 0.7780237185043013.
Trial 50 finished with value: 0.7731504451961048 and parameters: {'alpha': 1.4990958549139002, 'max_iter': 3190}. Best is trial 51 with value: 0.7780237185043013.
Trial 63 finished with value: 0.7318704970459985 and parameters: {'alpha': 4.159898609396811, 'max_iter': 62693}. Best is trial 51 with value: 0.7780237185043013.
Trial 59 finished with value: 0.77127318364383 and parameters: {'alpha': 0.00037063497715043235, 'max_iter': 58695}. Best is trial 51 with value: 0.7780237185043013.
Trial 55 finished with value: 0.7765484581182968 and parameters: {'alpha': 1.121831989212273, 'max_iter': 74574}. Best is trial 70 with value: 0.7780451773159034.
Trial 70 finished with value: 0.7780451773159034 and parameters: {'alpha': 0.7917092488822595, 'max_iter': 1241}. Best is trial 70 with value: 0.7780451773159034.
Trial 69 finished with value: 0.7712672054528475 and parameters: {'alpha': 0.00010530153430363764, 'max_iter': 86606}. Best is trial 70 with value: 0.7780451773159034.
Trial 64 finished with value: 0.7632221089013387 and parameters: {'alpha': 2.4843730593698274, 'max_iter': 34059}. Best is trial 70 with value: 0.7780451773159034.
Trial 61 finished with value: 0.7718157581425309 and parameters: {'alpha': 0.02515254407862902, 'max_iter': 13029}. Best is trial 70 with value: 0.7780451773159034.
Trial 56 finished with value: 0.7714541777874068 and parameters: {'alpha': 0.008558886467149895, 'max_iter': 98632}. Best is trial 70 with value: 0.7780451773159034.
Trial 62 finished with value: 0.7530471621342174 and parameters: {'alpha': 3.1630249893445854, 'max_iter': 54592}. Best is trial 70 with value: 0.7780451773159034.
Trial 67 finished with value: 0.7713027243261931 and parameters: {'alpha': 0.0015676623882596526, 'max_iter': 981}. Best is trial 70 with value: 0.7780451773159034.
Trial 68 finished with value: 0.696348042528019 and parameters: {'alpha': 5.369650720895214, 'max_iter': 11545}. Best is trial 70 with value: 0.7780451773159034.
Trial 71 finished with value: 0.761813050964083 and parameters: {'alpha': 2.6005342439553867, 'max_iter': 48223}. Best is trial 70 with value: 0.7780451773159034.
Trial 66 finished with value: 0.7716753785529982 and parameters: {'alpha': 0.018683950015627025, 'max_iter': 14990}. Best is trial 70 with value: 0.7780451773159034.
Trial 72 finished with value: 0.7717028336746193 and parameters: {'alpha': 0.019922248227962777, 'max_iter': 10799}. Best is trial 70 with value: 0.7780451773159034.
Trial 57 finished with value: 0.7759116129711561 and parameters: {'alpha': 0.26474981193156005, 'max_iter': 23925}. Best is trial 76 with value: 0.7780636371985218.
Trial 76 finished with value: 0.7780636371985218 and parameters: {'alpha': 0.7672009965652489, 'max_iter': 4988}. Best is trial 76 with value: 0.7780636371985218.
Trial 65 finished with value: 0.7714324502287185 and parameters: {'alpha': 0.007587556220872121, 'max_iter': 38857}. Best is trial 76 with value: 0.7780636371985218.
Trial 80 finished with value: 0.7712691323743955 and parameters: {'alpha': 0.00018538059173805031, 'max_iter': 19479}. Best is trial 76 with value: 0.7780636371985218.
Trial 79 finished with value: 0.7713668702299714 and parameters: {'alpha': 0.004602417497612567, 'max_iter': 10331}. Best is trial 76 with value: 0.7780636371985218.
Trial 77 finished with value: 0.7712707595729529 and parameters: {'alpha': 0.00026514599323580745, 'max_iter': 52266}. Best is trial 76 with value: 0.7780636371985218.
Trial 78 finished with value: 0.7727501989970125 and parameters: {'alpha': 0.06900975654289597, 'max_iter': 67460}. Best is trial 76 with value: 0.7780636371985218.
Trial 88 finished with value: 0.7712791994046196 and parameters: {'alpha': 0.0006403631979264669, 'max_iter': 66024}. Best is trial 76 with value: 0.7780636371985218.
Trial 73 finished with value: 0.7715563485887216 and parameters: {'alpha': 0.013205739627392394, 'max_iter': 53643}. Best is trial 76 with value: 0.7780636371985218.
Trial 74 finished with value: 0.7780520843666925 and parameters: {'alpha': 0.6620048521250744, 'max_iter': 64334}. Best is trial 76 with value: 0.7780636371985218.
Trial 89 finished with value: 0.7713012229604381 and parameters: {'alpha': 0.0016200661591185006, 'max_iter': 29850}. Best is trial 76 with value: 0.7780636371985218.
Trial 75 finished with value: 0.7712804401733457 and parameters: {'alpha': 0.000697009222181991, 'max_iter': 60488}. Best is trial 76 with value: 0.7780636371985218.
Trial 87 finished with value: 0.7713557266441572 and parameters: {'alpha': 0.004124065431798303, 'max_iter': 60613}. Best is trial 76 with value: 0.7780636371985218.
Trial 81 finished with value: 0.7725308529786126 and parameters: {'alpha': 1.5690222338983928, 'max_iter': 32949}. Best is trial 76 with value: 0.7780636371985218.
Trial 90 finished with value: 0.7748826316819256 and parameters: {'alpha': 0.18139630097309317, 'max_iter': 31561}. Best is trial 76 with value: 0.7780636371985218.
Trial 82 finished with value: 0.7732347467300976 and parameters: {'alpha': 0.09189465046316886, 'max_iter': 17405}. Best is trial 76 with value: 0.7780636371985218.
Trial 85 finished with value: 0.7173555016593849 and parameters: {'alpha': 4.699687006581491, 'max_iter': 36613}. Best is trial 76 with value: 0.7780636371985218.
Trial 84 finished with value: 0.5608392848139259 and parameters: {'alpha': 8.703096900246466, 'max_iter': 74891}. Best is trial 76 with value: 0.7780636371985218.
Trial 93 finished with value: 0.7589073740247716 and parameters: {'alpha': 2.8034334775888885, 'max_iter': 2456}. Best is trial 76 with value: 0.7780636371985218.
Trial 95 finished with value: 0.7713685731212452 and parameters: {'alpha': 0.004680828600396359, 'max_iter': 40515}. Best is trial 76 with value: 0.7780636371985218.
Trial 91 finished with value: 0.6730441318797894 and parameters: {'alpha': 6.0333249804934335, 'max_iter': 12246}. Best is trial 76 with value: 0.7780636371985218.
Trial 98 finished with value: 0.777254121947236 and parameters: {'alpha': 1.0148805836252985, 'max_iter': 71445}. Best is trial 76 with value: 0.7780636371985218.
Trial 83 finished with value: 0.596989965287689 and parameters: {'alpha': 7.9119423764157615, 'max_iter': 88718}. Best is trial 76 with value: 0.7780636371985218.
Trial 96 finished with value: 0.771276423226914 and parameters: {'alpha': 0.0005157320111017892, 'max_iter': 44875}. Best is trial 76 with value: 0.7780636371985218.
Trial 86 finished with value: 0.7720310272200108 and parameters: {'alpha': 0.03518236101073472, 'max_iter': 89117}. Best is trial 76 with value: 0.7780636371985218.
Trial 92 finished with value: 0.7728178044640132 and parameters: {'alpha': 0.07230572753696582, 'max_iter': 66349}. Best is trial 76 with value: 0.7780636371985218.
Trial 97 finished with value: 0.7772342799059062 and parameters: {'alpha': 1.0181182610561148, 'max_iter': 17524}. Best is trial 76 with value: 0.7780636371985218.
Trial 99 finished with value: 0.7726771800190704 and parameters: {'alpha': 0.06554345336482952, 'max_iter': 40267}. Best is trial 76 with value: 0.7780636371985218.
Trial 106 finished with value: 0.7721920303655654 and parameters: {'alpha': 0.04273177130103203, 'max_iter': 67088}. Best is trial 76 with value: 0.7780636371985218.
Trial 102 finished with value: 0.7505728092549697 and parameters: {'alpha': 3.302234477325595, 'max_iter': 15399}. Best is trial 76 with value: 0.7780636371985218.
Trial 105 finished with value: 0.7722963473742506 and parameters: {'alpha': 1.5967661627196656, 'max_iter': 45525}. Best is trial 76 with value: 0.7780636371985218.
Trial 103 finished with value: 0.7729840354197052 and parameters: {'alpha': 0.08010100670397609, 'max_iter': 18878}. Best is trial 76 with value: 0.7780636371985218.
Trial 104 finished with value: 0.7780409199489589 and parameters: {'alpha': 0.648833809313614, 'max_iter': 84490}. Best is trial 76 with value: 0.7780636371985218.
Trial 94 finished with value: 0.7780611513680725 and parameters: {'alpha': 0.6746308687222152, 'max_iter': 65443}. Best is trial 76 with value: 0.7780636371985218.
Trial 100 finished with value: 0.7712678317914986 and parameters: {'alpha': 0.0001327479876625886, 'max_iter': 67216}. Best is trial 76 with value: 0.7780636371985218.
Trial 107 finished with value: 0.6923471997024524 and parameters: {'alpha': 5.48715950799825, 'max_iter': 35963}. Best is trial 76 with value: 0.7780636371985218.
Trial 101 finished with value: 0.7714897551284742 and parameters: {'alpha': 0.010185312357691581, 'max_iter': 75095}. Best is trial 76 with value: 0.7780636371985218.
Trial 111 finished with value: 0.7766817908690815 and parameters: {'alpha': 1.1030183891067034, 'max_iter': 12579}. Best is trial 76 with value: 0.7780636371985218.
Trial 108 finished with value: 0.7740818891155428 and parameters: {'alpha': 0.13378910067716882, 'max_iter': 46522}. Best is trial 76 with value: 0.7780636371985218.
Trial 109 finished with value: 0.7712808499852792 and parameters: {'alpha': 0.0007105291476681214, 'max_iter': 65035}. Best is trial 76 with value: 0.7780636371985218.
Trial 110 finished with value: 0.7712757725996349 and parameters: {'alpha': 0.00048632195651157563, 'max_iter': 58161}. Best is trial 76 with value: 0.7780636371985218.
Trial 112 finished with value: 0.7728521255711727 and parameters: {'alpha': 0.07393795175172416, 'max_iter': 7970}. Best is trial 76 with value: 0.7780636371985218.
