A new study created in RDB with name: Lasso_71355
Trial 3 finished with value: 0.7757115986933663 and parameters: {'alpha': 0.24627560620230998, 'max_iter': 31714}. Best is trial 3 with value: 0.7757115986933663.
Trial 0 finished with value: 0.7712716888078218 and parameters: {'alpha': 0.0002674021513858351, 'max_iter': 18798}. Best is trial 3 with value: 0.7757115986933663.
Trial 6 finished with value: 0.7713269471962114 and parameters: {'alpha': 0.002760300176182155, 'max_iter': 58451}. Best is trial 3 with value: 0.7757115986933663.
Trial 10 finished with value: 0.7742006996034756 and parameters: {'alpha': 0.13983794167202623, 'max_iter': 75019}. Best is trial 14 with value: 0.7780540840892851.
Trial 15 finished with value: 0.7161720261298645 and parameters: {'alpha': 4.740464047125346, 'max_iter': 55465}. Best is trial 14 with value: 0.7780540840892851.
Trial 12 finished with value: 0.7746342156190007 and parameters: {'alpha': 0.1653114654129087, 'max_iter': 40138}. Best is trial 8 with value: 0.7780738235797484.
Trial 20 finished with value: 0.7712796771066847 and parameters: {'alpha': 0.0006629530706348966, 'max_iter': 98809}. Best is trial 14 with value: 0.7780540840892851.
Trial 2 finished with value: 0.7712786865935584 and parameters: {'alpha': 0.0006164938818003114, 'max_iter': 91338}. Best is trial 8 with value: 0.7780738235797484.
Trial 1 finished with value: 0.7712819609001527 and parameters: {'alpha': 0.0007633371477866497, 'max_iter': 69520}. Best is trial 8 with value: 0.7780738235797484.
Trial 11 finished with value: 0.7713748733034573 and parameters: {'alpha': 0.004980638354960646, 'max_iter': 72165}. Best is trial 14 with value: 0.7780540840892851.
Trial 14 finished with value: 0.7780540840892851 and parameters: {'alpha': 0.6643522371484386, 'max_iter': 87195}. Best is trial 8 with value: 0.7780738235797484.
Trial 4 finished with value: 0.7720778222271234 and parameters: {'alpha': 0.0373314716911341, 'max_iter': 41491}. Best is trial 8 with value: 0.7780738235797484.
Trial 19 finished with value: 0.7744754451994373 and parameters: {'alpha': 0.1556132681854784, 'max_iter': 84769}. Best is trial 8 with value: 0.7780738235797484.
Trial 18 finished with value: 0.7731620040928285 and parameters: {'alpha': 1.4977645008640204, 'max_iter': 86260}. Best is trial 8 with value: 0.7780738235797484.
Trial 13 finished with value: 0.7712712074720304 and parameters: {'alpha': 0.00028584127370122033, 'max_iter': 85631}. Best is trial 8 with value: 0.7780738235797484.
Trial 8 finished with value: 0.7780738235797484 and parameters: {'alpha': 0.7412178350768697, 'max_iter': 45411}. Best is trial 8 with value: 0.7780738235797484.
Trial 9 finished with value: 0.7780390658898272 and parameters: {'alpha': 0.6456009507979885, 'max_iter': 4763}. Best is trial 8 with value: 0.7780738235797484.
Trial 16 finished with value: 0.7712681224954814 and parameters: {'alpha': 0.00014354136852787034, 'max_iter': 19725}. Best is trial 8 with value: 0.7780738235797484.
Trial 21 finished with value: 0.7714175728798361 and parameters: {'alpha': 0.006907794617227551, 'max_iter': 65625}. Best is trial 8 with value: 0.7780738235797484.
Trial 7 finished with value: 0.7712834288084427 and parameters: {'alpha': 0.0008253040640243613, 'max_iter': 50307}. Best is trial 8 with value: 0.7780738235797484.
Trial 5 finished with value: 0.7713469892725535 and parameters: {'alpha': 0.0037133942540208283, 'max_iter': 66271}. Best is trial 8 with value: 0.7780738235797484.
Trial 17 finished with value: 0.7728334288141299 and parameters: {'alpha': 0.0730146098919958, 'max_iter': 5692}. Best is trial 8 with value: 0.7780738235797484.
Trial 23 finished with value: 0.7714815230222883 and parameters: {'alpha': 0.009811032883091389, 'max_iter': 84185}. Best is trial 8 with value: 0.7780738235797484.
Trial 22 finished with value: 0.7678248924476863 and parameters: {'alpha': 2.0360459124572023, 'max_iter': 15946}. Best is trial 8 with value: 0.7780738235797484.
Trial 25 finished with value: 0.5371722158500326 and parameters: {'alpha': 9.215928872468785, 'max_iter': 96880}. Best is trial 8 with value: 0.7780738235797484.
Trial 24 finished with value: 0.772115679955186 and parameters: {'alpha': 0.03916319158289055, 'max_iter': 9869}. Best is trial 8 with value: 0.7780738235797484.
Trial 31 finished with value: 0.7739000624479482 and parameters: {'alpha': 0.12444815191803467, 'max_iter': 72800}. Best is trial 8 with value: 0.7780738235797484.
Trial 26 finished with value: 0.7722528330677157 and parameters: {'alpha': 0.04559598176837925, 'max_iter': 5761}. Best is trial 8 with value: 0.7780738235797484.
Trial 37 finished with value: 0.6852452243200133 and parameters: {'alpha': 5.689927837416244, 'max_iter': 96404}. Best is trial 8 with value: 0.7780738235797484.
Trial 34 finished with value: 0.7722822842109359 and parameters: {'alpha': 0.04695456092430051, 'max_iter': 81977}. Best is trial 8 with value: 0.7780738235797484.
Trial 27 finished with value: 0.7780563337957199 and parameters: {'alpha': 0.6677723096988453, 'max_iter': 57360}. Best is trial 8 with value: 0.7780738235797484.
Trial 32 finished with value: 0.7718251157185922 and parameters: {'alpha': 0.02559931594344595, 'max_iter': 44939}. Best is trial 8 with value: 0.7780738235797484.
Trial 28 finished with value: 0.7712749471056533 and parameters: {'alpha': 0.0004521925189121843, 'max_iter': 44938}. Best is trial 8 with value: 0.7780738235797484.
Trial 38 finished with value: 0.7762562852279699 and parameters: {'alpha': 1.1615055688615163, 'max_iter': 21293}. Best is trial 8 with value: 0.7780738235797484.
Trial 36 finished with value: 0.7767214618334838 and parameters: {'alpha': 0.36800323581562244, 'max_iter': 52789}. Best is trial 8 with value: 0.7780738235797484.
Trial 30 finished with value: 0.7132556545638777 and parameters: {'alpha': 4.839464290956694, 'max_iter': 60515}. Best is trial 8 with value: 0.7780738235797484.
Trial 39 finished with value: 0.7443905693527636 and parameters: {'alpha': 3.611836753332733, 'max_iter': 14008}. Best is trial 8 with value: 0.7780738235797484.
Trial 29 finished with value: 0.7719894568892283 and parameters: {'alpha': 0.03323144111788329, 'max_iter': 78525}. Best is trial 8 with value: 0.7780738235797484.
Trial 45 finished with value: 0.777682967853264 and parameters: {'alpha': 0.5368364561344785, 'max_iter': 50758}. Best is trial 8 with value: 0.7780738235797484.
Trial 43 finished with value: 0.7559481499996878 and parameters: {'alpha': 2.9908256087927265, 'max_iter': 56548}. Best is trial 8 with value: 0.7780738235797484.
Trial 35 finished with value: 0.7712845574053824 and parameters: {'alpha': 0.0007938163514150104, 'max_iter': 8881}. Best is trial 8 with value: 0.7780738235797484.
Trial 41 finished with value: 0.7712735757265577 and parameters: {'alpha': 0.0003896390700657916, 'max_iter': 95830}. Best is trial 8 with value: 0.7780738235797484.
Trial 33 finished with value: 0.771338762977647 and parameters: {'alpha': 0.0033545774227687116, 'max_iter': 41235}. Best is trial 8 with value: 0.7780738235797484.
Trial 40 finished with value: 0.7738583163703023 and parameters: {'alpha': 1.4223434085758364, 'max_iter': 58827}. Best is trial 8 with value: 0.7780738235797484.
Trial 44 finished with value: 0.7717326641371509 and parameters: {'alpha': 0.021316397163222808, 'max_iter': 84150}. Best is trial 8 with value: 0.7780738235797484.
Trial 46 finished with value: 0.7764453954851919 and parameters: {'alpha': 0.32904918102278286, 'max_iter': 64836}. Best is trial 8 with value: 0.7780738235797484.
Trial 47 finished with value: 0.7712672797260332 and parameters: {'alpha': 0.00010815770173764654, 'max_iter': 5921}. Best is trial 8 with value: 0.7780738235797484.
Trial 42 finished with value: 0.771341239143555 and parameters: {'alpha': 0.0034588304689954844, 'max_iter': 94007}. Best is trial 8 with value: 0.7780738235797484.
Trial 55 finished with value: 0.776862174796766 and parameters: {'alpha': 0.3891779785429287, 'max_iter': 45922}. Best is trial 8 with value: 0.7780738235797484.
Trial 56 finished with value: 0.7718482651521125 and parameters: {'alpha': 0.026695611648876395, 'max_iter': 33618}. Best is trial 8 with value: 0.7780738235797484.
Trial 50 finished with value: 0.7723486660908316 and parameters: {'alpha': 0.05012388990786773, 'max_iter': 52436}. Best is trial 8 with value: 0.7780738235797484.
Trial 48 finished with value: 0.7683611455446245 and parameters: {'alpha': 1.9808196741107313, 'max_iter': 84388}. Best is trial 8 with value: 0.7780738235797484.
Trial 51 finished with value: 0.7712916260080551 and parameters: {'alpha': 0.0011960594186548378, 'max_iter': 48578}. Best is trial 8 with value: 0.7780738235797484.
Trial 57 finished with value: 0.7713075992860993 and parameters: {'alpha': 0.0019000305866266824, 'max_iter': 37535}. Best is trial 8 with value: 0.7780738235797484.
Trial 53 finished with value: 0.7729855113169843 and parameters: {'alpha': 0.08013701134309607, 'max_iter': 55166}. Best is trial 8 with value: 0.7780738235797484.
Trial 54 finished with value: 0.7735732353367621 and parameters: {'alpha': 0.10808944234453977, 'max_iter': 87970}. Best is trial 8 with value: 0.7780738235797484.
Trial 52 finished with value: 0.7762379129359973 and parameters: {'alpha': 0.30158144722420227, 'max_iter': 85543}. Best is trial 8 with value: 0.7780738235797484.
Trial 58 finished with value: 0.7681412210694276 and parameters: {'alpha': 2.0016132425228745, 'max_iter': 52707}. Best is trial 8 with value: 0.7780738235797484.
Trial 65 finished with value: 0.7741647775116466 and parameters: {'alpha': 0.137984757223923, 'max_iter': 85464}. Best is trial 8 with value: 0.7780738235797484.
Trial 49 finished with value: 0.6600067110071451 and parameters: {'alpha': 6.382477768450023, 'max_iter': 56559}. Best is trial 8 with value: 0.7780738235797484.
Trial 60 finished with value: 0.7774536575699972 and parameters: {'alpha': 0.48866037706776333, 'max_iter': 74822}. Best is trial 8 with value: 0.7780738235797484.
Trial 63 finished with value: 0.7779401718429775 and parameters: {'alpha': 0.863412591742167, 'max_iter': 73722}. Best is trial 8 with value: 0.7780738235797484.
Trial 61 finished with value: 0.7712994910507582 and parameters: {'alpha': 0.0015350597445852486, 'max_iter': 12377}. Best is trial 8 with value: 0.7780738235797484.
Trial 64 finished with value: 0.7713193143002144 and parameters: {'alpha': 0.002417240651186158, 'max_iter': 78249}. Best is trial 8 with value: 0.7780738235797484.
Trial 66 finished with value: 0.7715081042407158 and parameters: {'alpha': 0.011027101345786418, 'max_iter': 71981}. Best is trial 8 with value: 0.7780738235797484.
Trial 59 finished with value: 0.7713341266404398 and parameters: {'alpha': 0.0026126443016501405, 'max_iter': 2270}. Best is trial 8 with value: 0.7780738235797484.
Trial 73 finished with value: 0.77173150039104 and parameters: {'alpha': 1.6617600851616718, 'max_iter': 81917}. Best is trial 8 with value: 0.7780738235797484.
Trial 70 finished with value: 0.7713629483487366 and parameters: {'alpha': 0.004430679009034766, 'max_iter': 20599}. Best is trial 8 with value: 0.7780738235797484.
Trial 74 finished with value: 0.7712800864407169 and parameters: {'alpha': 0.0006798421679521463, 'max_iter': 89544}. Best is trial 8 with value: 0.7780738235797484.
Trial 67 finished with value: 0.7780735324988339 and parameters: {'alpha': 0.7092808966795084, 'max_iter': 96445}. Best is trial 8 with value: 0.7780738235797484.
Trial 62 finished with value: 0.7716458724577635 and parameters: {'alpha': 0.017330095228189256, 'max_iter': 43489}. Best is trial 8 with value: 0.7780738235797484.
Trial 69 finished with value: 0.7713900609648662 and parameters: {'alpha': 0.0056513586364581635, 'max_iter': 62663}. Best is trial 8 with value: 0.7780738235797484.
Trial 68 finished with value: 0.7717136221955043 and parameters: {'alpha': 0.0204352237585307, 'max_iter': 44716}. Best is trial 8 with value: 0.7780738235797484.
Trial 75 finished with value: 0.7760747031608982 and parameters: {'alpha': 1.1850114441823554, 'max_iter': 82723}. Best is trial 8 with value: 0.7780738235797484.
Trial 77 finished with value: 0.7712898713282754 and parameters: {'alpha': 0.0011174041127081434, 'max_iter': 97738}. Best is trial 8 with value: 0.7780738235797484.
Trial 76 finished with value: 0.7780354430616705 and parameters: {'alpha': 0.8008634015223765, 'max_iter': 4301}. Best is trial 8 with value: 0.7780738235797484.
Trial 72 finished with value: 0.7712697883813682 and parameters: {'alpha': 0.00022213354353215075, 'max_iter': 49706}. Best is trial 8 with value: 0.7780738235797484.
Trial 87 finished with value: 0.7715667572263056 and parameters: {'alpha': 0.01368378406086202, 'max_iter': 83583}. Best is trial 8 with value: 0.7780738235797484.
Trial 86 finished with value: 0.7714286761214405 and parameters: {'alpha': 0.007398030725605903, 'max_iter': 70193}. Best is trial 8 with value: 0.7780738235797484.
Trial 85 finished with value: 0.771416759235186 and parameters: {'alpha': 0.00688107570496752, 'max_iter': 65477}. Best is trial 8 with value: 0.7780738235797484.
Trial 71 finished with value: 0.7766268379989347 and parameters: {'alpha': 0.3542156622009385, 'max_iter': 82355}. Best is trial 8 with value: 0.7780738235797484.
Trial 79 finished with value: 0.7468264486294945 and parameters: {'alpha': 3.4948129267462904, 'max_iter': 38716}. Best is trial 8 with value: 0.7780738235797484.
Trial 81 finished with value: 0.7712938613911181 and parameters: {'alpha': 0.0012897019691338097, 'max_iter': 79554}. Best is trial 8 with value: 0.7780738235797484.
Trial 80 finished with value: 0.7721343556092896 and parameters: {'alpha': 0.04003829493406052, 'max_iter': 78373}. Best is trial 8 with value: 0.7780738235797484.
Trial 84 finished with value: 0.7712687312498716 and parameters: {'alpha': 0.00017533834696761125, 'max_iter': 61684}. Best is trial 8 with value: 0.7780738235797484.
Trial 78 finished with value: 0.7712686394725675 and parameters: {'alpha': 0.00017157243855788162, 'max_iter': 74782}. Best is trial 8 with value: 0.7780738235797484.
Trial 82 finished with value: 0.7712726096200518 and parameters: {'alpha': 0.00034731908943284233, 'max_iter': 65647}. Best is trial 8 with value: 0.7780738235797484.
Trial 83 finished with value: 0.7712718085864841 and parameters: {'alpha': 0.000311635125124044, 'max_iter': 58986}. Best is trial 8 with value: 0.7780738235797484.
Trial 88 finished with value: 0.7332329483378341 and parameters: {'alpha': 4.1038920421856755, 'max_iter': 1977}. Best is trial 8 with value: 0.7780738235797484.
Trial 91 finished with value: 0.6957324396693538 and parameters: {'alpha': 5.387886709814604, 'max_iter': 61889}. Best is trial 8 with value: 0.7780738235797484.
Trial 99 finished with value: 0.7715291523120297 and parameters: {'alpha': 0.011979679701621065, 'max_iter': 19034}. Best is trial 8 with value: 0.7780738235797484.
Trial 93 finished with value: 0.7780406635944231 and parameters: {'alpha': 0.6483161355683248, 'max_iter': 37404}. Best is trial 8 with value: 0.7780738235797484.
Trial 89 finished with value: 0.7712752044191995 and parameters: {'alpha': 0.00043236856541875823, 'max_iter': 2608}. Best is trial 8 with value: 0.7780738235797484.
Trial 101 finished with value: 0.7768333724878912 and parameters: {'alpha': 0.38453530587671914, 'max_iter': 20580}. Best is trial 8 with value: 0.7780738235797484.
Trial 94 finished with value: 0.7736510565238965 and parameters: {'alpha': 0.11186985430366107, 'max_iter': 31736}. Best is trial 8 with value: 0.7780738235797484.
Trial 90 finished with value: 0.7714697379992865 and parameters: {'alpha': 0.009271285771330913, 'max_iter': 43738}. Best is trial 8 with value: 0.7780738235797484.
Trial 95 finished with value: 0.7634474789658187 and parameters: {'alpha': 2.4650359958934325, 'max_iter': 62349}. Best is trial 8 with value: 0.7780738235797484.
Trial 92 finished with value: 0.7712678180791138 and parameters: {'alpha': 0.0001177864130934775, 'max_iter': 43436}. Best is trial 8 with value: 0.7780738235797484.
Trial 98 finished with value: 0.7535218518250659 and parameters: {'alpha': 3.135561456176327, 'max_iter': 39761}. Best is trial 8 with value: 0.7780738235797484.
Trial 97 finished with value: 0.7712677563410286 and parameters: {'alpha': 0.00013253284727634258, 'max_iter': 92929}. Best is trial 8 with value: 0.7780738235797484.
Trial 96 finished with value: 0.7725147874704044 and parameters: {'alpha': 0.05790544157133858, 'max_iter': 63260}. Best is trial 8 with value: 0.7780738235797484.
Trial 105 finished with value: 0.7779971845857798 and parameters: {'alpha': 0.8300016754223198, 'max_iter': 63459}. Best is trial 8 with value: 0.7780738235797484.
Trial 107 finished with value: 0.7752917559338752 and parameters: {'alpha': 0.21246970170969784, 'max_iter': 5263}. Best is trial 8 with value: 0.7780738235797484.
Trial 103 finished with value: 0.7779098614884087 and parameters: {'alpha': 0.876912839629248, 'max_iter': 43566}. Best is trial 8 with value: 0.7780738235797484.
Trial 102 finished with value: 0.7780045052324281 and parameters: {'alpha': 0.8250302000468773, 'max_iter': 87086}. Best is trial 8 with value: 0.7780738235797484.
Trial 108 finished with value: 0.7748655848946925 and parameters: {'alpha': 1.3203906289236444, 'max_iter': 90398}. Best is trial 8 with value: 0.7780738235797484.
Trial 106 finished with value: 0.7716585219842467 and parameters: {'alpha': 0.017907825041053003, 'max_iter': 29263}. Best is trial 8 with value: 0.7780738235797484.
Trial 100 finished with value: 0.7771305577648476 and parameters: {'alpha': 0.430658326951573, 'max_iter': 22414}. Best is trial 8 with value: 0.7780738235797484.
Trial 109 finished with value: 0.7762015909629482 and parameters: {'alpha': 0.29720729209240426, 'max_iter': 77040}. Best is trial 8 with value: 0.7780738235797484.
Trial 104 finished with value: 0.7762366193588457 and parameters: {'alpha': 0.30147820726999575, 'max_iter': 17102}. Best is trial 8 with value: 0.7780738235797484.
Trial 112 finished with value: 0.7712755000182836 and parameters: {'alpha': 0.0004753097250249736, 'max_iter': 25894}. Best is trial 8 with value: 0.7780738235797484.
Trial 110 finished with value: 0.7738524726348537 and parameters: {'alpha': 0.1220134818799549, 'max_iter': 46167}. Best is trial 8 with value: 0.7780738235797484.
Trial 111 finished with value: 0.7769677404653448 and parameters: {'alpha': 0.40534615001479685, 'max_iter': 67950}. Best is trial 8 with value: 0.7780738235797484.
