A new study created in RDB with name: Ridge_8314
Trial 0 finished with value: 0.470796169103215 and parameters: {'alpha': 0.027720697513396293, 'max_iter': 79287}. Best is trial 0 with value: 0.470796169103215.
Trial 7 finished with value: 0.47080137421479346 and parameters: {'alpha': 0.046050250350257935, 'max_iter': 70217}. Best is trial 11 with value: 0.47092850540767167.
Trial 1 finished with value: 0.4708037705635686 and parameters: {'alpha': 0.05446253958302775, 'max_iter': 62604}. Best is trial 11 with value: 0.47092850540767167.
Trial 3 finished with value: 0.4708050247194159 and parameters: {'alpha': 0.05885844013257605, 'max_iter': 57106}. Best is trial 21 with value: 0.47093442432802324.
Trial 6 finished with value: 0.4707828842305036 and parameters: {'alpha': 0.00010679948871921715, 'max_iter': 82557}. Best is trial 11 with value: 0.47092850540767167.
Trial 11 finished with value: 0.47092850540767167 and parameters: {'alpha': 0.4439636074694024, 'max_iter': 62686}. Best is trial 21 with value: 0.47093442432802324.
Trial 18 finished with value: 0.47078289099331166 and parameters: {'alpha': 0.00013243247201101793, 'max_iter': 2755}. Best is trial 21 with value: 0.47093442432802324.
Trial 2 finished with value: 0.47079687923421953 and parameters: {'alpha': 0.030225922835312023, 'max_iter': 94722}. Best is trial 21 with value: 0.47093442432802324.
Trial 21 finished with value: 0.47093442432802324 and parameters: {'alpha': 0.4631047259964954, 'max_iter': 7073}. Best is trial 21 with value: 0.47093442432802324.
Trial 16 finished with value: 0.47078515112533 and parameters: {'alpha': 0.008694781937153466, 'max_iter': 2470}. Best is trial 21 with value: 0.47093442432802324.
Trial 9 finished with value: 0.4707918433725604 and parameters: {'alpha': 0.012430118102323176, 'max_iter': 46427}. Best is trial 21 with value: 0.47093442432802324.
Trial 4 finished with value: 0.4707841503393969 and parameters: {'alpha': 0.0049044200322959615, 'max_iter': 51740}. Best is trial 21 with value: 0.47093442432802324.
Trial 12 finished with value: 0.47078317321846697 and parameters: {'alpha': 0.001202081077623103, 'max_iter': 77711}. Best is trial 21 with value: 0.47093442432802324.
Trial 17 finished with value: 0.47078289173547416 and parameters: {'alpha': 0.00013524547577550594, 'max_iter': 43230}. Best is trial 21 with value: 0.47093442432802324.
Trial 19 finished with value: 0.4707962330706053 and parameters: {'alpha': 0.027946421805830096, 'max_iter': 61803}. Best is trial 21 with value: 0.47093442432802324.
Trial 8 finished with value: 0.47082304775754336 and parameters: {'alpha': 0.12036515653281724, 'max_iter': 75227}. Best is trial 21 with value: 0.47093442432802324.
Trial 10 finished with value: 0.4710567417241891 and parameters: {'alpha': 0.8519440548291722, 'max_iter': 94906}. Best is trial 10 with value: 0.4710567417241891.
Trial 15 finished with value: 0.47078389006756727 and parameters: {'alpha': 0.003918395971909958, 'max_iter': 29043}. Best is trial 10 with value: 0.4710567417241891.
Trial 14 finished with value: 0.47085824905910423 and parameters: {'alpha': 0.21365698484223122, 'max_iter': 85417}. Best is trial 10 with value: 0.4710567417241891.
Trial 5 finished with value: 0.47078452562890466 and parameters: {'alpha': 0.00632598329921279, 'max_iter': 49207}. Best is trial 20 with value: 0.4739804617344876.
Trial 13 finished with value: 0.47192623522480626 and parameters: {'alpha': 1.3141661300530347, 'max_iter': 20721}. Best is trial 20 with value: 0.4739804617344876.
Trial 25 finished with value: 0.47106385661789363 and parameters: {'alpha': 0.8826668777215501, 'max_iter': 78260}. Best is trial 20 with value: 0.4739804617344876.
Trial 23 finished with value: 0.470783325118053 and parameters: {'alpha': 0.0017777354058271886, 'max_iter': 15491}. Best is trial 20 with value: 0.4739804617344876.
Trial 20 finished with value: 0.4739804617344876 and parameters: {'alpha': 4.961922866909209, 'max_iter': 39693}. Best is trial 20 with value: 0.4739804617344876.
Trial 28 finished with value: 0.47188777133622406 and parameters: {'alpha': 1.1244296194248673, 'max_iter': 46821}. Best is trial 20 with value: 0.4739804617344876.
Trial 31 finished with value: 0.4707832686989086 and parameters: {'alpha': 0.0015639279713810128, 'max_iter': 17801}. Best is trial 20 with value: 0.4739804617344876.
Trial 29 finished with value: 0.47408152903745204 and parameters: {'alpha': 3.165264696537331, 'max_iter': 42144}. Best is trial 29 with value: 0.47408152903745204.
Trial 22 finished with value: 0.47082109716237797 and parameters: {'alpha': 0.11375860466107847, 'max_iter': 60994}. Best is trial 29 with value: 0.47408152903745204.
Trial 27 finished with value: 0.473968180364988 and parameters: {'alpha': 1.6470753259066617, 'max_iter': 5191}. Best is trial 29 with value: 0.47408152903745204.
Trial 26 finished with value: 0.4707828923502905 and parameters: {'alpha': 0.00013757580225150904, 'max_iter': 94618}. Best is trial 29 with value: 0.47408152903745204.
Trial 32 finished with value: 0.47078289377852867 and parameters: {'alpha': 0.00014298922226206687, 'max_iter': 71777}. Best is trial 29 with value: 0.47408152903745204.
Trial 30 finished with value: 0.47080296248011333 and parameters: {'alpha': 0.05162768144203773, 'max_iter': 17296}. Best is trial 29 with value: 0.47408152903745204.
Trial 33 finished with value: 0.4707839194877653 and parameters: {'alpha': 0.004029858227346169, 'max_iter': 54738}. Best is trial 29 with value: 0.47408152903745204.
Trial 37 finished with value: 0.4708059709862539 and parameters: {'alpha': 0.06214654061858248, 'max_iter': 41167}. Best is trial 29 with value: 0.47408152903745204.
Trial 35 finished with value: 0.47078299803863527 and parameters: {'alpha': 0.0005381551584777781, 'max_iter': 9675}. Best is trial 29 with value: 0.47408152903745204.
Trial 34 finished with value: 0.4707849936531415 and parameters: {'alpha': 0.008098486167132305, 'max_iter': 61636}. Best is trial 29 with value: 0.47408152903745204.
Trial 44 finished with value: 0.4707830296473956 and parameters: {'alpha': 0.000657955005043093, 'max_iter': 69101}. Best is trial 29 with value: 0.47408152903745204.
Trial 47 finished with value: 0.4707829694785281 and parameters: {'alpha': 0.0004299085770780785, 'max_iter': 32453}. Best is trial 29 with value: 0.47408152903745204.
Trial 36 finished with value: 0.470784988425912 and parameters: {'alpha': 0.008078691632149004, 'max_iter': 31511}. Best is trial 29 with value: 0.47408152903745204.
Trial 45 finished with value: 0.47078515493298784 and parameters: {'alpha': 0.008709199771879353, 'max_iter': 30033}. Best is trial 29 with value: 0.47408152903745204.
Trial 38 finished with value: 0.47078388701885104 and parameters: {'alpha': 0.003906845432167765, 'max_iter': 32521}. Best is trial 29 with value: 0.47408152903745204.
Trial 40 finished with value: 0.4736638509890311 and parameters: {'alpha': 5.731445029202253, 'max_iter': 68011}. Best is trial 29 with value: 0.47408152903745204.
Trial 24 finished with value: 0.4708973944000852 and parameters: {'alpha': 0.3431655672965885, 'max_iter': 94912}. Best is trial 29 with value: 0.47408152903745204.
Trial 39 finished with value: 0.470783264158512 and parameters: {'alpha': 0.0015467213429865997, 'max_iter': 76673}. Best is trial 29 with value: 0.47408152903745204.
Trial 46 finished with value: 0.4707849881209592 and parameters: {'alpha': 0.008077536832192657, 'max_iter': 95087}. Best is trial 29 with value: 0.47408152903745204.
Trial 41 finished with value: 0.4707830534838086 and parameters: {'alpha': 0.0007482959394417457, 'max_iter': 85461}. Best is trial 29 with value: 0.47408152903745204.
Trial 48 finished with value: 0.4740721172854844 and parameters: {'alpha': 3.1375904612189234, 'max_iter': 89656}. Best is trial 29 with value: 0.47408152903745204.
Trial 42 finished with value: 0.4707835800789031 and parameters: {'alpha': 0.002743876938446561, 'max_iter': 15242}. Best is trial 29 with value: 0.47408152903745204.
Trial 53 finished with value: 0.47078289109824845 and parameters: {'alpha': 0.0001328302115502797, 'max_iter': 38675}. Best is trial 29 with value: 0.47408152903745204.
Trial 49 finished with value: 0.4708054913904121 and parameters: {'alpha': 0.06049295579701551, 'max_iter': 86517}. Best is trial 29 with value: 0.47408152903745204.
Trial 52 finished with value: 0.4709248237471123 and parameters: {'alpha': 0.4320415150358024, 'max_iter': 51787}. Best is trial 29 with value: 0.47408152903745204.
Trial 55 finished with value: 0.47078289819891755 and parameters: {'alpha': 0.00015974370445812067, 'max_iter': 20154}. Best is trial 29 with value: 0.47408152903745204.
Trial 57 finished with value: 0.47078288372273025 and parameters: {'alpha': 0.00010487487978126455, 'max_iter': 99900}. Best is trial 29 with value: 0.47408152903745204.
Trial 50 finished with value: 0.47078290499166087 and parameters: {'alpha': 0.0001854899974126647, 'max_iter': 11669}. Best is trial 29 with value: 0.47408152903745204.
Trial 43 finished with value: 0.4707829559629067 and parameters: {'alpha': 0.00037868212730689845, 'max_iter': 75876}. Best is trial 29 with value: 0.47408152903745204.
Trial 58 finished with value: 0.4707832129652173 and parameters: {'alpha': 0.0013527130742691297, 'max_iter': 73242}. Best is trial 29 with value: 0.47408152903745204.
Trial 60 finished with value: 0.47078288402540586 and parameters: {'alpha': 0.00010602210885529682, 'max_iter': 30815}. Best is trial 29 with value: 0.47408152903745204.
Trial 56 finished with value: 0.4740714242308002 and parameters: {'alpha': 3.306193884830832, 'max_iter': 93502}. Best is trial 29 with value: 0.47408152903745204.
Trial 54 finished with value: 0.4710780801165567 and parameters: {'alpha': 0.9431327819793526, 'max_iter': 58364}. Best is trial 29 with value: 0.47408152903745204.
Trial 51 finished with value: 0.4707980142643137 and parameters: {'alpha': 0.03422717548821374, 'max_iter': 76503}. Best is trial 29 with value: 0.47408152903745204.
Trial 61 finished with value: 0.4707832966251283 and parameters: {'alpha': 0.0016697585350632653, 'max_iter': 46862}. Best is trial 29 with value: 0.47408152903745204.
Trial 63 finished with value: 0.4707832811418827 and parameters: {'alpha': 0.0016110826289651224, 'max_iter': 54392}. Best is trial 29 with value: 0.47408152903745204.
Trial 59 finished with value: 0.473958389830082 and parameters: {'alpha': 5.016821045267771, 'max_iter': 69179}. Best is trial 29 with value: 0.47408152903745204.
Trial 62 finished with value: 0.4707829524292019 and parameters: {'alpha': 0.00036528875105753535, 'max_iter': 57587}. Best is trial 29 with value: 0.47408152903745204.
Trial 69 finished with value: 0.4708052319472046 and parameters: {'alpha': 0.05958433610987707, 'max_iter': 65266}. Best is trial 72 with value: 0.4744770237730605.
Trial 65 finished with value: 0.47081396604106107 and parameters: {'alpha': 0.08950982963618612, 'max_iter': 26354}. Best is trial 72 with value: 0.4744770237730605.
Trial 68 finished with value: 0.4707830406106419 and parameters: {'alpha': 0.0006995062497696354, 'max_iter': 86867}. Best is trial 72 with value: 0.4744770237730605.
Trial 66 finished with value: 0.47093654408746544 and parameters: {'alpha': 0.46995223244485834, 'max_iter': 97409}. Best is trial 72 with value: 0.4744770237730605.
Trial 72 finished with value: 0.4744770237730605 and parameters: {'alpha': 2.0517255989015806, 'max_iter': 28714}. Best is trial 72 with value: 0.4744770237730605.
Trial 70 finished with value: 0.4707834406556465 and parameters: {'alpha': 0.002215563473890372, 'max_iter': 98309}. Best is trial 72 with value: 0.4744770237730605.
Trial 67 finished with value: 0.47078294070455184 and parameters: {'alpha': 0.00032085007568367853, 'max_iter': 82813}. Best is trial 72 with value: 0.4744770237730605.
Trial 71 finished with value: 0.47079864937537047 and parameters: {'alpha': 0.03646450117868318, 'max_iter': 21220}. Best is trial 72 with value: 0.4744770237730605.
Trial 64 finished with value: 0.47401094672665317 and parameters: {'alpha': 1.71850837067151, 'max_iter': 47002}. Best is trial 72 with value: 0.4744770237730605.
Trial 74 finished with value: 0.4707829573400761 and parameters: {'alpha': 0.00038390184180898056, 'max_iter': 18383}. Best is trial 72 with value: 0.4744770237730605.
Trial 73 finished with value: 0.4707828834007938 and parameters: {'alpha': 0.00010365464643358839, 'max_iter': 34814}. Best is trial 72 with value: 0.4744770237730605.
Trial 76 finished with value: 0.47079720103598294 and parameters: {'alpha': 0.03136072032383584, 'max_iter': 64434}. Best is trial 72 with value: 0.4744770237730605.
Trial 77 finished with value: 0.47389558585539293 and parameters: {'alpha': 1.4904285788969664, 'max_iter': 7597}. Best is trial 72 with value: 0.4744770237730605.
Trial 78 finished with value: 0.4708412233576539 and parameters: {'alpha': 0.18139823435209737, 'max_iter': 83085}. Best is trial 72 with value: 0.4744770237730605.
Trial 79 finished with value: 0.47084577375928893 and parameters: {'alpha': 0.19657621700325767, 'max_iter': 4517}. Best is trial 72 with value: 0.4744770237730605.
Trial 82 finished with value: 0.4707829079660025 and parameters: {'alpha': 0.00019676351540907084, 'max_iter': 7593}. Best is trial 72 with value: 0.4744770237730605.
Trial 86 finished with value: 0.4707829097954533 and parameters: {'alpha': 0.00020369759541383192, 'max_iter': 35799}. Best is trial 72 with value: 0.4744770237730605.
Trial 75 finished with value: 0.47078295218229566 and parameters: {'alpha': 0.0003643529318262613, 'max_iter': 67963}. Best is trial 72 with value: 0.4744770237730605.
Trial 80 finished with value: 0.47078342845262205 and parameters: {'alpha': 0.0021693213130964356, 'max_iter': 59583}. Best is trial 72 with value: 0.4744770237730605.
Trial 81 finished with value: 0.4707970331519776 and parameters: {'alpha': 0.03076873274753438, 'max_iter': 69579}. Best is trial 72 with value: 0.4744770237730605.
Trial 87 finished with value: 0.47078302792047017 and parameters: {'alpha': 0.0006514098543270769, 'max_iter': 91851}. Best is trial 72 with value: 0.4744770237730605.
Trial 85 finished with value: 0.47098743563529466 and parameters: {'alpha': 0.7181451340666759, 'max_iter': 38163}. Best is trial 72 with value: 0.4744770237730605.
Trial 88 finished with value: 0.47086360276000977 and parameters: {'alpha': 0.2315740147035847, 'max_iter': 64531}. Best is trial 72 with value: 0.4744770237730605.
Trial 84 finished with value: 0.47393160656218125 and parameters: {'alpha': 1.5669865451025402, 'max_iter': 10564}. Best is trial 72 with value: 0.4744770237730605.
Trial 94 finished with value: 0.47098457642329156 and parameters: {'alpha': 0.7050955564628903, 'max_iter': 77167}. Best is trial 72 with value: 0.4744770237730605.
Trial 91 finished with value: 0.470809900822352 and parameters: {'alpha': 0.07561953233403075, 'max_iter': 81660}. Best is trial 72 with value: 0.4744770237730605.
Trial 92 finished with value: 0.47078338665616115 and parameters: {'alpha': 0.0020109358971914233, 'max_iter': 60748}. Best is trial 72 with value: 0.4744770237730605.
Trial 83 finished with value: 0.4707835527456913 and parameters: {'alpha': 0.0026403063065567767, 'max_iter': 64607}. Best is trial 72 with value: 0.4744770237730605.
Trial 90 finished with value: 0.4707828999944509 and parameters: {'alpha': 0.000166549257199192, 'max_iter': 56398}. Best is trial 72 with value: 0.4744770237730605.
Trial 95 finished with value: 0.47078288793530687 and parameters: {'alpha': 0.00012084176531800124, 'max_iter': 87310}. Best is trial 72 with value: 0.4744770237730605.
Trial 100 finished with value: 0.47078293518800535 and parameters: {'alpha': 0.000299941228334175, 'max_iter': 25029}. Best is trial 72 with value: 0.4744770237730605.
Trial 97 finished with value: 0.4707851784331588 and parameters: {'alpha': 0.008798183473843216, 'max_iter': 41828}. Best is trial 72 with value: 0.4744770237730605.
Trial 93 finished with value: 0.4707945563463524 and parameters: {'alpha': 0.022025937084738805, 'max_iter': 57539}. Best is trial 72 with value: 0.4744770237730605.
Trial 102 finished with value: 0.4712048547734559 and parameters: {'alpha': 6.708740687974438, 'max_iter': 71638}. Best is trial 72 with value: 0.4744770237730605.
Trial 99 finished with value: 0.4707828898856394 and parameters: {'alpha': 0.00012823408130373877, 'max_iter': 71570}. Best is trial 72 with value: 0.4744770237730605.
Trial 96 finished with value: 0.4709672933854542 and parameters: {'alpha': 0.6286758453805206, 'max_iter': 99163}. Best is trial 72 with value: 0.4744770237730605.
Trial 103 finished with value: 0.47078377608994204 and parameters: {'alpha': 0.003486563411757557, 'max_iter': 45764}. Best is trial 72 with value: 0.4744770237730605.
Trial 98 finished with value: 0.4707829977002923 and parameters: {'alpha': 0.000536872801476724, 'max_iter': 82373}. Best is trial 72 with value: 0.4744770237730605.
Trial 104 finished with value: 0.4729455245410838 and parameters: {'alpha': 4.12602602891581, 'max_iter': 56996}. Best is trial 72 with value: 0.4744770237730605.
Trial 108 finished with value: 0.4707851389159787 and parameters: {'alpha': 0.00864855061913855, 'max_iter': 66229}. Best is trial 72 with value: 0.4744770237730605.
Trial 101 finished with value: 0.4707831390041898 and parameters: {'alpha': 0.0010724139661441973, 'max_iter': 15526}. Best is trial 72 with value: 0.4744770237730605.
Trial 112 finished with value: 0.4707829707330829 and parameters: {'alpha': 0.0004346635328486257, 'max_iter': 14570}. Best is trial 72 with value: 0.4744770237730605.
Trial 105 finished with value: 0.4700122646472197 and parameters: {'alpha': 7.000039739844046, 'max_iter': 72724}. Best is trial 72 with value: 0.4744770237730605.
Trial 114 finished with value: 0.47185212067404814 and parameters: {'alpha': 9.23488559636242, 'max_iter': 38015}. Best is trial 72 with value: 0.4744770237730605.
Trial 109 finished with value: 0.47078375049087445 and parameters: {'alpha': 0.003389572040902021, 'max_iter': 70186}. Best is trial 72 with value: 0.4744770237730605.
Trial 113 finished with value: 0.4708028577415272 and parameters: {'alpha': 0.051260104252268006, 'max_iter': 47894}. Best is trial 72 with value: 0.4744770237730605.
Trial 110 finished with value: 0.4707829322780371 and parameters: {'alpha': 0.00028891182969014215, 'max_iter': 97651}. Best is trial 72 with value: 0.4744770237730605.
Trial 106 finished with value: 0.47122935170537766 and parameters: {'alpha': 6.654820958369367, 'max_iter': 81278}. Best is trial 72 with value: 0.4744770237730605.
Trial 111 finished with value: 0.47078365529088845 and parameters: {'alpha': 0.003028862850868924, 'max_iter': 49196}. Best is trial 72 with value: 0.4744770237730605.
Trial 89 finished with value: 0.47078330108735245 and parameters: {'alpha': 0.001686668679430961, 'max_iter': 86016}. Best is trial 72 with value: 0.4744770237730605.
Trial 107 finished with value: 0.47111915765389556 and parameters: {'alpha': 1.112142938001387, 'max_iter': 74270}. Best is trial 72 with value: 0.4744770237730605.
