A new study created in RDB with name: Lasso_10434
Trial 1 finished with value: 0.7323975852050515 and parameters: {'alpha': 0.175720591523123, 'max_iter': 33123}. Best is trial 1 with value: 0.7323975852050515.
Trial 0 finished with value: 0.7310364138996155 and parameters: {'alpha': 0.21040910680004107, 'max_iter': 70924}. Best is trial 14 with value: 0.733899890401741.
Trial 15 finished with value: 0.7325386617162362 and parameters: {'alpha': 0.1715836566594063, 'max_iter': 3958}. Best is trial 14 with value: 0.733899890401741.
Trial 14 finished with value: 0.733899890401741 and parameters: {'alpha': 0.01560734084721417, 'max_iter': 60116}. Best is trial 6 with value: 0.7339818968282265.
Trial 11 finished with value: 0.7337843044631761 and parameters: {'alpha': 0.00622393206487345, 'max_iter': 42087}. Best is trial 14 with value: 0.733899890401741.
Trial 22 finished with value: 0.725296730826999 and parameters: {'alpha': 0.45120892148886754, 'max_iter': 25820}. Best is trial 6 with value: 0.7339818968282265.
Trial 17 finished with value: 0.7338510549955994 and parameters: {'alpha': 0.011099158351025753, 'max_iter': 71117}. Best is trial 6 with value: 0.7339818968282265.
Trial 12 finished with value: 0.7338646995447353 and parameters: {'alpha': 0.012250869667126086, 'max_iter': 73921}. Best is trial 14 with value: 0.733899890401741.
Trial 5 finished with value: 0.7285478500848495 and parameters: {'alpha': 0.2939513542795342, 'max_iter': 85599}. Best is trial 6 with value: 0.7339818968282265.
Trial 3 finished with value: 0.4186159735118526 and parameters: {'alpha': 8.069411393206282, 'max_iter': 38050}. Best is trial 6 with value: 0.7339818968282265.
Trial 6 finished with value: 0.7339818968282265 and parameters: {'alpha': 0.03473483647496419, 'max_iter': 62525}. Best is trial 6 with value: 0.7339818968282265.
Trial 8 finished with value: 0.7336796968647402 and parameters: {'alpha': 0.00010818738658598194, 'max_iter': 75321}. Best is trial 6 with value: 0.7339818968282265.
Trial 7 finished with value: 0.6602095975076879 and parameters: {'alpha': 2.251049620685187, 'max_iter': 89353}. Best is trial 6 with value: 0.7339818968282265.
Trial 4 finished with value: 0.6544985222233887 and parameters: {'alpha': 2.3837149834135074, 'max_iter': 39057}. Best is trial 6 with value: 0.7339818968282265.
Trial 20 finished with value: 0.7122931553983338 and parameters: {'alpha': 0.9336330187289508, 'max_iter': 82982}. Best is trial 6 with value: 0.7339818968282265.
Trial 2 finished with value: 0.7336814234412775 and parameters: {'alpha': 0.00017080662706476412, 'max_iter': 57894}. Best is trial 6 with value: 0.7339818968282265.
Trial 9 finished with value: 0.7339715780049441 and parameters: {'alpha': 0.04187742459509836, 'max_iter': 18469}. Best is trial 6 with value: 0.7339818968282265.
Trial 13 finished with value: 0.7208688283811917 and parameters: {'alpha': 0.6007724039317388, 'max_iter': 34171}. Best is trial 6 with value: 0.7339818968282265.
Trial 19 finished with value: 0.7339057032238737 and parameters: {'alpha': 0.05080499833792512, 'max_iter': 84169}. Best is trial 6 with value: 0.7339818968282265.
Trial 10 finished with value: 0.7336801673227245 and parameters: {'alpha': 0.00011535909536440918, 'max_iter': 84058}. Best is trial 6 with value: 0.7339818968282265.
Trial 21 finished with value: 0.7337302761752029 and parameters: {'alpha': 0.0029002352364774016, 'max_iter': 83393}. Best is trial 6 with value: 0.7339818968282265.
Trial 16 finished with value: 0.7337150597911886 and parameters: {'alpha': 0.0020262176654997693, 'max_iter': 38138}. Best is trial 6 with value: 0.7339818968282265.
Trial 23 finished with value: 0.733894531866459 and parameters: {'alpha': 0.057252228016729315, 'max_iter': 26315}. Best is trial 6 with value: 0.7339818968282265.
Trial 18 finished with value: 0.7337130927810478 and parameters: {'alpha': 0.0019163491567491537, 'max_iter': 72448}. Best is trial 6 with value: 0.7339818968282265.
Trial 31 finished with value: 0.3761741393999616 and parameters: {'alpha': 9.031115683866663, 'max_iter': 1644}. Best is trial 6 with value: 0.7339818968282265.
Trial 33 finished with value: 0.44352096894917653 and parameters: {'alpha': 7.4448226692343225, 'max_iter': 45538}. Best is trial 6 with value: 0.7339818968282265.
Trial 41 finished with value: 0.733784924600863 and parameters: {'alpha': 0.006269655703034008, 'max_iter': 84074}. Best is trial 6 with value: 0.7339818968282265.
Trial 42 finished with value: 0.7247688904218844 and parameters: {'alpha': 0.4688244068963473, 'max_iter': 5538}. Best is trial 6 with value: 0.7339818968282265.
Trial 35 finished with value: 0.7337167630970277 and parameters: {'alpha': 0.002121616176665656, 'max_iter': 94025}. Best is trial 6 with value: 0.7339818968282265.
Trial 34 finished with value: 0.7337256524785369 and parameters: {'alpha': 0.0026250282408053736, 'max_iter': 63119}. Best is trial 6 with value: 0.7339818968282265.
Trial 25 finished with value: 0.7339802261463093 and parameters: {'alpha': 0.040321079137698106, 'max_iter': 63060}. Best is trial 6 with value: 0.7339818968282265.
Trial 37 finished with value: 0.7339372077724178 and parameters: {'alpha': 0.020336375559846947, 'max_iter': 44543}. Best is trial 26 with value: 0.7339832186732596.
Trial 39 finished with value: 0.465748060214329 and parameters: {'alpha': 6.861519651648029, 'max_iter': 97109}. Best is trial 26 with value: 0.7339832186732596.
Trial 29 finished with value: 0.4429997417988523 and parameters: {'alpha': 7.458465576276933, 'max_iter': 68383}. Best is trial 26 with value: 0.7339832186732596.
Trial 26 finished with value: 0.7339832186732596 and parameters: {'alpha': 0.03561562521077423, 'max_iter': 43879}. Best is trial 26 with value: 0.7339832186732596.
Trial 36 finished with value: 0.7339159906814139 and parameters: {'alpha': 0.01742058962244165, 'max_iter': 36787}. Best is trial 26 with value: 0.7339832186732596.
Trial 24 finished with value: 0.7337790302748763 and parameters: {'alpha': 0.005881155433816587, 'max_iter': 15368}. Best is trial 26 with value: 0.7339832186732596.
Trial 38 finished with value: 0.6655251975747059 and parameters: {'alpha': 2.138037552261699, 'max_iter': 52800}. Best is trial 26 with value: 0.7339832186732596.
Trial 32 finished with value: 0.7339766047678322 and parameters: {'alpha': 0.026298785319567888, 'max_iter': 78184}. Best is trial 26 with value: 0.7339832186732596.
Trial 30 finished with value: 0.5611067218823471 and parameters: {'alpha': 4.764184473362209, 'max_iter': 34502}. Best is trial 26 with value: 0.7339832186732596.
Trial 44 finished with value: 0.7180310020667295 and parameters: {'alpha': 0.7129987220827836, 'max_iter': 93319}. Best is trial 26 with value: 0.7339832186732596.
Trial 27 finished with value: 0.7328507799504055 and parameters: {'alpha': 0.1611365625006727, 'max_iter': 52108}. Best is trial 26 with value: 0.7339832186732596.
Trial 28 finished with value: 0.7308765204391694 and parameters: {'alpha': 0.2140873667729715, 'max_iter': 13670}. Best is trial 26 with value: 0.7339832186732596.
Trial 43 finished with value: 0.7337907159748643 and parameters: {'alpha': 0.006654857633293745, 'max_iter': 16522}. Best is trial 26 with value: 0.7339832186732596.
Trial 45 finished with value: 0.7336922531777973 and parameters: {'alpha': 0.0007776978724295428, 'max_iter': 67014}. Best is trial 26 with value: 0.7339832186732596.
Trial 40 finished with value: 0.352302844928995 and parameters: {'alpha': 9.52788884171028, 'max_iter': 18730}. Best is trial 26 with value: 0.7339832186732596.
Trial 47 finished with value: 0.6944510255981915 and parameters: {'alpha': 1.4534725936072013, 'max_iter': 30984}. Best is trial 26 with value: 0.7339832186732596.
Trial 52 finished with value: 0.6921351894170269 and parameters: {'alpha': 1.5212074413201313, 'max_iter': 71346}. Best is trial 26 with value: 0.7339832186732596.
Trial 51 finished with value: 0.7339715847228613 and parameters: {'alpha': 0.024975211956017197, 'max_iter': 60864}. Best is trial 26 with value: 0.7339832186732596.
Trial 57 finished with value: 0.713052976688311 and parameters: {'alpha': 0.908483136514161, 'max_iter': 41762}. Best is trial 26 with value: 0.7339832186732596.
Trial 46 finished with value: 0.5990166175355691 and parameters: {'alpha': 3.9494142714055642, 'max_iter': 1261}. Best is trial 26 with value: 0.7339832186732596.
Trial 49 finished with value: 0.69413707047877 and parameters: {'alpha': 1.4628651754454924, 'max_iter': 18349}. Best is trial 26 with value: 0.7339832186732596.
Trial 48 finished with value: 0.7322295072954416 and parameters: {'alpha': 0.18057480901993708, 'max_iter': 67092}. Best is trial 26 with value: 0.7339832186732596.
Trial 58 finished with value: 0.6771886954247127 and parameters: {'alpha': 1.8943150347237756, 'max_iter': 29357}. Best is trial 26 with value: 0.7339832186732596.
Trial 50 finished with value: 0.7337184320322085 and parameters: {'alpha': 0.002215361022598205, 'max_iter': 29391}. Best is trial 26 with value: 0.7339832186732596.
Trial 64 finished with value: 0.4273072481229079 and parameters: {'alpha': 7.85731558916895, 'max_iter': 28162}. Best is trial 26 with value: 0.7339832186732596.
Trial 55 finished with value: 0.7337406688268212 and parameters: {'alpha': 0.0035087881894508414, 'max_iter': 34518}. Best is trial 26 with value: 0.7339832186732596.
Trial 59 finished with value: 0.7338734558138411 and parameters: {'alpha': 0.06928923679448208, 'max_iter': 15220}. Best is trial 26 with value: 0.7339832186732596.
Trial 53 finished with value: 0.73367972998356 and parameters: {'alpha': 0.00010985774033106788, 'max_iter': 74401}. Best is trial 26 with value: 0.7339832186732596.
Trial 56 finished with value: 0.369988292627344 and parameters: {'alpha': 9.162533304734456, 'max_iter': 1491}. Best is trial 26 with value: 0.7339832186732596.
Trial 66 finished with value: 0.7338278855881468 and parameters: {'alpha': 0.10617571345116326, 'max_iter': 69586}. Best is trial 26 with value: 0.7339832186732596.
Trial 60 finished with value: 0.6996231679823852 and parameters: {'alpha': 1.2868184713695807, 'max_iter': 24071}. Best is trial 26 with value: 0.7339832186732596.
Trial 62 finished with value: 0.594479570512239 and parameters: {'alpha': 4.055852849408259, 'max_iter': 31425}. Best is trial 26 with value: 0.7339832186732596.
Trial 68 finished with value: 0.7339818210094026 and parameters: {'alpha': 0.034328715986369704, 'max_iter': 29733}. Best is trial 26 with value: 0.7339832186732596.
Trial 54 finished with value: 0.6657774371021757 and parameters: {'alpha': 2.133105377103363, 'max_iter': 4058}. Best is trial 26 with value: 0.7339832186732596.
Trial 61 finished with value: 0.733706345109216 and parameters: {'alpha': 0.0015428585521322698, 'max_iter': 53615}. Best is trial 26 with value: 0.7339832186732596.
Trial 69 finished with value: 0.7338319760304103 and parameters: {'alpha': 0.1051116795584153, 'max_iter': 11434}. Best is trial 26 with value: 0.7339832186732596.
Trial 63 finished with value: 0.7336869336410328 and parameters: {'alpha': 0.000494021344803122, 'max_iter': 41162}. Best is trial 26 with value: 0.7339832186732596.
Trial 65 finished with value: 0.7338227316314729 and parameters: {'alpha': 0.008859038620865118, 'max_iter': 29721}. Best is trial 26 with value: 0.7339832186732596.
Trial 74 finished with value: 0.733829431039682 and parameters: {'alpha': 0.00929539424429477, 'max_iter': 5653}. Best is trial 26 with value: 0.7339832186732596.
Trial 67 finished with value: 0.7336973506706796 and parameters: {'alpha': 0.001052076691872063, 'max_iter': 12745}. Best is trial 26 with value: 0.7339832186732596.
Trial 73 finished with value: 0.7338284890542199 and parameters: {'alpha': 0.009331072258707171, 'max_iter': 62709}. Best is trial 26 with value: 0.7339832186732596.
Trial 70 finished with value: 0.5906938228446228 and parameters: {'alpha': 4.142510897331038, 'max_iter': 67027}. Best is trial 26 with value: 0.7339832186732596.
Trial 80 finished with value: 0.7123751437585863 and parameters: {'alpha': 0.9309192565713282, 'max_iter': 85889}. Best is trial 26 with value: 0.7339832186732596.
Trial 75 finished with value: 0.7161652348616887 and parameters: {'alpha': 0.7925787972353883, 'max_iter': 22836}. Best is trial 26 with value: 0.7339832186732596.
Trial 79 finished with value: 0.733981409390927 and parameters: {'alpha': 0.028526844699425263, 'max_iter': 10172}. Best is trial 26 with value: 0.7339832186732596.
Trial 71 finished with value: 0.7337885620693878 and parameters: {'alpha': 0.006510944638129939, 'max_iter': 14576}. Best is trial 26 with value: 0.7339832186732596.
Trial 83 finished with value: 0.73395378361963 and parameters: {'alpha': 0.022316124081176295, 'max_iter': 63575}. Best is trial 26 with value: 0.7339832186732596.
Trial 84 finished with value: 0.7336842142602873 and parameters: {'alpha': 0.0003500841150561773, 'max_iter': 74808}. Best is trial 26 with value: 0.7339832186732596.
Trial 82 finished with value: 0.6462610141700879 and parameters: {'alpha': 2.625412792758308, 'max_iter': 45950}. Best is trial 26 with value: 0.7339832186732596.
Trial 76 finished with value: 0.7224585947330233 and parameters: {'alpha': 0.5444176591347385, 'max_iter': 96123}. Best is trial 26 with value: 0.7339832186732596.
Trial 86 finished with value: 0.7337032917731064 and parameters: {'alpha': 0.0013750524778498266, 'max_iter': 84676}. Best is trial 26 with value: 0.7339832186732596.
Trial 78 finished with value: 0.7085716340997783 and parameters: {'alpha': 1.0461197879022401, 'max_iter': 21704}. Best is trial 26 with value: 0.7339832186732596.
Trial 81 finished with value: 0.7337078105445423 and parameters: {'alpha': 0.0016234990601402253, 'max_iter': 36407}. Best is trial 26 with value: 0.7339832186732596.
Trial 85 finished with value: 0.7214463750775362 and parameters: {'alpha': 0.5799074614504774, 'max_iter': 46403}. Best is trial 26 with value: 0.7339832186732596.
Trial 72 finished with value: 0.7338856024106306 and parameters: {'alpha': 0.06412793846144632, 'max_iter': 33856}. Best is trial 26 with value: 0.7339832186732596.
Trial 87 finished with value: 0.719679829338746 and parameters: {'alpha': 0.6450964685850185, 'max_iter': 49945}. Best is trial 26 with value: 0.7339832186732596.
Trial 91 finished with value: 0.7337410371547806 and parameters: {'alpha': 0.003530557466503647, 'max_iter': 43226}. Best is trial 26 with value: 0.7339832186732596.
Trial 92 finished with value: 0.5668727584107275 and parameters: {'alpha': 4.649747587933138, 'max_iter': 29155}. Best is trial 26 with value: 0.7339832186732596.
Trial 89 finished with value: 0.7336881243597342 and parameters: {'alpha': 0.0005573081168730282, 'max_iter': 65394}. Best is trial 26 with value: 0.7339832186732596.
Trial 77 finished with value: 0.6966988996703007 and parameters: {'alpha': 1.3834274951791514, 'max_iter': 86591}. Best is trial 26 with value: 0.7339832186732596.
Trial 93 finished with value: 0.7323576503006276 and parameters: {'alpha': 0.17688226427150253, 'max_iter': 21891}. Best is trial 26 with value: 0.7339832186732596.
Trial 95 finished with value: 0.7281172890918335 and parameters: {'alpha': 0.32589099841191965, 'max_iter': 40062}. Best is trial 26 with value: 0.7339832186732596.
Trial 99 finished with value: 0.7268965559232523 and parameters: {'alpha': 0.38971828007802545, 'max_iter': 99490}. Best is trial 26 with value: 0.7339832186732596.
Trial 98 finished with value: 0.733861952838073 and parameters: {'alpha': 0.07149839440789309, 'max_iter': 13354}. Best is trial 26 with value: 0.7339832186732596.
Trial 96 finished with value: 0.733786935740246 and parameters: {'alpha': 0.006370815459298137, 'max_iter': 9394}. Best is trial 26 with value: 0.7339832186732596.
Trial 88 finished with value: 0.6870128686734335 and parameters: {'alpha': 1.6590295276553528, 'max_iter': 96017}. Best is trial 26 with value: 0.7339832186732596.
Trial 90 finished with value: 0.7336856204338532 and parameters: {'alpha': 0.0004162648071592664, 'max_iter': 22327}. Best is trial 26 with value: 0.7339832186732596.
Trial 94 finished with value: 0.7337523328017739 and parameters: {'alpha': 0.004208719751137737, 'max_iter': 70347}. Best is trial 26 with value: 0.7339832186732596.
Trial 97 finished with value: 0.7339859335044931 and parameters: {'alpha': 0.03908467587891366, 'max_iter': 42095}. Best is trial 97 with value: 0.7339859335044931.
