Trial 172 finished with value: 0.6160038378845141 and parameters: {'max_depth': 14}. Best is trial 32 with value: 0.746653421406094.
Trial 166 finished with value: 0.6110028111583237 and parameters: {'max_depth': 15}. Best is trial 32 with value: 0.746653421406094.
Trial 168 finished with value: 0.6191713190345408 and parameters: {'max_depth': 20}. Best is trial 32 with value: 0.746653421406094.
Trial 171 finished with value: 0.6502456376134209 and parameters: {'max_depth': 9}. Best is trial 32 with value: 0.746653421406094.
Trial 163 finished with value: 0.6227202100584149 and parameters: {'max_depth': 12}. Best is trial 32 with value: 0.746653421406094.
Trial 167 finished with value: 0.7121970592599668 and parameters: {'max_depth': 3}. Best is trial 32 with value: 0.746653421406094.
Trial 174 finished with value: 0.613836894194827 and parameters: {'max_depth': 11}. Best is trial 32 with value: 0.746653421406094.
Trial 169 finished with value: 0.6157361748002299 and parameters: {'max_depth': 11}. Best is trial 32 with value: 0.746653421406094.
Trial 173 finished with value: 0.614618287527091 and parameters: {'max_depth': 16}. Best is trial 32 with value: 0.746653421406094.
Trial 170 finished with value: 0.7003976809872313 and parameters: {'max_depth': 8}. Best is trial 32 with value: 0.746653421406094.
Trial 178 finished with value: 0.6480888746970722 and parameters: {'max_depth': 9}. Best is trial 32 with value: 0.746653421406094.
Trial 179 finished with value: 0.7297738444124469 and parameters: {'max_depth': 5}. Best is trial 32 with value: 0.746653421406094.
Trial 176 finished with value: 0.6515113565297577 and parameters: {'max_depth': 2}. Best is trial 32 with value: 0.746653421406094.
Trial 186 finished with value: 0.6124541240219832 and parameters: {'max_depth': 11}. Best is trial 32 with value: 0.746653421406094.
Trial 182 finished with value: 0.6515113565297577 and parameters: {'max_depth': 2}. Best is trial 32 with value: 0.746653421406094.
Trial 177 finished with value: 0.6120634187737654 and parameters: {'max_depth': 18}. Best is trial 32 with value: 0.746653421406094.
Trial 183 finished with value: 0.6129757764495736 and parameters: {'max_depth': 15}. Best is trial 32 with value: 0.746653421406094.
Trial 181 finished with value: 0.609340000418483 and parameters: {'max_depth': 19}. Best is trial 32 with value: 0.746653421406094.
Trial 180 finished with value: 0.7408195543812102 and parameters: {'max_depth': 6}. Best is trial 32 with value: 0.746653421406094.
Trial 191 finished with value: 0.6075092959548603 and parameters: {'max_depth': 11}. Best is trial 32 with value: 0.746653421406094.
Trial 185 finished with value: 0.6173339802072094 and parameters: {'max_depth': 12}. Best is trial 32 with value: 0.746653421406094.
Trial 190 finished with value: 0.7121970592599667 and parameters: {'max_depth': 3}. Best is trial 32 with value: 0.746653421406094.
Trial 189 finished with value: 0.6982527923415716 and parameters: {'max_depth': 8}. Best is trial 32 with value: 0.746653421406094.
Trial 188 finished with value: 0.6515113565297578 and parameters: {'max_depth': 2}. Best is trial 32 with value: 0.746653421406094.
Trial 194 finished with value: 0.6949183364496632 and parameters: {'max_depth': 8}. Best is trial 32 with value: 0.746653421406094.
Trial 187 finished with value: 0.6170145307242192 and parameters: {'max_depth': 17}. Best is trial 32 with value: 0.746653421406094.
Trial 199 finished with value: 0.6965343138299943 and parameters: {'max_depth': 8}. Best is trial 32 with value: 0.746653421406094.
Trial 193 finished with value: 0.7391306099650963 and parameters: {'max_depth': 6}. Best is trial 32 with value: 0.746653421406094.
Trial 184 finished with value: 0.6133037548385651 and parameters: {'max_depth': 15}. Best is trial 32 with value: 0.746653421406094.
Trial 197 finished with value: 0.6957075327100646 and parameters: {'max_depth': 8}. Best is trial 32 with value: 0.746653421406094.
Trial 195 finished with value: 0.6515113565297579 and parameters: {'max_depth': 2}. Best is trial 32 with value: 0.746653421406094.
Trial 192 finished with value: 0.6113048055291614 and parameters: {'max_depth': 16}. Best is trial 32 with value: 0.746653421406094.
Trial 196 finished with value: 0.7121970592599667 and parameters: {'max_depth': 3}. Best is trial 32 with value: 0.746653421406094.
Trial 198 finished with value: 0.6190805427625513 and parameters: {'max_depth': 20}. Best is trial 32 with value: 0.746653421406094.
