A new study created in RDB with name: DecisionTreeRegressor_112758
Trial 5 finished with value: 0.6128141424176987 and parameters: {'max_depth': 15}. Best is trial 12 with value: 0.7453250836139429.
Trial 10 finished with value: 0.6360124489552275 and parameters: {'max_depth': 10}. Best is trial 12 with value: 0.7453250836139429.
Trial 2 finished with value: 0.733499525023562 and parameters: {'max_depth': 4}. Best is trial 12 with value: 0.7453250836139429.
Trial 20 finished with value: 0.6165293096801754 and parameters: {'max_depth': 14}. Best is trial 12 with value: 0.7453250836139429.
Trial 7 finished with value: 0.712197059259967 and parameters: {'max_depth': 3}. Best is trial 12 with value: 0.7453250836139429.
Trial 3 finished with value: 0.6080649392535398 and parameters: {'max_depth': 17}. Best is trial 12 with value: 0.7453250836139429.
Trial 19 finished with value: 0.610830519921496 and parameters: {'max_depth': 13}. Best is trial 12 with value: 0.7453250836139429.
Trial 22 finished with value: 0.6341092366249876 and parameters: {'max_depth': 10}. Best is trial 12 with value: 0.7453250836139429.
Trial 13 finished with value: 0.6515113565297577 and parameters: {'max_depth': 2}. Best is trial 12 with value: 0.7453250836139429.
Trial 16 finished with value: 0.6515113565297578 and parameters: {'max_depth': 2}. Best is trial 12 with value: 0.7453250836139429.
Trial 9 finished with value: 0.613265606935004 and parameters: {'max_depth': 11}. Best is trial 12 with value: 0.7453250836139429.
Trial 1 finished with value: 0.6155790519930917 and parameters: {'max_depth': 18}. Best is trial 12 with value: 0.7453250836139429.
Trial 21 finished with value: 0.7385862923279266 and parameters: {'max_depth': 6}. Best is trial 12 with value: 0.7453250836139429.
Trial 6 finished with value: 0.6475538934223873 and parameters: {'max_depth': 9}. Best is trial 12 with value: 0.7453250836139429.
Trial 14 finished with value: 0.742999806188071 and parameters: {'max_depth': 7}. Best is trial 12 with value: 0.7453250836139429.
Trial 17 finished with value: 0.62135468983984 and parameters: {'max_depth': 15}. Best is trial 12 with value: 0.7453250836139429.
Trial 18 finished with value: 0.6126842677031009 and parameters: {'max_depth': 16}. Best is trial 12 with value: 0.7453250836139429.
Trial 23 finished with value: 0.6502639371540775 and parameters: {'max_depth': 9}. Best is trial 12 with value: 0.7453250836139429.
Trial 15 finished with value: 0.6450136781410339 and parameters: {'max_depth': 9}. Best is trial 12 with value: 0.7453250836139429.
Trial 11 finished with value: 0.6154632410602708 and parameters: {'max_depth': 12}. Best is trial 12 with value: 0.7453250836139429.
Trial 8 finished with value: 0.7299310150525196 and parameters: {'max_depth': 5}. Best is trial 12 with value: 0.7453250836139429.
Trial 12 finished with value: 0.7453250836139429 and parameters: {'max_depth': 7}. Best is trial 12 with value: 0.7453250836139429.
Trial 0 finished with value: 0.7421142877223865 and parameters: {'max_depth': 7}. Best is trial 12 with value: 0.7453250836139429.
Trial 27 finished with value: 0.6145389763208942 and parameters: {'max_depth': 11}. Best is trial 12 with value: 0.7453250836139429.
Trial 24 finished with value: 0.6140040154004148 and parameters: {'max_depth': 16}. Best is trial 12 with value: 0.7453250836139429.
Trial 25 finished with value: 0.6032936895375249 and parameters: {'max_depth': 13}. Best is trial 12 with value: 0.7453250836139429.
Trial 26 finished with value: 0.6158324341580858 and parameters: {'max_depth': 20}. Best is trial 12 with value: 0.7453250836139429.
Trial 4 finished with value: 0.6166494975096832 and parameters: {'max_depth': 16}. Best is trial 12 with value: 0.7453250836139429.
Trial 30 finished with value: 0.6187828018873351 and parameters: {'max_depth': 18}. Best is trial 12 with value: 0.7453250836139429.
Trial 38 finished with value: 0.6143853671996642 and parameters: {'max_depth': 15}. Best is trial 12 with value: 0.7453250836139429.
Trial 28 finished with value: 0.7400184756828564 and parameters: {'max_depth': 6}. Best is trial 12 with value: 0.7453250836139429.
Trial 29 finished with value: 0.647117682116163 and parameters: {'max_depth': 9}. Best is trial 12 with value: 0.7453250836139429.
Trial 37 finished with value: 0.6278965017122945 and parameters: {'max_depth': 10}. Best is trial 32 with value: 0.746653421406094.
Trial 34 finished with value: 0.64714515911419 and parameters: {'max_depth': 9}. Best is trial 32 with value: 0.746653421406094.
Trial 41 finished with value: 0.6146701926090099 and parameters: {'max_depth': 11}. Best is trial 32 with value: 0.746653421406094.
Trial 43 finished with value: 0.6515113565297579 and parameters: {'max_depth': 2}. Best is trial 32 with value: 0.746653421406094.
Trial 32 finished with value: 0.746653421406094 and parameters: {'max_depth': 7}. Best is trial 32 with value: 0.746653421406094.
Trial 33 finished with value: 0.7121970592599669 and parameters: {'max_depth': 3}. Best is trial 32 with value: 0.746653421406094.
Trial 40 finished with value: 0.7399220787474843 and parameters: {'max_depth': 6}. Best is trial 32 with value: 0.746653421406094.
Trial 44 finished with value: 0.6125750288397532 and parameters: {'max_depth': 18}. Best is trial 32 with value: 0.746653421406094.
Trial 35 finished with value: 0.6098271796693193 and parameters: {'max_depth': 15}. Best is trial 32 with value: 0.746653421406094.
Trial 45 finished with value: 0.6126589642703323 and parameters: {'max_depth': 13}. Best is trial 32 with value: 0.746653421406094.
Trial 36 finished with value: 0.6250751224405722 and parameters: {'max_depth': 16}. Best is trial 32 with value: 0.746653421406094.
Trial 42 finished with value: 0.7289437521340727 and parameters: {'max_depth': 5}. Best is trial 32 with value: 0.746653421406094.
Trial 39 finished with value: 0.6174307232593159 and parameters: {'max_depth': 20}. Best is trial 32 with value: 0.746653421406094.
Trial 31 finished with value: 0.6317653102839051 and parameters: {'max_depth': 10}. Best is trial 32 with value: 0.746653421406094.
Trial 47 finished with value: 0.6216306628600922 and parameters: {'max_depth': 20}. Best is trial 32 with value: 0.746653421406094.
Trial 46 finished with value: 0.6331717747801602 and parameters: {'max_depth': 10}. Best is trial 32 with value: 0.746653421406094.
Trial 49 finished with value: 0.6174341093771856 and parameters: {'max_depth': 14}. Best is trial 32 with value: 0.746653421406094.
Trial 53 finished with value: 0.745153445456149 and parameters: {'max_depth': 7}. Best is trial 32 with value: 0.746653421406094.
Trial 54 finished with value: 0.6156055834653642 and parameters: {'max_depth': 17}. Best is trial 32 with value: 0.746653421406094.
Trial 52 finished with value: 0.6505374700961527 and parameters: {'max_depth': 9}. Best is trial 32 with value: 0.746653421406094.
Trial 50 finished with value: 0.6375067008946297 and parameters: {'max_depth': 10}. Best is trial 32 with value: 0.746653421406094.
Trial 48 finished with value: 0.6106474296749003 and parameters: {'max_depth': 15}. Best is trial 32 with value: 0.746653421406094.
Trial 60 finished with value: 0.6314308945321935 and parameters: {'max_depth': 10}. Best is trial 32 with value: 0.746653421406094.
Trial 55 finished with value: 0.6515113565297578 and parameters: {'max_depth': 2}. Best is trial 32 with value: 0.746653421406094.
Trial 56 finished with value: 0.6208922513045987 and parameters: {'max_depth': 15}. Best is trial 32 with value: 0.746653421406094.
Trial 57 finished with value: 0.651511356529758 and parameters: {'max_depth': 2}. Best is trial 32 with value: 0.746653421406094.
Trial 61 finished with value: 0.6324638340932017 and parameters: {'max_depth': 10}. Best is trial 32 with value: 0.746653421406094.
Trial 51 finished with value: 0.6170337661947706 and parameters: {'max_depth': 14}. Best is trial 32 with value: 0.746653421406094.
Trial 58 finished with value: 0.6168421207292955 and parameters: {'max_depth': 15}. Best is trial 32 with value: 0.746653421406094.
Trial 67 finished with value: 0.6515113565297579 and parameters: {'max_depth': 2}. Best is trial 32 with value: 0.746653421406094.
Trial 63 finished with value: 0.6323206603029831 and parameters: {'max_depth': 10}. Best is trial 32 with value: 0.746653421406094.
Trial 59 finished with value: 0.7334995250235619 and parameters: {'max_depth': 4}. Best is trial 32 with value: 0.746653421406094.
Trial 65 finished with value: 0.6143990595826462 and parameters: {'max_depth': 17}. Best is trial 32 with value: 0.746653421406094.
Trial 62 finished with value: 0.6235764094381294 and parameters: {'max_depth': 12}. Best is trial 32 with value: 0.746653421406094.
Trial 66 finished with value: 0.6180544113830246 and parameters: {'max_depth': 14}. Best is trial 32 with value: 0.746653421406094.
Trial 71 finished with value: 0.6449102121258041 and parameters: {'max_depth': 9}. Best is trial 32 with value: 0.746653421406094.
Trial 70 finished with value: 0.6206018004726526 and parameters: {'max_depth': 18}. Best is trial 32 with value: 0.746653421406094.
Trial 72 finished with value: 0.6296760070049906 and parameters: {'max_depth': 10}. Best is trial 32 with value: 0.746653421406094.
Trial 74 finished with value: 0.6475582741118675 and parameters: {'max_depth': 9}. Best is trial 32 with value: 0.746653421406094.
Trial 64 finished with value: 0.6146569589330321 and parameters: {'max_depth': 19}. Best is trial 32 with value: 0.746653421406094.
Trial 79 finished with value: 0.6515113565297578 and parameters: {'max_depth': 2}. Best is trial 32 with value: 0.746653421406094.
Trial 73 finished with value: 0.6139194425736048 and parameters: {'max_depth': 18}. Best is trial 32 with value: 0.746653421406094.
Trial 68 finished with value: 0.6997101796928624 and parameters: {'max_depth': 8}. Best is trial 32 with value: 0.746653421406094.
Trial 77 finished with value: 0.6162903253812969 and parameters: {'max_depth': 15}. Best is trial 32 with value: 0.746653421406094.
Trial 80 finished with value: 0.7460443312475554 and parameters: {'max_depth': 7}. Best is trial 32 with value: 0.746653421406094.
Trial 69 finished with value: 0.6133575301855205 and parameters: {'max_depth': 15}. Best is trial 32 with value: 0.746653421406094.
Trial 78 finished with value: 0.7289437521340727 and parameters: {'max_depth': 5}. Best is trial 32 with value: 0.746653421406094.
Trial 75 finished with value: 0.6127683521940972 and parameters: {'max_depth': 13}. Best is trial 32 with value: 0.746653421406094.
Trial 76 finished with value: 0.6219165235517568 and parameters: {'max_depth': 16}. Best is trial 32 with value: 0.746653421406094.
Trial 88 finished with value: 0.6172925986190991 and parameters: {'max_depth': 16}. Best is trial 32 with value: 0.746653421406094.
Trial 83 finished with value: 0.6482380408368541 and parameters: {'max_depth': 9}. Best is trial 32 with value: 0.746653421406094.
Trial 82 finished with value: 0.7299310150525198 and parameters: {'max_depth': 5}. Best is trial 32 with value: 0.746653421406094.
Trial 86 finished with value: 0.6110662726840422 and parameters: {'max_depth': 18}. Best is trial 32 with value: 0.746653421406094.
Trial 81 finished with value: 0.7441156581828428 and parameters: {'max_depth': 7}. Best is trial 32 with value: 0.746653421406094.
Trial 87 finished with value: 0.740580976853274 and parameters: {'max_depth': 6}. Best is trial 32 with value: 0.746653421406094.
Trial 93 finished with value: 0.6102690207054463 and parameters: {'max_depth': 14}. Best is trial 32 with value: 0.746653421406094.
Trial 85 finished with value: 0.6978875178700283 and parameters: {'max_depth': 8}. Best is trial 32 with value: 0.746653421406094.
Trial 92 finished with value: 0.7293920352719876 and parameters: {'max_depth': 5}. Best is trial 32 with value: 0.746653421406094.
Trial 94 finished with value: 0.6125859268423215 and parameters: {'max_depth': 20}. Best is trial 32 with value: 0.746653421406094.
Trial 89 finished with value: 0.712197059259967 and parameters: {'max_depth': 3}. Best is trial 32 with value: 0.746653421406094.
Trial 95 finished with value: 0.7440148872105239 and parameters: {'max_depth': 7}. Best is trial 32 with value: 0.746653421406094.
Trial 91 finished with value: 0.7402992600050619 and parameters: {'max_depth': 6}. Best is trial 32 with value: 0.746653421406094.
Trial 90 finished with value: 0.6108246600714246 and parameters: {'max_depth': 13}. Best is trial 32 with value: 0.746653421406094.
Trial 96 finished with value: 0.7384348397648269 and parameters: {'max_depth': 6}. Best is trial 32 with value: 0.746653421406094.
Trial 98 finished with value: 0.6998418164943099 and parameters: {'max_depth': 8}. Best is trial 32 with value: 0.746653421406094.
Trial 84 finished with value: 0.7376463842186622 and parameters: {'max_depth': 6}. Best is trial 32 with value: 0.746653421406094.
Trial 97 finished with value: 0.6105753684679325 and parameters: {'max_depth': 20}. Best is trial 32 with value: 0.746653421406094.
Trial 103 finished with value: 0.6094329354642282 and parameters: {'max_depth': 15}. Best is trial 32 with value: 0.746653421406094.
Trial 100 finished with value: 0.6139835677619095 and parameters: {'max_depth': 18}. Best is trial 32 with value: 0.746653421406094.
Trial 107 finished with value: 0.6296032345153464 and parameters: {'max_depth': 10}. Best is trial 32 with value: 0.746653421406094.
Trial 104 finished with value: 0.7386431913048989 and parameters: {'max_depth': 6}. Best is trial 32 with value: 0.746653421406094.
Trial 108 finished with value: 0.6282114190702144 and parameters: {'max_depth': 10}. Best is trial 32 with value: 0.746653421406094.
Trial 99 finished with value: 0.6103404269034891 and parameters: {'max_depth': 14}. Best is trial 32 with value: 0.746653421406094.
Trial 106 finished with value: 0.6115012004686143 and parameters: {'max_depth': 18}. Best is trial 32 with value: 0.746653421406094.
Trial 113 finished with value: 0.7121970592599668 and parameters: {'max_depth': 3}. Best is trial 32 with value: 0.746653421406094.
Trial 109 finished with value: 0.6507502787208422 and parameters: {'max_depth': 9}. Best is trial 32 with value: 0.746653421406094.
Trial 110 finished with value: 0.6168230243741093 and parameters: {'max_depth': 17}. Best is trial 32 with value: 0.746653421406094.
Trial 105 finished with value: 0.6984728977184672 and parameters: {'max_depth': 8}. Best is trial 32 with value: 0.746653421406094.
Trial 115 finished with value: 0.7379008027923575 and parameters: {'max_depth': 6}. Best is trial 32 with value: 0.746653421406094.
Trial 102 finished with value: 0.7408746100089377 and parameters: {'max_depth': 6}. Best is trial 32 with value: 0.746653421406094.
Trial 111 finished with value: 0.6204182321416316 and parameters: {'max_depth': 18}. Best is trial 32 with value: 0.746653421406094.
Trial 117 finished with value: 0.614110079288361 and parameters: {'max_depth': 15}. Best is trial 32 with value: 0.746653421406094.
Trial 122 finished with value: 0.6996080047255153 and parameters: {'max_depth': 8}. Best is trial 32 with value: 0.746653421406094.
Trial 112 finished with value: 0.6222839440348553 and parameters: {'max_depth': 14}. Best is trial 32 with value: 0.746653421406094.
Trial 116 finished with value: 0.621992727347617 and parameters: {'max_depth': 19}. Best is trial 32 with value: 0.746653421406094.
Trial 119 finished with value: 0.7289437521340726 and parameters: {'max_depth': 5}. Best is trial 32 with value: 0.746653421406094.
Trial 118 finished with value: 0.6159992331617181 and parameters: {'max_depth': 11}. Best is trial 32 with value: 0.746653421406094.
Trial 124 finished with value: 0.7334995250235621 and parameters: {'max_depth': 4}. Best is trial 32 with value: 0.746653421406094.
Trial 114 finished with value: 0.6154911668278976 and parameters: {'max_depth': 11}. Best is trial 32 with value: 0.746653421406094.
Trial 129 finished with value: 0.6059635301404314 and parameters: {'max_depth': 17}. Best is trial 32 with value: 0.746653421406094.
Trial 101 finished with value: 0.7437964345003218 and parameters: {'max_depth': 7}. Best is trial 32 with value: 0.746653421406094.
Trial 123 finished with value: 0.7121970592599669 and parameters: {'max_depth': 3}. Best is trial 32 with value: 0.746653421406094.
Trial 133 finished with value: 0.7007952354398206 and parameters: {'max_depth': 8}. Best is trial 32 with value: 0.746653421406094.
Trial 126 finished with value: 0.6191524188061813 and parameters: {'max_depth': 20}. Best is trial 32 with value: 0.746653421406094.
Trial 132 finished with value: 0.6119444329374215 and parameters: {'max_depth': 13}. Best is trial 32 with value: 0.746653421406094.
Trial 127 finished with value: 0.6104059091835807 and parameters: {'max_depth': 15}. Best is trial 32 with value: 0.746653421406094.
Trial 131 finished with value: 0.618252173951828 and parameters: {'max_depth': 11}. Best is trial 32 with value: 0.746653421406094.
Trial 125 finished with value: 0.7400105530844998 and parameters: {'max_depth': 6}. Best is trial 32 with value: 0.746653421406094.
Trial 120 finished with value: 0.733499525023562 and parameters: {'max_depth': 4}. Best is trial 32 with value: 0.746653421406094.
Trial 136 finished with value: 0.629620508952834 and parameters: {'max_depth': 10}. Best is trial 32 with value: 0.746653421406094.
Trial 130 finished with value: 0.6949112760148856 and parameters: {'max_depth': 8}. Best is trial 32 with value: 0.746653421406094.
Trial 121 finished with value: 0.728786581494 and parameters: {'max_depth': 5}. Best is trial 32 with value: 0.746653421406094.
Trial 128 finished with value: 0.7121970592599667 and parameters: {'max_depth': 3}. Best is trial 32 with value: 0.746653421406094.
Trial 139 finished with value: 0.6168032127400087 and parameters: {'max_depth': 20}. Best is trial 32 with value: 0.746653421406094.
Trial 135 finished with value: 0.620564019471872 and parameters: {'max_depth': 18}. Best is trial 32 with value: 0.746653421406094.
Trial 140 finished with value: 0.6974771542612244 and parameters: {'max_depth': 8}. Best is trial 32 with value: 0.746653421406094.
Trial 134 finished with value: 0.712197059259967 and parameters: {'max_depth': 3}. Best is trial 32 with value: 0.746653421406094.
Trial 141 finished with value: 0.6132241866779483 and parameters: {'max_depth': 18}. Best is trial 32 with value: 0.746653421406094.
Trial 147 finished with value: 0.7121970592599669 and parameters: {'max_depth': 3}. Best is trial 32 with value: 0.746653421406094.
Trial 143 finished with value: 0.6092871816397658 and parameters: {'max_depth': 19}. Best is trial 32 with value: 0.746653421406094.
Trial 146 finished with value: 0.712197059259967 and parameters: {'max_depth': 3}. Best is trial 32 with value: 0.746653421406094.
Trial 148 finished with value: 0.6151639489021643 and parameters: {'max_depth': 11}. Best is trial 32 with value: 0.746653421406094.
Trial 138 finished with value: 0.733499525023562 and parameters: {'max_depth': 4}. Best is trial 32 with value: 0.746653421406094.
Trial 144 finished with value: 0.6116513256287643 and parameters: {'max_depth': 20}. Best is trial 32 with value: 0.746653421406094.
Trial 145 finished with value: 0.7121970592599668 and parameters: {'max_depth': 3}. Best is trial 32 with value: 0.746653421406094.
Trial 137 finished with value: 0.7289437521340727 and parameters: {'max_depth': 5}. Best is trial 32 with value: 0.746653421406094.
Trial 142 finished with value: 0.6116627601024535 and parameters: {'max_depth': 18}. Best is trial 32 with value: 0.746653421406094.
Trial 155 finished with value: 0.6286872004586409 and parameters: {'max_depth': 10}. Best is trial 32 with value: 0.746653421406094.
Trial 150 finished with value: 0.6515113565297578 and parameters: {'max_depth': 2}. Best is trial 32 with value: 0.746653421406094.
Trial 160 finished with value: 0.6163488181147081 and parameters: {'max_depth': 15}. Best is trial 32 with value: 0.746653421406094.
Trial 149 finished with value: 0.7121970592599668 and parameters: {'max_depth': 3}. Best is trial 32 with value: 0.746653421406094.
Trial 157 finished with value: 0.74535453341481 and parameters: {'max_depth': 7}. Best is trial 32 with value: 0.746653421406094.
Trial 153 finished with value: 0.615008486686358 and parameters: {'max_depth': 13}. Best is trial 32 with value: 0.746653421406094.
Trial 154 finished with value: 0.7293255612745322 and parameters: {'max_depth': 5}. Best is trial 32 with value: 0.746653421406094.
Trial 161 finished with value: 0.61515643271252 and parameters: {'max_depth': 11}. Best is trial 32 with value: 0.746653421406094.
Trial 159 finished with value: 0.6142163530918844 and parameters: {'max_depth': 14}. Best is trial 32 with value: 0.746653421406094.
Trial 165 finished with value: 0.6132531293301895 and parameters: {'max_depth': 15}. Best is trial 32 with value: 0.746653421406094.
Trial 156 finished with value: 0.6515113565297579 and parameters: {'max_depth': 2}. Best is trial 32 with value: 0.746653421406094.
Trial 152 finished with value: 0.6184538367093032 and parameters: {'max_depth': 16}. Best is trial 32 with value: 0.746653421406094.
Trial 164 finished with value: 0.6312625410312567 and parameters: {'max_depth': 10}. Best is trial 32 with value: 0.746653421406094.
Trial 151 finished with value: 0.6044723728057046 and parameters: {'max_depth': 13}. Best is trial 32 with value: 0.746653421406094.
Trial 162 finished with value: 0.6082259103652702 and parameters: {'max_depth': 13}. Best is trial 32 with value: 0.746653421406094.
Trial 158 finished with value: 0.6086226948826972 and parameters: {'max_depth': 15}. Best is trial 32 with value: 0.746653421406094.
Trial 175 finished with value: 0.7390222159117209 and parameters: {'max_depth': 6}. Best is trial 32 with value: 0.746653421406094.
